[00:07:47] *** Quits: pcwalton (pcwalton@moz-l8ebtf.sfo1.mozilla.com) (Client exited)
[00:08:06] *** Joins: pcwalton (pcwalton@moz-l8ebtf.sfo1.mozilla.com)
[00:08:06] *** ChanServ sets mode: +o pcwalton
[00:10:55] *** Quits: till (till@moz-h1mtdi.dyn.telefonica.de) (Ping timeout: 121 seconds)
[00:12:20] *** Joins: jdm (jdm@moz-44j2gi.cpe.teksavvy.com)
[00:19:11] <pcwalton> jack: fixed the particles demo event handling
[00:19:13] <pcwalton> glutin PR incomimng
[00:19:15] <pcwalton> incoming
[00:24:03] *** Quits: jdm (jdm@moz-44j2gi.cpe.teksavvy.com) (Quit: )
[00:24:19] *** Joins: ehsan_ (ehsan@moz-i5m.05u.207.66.IP)
[00:25:28] *** Quits: ehsan (ehsan@moz-ubm6jl.ckpj.s0pt.0450.2001.IP) (Ping timeout: 121 seconds)
[00:36:24] *** Quits: mccr8 (mccr8@moz-cfhap5.mtv2.mozilla.com) (Quit: quit)
[00:45:24] *** Quits: ehsan_ (ehsan@moz-i5m.05u.207.66.IP) (A TLS packet with unexpected length was received.)
[00:46:15] *** khuey is now known as khuey|away
[00:59:44] *** Quits: jweathersby (Adium@moz-rbdgv6.ip.windstream.net) (Quit: Leaving.)
[01:08:24] *** Joins: roc (chatzilla@moz-8b3t8p.nn3i.kiip.e780.2400.IP)
[01:18:45] *** Joins: ehsan (ehsan@moz-6b4t11.fibre.fibrestream.ca)
[01:22:07] *** Quits: derf (derf@moz-797sd4.fios.verizon.net) (Ping timeout: 121 seconds)
[01:24:11] *** Joins: derf (derf@moz-797sd4.fios.verizon.net)
[01:31:18] *** Quits: ehsan (ehsan@moz-6b4t11.fibre.fibrestream.ca) (Quit: vanished into thin air...)
[02:00:04] *** Joins: jweathersby (Adium@moz-rbdgv6.ip.windstream.net)
[02:00:26] *** Joins: brson (brson@moz-bi8.crj.56.172.IP)
[02:00:26] *** ChanServ sets mode: +o brson
[02:04:06] *** Quits: jweathersby (Adium@moz-rbdgv6.ip.windstream.net) (Ping timeout: 121 seconds)
[02:19:45] *** Joins: jweathersby (Adium@moz-rbdgv6.ip.windstream.net)
[02:21:48] *** Quits: pcwalton (pcwalton@moz-l8ebtf.sfo1.mozilla.com) (Client exited)
[03:08:33] *** Joins: jdm (jdm@moz-44j2gi.cpe.teksavvy.com)
[03:13:36] *** Quits: brson (brson@moz-bi8.crj.56.172.IP) (Ping timeout: 121 seconds)
[03:15:37] *** Joins: brson (brson@moz-i25.7vl.56.172.IP)
[03:15:37] *** ChanServ sets mode: +o brson
[03:16:53] *** Quits: jweathersby (Adium@moz-rbdgv6.ip.windstream.net) (Quit: Leaving.)
[03:20:50] <Elainemo> ted: so uh, is breakpad pretty much dead? is someone going to migrate it from google code?
[03:22:20] *** Quits: brson (brson@moz-i25.7vl.56.172.IP) (Ping timeout: 121 seconds)
[03:23:02] *** Joins: brson (brson@moz-i25.7vl.56.172.IP)
[03:23:02] *** ChanServ sets mode: +o brson
[03:23:38] * jdm thought there was a new breakpad being written by google
[03:23:46] <Elainemo> right, there's crashpad.
[03:24:24] <Elainemo> it doesn't see much activity? I haven't looked into whether it's useful or they ship it yet.
[03:25:58] <jdm> it's the default on os x for chromium since march
[03:32:10] *** Joins: jweathersby (Adium@moz-3f17bi.q1gl.3p7k.471e.2002.IP)
[04:28:36] *** Quits: jweathersby (Adium@moz-3f17bi.q1gl.3p7k.471e.2002.IP) (Quit: Leaving.)
[04:42:07] *** Quits: brson (brson@moz-i25.7vl.56.172.IP) (Ping timeout: 121 seconds)
[04:56:31] *** Quits: jdm (jdm@moz-44j2gi.cpe.teksavvy.com) (Connection closed)
[04:57:07] *** Joins: jdm (jdm@moz-44j2gi.cpe.teksavvy.com)
[05:12:05] *** Quits: roc (chatzilla@moz-8b3t8p.nn3i.kiip.e780.2400.IP) (Ping timeout: 121 seconds)
[05:13:20] *** Joins: ddamjano (Instantbird@moz-p4jspj.ehig.7h68.8388.2a02.IP)
[05:42:01] *** Quits: ddamjano (Instantbird@moz-p4jspj.ehig.7h68.8388.2a02.IP) (Ping timeout: 121 seconds)
[05:52:24] *** Joins: roc (chatzilla@moz-nc2.ngs.98.121.IP)
[06:29:07] *** Quits: jdm (jdm@moz-44j2gi.cpe.teksavvy.com) (Connection closed)
[06:29:33] *** Joins: jdm (jdm@moz-44j2gi.cpe.teksavvy.com)
[06:30:28] *** Joins: ddamjano (Instantbird@moz-p4jspj.ehig.7h68.8388.2a02.IP)
[06:37:02] *** Joins: bjz (bjz@moz-0j4.2c9.87.203.IP)
[06:49:00] *** Quits: jdm (jdm@moz-44j2gi.cpe.teksavvy.com) (Quit: )
[07:16:56] *** Quits: bjz (bjz@moz-0j4.2c9.87.203.IP) (Quit: My Mac has gone to sleep. ZZZzzz…)
[07:22:52] *** Quits: roc (chatzilla@moz-nc2.ngs.98.121.IP) (Ping timeout: 121 seconds)
[07:40:11] *** Joins: Dexter (Alessio@moz-gt7.lf7.236.95.IP)
[07:50:02] *** Joins: bjz (bjz@moz-i73d81.iinet.net.au)
[08:15:07] *** Quits: bjz (bjz@moz-i73d81.iinet.net.au) (Quit: My Mac has gone to sleep. ZZZzzz…)
[08:31:14] *** Quits: c74d (c74d3a4ebb6@moz-0ersgu.oc.cox.net) (Connection closed)
[08:45:16] *** Joins: till (till@moz-m7aogf.dyn.telefonica.de)
[08:51:25] *** Joins: roc (chatzilla@moz-nc2.ngs.98.121.IP)
[08:51:37] *** Joins: c74d (c74d3a4ebb6@moz-0ersgu.oc.cox.net)
[08:58:52] *** Joins: bjz (bjz@moz-i73d81.iinet.net.au)
[10:22:16] *** Quits: bjz (bjz@moz-i73d81.iinet.net.au) (Quit: My Mac has gone to sleep. ZZZzzz…)
[11:04:19] *** Quits: ddamjano (Instantbird@moz-p4jspj.ehig.7h68.8388.2a02.IP) (Ping timeout: 121 seconds)
[11:04:59] *** Joins: ddamjano (Instantbird@moz-p4jspj.ehig.7h68.8388.2a02.IP)
[11:06:23] *** Joins: mukilan (mukilan@moz-hmn.qo6.164.122.IP)
[11:27:14] *** Quits: mukilan (mukilan@moz-hmn.qo6.164.122.IP) (A TLS packet with unexpected length was received.)
[11:31:19] *** Joins: jdm (jdm@moz-44j2gi.cpe.teksavvy.com)
[12:16:08] *** Joins: bjz (bjz@moz-puppgq.tpgi.com.au)
[12:20:14] *** Quits: jdm (jdm@moz-44j2gi.cpe.teksavvy.com) (Quit: )
[12:22:23] *** Quits: till (till@moz-m7aogf.dyn.telefonica.de) (Ping timeout: 121 seconds)
[12:23:03] *** Joins: till (till@moz-m7aogf.dyn.telefonica.de)
[12:43:33] *** Quits: bjz (bjz@moz-puppgq.tpgi.com.au) (Quit: My Mac has gone to sleep. ZZZzzz…)
[12:59:28] *** Joins: bjz (bjz@moz-puppgq.tpgi.com.au)
[13:07:09] *** Quits: cimes (cimes@moz-sfmbhq.il.comcast.net) (Quit: Leaving)
[13:11:07] *** Quits: bjz (bjz@moz-puppgq.tpgi.com.au) (Quit: My Mac has gone to sleep. ZZZzzz…)
[13:34:39] *** Joins: jdm (jdm@moz-mu9.06r.98.75.IP)
[13:40:37] *** Joins: bjz (bjz@moz-puppgq.tpgi.com.au)
[14:06:50] *** Joins: tadh (quassel@moz-pg51s5.CWRU.Edu)
[14:44:06] *** Joins: jdm_ (jdm@moz-mu9.06r.98.75.IP)
[14:44:16] *** Quits: jdm (jdm@moz-mu9.06r.98.75.IP) (Connection closed)
[15:06:27] *** Quits: jdm_ (jdm@moz-mu9.06r.98.75.IP) (Quit: )
[15:29:21] *** Quits: samth (sid14502@moz-r6ug28.charlton.irccloud.com) (Connection closed)
[15:29:21] *** Quits: frewsxcv (sid86219@moz-99o8eo.charlton.irccloud.com) (Connection closed)
[15:29:21] *** Quits: wycats (sid79@moz-nggjpl.charlton.irccloud.com) (Connection reset by peer)
[15:29:23] *** Quits: burg (sid14893@moz-glm3ke.charlton.irccloud.com) (Connection closed)
[15:29:23] *** Quits: ebryn (sid2895@moz-a4br2s.charlton.irccloud.com) (Connection closed)
[15:30:05] *** Joins: jdm (jdm@moz-8hoh9o.ckpj.s0pt.0450.2001.IP)
[15:31:14] *** Joins: wycats (sid79@moz-nggjpl.charlton.irccloud.com)
[15:45:41] *** Joins: ebryn (sid2895@moz-a4br2s.charlton.irccloud.com)
[15:46:16] *** Joins: cimes (cimes@moz-lvg.16c.135.128.IP)
[15:54:31] *** Joins: ehsan (ehsan@moz-l44d4c.ckpj.s0pt.0450.2001.IP)
[15:55:55] *** Quits: kzentner (sid95525@moz-od13ss.ealing.irccloud.com) (Connection closed)
[15:55:55] *** Quits: jroesch (sid26078@moz-rp9ic4.irccloud.com) (Connection closed)
[15:55:55] *** Quits: evilpie (sid7877@moz-u7t8ie.ealing.irccloud.com) (Connection closed)
[15:55:55] *** Quits: jorendorff (sid28423@moz-b7a8he.ealing.irccloud.com) (Connection closed)
[15:55:55] *** Quits: fitzgen (sid92847@moz-iu39r4.ealing.irccloud.com) (Connection closed)
[15:55:55] *** Quits: Gankro (sid71432@moz-g8qprj.ealing.irccloud.com) (Connection closed)
[15:55:55] *** Quits: ggherdov_ (sid11402@moz-svcjaj.ealing.irccloud.com) (Connection closed)
[15:55:55] *** Quits: sbauman (sid74072@moz-i9ocv7.ealing.irccloud.com) (Connection closed)
[16:12:58] *** Joins: ScottMichaud (ScottMichau@moz-i4mljt.cpe.pppoe.ca)
[16:14:18] *** Joins: evilpie (sid7877@moz-u7t8ie.ealing.irccloud.com)
[16:15:23] *** Joins: samth (sid14502@moz-r6ug28.charlton.irccloud.com)
[16:15:33] *** Quits: ScottMichaud_ (ScottMichau@moz-i4mljt.cpe.pppoe.ca) (Ping timeout: 121 seconds)
[16:15:53] *** Joins: burg (sid14893@moz-glm3ke.charlton.irccloud.com)
[16:16:46] *** Joins: ggherdov_ (sid11402@moz-svcjaj.ealing.irccloud.com)
[16:20:39] *** Joins: jweathersby (Adium@moz-rbdgv6.ip.windstream.net)
[16:27:18] *** Joins: jroesch (sid26078@moz-dh119d.ealing.irccloud.com)
[16:30:10] *** Joins: jorendorff (sid28423@moz-b7a8he.ealing.irccloud.com)
[16:36:41] *** khuey|away is now known as khuey
[16:53:51] *** Joins: Gankro (sid71432@moz-g8qprj.ealing.irccloud.com)
[16:54:44] *** Joins: sbauman (sid74072@moz-i9ocv7.ealing.irccloud.com)
[16:56:04] *** Joins: frewsxcv (sid86219@moz-99o8eo.charlton.irccloud.com)
[16:59:03] *** Joins: mccr8 (mccr8@moz-cfhap5.mtv2.mozilla.com)
[17:04:16] *** Joins: fitzgen (sid92847@moz-iu39r4.ealing.irccloud.com)
[17:06:16] *** Joins: kzentner (sid95525@moz-od13ss.ealing.irccloud.com)
[17:15:48] *** Joins: pcwalton (pcwalton@moz-l8ebtf.sfo1.mozilla.com)
[17:15:48] *** ChanServ sets mode: +o pcwalton
[17:19:10] *** Quits: Dexter (Alessio@moz-gt7.lf7.236.95.IP) (Quit: Leaving)
[17:46:19] *** Joins: ScottMichaud_ (ScottMichau@moz-i4mljt.cpe.pppoe.ca)
[17:49:23] *** Quits: ScottMichaud (ScottMichau@moz-i4mljt.cpe.pppoe.ca) (Ping timeout: 121 seconds)
[18:30:27] *** Quits: azakai|2 (alon@moz-l3ofdg.sntcca.sbcglobal.net) (Quit: Ex-Chat)
[18:54:28] *** Quits: pcwalton (pcwalton@moz-l8ebtf.sfo1.mozilla.com) (Client exited)
[18:59:37] *** Quits: ddamjano (Instantbird@moz-p4jspj.ehig.7h68.8388.2a02.IP) (Ping timeout: 121 seconds)
[19:00:25] *** Joins: ddamjano (Instantbird@moz-1ranlp.ehig.7h68.8388.2a02.IP)
[19:18:47] *** Quits: cimes (cimes@moz-lvg.16c.135.128.IP) (Connection closed)
[19:20:31] *** Quits: till (till@moz-m7aogf.dyn.telefonica.de) (A TLS packet with unexpected length was received.)
[19:30:19] *** Quits: ddamjano (Instantbird@moz-1ranlp.ehig.7h68.8388.2a02.IP) (Ping timeout: 121 seconds)
[19:50:12] *** Joins: cimes (cimes@moz-lvg.16c.135.128.IP)
