[00:08:59] *** Quits: jarrednicholls (uid19542@moz-s0evcl.uxbridge.irccloud.com) (Quit: Connection closed for inactivity)
[00:13:08] *** Quits: erz (erz@moz-fiq1tl.broadband.corbina.ru) (Quit: My Mac has gone to sleep. ZZZzzz…)
[00:19:50] *** Joins: Rym_ (y@moz-c2u.sd4.38.217.IP)
[00:24:16] *** Quits: Rym_ (y@moz-c2u.sd4.38.217.IP) (Ping timeout: 121 seconds)
[00:32:44] *** Joins: bjz (bjz@moz-b43.1aa.161.202.IP)
[00:38:59] *** Quits: ebfull (ebfull@moz-2hf06a.co.comcast.net) (Quit: Konversation terminated!)
[00:39:05] *** Joins: ebfull (ebfull@moz-2hf06a.co.comcast.net)
[00:43:36] *** Quits: bjz (bjz@moz-b43.1aa.161.202.IP) (Quit: My Mac has gone to sleep. ZZZzzz…)
[00:46:17] *** Joins: harrisonclarke (harrisoncla@moz-uur7pt.eastlink.ca)
[01:04:30] *** Joins: Kingsquee (kingsley@moz-3fm07c.bchsia.telus.net)
[01:06:35] *** Joins: unwound (bkoropoff@moz-kthi5c.wa.comcast.net)
[01:10:25] *** Joins: dpc__ (dpc@moz-t6gr4b.ca.comcast.net)
[01:10:36] *** Joins: dpc_ (dpc@moz-t6gr4b.ca.comcast.net)
[01:11:16] *** Joins: bjz (bjz@moz-puppgq.tpgi.com.au)
[01:11:26] *** Quits: pcwalton (pcwalton@moz-l8ebtf.sfo1.mozilla.com) (Client exited)
[01:13:59] *** Joins: Rym_ (y@moz-c2u.sd4.38.217.IP)
[01:18:25] *** Quits: Rym_ (y@moz-c2u.sd4.38.217.IP) (Ping timeout: 121 seconds)
[01:24:51] *** Joins: jarrednicholls (uid19542@moz-s0evcl.uxbridge.irccloud.com)
[01:36:45] *** Quits: Tobba (Tobba@moz-o13d22.bredband.telia.com) (Ping timeout: 121 seconds)
[01:40:53] *** Joins: mfranzwa (mike@moz-or1vuv.ca.comcast.net)
[01:42:11] *** Joins: mcoffin (mcoffin@moz-f2a.v12.54.128.IP)
[01:43:46] *** Quits: mfranzwa (mike@moz-or1vuv.ca.comcast.net) (Client exited)
[01:43:48] *** Joins: Tobba (Tobba@moz-o13d22.bredband.telia.com)
[02:03:09] *** Quits: harrisonclarke (harrisoncla@moz-uur7pt.eastlink.ca) (Connection closed)
[02:03:11] *** Quits: swgillespie (swgillespie@moz-1i5.3un.220.167.IP) (Quit: My MacBook Pro has gone to sleep. ZZZzzz…)
[02:04:53] *** Quits: zz_kimundi (kimundi@moz-n3m1h7.dip0.t-ipconnect.de) (Ping timeout: 121 seconds)
[02:05:51] *** Joins: swgillespie (swgillespie@moz-1i5.3un.220.167.IP)
[02:07:40] *** Quits: swgillespie (swgillespie@moz-1i5.3un.220.167.IP) (Quit: My MacBook Pro has gone to sleep. ZZZzzz…)
[02:07:52] *** Joins: swgillespie (swgillespie@moz-1i5.3un.220.167.IP)
[02:08:06] *** Joins: zz_kimundi (kimundi@moz-e86r7p.dip0.t-ipconnect.de)
[02:08:07] *** zz_kimundi is now known as kimundi
[02:08:10] *** Joins: Rym_ (y@moz-c2u.sd4.38.217.IP)
[02:12:04] *** Quits: swgillespie (swgillespie@moz-1i5.3un.220.167.IP) (Quit: My MacBook Pro has gone to sleep. ZZZzzz…)
[02:12:32] *** Quits: Rym_ (y@moz-c2u.sd4.38.217.IP) (Ping timeout: 121 seconds)
[02:13:41] *** Quits: dpc_ (dpc@moz-t6gr4b.ca.comcast.net) (Ping timeout: 121 seconds)
[02:13:47] *** Quits: dpc__ (dpc@moz-t6gr4b.ca.comcast.net) (Ping timeout: 121 seconds)
[02:18:05] *** Quits: meteredsection (meteredsect@moz-k1pkr3.wa.comcast.net) (Ping timeout: 121 seconds)
[02:52:00] *** Joins: glennpratt (glennpratt@moz-ebhmh4.ma.comcast.net)
[02:52:16] *** Quits: glennpratt (glennpratt@moz-ebhmh4.ma.comcast.net) (Quit: Leaving...)
[02:59:02] *** Joins: p1start (p1start@moz-nftjhe.org)
[03:02:17] *** Joins: Rym_ (y@moz-c2u.sd4.38.217.IP)
[03:03:27] *** Joins: harrisonclarke (harrisoncla@moz-uur7pt.eastlink.ca)
[03:06:45] *** Quits: Rym_ (y@moz-c2u.sd4.38.217.IP) (Ping timeout: 121 seconds)
[03:07:46] *** Quits: harrisonclarke (harrisoncla@moz-uur7pt.eastlink.ca) (Ping timeout: 121 seconds)
[03:21:20] *** Joins: c74d3 (c74d3a4ebb6@moz-mii588.mggc.hibn.4404.2002.IP)
[03:21:42] *** Quits: c74d (c74d3a4ebb6@moz-0ersgu.oc.cox.net) (Ping timeout: 121 seconds)
[03:24:02] *** c74d3 is now known as c74d
[03:24:30] *** Quits: mcoffin (mcoffin@moz-f2a.v12.54.128.IP) (Ping timeout: 121 seconds)
[03:45:36] *** Quits: p1start (p1start@moz-nftjhe.org) (Ping timeout: 121 seconds)
[03:46:40] *** Joins: p1start (p1start@moz-nftjhe.org)
[03:46:44] *** Joins: harrisonclarke (harrisoncla@moz-uur7pt.eastlink.ca)
[03:47:55] *** Joins: mcoffin (mcoffin@moz-f2a.v12.54.128.IP)
[03:50:08] *** Joins: dpc__ (dpc@moz-t6gr4b.ca.comcast.net)
[03:50:09] *** Joins: dpc_ (dpc@moz-t6gr4b.ca.comcast.net)
[03:50:42] *** Quits: p1start (p1start@moz-nftjhe.org) (Ping timeout: 121 seconds)
[03:50:46] *** Quits: harrisonclarke (harrisoncla@moz-uur7pt.eastlink.ca) (Ping timeout: 121 seconds)
[03:53:35] *** Joins: WindowsBunny1 (Peter@moz-vlal7g.east.verizon.net)
[03:55:31] *** Quits: c74d (c74d3a4ebb6@moz-mii588.mggc.hibn.4404.2002.IP) (Connection closed)
[03:55:50] *** Quits: WindowsBunny (Peter@moz-prmara.east.verizon.net) (Ping timeout: 121 seconds)
[03:56:07] *** Joins: c74d (c74d3a4ebb6@moz-mii588.mggc.hibn.4404.2002.IP)
[03:56:27] *** Joins: Rym_ (y@moz-c2u.sd4.38.217.IP)
[03:58:41] *** Quits: ytain (ytain@moz-07c3h9.dsl.teksavvy.com) (Quit: Textual IRC Client: www.textualapp.com)
[04:00:52] *** Quits: Rym_ (y@moz-c2u.sd4.38.217.IP) (Ping timeout: 121 seconds)
[04:02:46] *** WindowsBunny1 is now known as WindowsBunny
[04:03:03] *** Quits: dpc__ (dpc@moz-t6gr4b.ca.comcast.net) (Connection closed)
[04:03:51] *** Joins: dpc (dpc@moz-t6gr4b.ca.comcast.net)
[04:07:48] *** Quits: dpc_ (dpc@moz-t6gr4b.ca.comcast.net) (Ping timeout: 121 seconds)
[04:07:55] *** Quits: dpc (dpc@moz-t6gr4b.ca.comcast.net) (Ping timeout: 121 seconds)
[04:21:47] *** Joins: dpc_ (dpc@moz-t6gr4b.ca.comcast.net)
[04:22:46] *** Joins: dpc (dpc@moz-t6gr4b.ca.comcast.net)
[04:23:49] *** Joins: dpc__ (dpc@moz-t6gr4b.ca.comcast.net)
[04:24:07] *** Quits: dpc (dpc@moz-t6gr4b.ca.comcast.net) (Connection closed)
[04:24:32] *** Joins: dpc (dpc@moz-t6gr4b.ca.comcast.net)
[04:25:56] *** Quits: dpc (dpc@moz-t6gr4b.ca.comcast.net) (Connection closed)
[04:26:36] *** Quits: dpc_ (dpc@moz-t6gr4b.ca.comcast.net) (Ping timeout: 121 seconds)
[04:26:39] *** Joins: dpc (dpc@moz-t6gr4b.ca.comcast.net)
[04:40:00] *** Quits: Guest47463 (Jorge@moz-7bh.ng6.177.186.IP) (Connection closed)
[04:42:29] *** Joins: dpc_ (dpc@moz-t6gr4b.ca.comcast.net)
[04:42:29] *** Quits: dpc (dpc@moz-t6gr4b.ca.comcast.net) (Connection closed)
[04:45:28] *** Joins: dpc (dpc@moz-t6gr4b.ca.comcast.net)
[04:46:34] *** Quits: JanC__ (janc@moz-mgfj2l.dsl.scarlet.be) (Connection closed)
[04:47:20] *** Joins: harrisonclarke (harrisoncla@moz-uur7pt.eastlink.ca)
[04:47:33] *** Quits: dpc_ (dpc@moz-t6gr4b.ca.comcast.net) (Ping timeout: 121 seconds)
[04:48:45] *** Quits: dpc__ (dpc@moz-t6gr4b.ca.comcast.net) (Connection closed)
[04:50:35] *** Joins: Rym_ (y@moz-c2u.sd4.38.217.IP)
[04:51:19] *** Joins: dpc_ (dpc@moz-t6gr4b.ca.comcast.net)
[04:51:35] *** Quits: harrisonclarke (harrisoncla@moz-uur7pt.eastlink.ca) (Ping timeout: 121 seconds)
[04:51:45] *** Joins: dpc__ (dpc@moz-t6gr4b.ca.comcast.net)
[04:52:04] *** Joins: c74d3 (c74d3a4ebb6@moz-0ersgu.oc.cox.net)
[04:53:43] *** Quits: c74d (c74d3a4ebb6@moz-mii588.mggc.hibn.4404.2002.IP) (Ping timeout: 121 seconds)
[04:53:48] *** Quits: dpc (dpc@moz-t6gr4b.ca.comcast.net) (Ping timeout: 121 seconds)
[04:54:52] *** c74d3 is now known as c74d
[04:55:01] *** Quits: Rym_ (y@moz-c2u.sd4.38.217.IP) (Ping timeout: 121 seconds)
[04:57:26] *** Quits: dpc__ (dpc@moz-t6gr4b.ca.comcast.net) (Connection closed)
[04:57:39] *** Quits: unwound (bkoropoff@moz-kthi5c.wa.comcast.net) (Quit: Ex-Chat)
[05:00:22] *** Joins: JanC__ (janc@moz-bv5gpl.dsl.scarlet.be)
[05:00:36] *** Joins: dpc (dpc@moz-t6gr4b.ca.comcast.net)
[05:02:19] *** Quits: dpc_ (dpc@moz-t6gr4b.ca.comcast.net) (Ping timeout: 121 seconds)
[05:02:24] *** Joins: dpc_ (dpc@moz-t6gr4b.ca.comcast.net)
[05:06:14] *** Quits: dpc_ (dpc@moz-t6gr4b.ca.comcast.net) (Connection closed)
[05:06:17] *** Quits: dpc (dpc@moz-t6gr4b.ca.comcast.net) (Connection closed)
[05:06:27] *** Joins: dpc_ (dpc@moz-t6gr4b.ca.comcast.net)
[05:08:06] *** Joins: dpc (dpc@moz-t6gr4b.ca.comcast.net)
[05:12:26] *** Quits: mcoffin (mcoffin@moz-f2a.v12.54.128.IP) (Ping timeout: 121 seconds)
[05:16:20] *** Quits: dpc_ (dpc@moz-t6gr4b.ca.comcast.net) (Connection closed)
[05:16:30] *** Joins: dpc_ (dpc@moz-t6gr4b.ca.comcast.net)
[05:17:12] *** Joins: p1start (p1start@moz-nftjhe.org)
[05:18:59] *** Quits: jarrednicholls (uid19542@moz-s0evcl.uxbridge.irccloud.com) (Quit: Connection closed for inactivity)
[05:19:08] *** Joins: dpc__ (dpc@moz-t6gr4b.ca.comcast.net)
[05:20:12] *** Quits: dpc__ (dpc@moz-t6gr4b.ca.comcast.net) (Connection closed)
[05:21:39] *** Quits: dpc_ (dpc@moz-t6gr4b.ca.comcast.net) (Ping timeout: 121 seconds)
[05:21:40] *** Quits: dpc (dpc@moz-t6gr4b.ca.comcast.net) (Connection closed)
[05:21:46] *** Joins: dpc (dpc@moz-t6gr4b.ca.comcast.net)
[05:21:54] *** Joins: dpc_ (dpc@moz-t6gr4b.ca.comcast.net)
[05:23:36] *** Quits: dpc (dpc@moz-t6gr4b.ca.comcast.net) (Connection closed)
[05:24:54] *** Joins: dpc (dpc@moz-t6gr4b.ca.comcast.net)
[05:25:13] *** Joins: mcoffin (mcoffin@moz-f2a.v12.54.128.IP)
[05:28:24] *** Quits: dpc (dpc@moz-t6gr4b.ca.comcast.net) (Connection closed)
[05:29:13] *** Joins: dpc (dpc@moz-t6gr4b.ca.comcast.net)
[05:29:51] *** Quits: dpc (dpc@moz-t6gr4b.ca.comcast.net) (Connection closed)
[05:31:49] *** Joins: dpc (dpc@moz-a8v.6sn.162.73.IP)
[05:32:42] *** Quits: O01eg (o01eg@moz-vu0gkg.2ci8.3egh.2698.2a02.IP) (Client exited)
[05:36:41] *** Quits: dpc (dpc@moz-a8v.6sn.162.73.IP) (Connection closed)
[05:37:28] *** Joins: dpc (dpc@moz-t6gr4b.ca.comcast.net)
[05:40:39] *** Quits: mcoffin (mcoffin@moz-f2a.v12.54.128.IP) (Ping timeout: 121 seconds)
[05:41:28] *** Joins: dpc__ (dpc@moz-t6gr4b.ca.comcast.net)
[05:42:09] *** Quits: dpc__ (dpc@moz-t6gr4b.ca.comcast.net) (Connection closed)
[05:42:35] *** Quits: dpc (dpc@moz-t6gr4b.ca.comcast.net) (Connection closed)
[05:42:39] *** Joins: dpc__ (dpc@moz-t6gr4b.ca.comcast.net)
[05:42:48] *** Quits: dpc_ (dpc@moz-t6gr4b.ca.comcast.net) (Connection closed)
[05:44:44] *** Joins: Rym_ (y@moz-c2u.sd4.38.217.IP)
[05:45:16] *** Joins: dpc (dpc@moz-t6gr4b.ca.comcast.net)
[05:47:20] *** Joins: dpc_ (dpc@moz-t6gr4b.ca.comcast.net)
[05:49:09] *** Quits: Rym_ (y@moz-c2u.sd4.38.217.IP) (Ping timeout: 121 seconds)
[05:49:30] *** Quits: dpc (dpc@moz-t6gr4b.ca.comcast.net) (Ping timeout: 121 seconds)
[05:57:09] *** Quits: dpc_ (dpc@moz-t6gr4b.ca.comcast.net) (Connection closed)
[05:57:12] *** Joins: dpc_ (dpc@moz-t6gr4b.ca.comcast.net)
[05:57:14] *** Joins: mcoffin (mcoffin@moz-f2a.v12.54.128.IP)
[05:58:42] *** Joins: dpc (dpc@moz-t6gr4b.ca.comcast.net)
[06:00:08] *** Quits: dpc__ (dpc@moz-t6gr4b.ca.comcast.net) (Connection closed)
[06:01:48] *** Joins: dpc__ (dpc@moz-t6gr4b.ca.comcast.net)
[06:01:48] *** Quits: dpc_ (dpc@moz-t6gr4b.ca.comcast.net) (Connection closed)
[06:02:29] *** Quits: dpc__ (dpc@moz-t6gr4b.ca.comcast.net) (Connection closed)
[06:02:50] *** Joins: dpc__ (dpc@moz-t6gr4b.ca.comcast.net)
[06:09:56] *** Joins: ptalbot (ptalbot@moz-j4gnuh.fbx.proxad.net)
[06:10:08] *** Joins: dpc_ (dpc@moz-t6gr4b.ca.comcast.net)
[06:11:21] *** Quits: dpc_ (dpc@moz-t6gr4b.ca.comcast.net) (Connection closed)
[06:11:37] *** Quits: mcoffin (mcoffin@moz-f2a.v12.54.128.IP) (Ping timeout: 121 seconds)
[06:11:54] *** Joins: dpc_ (dpc@moz-t6gr4b.ca.comcast.net)
[06:13:18] *** Quits: dpc__ (dpc@moz-t6gr4b.ca.comcast.net) (Ping timeout: 121 seconds)
[06:15:31] *** Joins: mcoffin (mcoffin@moz-f2a.v12.54.128.IP)
[06:18:00] *** Quits: dpc_ (dpc@moz-t6gr4b.ca.comcast.net) (Connection closed)
[06:18:13] *** Joins: dpc_ (dpc@moz-t6gr4b.ca.comcast.net)
[06:23:36] *** Quits: dpc (dpc@moz-t6gr4b.ca.comcast.net) (Connection closed)
[06:23:38] *** Joins: dpc__ (dpc@moz-t6gr4b.ca.comcast.net)
[06:30:14] *** Quits: dpc_ (dpc@moz-t6gr4b.ca.comcast.net) (Connection closed)
[06:31:06] *** Joins: dpc (dpc@moz-t6gr4b.ca.comcast.net)
[06:33:11] *** Joins: fkaa (tundmatu@moz-501od2.business.telia.com)
[06:34:33] *** Quits: dpc__ (dpc@moz-t6gr4b.ca.comcast.net) (Connection closed)
[06:34:40] *** Joins: dpc__ (dpc@moz-t6gr4b.ca.comcast.net)
[06:36:19] *** Joins: swgillespie (swgillespie@moz-rn1.vmq.232.104.IP)
[06:37:20] *** Quits: dpc__ (dpc@moz-t6gr4b.ca.comcast.net) (Connection closed)
[06:38:37] *** Quits: bvssvni (sven@moz-qqolj8.bb.online.no) (Ping timeout: 121 seconds)
[06:38:53] *** Joins: Rym_ (y@moz-c2u.sd4.38.217.IP)
[06:38:57] *** Joins: bvssvni (sven@moz-qqolj8.bb.online.no)
[06:40:23] *** Joins: dpc_ (dpc@moz-t6gr4b.ca.comcast.net)
[06:41:02] *** Joins: SneakySnake (nya@moz-i9is4u.pool.telekom.hu)
[06:43:20] *** Quits: Rym_ (y@moz-c2u.sd4.38.217.IP) (Ping timeout: 121 seconds)
[06:48:53] *** Joins: harrisonclarke (harrisoncla@moz-uur7pt.eastlink.ca)
[06:50:12] *** Quits: dpc (dpc@moz-t6gr4b.ca.comcast.net) (Connection closed)
[06:52:31] *** Joins: dpc (dpc@moz-t6gr4b.ca.comcast.net)
[06:53:06] *** Quits: harrisonclarke (harrisoncla@moz-uur7pt.eastlink.ca) (Ping timeout: 121 seconds)
[06:57:44] *** Quits: dpc (dpc@moz-t6gr4b.ca.comcast.net) (Connection closed)
[06:58:15] *** Joins: dpc (dpc@moz-t6gr4b.ca.comcast.net)
[06:58:46] *** Quits: dpc_ (dpc@moz-t6gr4b.ca.comcast.net) (Connection closed)
[06:59:31] *** Joins: dpc_ (dpc@moz-t6gr4b.ca.comcast.net)
[07:02:32] *** Joins: dpc__ (dpc@moz-t6gr4b.ca.comcast.net)
[07:03:04] *** Quits: dpc__ (dpc@moz-t6gr4b.ca.comcast.net) (Connection closed)
[07:03:05] *** Quits: dpc (dpc@moz-t6gr4b.ca.comcast.net) (Ping timeout: 121 seconds)
[07:04:12] *** Joins: dpc (dpc@moz-t6gr4b.ca.comcast.net)
[07:08:14] *** Joins: dpc__ (dpc@moz-t6gr4b.ca.comcast.net)
[07:09:06] *** Quits: dpc__ (dpc@moz-t6gr4b.ca.comcast.net) (Connection closed)
[07:09:11] *** Joins: dpc__ (dpc@moz-t6gr4b.ca.comcast.net)
[07:10:34] *** Quits: dpc__ (dpc@moz-t6gr4b.ca.comcast.net) (Connection closed)
[07:11:38] *** Joins: dpc__ (dpc@moz-t6gr4b.ca.comcast.net)
[07:12:02] *** Quits: dpc (dpc@moz-t6gr4b.ca.comcast.net) (Ping timeout: 121 seconds)
[07:16:18] *** Quits: dpc__ (dpc@moz-t6gr4b.ca.comcast.net) (Ping timeout: 121 seconds)
[07:16:20] *** Quits: dpc_ (dpc@moz-t6gr4b.ca.comcast.net) (Ping timeout: 121 seconds)
[07:17:50] *** Quits: ptalbot (ptalbot@moz-j4gnuh.fbx.proxad.net) (Ping timeout: 121 seconds)
[07:27:50] *** Joins: thalleralexander (thalleralex@moz-cfcrtj.static.qsc.de)
[07:33:04] *** Joins: Rym_ (y@moz-c2u.sd4.38.217.IP)
[07:37:28] *** Quits: Rym_ (y@moz-c2u.sd4.38.217.IP) (Ping timeout: 121 seconds)
[07:40:17] *** Quits: swgillespie (swgillespie@moz-rn1.vmq.232.104.IP) (Quit: My MacBook Pro has gone to sleep. ZZZzzz…)
[08:05:21] *** Joins: harrisonclarke (harrisoncla@moz-uur7pt.eastlink.ca)
[08:09:23] *** Quits: harrisonclarke (harrisoncla@moz-uur7pt.eastlink.ca) (Ping timeout: 121 seconds)
[08:24:25] *** Quits: nonsensickle (nonsensickl@moz-4v0.gkd.16.182.IP) (Connection closed)
[08:25:13] *** Joins: nonsensickle (nonsensickl@moz-4v0.gkd.16.182.IP)
[08:25:48] *** Joins: p32blo (p32blo@moz-j3sdop.1oel.r662.0690.2001.IP)
[08:27:13] *** Joins: Rym_ (y@moz-c2u.sd4.38.217.IP)
[08:31:41] *** Quits: Rym_ (y@moz-c2u.sd4.38.217.IP) (Ping timeout: 121 seconds)
[08:41:31] *** Joins: Tuba (Tobba@moz-6oh.7ki.21.217.IP)
[08:55:02] *** Joins: ogham (rally@moz-91e3hp.cable.virginm.net)
[09:03:44] *** Quits: Tuba (Tobba@moz-6oh.7ki.21.217.IP) (Ping timeout: 121 seconds)
[09:06:06] *** Joins: harrisonclarke (harrisoncla@moz-uur7pt.eastlink.ca)
[09:07:40] *** Joins: jedireza (jedireza@moz-5hu2pl.dclient.hispeed.ch)
[09:10:09] *** Quits: harrisonclarke (harrisoncla@moz-uur7pt.eastlink.ca) (Ping timeout: 121 seconds)
[09:14:59] *** Quits: SneakySnake (nya@moz-i9is4u.pool.telekom.hu) (Connection closed)
[09:16:48] *** kimundi is now known as zz_kimundi
[09:21:27] *** Joins: Rym_ (y@moz-c2u.sd4.38.217.IP)
[09:22:19] *** Joins: Tuba (Tobba@moz-6oh.7ki.21.217.IP)
[09:24:12] *** Quits: jedireza (jedireza@moz-5hu2pl.dclient.hispeed.ch) (Quit: My Mac has gone to sleep. ZZZzzz…)
[09:24:20] *** Joins: ptalbot (ptalbot@moz-g2mokk.ircam.fr)
[09:25:49] *** Quits: Rym_ (y@moz-c2u.sd4.38.217.IP) (Ping timeout: 121 seconds)
[09:33:54] *** Quits: mcoffin (mcoffin@moz-f2a.v12.54.128.IP) (Ping timeout: 121 seconds)
[09:34:10] *** Quits: Kingsquee (kingsley@moz-3fm07c.bchsia.telus.net) (Quit: Konversation terminated!)
[09:50:34] *** Joins: DoomBoom (DoomBoom@moz-a5b.m4r.89.86.IP)
[09:59:53] *** zz_kimundi is now known as kimundi
[10:01:43] *** Quits: Tuba (Tobba@moz-6oh.7ki.21.217.IP) (Ping timeout: 121 seconds)
[10:06:50] *** Joins: harrisonclarke (harrisoncla@moz-uur7pt.eastlink.ca)
[10:10:52] *** Quits: harrisonclarke (harrisoncla@moz-uur7pt.eastlink.ca) (Ping timeout: 121 seconds)
[10:15:33] *** Joins: Rym_ (y@moz-c2u.sd4.38.217.IP)
[10:20:01] *** Quits: Rym_ (y@moz-c2u.sd4.38.217.IP) (Ping timeout: 121 seconds)
[10:31:37] *** Quits: DoomBoom (DoomBoom@moz-a5b.m4r.89.86.IP) (Quit: Leaving)
[10:45:28] *** Joins: SneakySnake (nya@moz-i9is4u.pool.telekom.hu)
[11:00:38] *** Joins: erz (erz@moz-fiq1tl.broadband.corbina.ru)
[11:07:36] *** Joins: harrisonclarke (harrisoncla@moz-uur7pt.eastlink.ca)
[11:09:45] *** Joins: Rym_ (y@moz-c2u.sd4.38.217.IP)
[11:10:47] *** Joins: mib_k2t2ud (Mibbit@moz-t3g.hlg.30.193.IP)
[11:11:09] *** Quits: mib_k2t2ud (Mibbit@moz-t3g.hlg.30.193.IP) (Quit: http://www.mibbit.com ajax IRC Client)
[11:11:41] *** Quits: harrisonclarke (harrisoncla@moz-uur7pt.eastlink.ca) (Ping timeout: 121 seconds)
[11:14:08] *** Quits: Rym_ (y@moz-c2u.sd4.38.217.IP) (Ping timeout: 121 seconds)
[11:19:50] *** Quits: hugod (user@moz-885.jmo.24.70.IP) (Ping timeout: 121 seconds)
[11:26:40] *** Quits: p1start (p1start@moz-nftjhe.org) (Ping timeout: 121 seconds)
[11:30:36] *** Joins: hugod (user@moz-885.jmo.24.70.IP)
[11:36:47] *** Joins: filsmick (filsmick@moz-15h0td.abo.wanadoo.fr)
[11:37:05] *** Quits: filsmick (filsmick@moz-15h0td.abo.wanadoo.fr) (Quit: )
[11:39:06] *** Quits: hugod (user@moz-885.jmo.24.70.IP) (Ping timeout: 121 seconds)
[11:40:24] *** Joins: hugoduncan (user@moz-885.jmo.24.70.IP)
[11:42:20] *** Quits: p32blo (p32blo@moz-j3sdop.1oel.r662.0690.2001.IP) (Ping timeout: 121 seconds)
[11:42:24] *** Quits: hugoduncan (user@moz-885.jmo.24.70.IP) (Ping timeout: 121 seconds)
[11:53:19] *** kimundi is now known as zz_kimundi
[12:00:41] *** zz_kimundi is now known as kimundi
[12:03:51] *** Joins: Rym_ (y@moz-c2u.sd4.38.217.IP)
[12:07:51] *** Joins: jarrednicholls (uid19542@moz-s0evcl.uxbridge.irccloud.com)
[12:08:06] *** Joins: harrisonclarke (harrisoncla@moz-uur7pt.eastlink.ca)
[12:08:19] *** Quits: Rym_ (y@moz-c2u.sd4.38.217.IP) (Ping timeout: 121 seconds)
[12:09:49] *** Joins: hugod (user@moz-885.jmo.24.70.IP)
[12:12:21] *** Quits: harrisonclarke (harrisoncla@moz-uur7pt.eastlink.ca) (Ping timeout: 121 seconds)
[12:14:52] *** Joins: sonder (chatzilla@moz-nt8r49.idi.ntnu.no)
[12:18:57] <sonder> Hi. Anyone know why the default install of Rust 1.0 is not shipped with the nightly version of Cargo?
[12:20:36] *** Quits: erz (erz@moz-fiq1tl.broadband.corbina.ru) (Quit: My Mac has gone to sleep. ZZZzzz…)
[12:25:54] *** Joins: gleb (gleb@moz-3u1drv.rusanovka-net.kiev.ua)
[12:32:32] <Mutabah> sonder: Huh?
[12:32:39] <Mutabah> sonder: How are you installing cargo?
[12:36:05] *** Joins: erz (erz@moz-fiq1tl.broadband.corbina.ru)
[12:39:02] <sonder> the installation of cargo that is bundled with Rust
[12:48:29] <sonder> Mutabah: The default installation of Rust comes with a version of cargo that was built April: `cargo 0.2.0-nightly (efb482d 2015-04-30) (built 2015-04-30)`
[12:48:50] <cmr> sonder: that's when the beta was built.
[12:50:23] <sonder> cmr: The beta of Rust?
[12:50:36] <cmr> sonder: yes, beta.4 that was promoted to 1.0
[12:51:34] <sonder> I see
[12:56:56] <sonder> cmr: I'm a little confused. You say beta.4 that was promoted to 1.0, but with Rust built on 2015-05-14 with cargo built on 2015-04-30?
[12:58:03] *** Joins: Rym_ (y@moz-c2u.sd4.38.217.IP)
[13:02:26] *** Quits: Rym_ (y@moz-c2u.sd4.38.217.IP) (Ping timeout: 121 seconds)
[13:08:52] <cmr> sonder: sorry, I was also confused.
[13:08:54] *** Joins: harrisonclarke (harrisoncla@moz-uur7pt.eastlink.ca)
[13:09:15] <cmr> sonder: the 2015-04-30 was the most recent cargo nightly at the time of the 1.0.0 build, which was 2015-05-14, log: http://buildbot.rust-lang.org/builders/stable-dist-packaging-linux/builds/1/steps/fetch%20inputs_1/logs/stdio
[13:12:56] *** Quits: harrisonclarke (harrisoncla@moz-uur7pt.eastlink.ca) (Ping timeout: 121 seconds)
[13:15:05] <sonder> cmr: That's strange. I'm using multirust to manage the different version of Rust I have installed on the system. If I explicitly install the `nightly-2015-05-14` build of Rust it comes with the `2015-05-13` build of Cargo, not the `2015-04-30`
[13:17:07] *** kimundi is now known as zz_kimundi
[13:17:47] <cmr> sonder: Not really sure, then. I assume there's pinning in a channel file somewhere, but I can't imagine where,
[13:18:05] <sonder> cmr: Ok. Thanks anyway! :)
[13:18:08] <cmr> and I'm having a difficult time navigating the automation to confirm either way.
[13:18:13] *** zz_kimundi is now known as kimundi
[13:18:47] *** Joins: harrisonclarke (harrisoncla@moz-uur7pt.eastlink.ca)
[13:19:19] *** Quits: ogham (rally@moz-91e3hp.cable.virginm.net) (Quit: My Mac has gone to sleep. ZZZzzz…)
[13:21:02] *** Joins: ogham (rally@moz-91e3hp.cable.virginm.net)
[13:21:28] *** Quits: panicbit (panicbit@moz-rcvp1e.dip0.t-ipconnect.de) (Ping timeout: 121 seconds)
[13:23:00] *** Quits: harrisonclarke (harrisoncla@moz-uur7pt.eastlink.ca) (Connection closed)
[13:23:05] *** Joins: p32blo (p32blo@moz-v36o87.cpe.netcabo.pt)
[13:23:47] *** Quits: p32blo (p32blo@moz-v36o87.cpe.netcabo.pt) (Connection closed)
[13:23:48] *** Joins: p32blo1 (p32blo@moz-v36o87.cpe.netcabo.pt)
[13:30:17] *** Joins: ytain (ytain@moz-07c3h9.dsl.teksavvy.com)
[13:31:03] *** Joins: mtrythall (mtrythall@moz-84or0g.fios.verizon.net)
[13:39:19] *** Joins: harrisonclarke (harrisoncla@moz-p78oth.eastlink.ca)
[13:39:57] *** Quits: p32blo1 (p32blo@moz-v36o87.cpe.netcabo.pt) (Ping timeout: 121 seconds)
[13:46:54] *** Quits: harrisonclarke (harrisoncla@moz-p78oth.eastlink.ca) (Connection closed)
[13:48:19] <gleb> is it correct that cargo can't be built with rustc 1.0-stable?
[13:48:34] <cmr> gleb: yes.
[13:49:03] <gleb> so packaging it for many distributions would require packaging a rustc-nightly as well?
[13:49:34] <cmr> Seems that way, yes.
[13:49:50] <gleb> this seems a bit self-defeating :(
[13:50:48] <cmr> It'll get there.
[13:51:31] <cmr> Oh, hm, I think cargo is pretty close to building on stable.
[13:52:09] *** Joins: Rym_ (y@moz-c2u.sd4.38.217.IP)
[13:56:37] *** Quits: Rym_ (y@moz-c2u.sd4.38.217.IP) (Ping timeout: 121 seconds)
[14:00:59] *** Joins: harrisonclarke (harrisoncla@moz-p78oth.eastlink.ca)
[14:01:29] <FreeFull> gleb: I don't see why the nightly would have to be packaged
[14:02:30] <FreeFull> Oh, I see, you want the built to be entirely dependent on just the packages the distro provides
[14:02:44] <gleb> FreeFull: yes, often you do
[14:07:58] *** Quits: mtrythall (mtrythall@moz-84or0g.fios.verizon.net) (Quit: Textual IRC Client: www.textualapp.com)
[14:17:27] *** Quits: barosl (barosl@moz-tmp.qma.67.220.IP) (Quit: Leaving)
[14:17:44] *** Quits: harrisonclarke (harrisoncla@moz-p78oth.eastlink.ca) (Connection closed)
[14:20:39] *** Joins: Shackra (Jorge@moz-7bh.ng6.177.186.IP)
[14:21:27] *** Quits: sonder (chatzilla@moz-nt8r49.idi.ntnu.no) (Quit: ChatZilla 0.9.91.1 [Firefox 38.0/20150511103818])
[14:21:51] *** Joins: barosl (barosl@moz-tmp.qma.67.220.IP)
[14:37:42] *** Joins: harrisonclarke (harrisoncla@moz-p78oth.eastlink.ca)
[14:40:43] *** Quits: ogham (rally@moz-91e3hp.cable.virginm.net) (Quit: My Mac has gone to sleep. ZZZzzz…)
[14:46:04] *** Joins: p32blo (p32blo@moz-j3sdop.1oel.r662.0690.2001.IP)
[14:46:20] *** Joins: Rym_ (y@moz-c2u.sd4.38.217.IP)
[14:50:46] *** Quits: Rym_ (y@moz-c2u.sd4.38.217.IP) (Ping timeout: 121 seconds)
[14:58:59] *** Quits: jarrednicholls (uid19542@moz-s0evcl.uxbridge.irccloud.com) (Quit: Connection closed for inactivity)
[15:03:26] *** Joins: ogham (rally@moz-91e3hp.cable.virginm.net)
[15:04:10] *** Quits: harrisonclarke (harrisoncla@moz-p78oth.eastlink.ca) (Connection closed)
[15:07:30] *** Quits: ogham (rally@moz-91e3hp.cable.virginm.net) (Ping timeout: 121 seconds)
[15:08:41] *** kimundi is now known as zz_kimundi
[15:21:38] *** Quits: p32blo (p32blo@moz-j3sdop.1oel.r662.0690.2001.IP) (Ping timeout: 121 seconds)
[15:27:44] *** Joins: p32blo (p32blo@moz-j3sdop.1oel.r662.0690.2001.IP)
[15:31:57] *** Joins: michaelcook (michaelcook@moz-rk9a1n.range86-130.btcentralplus.com)
[15:34:20] *** Joins: mtrythall (mtrythall@moz-84or0g.fios.verizon.net)
[15:39:28] *** Quits: mtrythall (mtrythall@moz-84or0g.fios.verizon.net) (Quit: Textual IRC Client: www.textualapp.com)
[15:40:17] *** Joins: Rym_ (y@moz-c2u.sd4.38.217.IP)
[15:44:37] *** Quits: Rym_ (y@moz-c2u.sd4.38.217.IP) (Ping timeout: 121 seconds)
[15:45:36] *** Joins: Rym_ (y@moz-c2u.sd4.38.217.IP)
[15:54:02] *** Quits: doener (doener@moz-929cn9.unity-media.net) (Quit: leaving)
[16:02:35] *** Joins: harrisonclarke (harrisoncla@moz-6v8.jf9.227.142.IP)
[16:07:41] *** Joins: mcoffin (mcoffin@moz-f2a.v12.54.128.IP)
[16:12:51] *** Joins: panicbit (panicbit@moz-rcvp1e.dip0.t-ipconnect.de)
[16:17:10] *** Quits: gleb (gleb@moz-3u1drv.rusanovka-net.kiev.ua) (Connection closed)
[16:17:51] *** Joins: O01eg (o01eg@moz-587.n83.112.37.IP)
[16:18:37] *** Joins: gleb (gleb@moz-3u1drv.rusanovka-net.kiev.ua)
[16:21:30] *** zz_kimundi is now known as kimundi
[16:23:32] *** Joins: doener (doener@moz-929cn9.unity-media.net)
[16:26:12] *** Quits: MetaCosm (sid514@moz-n6sr0t.uxbridge.irccloud.com) (Quit: )
[16:26:15] *** Joins: MetaCosm (sid514@moz-2jv0oc.highgate.irccloud.com)
[16:52:52] *** Joins: pcwalton (pcwalton@moz-nh2.o1i.216.216.IP)
[17:00:53] *** Quits: rovar (rovar@moz-6iq.47m.88.38.IP) (NickServ (RECOVER command used by rovar_))
[17:00:54] *** Joins: rovar (rovar@moz-96effg.dyn.optonline.net)
[17:01:06] *** Joins: rovar_ (rovar@moz-6iq.47m.88.38.IP)
[17:02:23] *** Quits: pcwalton (pcwalton@moz-nh2.o1i.216.216.IP) (Client exited)
[17:03:15] *** Quits: p32blo (p32blo@moz-j3sdop.1oel.r662.0690.2001.IP) (Ping timeout: 121 seconds)
[17:06:56] *** Joins: brson (brson@moz-cfhap5.mtv2.mozilla.com)
[17:10:32] *** Quits: Rym_ (y@moz-c2u.sd4.38.217.IP) (Ping timeout: 121 seconds)
[17:12:18] *** Joins: eibwen (eibwen@moz-2596e2.dip0.t-ipconnect.de)
[17:24:34] *** Quits: ptalbot (ptalbot@moz-g2mokk.ircam.fr) (Ping timeout: 121 seconds)
[17:26:56] *** Quits: michaelcook (michaelcook@moz-rk9a1n.range86-130.btcentralplus.com) (Client exited)
[17:29:29] *** Joins: killercup (killercup@moz-qj5qhi.dip0.t-ipconnect.de)
[17:35:49] *** Joins: Rym_ (y@moz-c2u.sd4.38.217.IP)
[17:36:10] *** Parts: mcoffin (mcoffin@moz-f2a.v12.54.128.IP) ()
[17:42:49] *** Joins: EspressoDan (EspressoDan@moz-gnsthu.dynamic.ashlandfiber.net)
[17:50:41] *** Joins: pcwalton (pcwalton@moz-l8ebtf.sfo1.mozilla.com)
[18:13:04] *** Quits: SneakySnake (nya@moz-i9is4u.pool.telekom.hu) (Ping timeout: 121 seconds)
[18:17:43] *** Quits: bjeanes (sid16847@moz-8imd03.uxbridge.irccloud.com) (Quit: )
[18:17:46] *** Joins: bjeanes (sid16847@moz-2cktjn.highgate.irccloud.com)
[18:34:54] *** Quits: pcwalton (pcwalton@moz-l8ebtf.sfo1.mozilla.com) (Client exited)
[18:35:40] *** Joins: pcwalton (pcwalton@moz-l8ebtf.sfo1.mozilla.com)
[18:35:56] *** Quits: rovar (rovar@moz-96effg.dyn.optonline.net) (Connection closed)
[18:42:32] *** Quits: EspressoDan (EspressoDan@moz-gnsthu.dynamic.ashlandfiber.net) (Client exited)
[18:43:27] *** Joins: EspressoDan (EspressoDan@moz-gnsthu.dynamic.ashlandfiber.net)
[18:43:56] *** Joins: SneakySnake (nya@moz-i9is4u.pool.telekom.hu)
[18:45:09] *** Quits: EspressoDan (EspressoDan@moz-gnsthu.dynamic.ashlandfiber.net) (Client exited)
[18:46:20] *** Joins: pyfisch_ (pyfisch@moz-hs65gi.stefan-betz.net)
[18:56:44] *** Joins: EspressoDan (EspressoDan@moz-oc3.uaj.241.66.IP)
[18:59:48] *** Quits: EspressoDan (EspressoDan@moz-oc3.uaj.241.66.IP) (Client exited)
[19:03:51] *** Joins: EspressoDan (EspressoDan@moz-gnsthu.dynamic.ashlandfiber.net)
[19:06:39] *** Quits: Rym_ (y@moz-c2u.sd4.38.217.IP) (Ping timeout: 121 seconds)
[19:12:25] *** Quits: EspressoDan (EspressoDan@moz-gnsthu.dynamic.ashlandfiber.net) (Client exited)
[19:19:43] *** Joins: iu (iu@moz-6263qv.cc.cmu.edu)
[19:20:44] <iu> Hi! Is it possible to run test sequentially? --jobs seems to be used only for compilation.
[19:21:03] <steveklabnik> RUST_TEST_THREADS=1
[19:21:32] <iu> steveklabnik: Works! Thank you!
[19:21:51] <steveklabnik> :)
[19:23:58] *** Joins: Rym_ (y@moz-c2u.sd4.38.217.IP)
[19:24:58] *** Quits: SneakySnake (nya@moz-i9is4u.pool.telekom.hu) (Quit: Leaving)
[19:28:23] *** Quits: Rym_ (y@moz-c2u.sd4.38.217.IP) (Ping timeout: 121 seconds)
[19:31:49] *** Joins: SneakySnake (nya@moz-i9is4u.pool.telekom.hu)
[19:37:58] *** Joins: Rym_ (y@moz-c2u.sd4.38.217.IP)
[19:49:27] *** Joins: filsmick (filsmick@moz-15h0td.abo.wanadoo.fr)
[19:53:49] *** Quits: SneakySnake (nya@moz-i9is4u.pool.telekom.hu) (Ping timeout: 121 seconds)
[19:57:02] *** Quits: filsmick (filsmick@moz-15h0td.abo.wanadoo.fr) (Quit: )
[20:04:28] *** Joins: jedireza (jedireza@moz-5hu2pl.dclient.hispeed.ch)
[20:13:33] *** Joins: SneakySnake (nya@moz-i9is4u.pool.telekom.hu)
[20:28:07] *** Joins: jtdowney (jtdowney@moz-gh1isj.static.twtelecom.net)
[20:35:09] *** Joins: p32blo (p32blo@moz-j3sdop.1oel.r662.0690.2001.IP)
[20:39:10] *** Quits: killercup (killercup@moz-qj5qhi.dip0.t-ipconnect.de) (Ping timeout: 121 seconds)
[20:43:19] *** Joins: EspressoDan (EspressoDan@moz-5739uj.or.charter.com)
[20:47:30] *** Quits: santiago (santiago@moz-ro2mm9.res.rr.com) (Quit: Computer has gone to sleep.)
[20:53:52] *** Joins: ptalbot (ptalbot@moz-vqp.tqa.162.37.IP)
[20:55:35] *** Joins: Kingsquee (kingsley@moz-3fm07c.bchsia.telus.net)
[20:58:47] *** Quits: pcwalton (pcwalton@moz-l8ebtf.sfo1.mozilla.com) (Client exited)
[21:01:19] *** Joins: pcwalton (pcwalton@moz-l8ebtf.sfo1.mozilla.com)
[21:01:33] *** Quits: EspressoDan (EspressoDan@moz-5739uj.or.charter.com) (Connection closed)
[21:05:17] *** Joins: EspressoDan (EspressoDan@moz-5739uj.or.charter.com)
[21:10:31] *** Joins: santiago (santiago@moz-ec8.0gr.92.63.IP)
[21:10:41] *** Quits: santiago (santiago@moz-ec8.0gr.92.63.IP) (Quit: Textual IRC Client: http://www.textualapp.com/)
[21:13:07] *** Quits: jack (sid19593@moz-d7cue0.uxbridge.irccloud.com) (Quit: )
[21:13:10] *** Joins: jack (sid19593@moz-fhlsm9.highgate.irccloud.com)
[21:19:18] *** Quits: EspressoDan (EspressoDan@moz-5739uj.or.charter.com) (Client exited)
[21:21:00] *** Quits: iu (iu@moz-6263qv.cc.cmu.edu) (Quit: )
[21:22:14] *** Joins: EspressoDan (EspressoDan@moz-5739uj.or.charter.com)
[21:24:38] *** Joins: killercup (killercup@moz-qj5qhi.dip0.t-ipconnect.de)
[21:24:42] *** Quits: killercup (killercup@moz-qj5qhi.dip0.t-ipconnect.de) (Connection closed)
[21:33:15] *** Quits: EspressoDan (EspressoDan@moz-5739uj.or.charter.com) (Ping timeout: 121 seconds)
[21:34:39] *** Quits: eibwen (eibwen@moz-2596e2.dip0.t-ipconnect.de) (Ping timeout: 121 seconds)
[21:34:39] *** Quits: JanC__ (janc@moz-bv5gpl.dsl.scarlet.be) (Ping timeout: 121 seconds)
[21:40:22] *** Quits: panicbit (panicbit@moz-rcvp1e.dip0.t-ipconnect.de) (Quit: updating...)
[21:41:09] *** Joins: panicbit (panicbit@moz-rcvp1e.dip0.t-ipconnect.de)
[21:47:19] *** Quits: jedireza (jedireza@moz-5hu2pl.dclient.hispeed.ch) (Quit: My Mac has gone to sleep. ZZZzzz…)
[21:47:41] *** Joins: JanC__ (janc@moz-o01oah.dsl.scarlet.be)
[21:50:08] *** Quits: ptalbot (ptalbot@moz-vqp.tqa.162.37.IP) (Connection closed)
[21:56:10] *** Quits: harrisonclarke (harrisoncla@moz-6v8.jf9.227.142.IP) (Connection closed)
[22:01:00] *** Joins: Torun (Torun@moz-ga4pja.dip0.t-ipconnect.de)
[22:20:16] *** Joins: harrisonclarke (harrisoncla@moz-6v8.jf9.227.142.IP)
[22:22:35] *** Joins: santiago (santiago@moz-8th.j2e.167.12.IP)
[22:26:11] *** Quits: erz (erz@moz-fiq1tl.broadband.corbina.ru) (Quit: My Mac has gone to sleep. ZZZzzz…)
[22:29:08] *** Quits: fkaa (tundmatu@moz-501od2.business.telia.com) (Ping timeout: 121 seconds)
[22:31:20] *** Quits: bjz (bjz@moz-puppgq.tpgi.com.au) (Quit: My Mac has gone to sleep. ZZZzzz…)
[22:34:09] *** Joins: TorunR (Torun@moz-ga4pja.dip0.t-ipconnect.de)
[22:37:05] *** Quits: Torun (Torun@moz-ga4pja.dip0.t-ipconnect.de) (Ping timeout: 121 seconds)
[22:42:54] *** Joins: ogham (rally@moz-91e3hp.cable.virginm.net)
[23:02:13] *** Quits: jtdowney (jtdowney@moz-gh1isj.static.twtelecom.net) (Quit: )
[23:04:00] *** kimundi is now known as zz_kimundi
[23:05:27] *** Quits: SneakySnake (nya@moz-i9is4u.pool.telekom.hu) (Connection closed)
[23:10:51] *** Joins: EspressoDan (EspressoDan@moz-gnsthu.dynamic.ashlandfiber.net)
[23:22:34] *** Quits: pcwalton (pcwalton@moz-l8ebtf.sfo1.mozilla.com) (Client exited)
[23:23:07] *** Joins: pcwalton (pcwalton@moz-l8ebtf.sfo1.mozilla.com)
[23:26:52] *** Quits: gleb (gleb@moz-3u1drv.rusanovka-net.kiev.ua) (Ping timeout: 121 seconds)
[23:30:39] *** Quits: TorunR (Torun@moz-ga4pja.dip0.t-ipconnect.de) (Ping timeout: 121 seconds)
[23:38:02] *** Joins: dpc_ (dpc@moz-7gui97.nvidia.com)
[23:38:13] *** Joins: dpc__ (dpc@moz-7gui97.nvidia.com)
[23:52:34] *** Quits: harrisonclarke (harrisoncla@moz-6v8.jf9.227.142.IP) (Connection closed)
[23:55:20] *** Joins: dpc (dpc@moz-7gui97.nvidia.com)
[23:55:53] *** Quits: dpc (dpc@moz-7gui97.nvidia.com) (Connection closed)
[23:55:58] *** Quits: dpc_ (dpc@moz-7gui97.nvidia.com) (Quit: Leaving)
[23:58:08] *** Quits: santiago (santiago@moz-8th.j2e.167.12.IP) (Quit: Computer has gone to sleep.)
