[00:01:57] *** Quits: Feyn (aram@moz-0sv.5ro.115.42.IP) (Ping timeout: 121 seconds)
[00:03:34] *** Quits: Gabriel_7 (Gabriel@moz-0e13rm.mtgr.92aj.0e35.2a01.IP) (Connection closed)
[00:04:32] *** Quits: pcwalton (pcwalton@moz-l8ebtf.sfo1.mozilla.com) (Ping timeout: 121 seconds)
[00:06:16] *** Joins: Feyn (aram@moz-0sv.5ro.115.42.IP)
[00:07:03] *** Joins: pcwalton (pcwalton@moz-l8ebtf.sfo1.mozilla.com)
[00:08:39] *** Quits: Pierre_M (Pierre_M@moz-l5anv0.slkc.qwest.net) (Ping timeout: 121 seconds)
[00:11:44] *** Joins: jensnockert (jensnockert@moz-pvj.o2f.219.84.IP)
[00:15:55] *** Quits: jensnockert (jensnockert@moz-pvj.o2f.219.84.IP) (Ping timeout: 121 seconds)
[00:16:24] *** Quits: pcwalton (pcwalton@moz-l8ebtf.sfo1.mozilla.com) (Connection closed)
[00:19:59] *** Joins: pcwalton (pcwalton@moz-l8ebtf.sfo1.mozilla.com)
[00:23:03] *** Quits: shadower (shadower@moz-3ah4n5.osop.rhcloud.com) (A TLS packet with unexpected length was received.)
[00:23:08] *** Joins: shadower (shadower@moz-3ah4n5.osop.rhcloud.com)
[00:23:09] *** Quits: kkus (kkus@moz-oqbbml.fios.verizon.net) (Ping timeout: 121 seconds)
[00:27:11] *** Quits: Wild_Cat (Max@moz-p74.mqf.175.108.IP) (Ping timeout: 121 seconds)
[00:29:51] *** Joins: Wild_Cat (Max@moz-p74.mqf.175.108.IP)
[00:30:18] *** Quits: pcwalton (pcwalton@moz-l8ebtf.sfo1.mozilla.com) (Connection closed)
[00:32:20] *** Joins: pcwalton (pcwalton@moz-hgutgo.rgd2.9kg1.0101.2620.IP)
[00:35:59] *** Quits: pcwalton (pcwalton@moz-hgutgo.rgd2.9kg1.0101.2620.IP) (Connection closed)
[00:36:14] *** Quits: brson (brson@moz-cfhap5.mtv2.mozilla.com) (Ping timeout: 121 seconds)
[00:36:46] *** Joins: pcwalton (pcwalton@moz-l8ebtf.sfo1.mozilla.com)
[00:37:24] *** Joins: brson (brson@moz-qjbkeh.mtv2.mozilla.com)
[00:40:10] *** Quits: pcwalton (pcwalton@moz-l8ebtf.sfo1.mozilla.com) (Connection closed)
[00:45:01] <Layl> after 5 days of looking I've finally found the entry point of UE4
[00:46:52] *** Joins: pcwalton (pcwalton@moz-l8ebtf.sfo1.mozilla.com)
[00:51:40] <thlst> I'm pround of you
[00:52:44] *** Quits: brson (brson@moz-qjbkeh.mtv2.mozilla.com) (Quit: leaving)
[00:53:07] *** Joins: jensnockert (jensnockert@moz-0rd3rj.siw.siwnet.net)
[00:53:22] *** Joins: brson (brson@moz-qjbkeh.mtv2.mozilla.com)
[00:57:12] *** Quits: jensnockert (jensnockert@moz-0rd3rj.siw.siwnet.net) (Ping timeout: 121 seconds)
[00:58:49] *** Quits: geb019 (geb019@moz-tqg.sms.23.135.IP) (A TLS packet with unexpected length was received.)
[00:59:49] *** Joins: kkus (kkus@moz-oqbbml.fios.verizon.net)
[01:00:36] *** Joins: geb019 (geb019@moz-fhohco.cpe.pppoe.ca)
[01:02:05] *** Quits: pcwalton (pcwalton@moz-l8ebtf.sfo1.mozilla.com) (Connection closed)
[01:02:26] *** Quits: demilux (demilux@moz-fk1.kt4.14.64.IP) (A TLS packet with unexpected length was received.)
[01:03:40] *** Joins: pcwalton (pcwalton@moz-l8ebtf.sfo1.mozilla.com)
[01:04:17] <Layl> my personal pet peeve, handling a regular case in an if block rather than an exception
[01:04:35] <Layl> I see this so often in some people's code for some reason
[01:04:55] <Layl> nesting if blocks 5 deep where all the elses are error handling
[01:04:59] <Tiffany> you mean the other way around?
[01:06:30] *** Quits: geb019 (geb019@moz-fhohco.cpe.pppoe.ca) (Ping timeout: 121 seconds)
[01:06:33] <Layl> code like this https://gist.github.com/LaylConway/6384ff965e0b6c9fd624
[01:06:44] *** Joins: geb019 (geb019@moz-nsj.duo.152.204.IP)
[01:07:04] <Tiffany> oh
[01:07:08] <Tiffany> when you could just use assert!(thing)
[01:08:03] <Layl> the panic!() here is just a place holder for any kind of error handling
[01:09:31] <Layl> just basically doing things like this rather than: https://gist.github.com/LaylConway/09aa0374a4748c753d32
[01:10:37] <Tiffany> yeah
[01:10:42] <Tiffany> I like having error checks first
[01:11:23] <meh> Layl, yeah, that rustles my jimmies as well
[01:12:02] *** Quits: erickt (erickt@moz-4hh.6p3.217.74.IP) (Ping timeout: 121 seconds)
[01:18:54] *** Quits: pcwalton (pcwalton@moz-l8ebtf.sfo1.mozilla.com) (Connection closed)
[01:19:43] *** Joins: pcwalton (pcwalton@moz-l8ebtf.sfo1.mozilla.com)
[01:27:04] *** Joins: SiegeLord (sl@moz-s8hpnn.ca.comcast.net)
[01:27:30] *** Quits: pcwalton (pcwalton@moz-l8ebtf.sfo1.mozilla.com) (Connection closed)
[01:28:32] *** Quits: blueridanus (Mibbit@moz-k63.43p.20.201.IP) (Quit: http://www.mibbit.com ajax IRC Client)
[01:29:06] *** Joins: pcwalton (pcwalton@moz-l8ebtf.sfo1.mozilla.com)
[01:33:49] *** Quits: gero (gero@moz-pleg9h.dynamic.ziggo.nl) (Quit: http://www.kiwiirc.com/ - A hand crafted IRC client)
[01:35:08] *** Quits: pcwalton (pcwalton@moz-l8ebtf.sfo1.mozilla.com) (Ping timeout: 121 seconds)
[01:41:00] *** Quits: meh (meh@moz-44u.rrt.42.151.IP) (Ping timeout: 121 seconds)
[01:42:41] *** Joins: saml_ (saml@moz-rkfmct.res.rr.com)
[01:43:24] *** Joins: kazimuth (james@moz-lff16e.wa.comcast.net)
[01:44:15] *** Joins: demilux (demilux@moz-73qa6c.wa.comcast.net)
[01:51:43] *** Joins: aatch (james@moz-i1k1ks.tlms.2o1v.e006.2406.IP)
[01:52:28] *** Quits: thlst (thlst@moz-f43.peo.254.191.IP) (Quit: Leaving)
[01:54:23] *** Joins: jensnockert (jensnockert@moz-0rd3rj.siw.siwnet.net)
[01:56:08] *** Quits: demilux (demilux@moz-73qa6c.wa.comcast.net) (A TLS packet with unexpected length was received.)
[01:58:26] *** Quits: jensnockert (jensnockert@moz-0rd3rj.siw.siwnet.net) (Ping timeout: 121 seconds)
[02:00:59] *** Quits: dmac (dmac@moz-4kcd1c.ca.comcast.net) (Ping timeout: 121 seconds)
[02:02:36] *** Joins: summerlight (summerlight@moz-lb3.6do.193.175.IP)
[02:04:30] *** Quits: mindtree (Mitch@moz-2vl9f5.iprimus.net.au) (Ping timeout: 121 seconds)
[02:05:25] *** Joins: demilux (demilux@moz-73qa6c.wa.comcast.net)
[02:05:32] *** Joins: mindtree (Mitch@moz-nkr.6dr.240.116.IP)
[02:12:32] *** Joins: jensnockert (jensnockert@moz-pvj.o2f.219.84.IP)
[02:12:45] *** Joins: SHC (quassel@moz-lo8.7pd.204.117.IP)
[02:16:48] *** Quits: RC9 (RCIX@moz-7omm6s.ph.cox.net) (Ping timeout: 121 seconds)
[02:16:52] *** Quits: jensnockert (jensnockert@moz-pvj.o2f.219.84.IP) (Ping timeout: 121 seconds)
[02:21:19] *** Quits: Wild_Cat (Max@moz-p74.mqf.175.108.IP) (Ping timeout: 121 seconds)
[02:22:08] *** Quits: demilux (demilux@moz-73qa6c.wa.comcast.net) (A TLS packet with unexpected length was received.)
[02:29:14] *** Quits: brson (brson@moz-qjbkeh.mtv2.mozilla.com) (Connection closed)
[02:43:57] *** Joins: dmac (dmac@moz-2ig65r.ca.comcast.net)
[02:44:02] *** Joins: sambotron (sambotron@moz-nao11s.ca.comcast.net)
[02:44:39] *** Joins: RC9 (RCIX@moz-7omm6s.ph.cox.net)
[02:44:44] *** Quits: sambotron (sambotron@moz-nao11s.ca.comcast.net) (Connection closed)
[02:44:49] *** Joins: sambotron (sambotron@moz-nao11s.ca.comcast.net)
[02:45:19] *** Quits: kimundi (kimundi@moz-uicitd.dip0.t-ipconnect.de) (Ping timeout: 121 seconds)
[02:45:49] *** Joins: Jesin (Jesin@moz-sak2gd.cc.lehigh.edu)
[02:47:27] *** Joins: kimundi (kimundi@moz-4gvoif.8lpn.sem7.57bc.2002.IP)
[02:47:37] *** Quits: SHC (quassel@moz-lo8.7pd.204.117.IP) (Ping timeout: 121 seconds)
[02:47:45] *** Joins: SHC (quassel@moz-6km.ii5.3.61.IP)
[02:49:03] *** Joins: geb019_ (geb019@moz-lgabui.o33v.n6m7.8717.2002.IP)
[02:49:44] *** Joins: dmac_ (dmac@moz-2ig65r.ca.comcast.net)
[02:51:36] *** Quits: geb019 (geb019@moz-nsj.duo.152.204.IP) (Ping timeout: 121 seconds)
[02:54:55] *** Joins: pcwalton (pcwalton@moz-l8ebtf.sfo1.mozilla.com)
[02:58:17] *** Quits: pcwalton (pcwalton@moz-l8ebtf.sfo1.mozilla.com) (Connection closed)
[02:58:24] *** Joins: Wild_Cat (Max@moz-p74.mqf.175.108.IP)
[03:02:20] *** Joins: pcwalton (pcwalton@moz-hgutgo.rgd2.9kg1.0101.2620.IP)
[03:05:17] *** Joins: Kingsquee (kingsley@moz-k72lip.bchsia.telus.net)
[03:07:16] *** Joins: Jeanne-Kamikaze (Jeanne-Kami@moz-7aimde.ca.comcast.net)
[03:07:57] *** Quits: pcwalton (pcwalton@moz-hgutgo.rgd2.9kg1.0101.2620.IP) (Ping timeout: 121 seconds)
[03:16:15] *** Quits: kazimuth (james@moz-lff16e.wa.comcast.net) (Quit: My Mac has gone to sleep. ZZZzzz…)
[03:17:33] *** Joins: pcwalton (pcwalton@moz-l8ebtf.sfo1.mozilla.com)
[03:24:47] *** Joins: Involuntary (Jeanne-Kami@moz-52v2l7.nvidia.com)
[03:27:03] *** Quits: pcwalton (pcwalton@moz-l8ebtf.sfo1.mozilla.com) (Connection closed)
[03:27:32] *** Joins: kazimuth (james@moz-lff16e.wa.comcast.net)
[03:27:42] *** Quits: Jeanne-Kamikaze (Jeanne-Kami@moz-7aimde.ca.comcast.net) (Ping timeout: 121 seconds)
[03:28:38] *** Joins: pcwalton (pcwalton@moz-l8ebtf.sfo1.mozilla.com)
[03:31:28] *** Quits: kazimuth (james@moz-lff16e.wa.comcast.net) (Quit: My Mac has gone to sleep. ZZZzzz…)
[03:31:40] *** Quits: Involuntary (Jeanne-Kami@moz-52v2l7.nvidia.com) (Quit: Leaving)
[03:31:51] *** Joins: Jeanne-Kamikaze (Jeanne-Kami@moz-52v2l7.nvidia.com)
[03:33:30] *** Quits: pcwalton (pcwalton@moz-l8ebtf.sfo1.mozilla.com) (Connection closed)
[03:34:20] <stratact> mindtree: ping
[03:34:58] *** Quits: Wild_Cat (Max@moz-p74.mqf.175.108.IP) (Ping timeout: 121 seconds)
[03:35:03] *** Joins: pcwalton (pcwalton@moz-l8ebtf.sfo1.mozilla.com)
[03:36:04] *** Joins: Wild_Cat (Max@moz-p74.mqf.175.108.IP)
[03:36:29] *** Joins: DDR (David@moz-m0hr92.vc.shawcable.net)
[03:45:56] *** Quits: pcwalton (pcwalton@moz-l8ebtf.sfo1.mozilla.com) (Ping timeout: 121 seconds)
[03:51:09] *** Quits: geb019_ (geb019@moz-lgabui.o33v.n6m7.8717.2002.IP) (A TLS packet with unexpected length was received.)
[03:55:34] *** Joins: jensnockert (jensnockert@moz-0rd3rj.siw.siwnet.net)
[03:56:47] *** Quits: SHC (quassel@moz-6km.ii5.3.61.IP) (A TLS packet with unexpected length was received.)
[03:59:37] *** Quits: jensnockert (jensnockert@moz-0rd3rj.siw.siwnet.net) (Ping timeout: 121 seconds)
[04:06:46] *** Quits: orangeshark (erik@moz-9mf8e6.44tj.56ot.0306.2602.IP) (Quit: Leaving)
[04:08:15] *** Quits: patrickjm (patrickjm@moz-cvp0l3.lecg.ltgp.0306.2602.IP) (Connection closed)
[04:09:42] *** Quits: dmac_ (dmac@moz-2ig65r.ca.comcast.net) (Ping timeout: 121 seconds)
[04:10:01] *** Joins: erickt (erickt@moz-njt.vqi.14.76.IP)
[04:13:32] *** Joins: jensnockert (jensnockert@moz-pvj.o2f.219.84.IP)
[04:15:17] *** Quits: Twisol (Twisol@moz-3ha6bu.jonathan.com) (Quit: ZNC - http://znc.in)
[04:17:45] *** Quits: jensnockert (jensnockert@moz-pvj.o2f.219.84.IP) (Ping timeout: 121 seconds)
[04:30:54] *** Joins: svenstaro (svenstaro@moz-6uaj59.net)
[04:32:19] *** Quits: erickt (erickt@moz-njt.vqi.14.76.IP) (Ping timeout: 121 seconds)
[04:32:42] *** Quits: svenstaro (svenstaro@moz-6uaj59.net) (Quit: WeeChat 1.2)
[04:33:44] *** Joins: svenstaro (svenstaro@moz-6uaj59.net)
[04:41:13] *** Joins: Pierre_M (Pierre_M@moz-l5anv0.slkc.qwest.net)
[04:42:25] *** Joins: kazimuth (james@moz-lff16e.wa.comcast.net)
[04:43:13] *** Joins: dmac_ (dmac@moz-2ig65r.ca.comcast.net)
[04:43:37] *** Quits: SiegeLord (sl@moz-s8hpnn.ca.comcast.net) (Quit: It's a joke, it's all a joke.)
[04:45:07] *** Joins: SiegeLord (sl@moz-s8hpnn.ca.comcast.net)
[04:47:19] *** Quits: dmac_ (dmac@moz-2ig65r.ca.comcast.net) (Ping timeout: 121 seconds)
[04:49:13] *** Quits: niconii (nicole@moz-tnrd7m.frgo.qwest.net) (Quit: leaving)
[04:49:15] *** Quits: kazimuth (james@moz-lff16e.wa.comcast.net) (Quit: My Mac has gone to sleep. ZZZzzz…)
[04:52:32] *** Joins: p1start (p1start@moz-nftjhe.org)
[04:57:52] *** Quits: Gamecubic (cubic@moz-bglmk5.mc.videotron.ca) (Quit: Leaving)
[04:59:44] *** Joins: kazimuth (james@moz-lff16e.wa.comcast.net)
[05:00:30] *** Quits: saml_ (saml@moz-rkfmct.res.rr.com) (Ping timeout: 121 seconds)
[05:03:55] *** Joins: ratboy (ratboy@moz-4e541i.adsl.tnnet.fi)
[05:07:59] *** Joins: demilux (demilux@moz-73qa6c.wa.comcast.net)
[05:11:57] *** Joins: pcwalton (pcwalton@moz-6kjabm.ca.comcast.net)
[05:14:05] *** Quits: demilux (demilux@moz-73qa6c.wa.comcast.net) (A TLS packet with unexpected length was received.)
[05:15:42] *** Joins: Pierre_M_ (Pierre_M___@moz-l5anv0.slkc.qwest.net)
[05:21:50] *** Quits: Wild_Cat (Max@moz-p74.mqf.175.108.IP) (Ping timeout: 121 seconds)
[05:28:59] *** Quits: O01eg (o01eg@moz-jvl.qkk.112.37.IP) (Client exited)
[05:34:13] *** Joins: canhtak (jeremy@moz-kcs.u0t.149.5.IP)
[05:38:45] *** Quits: Kingsquee (kingsley@moz-k72lip.bchsia.telus.net) (Quit: Konversation terminated!)
[05:38:52] <Layl> why does cgmath's normalize return NaN on a 0,0 vector
[05:39:00] <Layl> rather than returning a Result<>
[05:43:37] *** Quits: photex (photex@moz-3g7.khp.101.46.IP) (Ping timeout: 121 seconds)
[05:43:57] *** Joins: dmac_ (dmac@moz-2ig65r.ca.comcast.net)
[05:48:03] *** Quits: dmac_ (dmac@moz-2ig65r.ca.comcast.net) (Ping timeout: 121 seconds)
[05:48:14] *** Quits: canhtak (jeremy@moz-kcs.u0t.149.5.IP) (Ping timeout: 121 seconds)
[05:48:27] *** Joins: canhtak (jeremy@moz-kcs.u0t.149.5.IP)
[05:51:59] *** Joins: geb019 (geb019@moz-fhohco.cpe.pppoe.ca)
[05:52:42] *** Quits: canhtak (jeremy@moz-kcs.u0t.149.5.IP) (Ping timeout: 121 seconds)
[05:53:37] <OneSadCookie> most of the time you don't actually want your math code to check the dumb edge cases, you just want it to run fast
[05:53:58] <OneSadCookie> some of the dumb edge cases are pathologically hard to detect ahead of time, too
[05:55:24] <OneSadCookie> you could definitely argue that Rust should treat NaNs the same way it treats integer overflow, though
[05:56:04] *** Quits: geb019 (geb019@moz-fhohco.cpe.pppoe.ca) (Ping timeout: 121 seconds)
[05:56:30] *** Joins: James__ (quassel@moz-t0rko5.range86-163.btcentralplus.com)
[05:56:55] *** Joins: jeffdb (textual@moz-gujimv.ca.comcast.net)
[05:57:25] *** Quits: SiegeLord (sl@moz-s8hpnn.ca.comcast.net) (Connection closed)
[05:59:03] *** Joins: canhtak (jeremy@moz-kcs.u0t.149.5.IP)
[06:00:01] *** Joins: SiegeLord (sl@moz-s8hpnn.ca.comcast.net)
[06:02:55] <Layl> yea it's just a bit annoying that NaNs tend to go undetected
[06:03:06] <Layl> then gradually infect the rest of your values
[06:03:27] <Layl> until something blows up, but then it's already too late
[06:07:18] *** Quits: RC9 (RCIX@moz-7omm6s.ph.cox.net) (Ping timeout: 121 seconds)
[06:07:40] *** Quits: genbattle (genbattle@moz-4v0.gkd.16.182.IP) (Connection closed)
[06:08:36] *** Joins: genbattle (genbattle@moz-4v0.gkd.16.182.IP)
[06:13:52] *** Joins: crisc__ (me@moz-62b42p.vpn.uni-saarland.de)
[06:14:24] *** Joins: jensnockert (jensnockert@moz-pvj.o2f.219.84.IP)
[06:15:48] *** Quits: crisc_ (me@moz-kae.ahv.159.180.IP) (Ping timeout: 121 seconds)
[06:18:37] *** Quits: jensnockert (jensnockert@moz-pvj.o2f.219.84.IP) (Ping timeout: 121 seconds)
[06:20:47] *** Joins: jaen (jaen@moz-ifmik2.copit.pl)
[06:27:07] *** Quits: SiegeLord (sl@moz-s8hpnn.ca.comcast.net) (Quit: It's a joke, it's all a joke.)
[06:34:04] *** Quits: canhtak (jeremy@moz-kcs.u0t.149.5.IP) (Client exited)
[06:37:44] *** Quits: aatch (james@moz-i1k1ks.tlms.2o1v.e006.2406.IP) (Quit: Leaving)
[06:38:33] *** Joins: canhtak (jeremy@moz-kcs.u0t.149.5.IP)
[06:41:11] *** Joins: squiddy (squiddy@moz-md4.pm3.19.178.IP)
[06:41:14] *** Joins: dp (dp@moz-4lc10g.gb4f.8ao9.0e35.2a01.IP)
[06:44:41] *** Joins: dmac_ (dmac@moz-2ig65r.ca.comcast.net)
[06:48:47] *** Quits: dmac_ (dmac@moz-2ig65r.ca.comcast.net) (Ping timeout: 121 seconds)
[06:49:49] *** Quits: canhtak (jeremy@moz-kcs.u0t.149.5.IP) (Connection closed)
[06:50:39] *** Joins: canhtak (jeremy@moz-kcs.u0t.149.5.IP)
[06:55:02] *** Quits: James__ (quassel@moz-t0rko5.range86-163.btcentralplus.com) (Ping timeout: 121 seconds)
[06:57:41] *** Quits: zimbatm (zimbatm@moz-f37kde.com) (Quit: Bye)
[06:58:25] *** Joins: zimbatm (zimbatm@moz-f37kde.com)
[07:01:51] *** Joins: jensnockert (jensnockert@moz-0rd3rj.siw.siwnet.net)
[07:06:53] *** Quits: jensnockert (jensnockert@moz-0rd3rj.siw.siwnet.net) (Ping timeout: 121 seconds)
[07:09:19] *** Quits: Johannes (Johannes@moz-4et8d7.ocn.ne.jp) (Quit: Leaving...)
[07:09:36] *** Joins: mib_i8dm8i (Mibbit@moz-8u5.t9d.198.112.IP)
[07:10:33] *** Quits: mib_i8dm8i (Mibbit@moz-8u5.t9d.198.112.IP) (Quit: http://www.mibbit.com ajax IRC Client)
[07:11:30] *** Joins: Johannes (Johannes@moz-4et8d7.ocn.ne.jp)
[07:12:03] *** Joins: Involuntary (Jeanne-Kami@moz-7aimde.ca.comcast.net)
[07:12:25] *** Quits: Jeanne-Kamikaze (Jeanne-Kami@moz-52v2l7.nvidia.com) (Connection closed)
[07:16:33] *** Quits: Involuntary (Jeanne-Kami@moz-7aimde.ca.comcast.net) (Quit: Leaving)
[07:19:55] *** Joins: OmniMancer (OmniMancer@moz-ffb9qp.xtra.co.nz)
[07:24:50] <soos> morning
[07:28:46] <soos> tomaka, yesterday running my glium app I found interesting bug. anything drawn on window was semitransparent so I saw icons on my desktop through my app's window :)
[07:29:25] *** Joins: OmniMancer1 (OmniMancer@moz-ffb9qp.xtra.co.nz)
[07:29:56] <soos> it's not reproduced on my working PC, it's only on my home box.
[07:30:12] <Pierre_M_> soos, out of curiosity, is your gprahics intel hd?
[07:30:39] <Pierre_M_> because my laptop with intel hd graphics lets me "see through" things when i feel like it shouldn't
[07:30:51] <soos> Pierre_M_, no it's nvidia
[07:30:53] <tomaka> soos: which o/s?
[07:31:00] *** Quits: OmniMancer (OmniMancer@moz-ffb9qp.xtra.co.nz) (Ping timeout: 121 seconds)
[07:31:04] <soos> tomaka: linux
[07:31:22] <tomaka> okay, I guess I should handle transparency correctly
[07:36:49] <Layl> soos, are you 100% sure your driver's working?
[07:39:58] <soos> Lay1, well I can run dota2 and left4dead, so I think yes
[07:41:17] <soos> it's nvidia's gt730 with latest nvidia's proprietiry driver
[07:41:56] <fkaa> pretty sure it's a glutin thing
[07:42:13] *** Joins: jensnockert (jensnockert@moz-0rd3rj.siw.siwnet.net)
[07:45:27] *** Joins: dmac_ (dmac@moz-2ig65r.ca.comcast.net)
[07:46:06] *** Quits: canhtak (jeremy@moz-kcs.u0t.149.5.IP) (Client exited)
[07:46:10] *** Quits: pcwalton (pcwalton@moz-6kjabm.ca.comcast.net) (Client exited)
[07:47:24] *** Quits: kazimuth (james@moz-lff16e.wa.comcast.net) (Quit: Textual IRC Client: www.textualapp.com)
[07:49:33] *** Quits: dmac_ (dmac@moz-2ig65r.ca.comcast.net) (Ping timeout: 121 seconds)
[07:50:37] <Layl> does glMultiDrawArrays actually become one drawcall
[07:50:43] <Layl> or is it just multiple drawcalls disguised
[07:52:06] *** Quits: soos (qbm368@moz-heo.sds.101.140.IP) (Quit: leaving)
[07:52:30] *** Joins: geb019 (geb019@moz-fhohco.cpe.pppoe.ca)
[07:56:37] *** Quits: geb019 (geb019@moz-fhohco.cpe.pppoe.ca) (Ping timeout: 121 seconds)
[07:56:45] *** Joins: soos (qbm368@moz-3r8.401.101.140.IP)
[07:59:33] <OmniMancer1> Layl: draw calls here meaning?
[07:59:54] <Layl> 1 draw call here meaning 1 makes-everything-slow-thing
[08:00:29] <Layl> basically, is calling glMultiDrawArrays with 6 slices equivalent to calling glDrawArrays 6 times
[08:00:59] <OmniMancer1> well I mean everything in GL turns into the driver stuffig a bunch of things in a buffer and poking it at the kernel driver for running on the GPU
[08:01:35] <OmniMancer1> I would expect the Multi one can probably pack all the things into one request
[08:01:47] <OmniMancer1> is glDrawArrays blocking?
[08:05:09] <Layl> I don't know
[08:07:20] *** Quits: genbattle (genbattle@moz-4v0.gkd.16.182.IP) (Ping timeout: 121 seconds)
[08:08:39] <OmniMancer1> I think you have to call glFlush() to make stuff definitely have happened right?
[08:10:00] <scoopr> glFinish() to actually block
[08:10:11] *** Joins: canhtak (jeremy@moz-kcs.u0t.149.5.IP)
[08:14:25] *** Quits: Feyn (aram@moz-0sv.5ro.115.42.IP) (Ping timeout: 121 seconds)
[08:15:26] *** Joins: jensnock_ (jensnockert@moz-pvj.o2f.219.84.IP)
[08:17:50] *** Quits: soos (qbm368@moz-3r8.401.101.140.IP) (Ping timeout: 121 seconds)
[08:19:37] *** Quits: jensnock_ (jensnockert@moz-pvj.o2f.219.84.IP) (Ping timeout: 121 seconds)
[08:19:55] *** Joins: soos (qbm368@moz-heo.sds.101.140.IP)
[08:24:03] *** Quits: OmniMancer1 (OmniMancer@moz-ffb9qp.xtra.co.nz) (Connection closed)
[08:24:47] *** Joins: OmniMancer (OmniMancer@moz-ffb9qp.xtra.co.nz)
[08:27:08] <OmniMancer> scoopr: ah
[08:27:48] *** Joins: Feyn (aram@moz-jpl.n4e.115.42.IP)
[08:27:54] <Layl> over the last 3-4 years I've been over and over restarting engine projects
[08:28:00] <Layl> it has been very unproductive
[08:28:06] <Layl> but I've got a very good result out of it
[08:28:19] <Layl> I now very well know how to make a damn good engine core
[08:28:21] <scoopr> I've been doing that for 10 years, with fairly lousy results =)
[08:29:08] *** Quits: soos (qbm368@moz-heo.sds.101.140.IP) (Ping timeout: 121 seconds)
[08:29:56] <Layl> I still don't know a full answer to the question if copy-after-update is the best way to do rendering though
[08:30:53] *** Quits: canhtak (jeremy@moz-kcs.u0t.149.5.IP) (Client exited)
[08:31:12] *** Joins: soos (qbm368@moz-3r8.401.101.140.IP)
[08:33:32] <fkaa> Layl: copy-after-update?
[08:34:59] <Layl> fkaa, copy and send it off to the renderer
[08:35:02] *** Joins: eddyb_ (eddyb@moz-hhq.qs4.25.188.IP)
[08:35:09] <Layl> rather than wait for the renderer to complete
[08:35:20] *** Joins: gonzaloserrano (Adium@moz-7tk.n87.126.91.IP)
[08:35:32] <fkaa> the driver already makes a copy of the memory
[08:35:38] *** Joins: lenstr (lenstr@moz-haa.vju.25.171.IP)
[08:36:07] <Layl> well yea but that still takes quite a lot of time compared to how long it may take to copy all the data you need to render
[08:36:37] *** Quits: eddyb (eddyb@moz-9qr.ba9.25.188.IP) (Ping timeout: 121 seconds)
[08:37:15] <scoopr> isn't the persistent/coherent mapping of buffers now all the craze?
[08:38:00] <Layl> I have not yet seen that
[08:40:24] <Layl> I in fact barely know what it is
[08:41:51] <tomaka> the idea is to manually manage buffers and bypass the driver
[08:41:57] <scoopr> few flags for glMapBuffer that makes the mapping persistent (no need to unmapit when using) and coherent so the gpu will see changes to it
[08:42:14] *** Quits: eddyb_ (eddyb@moz-hhq.qs4.25.188.IP) (Connection closed)
[08:42:23] *** Joins: eddyb_ (eddyb@moz-hhq.qs4.25.188.IP)
[08:42:25] <fkaa> it's 4.3 stuff, iirc
[08:42:37] <scoopr> haven't been able to poke around them in gl, as I'm mostly using osx, where I'm stuck with ogl4.1, but lately I've been mucking around with metal where I can do stuff like that
[08:43:05] <tomaka> glium already allows you to do that if you pass ::persistent when building the buffer
[08:43:10] <Layl> so yet more things that hopefully will all be obsoleted by vulkan?
[08:43:49] <tomaka> vulkan will make that mandatory
[08:44:12] <fkaa> vulkan is going to make stuff harder, not easier :p
[08:44:17] <tomaka> will *is* opengl 4
[08:44:24] <tomaka> vulkan *is* opengl 4
[08:44:39] <fkaa> a hello world triangle is now 600 lines of code!
[08:44:44] *** eddyb_ is now known as eddyb
[08:44:52] <Layl> perhaps a hello world should not be a triangle then
[08:45:22] *** Joins: canhtak (jeremy@moz-kcs.u0t.149.5.IP)
[08:45:28] <Layl> vulkan is going to make low level high performance stuff easier
[08:45:48] <fkaa> that's still going to be hard
[08:46:01] <Layl> yea, but it's going to be easier
[08:46:07] <tomaka> siggraph is in two and a half weeks
[08:46:11] *** Joins: dmac_ (dmac@moz-2ig65r.ca.comcast.net)
[08:46:12] <Layl> without all the cruft in the api and with a more coherent design
[08:46:17] <fkaa> i'll be on vacation then :(
[08:46:37] <Layl> I wonder if I should wait with new engine code till siggraph is over
[08:46:42] <fkaa> tomaka: i'm half-betting that they wont release it
[08:46:48] <fkaa> just the final specs
[08:46:55] <Layl> though I guess chances are the rust bindings will take a while
[08:47:01] <tomaka> huh
[08:47:08] <tomaka> what would they release if it's not final specs?
[08:47:12] <fkaa> Layl: just a matter of parsing xml and generating code :p
[08:47:23] <fkaa> uhh
[08:47:29] <Layl> I've been spoiled by glium
[08:47:31] <fkaa> drivers?
[08:47:43] <Layl> they've been working at the drivers in tandem with the specs
[08:47:47] <Layl> big chance they'll release together
[08:48:26] <Layl> oh, I bet siggraph will just be a big empty room
[08:48:27] *** Joins: indefini (indefini@moz-4p4v25.ucom.ne.jp)
[08:48:32] <Layl> and suddenly nvidia and amd go dark for a year
[08:48:45] <Layl> and after a year, they'll announce opengl 5, which is a very small upgrade from the previous version
[08:49:51] <fkaa> doesn't look like there will be more opengl versions
[08:50:02] <fkaa> tomaka: this has me worrying: "Virtually all of these should disappear as SPIR-V nears completion, so it's not worth investing much in the error recovery code yet."
[08:50:12] <fkaa> (from the glslang repo)
[08:50:17] *** Quits: dmac_ (dmac@moz-2ig65r.ca.comcast.net) (Ping timeout: 121 seconds)
[08:50:28] <Layl> what I hope is that some group starts a derivative project of opengl
[08:50:37] <Layl> and makes a similar library that builds on top of vulkan
[08:50:41] <Layl> rather than being a driver in itself
[08:51:12] <tomaka> fkaa: why is this worrying?
[08:51:17] <Layl> I won't actually use such a system
[08:51:21] <Layl> but it would be nice to have
[08:51:26] <fkaa> "nears completion" in a month?
[08:51:32] <fkaa> sounds like a tight schedule
[08:51:43] <tomaka> spir-v specs are already public
[08:51:50] <fkaa> provisional, yeah
[08:52:05] <fkaa> i think some stuff is going to change
[08:52:14] <fkaa> decorations on types for example
[08:53:10] <Layl> I wonder if it's worth it making a rust-to-spirv compiler
[08:53:25] <Layl> didn't they make a llvm backend for spirv?
[08:53:42] <fkaa> the ir is compatible with llvm stuff
[08:54:01] <tomaka> the stdlib probably won't work very well
[08:54:02] <fkaa> no official stuff yet afaik
[08:54:20] <Layl> tomaka, no need to have everything work with it right?
[08:54:43] <fkaa> there aren't that many compile time guarantees
[08:55:26] <fkaa> there might also be an official textual representation, and if not, unofficial
[08:55:29] <fkaa> which is neat :)
[08:56:55] *** Quits: lenstr (lenstr@moz-haa.vju.25.171.IP) (A TLS packet with unexpected length was received.)
[08:57:07] <fkaa> Layl: someone made a spir-v vm already
[08:57:38] <Layl> how will compute stuff work with vulkan anyways
[08:57:51] <Layl> or will it all become so abstract there's no real difference between compute and rendering
[08:58:03] <fkaa> uhh
[08:58:12] <fkaa> can't remember the names from the slides
[08:58:19] <Layl> or is compute out of scope
[08:58:26] <fkaa> no
[08:58:37] <tomaka> there's a compute queue that can do only computing
[08:58:45] <fkaa> ^
[08:58:51] <fkaa> similar to metal
[08:58:53] <tomaka> and the rendering queue can do computing as well
[08:59:01] <Layl> ah so it's not at an abstract level that it's all the same thing
[08:59:19] <fkaa> compute shaders will use spir-v too
[08:59:30] <tomaka> rendering is helped by the hardware so you can't make it generic
[08:59:30] <fkaa> just that it will have different set of capabilities
[08:59:31] <Layl> guess the GPU can do some things more efficiently than you could do with compute alone
[09:00:09] *** Joins: lenstr (lenstr@moz-haa.vju.25.171.IP)
[09:00:15] <Layl> tomaka, how are you planning to continue the development of glium post-vulkan?
[09:00:49] <tomaka> glium has an end goal which is to wrap around everything that is possible with opengl
[09:00:56] *** Quits: lenstr (lenstr@moz-haa.vju.25.171.IP) (A TLS packet with unexpected length was received.)
[09:00:58] <tomaka> it's not an open ended library that will evolve forever
[09:01:04] <tomaka> it just matches what opengl allows
[09:01:07] <fkaa> Layl: https://www.khronos.org/registry/spir-v/specs/1.0/SPIRV.html#_a_id_capabilities_a_language_capabilities
[09:01:20] <Layl> I see, so if you were to want to have a higher level library over vulkan, glium wouldn't be it
[09:01:52] <tomaka> I guess I'd have less time for glium
[09:01:53] <fkaa> vulkium
[09:02:14] <tomaka> but glium already looks strong, there's less and less work to do as time advances
[09:02:35] <tomaka> it's mostly textures that are shitty right now
[09:03:42] <fkaa> surprised nobody has started vk-rs yet :p
[09:03:55] <tomaka> fkaa: https://github.com/tomaka/vulkano
[09:04:06] <fkaa> :D
[09:04:38] *** Quits: mindtree (Mitch@moz-nkr.6dr.240.116.IP) (Ping timeout: 121 seconds)
[09:04:48] *** Quits: soos (qbm368@moz-3r8.401.101.140.IP) (Ping timeout: 121 seconds)
[09:07:51] *** Joins: wipeD (wipeD@moz-roiskj.dynamic.kabel-deutschland.de)
[09:08:09] <Layl> I hope vulkan will bring an end to drivers having game-specific code in them to fix shoddy programmer mistakes in big name games
[09:08:14] <Layl> I'm not holding my breath though
[09:08:24] <scoopr> tomaka, loved reading your design.md on the vulkan stuff, struggling with few of these same stuff with metal, although I'm still on the c++ side
[09:09:16] <fkaa> Layl: patching vulkan stuff in a game is going to be much harder now, if not impossible
[09:10:00] <Layl> fkaa, if it means nvidia can boast they can run Battle of Modern Durty Field 59 at 5% faster speed, they'll find a way
[09:11:52] *** Quits: canhtak (jeremy@moz-kcs.u0t.149.5.IP) (Client exited)
[09:12:37] *** Joins: canhtak (jeremy@moz-kcs.u0t.149.5.IP)
[09:14:20] *** Joins: zyphrus (David@moz-ba5.pas.98.101.IP)
[09:15:29] *** Joins: aepsil0n (eduard@moz-bb03e3.hsi8.kabel-badenwuerttemberg.de)
[09:16:25] *** Quits: summerlight (summerlight@moz-lb3.6do.193.175.IP) (Ping timeout: 121 seconds)
[09:21:36] *** Joins: genbattle (genbattle@moz-7ed3r9.xtra.co.nz)
[09:25:19] <OmniMancer> The GPU does a few things in hardware, actual rasterisation
[09:25:21] <OmniMancer> texture sampling
[09:25:27] <OmniMancer> blend and writeback
[09:25:31] <OmniMancer> tesselation
[09:28:15] *** Quits: xales (xales@moz-nd7fuc.naveria.com) (Connection closed)
[09:30:05] <scoopr> at least blending depends on hw, tegras have a gl extension to access the blendee-sample in shader, allowing for custom blending, and I believe the glBlend* stuff just modify the shader to modify the gl_FragColor with the blend sample
[09:30:36] <scoopr> also metal exposes similar for the powervr
[09:32:27] <scoopr> hm, actually es3 has EXT_shader_framebuffer_fetch too
[09:32:35] <scoopr> on ios
[09:33:16] *** Quits: qrlpx (smuxi@moz-n7t.3nb.211.95.IP) (Connection closed)
[09:35:49] <OmniMancer> I feel like those would be horribly slow
[09:36:36] *** Joins: gonzaloserrano2 (Adium@moz-7tk.n87.126.91.IP)
[09:36:44] <scoopr> well, on some hw it does it like that anyway
[09:36:51] <scoopr> but then again, blending *is* slow ;)
[09:37:24] *** Quits: gonzaloserrano (Adium@moz-7tk.n87.126.91.IP) (Ping timeout: 121 seconds)
[09:38:34] <OmniMancer> but the hardware part can be really constant latency
[09:38:43] *** Quits: canhtak (jeremy@moz-kcs.u0t.149.5.IP) (Ping timeout: 121 seconds)
[09:41:33] *** Joins: xales (xales@moz-nd7fuc.naveria.com)
[09:42:59] *** Joins: felixr (manjaro-kde@moz-l8snbd.dynamic.mnet-online.de)
[09:45:14] *** Quits: felixr (manjaro-kde@moz-l8snbd.dynamic.mnet-online.de) (Quit: Konversation terminated!)
[09:45:20] *** Joins: felixr (manjaro-kde@moz-l8snbd.dynamic.mnet-online.de)
[09:46:15] *** Quits: sambotron (sambotron@moz-nao11s.ca.comcast.net) (Connection closed)
[09:46:17] *** Joins: sambotron (sambotron@moz-nao11s.ca.comcast.net)
[09:46:20] *** Quits: sambotron (sambotron@moz-nao11s.ca.comcast.net) (Connection closed)
[09:46:58] *** Joins: dmac_ (dmac@moz-2ig65r.ca.comcast.net)
[09:47:18] <Layl> is there any performane penalty for using texture arrays instead of 2D texture atlasses
[09:49:42] <fkaa> for each sprite or one array entry per atlas?
[09:50:07] <Layl> I mean when rendering
[09:50:17] <Layl> say I'm rendering a large voxel mesh of blocks
[09:50:36] <Layl> what would be the difference performance wise between using a 2D texture atlas or a texture array
[09:50:52] *** Joins: sambotron (sambotron@moz-nao11s.ca.comcast.net)
[09:51:02] <fkaa> depends on what data you have >.> and how many draw calls you have
[09:51:04] *** Quits: dmac_ (dmac@moz-2ig65r.ca.comcast.net) (Ping timeout: 121 seconds)
[09:51:32] <Layl> assuming draw calls is the same for either case
[09:51:40] <Layl> and how would the data make a difference?
[09:52:23] *** Quits: mmatyas (mmatyas@moz-4lg94m.inf.u-szeged.hu) (Connection closed)
[09:52:44] <fkaa> with texture atlases you're responsible for choosing what index in the array to sample from. you could make this behave like the old style (setting a uniform per draw call) or embed the index in the vertex data
[09:53:09] <fkaa> eg. [x, y, z, nx, ny, nz, t_idx]
[09:53:20] <Layl> ah well this would be on a per-vertex basis
[09:53:38] <Layl> since the point of using an atlas would be to avoid splitting accross draw calls in the first place
[09:54:32] <fkaa> if all your texture data fits inside a texture atlas then you could have a single draw call, assuming you're using one shader program for drawing everything
[09:54:37] *** Joins: filsmick (filsmick@moz-92lhf0.abo.wanadoo.fr)
[09:54:40] *** Quits: filsmick (filsmick@moz-92lhf0.abo.wanadoo.fr) (Connection closed)
[09:55:19] <Layl> well yea but I'm looking at simplifying some stuff by replacing the atlas with a texture array
[09:55:26] <Layl> and I want to know if there's a performance impact from doing that
[09:55:35] <fkaa> texture arrays would be the same, though i'm leaning towards it for having better performance characteristics (no clue what it really is) since the data is grouped more logically
[09:55:53] <fkaa> no wait
[09:56:02] <fkaa> it uses morton indexing anyways, so probably not
[09:56:09] <Layl> I can imagine there might be a slight penalty since the vertices are bigger for the extra data to select the index
[09:56:09] <fkaa> ZZZZZ
[09:56:27] <fkaa> not really, especially with voxels
[09:57:17] <Layl> the extra vertex data might be negligible
[09:58:17] <fkaa> less draw calls > less data
[09:58:27] <fkaa> you do draw calls every frame, data upload not so much
[09:59:18] <Layl> well this would be the same amount of drawcalls
[09:59:33] <Layl> it would just simplify the way I maintain textures
[09:59:36] <scoopr> I'll settle this for you: benchmark it ;)
[09:59:50] <Layl> egh that takes time
[10:00:17] *** Joins: soos (qbm368@moz-3r8.401.101.140.IP)
[10:01:15] <scoopr> if you don't care to benchmark, do you care the negible perf difference? ;)
[10:01:15] *** Joins: lenstr (lenstr@moz-haa.vju.25.171.IP)
[10:01:23] <fkaa> heh, this reminds me of chemistry lab time
[10:01:45] <Layl> I don't care about negligible perf difference no
[10:01:48] <fkaa> make hypothesis, test stuff, fail course
[10:01:54] <fkaa> except this is more fun
[10:02:12] <Layl> I still wonder what's the fastest way to replace data for multiple chunks of voxel vertices
[10:02:49] <Layl> glMultiDrawArrays apparently doesn't do what you expect
[10:03:05] <Layl> rather than being an efficient single drawcall, it just calls glDrawArrays multiple times
[10:03:58] *** Joins: bjz (bjz@moz-puppgq.tpgi.com.au)
[10:04:15] <fkaa> is splitting it up that bad?
[10:04:24] *** Quits: soos (qbm368@moz-3r8.401.101.140.IP) (Ping timeout: 121 seconds)
[10:04:50] <Layl> well it means 64 drawcalls instead of 1
[10:04:56] <Layl> roughly
[10:05:04] <fkaa> drawing chunks?
[10:05:08] <Layl> yea
[10:05:12] <fkaa> cull!
[10:05:15] <fkaa> cull them all!
[10:05:18] *** Quits: lenstr (lenstr@moz-haa.vju.25.171.IP) (Ping timeout: 121 seconds)
[10:05:23] <fkaa> okay, not all of them
[10:05:36] <Layl> if I could just treat a VBO like a heap, I can just stuff all the chunks in there
[10:05:54] <Layl> and then tell glMultiDrawArrays where the actual data is
[10:05:57] <fkaa> drawing all the chunks in one draw call is not going to be faster than drawing 50% each time
[10:06:33] <Layl> you can do both though
[10:06:37] <scoopr> glMultiDrawArraysIndirect is supposedly actually more performant, as the gpu gets all the info it needs to do all the draws, but again I haven't been able to use it since osx.
[10:06:50] <fkaa> scoopr: i feel you :(
[10:07:00] <fkaa> damn you, sour apple
[10:07:00] <Layl> it's also gl 4.3 minimum
[10:07:25] <Layl> but yea you can both treat a VBO like a heap like that, and at the same time cull and only draw what you want
[10:07:28] <Layl> best of both worlds
[10:07:55] <Layl> IF you could tell opengl to only draw a subset of the data
[10:08:47] <scoopr> well, if make a new index that references only the subset?
[10:09:16] <Layl> ah well if you assume you're using indices
[10:09:33] <Layl> that would mean you have to re-create that indices vbo every time though
[10:09:39] <Layl> or re-use the same one with different data every frame
[10:10:29] <fkaa> guh, i'm at a loss on how to design this api to be rusty and typesafe
[10:11:46] *** Joins: soos (qbm368@moz-3r8.401.101.140.IP)
[10:12:11] <scoopr> I guess you could have premade index for certain subsets of data, like "this quadrant from +x direction" or whatnot
[10:12:53] <Layl> now we're entering the "more difficulty than I want to go into" area
[10:13:07] <fkaa> https://github.com/fkaa/sparv/blob/master/src/spirv/mod.rs#L18-L25 feels like C
[10:13:33] <Layl> fkaa, I generally feel like IDs are common in rust because ownership means you can't just keep pointers
[10:13:37] <Layl> and that's a good thing
[10:13:52] <fkaa> Id is just a typedef of a u32, heh
[10:14:33] <fkaa> hmm
[10:14:49] <fkaa> variable operand count sucks
[10:16:09] <Layl> I'm thinking of using wrapper structs around IDs to make lookups safer
[10:16:14] *** Joins: jensnock_ (jensnockert@moz-pvj.o2f.219.84.IP)
[10:16:25] <fkaa> pen and paper time!
[10:19:52] *** Quits: gonzaloserrano2 (Adium@moz-7tk.n87.126.91.IP) (Connection closed)
[10:19:53] *** Joins: gonzaloserrano (Adium@moz-7tk.n87.126.91.IP)
[10:20:31] *** Quits: jensnock_ (jensnockert@moz-pvj.o2f.219.84.IP) (Ping timeout: 121 seconds)
[10:25:22] *** Joins: mmatyas (mmatyas@moz-4lg94m.inf.u-szeged.hu)
[10:27:35] *** Quits: p1start (p1start@moz-nftjhe.org) (Ping timeout: 121 seconds)
[10:29:43] *** Quits: sambotron (sambotron@moz-nao11s.ca.comcast.net) (Quit: )
[10:39:08] <tomaka> Layl: glium support glMultiDrawArraysIndirect if you want to try
[10:39:41] <tomaka> supports*
[10:39:42] <tomaka> through index::NoIndicesCommandBuffer or something with a similar ame
[10:39:42] <tomaka> name*
[10:40:10] <Layl> I don't like that 4.3 minimum requirement though
[10:41:21] <tomaka> the extension is supported by 52% of the machines according to the capabilities database
[10:41:37] <tomaka> I don't remember if I handle the extension in glium though
[10:42:02] <Layl> 52% of all gamer machines is still a bit iffy
[10:42:18] <tomaka> yeah I do
[10:42:24] <Layl> that means the other 48% won't be able to run it
[10:42:27] <tomaka> it's not 52% of gamer machines, it's 52% of all machines
[10:42:41] <Layl> hm, that's more reasonable
[10:42:43] <tomaka> for example my laptop with an intel chipset supports it
[10:42:57] <fkaa> what's it called?
[10:43:00] <fkaa> i can check on mine
[10:43:30] <tomaka> according to the same database only 84% of the machines support framebuffer objects (ie. render to texture)
[10:43:37] <tomaka> fkaa: GL_ARB_multi_draw_indirect
[10:43:55] <Layl> alright, what's an amount of voxel data that would be totally unreasonable drawn with a draw call per chunk, but reasonable if I somehow managed to call all that data in one drawcall
[10:44:04] *** Joins: canhtak (jeremy@moz-kcs.u0t.149.5.IP)
[10:44:43] <scoopr> osx seem to be the biggest non-supporter for these newfangled gl extensions
[10:44:54] <tomaka> everything's reasonable if you draw it in once draw call
[10:44:59] <scoopr> though in the case of multidrawindirect, I think the fallback path should be fairly easy
[10:45:15] <OmniMancer> how is gallium3d at support?
[10:45:33] <Layl> say I take minecraft far render distance, but 4 times that amount of voxels
[10:45:40] <Layl> would that be reasonable with a draw call per chunk
[10:45:48] <fkaa> scoopr: yeah, iirc the extension actually shows psuedo code of how it works
[10:46:01] <fkaa> for ... { DrawArrays() } or something
[10:46:12] <fkaa> well, not indirect, just multidraw
[10:46:28] <tomaka> with multidraw+indirect you can use a list of commands stored in video memory
[10:46:31] <tomaka> that's the whole point in fact
[10:46:33] <OmniMancer> use enough voxels so that the elements become << than a pixel in the view
[10:46:42] <tomaka> so you can for example use a compute shader to create the list of things to draw
[10:47:07] <OmniMancer> oooh :)
[10:47:13] <tomaka> I don't think you can emulate that with the driver without a big performance hit
[10:47:27] <OmniMancer> have compute shader run ray marching renderer for voxels
[10:47:43] *** Joins: dmac_ (dmac@moz-2ig65r.ca.comcast.net)
[10:48:20] <fkaa> osx has draw_indirect, but not multidraw_indirect
[10:49:57] <fkaa> tomaka: http://puu.sh/j9Kg5/1671025d94.png :D
[10:50:10] *** Joins: OmniMancer1 (OmniMancer@moz-ffb9qp.xtra.co.nz)
[10:51:49] *** Quits: dmac_ (dmac@moz-2ig65r.ca.comcast.net) (Ping timeout: 121 seconds)
[10:51:55] *** Quits: canhtak (jeremy@moz-kcs.u0t.149.5.IP) (Client exited)
[10:53:09] *** Joins: canhtak (jeremy@moz-kcs.u0t.149.5.IP)
[10:53:30] *** Quits: OmniMancer (OmniMancer@moz-ffb9qp.xtra.co.nz) (Ping timeout: 121 seconds)
[10:54:49] *** Quits: genbattle (genbattle@moz-7ed3r9.xtra.co.nz) (Quit: Leaving)
[10:56:49] *** Quits: jeffdb (textual@moz-gujimv.ca.comcast.net) (Quit: My Mac has gone to sleep. ZZZzzz…)
[11:08:24] *** Quits: indefini (indefini@moz-4p4v25.ucom.ne.jp) (Connection closed)
[11:08:59] *** Quits: zyphrus (David@moz-ba5.pas.98.101.IP) (Ping timeout: 121 seconds)
[11:13:11] *** Joins: Boscop (me@moz-62b42p.vpn.uni-saarland.de)
[11:13:51] *** Joins: Boscop_ (me@moz-62b42p.vpn.uni-saarland.de)
[11:15:23] *** Quits: crisc__ (me@moz-62b42p.vpn.uni-saarland.de) (Ping timeout: 121 seconds)
[11:17:14] *** Quits: Boscop (me@moz-62b42p.vpn.uni-saarland.de) (Ping timeout: 121 seconds)
[11:17:23] *** Joins: Wild_Cat (Max@moz-p74.mqf.175.108.IP)
[11:19:38] *** Joins: niconii (nicole@moz-tnrd7m.frgo.qwest.net)
[11:22:30] *** Joins: SHC (quassel@moz-khk.4n5.98.59.IP)
[11:26:24] *** Quits: gonzaloserrano (Adium@moz-7tk.n87.126.91.IP) (Quit: Leaving.)
[11:30:26] *** Quits: canhtak (jeremy@moz-kcs.u0t.149.5.IP) (Client exited)
[11:34:41] *** Joins: gonzaloserrano (Adium@moz-m76il6.wholesale.adamo.es)
[11:43:41] *** Joins: mindtree (Mitch@moz-o1m.qht.138.202.IP)
[11:44:16] *** Quits: DDR (David@moz-m0hr92.vc.shawcable.net) (Connection closed)
[11:47:25] *** Joins: canhtak (jeremy@moz-kcs.u0t.149.5.IP)
[11:47:40] *** Joins: lenstr (lenstr@moz-haa.vju.25.171.IP)
[11:48:07] *** Quits: canhtak (jeremy@moz-kcs.u0t.149.5.IP) (Connection closed)
[11:48:28] *** Joins: dmac_ (dmac@moz-2ig65r.ca.comcast.net)
[11:51:44] *** Quits: lenstr (lenstr@moz-haa.vju.25.171.IP) (Ping timeout: 121 seconds)
[11:52:34] *** Quits: dmac_ (dmac@moz-2ig65r.ca.comcast.net) (Ping timeout: 121 seconds)
[11:58:30] *** Joins: canhtak (jeremy@moz-kcs.u0t.149.5.IP)
[11:59:09] *** Quits: bjz (bjz@moz-puppgq.tpgi.com.au) (Quit: My Mac has gone to sleep. ZZZzzz…)
[12:04:40] *** Quits: Wild_Cat (Max@moz-p74.mqf.175.108.IP) (Ping timeout: 121 seconds)
[12:05:06] *** Joins: gonzaloserrano1 (Adium@moz-m76il6.wholesale.adamo.es)
[12:06:25] *** Quits: gonzaloserrano (Adium@moz-m76il6.wholesale.adamo.es) (Ping timeout: 121 seconds)
[12:06:50] *** Quits: canhtak (jeremy@moz-kcs.u0t.149.5.IP) (Client exited)
[12:07:30] *** Joins: meh (meh@moz-44u.rrt.42.151.IP)
[12:07:55] *** Quits: tomaka (Pierre@moz-dsp4h5.abo.wanadoo.fr) (Quit: Leaving)
[12:08:57] *** Joins: canhtak (jeremy@moz-kcs.u0t.149.5.IP)
[12:16:44] *** Joins: askalski (akuda@moz-04u.ea7.238.91.IP)
[12:17:30] *** Joins: jensnock_ (jensnockert@moz-pvj.o2f.219.84.IP)
[12:17:32] *** Quits: askalski (akuda@moz-04u.ea7.238.91.IP) (Connection closed)
[12:17:36] *** Joins: askalski (akuda@moz-04u.ea7.238.91.IP)
[12:19:57] *** Quits: soos (qbm368@moz-3r8.401.101.140.IP) (Ping timeout: 121 seconds)
[12:21:32] *** Quits: jensnock_ (jensnockert@moz-pvj.o2f.219.84.IP) (Ping timeout: 121 seconds)
[12:22:02] *** Joins: soos (qbm368@moz-heo.sds.101.140.IP)
[12:23:39] *** Joins: tomaka (Pierre@moz-dsp4h5.abo.wanadoo.fr)
[12:25:20] *** Joins: Wild_Cat (Max@moz-p74.mqf.175.108.IP)
[12:25:48] *** Quits: gonzaloserrano1 (Adium@moz-m76il6.wholesale.adamo.es) (Quit: Leaving.)
[12:26:54] <tomaka> arg GLSL 1.00 doesn't have gl_FragDepth
[12:27:01] <tomaka> that's annoying
[12:29:53] <fkaa> isn't that the gles glsl extension?
[12:29:56] *** nical|away is now known as nical
[12:30:15] *** Joins: RC9 (RCIX@moz-7omm6s.ph.cox.net)
[12:30:35] *** Joins: gonzaloserrano (Adium@moz-m76il6.wholesale.adamo.es)
[12:30:40] *** Quits: Wild_Cat (Max@moz-p74.mqf.175.108.IP) (Ping timeout: 121 seconds)
[12:31:40] *** Joins: l1n3n01z (Mibbit@moz-2o17l2.dynamic.simnet.is)
[12:32:06] <l1n3n01z> hi, I'm trying to use RACER with piston
[12:32:30] *** Quits: wipeD (wipeD@moz-roiskj.dynamic.kabel-deutschland.de) (Connection closed)
[12:32:34] <l1n3n01z> and I think the backend/interface design is making things difficult for RACER
[12:32:54] <l1n3n01z> any hints on helping it to resolve crate lookup?
[12:33:17] *** Quits: soos (qbm368@moz-heo.sds.101.140.IP) (Ping timeout: 121 seconds)
[12:33:29] <l1n3n01z> e.g. I was looking up the definition of WindowSettings
[12:34:28] *** Quits: jensnockert (jensnockert@moz-0rd3rj.siw.siwnet.net) (Connection closed)
[12:34:29] *** Quits: RC9 (RCIX@moz-7omm6s.ph.cox.net) (Ping timeout: 121 seconds)
[12:34:46] <l1n3n01z> and racer sees that it's piston::window::WindowSettings, resolves window, then looks through the piston Cargo.toml but doesn't find any dependency on "window"
[12:35:19] *** Joins: soos (qbm368@moz-3r8.401.101.140.IP)
[12:35:19] *** Joins: Wild_Cat (Max@moz-p74.mqf.175.108.IP)
[12:37:10] *** Quits: canhtak (jeremy@moz-kcs.u0t.149.5.IP) (Ping timeout: 121 seconds)
[12:38:02] *** Quits: Boscop_ (me@moz-62b42p.vpn.uni-saarland.de) (Quit: Leaving)
[12:49:13] *** Joins: dmac_ (dmac@moz-2ig65r.ca.comcast.net)
[12:50:11] *** Parts: l1n3n01z (Mibbit@moz-2o17l2.dynamic.simnet.is) ()
[12:53:18] *** Quits: dmac_ (dmac@moz-2ig65r.ca.comcast.net) (Ping timeout: 121 seconds)
[12:53:49] *** Quits: OmniMancer1 (OmniMancer@moz-ffb9qp.xtra.co.nz) (Quit: Leaving.)
[12:57:04] *** Quits: Wild_Cat (Max@moz-p74.mqf.175.108.IP) (Connection closed)
[12:59:17] *** Joins: RC9 (RCIX@moz-7omm6s.ph.cox.net)
[12:59:26] *** Quits: ratboy (ratboy@moz-4e541i.adsl.tnnet.fi) (Quit: (null))
[13:01:53] *** Joins: AngelOfSol (AngelOfSol@moz-9l0nls.fios.verizon.net)
[13:06:33] *** Joins: jensnockert (jensnockert@moz-0rd3rj.siw.siwnet.net)
[13:10:20] *** Joins: canhtak (jeremy@moz-kcs.u0t.149.5.IP)
[13:19:33] *** Joins: Gyro (gyro@moz-38c.96l.252.66.IP)
[13:21:44] *** Joins: bjz (bjz@moz-puppgq.tpgi.com.au)
[13:21:57] *** Quits: Feyn (aram@moz-jpl.n4e.115.42.IP) (Ping timeout: 121 seconds)
[13:23:47] *** Quits: canhtak (jeremy@moz-kcs.u0t.149.5.IP) (Client exited)
[13:25:33] *** Quits: mindtree (Mitch@moz-o1m.qht.138.202.IP) (Ping timeout: 121 seconds)
[13:25:49] *** Quits: SHC (quassel@moz-khk.4n5.98.59.IP) (Ping timeout: 121 seconds)
[13:26:10] *** Joins: SHC (quassel@moz-ibf.rpn.213.117.IP)
[13:32:04] *** Quits: SHC (quassel@moz-ibf.rpn.213.117.IP) (Ping timeout: 121 seconds)
[13:32:44] *** Joins: SHC (quassel@moz-mdj.n9n.91.59.IP)
[13:34:40] *** Joins: Boscop (me@moz-kae.ahv.159.180.IP)
[13:35:18] *** Joins: wipeD (wipeD@moz-roiskj.dynamic.kabel-deutschland.de)
[13:35:32] *** Joins: canhtak (jeremy@moz-kcs.u0t.149.5.IP)
[13:35:52] *** Quits: infinityb (q@moz-2dsl85.yasashiisyndicate.org) (Ping timeout: 121 seconds)
[13:36:12] *** Joins: infinityb (q@moz-2dsl85.yasashiisyndicate.org)
[13:36:58] *** Joins: mindtree (Mitch@moz-o1m.qht.138.202.IP)
[13:40:38] *** Quits: canhtak (jeremy@moz-kcs.u0t.149.5.IP) (Client exited)
[13:41:38] *** Quits: SHC (quassel@moz-mdj.n9n.91.59.IP) (Ping timeout: 121 seconds)
[13:41:47] *** Joins: erickt (erickt@moz-njt.vqi.14.76.IP)
[13:42:39] *** Joins: SHC (quassel@moz-1u7.rpn.213.117.IP)
[13:49:15] *** Joins: Boscop_ (me@moz-hm12fn.vpn.uni-saarland.de)
[13:49:22] *** Quits: mindtree (Mitch@moz-o1m.qht.138.202.IP) (Ping timeout: 121 seconds)
[13:49:24] *** Quits: SHC (quassel@moz-1u7.rpn.213.117.IP) (Connection closed)
[13:49:57] *** Joins: dmac_ (dmac@moz-2ig65r.ca.comcast.net)
[13:50:12] *** Joins: SHC (quassel@moz-vl5.5dj.204.117.IP)
[13:52:35] *** Quits: Boscop (me@moz-kae.ahv.159.180.IP) (Ping timeout: 121 seconds)
[13:54:02] *** Quits: dmac_ (dmac@moz-2ig65r.ca.comcast.net) (Ping timeout: 121 seconds)
[13:56:47] *** Joins: demilux (demilux@moz-73qa6c.wa.comcast.net)
[13:59:06] *** Quits: SHC (quassel@moz-vl5.5dj.204.117.IP) (Ping timeout: 121 seconds)
[13:59:32] *** Joins: SHC (quassel@moz-vm4.ii5.3.61.IP)
[14:01:02] *** Quits: infinityb (q@moz-2dsl85.yasashiisyndicate.org) (Ping timeout: 121 seconds)
[14:03:26] *** Joins: infinityb (q@moz-2dsl85.yasashiisyndicate.org)
[14:10:40] *** Quits: demilux (demilux@moz-73qa6c.wa.comcast.net) (A TLS packet with unexpected length was received.)
[14:12:31] *** Quits: SHC (quassel@moz-vm4.ii5.3.61.IP) (Ping timeout: 121 seconds)
[14:12:36] *** Joins: demilux (demilux@moz-73qa6c.wa.comcast.net)
[14:15:08] *** Joins: SHC (quassel@moz-6q1.vqu.88.59.IP)
[14:18:18] *** Joins: jensnock_ (jensnockert@moz-pvj.o2f.219.84.IP)
[14:18:48] *** Quits: tomaka (Pierre@moz-dsp4h5.abo.wanadoo.fr) (Quit: Leaving)
[14:19:28] *** Joins: canhtak (jeremy@moz-kcs.u0t.149.5.IP)
[14:19:28] *** Quits: demilux (demilux@moz-73qa6c.wa.comcast.net) (A TLS packet with unexpected length was received.)
[14:21:18] *** Quits: flowsnake (flowsnake@moz-imbr2b.cable.virginm.net) (Connection closed)
[14:22:29] *** Quits: jensnock_ (jensnockert@moz-pvj.o2f.219.84.IP) (Ping timeout: 121 seconds)
[14:25:55] *** Joins: flowsnake (flowsnake@moz-imbr2b.cable.virginm.net)
[14:27:53] *** Quits: canhtak (jeremy@moz-kcs.u0t.149.5.IP) (Ping timeout: 121 seconds)
[14:30:38] *** Joins: lenstr (lenstr@moz-haa.vju.25.171.IP)
[14:33:45] *** Quits: lenstr (lenstr@moz-haa.vju.25.171.IP) (A TLS packet with unexpected length was received.)
[14:34:07] *** Joins: lenstr (lenstr@moz-haa.vju.25.171.IP)
[14:35:42] *** Quits: lenstr (lenstr@moz-haa.vju.25.171.IP) (A TLS packet with unexpected length was received.)
[14:36:06] *** Joins: lenstr (lenstr@moz-haa.vju.25.171.IP)
[14:38:55] *** Quits: lenstr (lenstr@moz-haa.vju.25.171.IP) (A TLS packet with unexpected length was received.)
[14:39:21] *** Joins: lenstr (lenstr@moz-haa.vju.25.171.IP)
[14:42:35] *** Joins: summerlight (summerlight@moz-lb3.6do.193.175.IP)
[14:45:05] *** Quits: lenstr (lenstr@moz-haa.vju.25.171.IP) (A TLS packet with unexpected length was received.)
[14:45:52] *** Joins: lenstr (lenstr@moz-haa.vju.25.171.IP)
[14:46:21] *** Quits: gonzaloserrano (Adium@moz-m76il6.wholesale.adamo.es) (Quit: Leaving.)
[14:47:10] *** Joins: geb019 (geb019@moz-fhohco.cpe.pppoe.ca)
[14:48:31] *** Joins: ytain (ytain@moz-u0rb5h.dsl.teksavvy.com)
[14:50:23] *** Joins: gonzaloserrano (Adium@moz-m76il6.wholesale.adamo.es)
[14:50:41] *** Joins: dmac_ (dmac@moz-2ig65r.ca.comcast.net)
[14:53:23] *** Quits: Seich (seich@moz-c69p98.9m7e.jh9g.9a00.2604.IP) (Ping timeout: 121 seconds)
[14:54:41] *** Joins: canhtak (jeremy@moz-kcs.u0t.149.5.IP)
[14:54:47] *** Quits: dmac_ (dmac@moz-2ig65r.ca.comcast.net) (Ping timeout: 121 seconds)
[14:55:48] *** Joins: Seich (seich@moz-c69p98.9m7e.jh9g.9a00.2604.IP)
[14:56:27] *** Joins: tomaka (Pierre@moz-dsp4h5.abo.wanadoo.fr)
[14:59:57] *** Joins: dmac_ (dmac@moz-2ig65r.ca.comcast.net)
[15:02:06] *** Joins: Boscop (me@moz-f5a.efk.198.67.IP)
[15:02:40] *** Quits: Boscop_ (me@moz-hm12fn.vpn.uni-saarland.de) (Ping timeout: 121 seconds)
[15:03:52] *** Quits: Seich (seich@moz-c69p98.9m7e.jh9g.9a00.2604.IP) (Ping timeout: 121 seconds)
[15:04:03] *** Quits: dmac_ (dmac@moz-2ig65r.ca.comcast.net) (Ping timeout: 121 seconds)
[15:04:31] *** Quits: canhtak (jeremy@moz-kcs.u0t.149.5.IP) (Client exited)
[15:04:44] *** Joins: Lilly (Lilly@moz-pfkvo9.bredband.comhem.se)
[15:05:49] *** Joins: Seich (seich@moz-c69p98.9m7e.jh9g.9a00.2604.IP)
[15:06:29] *** Joins: Binero (Binero@moz-33frsg.tp6s.jp58.a03f.2a02.IP)
[15:12:39] *** Quits: synthmeat (synthmeat@moz-kumco2.b585.9mbl.b0c0.2a03.IP) (Connection closed)
[15:13:53] *** Quits: Seich (seich@moz-c69p98.9m7e.jh9g.9a00.2604.IP) (Ping timeout: 121 seconds)
[15:15:50] *** Joins: Seich (seich@moz-c69p98.9m7e.jh9g.9a00.2604.IP)
[15:16:46] *** Quits: vadimcn (uid46608@moz-0d43u8.highgate.irccloud.com) (Quit: )
[15:16:47] *** Joins: vadimcn (uid46608@moz-9ioufh.tooting.irccloud.com)
[15:17:34] *** Joins: synthmeat (synthmeat@moz-kumco2.b585.9mbl.b0c0.2a03.IP)
[15:41:26] *** Quits: soos (qbm368@moz-3r8.401.101.140.IP) (Ping timeout: 121 seconds)
[15:43:29] *** Joins: soos (qbm368@moz-heo.sds.101.140.IP)
[15:49:28] *** Quits: Binero (Binero@moz-33frsg.tp6s.jp58.a03f.2a02.IP) (Ping timeout: 121 seconds)
[15:50:43] *** Joins: Fiveside (fiveside@moz-t2eatg.vsp.com)
[15:50:49] *** Quits: erickt (erickt@moz-njt.vqi.14.76.IP) (Ping timeout: 121 seconds)
[15:54:34] *** Quits: summerlight (summerlight@moz-lb3.6do.193.175.IP) (Ping timeout: 121 seconds)
[16:00:42] *** Joins: dmac_ (dmac@moz-2ig65r.ca.comcast.net)
[16:01:15] *** Quits: cstrahan (sid36118@moz-ed0n9r.highgate.irccloud.com) (Quit: )
[16:01:19] *** Joins: cstrahan (sid36118@moz-emm743.tooting.irccloud.com)
[16:04:48] *** Quits: dmac_ (dmac@moz-2ig65r.ca.comcast.net) (Ping timeout: 121 seconds)
[16:07:19] *** Joins: Binero (Binero@moz-33frsg.tp6s.jp58.a03f.2a02.IP)
[16:10:37] *** Quits: steshaw (sid30841@moz-mij4a1.highgate.irccloud.com) (Quit: )
[16:10:46] *** Joins: steshaw (sid30841@moz-gkeoob.tooting.irccloud.com)
[16:11:16] *** Joins: bvssvni (sven@moz-it1l50.bb.online.no)
[16:12:28] *** Quits: Pierre_M (Pierre_M@moz-l5anv0.slkc.qwest.net) (Ping timeout: 121 seconds)
[16:12:53] *** Quits: squiddy (squiddy@moz-md4.pm3.19.178.IP) (A TLS packet with unexpected length was received.)
[16:16:54] *** Joins: erickt (erickt@moz-njt.vqi.14.76.IP)
[16:19:07] *** Joins: jensnock_ (jensnockert@moz-pvj.o2f.219.84.IP)
[16:20:22] *** Quits: felixr (manjaro-kde@moz-l8snbd.dynamic.mnet-online.de) (Ping timeout: 121 seconds)
[16:23:24] *** Quits: jensnock_ (jensnockert@moz-pvj.o2f.219.84.IP) (Ping timeout: 121 seconds)
[16:24:11] *** Joins: Amaranth (travis@moz-1raqsl.cpe.cableone.net)
[16:26:51] *** Quits: lenstr (lenstr@moz-haa.vju.25.171.IP) (A TLS packet with unexpected length was received.)
[16:27:37] *** Joins: lenstr (lenstr@moz-haa.vju.25.171.IP)
[16:28:05] *** Quits: dmac (dmac@moz-2ig65r.ca.comcast.net) (Connection closed)
[16:28:09] *** Joins: jeffdb (textual@moz-gujimv.ca.comcast.net)
[16:30:20] *** Quits: gonzaloserrano (Adium@moz-m76il6.wholesale.adamo.es) (Quit: Leaving.)
[16:31:03] *** Quits: erickt (erickt@moz-njt.vqi.14.76.IP) (Ping timeout: 121 seconds)
[16:35:43] *** Quits: geb019 (geb019@moz-fhohco.cpe.pppoe.ca) (A TLS packet with unexpected length was received.)
[16:37:14] <Amaranth> Whoa mesa has GL 4.0 support now
[16:39:13] *** Joins: erickt (erickt@moz-njt.vqi.14.76.IP)
[16:39:56] <tomaka> ?
[16:40:15] <tomaka> You mean mesa's master branch or mesa that is published by distros?
[16:40:28] <Amaranth> Core mesa is up to 4.0 as of last night and nouveau actually advertises 4.1 for fermi cards
[16:40:32] <Amaranth> This is in master
[16:41:10] <Amaranth> There are patches in progress for support in the radeon driver as well, hopefully they'll make it before Mesa 11.0 comes out in September
[16:41:15] <Amaranth> Dunno about intel stuff
[16:41:22] *** Joins: geb019 (geb019@moz-fhohco.cpe.pppoe.ca)
[16:41:27] <tomaka> so around one or two years before it's distributed by ubuntu
[16:42:01] <Amaranth> If you're only counting LTS releases it'll be April 2016
[16:42:28] <Amaranth> Otherwise this might even make it in to their 15.10 release although probably not, don't know if they're still pulling mesa that late
[16:44:59] <Amaranth> Looks like once they make it over the compute shader hump for 4.3 they'll practically got 4.5 done too, maybe we'll see that next year
[16:46:43] *** Joins: felixr (manjaro-kde@moz-l8snbd.dynamic.mnet-online.de)
[16:47:47] *** Joins: vosen (vosen@moz-mtm1g4.dynamic.chello.pl)
[16:50:42] *** Joins: lenstr_ (lenstr@moz-4o5.vju.25.171.IP)
[16:50:48] *** Joins: pcwalton (pcwalton@moz-6kjabm.ca.comcast.net)
[16:51:46] *** Quits: felixr (manjaro-kde@moz-l8snbd.dynamic.mnet-online.de) (Ping timeout: 121 seconds)
[16:51:56] *** Quits: geb019 (geb019@moz-fhohco.cpe.pppoe.ca) (Quit: )
[16:52:39] *** Quits: jack (sid19593@moz-fhlsm9.highgate.irccloud.com) (Quit: )
[16:52:43] *** Joins: jack (sid19593@moz-81tj3u.tooting.irccloud.com)
[16:53:39] *** Quits: lenstr (lenstr@moz-haa.vju.25.171.IP) (Ping timeout: 121 seconds)
[16:55:28] *** Joins: wipeDx (wipeD@moz-roiskj.dynamic.kabel-deutschland.de)
[16:55:41] *** Joins: eljay (eljay@moz-fmte10.skybroadband.com)
[16:56:18] *** Joins: dmac_ (dmac@moz-4kcd1c.ca.comcast.net)
[16:56:31] *** dmac_ is now known as dmac
[16:58:29] *** Quits: wipeD (wipeD@moz-roiskj.dynamic.kabel-deutschland.de) (Ping timeout: 121 seconds)
[16:59:28] *** Quits: erickt (erickt@moz-njt.vqi.14.76.IP) (Ping timeout: 121 seconds)
[16:59:41] *** Joins: erickt (erickt@moz-njt.vqi.14.76.IP)
[17:00:41] *** Joins: Pierre_M (Pierre_M@moz-g3a.5hf.152.12.IP)
[17:04:05] *** Joins: Pierre_M__ (Pierre_M@moz-l5anv0.slkc.qwest.net)
[17:06:02] *** Quits: merl (sid17756@moz-n96e6m.highgate.irccloud.com) (Quit: )
[17:06:05] *** Joins: merl (sid17756@moz-kp9qtk.tooting.irccloud.com)
[17:07:02] *** Quits: huhlig (sid17687@moz-mt3sa2.highgate.irccloud.com) (Quit: )
[17:07:06] *** Joins: huhlig (sid17687@moz-mn7d1j.tooting.irccloud.com)
[17:07:18] *** Quits: Pierre_M (Pierre_M@moz-g3a.5hf.152.12.IP) (Ping timeout: 121 seconds)
[17:10:14] *** Quits: meh (meh@moz-44u.rrt.42.151.IP) (Quit: I don't want to live on this planet anymore.)
[17:14:00] *** Quits: kkus (kkus@moz-oqbbml.fios.verizon.net) (Connection closed)
[17:16:49] *** Quits: aepsil0n (eduard@moz-bb03e3.hsi8.kabel-badenwuerttemberg.de) (Connection closed)
[17:18:06] *** Joins: photex (photex@moz-3g7.khp.101.46.IP)
[17:18:58] *** Joins: Jackneill (Jackneill@moz-v8ols6.pool.digikabel.hu)
[17:20:08] *** Quits: aljosa (sid16668@moz-m0qcnu.highgate.irccloud.com) (Quit: )
[17:20:21] *** Joins: aljosa (sid16668@moz-2q0rrh.tooting.irccloud.com)
[17:26:46] *** Quits: vadimcn (uid46608@moz-9ioufh.tooting.irccloud.com) (Quit: Connection closed for inactivity)
[17:27:19] *** Joins: brson (brson@moz-qjbkeh.mtv2.mozilla.com)
[17:28:02] *** Quits: pcwalton (pcwalton@moz-6kjabm.ca.comcast.net) (Client exited)
[17:28:15] *** Quits: ytain (ytain@moz-u0rb5h.dsl.teksavvy.com) (Quit: Textual IRC Client: www.textualapp.com)
[17:29:40] *** Joins: aepsil0n (eduard@moz-bb03e3.hsi8.kabel-badenwuerttemberg.de)
[17:32:52] *** Quits: Pierre_M__ (Pierre_M@moz-l5anv0.slkc.qwest.net) (Ping timeout: 121 seconds)
[17:34:13] *** Quits: aepsil0n (eduard@moz-bb03e3.hsi8.kabel-badenwuerttemberg.de) (Connection closed)
[17:34:37] *** Joins: aepsil0n (eduard@moz-adiikc.5mue.uq8s.8071.2a02.IP)
[17:39:02] *** Quits: lenstr_ (lenstr@moz-4o5.vju.25.171.IP) (A TLS packet with unexpected length was received.)
[17:40:01] *** Joins: pcwalton (pcwalton@moz-nh2.o1i.216.216.IP)
[17:40:40] *** Joins: Pierre_M (Pierre_M@moz-l5anv0.slkc.qwest.net)
[17:43:20] *** Joins: demilux (demilux@moz-fk1.kt4.14.64.IP)
[17:44:58] *** Joins: O01eg (o01eg@moz-4l9ah8.dbum.qgre.2698.2a02.IP)
[17:47:20] *** Joins: meh (meh@moz-sckjp7.business.telecomitalia.it)
[17:56:54] *** Quits: pcwalton (pcwalton@moz-nh2.o1i.216.216.IP) (Client exited)
[17:57:40] *** Joins: Gabriel_7 (Gabriel@moz-0e13rm.mtgr.92aj.0e35.2a01.IP)
[17:57:44] *** Joins: filsmick (filsmick@moz-92lhf0.abo.wanadoo.fr)
[17:59:53] *** Joins: FrozenCow (FrozenCow@moz-i2tvv4.chello.nl)
[18:00:02] *** Joins: lenstr (lenstr@moz-4o5.vju.25.171.IP)
[18:04:57] *** Joins: avikpal (avikpal@moz-vqb.fgm.194.117.IP)
[18:06:00] *** Quits: Jesin (Jesin@moz-sak2gd.cc.lehigh.edu) (Quit: Leaving)
[18:07:14] *** Quits: aepsil0n (eduard@moz-adiikc.5mue.uq8s.8071.2a02.IP) (Quit: Leaving.)
[18:09:11] *** Quits: Gabriel_7 (Gabriel@moz-0e13rm.mtgr.92aj.0e35.2a01.IP) (Connection closed)
[18:10:57] *** Quits: SHC (quassel@moz-6q1.vqu.88.59.IP) (A TLS packet with unexpected length was received.)
[18:11:00] *** Joins: Jesin (Jesin@moz-sak2gd.cc.lehigh.edu)
[18:13:55] *** Joins: kkus (kkus@moz-oqbbml.fios.verizon.net)
[18:20:03] *** Joins: jensnock_ (jensnockert@moz-pvj.o2f.219.84.IP)
[18:20:03] *** Quits: lenstr (lenstr@moz-4o5.vju.25.171.IP) (Connection closed)
[18:21:05] *** Joins: lenstr (lenstr@moz-4o5.vju.25.171.IP)
[18:23:15] *** Joins: aepsil0n (eduard@moz-bb03e3.hsi8.kabel-badenwuerttemberg.de)
[18:23:29] *** Joins: Boscop_ (me@moz-kae.ahv.159.180.IP)
[18:23:45] *** Joins: Gabriel_7 (Gabriel@moz-0e13rm.mtgr.92aj.0e35.2a01.IP)
[18:24:16] *** Quits: jensnock_ (jensnockert@moz-pvj.o2f.219.84.IP) (Ping timeout: 121 seconds)
[18:26:51] *** Quits: Boscop (me@moz-f5a.efk.198.67.IP) (Ping timeout: 121 seconds)
[18:27:39] *** Quits: FrozenCow (FrozenCow@moz-i2tvv4.chello.nl) (Connection closed)
[18:28:19] *** Joins: aepsil0n1 (eduard@moz-jccaht.hsi8.kabel-badenwuerttemberg.de)
[18:28:19] *** Joins: sargas (sargas@moz-863roc.hfc.comcastbusiness.net)
[18:28:49] *** Quits: aepsil0n1 (eduard@moz-jccaht.hsi8.kabel-badenwuerttemberg.de) (Quit: Leaving.)
[18:29:18] *** Quits: aepsil0n (eduard@moz-bb03e3.hsi8.kabel-badenwuerttemberg.de) (Ping timeout: 121 seconds)
[18:29:58] *** Quits: avikpal (avikpal@moz-vqb.fgm.194.117.IP) (Ping timeout: 121 seconds)
[18:34:26] *** Joins: Boscop__ (me@moz-f5a.efk.198.67.IP)
[18:36:09] *** Joins: avikpal (avikpal@moz-vqb.fgm.194.117.IP)
[18:37:21] *** Quits: Boscop_ (me@moz-kae.ahv.159.180.IP) (Ping timeout: 121 seconds)
[18:39:05] *** Quits: wipeDx (wipeD@moz-roiskj.dynamic.kabel-deutschland.de) (Ping timeout: 121 seconds)
[18:39:37] *** Joins: wipeD (wipeD@moz-roiskj.dynamic.kabel-deutschland.de)
[18:42:37] *** Joins: pcwalton (pcwalton@moz-l8ebtf.sfo1.mozilla.com)
[18:45:00] *** Quits: bvssvni (sven@moz-it1l50.bb.online.no) (Client exited)
[18:48:09] *** Quits: filsmick (filsmick@moz-92lhf0.abo.wanadoo.fr) (Connection closed)
[18:48:30] *** Joins: filsmick (filsmick@moz-92lhf0.abo.wanadoo.fr)
[18:58:54] *** Joins: wipeDx (wipeD@moz-roiskj.dynamic.kabel-deutschland.de)
[18:59:51] *** Quits: wipeD (wipeD@moz-roiskj.dynamic.kabel-deutschland.de) (Quit: G'bye)
[19:03:18] *** Quits: Binero (Binero@moz-33frsg.tp6s.jp58.a03f.2a02.IP) (Ping timeout: 121 seconds)
[19:12:49] *** Joins: dov (anonymous@moz-4v9j72.red.bezeqint.net)
[19:14:22] *** Joins: avikpal_ (avikpal@moz-pfe.t2s.79.112.IP)
[19:17:05] *** Quits: avikpal (avikpal@moz-vqb.fgm.194.117.IP) (Ping timeout: 121 seconds)
[19:20:57] *** Joins: Binero (Binero@moz-33frsg.tp6s.jp58.a03f.2a02.IP)
[19:22:20] *** Joins: mrx (mrx@moz-d3k.sn4.222.93.IP)
[19:23:36] *** Quits: jeffdb (textual@moz-gujimv.ca.comcast.net) (Ping timeout: 121 seconds)
[19:25:59] <Binero> I want to experiment with vector graphics in rust. Is there any good tools for this available? I know of piston-graphics, but that seems a bit lacking and does not allow me to read graphics from a file. 
[19:33:48] <FreeFull> What sort of format do you want to read? SVG?
[19:33:48] *** Joins: p1start (p1start@moz-nftjhe.org)
[19:34:29] <FreeFull> SVG is a bit complicated because it's XML. I don't know if there is any Rust library for reading SVG right now
[19:36:36] *** Joins: Wild_Cat (Max@moz-p74.mqf.175.108.IP)
[19:37:33] <Binero> FreeFull Any format with good support would work 
[19:37:48] <Binero> I am well aware SVG is huge 
[19:38:10] <Binero> I know there is a library that writes SVG in Rust 
[19:39:21] *** Joins: jcnewjersey2 (kkus@moz-oqbbml.fios.verizon.net)
[19:40:48] *** Quits: kkus (kkus@moz-oqbbml.fios.verizon.net) (Ping timeout: 121 seconds)
[19:42:41] <scoopr> you could maybe wrap nanovg
[19:43:06] <Binero> that doesn't compile 
[19:43:10] <Binero> opened an issue 
[19:43:24] <Binero> (I am talking about the Rust wrapper for it) 
[19:44:17] *** Joins: zyphrus (David@moz-ba5.pas.98.101.IP)
[19:44:25] *** Quits: brandonw (brandonw@moz-36sv6k.ma.charter.com) (*.net *.split)
[19:44:25] *** Quits: dmac (dmac@moz-4kcd1c.ca.comcast.net) (*.net *.split)
[19:44:25] *** Quits: lu324 (lu324___@moz-gogein.dhcp.embarqhsd.net) (*.net *.split)
[19:44:25] *** Quits: Aaron (aaron@moz-em79ik.aaronlindsay.com) (*.net *.split)
[19:44:25] *** Quits: tinaun (tinaun@moz-7l08ds.ct.comcast.net) (*.net *.split)
[19:44:25] *** Quits: benbergman (ben@moz-a5o1ip.skullspace.ca) (*.net *.split)
[19:44:25] *** Quits: Gyro (gyro@moz-38c.96l.252.66.IP) (*.net *.split)
[19:44:25] *** Quits: AngelOfSol (AngelOfSol@moz-9l0nls.fios.verizon.net) (*.net *.split)
[19:44:25] *** Quits: mcsu (mcsu@moz-pi2mqp.wishf.co.uk) (*.net *.split)
[19:44:25] *** Quits: brackets (brackets@moz-vid.clt.170.107.IP) (*.net *.split)
[19:44:25] *** Quits: Pierre_M_ (Pierre_M___@moz-l5anv0.slkc.qwest.net) (*.net *.split)
[19:44:25] *** Quits: Cathy (Cathy@moz-42tgij.bc.googleusercontent.com) (*.net *.split)
[19:44:25] *** Quits: zeiris (dan@moz-nfg.gu4.131.104.IP) (*.net *.split)
[19:44:25] *** Quits: shaw (shaw@moz-dsic97.members.linode.com) (*.net *.split)
[19:44:25] *** Quits: [o__o] ([o__o]@moz-4s2t5k.compute-1.amazonaws.com) (*.net *.split)
[19:44:25] *** Quits: Siyo (Siyo@moz-dm4.ko9.32.178.IP) (*.net *.split)
[19:44:25] *** Quits: oahner (oahner@moz-pjeneq.mc.videotron.ca) (*.net *.split)
[19:44:25] *** Quits: Philip (philip@moz-enbh1o.zaynar.co.uk) (*.net *.split)
[19:44:25] *** Quits: k1i (k1i@moz-cu3.cgm.243.162.IP) (*.net *.split)
[19:44:25] *** Quits: bodie (bodie@moz-vs7.tk8.243.162.IP) (*.net *.split)
[19:44:25] *** Quits: kidnapped_robot (kidnapped_r@moz-en3d16.il.comcast.net) (*.net *.split)
[19:44:25] *** Quits: awe (awe@moz-vpr.va5.236.104.IP) (*.net *.split)
[19:44:25] *** Quits: uwap (uwap@moz-damjth.com) (*.net *.split)
[19:44:25] *** Quits: gsingh93 (gsingh93@moz-uqh.mfp.236.104.IP) (*.net *.split)
[19:44:25] *** Quits: Shados (shados@moz-7qnm64.net) (*.net *.split)
[19:44:25] *** Quits: brson (brson@moz-qjbkeh.mtv2.mozilla.com) (*.net *.split)
[19:44:25] *** Quits: KokaKiwi (kokakiwi@moz-cagds5.kokakiwi.net) (*.net *.split)
[19:44:25] *** Quits: spacepluk (spacepluk@moz-q5r.q5o.19.50.IP) (*.net *.split)
[19:44:25] *** Quits: Amaranth (travis@moz-1raqsl.cpe.cableone.net) (*.net *.split)
[19:44:25] *** Quits: Boscop__ (me@moz-f5a.efk.198.67.IP) (*.net *.split)
[19:44:25] *** Quits: pcwalton (pcwalton@moz-l8ebtf.sfo1.mozilla.com) (*.net *.split)
[19:44:25] *** Quits: thesunnyk (quassel@moz-it3s0e.com) (*.net *.split)
[19:44:25] *** Quits: dormiens (alanjcfs@moz-04u.dnf.241.192.IP) (*.net *.split)
[19:44:25] *** Quits: jcnewjersey2 (kkus@moz-oqbbml.fios.verizon.net) (*.net *.split)
[19:44:25] *** Quits: bstrie (ben@moz-avu3ju.members.linode.com) (*.net *.split)
[19:44:25] *** Quits: Asandari (Asandari@moz-emp96u.cable.teksavvy.com) (*.net *.split)
[19:44:25] *** Quits: Comradephate (Comradephat@moz-450166.compute-1.amazonaws.com) (*.net *.split)
[19:44:25] *** Quits: niconii (nicole@moz-tnrd7m.frgo.qwest.net) (*.net *.split)
[19:44:25] *** Quits: iliekturtles (mike@moz-c7hb0v.me.comcast.net) (*.net *.split)
[19:44:25] *** Quits: c0a8 (joel@moz-6ampnk.gtri.gatech.edu) (*.net *.split)
[19:44:25] *** Quits: lahwran (lahwran@lahwran.net) (*.net *.split)
[19:44:25] *** Quits: Yurumechan (23f9939a@moz-eg6.d6u.78.121.IP) (*.net *.split)
[19:44:25] *** Quits: Jesin (Jesin@moz-sak2gd.cc.lehigh.edu) (*.net *.split)
[19:44:25] *** Quits: pingveno (alevar@moz-v9m50e.members.linode.com) (*.net *.split)
[19:44:37] *** Joins: brson (brson@moz-qjbkeh.mtv2.mozilla.com)
[19:44:37] *** Joins: lu324 (lu324___@moz-gogein.dhcp.embarqhsd.net)
[19:44:37] *** Joins: brackets (brackets@moz-vid.clt.170.107.IP)
[19:44:37] *** Joins: k1i (k1i@moz-cu3.cgm.243.162.IP)
[19:44:37] *** Joins: spacepluk (spacepluk@moz-q5r.q5o.19.50.IP)
[19:44:37] *** Joins: Comradephate (Comradephat@moz-450166.compute-1.amazonaws.com)
[19:44:37] *** Joins: awe (awe@moz-vpr.va5.236.104.IP)
[19:44:37] *** Joins: thesunnyk (quassel@moz-it3s0e.com)
[19:44:37] *** Joins: uwap (uwap@moz-damjth.com)
[19:44:37] *** Joins: pcwalton (pcwalton@moz-l8ebtf.sfo1.mozilla.com)
[19:44:37] *** Joins: kidnapped_robot (kidnapped_r@moz-en3d16.il.comcast.net)
[19:44:37] *** Joins: bodie (bodie@moz-vs7.tk8.243.162.IP)
[19:44:37] *** Joins: dormiens (alanjcfs@moz-04u.dnf.241.192.IP)
[19:44:37] *** Joins: dmac (dmac@moz-4kcd1c.ca.comcast.net)
[19:44:37] *** Joins: jcnewjersey2 (kkus@moz-oqbbml.fios.verizon.net)
[19:44:37] *** Joins: Yurumechan (23f9939a@moz-eg6.d6u.78.121.IP)
[19:44:38] *** Joins: Cathy (Cathy@moz-42tgij.bc.googleusercontent.com)
[19:44:38] *** Joins: bstrie (ben@moz-avu3ju.members.linode.com)
[19:44:38] *** Joins: lahwran (lahwran@lahwran.net)
[19:44:38] *** Joins: Siyo (Siyo@moz-dm4.ko9.32.178.IP)
[19:44:38] *** Joins: pingveno (alevar@moz-v9m50e.members.linode.com)
[19:44:38] *** Joins: Shados (shados@moz-7qnm64.net)
[19:44:38] *** Joins: brandonw (brandonw@moz-36sv6k.ma.charter.com)
[19:44:38] *** Joins: iliekturtles (mike@moz-c7hb0v.me.comcast.net)
[19:44:38] *** Joins: AngelOfSol (AngelOfSol@moz-9l0nls.fios.verizon.net)
[19:44:38] *** Joins: Aaron (aaron@moz-em79ik.aaronlindsay.com)
[19:44:38] *** Joins: gsingh93 (gsingh93@moz-uqh.mfp.236.104.IP)
[19:44:38] *** Joins: [o__o] ([o__o]@moz-4s2t5k.compute-1.amazonaws.com)
[19:44:38] *** Joins: Boscop__ (me@moz-f5a.efk.198.67.IP)
[19:44:38] *** Joins: KokaKiwi (kokakiwi@moz-cagds5.kokakiwi.net)
[19:44:38] *** Joins: Gyro (gyro@moz-38c.96l.252.66.IP)
[19:44:38] *** Joins: Philip (philip@moz-enbh1o.zaynar.co.uk)
[19:44:38] *** Joins: zeiris (dan@moz-nfg.gu4.131.104.IP)
[19:44:38] *** Joins: niconii (nicole@moz-tnrd7m.frgo.qwest.net)
[19:44:38] *** Joins: benbergman (ben@moz-a5o1ip.skullspace.ca)
[19:44:38] *** Joins: oahner (oahner@moz-pjeneq.mc.videotron.ca)
[19:44:38] *** Joins: Jesin (Jesin@moz-sak2gd.cc.lehigh.edu)
[19:44:38] *** Joins: mcsu (mcsu@moz-pi2mqp.wishf.co.uk)
[19:44:38] *** Joins: Amaranth (travis@moz-1raqsl.cpe.cableone.net)
[19:44:38] *** Joins: Pierre_M_ (Pierre_M___@moz-l5anv0.slkc.qwest.net)
[19:44:38] *** Joins: Asandari (Asandari@moz-emp96u.cable.teksavvy.com)
[19:44:38] *** Joins: tinaun (tinaun@moz-7l08ds.ct.comcast.net)
[19:44:38] *** Joins: c0a8 (joel@moz-6ampnk.gtri.gatech.edu)
[19:44:38] *** Joins: shaw (shaw@moz-dsic97.members.linode.com)
[19:47:35] *** Quits: p1start (p1start@moz-nftjhe.org) (Ping timeout: 121 seconds)
[19:51:01] *** Quits: sargas (sargas@moz-863roc.hfc.comcastbusiness.net) (Quit: This computer has gone to sleep)
[19:51:40] *** Parts: dov (anonymous@moz-4v9j72.red.bezeqint.net) ()
[19:54:43] *** Quits: filsmick (filsmick@moz-92lhf0.abo.wanadoo.fr) (Connection closed)
[19:54:44] *** Joins: filsmick (filsmick@moz-92lhf0.abo.wanadoo.fr)
[19:55:26] *** Quits: filsmick (filsmick@moz-92lhf0.abo.wanadoo.fr) (Quit: )
[19:58:30] *** Quits: askalski (akuda@moz-04u.ea7.238.91.IP) (Quit: Wychodzi)
[19:58:45] *** Joins: avikpal (avikpal@moz-vqb.fgm.194.117.IP)
[20:00:35] *** Quits: lenstr (lenstr@moz-4o5.vju.25.171.IP) (Quit: Leaving...)
[20:01:13] *** Quits: avikpal_ (avikpal@moz-pfe.t2s.79.112.IP) (Ping timeout: 121 seconds)
[20:01:36] *** Joins: avikpal_ (avikpal@moz-pfe.t2s.79.112.IP)
[20:04:38] *** Joins: mib_9xjl7m (Mibbit@moz-m38.0ml.160.130.IP)
[20:04:47] *** Quits: avikpal (avikpal@moz-vqb.fgm.194.117.IP) (Ping timeout: 121 seconds)
[20:10:48] *** Quits: flowsnake (flowsnake@moz-imbr2b.cable.virginm.net) (Ping timeout: 121 seconds)
[20:17:27] *** Joins: flowsnake (flowsnake@moz-imbr2b.cable.virginm.net)
[20:19:18] *** Quits: wipeDx (wipeD@moz-roiskj.dynamic.kabel-deutschland.de) (Quit: G'bye)
[20:19:38] *** Quits: mib_9xjl7m (Mibbit@moz-m38.0ml.160.130.IP) (Quit: http://www.mibbit.com ajax IRC Client)
[20:21:02] *** Joins: jensnock_ (jensnockert@moz-pvj.o2f.219.84.IP)
[20:22:05] *** Joins: Gamecubic (cubic@moz-bglmk5.mc.videotron.ca)
[20:25:13] *** Quits: jensnock_ (jensnockert@moz-pvj.o2f.219.84.IP) (Ping timeout: 121 seconds)
[20:30:22] *** Quits: Amaranth (travis@moz-1raqsl.cpe.cableone.net) (Connection closed)
[20:33:00] *** Joins: Amaranth (travis@moz-1raqsl.cpe.cableone.net)
[20:34:07] *** Quits: erickt (erickt@moz-njt.vqi.14.76.IP) (Ping timeout: 121 seconds)
[20:35:04] *** Quits: c0a8 (joel@moz-6ampnk.gtri.gatech.edu) (Ping timeout: 121 seconds)
[20:37:50] *** Joins: genbattle (genbattle@moz-4v0.gkd.16.182.IP)
[20:42:44] *** Quits: avikpal_ (avikpal@moz-pfe.t2s.79.112.IP) (Connection closed)
[20:43:27] *** Joins: erickt (erickt@moz-lmug77.client.dsl.net)
[20:48:22] *** Quits: meh (meh@moz-sckjp7.business.telecomitalia.it) (Ping timeout: 121 seconds)
[20:52:06] *** Joins: mindtree (Mitch@moz-o1m.qht.138.202.IP)
[21:14:41] *** Joins: ytain (ytain@moz-u0rb5h.dsl.teksavvy.com)
[21:18:05] *** Quits: Jackneill (Jackneill@moz-v8ols6.pool.digikabel.hu) (A TLS packet with unexpected length was received.)
[21:24:19] *** Joins: meh (meh@moz-44u.rrt.42.151.IP)
[21:30:09] *** Quits: erickt (erickt@moz-lmug77.client.dsl.net) (Ping timeout: 121 seconds)
[21:30:39] *** Joins: summerlight (summerlight@moz-lb3.6do.193.175.IP)
[21:35:33] *** Quits: mrx (mrx@moz-d3k.sn4.222.93.IP) (Connection closed)
[21:35:49] *** Joins: mrx (mrx@moz-d3k.sn4.222.93.IP)
[21:40:09] <Layl> is it at all reasonable in a space game to have multiple physics simulations running, one for each ship's interior and one for the exterior ship to ship collisions
[21:42:00] <ytain> depends on how expensive the computations are
[21:42:26] <ytain> it's best to run the physics calculations at a specific rythm for example 15fps or 20fps
[21:43:17] <Layl> how do you smooth out between physics steps then?
[21:43:19] <Layl> just interpolate?
[21:44:02] <ytain> yes
[21:44:15] <Layl> I haven't actually tried that before
[21:44:21] <Layl> it makes a lot of sense to me now however
[21:44:25] <Layl> in retrospect
[21:44:39] <Layl> and now it also makes sense why you would keep a second rigidbody position from transform position
[21:44:46] <ytain> physics engines don't work well if the cadence is out of order so they run on a separate thread at a specific rythm and that thread just informs the main thread of the updates
[21:45:27] <ytain> because you might also run in cases where you end up outside of room during the calculations
[21:45:30] <Layl> hm, on a separate thread?
[21:45:38] <Layl> happen to have a rough overview of how that would work?
[21:46:28] <ytain> well that thread would compute the physics and apply the computations and update the transformations etc 
[21:46:47] <ytain> and then pings the main thread and then sleeps till the next wake up
[21:47:35] <ytain> try this blog article
[21:47:36] <ytain> http://gafferongames.com/networked-physics/deterministic-lockstep/
[21:47:55] <ytain> it will give you an idea how to make it threaded on the same  computer
[21:48:38] <ytain> http://gafferongames.com/game-physics/fix-your-timestep/ also this one
[21:49:04] <Layl> I'm a bit concerned on how you would sync up the physics and the update that way if you're going for lockstep networking
[21:50:23] <stratact> hmm, what happened to the piston::event module?
[21:51:42] <Layl> Ugh I'm doing it again
[21:51:51] <Layl> thinking "how would a triple A engine do this as efficiently as possible"
[21:51:56] <Layl> rather than "how can I make a game"
[21:54:14] *** Quits: Wild_Cat (Max@moz-p74.mqf.175.108.IP) (Ping timeout: 121 seconds)
[21:54:23] *** Joins: FrozenCow (FrozenCow@moz-i2tvv4.chello.nl)
[22:00:42] *** Quits: summerlight (summerlight@moz-lb3.6do.193.175.IP) (Ping timeout: 121 seconds)
[22:02:19] <Layl> lockstep just seems like a tricky problem to me
[22:02:26] <Layl> I don't know how to approach it yet
[22:02:44] *** Quits: Gyro (gyro@moz-38c.96l.252.66.IP) (Ping timeout: 121 seconds)
[22:02:57] <Amaranth> Deterministic physics in a networked environment is probably not worth attempting unless you are trying to make an RTS or something
[22:03:17] <Layl> either way it's completely irrelevant for my current project
[22:03:21] <Layl> which isn't networked at all
[22:03:43] <Layl> but I do like keeping in the determinism
[22:03:54] <Layl> because I want to establish a system where I can unit test my game mechanics
[22:05:40] <ytain> well that article on timestep is relevant
[22:06:02] *** Joins: blue_deref (blue_deref@moz-eqnijv.res.rr.com)
[22:06:23] <Layl> I just want to make sure I future-proof my stuff for projects later on
[22:06:38] <Layl> so I'm not locking myself into a physics system that can't be used in deterministic lockstep very well
[22:08:07] *** Joins: lenstr (lenstr@moz-4o5.vju.25.171.IP)
[22:08:25] <Layl> the fact that I can make engine.run() consume engine really makes stuff a lot easier
[22:08:48] <Layl> no need to do cleanup on multiple runs, I just know you can't run it multiple times
[22:09:08] <fkaa> uh, who was talking about texture stuff earlier today?
[22:09:20] <Layl> I was I think
[22:09:25] <Layl> the atlas vs texture array
[22:09:27] <Layl> things
[22:09:32] <fkaa> i don't think you need to worry so much about that: http://puu.sh/janIq/0fa6b8d838.png
[22:09:35] <fkaa> (terraria)
[22:10:27] <fkaa> ~200 texture switches + draw calls takes ~0.5ms
[22:10:36] <fkaa> on my crappy card
[22:11:04] <Layl> my cocern with that wasn't in any way related to the number of drawcalls though
[22:11:09] <Layl> *concern
[22:11:22] <Layl> it was with the performance of texture atlasses compared to texture arrays, assuming everything else stays the same
[22:11:43] <Layl> same number of images that need to be put on the screen, same number of draw calls
[22:12:17] *** Parts: stratact (stratact@moz-qfd2t8.oc.cox.net) ("WeeChat 1.2")
[22:17:28] <ytain> layl timestep for physics is best solution http://www.gamedev.net/topic/660510-fixed-time-step-only-for-physics/
[22:19:39] <Layl> I know fixed timestep is the best solution but that doesn't at all inform me of stuff like "should I run it on a separate thread"
[22:22:00] *** Joins: jensnock_ (jensnockert@moz-pvj.o2f.219.84.IP)
[22:23:40] <Layl> as well I wonder about things like, is this a decent way to set up separate rendering and updating http://i.imgur.com/lDsZibF.png
[22:23:56] <Layl> with the world state being sent accross through channels
[22:24:47] <ytain> well the physics can be on a loop, the render can be on another loop, the input can be on another loop so you can have multiple thread doing that as long you are mindful of the thread conditions on data sharing between game loops
[22:24:53] <jpernst> if you use buffered state you could avoid the waiting
[22:25:16] <ytain> http://gameprogrammingpatterns.com/game-loop.html
[22:25:25] <Layl> jpernst, what do you mean with buffered state?
[22:25:58] <jpernst> instead of having your game objects update in place, replacing the old values, you have the update write into another copy of the gamestate, leaving the old copy unchanged
[22:26:11] *** Quits: jensnock_ (jensnockert@moz-pvj.o2f.219.84.IP) (Ping timeout: 121 seconds)
[22:26:18] <jpernst> you can then send a copy of your gamestate off to be rendered, while also running an update on the same copy
[22:26:21] <Layl> wouldn't that cause a lot of allocations
[22:26:22] <jpernst> since it's effectively read only
[22:26:31] <jpernst> not if you have a ring buffer of gamestates
[22:26:52] <Layl> a ring buffer of gamestates sounds like a huge pain to maintan
[22:26:55] <Layl> *maintain
[22:27:12] <jpernst> it has other benefits, such as being able to save your game asynchronously
[22:27:51] <Layl> I'm just wondering how that works out from a pratical perspective code-wise
[22:28:13] <Layl> say I've got a system that adds 1 to the x position of every entity, how would it look like
[22:28:40] <ytain> http://www.gamasutra.com/view/feature/2463/threading_3d_game_engine_basics.php
[22:30:29] *** Quits: meh (meh@moz-44u.rrt.42.151.IP) (Ping timeout: 121 seconds)
[22:30:47] <jpernst> there are a number of ways, one being that any entity update function would &self, and &mut next, reading from &self and writing into &mut next
[22:30:54] <jpernst> *would take
[22:31:37] <jpernst> if your objects have a lot of state and only need to change a little of it, you could blit them first
[22:31:44] <jpernst> if most of the state changes, you could get away with not doing that
[22:32:09] <Layl> I'm think I'm hitting a point where my brain is burning out at too much information and ways to solve problems at once
[22:32:25] <Layl> time to process things and see what way's going to be the way to go
[22:33:06] <jpernst> i find the best way to push past design paralysis is to just pick a solution that seems reasonable and implement it, even if there's theoretically a better one
[22:33:09] *** Quits: eljay (eljay@moz-fmte10.skybroadband.com) (Quit: Leaving)
[22:33:18] <jpernst> it's easier to silence the "what if"s once you have something that actually works
[22:34:00] <jpernst> and it also makes what you really need much more clear once you've implemented it once
[22:35:06] <Layl> currently I've got no clear idea how to implement any of these solutions
[22:36:03] <Layl> of course I can just make my game the way I already know how to do it, with the waiting for rendering, but that just doesn't seem like The Right Way To Do It (TM)
[22:37:02] <Layl> ring buffer and sending immutable references to anything that needs a state after updating seems the most reasonable, but I don't know how many buffers that ring will need to work
[22:37:27] <Layl> and there's a bunch of questions I have with it on the front of how to synchronize the different buffers in situations like "I'm adding a new entity to this world"
[22:37:33] <jpernst> it can work with as few as 2
[22:37:40] <jpernst> adding more can have some other benefits, but 2 is all you REALLY need
[22:37:51] <Layl> I think I'm gonna need 3 to solve the issue I've just mentioned
[22:37:57] <Amaranth> 3 is nice though because you can use it for interpolating rendering
[22:38:03] <jpernst> right
[22:38:14] <Layl> no wait I can do that solution with the last one immutable
[22:38:22] <Amaranth> 2 read only states (N and N-1) and one write only (N+1), renderer gets the first two, physics gets the last one
[22:38:26] <jpernst> 3 is probably ideal, just saying 2 is the bare minimum and will still net you a nice gain
[22:38:35] <jpernst> and once you can work with 2, adding more is much easier
[22:38:37] <Layl> basically, I'm thinking I do a pass over the new upcoming state
[22:38:51] <Layl> and synchronize the amount of entities and components
[22:39:13] <Layl> yet another benefit of having everyhting in a vector rather than a tree on the heap
[22:39:33] <Layl> most like,y I want to make amount of buffers configurable
[22:39:37] <Layl> *likely
[22:39:38] <jpernst> this is where ECS can help out
[22:39:48] <jpernst> if your ECS state is blittable, it makes it easier
[22:40:00] <Layl> I want to roll my own ECS, just because it seems something so core to the engine that I want control over it
[22:40:40] <Layl> is there a game performance diagnostics crate yet?
[22:40:46] <Layl> one you can easily plug into glium
[22:41:01] <Layl> so you can put in performance counters in code and it displays it all nicely
[22:43:33] *** Quits: zyphrus (David@moz-ba5.pas.98.101.IP) (Ping timeout: 121 seconds)
[22:50:30] *** Quits: bjz (bjz@moz-puppgq.tpgi.com.au) (Quit: My Mac has gone to sleep. ZZZzzz…)
[22:56:37] <Layl> egh I kinda feel like I want to make the core modules in my game engine be mockable
[22:56:42] *** Joins: orangeshark (erik@moz-jrh4d6.44tj.56ot.0306.2602.IP)
[22:56:59] <Layl> but on the other hand, that will introduce traits where they perhaps should not be
[22:58:10] <ytain> like similar in swift @testable?
[22:58:36] <Layl> I've never used swift
[22:59:18] *** Quits: lenstr (lenstr@moz-4o5.vju.25.171.IP) (A TLS packet with unexpected length was received.)
[22:59:30] <ytain> http://natashatherobot.com/swift-2-xcode-7-unit-testing-access/
[23:00:33] <Layl> still not entirely sure what this is
[23:01:10] <ytain> the use of @testable in swift that allows the separation of code used for testing from the code implementing the stuff
[23:02:16] <Layl> and how does it relate to making core engine modules implement traits
[23:04:09] <ytain> well the iPhone/MacOSX has test units that can mock the UI stuff
[23:04:18] <Layl> I actually think I don't need to make the core engine modules use traits
[23:04:28] <Layl> since the design I've got in mind has the frontend entirely decoupled
[23:04:44] <Layl> I just need to pass in an empty resource cache
[23:04:54] <Layl> and there will be no frontend to pick up those resources and actually load them
[23:05:16] <Layl> yay for designs you don't have to adapt to test
[23:05:22] *** Quits: FrozenCow (FrozenCow@moz-i2tvv4.chello.nl) (Connection closed)
[23:07:02] <Layl> I'm just going to get some sleep right now before my body stages an armed uprising against me
[23:07:26] *** Quits: Layl (Layl@moz-65hqmf.direct-adsl.nl) (Quit: Leaving)
[23:18:19] *** Joins: DDR (David@moz-m0hr92.vc.shawcable.net)
[23:23:59] *** Quits: jaen (jaen@moz-ifmik2.copit.pl) (Quit: WeeChat 1.2)
[23:32:42] *** Quits: Lilly (Lilly@moz-pfkvo9.bredband.comhem.se) (Quit: bajs)
[23:33:03] *** Quits: jcnewjersey2 (kkus@moz-oqbbml.fios.verizon.net) (Connection closed)
[23:36:28] *** Quits: vosen (vosen@moz-mtm1g4.dynamic.chello.pl) (Connection closed)
[23:37:36] *** Joins: Boscop_ (me@moz-kae.ahv.159.180.IP)
[23:40:21] *** Quits: Boscop__ (me@moz-f5a.efk.198.67.IP) (Ping timeout: 121 seconds)
[23:42:47] *** Quits: Pierre_M (Pierre_M@moz-l5anv0.slkc.qwest.net) (Ping timeout: 121 seconds)
[23:45:42] *** Quits: rustbot (havvy@moz-epv20b.wa.comcast.net) (Quit: Bot terminated.)
