[00:15:57] *** Quits: santiago (santiago@moz-0cc.120.14.107.IP) (Ping timeout: 121 seconds)
[00:19:04] *** Quits: brson (brson@moz-h4f.m43.48.37.IP) (Ping timeout: 121 seconds)
[00:19:22] *** Joins: brson (brson@moz-q9q.abh.232.109.IP)
[00:26:37] *** Quits: swgillespie (swgillespie@moz-upj.3un.220.167.IP) (Quit: My MacBook Pro has gone to sleep. ZZZzzz…)
[00:47:55] *** Quits: ytain (ytain@moz-aope4o.dsl.teksavvy.com) (Quit: Textual IRC Client: www.textualapp.com)
[00:52:00] *** Quits: barosl (barosl@moz-tmp.qma.67.220.IP) (Quit: Leaving)
[00:57:15] *** Joins: santiago (santiago@moz-ro2mm9.res.rr.com)
[01:00:46] *** Quits: pcwalton (pcwalton@moz-l8ebtf.sfo1.mozilla.com) (Client exited)
[01:24:35] *** Joins: barosl (barosl@moz-tmp.qma.67.220.IP)
[01:42:20] *** Quits: gleb (gleb@moz-3u1drv.rusanovka-net.kiev.ua) (Ping timeout: 121 seconds)
[01:42:53] *** Joins: pcwalton (pcwalton@moz-6kjabm.ca.comcast.net)
[01:47:50] *** Quits: Johannes (Johannes@moz-4et8d7.ocn.ne.jp) (Connection closed)
[01:48:18] *** Joins: Johannes (Johannes@moz-4et8d7.ocn.ne.jp)
[01:51:57] *** Quits: brson (brson@moz-q9q.abh.232.109.IP) (Quit: leaving)
[01:57:20] *** Joins: swgillespie (swgillespie@moz-rn1.vmq.232.104.IP)
[02:03:04] *** Quits: swgillespie (swgillespie@moz-rn1.vmq.232.104.IP) (Quit: My MacBook Pro has gone to sleep. ZZZzzz…)
[02:05:36] *** Joins: Johanne__ (Johannes@moz-4et8d7.ocn.ne.jp)
[02:08:29] *** Quits: Johannes (Johannes@moz-4et8d7.ocn.ne.jp) (Ping timeout: 121 seconds)
[02:08:56] *** Joins: p1start (p1start@moz-nftjhe.org)
[02:11:20] *** Joins: swgillespie (swgillespie@moz-rn1.vmq.232.104.IP)
[02:15:55] *** Quits: zz_kimundi (kimundi@moz-plsk15.dip0.t-ipconnect.de) (Ping timeout: 121 seconds)
[02:17:19] *** Joins: zz_kimundi (kimundi@moz-ocelec.dip0.t-ipconnect.de)
[02:17:21] *** zz_kimundi is now known as kimundi
[02:23:04] *** Quits: swgillespie (swgillespie@moz-rn1.vmq.232.104.IP) (Quit: My MacBook Pro has gone to sleep. ZZZzzz…)
[02:23:47] *** Joins: swgillespie (swgillespie@moz-rn1.vmq.232.104.IP)
[02:44:39] *** Quits: pcwalton (pcwalton@moz-6kjabm.ca.comcast.net) (Client exited)
[02:49:56] *** Joins: pcwalton (pcwalton@moz-6kjabm.ca.comcast.net)
[02:50:00] *** Quits: pcwalton (pcwalton@moz-6kjabm.ca.comcast.net) (Client exited)
[02:52:25] *** Quits: barosl (barosl@moz-tmp.qma.67.220.IP) (Quit: Leaving)
[02:56:25] *** Joins: barosl (barosl@moz-tmp.qma.67.220.IP)
[03:06:11] *** Joins: dcb (textual@moz-j72nfe.ca.comcast.net)
[03:06:30] *** Quits: dcb (textual@moz-j72nfe.ca.comcast.net) (Quit: Textual IRC Client: www.textualapp.com)
[03:28:01] *** Quits: swgillespie (swgillespie@moz-rn1.vmq.232.104.IP) (Quit: My MacBook Pro has gone to sleep. ZZZzzz…)
[05:00:50] *** Joins: swgillespie (swgillespie@moz-rn1.vmq.232.104.IP)
[05:01:22] *** Quits: tomaka (Pierre@moz-95aurp.abo.wanadoo.fr) (Ping timeout: 121 seconds)
[05:14:56] *** Joins: tomaka (Pierre@moz-m1l3v0.abo.wanadoo.fr)
[05:15:36] *** Quits: swgillespie (swgillespie@moz-rn1.vmq.232.104.IP) (Quit: My MacBook Pro has gone to sleep. ZZZzzz…)
[05:15:38] *** Joins: swgillespie (swgillespie@moz-rn1.vmq.232.104.IP)
[05:15:38] *** Quits: swgillespie (swgillespie@moz-rn1.vmq.232.104.IP) (Connection closed)
[05:17:08] *** Joins: swgillespie (swgillespie@moz-rn1.vmq.232.104.IP)
[05:21:29] *** Quits: santiago (santiago@moz-ro2mm9.res.rr.com) (Ping timeout: 121 seconds)
[05:23:04] *** Quits: Rym (y@moz-rmaga4.range86-187.btcentralplus.com) (Ping timeout: 121 seconds)
[05:26:42] *** Quits: O01eg (o01eg@moz-cud.37c.212.176.IP) (Client exited)
[05:28:09] *** Quits: swgillespie (swgillespie@moz-rn1.vmq.232.104.IP) (Quit: My MacBook Pro has gone to sleep. ZZZzzz…)
[05:33:58] *** Joins: santiago (santiago@moz-ro2mm9.res.rr.com)
[05:44:17] *** Quits: p1start (p1start@moz-nftjhe.org) (Ping timeout: 121 seconds)
[05:48:13] *** Quits: Shackra (Jorge@moz-7bh.ng6.177.186.IP) (Connection closed)
[05:49:03] *** Joins: swgillespie (swgillespie@moz-rn1.vmq.232.104.IP)
[05:56:52] *** Quits: perillamint (perillamint@moz-pvo.3mu.72.61.IP) (Quit: Quit - Powered by ZNC)
[06:07:17] *** Quits: swgillespie (swgillespie@moz-rn1.vmq.232.104.IP) (Quit: My MacBook Pro has gone to sleep. ZZZzzz…)
[06:08:53] *** Joins: Rym (y@moz-rmaga4.range86-187.btcentralplus.com)
[06:09:16] *** Joins: swgillespie (swgillespie@moz-rn1.vmq.232.104.IP)
[06:13:17] *** Quits: Rym (y@moz-rmaga4.range86-187.btcentralplus.com) (Ping timeout: 121 seconds)
[06:20:17] *** Joins: p1start (p1start@moz-nftjhe.org)
[06:28:33] *** Joins: perillamint (perillamint@moz-pvo.3mu.72.61.IP)
[06:31:15] *** Quits: swgillespie (swgillespie@moz-rn1.vmq.232.104.IP) (Quit: My MacBook Pro has gone to sleep. ZZZzzz…)
[06:34:31] *** Joins: panicbit (panicbit@moz-me73jj.itmc.tu-dortmund.de)
[06:55:19] *** Joins: hebz0rl (hebz0rl@moz-cfcrtj.static.qsc.de)
[07:03:01] *** Joins: Rym (y@moz-rmaga4.range86-187.btcentralplus.com)
[07:07:27] *** Quits: Rym (y@moz-rmaga4.range86-187.btcentralplus.com) (Ping timeout: 121 seconds)
[07:11:35] *** Joins: Tobba|Laptop (Tobba@moz-1hh.7ki.21.217.IP)
[07:12:32] *** Joins: eibwen (eibwen@moz-orctpl.dip0.t-ipconnect.de)
[07:24:49] *** Quits: panicbit (panicbit@moz-me73jj.itmc.tu-dortmund.de) (Ping timeout: 121 seconds)
[07:27:44] *** Joins: panicbit (panicbit@moz-me73jj.itmc.tu-dortmund.de)
[07:47:16] *** Joins: vpol (vpol@moz-k10.rvb.159.213.IP)
[07:53:36] *** Quits: Tobba|Laptop (Tobba@moz-1hh.7ki.21.217.IP) (Connection closed)
[07:57:10] *** Joins: Rym (y@moz-rmaga4.range86-187.btcentralplus.com)
[08:01:36] *** Quits: Rym (y@moz-rmaga4.range86-187.btcentralplus.com) (Ping timeout: 121 seconds)
[08:04:09] *** Joins: Rym (y@moz-rmaga4.range86-187.btcentralplus.com)
[08:08:37] *** Quits: Rym (y@moz-rmaga4.range86-187.btcentralplus.com) (Ping timeout: 121 seconds)
[08:11:44] *** Joins: Tobba|Laptop (Tobba@moz-1hh.7ki.21.217.IP)
[08:12:01] *** Quits: Tobba|Laptop (Tobba@moz-1hh.7ki.21.217.IP) (Connection closed)
[08:13:56] *** Joins: SneakySnake (nya@moz-i9is4u.pool.telekom.hu)
[08:24:01] *** Joins: Tobba|Laptop (Tobba@moz-1hh.7ki.21.217.IP)
[08:30:36] *** Joins: erz (erz@moz-83ijfr.broadband.corbina.ru)
[08:43:32] *** Quits: eibwen (eibwen@moz-orctpl.dip0.t-ipconnect.de) (Ping timeout: 121 seconds)
[08:56:02] *** Quits: Tobba|Laptop (Tobba@moz-1hh.7ki.21.217.IP) (Connection closed)
[08:58:18] *** Joins: Rym (y@moz-rmaga4.range86-187.btcentralplus.com)
[09:01:34] *** Joins: aepsil0n (eduard@moz-8h7njb.hsi8.kabel-badenwuerttemberg.de)
[09:02:44] *** Quits: Rym (y@moz-rmaga4.range86-187.btcentralplus.com) (Ping timeout: 121 seconds)
[09:07:09] *** Quits: vpol (vpol@moz-k10.rvb.159.213.IP) (Client exited)
[09:07:52] *** Joins: vpol (vpol@moz-k10.rvb.159.213.IP)
[09:07:54] *** Quits: vpol (vpol@moz-k10.rvb.159.213.IP) (Client exited)
[09:48:06] *** Joins: edlothiol (user@moz-chhfor.hsi02.unitymediagroup.de)
[09:49:24] *** Quits: panicbit (panicbit@moz-me73jj.itmc.tu-dortmund.de) (Ping timeout: 121 seconds)
[09:52:27] *** Joins: Rym (y@moz-rmaga4.range86-187.btcentralplus.com)
[09:56:53] *** Quits: Rym (y@moz-rmaga4.range86-187.btcentralplus.com) (Ping timeout: 121 seconds)
[10:23:17] *** Joins: nonsensickle (nonsensickl@moz-4v0.gkd.16.182.IP)
[10:25:59] *** Quits: nonsensickle_ (nonsensickl@moz-4v0.gkd.16.182.IP) (Ping timeout: 121 seconds)
[10:46:38] *** Joins: Rym (y@moz-rmaga4.range86-187.btcentralplus.com)
[10:51:04] *** Quits: Rym (y@moz-rmaga4.range86-187.btcentralplus.com) (Ping timeout: 121 seconds)
[10:58:11] *** Joins: vpol (vpol@moz-k10.rvb.159.213.IP)
[11:09:35] *** Joins: duncan (paul@moz-9vabq7.sgnwmi.sbcglobal.net)
[11:13:42] *** Quits: Kingsquee (kingsley@moz-qq7ns6.bchsia.telus.net) (Quit: Konversation terminated!)
[11:17:35] *** Quits: Johanne__ (Johannes@moz-4et8d7.ocn.ne.jp) (Connection closed)
[11:40:49] *** Joins: Rym (y@moz-rmaga4.range86-187.btcentralplus.com)
[11:45:12] *** Quits: Rym (y@moz-rmaga4.range86-187.btcentralplus.com) (Ping timeout: 121 seconds)
[11:54:16] *** Joins: Rym (y@moz-rmaga4.range86-187.btcentralplus.com)
[12:08:30] *** Joins: nonsensickle_ (nonsensickl@moz-4v0.gkd.16.182.IP)
[12:11:18] *** Quits: nonsensickle (nonsensickl@moz-4v0.gkd.16.182.IP) (Ping timeout: 121 seconds)
[12:22:50] *** Joins: gggg (chatzilla@moz-nt8r49.idi.ntnu.no)
[13:05:41] *** Joins: panicbit (panicbit@moz-r4ks4s.dip0.t-ipconnect.de)
[13:12:53] *** Quits: p1start (p1start@moz-nftjhe.org) (Ping timeout: 121 seconds)
[13:22:23] *** Quits: Rym (y@moz-rmaga4.range86-187.btcentralplus.com) (Connection closed)
[13:22:47] *** Joins: Rym (y@moz-rmaga4.range86-187.btcentralplus.com)
[13:30:26] <Ilari> ... Now it looks to be rustc-serialize 0.3.12 that is borked in nightly...
[13:31:21] <steveklabnik> lots of the official crates are
[13:31:28] <steveklabnik> working on it
[13:35:06] <Ilari> (Good thing that crate is only an optional indirect dependency for crates I have...)
[14:08:29] *** Joins: ytain (ytain@moz-aope4o.dsl.teksavvy.com)
[14:15:27] <Ilari> Crazy idea: Annoucing all new crates / crate updates on crates.io on this channel. :->
[14:16:47] *** Quits: bgamari (bgamari@moz-uvr07v.q402.fm1a.0470.2001.IP) (Ping timeout: 121 seconds)
[14:21:14] *** Joins: bgamari (bgamari@moz-uvr07v.q402.fm1a.0470.2001.IP)
[14:34:34] *** Joins: gleb (gleb@moz-3u1drv.rusanovka-net.kiev.ua)
[14:47:44] *** Joins: Binero (jeroen@moz-91joat.69vi.s4ge.1810.2a02.IP)
[14:48:18] *** Parts: Binero (jeroen@moz-91joat.69vi.s4ge.1810.2a02.IP) ("")
[14:48:57] *** Joins: Binero (jeroen@moz-91joat.69vi.s4ge.1810.2a02.IP)
[15:22:44] *** Quits: aepsil0n (eduard@moz-8h7njb.hsi8.kabel-badenwuerttemberg.de) (Connection closed)
[15:30:24] *** Quits: gggg (chatzilla@moz-nt8r49.idi.ntnu.no) (Ping timeout: 121 seconds)
[15:59:50] <Dabo> that would be a lot of messages xD
[16:02:37] *** Joins: O01eg (o01eg@moz-5p4n4r.pnu9.3egh.2698.2a02.IP)
[16:11:31] *** Quits: Binero (jeroen@moz-91joat.69vi.s4ge.1810.2a02.IP) (Client exited)
[16:16:09] *** Joins: Binero (jeroen@moz-91joat.69vi.s4ge.1810.2a02.IP)
[16:30:47] *** Quits: hebz0rl (hebz0rl@moz-cfcrtj.static.qsc.de) (Quit: Leaving)
[16:44:30] *** Joins: pcwalton (pcwalton@moz-6kjabm.ca.comcast.net)
[16:53:42] *** Joins: brson (brson@moz-cfhap5.mtv2.mozilla.com)
[17:28:06] *** Quits: SneakySnake (nya@moz-i9is4u.pool.telekom.hu) (Quit: Leaving)
[17:28:17] *** Quits: pcwalton (pcwalton@moz-6kjabm.ca.comcast.net) (Client exited)
[17:29:27] *** Joins: SneakySnake (nya@moz-i9is4u.pool.telekom.hu)
[17:43:10] *** Joins: pcwalton (pcwalton@moz-nh2.o1i.216.216.IP)
[18:12:38] *** Quits: pcwalton (pcwalton@moz-nh2.o1i.216.216.IP) (Client exited)
[18:13:30] *** Joins: gggg (chatzilla@moz-nt8r49.idi.ntnu.no)
[18:16:34] *** Quits: gggg (chatzilla@moz-nt8r49.idi.ntnu.no) (Quit: ChatZilla 0.9.91.1 [Firefox 37.0.1/20150403141925])
[18:17:25] *** Joins: sonder (chatzilla@moz-nt8r49.idi.ntnu.no)
[18:20:16] *** Quits: glennpratt (glennpratt@moz-neq2gf.dsl-w.verizon.net) (A TLS packet with unexpected length was received.)
[18:22:29] *** Joins: glennpratt (glennpratt@moz-neq2gf.dsl-w.verizon.net)
[18:30:48] *** Joins: doener (doener@moz-929cn9.unity-media.net)
[18:54:39] *** Quits: edlothiol (user@moz-chhfor.hsi02.unitymediagroup.de) (Connection closed)
[18:58:59] *** Joins: Guest47573 (Jorge@moz-7bh.ng6.177.186.IP)
[19:02:17] *** Quits: Rym (y@moz-rmaga4.range86-187.btcentralplus.com) (Ping timeout: 121 seconds)
[19:12:34] *** Joins: Rym (y@moz-rmaga4.range86-187.btcentralplus.com)
[19:23:29] *** Joins: pcwalton (pcwalton@moz-l8ebtf.sfo1.mozilla.com)
[19:30:24] *** Joins: swgillespie (swgillespie@moz-upj.3un.220.167.IP)
[19:42:19] *** Quits: swgillespie (swgillespie@moz-upj.3un.220.167.IP) (Quit: My MacBook Pro has gone to sleep. ZZZzzz…)
[19:58:27] *** Quits: pcwalton (pcwalton@moz-l8ebtf.sfo1.mozilla.com) (Client exited)
[20:04:31] *** Joins: pcwalton (pcwalton@moz-l8ebtf.sfo1.mozilla.com)
[20:23:32] *** Joins: swgillespie (swgillespie@moz-upj.3un.220.167.IP)
[20:24:20] *** Quits: swgillespie (swgillespie@moz-upj.3un.220.167.IP) (Quit: My MacBook Pro has gone to sleep. ZZZzzz…)
[20:24:53] *** Parts: duncan (paul@moz-9vabq7.sgnwmi.sbcglobal.net) ()
[20:29:10] *** Joins: p1start (p1start@moz-nftjhe.org)
[20:35:15] *** Quits: doener (doener@moz-929cn9.unity-media.net) (Quit: leaving)
[20:40:47] *** Joins: swgillespie (swgillespie@moz-upj.3un.220.167.IP)
[20:40:56] *** Joins: nrc (nrc@moz-9v1svd.xtra.co.nz)
[20:41:19] <nrc> is there an equivalent of `make -n` for Cargo?
[20:41:34] <steveklabnik> iirc, it already does as much in paralell as possible
[20:41:56] <nrc> -n lists the commands make would execute
[20:42:00] <steveklabnik> oh wow
[20:42:01] <steveklabnik> brain fart
[20:42:02] <nrc> you'r thinking of -j, I think
[20:42:03] <steveklabnik> -j
[20:42:05] <steveklabnik> sigh
[20:47:39] *** Quits: sonder (chatzilla@moz-nt8r49.idi.ntnu.no) (Ping timeout: 121 seconds)
[21:09:59] *** Quits: swgillespie (swgillespie@moz-upj.3un.220.167.IP) (Quit: My MacBook Pro has gone to sleep. ZZZzzz…)
[21:10:38] *** Joins: insaneinside (user@moz-dgv9mb.customer.broadstripe.net)
[21:11:26] <insaneinside> so uh, <https://crates.io/crates/rust> looks mighty... confusing for newcomers to Rust (check out the downloads chart).  Plus it's vaporware.
[21:16:06] <insaneinside> (eeny, meeny, miny, moe...) brson: ^^ thoughts?
[21:27:49] *** Quits: erz (erz@moz-83ijfr.broadband.corbina.ru) (Quit: My Mac has gone to sleep. ZZZzzz…)
[21:28:52] <brson> insaneinside: lol
[21:31:02] *** Joins: Kingsquee (kingsley@moz-qq7ns6.bchsia.telus.net)
[21:47:45] *** Quits: SneakySnake (nya@moz-i9is4u.pool.telekom.hu) (Connection closed)
[21:51:28] *** Quits: santiago (santiago@moz-ro2mm9.res.rr.com) (Quit: Computer has gone to sleep.)
[21:56:03] *** Joins: cengizIO (textual@moz-b49.92p.188.78.IP)
[22:03:31] *** Quits: p1start (p1start@moz-nftjhe.org) (Ping timeout: 121 seconds)
[22:07:38] *** Joins: swgillespie (swgillespie@moz-upj.3un.220.167.IP)
[22:09:33] *** Joins: santiago (santiago@moz-5dsjre.dsl-w.verizon.net)
[22:11:07] <FreeFull> insaneinside: Yeah, that seems to be a joke repo
[22:14:06] *** Quits: swgillespie (swgillespie@moz-upj.3un.220.167.IP) (Quit: My MacBook Pro has gone to sleep. ZZZzzz…)
[22:17:59] <insaneinside> Maybe certain crate names should be rejected?
[22:18:38] <sfackler> there is a blacklist somewhere in the crates.io source
[22:18:47] <sfackler> things like core, std, syntax, etc
[22:21:42] <scott> https://github.com/rust-lang/crates.io/blob/master/src/reserved_crates.txt
[22:33:07] *** Quits: Kingsquee (kingsley@moz-qq7ns6.bchsia.telus.net) (Quit: Konversation terminated!)
[22:33:10] *** Quits: cengizIO (textual@moz-b49.92p.188.78.IP) (Quit: My Mac has gone to sleep. ZZZzzz…)
[22:36:19] *** Joins: Kingsquee (kingsley@moz-qq7ns6.bchsia.telus.net)
[22:36:46] *** Quits: Binero (jeroen@moz-91joat.69vi.s4ge.1810.2a02.IP) (Client exited)
[22:36:58] *** Joins: Binero (jeroen@moz-91joat.69vi.s4ge.1810.2a02.IP)
[22:39:36] <brson> 'rust' probably should have been on that list in hindsight
[22:41:39] *** Quits: rovar (rovar@moz-6iq.47m.88.38.IP) (Connection closed)
[22:42:20] *** Quits: Binero (jeroen@moz-91joat.69vi.s4ge.1810.2a02.IP) (Client exited)
[22:46:11] *** Joins: cengizIO (textual@moz-b49.92p.188.78.IP)
[23:15:19] *** Quits: ytain (ytain@moz-aope4o.dsl.teksavvy.com) (Quit: Textual IRC Client: www.textualapp.com)
[23:22:30] *** Joins: swgillespie (swgillespie@moz-upj.3un.220.167.IP)
[23:24:41] *** Quits: cengizIO (textual@moz-b49.92p.188.78.IP) (Quit: My Mac has gone to sleep. ZZZzzz…)
[23:42:26] *** Joins: cengizIO (textual@moz-b49.92p.188.78.IP)
[23:43:13] *** Joins: Johannes (Johannes@moz-4et8d7.ocn.ne.jp)
[23:43:14] *** Quits: Johannes (Johannes@moz-4et8d7.ocn.ne.jp) (Connection closed)
[23:43:15] *** Joins: Johannes (Johannes@moz-4et8d7.ocn.ne.jp)
[23:46:13] *** Parts: mrknife (mrknife@moz-si2fdi.yourbnc.co.uk) ("Bye!")
[23:52:44] *** Quits: Rym (y@moz-rmaga4.range86-187.btcentralplus.com) (Connection closed)
[23:53:08] *** Joins: Rym (y@moz-rmaga4.range86-187.btcentralplus.com)
[23:54:39] *** Quits: santiago (santiago@moz-5dsjre.dsl-w.verizon.net) (Quit: Computer has gone to sleep.)
