[00:05:33] *** Quits: erz (erz@moz-efrhus.broadband.corbina.ru) (Quit: My Mac has gone to sleep. ZZZzzz…)
[00:27:20] <posix4e> Netsplit?
[00:52:52] *** Quits: santiago (santiago@moz-9rt.sbd.14.107.IP) (Quit: Computer has gone to sleep.)
[00:56:13] *** Quits: erickt (erickt@moz-4hh.6p3.217.74.IP) (Ping timeout: 121 seconds)
[00:57:57] *** Joins: erickt (erickt@moz-4hh.6p3.217.74.IP)
[01:03:19] *** Quits: erickt (erickt@moz-4hh.6p3.217.74.IP) (Ping timeout: 121 seconds)
[01:08:44] *** Quits: posix4e (sid82101@moz-rol03c.uxbridge.irccloud.com) (Quit: )
[01:08:50] *** Joins: posix4e (sid82101@moz-rol03c.uxbridge.irccloud.com)
[01:11:36] *** Joins: santiago (santiago@moz-ro2mm9.res.rr.com)
[01:34:00] *** Quits: swgillespie (swgillespie@moz-1i5.3un.220.167.IP) (Quit: My MacBook Pro has gone to sleep. ZZZzzz…)
[01:35:18] *** Parts: jonh (jhigdon@moz-qiq803.ieqc.6fdm.3c03.2600.IP) ("WeeChat 0.4.2")
[01:44:35] *** Quits: pcwalton (pcwalton@moz-l8ebtf.sfo1.mozilla.com) (Client exited)
[01:44:48] *** Quits: brson (brson@moz-u3dg2t.sfo1.mozilla.com) (Ping timeout: 121 seconds)
[01:54:53] *** Joins: ytain (ytain@moz-hut.ooe.161.108.IP)
[01:57:43] *** Joins: kalail (uid62296@moz-5ck9vu.charlton.irccloud.com)
[02:09:47] *** Quits: JanC (janc@moz-a7ku8n.dsl.scarlet.be) (Ping timeout: 121 seconds)
[02:22:44] *** Joins: JanC (janc@moz-4uju5i.dsl.scarlet.be)
[02:25:13] *** Quits: ascarter (ascarter@moz-705hf8.wa.comcast.net) (Quit: My Mac has gone to sleep. ZZZzzz…)
[02:27:29] *** Quits: zz_kimundi (kimundi@moz-fik1u8.dip0.t-ipconnect.de) (Ping timeout: 121 seconds)
[02:29:08] *** Joins: meteredsection (meteredsect@moz-ersuj2.wa.comcast.net)
[02:29:29] *** Joins: zz_kimundi (kimundi@moz-tnjjh1.dip0.t-ipconnect.de)
[02:29:30] *** zz_kimundi is now known as kimundi
[02:42:59] *** Joins: erickt (erickt@moz-njt.vqi.14.76.IP)
[02:52:25] *** Quits: erickt (erickt@moz-njt.vqi.14.76.IP) (Ping timeout: 121 seconds)
[03:11:29] *** Joins: p1start (p1start@moz-nftjhe.org)
[03:13:32] *** Joins: erickt (erickt@moz-njt.vqi.14.76.IP)
[03:25:32] *** Quits: ytain (ytain@moz-hut.ooe.161.108.IP) (Quit: Textual IRC Client: www.textualapp.com)
[03:31:25] *** Quits: panicbit (panicbit@moz-r4ks4s.dip0.t-ipconnect.de) (Quit: My Zenbook has gone to sleep. ZZZzzz...)
[03:37:33] *** Quits: glennpratt (glennpratt@moz-neq2gf.dsl-w.verizon.net) (A TLS packet with unexpected length was received.)
[03:38:14] *** Joins: brson (brson@moz-ues.tdl.56.172.IP)
[03:45:21] *** Quits: erickt (erickt@moz-njt.vqi.14.76.IP) (Ping timeout: 121 seconds)
[04:08:19] *** Joins: erickt (erickt@moz-njt.vqi.14.76.IP)
[04:25:44] *** Quits: brson (brson@moz-ues.tdl.56.172.IP) (Ping timeout: 121 seconds)
[04:26:35] *** Quits: p1start (p1start@moz-nftjhe.org) (Ping timeout: 121 seconds)
[04:27:08] *** Joins: brson (brson@moz-ues.tdl.56.172.IP)
[04:31:42] *** Joins: Rym (y@moz-rmaga4.range86-187.btcentralplus.com)
[04:32:44] *** Quits: Rym_ (y@moz-rmaga4.range86-187.btcentralplus.com) (Ping timeout: 121 seconds)
[04:33:59] *** Joins: p1start (p1start@moz-nftjhe.org)
[04:35:03] *** Quits: erickt (erickt@moz-njt.vqi.14.76.IP) (Ping timeout: 121 seconds)
[04:36:30] *** Joins: pcwalton (pcwalton@moz-6kjabm.ca.comcast.net)
[04:36:47] *** Quits: pcwalton (pcwalton@moz-6kjabm.ca.comcast.net) (Client exited)
[04:47:22] *** Quits: brson (brson@moz-ues.tdl.56.172.IP) (Ping timeout: 121 seconds)
[04:55:35] *** Quits: Rym (y@moz-rmaga4.range86-187.btcentralplus.com) (Ping timeout: 121 seconds)
[04:58:03] *** Joins: ascarter (ascarter@moz-705hf8.wa.comcast.net)
[05:09:07] *** Quits: ascarter (ascarter@moz-705hf8.wa.comcast.net) (Quit: My Mac has gone to sleep. ZZZzzz…)
[05:19:21] *** Joins: glennpratt (glennpratt@moz-neq2gf.dsl-w.verizon.net)
[05:22:33] *** Joins: Rym (y@moz-rmaga4.range86-187.btcentralplus.com)
[05:26:57] *** Quits: Rym (y@moz-rmaga4.range86-187.btcentralplus.com) (Ping timeout: 121 seconds)
[05:34:41] *** Quits: kalail (uid62296@moz-5ck9vu.charlton.irccloud.com) (Quit: Connection closed for inactivity)
[05:53:52] *** Quits: larsberg (sid89@moz-1a60qu.0j4i.jtu0.0101.2620.IP) (A TLS packet with unexpected length was received.)
[05:53:52] *** Quits: mbrubeck (sid61@moz-2pjnuf.0j4i.jtu0.0101.2620.IP) (A TLS packet with unexpected length was received.)
[05:57:10] <huon> woah, publishing to crates.io is much easier than pypi
[05:58:16] <XMPPwocky> huon: how so?
[05:59:11] *** Joins: mbrubeck (sid61@moz-2pjnuf.0j4i.jtu0.0101.2620.IP)
[06:00:04] *** Joins: larsberg (sid89@moz-1a60qu.0j4i.jtu0.0101.2620.IP)
[06:00:09] <huon> XMPPwocky: for pypi I had to register an account and write two configuration files, and then invoke two commands to upload
[06:00:25] <huon> and I'm not even sure I'm doing it right, the docs are kinda vague
[06:01:36] <tomaka> huon: you have never published on crates.io before? :o
[06:02:49] <huon> tomaka: hm?
[06:03:07] <tomaka> well, you're surprised that it's easy to do
[06:03:09] <huon> tomaka: oh, no, I'd never published to pypi until just then
[06:03:12] <tomaka> I'm surprised that you're discovering this now
[06:03:14] <tomaka> oh ok
[06:03:21] * huon has many many crates on crates.io :P
[06:03:35] <XMPPwocky> i'm still somewhat wary of pip/setuptools
[06:03:44] <XMPPwocky> gotten better a little now, but so many bad experiences...
[06:16:40] *** Joins: Rym (y@moz-rmaga4.range86-187.btcentralplus.com)
[06:21:06] *** Quits: Rym (y@moz-rmaga4.range86-187.btcentralplus.com) (Ping timeout: 121 seconds)
[06:21:23] <reem> There should be a way to see the total number of downloads of all your crates on the dashboard
[06:22:35] <huon> file a bug :)
[06:22:53] <huon> (against rust-lang/crates.io)
[06:25:55] <barosl> Fun fact: The plain `python setup.py upload` does *not* utilize HTTPS, and actually the usage of it is discouraged by the *official* manual
[06:26:35] <klutzy> heh, why?
[06:27:14] <huon> passwords etc. over plain text
[06:27:34] <barosl> I'm not sure. My guess is that the protocol setuptools is using cannot be changed to use HTTPS while maintaining backward compatibility
[06:28:23] <barosl> Yeah, and it also saves your password in a plain text format
[06:28:34] <barosl> ~/.pypirc
[06:30:08] <barosl> https://pypi.python.org/pypi/twine is the officially recommended way
[06:58:15] *** Joins: kalail (uid62296@moz-5ck9vu.charlton.irccloud.com)
[07:00:42] *** Parts: Cifram_ (Cifram@moz-l63.9pu.126.76.IP) ("Leaving")
[07:10:49] *** Joins: Rym (y@moz-rmaga4.range86-187.btcentralplus.com)
[07:15:17] *** Quits: Rym (y@moz-rmaga4.range86-187.btcentralplus.com) (Ping timeout: 121 seconds)
[07:16:07] *** Joins: SneakySnake (nya@moz-i9is4u.pool.telekom.hu)
[07:44:23] *** Joins: mzabaluev (Thunderbird@moz-3bijqs.bb.dnainternet.fi)
[07:51:30] *** Quits: mzabaluev (Thunderbird@moz-3bijqs.bb.dnainternet.fi) (Client exited)
[07:54:14] *** Quits: JanC (janc@moz-4uju5i.dsl.scarlet.be) (Ping timeout: 121 seconds)
[08:05:00] *** Joins: Rym (y@moz-rmaga4.range86-187.btcentralplus.com)
[08:06:58] *** Joins: JanC (janc@moz-vev082.dsl.scarlet.be)
[08:09:26] *** Quits: Rym (y@moz-rmaga4.range86-187.btcentralplus.com) (Ping timeout: 121 seconds)
[08:16:03] *** Quits: Shackra (Jorge@moz-7bh.ng6.177.186.IP) (Connection closed)
[08:40:19] *** Joins: edlothiol (user@moz-dvpmm3.dynamic.kabel-deutschland.de)
[08:59:09] *** Joins: Rym (y@moz-rmaga4.range86-187.btcentralplus.com)
[09:01:12] *** Joins: erz (erz@moz-efrhus.broadband.corbina.ru)
[09:03:33] *** Quits: Rym (y@moz-rmaga4.range86-187.btcentralplus.com) (Ping timeout: 121 seconds)
[09:24:24] *** Quits: Johannes (Johannes@moz-4et8d7.ocn.ne.jp) (Quit: Leaving...)
[09:24:41] *** Quits: kalail (uid62296@moz-5ck9vu.charlton.irccloud.com) (Quit: Connection closed for inactivity)
[09:34:01] *** Joins: sonder (chatzilla@moz-nt8r49.idi.ntnu.no)
[09:39:34] *** Joins: ascarter (ascarter@moz-705hf8.wa.comcast.net)
[09:53:18] *** Joins: Rym (y@moz-rmaga4.range86-187.btcentralplus.com)
[09:57:44] *** Quits: Rym (y@moz-rmaga4.range86-187.btcentralplus.com) (Ping timeout: 121 seconds)
[10:16:36] *** Joins: ptalbot (ptalbot@moz-j4gnuh.fbx.proxad.net)
[10:19:37] *** Joins: kalail (uid62296@moz-5ck9vu.charlton.irccloud.com)
[10:19:39] *** Quits: O01eg (o01eg@moz-437n57.62s0.3egh.2698.2a02.IP) (Client exited)
[10:22:29] *** Joins: panicbit (panicbit@moz-r4ks4s.dip0.t-ipconnect.de)
[10:29:33] *** Joins: ytain (ytain@moz-hut.ooe.161.108.IP)
[10:38:59] *** Joins: aepsil0n (eduard@moz-6491ha.mv2h.pepi.8071.2a02.IP)
[10:39:41] *** Quits: ascarter (ascarter@moz-705hf8.wa.comcast.net) (Quit: My Mac has gone to sleep. ZZZzzz…)
[10:45:57] *** Joins: ascarter (ascarter@moz-705hf8.wa.comcast.net)
[10:47:26] *** Joins: Rym (y@moz-rmaga4.range86-187.btcentralplus.com)
[10:51:52] *** Quits: Rym (y@moz-rmaga4.range86-187.btcentralplus.com) (Ping timeout: 121 seconds)
[10:56:28] *** Quits: JanC (janc@moz-vev082.dsl.scarlet.be) (Ping timeout: 121 seconds)
[11:13:20] *** Joins: killercup (killercup@moz-gpufip.dip0.t-ipconnect.de)
[11:23:01] *** Joins: Rym (y@moz-rmaga4.range86-187.btcentralplus.com)
[11:23:28] *** Joins: JanC (janc@moz-q9484u.dsl.scarlet.be)
[11:30:16] *** Quits: barosl (barosl@moz-tmp.qma.67.220.IP) (Connection closed)
[11:37:40] *** Joins: barosl (barosl@moz-tmp.qma.67.220.IP)
[11:58:10] *** Quits: tomaka (Pierre@moz-anun95.abo.wanadoo.fr) (Connection closed)
[11:59:54] *** Joins: tomaka (Pierre@moz-anun95.abo.wanadoo.fr)
[12:01:14] *** Quits: aepsil0n (eduard@moz-6491ha.mv2h.pepi.8071.2a02.IP) (Quit: Leaving.)
[12:05:47] *** Quits: Kingsquee (kingsley@moz-3fm07c.bchsia.telus.net) (Quit: Konversation terminated!)
[12:16:50] *** Quits: ascarter (ascarter@moz-705hf8.wa.comcast.net) (Quit: My Mac has gone to sleep. ZZZzzz…)
[12:20:50] *** Joins: mib_e0j3lr (Mibbit@moz-711djm.tirol.surfer.at)
[12:57:31] *** Quits: mib_e0j3lr (Mibbit@moz-711djm.tirol.surfer.at) (Quit: http://www.mibbit.com ajax IRC Client)
[13:00:07] *** Quits: p1start (p1start@moz-nftjhe.org) (Ping timeout: 121 seconds)
[13:22:14] *** Joins: eibwen (eibwen@moz-c1k43u.dip0.t-ipconnect.de)
[13:51:38] *** Joins: harrisonclarke (harrisoncla@moz-6v8.jf9.227.142.IP)
[13:58:52] *** Joins: ascarter (ascarter@moz-705hf8.wa.comcast.net)
[14:04:41] *** Quits: kalail (uid62296@moz-5ck9vu.charlton.irccloud.com) (Quit: Connection closed for inactivity)
[14:06:55] *** Joins: filsmick (filsmick@moz-bar7fk.abo.wanadoo.fr)
[14:07:04] *** Quits: Rym (y@moz-rmaga4.range86-187.btcentralplus.com) (Ping timeout: 121 seconds)
[14:08:32] *** Joins: aepsil0n (eduard@moz-p6g0p6.mullvad.net)
[14:08:48] *** Quits: aepsil0n (eduard@moz-p6g0p6.mullvad.net) (Quit: Leaving.)
[14:11:38] *** Quits: ascarter (ascarter@moz-705hf8.wa.comcast.net) (Quit: My Mac has gone to sleep. ZZZzzz…)
[14:16:47] *** Joins: Rym (y@moz-rmaga4.range86-187.btcentralplus.com)
[14:36:19] *** Joins: nox (sid3872@moz-fvvn96.ealing.irccloud.com)
[14:36:49] <nox> Hello, how can I override a package and enable features in it? I can't find how to combine the two. :(
[15:13:42] <mbrubeck> nox: You could change the default features in your overridden package's Cargo.toml...
[15:14:06] <nox> mbrubeck: Ah, not a cleaner way? :(
[15:14:15] <mbrubeck> or if some other package is explicitly setting features, you could override that too...
[15:14:26] <mbrubeck> nox: I'm not aware of a way to do it directly in .cargo/config
[15:15:48] *** Quits: Rym (y@moz-rmaga4.range86-187.btcentralplus.com) (Ping timeout: 121 seconds)
[15:20:22] *** Joins: ascarter (ascarter@moz-705hf8.wa.comcast.net)
[15:24:49] *** Quits: harrisonclarke (harrisoncla@moz-6v8.jf9.227.142.IP) (Connection closed)
[15:26:15] *** Joins: harrisonclarke (harrisoncla@moz-6v8.jf9.227.142.IP)
[15:36:28] *** Quits: harrisonclarke (harrisoncla@moz-6v8.jf9.227.142.IP) (Connection closed)
[15:37:46] *** Joins: erickt (erickt@moz-4hh.6p3.217.74.IP)
[15:40:24] *** Joins: harrisonclarke (harrisoncla@moz-6v8.jf9.227.142.IP)
[15:42:15] *** Joins: Rym (y@moz-rmaga4.range86-187.btcentralplus.com)
[15:43:42] *** Joins: Binero (jeroen@moz-91joat.69vi.s4ge.1810.2a02.IP)
[15:44:48] *** Quits: doener (doener@moz-929cn9.unity-media.net) (Quit: leaving)
[15:46:41] *** Quits: Rym (y@moz-rmaga4.range86-187.btcentralplus.com) (Ping timeout: 121 seconds)
[15:47:13] *** Quits: erickt (erickt@moz-4hh.6p3.217.74.IP) (Ping timeout: 121 seconds)
[15:48:33] *** Joins: doener (doener@moz-929cn9.unity-media.net)
[15:55:21] *** Joins: erickt (erickt@moz-4hh.6p3.217.74.IP)
[15:57:39] *** Quits: sonder (chatzilla@moz-nt8r49.idi.ntnu.no) (Ping timeout: 121 seconds)
[16:11:02] *** Quits: eibwen (eibwen@moz-c1k43u.dip0.t-ipconnect.de) (Ping timeout: 121 seconds)
[16:13:37] *** Joins: gleb (gleb@moz-3u1drv.rusanovka-net.kiev.ua)
[16:20:29] *** Joins: Rym (y@moz-rmaga4.range86-187.btcentralplus.com)
[16:26:21] *** Quits: Rym (y@moz-rmaga4.range86-187.btcentralplus.com) (Ping timeout: 121 seconds)
[16:52:27] *** Quits: panicbit (panicbit@moz-r4ks4s.dip0.t-ipconnect.de) (Ping timeout: 121 seconds)
[16:53:11] *** Joins: Rym (y@moz-rmaga4.range86-187.btcentralplus.com)
[16:57:37] *** Quits: Rym (y@moz-rmaga4.range86-187.btcentralplus.com) (Ping timeout: 121 seconds)
[17:06:25] <erickt> acrichto: thought of another thing that would be interesting for cargo+syntex+build.rs. What do you think about a build.rs script printing out the test files that should be compiled?
[17:07:42] <erickt> for example, lines like "cargo:test=$OUT_DIR/test1.rs"? that would let me skip having a driver test.rs that proxies to the generated file
[17:12:34] *** Quits: doener (doener@moz-929cn9.unity-media.net) (Quit: leaving)
[17:13:18] *** Quits: hugod (user@moz-885.jmo.24.70.IP) (Ping timeout: 121 seconds)
[17:14:12] *** Joins: hugod (user@moz-885.jmo.24.70.IP)
[17:30:24] *** Quits: ascarter (ascarter@moz-705hf8.wa.comcast.net) (Quit: My Mac has gone to sleep. ZZZzzz…)
[17:47:22] *** Joins: Rym (y@moz-rmaga4.range86-187.btcentralplus.com)
[17:47:48] *** Joins: brson (brson@moz-cfhap5.mtv2.mozilla.com)
[17:51:46] *** Quits: Rym (y@moz-rmaga4.range86-187.btcentralplus.com) (Ping timeout: 121 seconds)
[17:58:02] *** Quits: Binero (jeroen@moz-91joat.69vi.s4ge.1810.2a02.IP) (Client exited)
[18:00:41] *** Joins: panicbit (panicbit@moz-r4ks4s.dip0.t-ipconnect.de)
[18:12:54] *** Joins: pcwalton (pcwalton@moz-l8ebtf.sfo1.mozilla.com)
[18:23:08] *** Quits: pcwalton (pcwalton@moz-l8ebtf.sfo1.mozilla.com) (Client exited)
[18:23:28] *** Joins: swgillespie (swgillespie@moz-1i5.3un.220.167.IP)
[18:27:43] *** Joins: pcwalton (pcwalton@moz-l8ebtf.sfo1.mozilla.com)
[18:41:30] *** Joins: Rym (y@moz-rmaga4.range86-187.btcentralplus.com)
[18:45:25] *** Quits: pcwalton (pcwalton@moz-l8ebtf.sfo1.mozilla.com) (Client exited)
[18:45:56] *** Quits: Rym (y@moz-rmaga4.range86-187.btcentralplus.com) (Ping timeout: 121 seconds)
[18:50:01] *** Quits: edlothiol (user@moz-dvpmm3.dynamic.kabel-deutschland.de) (Connection closed)
[18:50:07] *** Joins: pcwalton (pcwalton@moz-l8ebtf.sfo1.mozilla.com)
[18:54:42] *** Quits: erickt (erickt@moz-4hh.6p3.217.74.IP) (Ping timeout: 121 seconds)
[18:57:16] *** Joins: ascarter (ascarter@moz-705hf8.wa.comcast.net)
[19:04:25] *** Joins: erickt (erickt@moz-4hh.6p3.217.74.IP)
[19:07:40] *** Joins: mcpherrin_ (uid11663@moz-cgplg8.brockwell.irccloud.com)
[19:08:20] *** mcpherrin is now known as mcpherri2
[19:08:20] *** mcpherrin_ is now known as mcpherrin
[19:12:24] *** Joins: doener (doener@moz-929cn9.unity-media.net)
[19:18:56] *** Joins: Shackra (Jorge@moz-7bh.ng6.177.186.IP)
[19:30:39] *** Joins: kalail (uid62296@moz-5ck9vu.charlton.irccloud.com)
[19:35:42] *** Joins: Rym (y@moz-rmaga4.range86-187.btcentralplus.com)
[19:36:14] *** Quits: erickt (erickt@moz-4hh.6p3.217.74.IP) (Ping timeout: 121 seconds)
[19:40:08] *** Quits: Rym (y@moz-rmaga4.range86-187.btcentralplus.com) (Ping timeout: 121 seconds)
[19:44:31] *** Joins: erickt (erickt@moz-4hh.6p3.217.74.IP)
[19:48:55] *** Quits: swgillespie (swgillespie@moz-1i5.3un.220.167.IP) (Quit: My MacBook Pro has gone to sleep. ZZZzzz…)
[19:52:31] *** Joins: nerdopoly (Mibbit@moz-8v95eo.range86-143.btcentralplus.com)
[20:13:57] *** Quits: nerdopoly (Mibbit@moz-8v95eo.range86-143.btcentralplus.com) (Quit: http://www.mibbit.com ajax IRC Client)
[20:23:26] *** Quits: nonsensickle (nonsensickl@moz-4v0.gkd.16.182.IP) (Ping timeout: 121 seconds)
[20:26:19] *** Quits: WindowsBunny (Peter@moz-prmara.east.verizon.net) (Ping timeout: 121 seconds)
[20:27:45] *** Joins: sonder (chatzilla@moz-nt8r49.idi.ntnu.no)
[20:29:06] *** Joins: WindowsBunny (Peter@moz-prmara.east.verizon.net)
[20:29:57] *** Joins: Rym (y@moz-rmaga4.range86-187.btcentralplus.com)
[20:33:26] *** Quits: filsmick (filsmick@moz-bar7fk.abo.wanadoo.fr) (Quit: )
[20:34:17] *** Quits: Rym (y@moz-rmaga4.range86-187.btcentralplus.com) (Ping timeout: 121 seconds)
[20:38:40] *** Joins: swgillespie (swgillespie@moz-1i5.3un.220.167.IP)
[20:40:45] *** Joins: LinuxBunny (Retep998@moz-prmara.east.verizon.net)
[20:53:02] *** Quits: harrisonclarke (harrisoncla@moz-6v8.jf9.227.142.IP) (Connection closed)
[20:55:40] *** Quits: killercup (killercup@moz-gpufip.dip0.t-ipconnect.de) (Quit: Bye)
[21:14:47] *** Quits: swgillespie (swgillespie@moz-1i5.3un.220.167.IP) (Quit: My MacBook Pro has gone to sleep. ZZZzzz…)
[21:22:30] *** Joins: swgillespie (swgillespie@moz-1i5.3un.220.167.IP)
[21:23:59] *** Joins: Rym (y@moz-rmaga4.range86-187.btcentralplus.com)
[21:28:25] *** Quits: Rym (y@moz-rmaga4.range86-187.btcentralplus.com) (Ping timeout: 121 seconds)
[21:29:31] *** Quits: erickt (erickt@moz-4hh.6p3.217.74.IP) (Ping timeout: 121 seconds)
[21:30:07] *** Joins: Rym (y@moz-rmaga4.range86-187.btcentralplus.com)
[21:31:48] *** Quits: swgillespie (swgillespie@moz-1i5.3un.220.167.IP) (Quit: My MacBook Pro has gone to sleep. ZZZzzz…)
[21:32:58] *** Joins: erickt (erickt@moz-4hh.6p3.217.74.IP)
[21:36:59] *** Quits: Rym (y@moz-rmaga4.range86-187.btcentralplus.com) (Ping timeout: 121 seconds)
[21:39:04] *** Quits: ascarter (ascarter@moz-705hf8.wa.comcast.net) (Quit: My Mac has gone to sleep. ZZZzzz…)
[21:47:07] *** Joins: swgillespie (swgillespie@moz-1i5.3un.220.167.IP)
[22:00:40] *** Joins: p1start (p1start@moz-nftjhe.org)
[22:01:50] *** Joins: nerdopoly (Mibbit@moz-ouaagf.range86-143.btcentralplus.com)
[22:03:20] *** Joins: Rym (y@moz-rmaga4.range86-187.btcentralplus.com)
[22:05:54] *** Joins: adam__ (adam@moz-ouaagf.range86-143.btcentralplus.com)
[22:06:07] *** Quits: adam__ (adam@moz-ouaagf.range86-143.btcentralplus.com) (Quit: leaving)
[22:06:59] *** Quits: swgillespie (swgillespie@moz-1i5.3un.220.167.IP) (Quit: My MacBook Pro has gone to sleep. ZZZzzz…)
[22:07:46] *** Quits: Rym (y@moz-rmaga4.range86-187.btcentralplus.com) (Ping timeout: 121 seconds)
[22:08:41] *** Quits: nerdopoly (Mibbit@moz-ouaagf.range86-143.btcentralplus.com) (Quit: http://www.mibbit.com ajax IRC Client)
[22:10:33] *** Joins: nerdopoly (nerdopoly@moz-ouaagf.range86-143.btcentralplus.com)
[22:16:19] *** Quits: erickt (erickt@moz-4hh.6p3.217.74.IP) (Ping timeout: 121 seconds)
[22:24:04] *** Quits: santiago (santiago@moz-ro2mm9.res.rr.com) (Quit: Computer has gone to sleep.)
[22:28:02] *** Quits: SneakySnake (nya@moz-i9is4u.pool.telekom.hu) (Connection closed)
[22:33:59] *** Joins: Kingsquee (kingsley@moz-3fm07c.bchsia.telus.net)
[22:40:29] *** Joins: erickt (erickt@moz-4hh.6p3.217.74.IP)
[22:42:20] *** Quits: gleb (gleb@moz-3u1drv.rusanovka-net.kiev.ua) (Ping timeout: 121 seconds)
[22:43:05] *** Joins: ascarter (ascarter@moz-705hf8.wa.comcast.net)
[22:53:40] *** Quits: ascarter (ascarter@moz-705hf8.wa.comcast.net) (Quit: My Mac has gone to sleep. ZZZzzz…)
[22:57:35] *** Joins: Rym (y@moz-rmaga4.range86-187.btcentralplus.com)
[22:58:10] *** Quits: erickt (erickt@moz-4hh.6p3.217.74.IP) (Ping timeout: 121 seconds)
[22:59:56] *** Quits: ptalbot (ptalbot@moz-j4gnuh.fbx.proxad.net) (Ping timeout: 121 seconds)
[23:01:57] *** Quits: Rym (y@moz-rmaga4.range86-187.btcentralplus.com) (Ping timeout: 121 seconds)
[23:08:16] *** Joins: erickt (erickt@moz-4hh.6p3.217.74.IP)
[23:11:47] *** Joins: Rym (y@moz-rmaga4.range86-187.btcentralplus.com)
[23:12:40] *** Joins: ascarter_ (ascarter@moz-705hf8.wa.comcast.net)
[23:14:39] *** Quits: erickt (erickt@moz-4hh.6p3.217.74.IP) (Ping timeout: 121 seconds)
[23:16:23] *** Joins: erickt (erickt@moz-4hh.6p3.217.74.IP)
[23:27:30] *** Joins: santiago (santiago@moz-ro2mm9.res.rr.com)
[23:29:54] *** Quits: erickt (erickt@moz-4hh.6p3.217.74.IP) (Ping timeout: 121 seconds)
[23:44:10] *** Quits: nerdopoly (nerdopoly@moz-ouaagf.range86-143.btcentralplus.com) (Quit: leaving)
[23:48:32] *** Quits: brson (brson@moz-cfhap5.mtv2.mozilla.com) (Quit: leaving)
[23:59:41] *** Joins: erickt (erickt@moz-4hh.6p3.217.74.IP)
