[00:07:57] *** Quits: erz (erz@moz-ab429s.broadband.corbina.ru) (Quit: My Mac has gone to sleep. ZZZzzz…)
[00:27:05] *** Quits: dpc_ (dpc@moz-52v2l7.nvidia.com) (Ping timeout: 121 seconds)
[00:39:52] *** Joins: swgillespie (swgillespie@moz-apj.3un.220.167.IP)
[00:56:40] *** Joins: Quxxy (chatzilla@moz-0nv.jkp.167.59.IP)
[01:05:14] *** Joins: Johannes_ (Johannes@moz-4et8d7.ocn.ne.jp)
[01:06:47] *** Quits: Johannes (Johannes@moz-4et8d7.ocn.ne.jp) (Ping timeout: 121 seconds)
[01:10:39] *** Quits: swgillespie (swgillespie@moz-apj.3un.220.167.IP) (Server shutdown)
[01:10:39] *** Quits: ascarter (ascarter@moz-705hf8.wa.comcast.net) (Server shutdown)
[01:10:39] *** Quits: eckhardt (eckhardt@moz-s9e.ov1.227.199.IP) (Server shutdown)
[01:10:39] *** Quits: brson (brson@moz-cfhap5.mtv2.mozilla.com) (Server shutdown)
[01:10:39] *** Quits: pcwalton (pcwalton@moz-l8ebtf.sfo1.mozilla.com) (Server shutdown)
[01:10:39] *** Quits: erickt (erickt@moz-4hh.6p3.217.74.IP) (Server shutdown)
[01:10:39] *** Quits: santiago (santiago@moz-ro2mm9.res.rr.com) (Server shutdown)
[01:10:39] *** Quits: Cifram (Cifram@moz-l63.9pu.126.76.IP) (Server shutdown)
[01:10:39] *** Quits: ebfull (ebfull@moz-2hf06a.co.comcast.net) (Server shutdown)
[01:10:39] *** Quits: acrichto (acrichto@moz-u3dg2t.sfo1.mozilla.com) (Server shutdown)
[01:10:39] *** Quits: Eridius (kevin@moz-6opvqs.us) (Server shutdown)
[01:10:39] *** Quits: shadower (shadower@moz-3ah4n5.osop.rhcloud.com) (Server shutdown)
[01:10:39] *** Quits: bpugh (bpugh@moz-715e47.ca.comcast.net) (Server shutdown)
[01:10:39] *** Quits: c74d (c74d3a4ebb6@moz-0ersgu.oc.cox.net) (Server shutdown)
[01:10:40] *** Quits: Dabo (dabo@znc.dabo.guru) (Server shutdown)
[01:10:40] *** Quits: meteredsection (meteredsect@moz-k1pkr3.wa.comcast.net) (Server shutdown)
[01:10:40] *** Quits: noustuff (sid82844@moz-0s5vdk.highgate.irccloud.com) (*.net *.split)
[01:10:40] *** Quits: mystor (sid79584@moz-761b3h.charlton.irccloud.com) (*.net *.split)
[01:10:40] *** Quits: bjeanes (sid16847@moz-2cktjn.highgate.irccloud.com) (*.net *.split)
[01:10:40] *** Quits: huseby (huseby@moz-m7l0au.d2vr.5em6.6400.2605.IP) (*.net *.split)
[01:10:40] *** Quits: cstrahan (sid36118@moz-ed0n9r.highgate.irccloud.com) (*.net *.split)
[01:10:40] *** Quits: Fill (Fill@moz-2fjhju.7o2i.a0qj.41d0.2001.IP) (*.net *.split)
[01:10:40] *** Quits: aturon (sid379@moz-hhfc8n.0j4i.jtu0.0101.2620.IP) (*.net *.split)
[01:10:40] *** Quits: pyfisch_ (pyfisch@moz-hs65gi.stefan-betz.net) (*.net *.split)
[01:10:40] *** Quits: jhelwig (jhelwig@moz-m94qqt.technosorcery.net) (*.net *.split)
[01:10:40] *** Quits: jack (sid19593@moz-fhlsm9.highgate.irccloud.com) (*.net *.split)
[01:10:40] *** Quits: dherman (sid7996@moz-u0jlif.ealing.irccloud.com) (*.net *.split)
[01:10:40] *** Quits: richo (richo@moz-slrmp8.fs1g.619c.a880.2604.IP) (*.net *.split)
[01:10:40] *** Quits: huon (huon@moz-hj272o.8rnv.rggd.6180.2400.IP) (*.net *.split)
[01:10:40] *** Quits: Ycros (ycros@moz-f8shio.ycros.org) (*.net *.split)
[01:10:40] *** Quits: spastorino (sid27384@moz-i6sgse.brockwell.irccloud.com) (*.net *.split)
[01:10:40] *** Quits: larsberg (sid89@moz-1a60qu.0j4i.jtu0.0101.2620.IP) (*.net *.split)
[01:10:40] *** Quits: zamabe (zamabe@moz-b1j0ft.inderagamono.net) (*.net *.split)
[01:10:40] *** Quits: O01eg (o01eg@moz-fe1qqi.m45p.3egh.2698.2a02.IP) (*.net *.split)
[01:10:40] *** Quits: reem (sid78397@moz-octfcu.brockwell.irccloud.com) (*.net *.split)
[01:10:40] *** Quits: sp3d (sp3d@moz-re8m3s.mf75.3igv.0240.2601.IP) (*.net *.split)
[01:10:40] *** Quits: shtirlic (shtirlic@moz-a4fsmq.q7tv.7c32.b0c0.2a03.IP) (*.net *.split)
[01:10:40] *** Quits: bltavares (bltavares@moz-u6pgnh.7l10.lipn.4802.2001.IP) (*.net *.split)
[01:10:40] *** Quits: kamalmarhubi (sid26581@moz-93tqk9.highgate.irccloud.com) (*.net *.split)
[01:10:40] *** Quits: frewsxcv (sid86219@moz-dneii9.brockwell.irccloud.com) (*.net *.split)
[01:10:40] *** Quits: wycats (sid79@moz-b4lrm3.brockwell.irccloud.com) (*.net *.split)
[01:10:40] *** Quits: iamstef (sid12605@moz-lkv1gm.ealing.irccloud.com) (*.net *.split)
[01:10:40] *** Quits: gus (quassel@moz-s29c4j.1136.t8sg.1801.2401.IP) (*.net *.split)
[01:10:40] *** Quits: seanmonstar (seanmonstar@moz-jd3i0j.fkdv.ulf6.3c01.2600.IP) (*.net *.split)
[01:10:40] *** Quits: fpauser (sid44549@moz-o9r6g4.ealing.irccloud.com) (*.net *.split)
[01:10:40] *** Quits: jethrogb (jethrob@moz-p2iedd.scintilla.utwente.nl) (*.net *.split)
[01:10:40] *** Quits: dprien (dprien@moz-15s7c4.udtd.gaqb.04f8.2a01.IP) (*.net *.split)
[01:10:40] *** Quits: MetaCosm (sid514@moz-2jv0oc.highgate.irccloud.com) (*.net *.split)
[01:10:40] *** Quits: mbrubeck (sid61@moz-2pjnuf.0j4i.jtu0.0101.2620.IP) (*.net *.split)
[01:10:40] *** Quits: passcod (passcod@moz-p68.ijk.131.104.IP) (*.net *.split)
[01:10:40] *** Quits: WindowsBunny (Peter@moz-vlal7g.east.verizon.net) (*.net *.split)
[01:10:40] *** Quits: steveklabnik (root@moz-fft.uo8.55.45.IP) (*.net *.split)
[01:10:40] *** Quits: glennpratt (glennpratt@moz-t5r4la.fios.verizon.net) (*.net *.split)
[01:10:40] *** Quits: hugod (user@moz-885.jmo.24.70.IP) (*.net *.split)
[01:10:40] *** Quits: kemurphy (kemurphy@moz-ke1.ea2.241.192.IP) (*.net *.split)
[01:10:40] *** Quits: cgaebel (cgaebel@moz-aq9.qj7.199.198.IP) (*.net *.split)
[01:10:40] *** Quits: thiagopnts (mozilla@moz-jrh.mfc.170.107.IP) (*.net *.split)
[01:10:40] *** Quits: dustinm` (dustinm@moz-es6jb7.ip-167-114-152.net) (*.net *.split)
[01:10:40] *** Quits: JustAPerson (JustAPerson@moz-un628q.moe) (*.net *.split)
[01:10:40] *** Quits: [o__o] ([o__o]@moz-4s2t5k.compute-1.amazonaws.com) (*.net *.split)
[01:10:40] *** Quits: A205B064 (A205B064@moz-9s9nhk.nap.wideopenwest.com) (*.net *.split)
[01:10:40] *** Quits: harrisonclarke (harrisoncla@moz-uur7pt.eastlink.ca) (*.net *.split)
[01:10:40] *** Quits: noct (quassel@moz-s5kedu.noctal.com) (*.net *.split)
[01:10:40] *** Quits: jtdowney (jtdowney@moz-qb98um.catdevnull.net) (*.net *.split)
[01:10:40] *** Quits: lahwran (lahwran@lahwran.net) (*.net *.split)
[01:10:40] *** Quits: robn (robn@moz-lmns4l.static.theplanet.com) (*.net *.split)
[01:10:40] *** Quits: tdfischer (tdfischer@23.21.241.21) (*.net *.split)
[01:10:40] *** Quits: awe (awe@moz-vpr.va5.236.104.IP) (*.net *.split)
[01:10:40] *** Quits: yan_ (yan@moz-ncr.ajn.243.162.IP) (*.net *.split)
[01:10:40] *** Quits: burntsushi (burntsushi@moz-t92kn9.ma.charter.com) (*.net *.split)
[01:10:40] *** Quits: jamwt (jamwt@moz-noo6hc.jamwt.com) (*.net *.split)
[01:10:40] *** Quits: sam113101 (sam@moz-5mq5dc.mc.videotron.ca) (*.net *.split)
[01:10:40] *** Quits: sfackler (sfackler@moz-23t.qf9.243.162.IP) (*.net *.split)
[01:10:40] *** Quits: jvolkman (jvolkman@moz-kj5hfm.compute.amazonaws.com) (*.net *.split)
[01:10:40] *** Quits: rs0 (rs0@moz-cfu0jl.compute.amazonaws.com) (*.net *.split)
[01:10:42] *** Joins: Eridius (kevin@moz-6opvqs.us)
[01:10:46] *** Quits: Eridius (kevin@moz-6opvqs.us) (Server shutdown)
[01:10:46] *** Quits: Johannes_ (Johannes@moz-4et8d7.ocn.ne.jp) (Server shutdown)
[01:10:46] *** Quits: Quxxy (chatzilla@moz-0nv.jkp.167.59.IP) (Server shutdown)
[01:10:46] *** Quits: qrlpx (smuxi@moz-kr4.gl4.139.80.IP) (Server shutdown)
[01:10:46] *** Quits: p32blo (p32blo@moz-v36o87.cpe.netcabo.pt) (Server shutdown)
[01:10:46] *** Quits: zyphrus (David@moz-3h0.d1d.98.101.IP) (Server shutdown)
[01:10:46] *** Quits: panicbit (panicbit@moz-vqobnf.dip0.t-ipconnect.de) (Server shutdown)
[01:10:46] *** Quits: doener (doener@moz-eku96m.hsi08.unitymediagroup.de) (Server shutdown)
[01:10:46] *** Quits: globin (globin@moz-isrgf8.de) (Server shutdown)
[01:10:46] *** Quits: FreeFull (freefull@moz-s98r58.range5-81.btcentralplus.com) (Server shutdown)
[01:10:46] *** Quits: bgamari (bgamari@moz-m173ho.hsi8.kabel-badenwuerttemberg.de) (Server shutdown)
[01:10:46] *** Quits: JanC (janc@moz-am5gp9.dsl.scarlet.be) (Server shutdown)
[01:10:46] *** Quits: kimundi (kimundi@moz-or1.1hh.188.87.IP) (Server shutdown)
[01:10:46] *** Quits: nonsensickle (nonsensickl@moz-4v0.gkd.16.182.IP) (Server shutdown)
[01:10:46] *** Quits: barosl (barosl@moz-tmp.qma.67.220.IP) (Server shutdown)
[01:10:46] *** Quits: tomaka (Pierre@moz-kqs9pc.abo.wanadoo.fr) (Server shutdown)
[01:10:46] *** Quits: techzapper (techiewicki@moz-er3.jjd.88.202.IP) (Server shutdown)
[01:10:46] *** Quits: xilec (Mibbit@moz-g6k.oht.161.46.IP) (Server shutdown)
[01:10:46] *** Quits: [dmp] (dennis@moz-tjonjm.d75.net) (Server shutdown)
[01:10:46] *** Quits: phaylon (phaylon@moz-t987n8.scsys.co.uk) (Server shutdown)
[01:10:46] *** Quits: Mutabah (tpg@moz-hklpnj.mutabah.net) (Server shutdown)
[01:10:46] *** Quits: klutzy (not@moz-0t8.piq.68.115.IP) (Server shutdown)
[01:10:46] *** Quits: stl (stl@moz-sa1.66b.15.176.IP) (Server shutdown)
[01:10:46] *** Quits: Ilari (user@moz-cb3c4u.elisa-laajakaista.fi) (Server shutdown)
[01:10:46] *** Quits: SaberUK (saberuk@moz-ojjikv.testificate.com) (Server shutdown)
[01:10:46] *** Quits: perillamint (perillamint@moz-pvo.3mu.72.61.IP) (Server shutdown)
[01:10:46] *** Quits: faern (faern@moz-4ef681.jagochmittmoln.se) (Server shutdown)
[01:10:46] *** Quits: o11c (ben@moz-9bd9kh.customer.t3.se) (Server shutdown)
[01:10:46] *** Quits: jxs (jxs@moz-3rn.a4j.61.108.IP) (Server shutdown)
[01:10:46] *** Quits: mrmonday (mrmonday@moz-20udp8.lin.openzula.org) (Server shutdown)
[01:10:46] *** Quits: mme (mme@moz-osl5of.de) (Server shutdown)
[01:10:46] *** Quits: fredy (fredy@moz-s6pco4.okeanos.grnet.gr) (Server shutdown)
[01:10:46] *** Quits: Siosm (quassel@moz-hkaoqt.fr) (Server shutdown)
[01:10:46] *** Quits: andor (andor@moz-tr8hdg.neferty.me) (Server shutdown)
[01:10:46] *** Quits: pzol (pzol@moz-gr8.fnk.213.194.IP) (Server shutdown)
[01:10:46] *** Quits: mitsuhiko (mitsuhiko-m@moz-dcduic.srv.pocoo.org) (Server shutdown)
[01:10:46] *** Quits: contradictioned (quassel@moz-th4tob.clients.your-server.de) (Server shutdown)
[01:10:46] *** Quits: SimonSapin (simon@moz-ju2imn.exyr.org) (Server shutdown)
[01:10:46] *** Quits: kaeso (kaeso@moz-jetf3a.unstable.it) (Server shutdown)
[01:10:46] *** Quits: Siyo (Siyo@moz-dm4.ko9.32.178.IP) (Server shutdown)
[01:11:22] *** Joins: cmr (cmr@moz-35s2fm.members.linode.com)
[01:11:22] *** fripp.mozilla.org sets mode: -no doener
[01:11:22] *** fripp.mozilla.org sets mode: -t 
[01:11:22] *** belew.mozilla.org sets mode: +nt 
[01:11:22] *** Joins: erickt (erickt@moz-4hh.6p3.217.74.IP)
[01:11:22] *** Joins: Cifram (Cifram@moz-l63.9pu.126.76.IP)
[01:11:22] *** Joins: ebfull (ebfull@moz-2hf06a.co.comcast.net)
[01:11:22] *** Joins: robn (robn@moz-lmns4l.static.theplanet.com)
[01:11:22] *** Joins: eckhardt (eckhardt@moz-s9e.ov1.227.199.IP)
[01:11:22] *** Joins: santiago (santiago@moz-ro2mm9.res.rr.com)
[01:11:22] *** Joins: swgillespie (swgillespie@moz-apj.3un.220.167.IP)
[01:11:22] *** Joins: sfackler (sfackler@moz-ko8uu1.com)
[01:11:22] *** Joins: harrisonclarke (harrisoncla@moz-uur7pt.eastlink.ca)
[01:11:22] *** Joins: sam113101 (sam@moz-5mq5dc.mc.videotron.ca)
[01:11:22] *** Joins: WindowsBunny (Peter@moz-vlal7g.east.verizon.net)
[01:11:22] *** Joins: jamwt (jamwt@moz-noo6hc.jamwt.com)
[01:11:22] *** Joins: cgaebel (cgaebel@moz-aq9.qj7.199.198.IP)
[01:11:22] *** Joins: A205B064 (A205B064@moz-9s9nhk.nap.wideopenwest.com)
[01:11:22] *** Joins: burntsushi (burntsushi@moz-t92kn9.ma.charter.com)
[01:11:22] *** Joins: glennpratt (glennpratt@moz-t5r4la.fios.verizon.net)
[01:11:22] *** Joins: noct (quassel@moz-s5kedu.noctal.com)
[01:11:22] *** belew.mozilla.org sets mode: +o erickt
[01:11:23] *** Joins: jvolkman (jvolkman@moz-kj5hfm.compute.amazonaws.com)
[01:11:24] *** Joins: Dabo (dabo@znc.dabo.guru)
[01:11:25] *** Joins: jtdowney (jtdowney@moz-di14r5.i2gt.qoll.a880.2604.IP)
[01:11:25] *** Joins: richo (richo@moz-slrmp8.fs1g.619c.a880.2604.IP)
[01:11:25] *** Joins: dprien (dprien@moz-15s7c4.udtd.gaqb.04f8.2a01.IP)
[01:11:25] *** Joins: O01eg (o01eg@moz-fe1qqi.m45p.3egh.2698.2a02.IP)
[01:11:25] *** Joins: kimundi (kimundi@moz-or1.1hh.188.87.IP)
[01:11:25] *** Joins: pzol (pzol@moz-gr8.fnk.213.194.IP)
[01:11:27] *** Joins: pyfisch (pyfisch@moz-hs65gi.stefan-betz.net)
[01:11:27] *** Joins: bltavares (bltavares@moz-u6pgnh.7l10.lipn.4802.2001.IP)
[01:11:27] *** Joins: zamabe (zamabe@moz-b1j0ft.inderagamono.net)
[01:11:28] *** Joins: Fill (Fill@moz-2fjhju.7o2i.a0qj.41d0.2001.IP)
[01:11:31] *** Joins: rs0 (rs0@moz-cfu0jl.compute.amazonaws.com)
[01:11:31] *** Joins: jhelwig (jhelwig@moz-m94qqt.technosorcery.net)
[01:11:31] *** Joins: passcod (passcod@moz-p68.ijk.131.104.IP)
[01:11:31] *** Joins: bgamari (bgamari@moz-m173ho.hsi8.kabel-badenwuerttemberg.de)
[01:11:32] *** Joins: shtirlic (shtirlic@moz-a4fsmq.q7tv.7c32.b0c0.2a03.IP)
[01:11:34] *** Joins: p32blo (p32blo@moz-v36o87.cpe.netcabo.pt)
[01:11:39] *** Joins: JustAPerson (JustAPerson@moz-un628q.moe)
[01:11:40] *** Joins: bpugh (bpugh@moz-715e47.ca.comcast.net)
[01:11:40] *** Joins: kaeso (kaeso@moz-jetf3a.unstable.it)
[01:11:44] *** Joins: huon (huon@moz-hj272o.8rnv.rggd.6180.2400.IP)
[01:11:44] *** Joins: lahwran (lahwran@lahwran.net)
[01:11:48] *** Joins: awe (awe@moz-vpr.va5.236.104.IP)
[01:11:51] *** Joins: tdfischer (tdfischer@moz-u3l0t0.net)
[01:11:51] *** Quits: tdfischer (tdfischer@moz-u3l0t0.net) (Changing host)
[01:11:51] *** Joins: tdfischer (tdfischer@hackerbots.net)
[01:11:52] *** Joins: thiagopnts (mozilla@moz-jrh.mfc.170.107.IP)
[01:11:54] *** fripp.mozilla.org sets mode: -n 
[01:11:54] *** fripp.mozilla.org sets mode: -o erickt
[01:11:54] *** fripp.mozilla.org sets mode: -t 
[01:11:54] *** ircservices.mozilla.org sets mode: +nt 
[01:11:54] *** ChanServ changes topic to 'Rust's Package Manager | dox: http://doc.crates.io | logs: https://botbot.me/mozilla/cargo'
[01:11:54] *** Joins: kemurphy (kemurphy@moz-ke1.ea2.241.192.IP)
[01:11:54] *** ChanServ sets mode: +r 
[01:12:00] *** Joins: seanmonstar (seanmonstar@moz-jd3i0j.fkdv.ulf6.3c01.2600.IP)
[01:12:14] *** o11c is now known as Guest35151
[01:12:20] *** Joins: Siosm (quassel@moz-hkaoqt.fr)
[01:12:25] *** Joins: ascarter (ascarter@moz-705hf8.wa.comcast.net)
[01:12:27] *** Joins: frewsxcv (sid86219@moz-dneii9.brockwell.irccloud.com)
[01:12:32] *** Joins: kamalmarhubi (sid26581@moz-93tqk9.highgate.irccloud.com)
[01:12:35] *** Joins: Johannes (Johannes@moz-4et8d7.ocn.ne.jp)
[01:12:43] *** Joins: SimonSapin (simon@moz-ju2imn.exyr.org)
[01:12:52] *** Joins: qrlpx (smuxi@moz-kr4.gl4.139.80.IP)
[01:13:04] *** Joins: jethrogb (jethrob@moz-p2iedd.scintilla.utwente.nl)
[01:13:10] *** Joins: barosl (barosl@moz-tmp.qma.67.220.IP)
[01:13:11] *** Joins: wycats (sid79@moz-b4lrm3.brockwell.irccloud.com)
[01:13:11] *** ChanServ sets mode: +qo wycats wycats
[01:13:17] *** Joins: cstrahan (sid36118@moz-ed0n9r.highgate.irccloud.com)
[01:13:24] *** Joins: spastorino (sid27384@moz-i6sgse.brockwell.irccloud.com)
[01:13:24] *** Joins: fredy (fredy@moz-s6pco4.okeanos.grnet.gr)
[01:13:30] *** Joins: reem (sid78397@moz-octfcu.brockwell.irccloud.com)
[01:13:44] *** Joins: noustuff (sid82844@moz-0s5vdk.highgate.irccloud.com)
[01:13:44] *** Joins: MetaCosm (sid514@moz-2jv0oc.highgate.irccloud.com)
[01:13:55] *** Joins: bjeanes (sid16847@moz-2cktjn.highgate.irccloud.com)
[01:13:57] *** Joins: jack (sid19593@moz-fhlsm9.highgate.irccloud.com)
[01:14:23] *** Joins: [o__o] ([o__o]@moz-4s2t5k.compute-1.amazonaws.com)
[01:14:33] *** Joins: mystor (sid79584@moz-761b3h.charlton.irccloud.com)
[01:15:40] *** Joins: meteredsection (meteredsect@moz-k1pkr3.wa.comcast.net)
[01:15:43] *** Joins: Eridius (kevin@moz-6opvqs.us)
[01:15:43] *** Joins: acrichto (acrichto@moz-u3dg2t.sfo1.mozilla.com)
[01:15:44] *** Joins: iamstef (sid12605@moz-lkv1gm.ealing.irccloud.com)
[01:15:47] *** Joins: brson (brson@moz-cfhap5.mtv2.mozilla.com)
[01:15:48] *** Joins: [dmp] (dennis@moz-tjonjm.d75.net)
[01:15:49] *** Joins: phaylon (phaylon@moz-t987n8.scsys.co.uk)
[01:15:49] *** Joins: globin (globin@moz-isrgf8.de)
[01:15:51] *** Joins: steveklabnik (root@moz-fft.uo8.55.45.IP)
[01:15:51] *** Joins: yan_ (yan@moz-ncr.ajn.243.162.IP)
[01:15:54] *** Joins: fpauser (sid44549@moz-o9r6g4.ealing.irccloud.com)
[01:15:59] *** Joins: Mutabah (tpg@moz-hklpnj.mutabah.net)
[01:16:06] *** Joins: dherman (sid7996@moz-u0jlif.ealing.irccloud.com)
[01:16:30] *** Joins: huseby (huseby@moz-m7l0au.d2vr.5em6.6400.2605.IP)
[01:17:37] *** Quits: p32blo (p32blo@moz-v36o87.cpe.netcabo.pt) (Ping timeout: 121 seconds)
[01:18:00] *** Joins: larsberg (Adium@moz-kmvlue.cable.rcn.com)
[01:18:41] *** Quits: Johannes (Johannes@moz-4et8d7.ocn.ne.jp) (Connection closed)
[01:18:50] *** Joins: Johannes_ (Johannes@moz-4et8d7.ocn.ne.jp)
[01:20:10] *** Joins: mbrubeck (sid61@moz-2pjnuf.0j4i.jtu0.0101.2620.IP)
[01:20:17] *** Joins: stl (stl@moz-sa1.66b.15.176.IP)
[01:21:02] *** Joins: c74d (c74d3a4ebb6@moz-0ersgu.oc.cox.net)
[01:21:13] *** Joins: aturon (sid379@moz-hhfc8n.0j4i.jtu0.0101.2620.IP)
[01:21:32] *** Quits: glennpratt (glennpratt@moz-t5r4la.fios.verizon.net) (A TLS packet with unexpected length was received.)
[01:24:16] *** Joins: dougxxx (dougxxx@moz-0js00c.iinet.net.au)
[01:25:03] *** Quits: Cifram (Cifram@moz-l63.9pu.126.76.IP) (Ping timeout: 121 seconds)
[01:25:03] *** Joins: vky (vky@moz-fqci96.ca.comcast.net)
[01:26:13] *** Quits: Guest35151 (ben@moz-9bd9kh.customer.t3.se) (Quit: WeeChat 1.2)
[01:26:17] *** Joins: o11c (ben@moz-9bd9kh.customer.t3.se)
[01:28:05] *** Joins: zyphrus (David@moz-3h0.d1d.98.101.IP)
[01:33:09] *** Quits: erickt (erickt@moz-4hh.6p3.217.74.IP) (Ping timeout: 121 seconds)
[01:36:14] *** Joins: Johannes (Johannes@moz-4et8d7.ocn.ne.jp)
[01:38:48] *** Quits: Johannes_ (Johannes@moz-4et8d7.ocn.ne.jp) (Ping timeout: 121 seconds)
[01:44:26] *** Joins: dustinm` (dustinm@moz-es6jb7.ip-167-114-152.net)
[01:46:41] *** Quits: larsberg (Adium@moz-kmvlue.cable.rcn.com) (Quit: Leaving.)
[01:52:04] *** kimundi is now known as zz_kimundi
[01:53:49] *** Joins: Tobba (Tobba@moz-o13d22.bredband.telia.com)
[02:01:09] *** Joins: hugod (user@moz-885.jmo.24.70.IP)
[02:01:10] *** Joins: dpc_ (dpc@moz-t6gr4b.ca.comcast.net)
[02:01:50] *** Quits: dpc_ (dpc@moz-t6gr4b.ca.comcast.net) (Connection closed)
[02:04:53] *** Quits: brson (brson@moz-cfhap5.mtv2.mozilla.com) (Quit: leaving)
[02:05:59] *** Joins: brson (brson@moz-cfhap5.mtv2.mozilla.com)
[02:09:16] *** Quits: brson (brson@moz-cfhap5.mtv2.mozilla.com) (Quit: leaving)
[02:23:00] *** Joins: Cifram (Cifram@moz-l63.9pu.126.76.IP)
[02:25:17] *** Quits: Tobba (Tobba@moz-o13d22.bredband.telia.com) (Connection closed)
[02:27:37] *** Joins: Tobba (Tobba@moz-o13d22.bredband.telia.com)
[02:31:46] *** Quits: A205B064 (A205B064@moz-9s9nhk.nap.wideopenwest.com) (Ping timeout: 121 seconds)
[02:33:38] *** Quits: eckhardt (eckhardt@moz-s9e.ov1.227.199.IP) (Connection closed)
[02:40:36] *** Quits: Tobba (Tobba@moz-o13d22.bredband.telia.com) (Ping timeout: 121 seconds)
[02:42:05] *** Joins: erickt (erickt@moz-njt.vqi.14.76.IP)
[02:42:48] *** Joins: eckhardt (eckhardt@moz-s9e.ov1.227.199.IP)
[02:47:01] *** Quits: zz_kimundi (kimundi@moz-or1.1hh.188.87.IP) (Ping timeout: 121 seconds)
[02:48:27] *** Joins: zz_kimundi (kimundi@moz-qkt.503.188.87.IP)
[02:48:33] *** zz_kimundi is now known as kimundi
[02:53:06] *** Joins: glennpratt (glennpratt@moz-t5r4la.fios.verizon.net)
[02:56:13] *** Quits: vky (vky@moz-fqci96.ca.comcast.net) (Ping timeout: 121 seconds)
[03:09:17] *** Joins: p1start (p1start@moz-nftjhe.org)
[03:22:38] *** Joins: Tobba (Tobba@moz-o13d22.bredband.telia.com)
[03:27:45] *** Joins: Kingsquee (kingsley@moz-lu638h.bchsia.telus.net)
[03:28:44] *** Quits: swgillespie (swgillespie@moz-apj.3un.220.167.IP) (Quit: My MacBook Pro has gone to sleep. ZZZzzz…)
[03:49:48] *** Joins: vky (vky@moz-fqci96.ca.comcast.net)
[04:06:56] *** Joins: swgillespie (swgillespie@moz-rn1.vmq.232.104.IP)
[04:20:54] *** Quits: vky (vky@moz-fqci96.ca.comcast.net) (Ping timeout: 121 seconds)
[04:53:08] *** Quits: eckhardt (eckhardt@moz-s9e.ov1.227.199.IP) (Quit: Leaving...)
[05:13:59] *** Quits: O01eg (o01eg@moz-fe1qqi.m45p.3egh.2698.2a02.IP) (Client exited)
[05:26:04] *** Joins: A205B064 (A205B064@moz-9s9nhk.nap.wideopenwest.com)
[05:37:40] *** Joins: SneakySnake (nya@moz-i9is4u.pool.telekom.hu)
[05:40:45] *** Quits: swgillespie (swgillespie@moz-rn1.vmq.232.104.IP) (Quit: My MacBook Pro has gone to sleep. ZZZzzz…)
[05:40:46] *** Joins: swgillespie (swgillespie@moz-rn1.vmq.232.104.IP)
[05:40:55] *** Quits: swgillespie (swgillespie@moz-rn1.vmq.232.104.IP) (Connection closed)
[05:41:48] *** Joins: ptalbot (ptalbot@moz-j4gnuh.fbx.proxad.net)
[05:42:21] *** Joins: sp3d (sp3d@moz-re8m3s.mf75.3igv.0240.2601.IP)
[05:42:32] *** Quits: barosl (barosl@moz-tmp.qma.67.220.IP) (Connection closed)
[05:44:56] *** Joins: swgillespie (swgillespie@moz-rn1.vmq.232.104.IP)
[05:47:54] *** Joins: eckhardt (eckhardt@moz-0b0.bm2.248.98.IP)
[05:57:09] *** Quits: ptalbot (ptalbot@moz-j4gnuh.fbx.proxad.net) (Ping timeout: 121 seconds)
[06:20:48] *** Quits: erickt (erickt@moz-njt.vqi.14.76.IP) (Ping timeout: 121 seconds)
[06:51:24] <Dabo> sp3d, afaik that wouldn't really make that much sense because [dependencies.*] is *never* unused, it's always added as a dependency even if there are no lines under it
[06:55:17] *** Joins: thalleralexander (thalleralex@moz-cfcrtj.static.qsc.de)
[07:16:31] *** Joins: ptalbot (ptalbot@moz-1gn7gb.eu0n.jcdj.0660.2001.IP)
[07:17:16] *** Quits: Tobba (Tobba@moz-o13d22.bredband.telia.com) (Ping timeout: 121 seconds)
[07:23:25] *** Quits: dougxxx (dougxxx@moz-0js00c.iinet.net.au) (Quit: Leaving...)
[07:23:52] *** Joins: fkaa (fkaa@moz-501od2.business.telia.com)
[07:41:05] *** Joins: geomyidae_ (uid214@moz-n22p0h.charlton.irccloud.com)
[07:47:43] *** Joins: erickt (erickt@moz-njt.vqi.14.76.IP)
[07:52:41] *** Quits: erickt (erickt@moz-njt.vqi.14.76.IP) (Ping timeout: 121 seconds)
[07:54:49] *** Quits: geomyidae_ (uid214@moz-n22p0h.charlton.irccloud.com) (Quit: )
[08:04:03] *** Quits: swgillespie (swgillespie@moz-rn1.vmq.232.104.IP) (Quit: My MacBook Pro has gone to sleep. ZZZzzz…)
[08:18:20] *** Quits: eckhardt (eckhardt@moz-0b0.bm2.248.98.IP) (Quit: Leaving...)
[09:08:40] *** Joins: erz (erz@moz-ab429s.broadband.corbina.ru)
[09:19:04] *** Joins: bjz (bjz@moz-puppgq.tpgi.com.au)
[09:36:43] *** Joins: erickt (erickt@moz-njt.vqi.14.76.IP)
[09:40:15] *** Joins: filsmick (filsmick@moz-egb12q.abo.wanadoo.fr)
[09:41:34] *** Quits: erickt (erickt@moz-njt.vqi.14.76.IP) (Ping timeout: 121 seconds)
[09:45:59] *** Quits: A205B064 (A205B064@moz-9s9nhk.nap.wideopenwest.com) (Ping timeout: 121 seconds)
[09:48:42] *** Joins: p32blo (p32blo@moz-v36o87.cpe.netcabo.pt)
[09:59:11] *** Joins: doener_ (doener@moz-fnh.n4j.147.5.IP)
[09:59:50] *** Joins: gleb (gleb@moz-3u1drv.rusanovka-net.kiev.ua)
[10:02:10] *** Quits: doener (doener@moz-eku96m.hsi08.unitymediagroup.de) (Ping timeout: 121 seconds)
[10:24:00] *** Quits: thalleralexander (thalleralex@moz-cfcrtj.static.qsc.de) (Quit: Leaving)
[10:26:39] *** Joins: thalleralexander (thalleralex@moz-cfcrtj.static.qsc.de)
[10:35:08] *** Quits: p1start (p1start@moz-nftjhe.org) (Ping timeout: 121 seconds)
[10:35:20] *** Joins: eibwen (eibwen@moz-ahg.f5l.231.217.IP)
[10:57:08] *** Quits: filsmick (filsmick@moz-egb12q.abo.wanadoo.fr) (Connection closed)
[10:57:49] *** Joins: filsmick (filsmick@moz-egb12q.abo.wanadoo.fr)
[11:00:14] *** Quits: p32blo (p32blo@moz-v36o87.cpe.netcabo.pt) (Ping timeout: 121 seconds)
[11:00:48] *** Quits: filsmick (filsmick@moz-egb12q.abo.wanadoo.fr) (Connection closed)
[11:00:49] *** Joins: filsmick (filsmick@moz-egb12q.abo.wanadoo.fr)
[11:10:09] *** Joins: p32blo (p32blo@moz-v36o87.cpe.netcabo.pt)
[11:16:59] *** Joins: Tobba (Tobba@moz-o13d22.bredband.telia.com)
[11:21:14] *** Quits: zyphrus (David@moz-3h0.d1d.98.101.IP) (Quit: Bye bye)
[11:25:32] *** Joins: erickt (erickt@moz-njt.vqi.14.76.IP)
[11:30:17] *** Quits: erickt (erickt@moz-njt.vqi.14.76.IP) (Ping timeout: 121 seconds)
[12:11:11] *** Quits: p32blo (p32blo@moz-v36o87.cpe.netcabo.pt) (Ping timeout: 121 seconds)
[12:35:58] *** doener_ is now known as doener
[12:45:44] *** Quits: harrisonclarke (harrisoncla@moz-uur7pt.eastlink.ca) (Connection closed)
[12:54:14] *** Joins: duncan (paul@moz-9vabq7.sgnwmi.sbcglobal.net)
[12:54:28] *** Joins: harrisonclarke (harrisoncla@moz-th044a.ns.bellaliant.net)
[12:58:55] *** Quits: gleb (gleb@moz-3u1drv.rusanovka-net.kiev.ua) (Ping timeout: 121 seconds)
[13:03:23] *** Quits: harrisonclarke (harrisoncla@moz-th044a.ns.bellaliant.net) (Connection closed)
[13:06:23] *** Joins: gleb (gleb@moz-3u1drv.rusanovka-net.kiev.ua)
[13:06:25] *** Quits: gleb (gleb@moz-3u1drv.rusanovka-net.kiev.ua) (A TLS packet with unexpected length was received.)
[13:07:02] *** Joins: p32blo (p32blo@moz-v36o87.cpe.netcabo.pt)
[13:08:12] *** Quits: filsmick (filsmick@moz-egb12q.abo.wanadoo.fr) (Connection closed)
[13:08:54] *** Joins: filsmick (filsmick@moz-egb12q.abo.wanadoo.fr)
[13:10:38] *** Joins: gleb (gleb@moz-3u1drv.rusanovka-net.kiev.ua)
[13:11:06] *** Quits: Kingsquee (kingsley@moz-lu638h.bchsia.telus.net) (Quit: Konversation terminated!)
[13:14:17] *** Joins: erickt (erickt@moz-njt.vqi.14.76.IP)
[13:19:02] *** Quits: erickt (erickt@moz-njt.vqi.14.76.IP) (Ping timeout: 121 seconds)
[13:20:24] *** Quits: erz (erz@moz-ab429s.broadband.corbina.ru) (Ping timeout: 121 seconds)
[13:25:50] *** Joins: erz (erz@moz-qk1e74.broadband.corbina.ru)
[13:34:00] *** Joins: Torun (Torun@moz-n2c2r4.dip0.t-ipconnect.de)
[13:58:47] *** Joins: larsberg (Adium@moz-kmvlue.cable.rcn.com)
[13:59:17] *** Joins: ytain (ytain@moz-p96068.dsl.teksavvy.com)
[14:08:12] *** Joins: durka42 (durka42@moz-ied0jm.wireless-pennnet.upenn.edu)
[14:09:16] *** Joins: harrisonclarke (harrisoncla@moz-7hfo21.eastlink.ca)
[14:09:49] *** Quits: harrisonclarke (harrisoncla@moz-7hfo21.eastlink.ca) (Connection closed)
[14:10:05] *** Quits: erz (erz@moz-qk1e74.broadband.corbina.ru) (Ping timeout: 121 seconds)
[14:15:09] *** Joins: erickt (erickt@moz-njt.vqi.14.76.IP)
[14:17:10] *** Joins: Quxxy_ (chatzilla@moz-efh10q.internode.on.net)
[14:19:16] *** Quits: Quxxy (chatzilla@moz-0nv.jkp.167.59.IP) (Ping timeout: 121 seconds)
[14:19:17] *** Quxxy_ is now known as Quxxy
[14:19:49] *** Quits: erickt (erickt@moz-njt.vqi.14.76.IP) (Ping timeout: 121 seconds)
[14:21:02] *** Quits: eibwen (eibwen@moz-ahg.f5l.231.217.IP) (Ping timeout: 121 seconds)
[14:32:15] *** Joins: p32blo1 (p32blo@moz-v36o87.cpe.netcabo.pt)
[14:32:15] *** Quits: p32blo (p32blo@moz-v36o87.cpe.netcabo.pt) (Connection closed)
[14:34:43] *** Joins: erz (erz@moz-k8vhqj.broadband.corbina.ru)
[14:40:15] *** Joins: Quxxy_ (chatzilla@moz-efh10q.internode.on.net)
[14:41:16] *** Quits: Quxxy (chatzilla@moz-efh10q.internode.on.net) (Ping timeout: 121 seconds)
[14:41:22] *** Quxxy_ is now known as Quxxy
[14:48:49] *** Joins: harrisonclarke (harrisoncla@moz-6v8.jf9.227.142.IP)
[14:54:18] *** Joins: burntsushi__ (burntsushi@moz-rnt.2gt.20.50.IP)
[14:54:22] *** Quits: burntsushi (burntsushi@moz-t92kn9.ma.charter.com) (Ping timeout: 121 seconds)
[14:56:04] *** Quits: harrisonclarke (harrisoncla@moz-6v8.jf9.227.142.IP) (Connection closed)
[14:56:48] *** Quits: filsmick (filsmick@moz-egb12q.abo.wanadoo.fr) (Connection closed)
[14:56:49] *** Joins: filsmick_ (filsmick@moz-egb12q.abo.wanadoo.fr)
[15:00:13] *** Joins: Quxxy_ (chatzilla@moz-efh10q.internode.on.net)
[15:01:16] *** Quits: Quxxy (chatzilla@moz-efh10q.internode.on.net) (Ping timeout: 121 seconds)
[15:01:20] *** Quxxy_ is now known as Quxxy
[15:04:01] *** Joins: eibwen (eibwen@moz-55al0c.dip0.t-ipconnect.de)
[15:08:22] *** Quits: burntsushi__ (burntsushi@moz-rnt.2gt.20.50.IP) (Ping timeout: 121 seconds)
[15:08:33] *** Joins: burntsushi__ (burntsushi@moz-t92kn9.ma.charter.com)
[15:08:54] *** Joins: harrisonclarke (harrisoncla@moz-6v8.jf9.227.142.IP)
[15:13:18] *** Quits: harrisonclarke (harrisoncla@moz-6v8.jf9.227.142.IP) (Connection closed)
[15:14:25] *** Quits: filsmick_ (filsmick@moz-egb12q.abo.wanadoo.fr) (Quit: )
[15:15:55] *** Joins: erickt (erickt@moz-njt.vqi.14.76.IP)
[15:20:33] *** Quits: erickt (erickt@moz-njt.vqi.14.76.IP) (Ping timeout: 121 seconds)
[15:27:33] *** Joins: harrisonclarke (harrisoncla@moz-6v8.jf9.227.142.IP)
[15:29:51] *** Joins: erickt (erickt@moz-njt.vqi.14.76.IP)
[15:32:39] *** Quits: harrisonclarke (harrisoncla@moz-6v8.jf9.227.142.IP) (Connection closed)
[15:34:16] *** Joins: harrisonclarke (harrisoncla@moz-6v8.jf9.227.142.IP)
[15:43:20] *** Quits: thalleralexander (thalleralex@moz-cfcrtj.static.qsc.de) (Quit: Leaving)
[15:52:06] *** Joins: Quxxy_ (chatzilla@moz-0nv.jkp.167.59.IP)
[15:53:16] *** Quits: Quxxy (chatzilla@moz-efh10q.internode.on.net) (Ping timeout: 121 seconds)
[15:53:28] *** Quxxy_ is now known as Quxxy
[15:54:16] *** Quits: ptalbot (ptalbot@moz-1gn7gb.eu0n.jcdj.0660.2001.IP) (Ping timeout: 121 seconds)
[16:03:42] *** Quits: techzapper (techiewicki@moz-er3.jjd.88.202.IP) (Ping timeout: 121 seconds)
[16:11:44] *** Joins: O01eg (o01eg@moz-3e5r2a.cr2p.4n8f.2698.2a02.IP)
[16:16:02] *** Joins: techzapper (techiewicki@moz-er3.jjd.88.202.IP)
[16:24:33] *** Quits: Torun (Torun@moz-n2c2r4.dip0.t-ipconnect.de) (Ping timeout: 121 seconds)
[16:36:02] *** Quits: harrisonclarke (harrisoncla@moz-6v8.jf9.227.142.IP) (Connection closed)
[16:36:03] *** Joins: harrison_ (harrisoncla@moz-6v8.jf9.227.142.IP)
[16:37:58] *** Joins: Rym (uid91135@moz-n2i7qm.charlton.irccloud.com)
[16:44:07] *** Quits: erickt (erickt@moz-njt.vqi.14.76.IP) (Ping timeout: 121 seconds)
[16:51:37] *** Quits: Quxxy (chatzilla@moz-0nv.jkp.167.59.IP) (Ping timeout: 121 seconds)
[16:53:20] *** Joins: erickt (erickt@moz-njt.vqi.14.76.IP)
[16:56:16] *** Quits: larsberg (Adium@moz-kmvlue.cable.rcn.com) (Quit: Leaving.)
[16:59:27] *** Joins: larsberg (Adium@moz-kmvlue.cable.rcn.com)
[17:06:23] *** Quits: harrison_ (harrisoncla@moz-6v8.jf9.227.142.IP) (Connection closed)
[17:13:54] *** Quits: durka42 (durka42@moz-ied0jm.wireless-pennnet.upenn.edu) (Client exited)
[17:15:46] *** Joins: brson (brson@moz-cfhap5.mtv2.mozilla.com)
[17:23:54] *** Joins: eckhardt (eckhardt@moz-s9e.ov1.227.199.IP)
[17:33:33] *** Joins: ptalbot (ptalbot@moz-j4gnuh.fbx.proxad.net)
[17:36:01] *** Joins: harrisonclarke (harrisoncla@moz-6v8.jf9.227.142.IP)
[18:04:12] *** Joins: pcwalton (pcwalton@moz-l8ebtf.sfo1.mozilla.com)
[18:10:16] *** Quits: p32blo1 (p32blo@moz-v36o87.cpe.netcabo.pt) (Ping timeout: 121 seconds)
[18:23:25] *** Joins: JanC_ (janc@moz-2v26js.dsl.scarlet.be)
[18:23:35] <globin> Is anyone else having problems with invalid ssl certs with cargo?
[18:25:39] *** Joins: xilec (Mibbit@moz-g6k.oht.161.46.IP)
[18:26:19] *** Quits: JanC (janc@moz-am5gp9.dsl.scarlet.be) (Ping timeout: 121 seconds)
[18:26:46] <acrichto> globin: there's been some intermittent problems, yeah, but you may want to try cargo nightly
[18:26:51] <acrichto> globin: what issues are you seeing though?
[18:29:32] <globin> invalid certificate problems with aws s3
[18:30:18] <globin> trying to build with openssl 1.0.2c now as I found a bug mentioning some openssl versions
[18:30:43] <acrichto> globin: yeah the most recent cargo nightly should have 1.0.2c
[18:30:51] <globin> curl: (60) SSL certificate problem: unable to get local issuer certificate
[18:31:13] <globin> with curl built with openssl 1.0.2c
[18:31:22] <globin> -> % curl https://crates-io.s3-us-west-1.amazonaws.com/crates/cookie/cookie-0.1.21.crate -v
[18:31:44] <acrichto> perhaps that's a problem with the system certificate store?
[18:36:31] *** Quits: pcwalton (pcwalton@moz-l8ebtf.sfo1.mozilla.com) (Client exited)
[18:38:08] *** Joins: pcwalton (pcwalton@moz-l8ebtf.sfo1.mozilla.com)
[18:51:16] *** Quits: harrisonclarke (harrisoncla@moz-6v8.jf9.227.142.IP) (Connection closed)
[19:02:40] *** Quits: Rym (uid91135@moz-n2i7qm.charlton.irccloud.com) (Quit: Connection closed for inactivity)
[19:10:23] *** Joins: Shackra (Jorge@moz-7bh.ng6.177.186.IP)
[19:24:00] *** Quits: ytain (ytain@moz-p96068.dsl.teksavvy.com) (Quit: Textual IRC Client: www.textualapp.com)
[19:29:42] *** Joins: edlothiol (user@moz-rge115.dynamic.kabel-deutschland.de)
[19:29:45] *** Joins: harrisonclarke (harrisoncla@moz-uur7pt.eastlink.ca)
[19:57:11] *** Quits: harrisonclarke (harrisoncla@moz-uur7pt.eastlink.ca) (Connection closed)
[19:58:22] *** Quits: larsberg (Adium@moz-kmvlue.cable.rcn.com) (Quit: Leaving.)
[19:58:29] *** Joins: larsberg (sid89@moz-1a60qu.0j4i.jtu0.0101.2620.IP)
[19:59:06] *** Quits: duncan (paul@moz-9vabq7.sgnwmi.sbcglobal.net) (Quit: leaving)
[20:50:07] *** Joins: swgillespie (swgillespie@moz-apj.3un.220.167.IP)
[20:53:39] <jack> ok. I am feeling stupdi today. cargo build works on servo/futf using my cargo/rust nightly from 20150608. if i build from today's nightly it fails on feature(core)
[20:53:58] <jack> but i see no breaking-change notes about such a thing, so I suspect I'm doing something stupid when I install nightly
[20:54:30] <steveklabnik> jack: features were split up recently
[20:54:38] <steveklabnik> just follow the error message
[20:54:44] <steveklabnik> remove core, add the new flags tha ti tells you
[20:55:09] <jack> Ok, so I'm not crazy.
[20:55:31] <jack> I am debugging CI changes, so I figured I had done something wonky.
[20:56:08] *** burntsushi__ is now known as burntsushi
[21:04:01] *** Joins: zyphrus (David@moz-3h0.d1d.98.101.IP)
[21:29:02] *** Joins: durka42 (durka42@moz-ied0jm.wireless-pennnet.upenn.edu)
[21:39:49] *** Joins: p32blo (p32blo@moz-v36o87.cpe.netcabo.pt)
[21:48:14] *** Quits: erickt (erickt@moz-njt.vqi.14.76.IP) (Ping timeout: 121 seconds)
[22:08:07] *** Joins: p1start (p1start@moz-nftjhe.org)
[22:08:31] *** Quits: swgillespie (swgillespie@moz-apj.3un.220.167.IP) (Quit: My MacBook Pro has gone to sleep. ZZZzzz…)
[22:09:22] *** Quits: santiago (santiago@moz-ro2mm9.res.rr.com) (Quit: Computer has gone to sleep.)
[22:15:43] *** Quits: edlothiol (user@moz-rge115.dynamic.kabel-deutschland.de) (Ping timeout: 121 seconds)
[22:16:03] *** Quits: Shackra (Jorge@moz-7bh.ng6.177.186.IP) (Ping timeout: 121 seconds)
[22:30:21] *** Joins: A205B064 (A205B064@moz-9s9nhk.nap.wideopenwest.com)
[22:36:22] *** Quits: brson (brson@moz-cfhap5.mtv2.mozilla.com) (Quit: leaving)
[22:39:02] *** Joins: swgillespie (swgillespie@moz-apj.3un.220.167.IP)
[22:43:06] *** Joins: erickt (erickt@moz-njt.vqi.14.76.IP)
[22:44:52] *** Quits: swgillespie (swgillespie@moz-apj.3un.220.167.IP) (Quit: My MacBook Pro has gone to sleep. ZZZzzz…)
[22:45:21] *** Quits: p32blo (p32blo@moz-v36o87.cpe.netcabo.pt) (Ping timeout: 121 seconds)
[22:53:47] *** Quits: SneakySnake (nya@moz-i9is4u.pool.telekom.hu) (Quit: Leaving)
[22:58:47] *** Joins: santiago (santiago@moz-8th.j2e.167.12.IP)
[23:00:17] *** Joins: swgillespie (swgillespie@moz-apj.3un.220.167.IP)
[23:03:14] *** Quits: nonsensickle (nonsensickl@moz-4v0.gkd.16.182.IP) (Connection closed)
[23:04:02] *** Joins: nonsensickle (nonsensickl@moz-4v0.gkd.16.182.IP)
[23:05:04] *** Quits: ptalbot (ptalbot@moz-j4gnuh.fbx.proxad.net) (Ping timeout: 121 seconds)
[23:06:47] *** Quits: zyphrus (David@moz-3h0.d1d.98.101.IP) (Ping timeout: 121 seconds)
[23:07:08] *** Quits: swgillespie (swgillespie@moz-apj.3un.220.167.IP) (Quit: My MacBook Pro has gone to sleep. ZZZzzz…)
[23:09:10] *** Quits: nonsensickle (nonsensickl@moz-4v0.gkd.16.182.IP) (Connection closed)
[23:09:36] *** Quits: gleb (gleb@moz-3u1drv.rusanovka-net.kiev.ua) (Ping timeout: 121 seconds)
[23:10:01] *** Joins: nonsensickle (nonsensickl@moz-4v0.gkd.16.182.IP)
[23:12:02] *** Joins: swgillespie (swgillespie@moz-apj.3un.220.167.IP)
[23:14:11] *** Quits: nonsensickle (nonsensickl@moz-4v0.gkd.16.182.IP) (Connection closed)
[23:18:48] *** Quits: Mutabah (tpg@moz-hklpnj.mutabah.net) (Connection closed)
[23:24:45] *** Joins: p32blo (p32blo@moz-v36o87.cpe.netcabo.pt)
[23:30:21] *** Quits: erickt (erickt@moz-njt.vqi.14.76.IP) (Ping timeout: 121 seconds)
[23:31:00] *** Joins: zyphrus (David@moz-3h0.d1d.98.101.IP)
[23:35:42] *** Joins: Mutabah (tpg@moz-hklpnj.mutabah.net)
[23:36:17] *** Joins: nonsensickle (nonsensickl@moz-4v0.gkd.16.182.IP)
[23:46:41] *** Quits: eibwen (eibwen@moz-55al0c.dip0.t-ipconnect.de) (Ping timeout: 121 seconds)
[23:46:42] *** Joins: dpc (dpc@moz-7gui97.nvidia.com)
[23:49:25] *** Quits: xilec (Mibbit@moz-g6k.oht.161.46.IP) (Ping timeout: 121 seconds)
[23:54:51] *** Quits: qrlpx (smuxi@moz-kr4.gl4.139.80.IP) (Ping timeout: 121 seconds)
[23:54:51] *** Joins: qrlpx_ (smuxi@moz-hfpd1m.dip0.t-ipconnect.de)
