[00:02:33] *** Quits: mccr8 (mccr8@moz-cfhap5.mtv2.mozilla.com) (Quit: quit)
[00:03:33] *** Joins: cjones (cjones@moz-ljujh0.ca.comcast.net)
[00:21:32] *** Quits: cjones (cjones@moz-ljujh0.ca.comcast.net) (Client exited)
[00:22:53] *** Joins: gal (gal@moz-6un.7si.9.216.IP)
[00:26:01] *** terrence is now known as terrence-afk
[00:28:47] *** khuey is now known as khuey|away
[00:31:25] *** Quits: azakai (alon@moz-1js5tb.ujol.1ibb.0101.2620.IP) (Quit: Ex-Chat)
[00:36:30] *** Quits: gal (gal@moz-6un.7si.9.216.IP) (Client exited)
[00:36:40] *** Joins: gal (gal@moz-v7m.7si.9.216.IP)
[00:37:04] *** Quits: gal (gal@moz-v7m.7si.9.216.IP) (Client exited)
[00:44:38] *** Joins: brson (brson@moz-3ia.c9m.56.172.IP)
[00:44:38] *** ChanServ sets mode: +o brson
[00:46:34] *** Quits: jweathersby (Adium@moz-g2h99o.ip.windstream.net) (Quit: Leaving.)
[00:51:10] *** Quits: larsberg (Adium@moz-mfl.g5u.215.61.IP) (Quit: Leaving.)
[01:47:47] *** Quits: m_khvoinitsky (quassel@moz-bkl6sn.d57a.lq23.04f8.2a01.IP) (Ping timeout: 121 seconds)
[01:56:52] *** Quits: pcwalton (pcwalton@moz-l8ebtf.sfo1.mozilla.com) (Client exited)
[01:58:27] *** Quits: brson (brson@moz-3ia.c9m.56.172.IP) (Quit: leaving)
[01:59:57] *** Joins: m_khvoinitsky (quassel@moz-bkl6sn.d57a.lq23.04f8.2a01.IP)
[02:01:37] *** Quits: mbx (textual@moz-l8ebtf.sfo1.mozilla.com) (Quit: My Mac has gone to sleep. ZZZzzz…)
[02:14:25] *** Quits: m_khvoinitsky (quassel@moz-bkl6sn.d57a.lq23.04f8.2a01.IP) (Connection closed)
[02:14:43] *** Joins: m_khvoinitsky (quassel@moz-bkl6sn.d57a.lq23.04f8.2a01.IP)
[02:14:47] *** Quits: mchang (mchang@moz-q472sa.res.rr.com) (Client exited)
[02:26:24] *** Joins: gal (gal@moz-piq.hdj.88.64.IP)
[02:52:14] *** Quits: gal (gal@moz-piq.hdj.88.64.IP) (Client exited)
[02:53:45] *** Joins: roc (chatzilla@moz-5khqtq.dynamic.barak-online.net)
[02:54:51] *** Joins: cjones (cjones@moz-ljujh0.ca.comcast.net)
[02:57:30] *** Joins: azakai|2 (alon@moz-l3ofdg.sntcca.sbcglobal.net)
[03:00:47] *** Joins: gal (gal@moz-piq.hdj.88.64.IP)
[03:05:50] *** Quits: roc (chatzilla@moz-5khqtq.dynamic.barak-online.net) (Connection closed)
[03:06:44] *** Joins: roc (chatzilla@moz-5khqtq.dynamic.barak-online.net)
[03:09:07] *** Quits: roc (chatzilla@moz-5khqtq.dynamic.barak-online.net) (Connection closed)
[03:29:53] *** Joins: jweathersby (Adium@moz-g2h99o.ip.windstream.net)
[03:41:30] *** Quits: gal (gal@moz-piq.hdj.88.64.IP) (Client exited)
[03:45:00] *** Joins: gal (gal@moz-piq.hdj.88.64.IP)
[03:54:23] *** Quits: gal (gal@moz-piq.hdj.88.64.IP) (Client exited)
[04:02:23] *** Joins: mukilan (mukilan@moz-inv.v1b.164.122.IP)
[04:27:33] *** Quits: jweathersby (Adium@moz-g2h99o.ip.windstream.net) (Quit: Leaving.)
[04:39:01] *** Joins: jweathersby (Adium@moz-g2h99o.ip.windstream.net)
[05:14:36] *** Joins: ddamjano (Instantbird@moz-284mfn.ehig.7h68.8388.2a02.IP)
[05:35:53] *** Quits: jweathersby (Adium@moz-g2h99o.ip.windstream.net) (Quit: Leaving.)
[05:38:47] *** Quits: ddamjano (Instantbird@moz-284mfn.ehig.7h68.8388.2a02.IP) (Ping timeout: 121 seconds)
[06:09:03] *** Joins: mbx (textual@moz-d9isok.ca.comcast.net)
[06:43:05] *** Joins: Dexter (Alessio@moz-992a9r.retail.telecomitalia.it)
[08:21:03] *** Joins: gal (gal@moz-9jt.df9.99.38.IP)
[08:37:25] *** Quits: cjones (cjones@moz-ljujh0.ca.comcast.net) (Client exited)
[08:38:15] *** Quits: gal (gal@moz-9jt.df9.99.38.IP) (Client exited)
[08:38:18] *** Quits: mbx (textual@moz-d9isok.ca.comcast.net) (Quit: My Mac has gone to sleep. ZZZzzz…)
[09:04:16] *** Joins: till (till@moz-n4nh2a.adsl.alicedsl.de)
[09:48:53] *** jandem-away is now known as jandem
[09:50:50] *** Quits: nrc (nrc@moz-14pjgj.xtra.co.nz) (Ping timeout: 121 seconds)
[09:53:09] *** Joins: nrc (nrc@moz-14pjgj.xtra.co.nz)
[10:43:46] *** Quits: till (till@moz-n4nh2a.adsl.alicedsl.de) (A TLS packet with unexpected length was received.)
[10:50:36] *** Joins: till (till@moz-n4nh2a.adsl.alicedsl.de)
[10:51:39] *** Quits: nrc (nrc@moz-14pjgj.xtra.co.nz) (Ping timeout: 121 seconds)
[12:13:15] *** Joins: roc (chatzilla@moz-fbh.bj1.102.5.IP)
[12:22:36] *** Quits: till (till@moz-n4nh2a.adsl.alicedsl.de) (A TLS packet with unexpected length was received.)
[12:44:53] *** Joins: jschuster (schuster@moz-p3jtsp.ma.comcast.net)
[13:23:14] *** Joins: till (till@moz-n4nh2a.adsl.alicedsl.de)
[13:25:07] *** Joins: gal (gal@moz-9jt.df9.99.38.IP)
[13:26:18] *** Joins: jdm (jdm@moz-mu9.06r.98.75.IP)
[13:27:38] *** Quits: till (till@moz-n4nh2a.adsl.alicedsl.de) (Ping timeout: 121 seconds)
[13:31:26] *** Joins: till (till@moz-n4nh2a.adsl.alicedsl.de)
[13:50:07] *** Joins: tadh (quassel@moz-pg51s5.CWRU.Edu)
[13:57:42] *** Quits: jdm (jdm@moz-mu9.06r.98.75.IP) (Quit: )
[13:59:38] *** Joins: jdm (jdm@moz-mu9.06r.98.75.IP)
[15:01:45] *** Joins: mchang (mchang@moz-q472sa.res.rr.com)
[15:04:41] *** Quits: gal (gal@moz-9jt.df9.99.38.IP) (Client exited)
[15:06:25] *** Joins: gal (gal@moz-9jt.df9.99.38.IP)
[15:09:37] *** Quits: jdm (jdm@moz-mu9.06r.98.75.IP) (Quit: )
[15:16:21] *** Quits: gal (gal@moz-9jt.df9.99.38.IP) (Ping timeout: 121 seconds)
[15:38:31] *** terrence-afk is now known as terrence
[15:39:18] *** Joins: jdm (jdm@moz-qo7lj6.ckpj.s0pt.0450.2001.IP)
[16:20:07] *** Joins: pcwalton (pcwalton@moz-f2m.ebe.216.216.IP)
[16:20:07] *** ChanServ sets mode: +o pcwalton
[16:23:55] *** Joins: cjones (cjones@moz-ljujh0.ca.comcast.net)
[16:26:02] *** Joins: mbx (textual@moz-d9isok.ca.comcast.net)
[16:29:16] *** Joins: ddamjano (Instantbird@moz-284mfn.ehig.7h68.8388.2a02.IP)
[16:35:19] *** Quits: ddamjano (Instantbird@moz-284mfn.ehig.7h68.8388.2a02.IP) (Ping timeout: 121 seconds)
[16:45:22] *** Joins: ehsan (ehsan@moz-0l19rh.ckpj.s0pt.0450.2001.IP)
[16:45:40] *** Quits: jdm (jdm@moz-qo7lj6.ckpj.s0pt.0450.2001.IP) (A TLS packet with unexpected length was received.)
[16:46:20] *** Joins: jdm (jdm@moz-i5m.05u.207.66.IP)
[16:48:33] *** Quits: pcwalton (pcwalton@moz-f2m.ebe.216.216.IP) (Client exited)
[16:53:43] *** Joins: jdm_ (jdm@moz-i5m.05u.207.66.IP)
[16:55:22] *** Quits: jdm (jdm@moz-i5m.05u.207.66.IP) (Connection closed)
[16:58:58] *** Joins: jdm (jdm@moz-i5m.05u.207.66.IP)
[16:59:40] *** Quits: jdm_ (jdm@moz-i5m.05u.207.66.IP) (Ping timeout: 121 seconds)
[17:00:48] *** Joins: jdm_ (jdm@moz-ta4010.ckpj.s0pt.0450.2001.IP)
[17:04:05] *** Quits: jdm (jdm@moz-i5m.05u.207.66.IP) (Ping timeout: 121 seconds)
[17:07:05] *** Joins: brson (brson@moz-cfhap5.mtv2.mozilla.com)
[17:07:06] *** ChanServ sets mode: +o brson
[17:15:57] *** khuey|away is now known as khuey
[17:20:58] *** Joins: pcwalton (pcwalton@moz-l8ebtf.sfo1.mozilla.com)
[17:20:58] *** ChanServ sets mode: +o pcwalton
[17:33:20] *** Quits: jdm_ (jdm@moz-ta4010.ckpj.s0pt.0450.2001.IP) (A TLS packet with unexpected length was received.)
[17:33:46] *** Joins: jdm (jdm@moz-ta4010.ckpj.s0pt.0450.2001.IP)
[17:46:29] *** Joins: mccr8 (mccr8@moz-cfhap5.mtv2.mozilla.com)
[18:00:36] *** Quits: Dexter (Alessio@moz-992a9r.retail.telecomitalia.it) (Quit: Leaving)
[18:06:14] *** Quits: mbx (textual@moz-d9isok.ca.comcast.net) (Quit: My Mac has gone to sleep. ZZZzzz…)
[18:33:11] <burg> dear brson, 
[18:33:34] <burg> I want to reference servo in my dissertation. What should I point to? is that design paper arxived?
[18:34:08] <brson> burg: larsberg is probably the person to ask
[18:34:19] <burg> he appears PTO?
[18:34:37] <Manishearth> burg: he's in Japan
[18:34:40] <Manishearth> LinuxConf
[18:34:41] <burg> oh...
[18:34:50] <Manishearth> burg: there is one arxivd paper
[18:34:54] <Manishearth> http://arxiv.org/abs/1505.07383
[18:35:14] <Manishearth> it refers to other papers not by the Servo team but on parallel layout
[18:48:28] <burg> Manishearth: ok, thanks.
[18:48:40] * burg sits out his last class lecture, ever.
[18:48:50] <burg> s/out/in on/
[18:55:28] *** Quits: ehsan (ehsan@moz-0l19rh.ckpj.s0pt.0450.2001.IP) (A TLS packet with unexpected length was received.)
[19:09:08] *** Joins: ehsan (ehsan@moz-iuajp1.ckpj.s0pt.0450.2001.IP)
[19:21:45] *** Quits: ehsan (ehsan@moz-iuajp1.ckpj.s0pt.0450.2001.IP) (A TLS packet with unexpected length was received.)
[19:30:34] *** Quits: jdm (jdm@moz-ta4010.ckpj.s0pt.0450.2001.IP) (A TLS packet with unexpected length was received.)
[19:30:59] *** Joins: jdm (jdm@moz-ta4010.ckpj.s0pt.0450.2001.IP)
[19:34:24] *** Joins: ehsan (ehsan@moz-dpg86j.ckpj.s0pt.0450.2001.IP)
[19:43:00] *** Joins: nrc (nrc@moz-14pjgj.xtra.co.nz)
[20:01:16] *** Quits: mukilan (mukilan@moz-inv.v1b.164.122.IP) (A TLS packet with unexpected length was received.)
[20:02:19] *** Quits: cjones (cjones@moz-ljujh0.ca.comcast.net) (Client exited)
[20:03:59] *** Quits: jdm (jdm@moz-ta4010.ckpj.s0pt.0450.2001.IP) (Connection closed)
[20:06:14] *** Joins: jdm (jdm@moz-i5m.05u.207.66.IP)
[20:18:31] *** Quits: jdm (jdm@moz-i5m.05u.207.66.IP) (Connection closed)
[20:21:28] *** Joins: jdm (jdm@moz-i5m.05u.207.66.IP)
[20:21:46] *** Quits: terrence (terrence@moz-4opk9i.sd.cox.net) (Connection closed)
[20:30:35] *** Quits: tadh (quassel@moz-pg51s5.CWRU.Edu) (Connection closed)
[20:43:58] *** Joins: mbx (textual@moz-l8ebtf.sfo1.mozilla.com)
[20:53:57] *** Quits: till (till@moz-n4nh2a.adsl.alicedsl.de) (Quit: night)
[20:57:39] *** Joins: jdm_ (jdm@moz-3iidq0.ckpj.s0pt.0450.2001.IP)
[20:59:12] *** Quits: jdm (jdm@moz-i5m.05u.207.66.IP) (Connection closed)
[21:01:49] *** jandem is now known as jandem-away
[21:05:54] *** Joins: ddamjano (Instantbird@moz-284mfn.ehig.7h68.8388.2a02.IP)
[21:08:34] *** Joins: terrence (terrence@moz-4opk9i.sd.cox.net)
[21:09:56] *** Quits: ddamjano (Instantbird@moz-284mfn.ehig.7h68.8388.2a02.IP) (Ping timeout: 121 seconds)
[21:12:14] *** Joins: cjones (cjones@moz-ljujh0.ca.comcast.net)
[21:28:07] *** Quits: jdm_ (jdm@moz-3iidq0.ckpj.s0pt.0450.2001.IP) (Quit: )
[21:45:50] *** Quits: roc (chatzilla@moz-fbh.bj1.102.5.IP) (Connection closed)
[21:48:51] *** Joins: larsberg (Adium@moz-mfl.g5u.215.61.IP)
[21:48:51] *** ChanServ sets mode: +o larsberg
[22:35:59] *** nrc is now known as nrc|distracted
[22:36:43] *** Quits: ehsan (ehsan@moz-dpg86j.ckpj.s0pt.0450.2001.IP) (A TLS packet with unexpected length was received.)
[22:41:27] *** Quits: irobevjodu (ident@moz-c73e2q.static-ro.twistednetworks.net) (Ping timeout: 121 seconds)
[22:54:23] *** Joins: irobevjodu (ident@moz-3vi4l0.static-ro.twistednetworks.net)
[23:01:00] *** Joins: larsberg1 (Adium@moz-mfl.g5u.215.61.IP)
[23:01:12] *** Quits: larsberg (Adium@moz-mfl.g5u.215.61.IP) (Connection closed)
[23:06:44] *** larsberg1 is now known as larsberg
[23:06:47] *** ChanServ sets mode: +o larsberg
[23:23:49] *** Quits: larsberg (Adium@moz-mfl.g5u.215.61.IP) (Quit: Leaving.)
[23:25:00] *** Quits: nrc|distracted (nrc@moz-14pjgj.xtra.co.nz) (Ping timeout: 121 seconds)
[23:43:15] *** Quits: azakai|2 (alon@moz-l3ofdg.sntcca.sbcglobal.net) (Quit: Ex-Chat)
[23:58:08] *** Quits: mbx (textual@moz-l8ebtf.sfo1.mozilla.com) (Quit: My Mac has gone to sleep. ZZZzzz…)
