[00:20:15] *** Joins: aatch (james@moz-c6etfk.fosn.r6an.e000.2406.IP)
[01:00:20] *** Quits: brson (brson@moz-n5b.14a.129.78.IP) (Connection closed)
[01:00:37] *** kimundi is now known as zz_kimundi
[01:01:06] *** Quits: Tobba (Tobba@moz-o13d22.bredband.telia.com) (Ping timeout: 121 seconds)
[01:39:36] *** Joins: Tobba (Tobba@moz-o13d22.bredband.telia.com)
[01:52:22] *** Quits: bluss (bluss@moz-ec5o68.cust.bredbandsbolaget.se) (Ping timeout: 121 seconds)
[01:58:11] *** Joins: WindowsBunny1 (Peter@moz-vlal7g.east.verizon.net)
[02:00:47] *** WindowsBunny is now known as Guest26621
[02:00:47] *** WindowsBunny1 is now known as WindowsBunny
[02:01:25] *** Quits: Guest26621 (Peter@moz-vlal7g.east.verizon.net) (Ping timeout: 121 seconds)
[02:01:30] *** Quits: Tobba (Tobba@moz-o13d22.bredband.telia.com) (Quit: Leaving)
[02:01:32] *** Joins: Tuba (Tobba@moz-o13d22.bredband.telia.com)
[02:01:41] *** Joins: Tobba (Tobba@moz-o13d22.bredband.telia.com)
[02:01:41] *** Quits: Tuba (Tobba@moz-o13d22.bredband.telia.com) (Connection closed)
[02:49:36] *** Quits: aatch (james@moz-c6etfk.fosn.r6an.e000.2406.IP) (Quit: Leaving)
[02:49:46] *** Joins: aatch (james@moz-c6etfk.fosn.r6an.e000.2406.IP)
[02:50:01] *** Quits: zz_kimundi (kimundi@moz-6qind6.dip0.t-ipconnect.de) (Ping timeout: 121 seconds)
[02:51:41] *** Joins: zz_kimundi (kimundi@moz-0a7524.dip0.t-ipconnect.de)
[02:51:42] *** zz_kimundi is now known as kimundi
[02:59:36] *** Joins: frewsxcv (sid86219@moz-dneii9.brockwell.irccloud.com)
[03:38:00] *** Joins: theme (theme@moz-i3mhhb.asianet.co.th)
[04:28:21] *** Quits: theme (theme@moz-i3mhhb.asianet.co.th) (Quit: Leaving)
[04:53:22] *** Quits: aatch (james@moz-c6etfk.fosn.r6an.e000.2406.IP) (Connection closed)
[04:57:47] *** Joins: Rusticorn (Rusticorn@moz-ton.ucv.66.182.IP)
[05:03:48] *** Quits: Rusticorn (Rusticorn@moz-ton.ucv.66.182.IP) (Connection closed)
[05:03:56] *** Joins: Rusticorn (Rusticorn@moz-ton.ucv.66.182.IP)
[05:10:47] *** Quits: Rusticorn (Rusticorn@moz-ton.ucv.66.182.IP) (Quit: AndroIRC - Android IRC Client ( http://www.androirc.com ))
[06:16:46] *** Joins: canhtak (jeremy@moz-kcs.u0t.149.5.IP)
[06:42:39] *** Quits: Rym (uid91135@moz-n2i7qm.charlton.irccloud.com) (Quit: Connection closed for inactivity)
[06:48:18] *** Quits: canhtak (jeremy@moz-kcs.u0t.149.5.IP) (Client exited)
[07:00:47] *** Joins: canhtak (jeremy@moz-kcs.u0t.149.5.IP)
[07:09:34] *** kimundi is now known as zz_kimundi
[07:36:07] *** Joins: simukis (nagisa@moz-8t068g.static.zebra.lt)
[07:48:19] *** Joins: aatch (james@moz-is4j4r.cable.telstraclear.net)
[07:57:39] *** Joins: bluss (bluss@moz-ec5o68.cust.bredbandsbolaget.se)
[08:17:49] *** Quits: ChrisMorgan (ChrisMorgan@moz-g6osuq.tpgi.com.au) (Ping timeout: 121 seconds)
[08:24:51] *** Quits: canhtak (jeremy@moz-kcs.u0t.149.5.IP) (Ping timeout: 121 seconds)
[08:28:05] *** Joins: canhtak (jeremy@moz-kcs.u0t.149.5.IP)
[08:55:29] *** Joins: gleb (gleb@moz-3u1drv.rusanovka-net.kiev.ua)
[09:27:08] *** Quits: simukis (nagisa@moz-8t068g.static.zebra.lt) (Ping timeout: 121 seconds)
[09:46:32] *** Quits: canhtak (jeremy@moz-kcs.u0t.149.5.IP) (Client exited)
[10:01:51] *** Joins: ChrisMorgan (ChrisMorgan@moz-mpe2k5.tpgi.com.au)
[10:18:51] *** Quits: ChrisMorgan (ChrisMorgan@moz-mpe2k5.tpgi.com.au) (Ping timeout: 121 seconds)
[10:23:04] *** Quits: gleb (gleb@moz-3u1drv.rusanovka-net.kiev.ua) (Ping timeout: 121 seconds)
[11:05:41] *** Joins: simukis (nagisa@moz-8t068g.static.zebra.lt)
[11:14:57] *** zz_kimundi is now known as kimundi
[11:27:52] *** Joins: ChrisMorgan (ChrisMorgan@moz-mpe2k5.tpgi.com.au)
[12:25:00] *** Joins: canhtak (jeremy@moz-kcs.u0t.149.5.IP)
[12:44:15] *** Joins: gleb (gleb@moz-3u1drv.rusanovka-net.kiev.ua)
[12:48:43] *** Quits: canhtak (jeremy@moz-kcs.u0t.149.5.IP) (Client exited)
[12:50:08] *** Quits: ChrisMorgan (ChrisMorgan@moz-mpe2k5.tpgi.com.au) (Ping timeout: 121 seconds)
[13:25:36] *** Joins: canhtak (jeremy@moz-kcs.u0t.149.5.IP)
[13:38:54] *** Quits: canhtak (jeremy@moz-kcs.u0t.149.5.IP) (Client exited)
[13:41:55] *** Joins: canhtak (jeremy@moz-kcs.u0t.149.5.IP)
[14:00:03] *** Quits: canhtak (jeremy@moz-kcs.u0t.149.5.IP) (Client exited)
[15:28:41] *** Joins: canhtak (jeremy@moz-kcs.u0t.149.5.IP)
[15:36:09] *** Joins: brson (brson@moz-cfhap5.mtv2.mozilla.com)
[15:36:10] *** ChanServ sets mode: +qo brson brson
[16:01:07] *** Quits: canhtak (jeremy@moz-kcs.u0t.149.5.IP) (Client exited)
[16:01:44] *** Joins: canhtak (jeremy@moz-kcs.u0t.149.5.IP)
[16:12:28] *** Quits: canhtak (jeremy@moz-kcs.u0t.149.5.IP) (Client exited)
[17:10:14] *** Joins: canhtak (jeremy@moz-3o9del.luxdsl.pt.lu)
[17:36:56] *** kimundi is now known as zz_kimundi
[17:37:01] *** zz_kimundi is now known as kimundi
[17:38:10] *** Joins: sigma (sigma@moz-uqk2kb.range86-146.btcentralplus.com)
[17:55:34] *** Quits: canhtak (jeremy@moz-3o9del.luxdsl.pt.lu) (Client exited)
[18:28:13] *** Quits: nmatsakis (nmatsakis@moz-no0.93r.245.63.IP) (Quit: leaving)
[19:19:15] *** Quits: aatch (james@moz-is4j4r.cable.telstraclear.net) (Ping timeout: 121 seconds)
[19:40:48] *** Quits: sigma (sigma@moz-uqk2kb.range86-146.btcentralplus.com) (Ping timeout: 121 seconds)
[20:05:26] *** Joins: Gankro_ (Mibbit@moz-u3dg2t.sfo1.mozilla.com)
[20:05:30] <Gankro_> join #rust-internals
[20:05:33] <cmr> Gankro_: ok.
[20:06:05] <Gankro_> cmr: you better
[20:08:31] * Gankro_ has ragequit cloudirc over persistent spam
[20:08:59] <eternaleye> Gankro_: If you have a server, I find ZNC to be quite nice indeed
[20:09:17] <eternaleye> Gankro_: Then you can use whatever client you like to connect to it
[20:09:46] <Gankro_> aturon: acrichto: are we doing libs triage today?
[20:09:55] <aturon> Gankro_: yep, will ping you shortly
[21:03:44] <aturon> acrichto: Gankro: brson: huon: up for doing some triage in a few minutes?
[21:03:50] <huon> yep
[21:03:57] <acrichto> sgtm
[21:04:43] <huon> where?
[21:04:55] <brson> aturon: ok
[21:05:09] <aturon> huon: we'll grab you
[21:05:14] <aturon> brson: ok, see you in Rust room at 2:10
[21:13:51] <acrichto> brson: we are trying ti get a room
[21:20:34] *** Quits: Gankro_ (Mibbit@moz-u3dg2t.sfo1.mozilla.com) (Quit: http://www.mibbit.com ajax IRC Client)
[21:31:39] *** Quits: burntsushi (burntsushi@moz-t92kn9.ma.charter.com) (Quit: Konversation terminated!)
[21:38:15] *** kimundi is now known as zz_kimundi
[21:41:20] *** Joins: burntsushi (burntsushi@moz-t92kn9.ma.charter.com)
[22:24:42] *** Joins: ChrisMorgan (ChrisMorgan@moz-g6osuq.tpgi.com.au)
[22:34:52] *** Joins: Rym (uid91135@moz-n2i7qm.charlton.irccloud.com)
[22:55:15] *** Quits: simukis (nagisa@moz-8t068g.static.zebra.lt) (Ping timeout: 121 seconds)
[23:02:25] *** Quits: brson (brson@moz-cfhap5.mtv2.mozilla.com) (Ping timeout: 121 seconds)
[23:18:11] *** Quits: gleb (gleb@moz-3u1drv.rusanovka-net.kiev.ua) (Ping timeout: 121 seconds)
