[00:30:45] *** Quits: laumann (thomas@moz-n9e72h.0.fullrate.dk) (Ping timeout: 121 seconds)
[02:06:09] *** Quits: blank_name (blank_name@moz-p4egrb.mi.frontiernet.net) (Quit: leaving)
[02:07:59] *** Joins: blank_name (blank_name@moz-p4egrb.mi.frontiernet.net)
[02:36:46] *** Quits: zz_kimundi (kimundi@moz-482k51.dip0.t-ipconnect.de) (Ping timeout: 121 seconds)
[02:37:49] *** Joins: zz_kimundi (kimundi@moz-7l900c.dip0.t-ipconnect.de)
[02:37:51] *** zz_kimundi is now known as kimundi
[03:05:12] *** Quits: klutzy (not@moz-0t8.piq.68.115.IP) (Ping timeout: 121 seconds)
[03:06:52] *** Joins: klutzy (not@moz-0t8.piq.68.115.IP)
[03:41:51] *** Quits: aatch (james@moz-is4j4r.cable.telstraclear.net) (Ping timeout: 121 seconds)
[03:45:30] *** Joins: Tobba (Tobba@moz-o13d22.bredband.telia.com)
[03:45:42] *** Joins: aatch (james@moz-is4j4r.cable.telstraclear.net)
[06:59:20] *** Joins: laumann (thomas@moz-n9e72h.0.fullrate.dk)
[07:42:27] *** Quits: barosl (barosl@moz-tmp.qma.67.220.IP) (Connection closed)
[07:46:21] *** Quits: aatch (james@moz-is4j4r.cable.telstraclear.net) (Ping timeout: 121 seconds)
[07:49:33] *** Joins: barosl (barosl@moz-tmp.qma.67.220.IP)
[07:50:07] *** Quits: barosl (barosl@moz-tmp.qma.67.220.IP) (Connection closed)
[07:52:58] *** Joins: barosl (barosl@moz-tmp.qma.67.220.IP)
[07:55:08] *** Joins: aatch (james@moz-is4j4r.cable.telstraclear.net)
[08:17:12] *** Quits: barosl (barosl@moz-tmp.qma.67.220.IP) (Connection closed)
[08:17:25] *** Joins: barosl (barosl@moz-tmp.qma.67.220.IP)
[08:52:12] *** Quits: barosl (barosl@moz-tmp.qma.67.220.IP) (Connection closed)
[08:53:29] *** Joins: barosl (barosl@moz-tmp.qma.67.220.IP)
[09:00:39] *** Quits: barosl (barosl@moz-tmp.qma.67.220.IP) (Connection closed)
[09:00:52] *** Joins: barosl (barosl@moz-tmp.qma.67.220.IP)
[09:20:13] *** Quits: barosl (barosl@moz-tmp.qma.67.220.IP) (Connection closed)
[09:20:27] *** Joins: barosl (barosl@moz-tmp.qma.67.220.IP)
[09:38:42] *** Quits: klutzy (not@moz-0t8.piq.68.115.IP) (Ping timeout: 121 seconds)
[10:34:08] *** Quits: aatch (james@moz-is4j4r.cable.telstraclear.net) (Ping timeout: 121 seconds)
[11:53:43] *** Joins: madmalik (uid13697@moz-lfin5p.brockwell.irccloud.com)
[13:12:42] *** Joins: klutzy (not@moz-0t8.piq.68.115.IP)
[16:01:33] *** Quits: laumann (thomas@moz-n9e72h.0.fullrate.dk) (Ping timeout: 121 seconds)
[16:46:28] *** Joins: laumann (thomas@moz-n9e72h.0.fullrate.dk)
[16:59:39] *** Joins: arielb1 (Ariel@moz-bu8.1nh.67.109.IP)
[17:35:24] *** Quits: arielb1 (Ariel@moz-bu8.1nh.67.109.IP) (Connection closed)
[17:53:50] *** Joins: sigma (sigma@moz-l8bauc.range217-44.btcentralplus.com)
[19:36:22] *** Quits: sigma (sigma@moz-l8bauc.range217-44.btcentralplus.com) (Ping timeout: 121 seconds)
[20:03:16] *** kimundi is now known as zz_kimundi
[20:09:24] *** Joins: nagisa (nagisa@moz-8t068g.static.zebra.lt)
[20:10:18] *** Parts: nagisa (nagisa@moz-8t068g.static.zebra.lt) ()
[20:37:05] *** zz_kimundi is now known as kimundi
[21:06:36] *** Joins: bluss (bluss@moz-ec5o68.cust.bredbandsbolaget.se)
[21:17:37] *** kimundi is now known as kimundi_tmp
[21:44:12] *** Joins: nagisa (nagisa@moz-8t068g.static.zebra.lt)
[21:50:40] *** Joins: kimundi (kimundi@moz-7l900c.dip0.t-ipconnect.de)
[21:54:39] *** kimundi_tmp is now known as zz_kimundi_tmp
[22:26:46] *** Quits: eddyb (eddyb@moz-l3g.mv7.25.188.IP) (Ping timeout: 121 seconds)
[22:27:23] *** Quits: laumann (thomas@moz-n9e72h.0.fullrate.dk) (Ping timeout: 121 seconds)
[22:35:29] *** Quits: zz_kimundi_tmp (kimundi@moz-7l900c.dip0.t-ipconnect.de) (Ping timeout: 121 seconds)
[22:56:14] *** Quits: nagisa (nagisa@moz-8t068g.static.zebra.lt) (Ping timeout: 121 seconds)
[23:34:24] *** Joins: aatch (james@moz-i1k1ks.tlms.2o1v.e006.2406.IP)
[23:37:31] *** Quits: bluss (bluss@moz-ec5o68.cust.bredbandsbolaget.se) (Ping timeout: 121 seconds)
[23:39:33] *** Quits: Tobba (Tobba@moz-o13d22.bredband.telia.com) (Ping timeout: 121 seconds)
