[00:02:31] *** Joins: swgillespie (swgillespie@moz-eie.3un.220.167.IP)
[00:16:36] *** Quits: pcwalton (pcwalton@moz-l8ebtf.sfo1.mozilla.com) (Client exited)
[00:30:47] *** Quits: blaenk (blaenkdenum@moz-em283u.res.rr.com) (Connection closed)
[00:31:21] *** Joins: blaenk (blaenkdenum@moz-em283u.res.rr.com)
[00:34:15] *** Quits: blaenk (blaenkdenum@moz-em283u.res.rr.com) (Connection closed)
[00:35:13] *** Joins: blaenk (blaenkdenum@moz-em283u.res.rr.com)
[00:38:37] *** Quits: calc0000 (calc0000@moz-p36.rbp.233.199.IP) (Quit: ZNC - http://znc.in)
[00:39:14] *** Joins: calc0000 (calc0000@moz-5tn399.mqd9.h8am.0980.2605.IP)
[00:40:23] *** Quits: blaenk (blaenkdenum@moz-em283u.res.rr.com) (Connection closed)
[00:41:23] *** Joins: blaenk (blaenkdenum@moz-em283u.res.rr.com)
[00:45:09] *** Joins: dougxxx (dougxxx@moz-0js00c.iinet.net.au)
[00:47:43] *** Quits: blaenk (blaenkdenum@moz-em283u.res.rr.com) (Connection closed)
[00:48:51] *** Joins: blaenk (blaenkdenum@moz-em283u.res.rr.com)
[00:55:38] *** Quits: blaenk (blaenkdenum@moz-em283u.res.rr.com) (Connection closed)
[00:56:22] *** Joins: blaenk (blaenkdenum@moz-em283u.res.rr.com)
[01:02:37] *** Quits: gleb (gleb@moz-3u1drv.rusanovka-net.kiev.ua) (Ping timeout: 121 seconds)
[01:07:07] *** Quits: swgillespie (swgillespie@moz-eie.3un.220.167.IP) (Quit: My MacBook Pro has gone to sleep. ZZZzzz…)
[01:13:03] *** Joins: pcwalton (pcwalton@moz-6kjabm.ca.comcast.net)
[01:13:42] *** Joins: blaenk_ (blaenkdenum@moz-em283u.res.rr.com)
[01:14:10] *** Quits: blaenk (blaenkdenum@moz-em283u.res.rr.com) (Ping timeout: 121 seconds)
[01:26:02] *** Joins: chills42 (chills42@moz-tqubmr.res.bhn.net)
[01:33:42] *** Quits: jxv (jxv___@moz-qneod7.pk6i.d98i.030a.2602.IP) (Connection closed)
[01:37:04] *** Joins: blaenk (blaenkdenum@moz-em283u.res.rr.com)
[01:37:55] *** Quits: blaenk_ (blaenkdenum@moz-em283u.res.rr.com) (Ping timeout: 121 seconds)
[01:42:45] *** Joins: nonsensickle (nonsensickl@moz-4v0.gkd.16.182.IP)
[01:53:53] *** Joins: swgillespie (swgillespie@moz-rn1.vmq.232.104.IP)
[01:58:27] *** Quits: reem (reem@moz-2icmmi.ca.comcast.net) (Connection closed)
[02:00:38] *** Joins: reem (reem@moz-2icmmi.ca.comcast.net)
[02:06:46] *** Quits: swgillespie (swgillespie@moz-rn1.vmq.232.104.IP) (Quit: My MacBook Pro has gone to sleep. ZZZzzz…)
[02:07:12] *** Joins: p1start (p1start@moz-nftjhe.org)
[02:31:07] *** Quits: pcwalton (pcwalton@moz-6kjabm.ca.comcast.net) (Client exited)
[02:35:52] *** Joins: swgillespie (swgillespie@moz-rn1.vmq.232.104.IP)
[02:38:15] *** Quits: brson (brson@moz-mj1.c9m.56.172.IP) (Quit: leaving)
[02:44:57] <Ilari> https://crates.io/crates/ecs ... The web page shows the crate as yanked, but looking at the index, it has unyanked versions.
[02:45:39] <Ilari> E.g. {"name":"ecs","vers":"0.17.2","deps":[],"cksum":"96f4f70873d330501bee24866f079f2f746a7f902443e745c359cabdb597ea28","features":{},"yanked":false}
[02:51:59] <sfackler> acrichto: ^ looks like crates.io doesn't fall back to the last unyanked version?
[02:52:04] <Ilari> Perhaps crates.io doesn't work correctly when the lastest (not numerically highest) version of some crate has been yanked?
[02:55:08] <acrichto> Ilari: sfackler: gah this is an unfortunate consequence of https://github.com/rust-lang/crates.io/issues/76
[02:55:19] <acrichto> e.g. https://crates.io/crates/ecs/0.17.2 is fine
[02:56:32] <Yurume> acrichto: on the problem of yanking the whole crate: cargo yank --all?
[02:56:48] <acrichto> Yurume: we don't currently have it, but I'd love to see it!
[02:57:38] * Yurume seeks his first contribution to Cargo
[03:01:26] <acrichto> Yurume: it would probably start out with support on crates.io first
[03:02:30] <Yurume> yeah, API is required
[03:09:06] *** Quits: swgillespie (swgillespie@moz-rn1.vmq.232.104.IP) (Quit: My MacBook Pro has gone to sleep. ZZZzzz…)
[03:09:41] *** Quits: reem (reem@moz-2icmmi.ca.comcast.net) (Connection closed)
[03:10:48] *** Quits: chills42 (chills42@moz-tqubmr.res.bhn.net) (Connection closed)
[03:13:14] *** Joins: reem (reem@moz-2icmmi.ca.comcast.net)
[03:22:22] *** Quits: reem (reem@moz-2icmmi.ca.comcast.net) (Connection closed)
[03:28:36] *** Joins: reem (reem@moz-l7hvbh.coob.q2h1.0009.2601.IP)
[03:31:06] *** Quits: reem (reem@moz-l7hvbh.coob.q2h1.0009.2601.IP) (Connection closed)
[03:32:48] *** Joins: reem (reem@moz-dra582.coob.q2h1.0009.2601.IP)
[03:33:05] *** Quits: reem (reem@moz-dra582.coob.q2h1.0009.2601.IP) (Connection closed)
[03:33:06] *** Joins: reem (reem@moz-dra582.coob.q2h1.0009.2601.IP)
[03:44:03] *** Quits: kimundi (kimundi@moz-fjbps4.dip0.t-ipconnect.de) (Ping timeout: 121 seconds)
[03:45:10] *** Joins: kimundi (kimundi@moz-j326j4.dip0.t-ipconnect.de)
[03:45:36] *** Joins: pcwalton (pcwalton@moz-6kjabm.ca.comcast.net)
[03:49:32] *** kimundi is now known as zz_kimundi
[03:50:24] *** Quits: reem (reem@moz-dra582.coob.q2h1.0009.2601.IP) (Connection closed)
[03:50:38] *** Quits: blaenk (blaenkdenum@moz-em283u.res.rr.com) (Connection closed)
[03:51:23] *** Joins: blaenk (blaenkdenum@moz-em283u.res.rr.com)
[03:53:48] *** Quits: japaric|afk (japaric@moz-6af.asf.237.190.IP) (Ping timeout: 121 seconds)
[03:56:37] *** zz_kimundi is now known as kimundi
[03:58:14] *** Joins: reem (reem@moz-2icmmi.ca.comcast.net)
[04:10:01] *** Joins: japaric|afk (japaric@moz-6af.asf.237.190.IP)
[04:14:54] *** Quits: reem (reem@moz-2icmmi.ca.comcast.net) (Connection closed)
[04:21:10] *** Joins: reem (reem@moz-2icmmi.ca.comcast.net)
[04:52:33] *** Joins: swgillespie (swgillespie@moz-rn1.vmq.232.104.IP)
[04:53:27] *** Quits: reem (reem@moz-2icmmi.ca.comcast.net) (Connection closed)
[05:05:11] *** Joins: reem (reem@moz-i82lnv.coob.q2h1.0009.2601.IP)
[05:16:34] *** Quits: dougxxx (dougxxx@moz-0js00c.iinet.net.au) (Connection closed)
[05:23:28] *** Joins: dougxxx (dougxxx@moz-0js00c.iinet.net.au)
[05:41:30] *** Quits: reem (reem@moz-i82lnv.coob.q2h1.0009.2601.IP) (Connection closed)
[05:42:37] *** Quits: O01eg (o01eg@moz-o2hta1.3od4.4n8f.2698.2a02.IP) (Client exited)
[05:49:04] *** Quits: dougxxx (dougxxx@moz-0js00c.iinet.net.au) (Quit: Leaving...)
[05:54:59] *** Joins: reem (reem@moz-2icmmi.ca.comcast.net)
[06:11:18] *** Joins: chills42 (chills42@moz-tqubmr.res.bhn.net)
[06:15:20] *** Quits: chills42 (chills42@moz-tqubmr.res.bhn.net) (Ping timeout: 121 seconds)
[06:19:34] *** Quits: reem (reem@moz-2icmmi.ca.comcast.net) (Connection closed)
[06:24:07] *** Joins: reem (reem@moz-tm6o21.coob.q2h1.0009.2601.IP)
[06:28:01] *** Quits: reem (reem@moz-tm6o21.coob.q2h1.0009.2601.IP) (Connection closed)
[06:28:28] *** Joins: reem (reem@moz-2icmmi.ca.comcast.net)
[06:35:00] *** Quits: japaric|afk (japaric@moz-6af.asf.237.190.IP) (Quit: WeeChat 1.1.1)
[06:37:12] *** Quits: tomaka (Pierre@moz-f0a4o4.abo.wanadoo.fr) (Ping timeout: 121 seconds)
[06:38:24] *** Quits: reem (reem@moz-2icmmi.ca.comcast.net) (Connection closed)
[06:43:24] *** Joins: reem (reem@moz-2icmmi.ca.comcast.net)
[06:49:47] *** Quits: reem (reem@moz-2icmmi.ca.comcast.net) (Connection closed)
[06:51:06] *** Joins: tomaka (Pierre@moz-esedvu.abo.wanadoo.fr)
[06:54:20] *** Joins: Shackra (quassel@moz-7bh.ng6.177.186.IP)
[07:00:35] *** Quits: swgillespie (swgillespie@moz-rn1.vmq.232.104.IP) (Quit: My MacBook Pro has gone to sleep. ZZZzzz…)
[07:00:37] *** Joins: swgillespie (swgillespie@moz-rn1.vmq.232.104.IP)
[07:00:46] *** Quits: swgillespie (swgillespie@moz-rn1.vmq.232.104.IP) (Connection closed)
[07:02:11] *** Quits: panicbit (panicbit@moz-2p72q2.dip0.t-ipconnect.de) (Ping timeout: 121 seconds)
[07:10:02] *** Joins: reem (reem@moz-agetjr.coob.q2h1.0009.2601.IP)
[07:12:25] *** Joins: SneakySnake (nya@moz-i9is4u.pool.telekom.hu)
[07:13:05] *** Quits: reem (reem@moz-agetjr.coob.q2h1.0009.2601.IP) (Connection closed)
[07:15:22] *** Joins: bjz (bjz@moz-4l6.mjm.52.113.IP)
[07:15:31] *** Quits: bjz (bjz@moz-4l6.mjm.52.113.IP) (Quit: My Mac has gone to sleep. ZZZzzz…)
[07:15:36] *** Joins: bjz (bjz@moz-4l6.mjm.52.113.IP)
[07:16:26] *** Quits: bjz (bjz@moz-4l6.mjm.52.113.IP) (Connection closed)
[07:16:27] *** Joins: bjz_ (bjz@moz-4l6.mjm.52.113.IP)
[07:16:50] *** Quits: bjz_ (bjz@moz-4l6.mjm.52.113.IP) (Connection closed)
[07:18:16] *** Joins: bjz_ (bjz@moz-4l6.mjm.52.113.IP)
[07:18:17] *** Quits: bjz_ (bjz@moz-4l6.mjm.52.113.IP) (Quit: My Mac has gone to sleep. ZZZzzz…)
[07:18:38] *** Joins: reem (reem@moz-70e5qe.coob.q2h1.0009.2601.IP)
[07:23:25] *** Joins: psd (psd@moz-acc.mpg.78.202.IP)
[07:29:14] *** Quits: reem (reem@moz-70e5qe.coob.q2h1.0009.2601.IP) (Connection closed)
[07:42:52] *** Joins: reem (reem@moz-2icmmi.ca.comcast.net)
[07:50:47] *** Quits: pcwalton (pcwalton@moz-6kjabm.ca.comcast.net) (Client exited)
[08:00:23] *** Quits: psd (psd@moz-acc.mpg.78.202.IP) (Ping timeout: 121 seconds)
[08:01:16] *** Joins: psd (psd@moz-acc.mpg.78.202.IP)
[08:06:50] *** Joins: ptalbot (ptalbot@moz-1gn7gb.eu0n.jcdj.0660.2001.IP)
[08:12:05] *** Joins: FreeFull (freefull@moz-3ff296.rdg.ac.uk)
[08:27:18] *** Quits: reem (reem@moz-2icmmi.ca.comcast.net) (Connection closed)
[08:27:23] *** Joins: reem (reem@moz-srsfpf.coob.q2h1.0009.2601.IP)
[08:29:26] *** Quits: Rym_ (y@moz-232.ad4.144.109.IP) (Connection closed)
[08:29:46] *** Joins: Rym_ (y@moz-232.ad4.144.109.IP)
[08:43:48] *** Quits: reem (reem@moz-srsfpf.coob.q2h1.0009.2601.IP) (Connection closed)
[08:49:14] *** Joins: ghmlee (sid33671@moz-p3l5sb.brockwell.irccloud.com)
[08:53:26] *** Joins: bombless (bombless@moz-mpkd63.0v2u.0v40.0da8.2001.IP)
[09:05:45] *** Quits: Shackra (quassel@moz-7bh.ng6.177.186.IP) (Connection closed)
[09:14:05] *** Joins: killercup (killercup@moz-edmf2j.dip0.t-ipconnect.de)
[09:26:16] *** Quits: barosl (barosl@moz-7vg.qma.67.220.IP) (Connection closed)
[09:28:20] *** Quits: killercup (killercup@moz-edmf2j.dip0.t-ipconnect.de) (Connection closed)
[09:28:44] *** Joins: killercup (killercup@moz-edmf2j.dip0.t-ipconnect.de)
[09:31:02] *** Quits: FreeFull (freefull@moz-3ff296.rdg.ac.uk) (Ping timeout: 121 seconds)
[09:41:00] *** Joins: barosl (barosl@moz-7vg.qma.67.220.IP)
[09:43:37] *** Quits: Rym_ (y@moz-232.ad4.144.109.IP) (Ping timeout: 121 seconds)
[09:46:54] *** Joins: FreeFull (freefull@moz-3ff296.rdg.ac.uk)
[10:10:34] *** Joins: Rym_ (y@moz-232.ad4.144.109.IP)
[10:14:57] *** Quits: Rym_ (y@moz-232.ad4.144.109.IP) (Ping timeout: 121 seconds)
[10:19:01] *** Quits: p1start (p1start@moz-nftjhe.org) (Ping timeout: 121 seconds)
[10:24:07] *** Quits: blaenk (blaenkdenum@moz-em283u.res.rr.com) (Connection closed)
[10:24:45] *** Joins: blaenk (blaenkdenum@moz-em283u.res.rr.com)
[10:31:06] *** Quits: bombless (bombless@moz-mpkd63.0v2u.0v40.0da8.2001.IP) (Connection closed)
[10:31:43] *** Joins: bombless (bombless@moz-ovk.piv.41.59.IP)
[10:39:22] *** Joins: ytain (ytain@moz-d93rt6.dsl.teksavvy.com)
[10:40:33] *** Joins: gleb (gleb@moz-3u1drv.rusanovka-net.kiev.ua)
[10:50:18] *** Joins: jhasse (jhasse@moz-jttrg3.adsl.alicedsl.de)
[11:04:43] *** Joins: Rym_ (y@moz-232.ad4.144.109.IP)
[11:09:05] *** Quits: Rym_ (y@moz-232.ad4.144.109.IP) (Ping timeout: 121 seconds)
[11:09:17] *** Quits: jhasse (jhasse@moz-jttrg3.adsl.alicedsl.de) (Quit: Leaving)
[11:21:21] *** Joins: chills42 (chills42@moz-tg1.8p4.43.209.IP)
[11:35:01] *** Joins: contradictioned (quassel@moz-th4tob.clients.your-server.de)
[11:44:30] *** Joins: reem (reem@moz-2icmmi.ca.comcast.net)
[11:48:35] *** Quits: reem (reem@moz-2icmmi.ca.comcast.net) (Ping timeout: 121 seconds)
[11:58:54] *** Joins: Rym_ (y@moz-232.ad4.144.109.IP)
[12:03:20] *** Quits: Rym_ (y@moz-232.ad4.144.109.IP) (Ping timeout: 121 seconds)
[12:26:24] *** Joins: edlothiol (user@moz-n7m9to.unity-media.net)
[12:38:45] *** Quits: chills42 (chills42@moz-tg1.8p4.43.209.IP) (Connection closed)
[12:39:11] *** Joins: chills42 (chills42@moz-tg1.8p4.43.209.IP)
[12:53:02] *** Joins: Rym_ (y@moz-232.ad4.144.109.IP)
[12:57:28] *** Quits: Rym_ (y@moz-232.ad4.144.109.IP) (Ping timeout: 121 seconds)
[13:47:11] *** Joins: Rym_ (y@moz-232.ad4.144.109.IP)
[13:51:38] *** Quits: Rym_ (y@moz-232.ad4.144.109.IP) (Ping timeout: 121 seconds)
[13:56:45] *** Quits: chills42 (chills42@moz-tg1.8p4.43.209.IP) (Connection closed)
[13:57:38] *** Joins: chills42 (chills42@moz-tg1.8p4.43.209.IP)
[13:59:35] *** kimundi is now known as zz_kimundi
[14:02:39] *** zz_kimundi is now known as kimundi
[14:25:26] *** Joins: japaric (japaric@moz-h53.6gb.236.190.IP)
[14:32:30] *** Joins: panicbit (panicbit@moz-2p72q2.dip0.t-ipconnect.de)
[14:34:13] *** Quits: chills42 (chills42@moz-tg1.8p4.43.209.IP) (Connection closed)
[14:41:22] *** Joins: Rym_ (y@moz-232.ad4.144.109.IP)
[14:42:01] *** Joins: chills42 (chills42@moz-tg1.8p4.43.209.IP)
[14:45:48] *** Quits: Rym_ (y@moz-232.ad4.144.109.IP) (Ping timeout: 121 seconds)
[14:48:42] *** Joins: swgillespie (swgillespie@moz-rn1.vmq.232.104.IP)
[14:52:38] *** Joins: bjz (bjz@moz-puppgq.tpgi.com.au)
[14:53:53] *** Quits: swgillespie (swgillespie@moz-rn1.vmq.232.104.IP) (Quit: My MacBook Pro has gone to sleep. ZZZzzz…)
[15:05:38] *** Quits: JanC__ (janc@moz-4mavln.dsl.scarlet.be) (Ping timeout: 121 seconds)
[15:10:13] *** Joins: pcwalton (pcwalton@moz-6kjabm.ca.comcast.net)
[15:11:28] *** Quits: barosl (barosl@moz-7vg.qma.67.220.IP) (Quit: Leaving)
[15:13:09] *** Joins: barosl (barosl@moz-7vg.qma.67.220.IP)
[15:18:11] *** Joins: JanC__ (janc@moz-n1oeb7.dsl.scarlet.be)
[15:23:32] *** Joins: hugoduncan (user@moz-885.jmo.24.70.IP)
[15:26:21] *** Quits: hugod (user@moz-885.jmo.24.70.IP) (Ping timeout: 121 seconds)
[15:35:31] *** Joins: Rym_ (y@moz-232.ad4.144.109.IP)
[15:39:59] *** Quits: Rym_ (y@moz-232.ad4.144.109.IP) (Ping timeout: 121 seconds)
[15:44:16] *** Quits: pcwalton (pcwalton@moz-6kjabm.ca.comcast.net) (Client exited)
[15:59:02] <Manishearth> acrichto: look at this
[15:59:03] <Manishearth> https://crates.io/crates/cocoa
[15:59:12] <Manishearth> https://github.com/IvanUkhov seems to be squatting on random names
[16:00:13] *** Quits: ytain (ytain@moz-d93rt6.dsl.teksavvy.com) (Quit: Textual IRC Client: www.textualapp.com)
[16:00:14] <Manishearth> acrichto: especially the names that Servo needs (https://github.com/bodoni)
[16:05:38] *** Joins: eibwen (eibwen@moz-l622e8.dip0.t-ipconnect.de)
[16:06:35] <Manishearth> Oh, he's only squatted on thsoe names in particular
[16:06:36] <Manishearth> hm
[16:06:37] *** Joins: ytain (ytain@moz-d93rt6.dsl.teksavvy.com)
[16:06:51] <Manishearth> oh, also https://crates.io/crates/rust
[16:07:44] *** Quits: bombless (bombless@moz-ovk.piv.41.59.IP) (Ping timeout: 121 seconds)
[16:09:40] <Manishearth> Still, any way to get those packages?
[16:18:29] <acrichto> Manishearth: steve has articulated our naming policy in the past: http://internals.rust-lang.org/t/crates-io-package-policies/1041
[16:18:41] <acrichto> Manishearth: basically you'll need to reach out to him to ask if you can take over the name
[16:18:52] <Manishearth> okay
[16:28:30] *** Joins: pcwalton (pcwalton@moz-u92.384.6.71.IP)
[16:29:41] *** Joins: Rym_ (y@moz-232.ad4.144.109.IP)
[16:34:09] *** Quits: Rym_ (y@moz-232.ad4.144.109.IP) (Ping timeout: 121 seconds)
[17:02:00] *** Quits: ptalbot (ptalbot@moz-1gn7gb.eu0n.jcdj.0660.2001.IP) (Ping timeout: 121 seconds)
[17:12:35] *** Quits: chills42 (chills42@moz-tg1.8p4.43.209.IP) (Connection closed)
[17:12:39] *** Quits: awe (awe@moz-vpr.va5.236.104.IP) (Quit: ZNC - http://znc.in)
[17:14:03] *** Joins: awe (awe@moz-vpr.va5.236.104.IP)
[17:21:20] *** Quits: pcwalton (pcwalton@moz-u92.384.6.71.IP) (Client exited)
[17:23:53] *** Joins: Rym_ (y@moz-232.ad4.144.109.IP)
[17:25:21] *** Joins: O01eg (o01eg@moz-ict.vtv.112.37.IP)
[17:27:44] *** Joins: chills42 (chills42@moz-tg1.8p4.43.209.IP)
[17:28:18] *** Quits: Rym_ (y@moz-232.ad4.144.109.IP) (Ping timeout: 121 seconds)
[17:44:22] *** Quits: ytain (ytain@moz-d93rt6.dsl.teksavvy.com) (Quit: Textual IRC Client: www.textualapp.com)
[17:45:27] *** Joins: ytain (ytain@moz-lio.ur1.175.184.IP)
[17:56:25] *** Joins: Shackra (quassel@moz-7bh.ng6.177.186.IP)
[17:59:23] *** Joins: pcwalton (pcwalton@moz-l8ebtf.sfo1.mozilla.com)
[17:59:51] *** Quits: pcwalton (pcwalton@moz-l8ebtf.sfo1.mozilla.com) (Client exited)
[18:00:03] *** Joins: pcwalton (pcwalton@moz-l8ebtf.sfo1.mozilla.com)
[18:01:33] *** Joins: brson (brson@moz-obm.e0n.56.172.IP)
[18:06:22] <cmr> brson: acrichto: I'm getting cargo test failures when using multirust, stuff like  https://gist.github.com/cmr/e03df0c13f7dbf345fed, that doesn't repro on travis.
[18:08:00] <tomaka> cmr: https://github.com/brson/multirust/issues/14
[18:09:19] <cmr> tomaka: so I should set MULTIRUST_HOME=$HOME before?
[18:09:30] <tomaka> yeah that solved it for me
[18:09:33] <cmr> Ok.
[18:09:38] <tomaka> I don't know what brson did to fix it
[18:09:53] <tomaka> I haven't tried cargo+multirust since then
[18:10:30] <brson> cmr: huh, it's supposed to just work
[18:10:40] <brson> i'll reopen that issue
[18:11:17] <brson> need to spend another weekend on multirust soon
[18:12:23] <cmr> Ah, it should actually be MULTIRUST_HOME=$HOME/.multirust
[18:18:01] *** Joins: Rym_ (y@moz-232.ad4.144.109.IP)
[18:22:29] *** Quits: Rym_ (y@moz-232.ad4.144.109.IP) (Ping timeout: 121 seconds)
[18:24:23] *** Quits: chills42 (chills42@moz-tg1.8p4.43.209.IP) (Connection closed)
[18:24:36] *** Joins: chills42 (chills42@moz-tg1.8p4.43.209.IP)
[18:39:47] *** Joins: DoomBoom (DoomBoom@moz-a5b.m4r.89.86.IP)
[18:41:03] *** Quits: brson (brson@moz-obm.e0n.56.172.IP) (Ping timeout: 121 seconds)
[18:41:32] *** Joins: brson (brson@moz-obm.e0n.56.172.IP)
[18:57:36] *** Quits: blaenk (blaenkdenum@moz-em283u.res.rr.com) (Connection closed)
[18:58:53] *** Joins: blaenk (blaenkdenum@moz-em283u.res.rr.com)
[19:00:34] *** Joins: swgillespie (swgillespie@moz-upj.3un.220.167.IP)
[19:12:10] *** Joins: Rym_ (y@moz-232.ad4.144.109.IP)
[19:16:36] *** Quits: Rym_ (y@moz-232.ad4.144.109.IP) (Ping timeout: 121 seconds)
[19:18:45] *** Quits: blaenk (blaenkdenum@moz-em283u.res.rr.com) (Connection closed)
[19:19:31] *** Joins: blaenk (blaenkdenum@moz-em283u.res.rr.com)
[19:28:10] *** Joins: blinky (Mibbit@moz-juv.9o3.252.72.IP)
[19:28:27] *** Quits: blinky (Mibbit@moz-juv.9o3.252.72.IP) (Quit: http://www.mibbit.com ajax IRC Client)
[19:31:12] *** Quits: swgillespie (swgillespie@moz-upj.3un.220.167.IP) (Quit: My MacBook Pro has gone to sleep. ZZZzzz…)
[19:49:20] *** Quits: pcwalton (pcwalton@moz-l8ebtf.sfo1.mozilla.com) (Client exited)
[19:49:49] *** Joins: pcwalton (pcwalton@moz-l8ebtf.sfo1.mozilla.com)
[19:52:22] *** Quits: psd (psd@moz-acc.mpg.78.202.IP) (Quit: Leaving)
[19:53:43] *** Quits: chills42 (chills42@moz-tg1.8p4.43.209.IP) (Connection closed)
[19:55:16] *** hugoduncan is now known as hugod
[19:56:55] <cmr> https://gist.github.com/cmr/074deb676aa22153257d is quite mysterious
[19:57:07] <cmr> "Expected: execs but: exited with exit code: 0"
[19:59:19] *** Joins: chills42 (chills42@moz-tg1.8p4.43.209.IP)
[20:02:17] *** Quits: chills42 (chills42@moz-tg1.8p4.43.209.IP) (Connection closed)
[20:03:19] *** Quits: blaenk (blaenkdenum@moz-em283u.res.rr.com) (Connection closed)
[20:03:28] *** Joins: blaenk (blaenkdenum@moz-em283u.res.rr.com)
[20:05:56] *** Quits: panicbit (panicbit@moz-2p72q2.dip0.t-ipconnect.de) (Quit: Leaving)
[20:06:22] *** Joins: Rym_ (y@moz-232.ad4.144.109.IP)
[20:10:48] *** Quits: Rym_ (y@moz-232.ad4.144.109.IP) (Ping timeout: 121 seconds)
[20:21:12] *** Quits: killercup (killercup@moz-edmf2j.dip0.t-ipconnect.de) (Quit: Bye)
[20:22:14] *** Joins: killercup (killercup@moz-edmf2j.dip0.t-ipconnect.de)
[20:36:03] *** Joins: glennpratt (glennpratt@moz-neq2gf.dsl-w.verizon.net)
[20:39:28] *** Quits: glennpra_ (glennpratt@moz-neq2gf.dsl-w.verizon.net) (Ping timeout: 121 seconds)
[20:40:43] *** Joins: ptalbot (ptalbot@moz-j4gnuh.fbx.proxad.net)
[20:54:42] *** Joins: swgillespie (swgillespie@moz-upj.3un.220.167.IP)
[20:56:10] *** Quits: pcwalton (pcwalton@moz-l8ebtf.sfo1.mozilla.com) (Client exited)
[21:00:30] *** Joins: Rym_ (y@moz-232.ad4.144.109.IP)
[21:02:50] *** Joins: pcwalton (pcwalton@moz-l8ebtf.sfo1.mozilla.com)
[21:04:56] *** Quits: Rym_ (y@moz-232.ad4.144.109.IP) (Ping timeout: 121 seconds)
[21:08:19] *** Quits: bgamari (bgamari@moz-uvr07v.q402.fm1a.0470.2001.IP) (Ping timeout: 121 seconds)
[21:16:49] *** kimundi is now known as zz_kimundi
[21:28:11] *** Joins: reem (reem@moz-2icmmi.ca.comcast.net)
[21:38:29] *** Joins: bgamari (bgamari@moz-uvr07v.q402.fm1a.0470.2001.IP)
[21:45:56] *** Quits: blaenk (blaenkdenum@moz-em283u.res.rr.com) (Connection closed)
[21:46:25] *** Joins: blaenk (blaenkdenum@moz-em283u.res.rr.com)
[21:49:18] *** Joins: Rym_ (y@moz-232.ad4.144.109.IP)
[21:56:56] *** Quits: blaenk (blaenkdenum@moz-em283u.res.rr.com) (Connection closed)
[21:57:45] *** Joins: blaenk (blaenkdenum@moz-em283u.res.rr.com)
[22:01:44] *** Quits: blaenk (blaenkdenum@moz-em283u.res.rr.com) (Connection closed)
[22:04:56] *** Joins: blaenk (blaenkdenum@moz-em283u.res.rr.com)
[22:10:26] *** Joins: blaenk_ (blaenkdenum@moz-em283u.res.rr.com)
[22:10:36] *** Quits: blaenk (blaenkdenum@moz-em283u.res.rr.com) (Ping timeout: 121 seconds)
[22:18:10] *** Quits: pcwalton (pcwalton@moz-l8ebtf.sfo1.mozilla.com) (Client exited)
[22:22:17] *** Quits: killercup (killercup@moz-edmf2j.dip0.t-ipconnect.de) (Ping timeout: 121 seconds)
[22:23:14] *** Quits: swgillespie (swgillespie@moz-upj.3un.220.167.IP) (Quit: My MacBook Pro has gone to sleep. ZZZzzz…)
[22:23:59] *** Joins: swgillespie (swgillespie@moz-upj.3un.220.167.IP)
[22:35:44] *** Joins: pcwalton (pcwalton@moz-l8ebtf.sfo1.mozilla.com)
[22:36:32] *** Quits: ptalbot (ptalbot@moz-j4gnuh.fbx.proxad.net) (Ping timeout: 121 seconds)
[22:40:09] *** Quits: reem (reem@moz-2icmmi.ca.comcast.net) (Connection closed)
[22:45:21] *** Joins: blaenk (blaenkdenum@moz-em283u.res.rr.com)
[22:47:59] *** Quits: blaenk_ (blaenkdenum@moz-em283u.res.rr.com) (Ping timeout: 121 seconds)
[22:49:28] *** Joins: reem (reem@moz-2icmmi.ca.comcast.net)
[23:02:47] *** Joins: chills42 (chills42@moz-tqubmr.res.bhn.net)
[23:06:50] *** Quits: chills42 (chills42@moz-tqubmr.res.bhn.net) (Ping timeout: 121 seconds)
[23:11:34] *** Quits: bjz (bjz@moz-puppgq.tpgi.com.au) (Quit: My Mac has gone to sleep. ZZZzzz…)
[23:27:02] *** Quits: swgillespie (swgillespie@moz-upj.3un.220.167.IP) (Quit: My MacBook Pro has gone to sleep. ZZZzzz…)
[23:30:23] *** Joins: swgillespie (swgillespie@moz-upj.3un.220.167.IP)
[23:39:52] *** Quits: SneakySnake (nya@moz-i9is4u.pool.telekom.hu) (Connection closed)
[23:52:15] *** Joins: bjz (bjz@moz-4l6.mjm.52.113.IP)
[23:58:41] *** Quits: bjz (bjz@moz-4l6.mjm.52.113.IP) (Quit: My Mac has gone to sleep. ZZZzzz…)
[23:59:49] *** Joins: bjz (bjz@moz-4l6.mjm.52.113.IP)
