[00:14:55] *** Quits: gal (gal@moz-t19.bab.126.76.IP) (Client exited)
[00:19:28] *** Joins: brson (brson@moz-a8s.c9m.56.172.IP)
[00:19:28] *** ChanServ sets mode: +o brson
[01:04:33] *** Quits: brson (brson@moz-a8s.c9m.56.172.IP) (Quit: leaving)
[01:20:41] *** khuey is now known as khuey|away
[01:21:59] *** khuey|away is now known as khuey
[01:26:46] *** Joins: azakai|2__ (alon@moz-l3ofdg.sntcca.sbcglobal.net)
[01:26:57] *** Quits: azakai|2_ (alon@moz-l3ofdg.sntcca.sbcglobal.net) (Connection closed)
[01:57:32] *** Quits: khuey (khuey@moz-no0.93r.245.63.IP) (Ping timeout: 121 seconds)
[01:58:36] *** Joins: khuey (khuey@moz-no0.93r.245.63.IP)
[02:09:15] *** Joins: L0uk3 (lukethedrif@moz-sepf42.tor-exit.calyxinstitute.org)
[02:52:58] *** Joins: int3_ (int3_@moz-qj4r31.ca.comcast.net)
[03:17:16] *** Quits: mbx (textual@moz-fjua8t.ca.comcast.net) (Quit: My Mac has gone to sleep. ZZZzzz…)
[03:17:26] *** Joins: mbx (textual@moz-fjua8t.ca.comcast.net)
[03:18:16] *** Joins: gal (gal@moz-t19.bab.126.76.IP)
[03:22:53] *** Joins: jweathersby (Adium@moz-a67gsb.ip.windstream.net)
[03:31:13] *** Quits: gal (gal@moz-t19.bab.126.76.IP) (Client exited)
[03:43:44] *** Joins: gal (gal@moz-t19.bab.126.76.IP)
[03:45:31] *** Quits: gal (gal@moz-t19.bab.126.76.IP) (Client exited)
[04:03:07] *** Joins: mib_r3ax1a (Mibbit@moz-frj.vg4.81.36.IP)
[04:03:27] *** Parts: mib_r3ax1a (Mibbit@moz-frj.vg4.81.36.IP) ()
[04:13:33] *** Quits: azakai|2__ (alon@moz-l3ofdg.sntcca.sbcglobal.net) (Ping timeout: 121 seconds)
[04:16:13] *** Joins: gal (gal@moz-t19.bab.126.76.IP)
[04:25:23] *** Joins: azakai|2__ (alon@moz-l3ofdg.sntcca.sbcglobal.net)
[04:51:31] *** Quits: mbx (textual@moz-fjua8t.ca.comcast.net) (Quit: My Mac has gone to sleep. ZZZzzz…)
[04:51:33] *** Joins: mbx (textual@moz-fjua8t.ca.comcast.net)
[04:51:33] *** Quits: mbx (textual@moz-fjua8t.ca.comcast.net) (Connection closed)
[04:51:55] *** Joins: mbx (textual@moz-fjua8t.ca.comcast.net)
[05:27:48] *** Quits: gal (gal@moz-t19.bab.126.76.IP) (Client exited)
[05:32:20] *** Quits: L0uk3 (lukethedrif@moz-sepf42.tor-exit.calyxinstitute.org) (A TLS packet with unexpected length was received.)
[05:33:13] *** Joins: L0uk3 (lukethedrif@moz-g4vdbq.ip.as43289.net)
[06:09:14] *** Quits: L0uk3 (lukethedrif@moz-g4vdbq.ip.as43289.net) (Ping timeout: 121 seconds)
[06:19:21] *** Joins: gal (gal@moz-t19.bab.126.76.IP)
[06:24:08] *** Quits: mbx (textual@moz-fjua8t.ca.comcast.net) (Quit: My Mac has gone to sleep. ZZZzzz…)
[06:24:13] *** Joins: mbx (textual@moz-fjua8t.ca.comcast.net)
[06:38:35] *** Quits: gal (gal@moz-t19.bab.126.76.IP) (Client exited)
[06:52:23] *** Joins: gal (gal@moz-t19.bab.126.76.IP)
[06:55:50] *** Quits: gal (gal@moz-t19.bab.126.76.IP) (Client exited)
[07:02:17] *** Joins: gal (gal@moz-t19.bab.126.76.IP)
[07:14:10] *** Quits: gal (gal@moz-t19.bab.126.76.IP) (Client exited)
[07:22:01] *** Joins: gal (gal@moz-t19.bab.126.76.IP)
[07:22:43] *** Quits: jweathersby (Adium@moz-a67gsb.ip.windstream.net) (Quit: Leaving.)
[07:25:44] *** Quits: gal (gal@moz-t19.bab.126.76.IP) (Client exited)
[07:33:13] *** Joins: gal (gal@moz-t19.bab.126.76.IP)
[07:36:21] *** Quits: gal (gal@moz-t19.bab.126.76.IP) (Client exited)
[07:39:50] *** Joins: gal (gal@moz-t19.bab.126.76.IP)
[07:41:11] *** Quits: mbx (textual@moz-fjua8t.ca.comcast.net) (Quit: My Mac has gone to sleep. ZZZzzz…)
[08:13:16] *** Quits: gal (gal@moz-t19.bab.126.76.IP) (Client exited)
[10:10:54] *** Quits: int3_ (int3_@moz-qj4r31.ca.comcast.net) (Connection closed)
[11:11:29] *** Joins: int3_ (int3_@moz-qj4r31.ca.comcast.net)
[11:15:40] *** Quits: int3_ (int3_@moz-qj4r31.ca.comcast.net) (Ping timeout: 121 seconds)
[11:43:44] *** Joins: till (till@moz-a0th03.dyn.telefonica.de)
[12:12:14] *** Joins: int3_ (int3_@moz-qj4r31.ca.comcast.net)
[12:16:23] *** Quits: int3_ (int3_@moz-qj4r31.ca.comcast.net) (Ping timeout: 121 seconds)
[14:11:27] *** Joins: int3_ (int3_@moz-qj4r31.ca.comcast.net)
[14:15:37] *** Quits: int3_ (int3_@moz-qj4r31.ca.comcast.net) (Ping timeout: 121 seconds)
[14:37:50] *** Joins: jdm (jdm@moz-ilbt2e.cable.teksavvy.com)
[17:20:38] *** Quits: jdm (jdm@moz-ilbt2e.cable.teksavvy.com) (Connection closed)
[17:20:50] *** Joins: jdm (jdm@moz-ilbt2e.cable.teksavvy.com)
[17:31:52] *** Quits: till (till@moz-a0th03.dyn.telefonica.de) (Ping timeout: 121 seconds)
[17:32:41] *** Joins: till (till@moz-a0th03.dyn.telefonica.de)
[17:36:26] *** Quits: acrichto (acrichto@moz-u3dg2t.sfo1.mozilla.com) (Ping timeout: 121 seconds)
[17:46:59] *** Joins: brson (brson@moz-jsd.7vl.56.172.IP)
[17:46:59] *** ChanServ sets mode: +o brson
[17:49:55] *** Joins: gal (gal@moz-t19.bab.126.76.IP)
[18:04:10] *** Quits: till (till@moz-a0th03.dyn.telefonica.de) (Connection closed)
[18:04:32] *** Joins: till (till@moz-a0th03.dyn.telefonica.de)
[18:06:32] *** Joins: acrichto (acrichto@moz-u3dg2t.sfo1.mozilla.com)
[18:12:49] *** Quits: acrichto (acrichto@moz-u3dg2t.sfo1.mozilla.com) (Ping timeout: 121 seconds)
[18:26:14] *** Joins: acrichto (acrichto@moz-u3dg2t.sfo1.mozilla.com)
[18:29:22] *** Quits: gal (gal@moz-t19.bab.126.76.IP) (Client exited)
[18:30:28] *** Joins: gal (gal@moz-t19.bab.126.76.IP)
[18:30:29] *** Quits: acrichto (acrichto@moz-u3dg2t.sfo1.mozilla.com) (Ping timeout: 121 seconds)
[18:31:43] *** Quits: gal (gal@moz-t19.bab.126.76.IP) (Client exited)
[18:32:51] *** Joins: acrichto (acrichto@moz-u3dg2t.sfo1.mozilla.com)
[18:36:05] *** Joins: int3_ (int3_@moz-qj4r31.ca.comcast.net)
[18:39:08] *** Quits: acrichto (acrichto@moz-u3dg2t.sfo1.mozilla.com) (Ping timeout: 121 seconds)
[18:46:54] *** Joins: acrichto (acrichto@moz-u3dg2t.sfo1.mozilla.com)
[18:51:09] *** Quits: acrichto (acrichto@moz-u3dg2t.sfo1.mozilla.com) (Ping timeout: 121 seconds)
[18:52:33] *** Joins: acrichto (acrichto@moz-u3dg2t.sfo1.mozilla.com)
[19:00:44] *** Quits: brson (brson@moz-jsd.7vl.56.172.IP) (Ping timeout: 121 seconds)
[19:05:58] *** Quits: acrichto (acrichto@moz-u3dg2t.sfo1.mozilla.com) (Ping timeout: 121 seconds)
[19:06:34] *** Joins: acrichto (acrichto@moz-u3dg2t.sfo1.mozilla.com)
[19:25:09] *** Joins: brson (brson@moz-jsd.7vl.56.172.IP)
[19:25:09] *** ChanServ sets mode: +o brson
[19:26:08] *** Quits: jdm (jdm@moz-ilbt2e.cable.teksavvy.com) (Quit: )
[19:34:20] *** Joins: mbx (textual@moz-fjua8t.ca.comcast.net)
[19:53:09] *** Quits: int3_ (int3_@moz-qj4r31.ca.comcast.net) (Connection closed)
[19:53:30] *** Joins: int3_ (int3_@moz-qj4r31.ca.comcast.net)
[19:57:32] *** Quits: int3_ (int3_@moz-qj4r31.ca.comcast.net) (Ping timeout: 121 seconds)
[20:10:08] *** Quits: brson (brson@moz-jsd.7vl.56.172.IP) (Quit: leaving)
[20:14:51] *** Joins: int3_ (int3_@moz-7h7.789.242.50.IP)
[20:34:55] *** Quits: int3_ (int3_@moz-7h7.789.242.50.IP) (Connection closed)
[20:35:17] *** Joins: int3_ (int3_@moz-7h7.789.242.50.IP)
[21:05:53] *** Joins: gal (gal@moz-t19.bab.126.76.IP)
[21:55:32] *** Quits: gal (gal@moz-t19.bab.126.76.IP) (Client exited)
[22:00:01] *** Joins: gal (gal@moz-t19.bab.126.76.IP)
[22:06:02] *** Quits: gal (gal@moz-t19.bab.126.76.IP) (Client exited)
[22:13:03] *** Joins: gal (gal@moz-t19.bab.126.76.IP)
[22:32:04] *** Quits: mbx (textual@moz-fjua8t.ca.comcast.net) (Quit: My Mac has gone to sleep. ZZZzzz…)
[22:52:39] *** Quits: int3_ (int3_@moz-7h7.789.242.50.IP) (Connection closed)
[23:00:14] *** Joins: int3_ (int3_@moz-7h7.789.242.50.IP)
[23:06:53] *** Quits: gal (gal@moz-t19.bab.126.76.IP) (Client exited)
[23:08:39] *** Joins: gal (gal@moz-t19.bab.126.76.IP)
[23:10:46] *** Quits: int3_ (int3_@moz-7h7.789.242.50.IP) (Quit: Leaving...)
[23:11:46] *** Quits: gal (gal@moz-t19.bab.126.76.IP) (Client exited)
[23:14:43] *** Joins: gal (gal@moz-t19.bab.126.76.IP)
[23:17:55] *** Quits: gal (gal@moz-t19.bab.126.76.IP) (Client exited)
[23:25:02] *** Joins: gal (gal@moz-t19.bab.126.76.IP)
[23:31:40] *** Joins: jdm (jdm@moz-ilbt2e.cable.teksavvy.com)
[23:43:32] *** Quits: gal (gal@moz-t19.bab.126.76.IP) (Client exited)
[23:43:57] *** Joins: gal (gal@moz-t19.bab.126.76.IP)
[23:47:22] *** Quits: gal (gal@moz-t19.bab.126.76.IP) (Client exited)
[23:55:48] *** Joins: L0uk3 (lukethedrif@moz-i1n.90a.7.212.IP)
