[00:02:50] *** Quits: dp (dp@moz-4lc10g.gb4f.8ao9.0e35.2a01.IP) (Ping timeout: 121 seconds)
[00:09:22] *** Quits: Gabriel_7 (Gabriel@moz-0e13rm.mtgr.92aj.0e35.2a01.IP) (Connection closed)
[00:10:35] *** Joins: rustbot (havvy@moz-epv20b.wa.comcast.net)
[00:19:02] *** Quits: Fiveside (fiveside@moz-t2eatg.vsp.com) (Ping timeout: 121 seconds)
[00:19:07] *** Joins: erickt (erickt@moz-4hh.6p3.217.74.IP)
[00:22:50] *** Joins: jensnock_ (jensnockert@moz-pvj.o2f.219.84.IP)
[00:23:03] *** Quits: shadower (shadower@moz-3ah4n5.osop.rhcloud.com) (Connection closed)
[00:23:08] *** Joins: shadower (shadower@moz-3ah4n5.osop.rhcloud.com)
[00:25:48] *** Quits: Binero (Binero@moz-33frsg.tp6s.jp58.a03f.2a02.IP) (Quit: Leaving)
[00:26:13] *** Quits: machty (sid13535@moz-ahgd5c.ealing.irccloud.com) (Quit: )
[00:26:15] *** Joins: machty (sid13535@moz-jtetp4.highgate.irccloud.com)
[00:27:06] *** Quits: jensnock_ (jensnockert@moz-pvj.o2f.219.84.IP) (Ping timeout: 121 seconds)
[00:32:19] *** Quits: demilux (demilux@moz-fk1.kt4.14.64.IP) (A TLS packet with unexpected length was received.)
[00:33:48] *** Joins: SHC (quassel@moz-8kb.q16.204.117.IP)
[00:39:29] *** Quits: dmarcos (sid15240@moz-9ahsin.ealing.irccloud.com) (Quit: )
[00:39:52] *** Joins: dmarcos (sid15240@moz-ektpft.highgate.irccloud.com)
[00:40:40] *** Quits: ytain (ytain@moz-u0rb5h.dsl.teksavvy.com) (Quit: Textual IRC Client: www.textualapp.com)
[00:43:56] *** Quits: brson (brson@moz-qjbkeh.mtv2.mozilla.com) (Quit: leaving)
[00:45:07] *** Joins: Wild_Cat (Max@moz-p74.mqf.175.108.IP)
[01:01:32] *** Quits: DDR (David@moz-m0hr92.vc.shawcable.net) (Connection closed)
[01:01:51] *** Joins: DDR (David@moz-m0hr92.vc.shawcable.net)
[01:04:45] *** Quits: blue_deref (blue_deref@moz-eqnijv.res.rr.com) (Quit: bbn)
[01:12:37] *** Joins: SiegeLord (sl@moz-s8hpnn.ca.comcast.net)
[01:16:15] *** Joins: indefini (indefini@moz-4p4v25.ucom.ne.jp)
[01:28:39] *** Quits: DDR (David@moz-m0hr92.vc.shawcable.net) (Connection closed)
[01:30:26] *** Joins: DDR (David@moz-m0hr92.vc.shawcable.net)
[01:32:05] *** Joins: csherratt (textual@moz-135n4o.cpe.teksavvy.com)
[01:34:07] *** Quits: Kroisse (Kroisse@moz-t75tk5.krois.se) (Quit: Good bye :))
[01:39:15] *** Quits: dmac (dmac@moz-4kcd1c.ca.comcast.net) (Ping timeout: 121 seconds)
[01:54:36] *** Quits: erickt (erickt@moz-4hh.6p3.217.74.IP) (Ping timeout: 121 seconds)
[01:55:09] *** Joins: mrx_ (mrx@moz-6n2.2ko.181.87.IP)
[01:57:30] *** Quits: oahner (oahner@moz-pjeneq.mc.videotron.ca) (Connection closed)
[01:58:07] *** Joins: oahner (oahner@moz-pjeneq.mc.videotron.ca)
[01:58:43] *** Quits: mrx (mrx@moz-d3k.sn4.222.93.IP) (Ping timeout: 121 seconds)
[02:05:09] *** Quits: SHC (quassel@moz-8kb.q16.204.117.IP) (Ping timeout: 121 seconds)
[02:07:29] *** Joins: Kroisse (Kroisse@moz-t75tk5.krois.se)
[02:17:39] *** Quits: DDR (David@moz-m0hr92.vc.shawcable.net) (Connection closed)
[02:20:05] *** Joins: dmac (dmac@moz-2ig65r.ca.comcast.net)
[02:23:43] *** Joins: jensnock_ (jensnockert@moz-pvj.o2f.219.84.IP)
[02:27:58] *** Quits: jensnock_ (jensnockert@moz-pvj.o2f.219.84.IP) (Ping timeout: 121 seconds)
[02:29:39] *** Joins: demilux (demilux@moz-73qa6c.wa.comcast.net)
[02:29:58] *** Joins: zyphrus (David@moz-ba5.pas.98.101.IP)
[02:32:48] *** Joins: DDR (David@moz-m0hr92.vc.shawcable.net)
[02:34:42] *** Quits: DDR (David@moz-m0hr92.vc.shawcable.net) (Connection closed)
[02:43:52] *** Quits: kimundi (kimundi@moz-4gvoif.8lpn.sem7.57bc.2002.IP) (Ping timeout: 121 seconds)
[02:48:54] *** Joins: DDR (David@moz-m0hr92.vc.shawcable.net)
[02:49:57] *** Joins: kimundi (kimundi@moz-opd.h2h.188.87.IP)
[02:54:52] *** Joins: dmac_ (dmac@moz-2ig65r.ca.comcast.net)
[02:57:19] *** Quits: genbattle (genbattle@moz-4v0.gkd.16.182.IP) (Connection closed)
[02:58:03] *** Joins: genbattle (genbattle@moz-4v0.gkd.16.182.IP)
[02:58:16] *** Joins: aatch (james@moz-i1k1ks.tlms.2o1v.e006.2406.IP)
[03:11:41] *** Quits: demilux (demilux@moz-73qa6c.wa.comcast.net) (A TLS packet with unexpected length was received.)
[03:13:05] *** Joins: p1start (p1start@moz-nftjhe.org)
[03:16:41] *** Joins: Kingsquee (kingsquee@moz-k72lip.bchsia.telus.net)
[03:17:45] *** Joins: hjones (hjones@moz-ucebo5.res.rr.com)
[03:23:42] *** Joins: demilux (demilux@moz-73qa6c.wa.comcast.net)
[03:23:57] *** Quits: DDR (David@moz-m0hr92.vc.shawcable.net) (Quit: DDR is not Dance Dance Revolution)
[03:24:03] *** Joins: DDR (David@moz-m0hr92.vc.shawcable.net)
[03:30:42] *** Quits: DDR (David@moz-m0hr92.vc.shawcable.net) (Connection closed)
[03:32:02] *** Quits: dmac (dmac@moz-2ig65r.ca.comcast.net) (Ping timeout: 121 seconds)
[03:32:43] *** Quits: hjones (hjones@moz-ucebo5.res.rr.com) (Quit: leaving)
[03:36:55] *** Quits: demilux (demilux@moz-73qa6c.wa.comcast.net) (A TLS packet with unexpected length was received.)
[03:38:24] *** Joins: dpc (dpc@moz-t6gr4b.ca.comcast.net)
[03:41:14] *** Joins: tinaun_ (tinaun@moz-7l08ds.ct.comcast.net)
[03:41:39] *** Quits: tinaun (tinaun@moz-7l08ds.ct.comcast.net) (Ping timeout: 121 seconds)
[03:42:09] *** Joins: demilux (demilux@moz-73qa6c.wa.comcast.net)
[03:53:30] *** Quits: demilux (demilux@moz-73qa6c.wa.comcast.net) (A TLS packet with unexpected length was received.)
[03:59:19] *** Quits: pcwalton (pcwalton@moz-l8ebtf.sfo1.mozilla.com) (Client exited)
[04:01:10] *** Joins: Jeanne-Kamikaze (Jeanne-Kami@moz-7aimde.ca.comcast.net)
[04:05:26] *** Quits: Wild_Cat (Max@moz-p74.mqf.175.108.IP) (Ping timeout: 121 seconds)
[04:08:06] *** Quits: Db (Db@moz-hma9kp.me) (Connection closed)
[04:08:18] *** Joins: Db (Db@moz-hma9kp.me)
[04:09:44] *** Quits: orangeshark (erik@moz-jrh4d6.44tj.56ot.0306.2602.IP) (Quit: Leaving)
[04:09:57] *** Joins: DDR (David@moz-m0hr92.vc.shawcable.net)
[04:14:32] *** Joins: Feyn (aram@moz-jpl.n4e.115.42.IP)
[04:18:57] *** Joins: demilux (demilux@moz-73qa6c.wa.comcast.net)
[04:20:32] *** Quits: demilux (demilux@moz-73qa6c.wa.comcast.net) (A TLS packet with unexpected length was received.)
[04:24:50] *** Joins: jensnock_ (jensnockert@moz-pvj.o2f.219.84.IP)
[04:27:07] *** Quits: zyphrus (David@moz-ba5.pas.98.101.IP) (Ping timeout: 121 seconds)
[04:28:59] *** Quits: jensnock_ (jensnockert@moz-pvj.o2f.219.84.IP) (Ping timeout: 121 seconds)
[04:38:33] *** Quits: genbattle (genbattle@moz-4v0.gkd.16.182.IP) (Ping timeout: 121 seconds)
[04:42:13] *** Joins: Pierre_M (Pierre_M@moz-l5anv0.slkc.qwest.net)
[04:55:12] *** Joins: Involuntary (Jeanne-Kami@moz-52v2l7.nvidia.com)
[04:58:08] *** Quits: Jeanne-Kamikaze (Jeanne-Kami@moz-7aimde.ca.comcast.net) (Ping timeout: 121 seconds)
[05:01:21] *** Joins: ratboy (ratboy@moz-4e541i.adsl.tnnet.fi)
[05:02:29] *** Quits: aatch (james@moz-i1k1ks.tlms.2o1v.e006.2406.IP) (Quit: Leaving)
[05:11:25] *** Quits: RC9 (RCIX@moz-7omm6s.ph.cox.net) (Connection closed)
[05:11:45] *** Joins: demilux (demilux@moz-73qa6c.wa.comcast.net)
[05:13:47] *** Quits: Pierre_M_ (Pierre_M___@moz-l5anv0.slkc.qwest.net) (Quit: Leaving)
[05:18:29] *** Quits: AngelOfSol (AngelOfSol@moz-9l0nls.fios.verizon.net) (Ping timeout: 121 seconds)
[05:20:42] *** Joins: pcwalton (pcwalton@moz-6kjabm.ca.comcast.net)
[05:21:54] *** Quits: Gamecubic (cubic@moz-bglmk5.mc.videotron.ca) (Quit: Leaving)
[05:23:58] *** Quits: pcwalton (pcwalton@moz-6kjabm.ca.comcast.net) (Client exited)
[05:25:51] *** Quits: p1start (p1start@moz-nftjhe.org) (Ping timeout: 121 seconds)
[05:42:02] *** Quits: O01eg (o01eg@moz-4l9ah8.dbum.qgre.2698.2a02.IP) (Client exited)
[05:43:14] *** Quits: niconii (nicole@moz-tnrd7m.frgo.qwest.net) (Quit: leaving)
[05:45:36] *** Quits: demilux (demilux@moz-73qa6c.wa.comcast.net) (A TLS packet with unexpected length was received.)
[05:49:12] *** Joins: dmac (dmac@moz-2ig65r.ca.comcast.net)
[05:53:18] *** Quits: dmac (dmac@moz-2ig65r.ca.comcast.net) (Ping timeout: 121 seconds)
[06:12:11] *** Joins: aepsil0n (eduard@moz-adiikc.5mue.uq8s.8071.2a02.IP)
[06:17:12] *** Joins: p1start (p1start@moz-nftjhe.org)
[06:22:07] *** Quits: Skyler (Skyler@moz-7ds39s.sd.cox.net) (Client exited)
[06:22:59] *** Joins: dp (dp@moz-jbmop1.gb4f.8ao9.0e35.2a01.IP)
[06:25:38] *** Joins: jensnock_ (jensnockert@moz-pvj.o2f.219.84.IP)
[06:29:50] *** Quits: jensnock_ (jensnockert@moz-pvj.o2f.219.84.IP) (Ping timeout: 121 seconds)
[06:31:08] *** Quits: aepsil0n (eduard@moz-adiikc.5mue.uq8s.8071.2a02.IP) (Connection closed)
[06:33:05] *** Joins: Skyler (Skyler@moz-7ds39s.sd.cox.net)
[06:34:59] *** Quits: rdgawdzi (sid91768@moz-36ps68.ealing.irccloud.com) (Quit: )
[06:35:07] *** Joins: rdgawdzi (sid91768@moz-mt7qcd.highgate.irccloud.com)
[06:38:26] *** Joins: James_ (quassel@moz-t0rko5.range86-163.btcentralplus.com)
[06:40:08] *** Quits: SiegeLord (sl@moz-s8hpnn.ca.comcast.net) (Quit: It's a joke, it's all a joke.)
[06:40:44] *** Joins: squiddy (squiddy@moz-md4.pm3.19.178.IP)
[06:45:36] *** Joins: OmniMancer (OmniMancer@moz-ffb9qp.xtra.co.nz)
[06:48:57] *** Quits: James_ (quassel@moz-t0rko5.range86-163.btcentralplus.com) (Ping timeout: 121 seconds)
[06:49:55] *** Joins: dmac (dmac@moz-2ig65r.ca.comcast.net)
[06:52:06] *** Joins: mindtree_ (Mitch@moz-o2c20t.iprimus.net.au)
[06:52:09] *** Quits: mindtree (Mitch@moz-o1m.qht.138.202.IP) (Ping timeout: 121 seconds)
[06:53:40] *** Quits: dpc (dpc@moz-t6gr4b.ca.comcast.net) (Ping timeout: 121 seconds)
[06:54:01] *** Quits: dmac (dmac@moz-2ig65r.ca.comcast.net) (Ping timeout: 121 seconds)
[06:54:54] *** Joins: genbattle (genbattle@moz-7ed3r9.xtra.co.nz)
[06:55:29] *** Quits: cods (fred@moz-g6qd4k.net) (Ping timeout: 121 seconds)
[07:03:27] *** Joins: zyphrus (David@moz-ba5.pas.98.101.IP)
[07:05:56] *** Quits: indefini (indefini@moz-4p4v25.ucom.ne.jp) (Connection closed)
[07:14:18] *** Quits: synthmeat (synthmeat@moz-kumco2.b585.9mbl.b0c0.2a03.IP) (Quit: The way to get started is to quit talking and begin doing.)
[07:15:51] *** Joins: synthmeat (synthmeat@moz-kumco2.b585.9mbl.b0c0.2a03.IP)
[07:24:45] *** Joins: cods (fred@moz-g6qd4k.net)
[07:25:09] *** Joins: bjz (bjz@moz-0j4.2c9.87.203.IP)
[07:33:25] *** Quits: genbattle (genbattle@moz-7ed3r9.xtra.co.nz) (Ping timeout: 121 seconds)
[07:36:28] *** Joins: genbattle (genbattle@moz-7ed3r9.xtra.co.nz)
[07:36:39] *** Joins: jaen (jaen@moz-ifmik2.copit.pl)
[07:37:24] *** Quits: synthmeat (synthmeat@moz-kumco2.b585.9mbl.b0c0.2a03.IP) (Quit: The way to get started is to quit talking and begin doing.)
[07:41:04] *** Quits: Involuntary (Jeanne-Kami@moz-52v2l7.nvidia.com) (Connection closed)
[07:42:26] *** Joins: synthmeat (synthmeat@moz-kumco2.b585.9mbl.b0c0.2a03.IP)
[07:45:53] *** Quits: bjz (bjz@moz-0j4.2c9.87.203.IP) (Quit: My Mac has gone to sleep. ZZZzzz…)
[07:47:15] *** Quits: csherratt (textual@moz-135n4o.cpe.teksavvy.com) (Quit: My Mac has gone to sleep. ZZZzzz…)
[07:48:37] *** Quits: OmniMancer (OmniMancer@moz-ffb9qp.xtra.co.nz) (Connection closed)
[07:50:39] *** Joins: dmac (dmac@moz-2ig65r.ca.comcast.net)
[07:50:42] *** Joins: indefini (indefini@moz-4p4v25.ucom.ne.jp)
[07:53:48] *** Joins: filsmick (filsmick@moz-92lhf0.abo.wanadoo.fr)
[07:54:45] *** Quits: dmac (dmac@moz-2ig65r.ca.comcast.net) (Ping timeout: 121 seconds)
[08:00:04] *** Joins: OmniMancer (OmniMancer@moz-ffb9qp.xtra.co.nz)
[08:06:56] *** Joins: wipeD (wipeD@moz-roiskj.dynamic.kabel-deutschland.de)
[08:18:48] *** Quits: filsmick (filsmick@moz-92lhf0.abo.wanadoo.fr) (Connection closed)
[08:19:09] *** Joins: filsmick (filsmick@moz-92lhf0.abo.wanadoo.fr)
[08:19:14] *** Quits: filsmick (filsmick@moz-92lhf0.abo.wanadoo.fr) (Connection closed)
[08:19:15] *** Joins: filsmick (filsmick@moz-92lhf0.abo.wanadoo.fr)
[08:21:10] *** Joins: rbrs (Thunderbird@moz-c9d.msq.57.78.IP)
[08:35:25] *** Quits: DDR (David@moz-m0hr92.vc.shawcable.net) (Connection closed)
[08:50:32] *** Joins: DDR (David@moz-m0hr92.vc.shawcable.net)
[08:50:34] *** Joins: DDR_ (David@moz-m0hr92.vc.shawcable.net)
[08:51:25] *** Joins: dmac (dmac@moz-2ig65r.ca.comcast.net)
[08:55:31] *** Quits: dmac (dmac@moz-2ig65r.ca.comcast.net) (Ping timeout: 121 seconds)
[08:56:30] *** Quits: soos (qbm368@moz-heo.sds.101.140.IP) (Ping timeout: 121 seconds)
[08:58:34] *** Joins: soos (qbm368@moz-3r8.401.101.140.IP)
[08:59:45] *** Joins: Lilly (Lilly@moz-pfkvo9.bredband.comhem.se)
[09:20:22] *** Quits: rbrs (Thunderbird@moz-c9d.msq.57.78.IP) (Client exited)
[09:21:50] *** Quits: DDR (David@moz-m0hr92.vc.shawcable.net) (Connection closed)
[09:21:50] *** Quits: DDR_ (David@moz-m0hr92.vc.shawcable.net) (Connection closed)
[09:30:14] *** Joins: eerie (eerie@moz-laq7s0.red.bezeqint.net)
[09:32:20] *** Quits: Kingsquee (kingsquee@moz-k72lip.bchsia.telus.net) (Quit: Leaving)
[09:32:51] *** Quits: Defaultti (Defaultti@moz-bmdn13.kapsi.fi) (Quit: Quitting.)
[09:33:00] *** Joins: qrlpx (smuxi@moz-n7t.3nb.211.95.IP)
[09:33:47] *** Joins: Defaultti (Defaultti@moz-bmdn13.kapsi.fi)
[09:44:51] *** Quits: eerie (eerie@moz-laq7s0.red.bezeqint.net) (Connection closed)
[09:52:09] *** Joins: dmac (dmac@moz-2ig65r.ca.comcast.net)
[09:56:02] *** Joins: dov (anonymous@moz-4v9j72.red.bezeqint.net)
[09:56:15] *** Quits: dmac (dmac@moz-2ig65r.ca.comcast.net) (Ping timeout: 121 seconds)
[09:58:25] *** Joins: aepsil0n (eduard@moz-jccaht.hsi8.kabel-badenwuerttemberg.de)
[10:00:01] *** Quits: dov (anonymous@moz-4v9j72.red.bezeqint.net) (Client exited)
[10:04:06] *** Quits: dmac_ (dmac@moz-2ig65r.ca.comcast.net) (Connection closed)
[10:07:31] *** Joins: summerlight (summerlight@moz-lb3.6do.193.175.IP)
[10:08:28] *** Joins: Plasticcaz (Mibbit@moz-a8dulq.iinet.net.au)
[10:18:23] *** Quits: Plasticcaz (Mibbit@moz-a8dulq.iinet.net.au) (Quit: http://www.mibbit.com ajax IRC Client)
[10:18:33] *** Joins: lenstr (lenstr@moz-4o5.vju.25.171.IP)
[10:19:25] *** Quits: indefini (indefini@moz-4p4v25.ucom.ne.jp) (Connection closed)
[10:27:25] *** Joins: jensnock_ (jensnockert@moz-pvj.o2f.219.84.IP)
[10:30:10] *** Joins: SHC (quassel@moz-d28.ii5.3.61.IP)
[10:31:37] *** Quits: jensnock_ (jensnockert@moz-pvj.o2f.219.84.IP) (Ping timeout: 121 seconds)
[10:31:58] *** Joins: eddyb_ (eddyb@moz-j5m.32b.126.86.IP)
[10:34:59] *** Quits: eddyb (eddyb@moz-hhq.qs4.25.188.IP) (Ping timeout: 121 seconds)
[10:46:31] *** Joins: zyphrus_ (David@moz-ba5.pas.98.101.IP)
[10:48:46] *** Quits: zyphrus (David@moz-ba5.pas.98.101.IP) (Ping timeout: 121 seconds)
[10:52:55] *** Joins: dmac (dmac@moz-2ig65r.ca.comcast.net)
[10:55:22] *** eddyb_ is now known as eddyb
[10:57:01] *** Quits: dmac (dmac@moz-2ig65r.ca.comcast.net) (Ping timeout: 121 seconds)
[11:00:53] *** Quits: jensnockert (jensnockert@moz-0rd3rj.siw.siwnet.net) (Connection closed)
[11:01:56] *** Joins: ytain (ytain@moz-u0rb5h.dsl.teksavvy.com)
[11:02:42] *** Quits: filsmick (filsmick@moz-92lhf0.abo.wanadoo.fr) (Quit: )
[11:05:57] *** Joins: jensnockert (jensnockert@moz-0rd3rj.siw.siwnet.net)
[11:16:43] *** Quits: genbattle (genbattle@moz-7ed3r9.xtra.co.nz) (Ping timeout: 121 seconds)
[11:17:08] *** Quits: bdero (bran@moz-nr0176.b90n.1kaj.018d.2601.IP) (Ping timeout: 121 seconds)
[11:28:28] <neikos> Using PistonWindow is there a way to capture the draw_2d call into a texture?
[11:28:47] <neikos> Actually, either draw_2d or draw_3d
[11:28:49] <neikos> http://docs.piston.rs/piston_window/piston_window/struct.PistonWindow.html#method.draw_2d
[11:31:10] *** Joins: bdero (bran@moz-nr0176.b90n.1kaj.018d.2601.IP)
[11:34:37] *** Joins: Boscop__ (me@moz-3l4i57.vpn.uni-saarland.de)
[11:37:07] *** Quits: Boscop_ (me@moz-kae.ahv.159.180.IP) (Ping timeout: 121 seconds)
[11:42:00] *** Joins: Boscop (me@moz-kae.ahv.159.180.IP)
[11:45:07] *** Quits: Boscop__ (me@moz-3l4i57.vpn.uni-saarland.de) (Ping timeout: 121 seconds)
[11:45:54] *** Quits: ytain (ytain@moz-u0rb5h.dsl.teksavvy.com) (Quit: Textual IRC Client: www.textualapp.com)
[11:51:03] *** Joins: eerie (eerie@moz-d7ss58.red.bezeqint.net)
[11:53:39] *** Joins: dmac (dmac@moz-2ig65r.ca.comcast.net)
[11:56:36] *** Quits: aepsil0n (eduard@moz-jccaht.hsi8.kabel-badenwuerttemberg.de) (Connection closed)
[11:57:45] *** Quits: dmac (dmac@moz-2ig65r.ca.comcast.net) (Ping timeout: 121 seconds)
[11:59:34] *** Quits: zyphrus_ (David@moz-ba5.pas.98.101.IP) (Ping timeout: 121 seconds)
[12:11:37] *** Quits: tomaka (Pierre@moz-dsp4h5.abo.wanadoo.fr) (Ping timeout: 121 seconds)
[12:20:26] *** Joins: Wild_Cat (Max@moz-p74.mqf.175.108.IP)
[12:22:27] *** Joins: niconii (nicole@moz-tnrd7m.frgo.qwest.net)
[12:24:04] *** Joins: filsmick (filsmick@moz-92lhf0.abo.wanadoo.fr)
[12:28:34] *** Quits: mindtree_ (Mitch@moz-o2c20t.iprimus.net.au) (Ping timeout: 121 seconds)
[12:28:36] *** Joins: jensnock_ (jensnockert@moz-pvj.o2f.219.84.IP)
[12:29:26] *** Joins: tomaka (Pierre@moz-dsp4h5.abo.wanadoo.fr)
[12:31:40] *** Joins: meh (meh@moz-44u.rrt.42.151.IP)
[12:32:39] *** Quits: jensnock_ (jensnockert@moz-pvj.o2f.219.84.IP) (Ping timeout: 121 seconds)
[12:35:37] *** Quits: Fenhl (sid30770@moz-oh0hem.charlton.irccloud.com) (Quit: )
[12:35:40] *** Joins: Fenhl (sid30770@moz-mp3mp7.ealing.irccloud.com)
[12:36:07] *** Quits: filsmick (filsmick@moz-92lhf0.abo.wanadoo.fr) (Quit: )
[12:38:33] *** Joins: bjz (bjz@moz-65q0ko.tpgi.com.au)
[12:40:58] *** Quits: lenstr (lenstr@moz-4o5.vju.25.171.IP) (A TLS packet with unexpected length was received.)
[12:41:31] *** Joins: dlight (dlight@moz-4vl.k6k.135.177.IP)
[12:43:22] *** Joins: lenstr (lenstr@moz-4o5.vju.25.171.IP)
[12:43:40] *** Joins: filsmick (filsmick@moz-92lhf0.abo.wanadoo.fr)
[12:45:47] *** Quits: bjz (bjz@moz-65q0ko.tpgi.com.au) (Quit: My Mac has gone to sleep. ZZZzzz…)
[12:51:13] *** Joins: indefini (chris@moz-ji7n6m.ocn.ne.jp)
[12:52:06] *** Quits: Wild_Cat (Max@moz-p74.mqf.175.108.IP) (Connection closed)
[12:54:25] *** Joins: dmac (dmac@moz-2ig65r.ca.comcast.net)
[12:57:20] *** Quits: ratboy (ratboy@moz-4e541i.adsl.tnnet.fi) (Quit: (null))
[12:58:31] *** Quits: dmac (dmac@moz-2ig65r.ca.comcast.net) (Ping timeout: 121 seconds)
[13:00:22] *** Quits: p1start (p1start@moz-nftjhe.org) (Ping timeout: 121 seconds)
[13:02:05] *** Quits: lenstr (lenstr@moz-4o5.vju.25.171.IP) (A TLS packet with unexpected length was received.)
[13:02:31] *** Quits: wipeD (wipeD@moz-roiskj.dynamic.kabel-deutschland.de) (Connection closed)
[13:03:42] *** Quits: eerie (eerie@moz-d7ss58.red.bezeqint.net) (Connection closed)
[13:04:36] *** Joins: Gyro (gyro@moz-38c.96l.252.66.IP)
[13:11:33] *** Joins: eerie (eerie@moz-d7ss58.red.bezeqint.net)
[13:20:20] *** Joins: c0a8 (joel@moz-6ampnk.gtri.gatech.edu)
[13:21:03] *** Quits: eerie (eerie@moz-d7ss58.red.bezeqint.net) (Connection closed)
[13:29:38] *** Joins: Gamecubic (cubic@moz-bglmk5.mc.videotron.ca)
[13:32:10] *** Quits: mark_edward (mark@moz-dg4mrp.in.comcast.net) (Ping timeout: 121 seconds)
[13:37:37] *** Joins: eerie (eerie@moz-laq7s0.red.bezeqint.net)
[13:41:45] *** Quits: eerie (eerie@moz-laq7s0.red.bezeqint.net) (Ping timeout: 121 seconds)
[13:44:11] *** Joins: mindtree (Mitch@moz-i8sklv.iprimus.net.au)
[13:45:44] *** Quits: filsmick (filsmick@moz-92lhf0.abo.wanadoo.fr) (Connection closed)
[13:46:05] *** Joins: filsmick (filsmick@moz-92lhf0.abo.wanadoo.fr)
[13:49:15] *** Quits: matp (matp@moz-rvt9hl.matp.at) (Connection closed)
[13:55:11] *** Joins: dmac (dmac@moz-2ig65r.ca.comcast.net)
[13:56:09] *** Quits: Feyn (aram@moz-jpl.n4e.115.42.IP) (Ping timeout: 121 seconds)
[13:59:17] *** Quits: dmac (dmac@moz-2ig65r.ca.comcast.net) (Ping timeout: 121 seconds)
[14:00:17] *** Quits: filsmick (filsmick@moz-92lhf0.abo.wanadoo.fr) (Connection closed)
[14:00:18] *** Joins: filsmick (filsmick@moz-92lhf0.abo.wanadoo.fr)
[14:04:03] *** Joins: lenstr (lenstr@moz-4o5.vju.25.171.IP)
[14:05:34] *** Joins: aepsil0n (eduard@moz-adiikc.5mue.uq8s.8071.2a02.IP)
[14:19:01] *** Quits: qrlpx (smuxi@moz-n7t.3nb.211.95.IP) (Ping timeout: 121 seconds)
[14:23:07] *** Quits: Lilly (Lilly@moz-pfkvo9.bredband.comhem.se) (Quit: bajs)
[14:23:27] *** Joins: Boscop_ (me@moz-njdg8i.vpn.uni-saarland.de)
[14:24:00] *** Joins: qrlpx (smuxi@moz-30cotb.dip0.t-ipconnect.de)
[14:26:22] *** Quits: Boscop (me@moz-kae.ahv.159.180.IP) (Ping timeout: 121 seconds)
[14:29:14] *** Joins: jensnock_ (jensnockert@moz-pvj.o2f.219.84.IP)
[14:30:12] *** Quits: soos (qbm368@moz-3r8.401.101.140.IP) (Quit: leaving)
[14:33:29] *** Quits: jensnock_ (jensnockert@moz-pvj.o2f.219.84.IP) (Ping timeout: 121 seconds)
[14:38:21] *** Joins: eerie (eerie@moz-laq7s0.red.bezeqint.net)
[14:40:29] *** ChanServ sets mode: +o Elaine
[14:41:26] *** ChanServ sets mode: -b WindowsBunny!*@*
[14:41:42] *** Joins: WindowsBunny (Peter@moz-vlal7g.east.verizon.net)
[14:42:04] <WindowsBunny> Elaine: Sorry if my hounding of you was bothersome in any way
[14:42:10] <Elaine> WindowsBunny: I was away for a few days
[14:42:34] *** Quits: eerie (eerie@moz-laq7s0.red.bezeqint.net) (Ping timeout: 121 seconds)
[14:51:10] *** Quits: filsmick (filsmick@moz-92lhf0.abo.wanadoo.fr) (Quit: )
[14:55:54] *** Joins: dmac (dmac@moz-2ig65r.ca.comcast.net)
[14:59:47] *** Quits: summerlight (summerlight@moz-lb3.6do.193.175.IP) (Connection closed)
[15:01:26] *** Quits: jensnockert (jensnockert@moz-0rd3rj.siw.siwnet.net) (Connection closed)
[15:04:12] *** Quits: dmac (dmac@moz-2ig65r.ca.comcast.net) (Ping timeout: 121 seconds)
[15:04:21] *** Quits: lenstr (lenstr@moz-4o5.vju.25.171.IP) (A TLS packet with unexpected length was received.)
[15:05:41] *** Joins: rbrs (Thunderbird@moz-c9d.msq.57.78.IP)
[15:13:30] *** Joins: blue_deref (blue_deref@moz-eqnijv.res.rr.com)
[15:14:54] *** Joins: Wild_Cat (Max@moz-p74.mqf.175.108.IP)
[15:20:30] *** Joins: lenstr (lenstr@moz-4o5.vju.25.171.IP)
[15:21:55] *** Joins: SiegeLord (sl@moz-s8hpnn.ca.comcast.net)
[15:23:34] *** Quits: Pierre_M (Pierre_M@moz-l5anv0.slkc.qwest.net) (Quit: Leaving)
[15:27:07] *** Joins: summerlight (summerlight@moz-lb3.6do.193.175.IP)
[15:32:49] *** Joins: eerie (eerie@moz-laq7s0.red.bezeqint.net)
[15:33:24] *** Quits: SiegeLord (sl@moz-s8hpnn.ca.comcast.net) (Quit: It's a joke, it's all a joke.)
[15:36:51] *** Quits: eerie (eerie@moz-laq7s0.red.bezeqint.net) (Ping timeout: 121 seconds)
[15:41:39] *** Joins: CactusCommander (fiveside@moz-t2eatg.vsp.com)
[15:46:31] *** Quits: SHC (quassel@moz-d28.ii5.3.61.IP) (Ping timeout: 121 seconds)
[15:46:58] *** Joins: SHC (quassel@moz-mbf.a6c.3.61.IP)
[15:49:31] *** Joins: pcwalton (pcwalton@moz-6kjabm.ca.comcast.net)
[15:51:34] *** Quits: Jesin (Jesin@moz-sak2gd.cc.lehigh.edu) (Quit: Leaving)
[15:53:06] *** Quits: lenstr (lenstr@moz-4o5.vju.25.171.IP) (Quit: Leaving...)
[15:54:25] *** Quits: pcwalton (pcwalton@moz-6kjabm.ca.comcast.net) (Client exited)
[15:55:20] *** Joins: erickt (erickt@moz-4hh.6p3.217.74.IP)
[15:56:41] *** Joins: dmac (dmac@moz-2ig65r.ca.comcast.net)
[16:00:46] *** Quits: dmac (dmac@moz-2ig65r.ca.comcast.net) (Ping timeout: 121 seconds)
[16:02:50] *** Joins: Gabriel_7 (Gabriel@moz-0e13rm.mtgr.92aj.0e35.2a01.IP)
[16:06:05] *** Joins: dmac (dmac@moz-2ig65r.ca.comcast.net)
[16:10:13] *** Joins: lenstr (lenstr@moz-4o5.vju.25.171.IP)
[16:11:02] *** Quits: dmac (dmac@moz-2ig65r.ca.comcast.net) (Ping timeout: 121 seconds)
[16:12:15] *** Quits: meh (meh@moz-44u.rrt.42.151.IP) (Quit: I don't want to live on this planet anymore.)
[16:16:42] *** Joins: demilux (demilux@moz-fk1.kt4.14.64.IP)
[16:17:55] *** Quits: mindtree (Mitch@moz-i8sklv.iprimus.net.au) (Ping timeout: 121 seconds)
[16:19:20] *** Joins: Jesin (Jesin@moz-sak2gd.cc.lehigh.edu)
[16:24:56] *** Joins: pcwalton (pcwalton@moz-nh2.o1i.216.216.IP)
[16:30:06] *** Joins: jensnockert (jensnockert@moz-pvj.o2f.219.84.IP)
[16:32:20] *** Joins: Boscop (me@moz-njdg8i.vpn.uni-saarland.de)
[16:33:08] *** Quits: lenstr (lenstr@moz-4o5.vju.25.171.IP) (Quit: Leaving...)
[16:33:33] *** Joins: eerie (eerie@moz-laq7s0.red.bezeqint.net)
[16:34:02] *** Quits: Boscop_ (me@moz-njdg8i.vpn.uni-saarland.de) (Ping timeout: 121 seconds)
[16:34:22] *** Quits: jensnockert (jensnockert@moz-pvj.o2f.219.84.IP) (Ping timeout: 121 seconds)
[16:37:03] *** Quits: Boscop (me@moz-njdg8i.vpn.uni-saarland.de) (Ping timeout: 121 seconds)
[16:37:41] *** Quits: eerie (eerie@moz-laq7s0.red.bezeqint.net) (Ping timeout: 121 seconds)
[16:38:13] *** Joins: Boscop (me@moz-njdg8i.vpn.uni-saarland.de)
[16:41:15] *** Quits: pcwalton (pcwalton@moz-nh2.o1i.216.216.IP) (Client exited)
[16:43:04] *** Joins: dmac (dmac@moz-4kcd1c.ca.comcast.net)
[16:45:31] *** Quits: lu324 (lu324___@moz-gogein.dhcp.embarqhsd.net) (A TLS packet with unexpected length was received.)
[16:47:28] *** Quits: tomaka (Pierre@moz-dsp4h5.abo.wanadoo.fr) (Ping timeout: 121 seconds)
[16:47:33] *** Joins: ytain (ytain@moz-u0rb5h.dsl.teksavvy.com)
[16:51:02] *** Joins: meh (meh@moz-qcq.1lf.174.213.IP)
[16:53:19] *** Joins: Jackneill (Jackneill@moz-vjm.221.131.78.IP)
[16:56:11] *** Joins: dpc_ (dpc_@moz-52v2l7.nvidia.com)
[16:57:52] *** Joins: eljay (eljay@moz-fmte10.skybroadband.com)
[17:00:02] *** Joins: Boscop_ (me@moz-kae.ahv.159.180.IP)
[17:02:56] *** Quits: Wild_Cat (Max@moz-p74.mqf.175.108.IP) (Connection closed)
[17:03:05] *** Quits: Boscop (me@moz-njdg8i.vpn.uni-saarland.de) (Ping timeout: 121 seconds)
[17:04:58] *** Joins: lenstr (lenstr@moz-la1.vju.25.171.IP)
[17:05:00] *** Joins: tomaka (Pierre@moz-dsp4h5.abo.wanadoo.fr)
[17:05:05] *** Quits: lenstr (lenstr@moz-la1.vju.25.171.IP) (Quit: Leaving...)
[17:08:36] *** Joins: lenstr (lenstr@moz-la1.vju.25.171.IP)
[17:10:06] *** Joins: Boscop__ (me@moz-p539lg.vpn.uni-saarland.de)
[17:10:36] *** Joins: demilux_ (demilux@moz-fk1.kt4.14.64.IP)
[17:10:55] *** Quits: demilux (demilux@moz-fk1.kt4.14.64.IP) (Connection closed)
[17:13:35] *** Quits: Boscop_ (me@moz-kae.ahv.159.180.IP) (Ping timeout: 121 seconds)
[17:15:18] *** Joins: Boscop (me@moz-kae.ahv.159.180.IP)
[17:15:27] *** Quits: Boscop__ (me@moz-p539lg.vpn.uni-saarland.de) (Connection closed)
[17:16:05] *** Quits: summerlight (summerlight@moz-lb3.6do.193.175.IP) (Ping timeout: 121 seconds)
[17:24:03] *** Quits: qrlpx (smuxi@moz-30cotb.dip0.t-ipconnect.de) (Ping timeout: 121 seconds)
[17:25:11] *** Quits: Jesin (Jesin@moz-sak2gd.cc.lehigh.edu) (Quit: Leaving)
[17:26:49] *** Quits: Murarth (Murarth@moz-4t8fs2.phnx.qwest.net) (Client exited)
[17:27:33] *** Joins: eerie (eerie@moz-laq7s0.red.bezeqint.net)
[17:29:03] *** Joins: qrlpx (smuxi@moz-n7t.3nb.211.95.IP)
[17:29:15] *** Quits: squiddy (squiddy@moz-md4.pm3.19.178.IP) (Quit: Leaving)
[17:29:36] *** Joins: Murarth (Murarth@moz-4t8fs2.phnx.qwest.net)
[17:31:46] *** Quits: eerie (eerie@moz-laq7s0.red.bezeqint.net) (Ping timeout: 121 seconds)
[17:31:46] *** Quits: meh (meh@moz-qcq.1lf.174.213.IP) (Ping timeout: 121 seconds)
[17:31:58] *** Quits: aepsil0n (eduard@moz-adiikc.5mue.uq8s.8071.2a02.IP) (Connection closed)
[17:40:27] *** Joins: geb019 (geb019@moz-fhohco.cpe.pppoe.ca)
[17:44:46] *** Joins: Jesin (Jesin@moz-qsnlth.eecs.lehigh.edu)
[17:45:33] *** Quits: rbrs (Thunderbird@moz-c9d.msq.57.78.IP) (Client exited)
[17:50:53] *** Joins: meh (meh@moz-h1niqh.retail.telecomitalia.it)
[17:52:41] *** Joins: stratact (stratact@moz-qfd2t8.oc.cox.net)
[17:53:22] <stratact> for a GlutinWindow, what's the difference between .max_fps() and .ups()?
[17:53:43] *** Joins: untitaker (untitaker@moz-a55phn.highway.telekom.at)
[17:54:10] *** Joins: matp (matp@moz-rvt9hl.matp.at)
[17:54:16] *** Quits: SHC (quassel@moz-mbf.a6c.3.61.IP) (A TLS packet with unexpected length was received.)
[17:54:50] *** Quits: matp (matp@moz-rvt9hl.matp.at) (Connection closed)
[17:55:12] *** Joins: matp (matp@moz-rvt9hl.matp.at)
[18:03:58] *** Joins: avikpal (avikpal@moz-boe.ti7.194.117.IP)
[18:04:12] *** Quits: Gabriel_7 (Gabriel@moz-0e13rm.mtgr.92aj.0e35.2a01.IP) (Connection closed)
[18:06:34] *** Quits: Jesin (Jesin@moz-qsnlth.eecs.lehigh.edu) (Quit: Leaving)
[18:07:41] *** Joins: jensnockert (jensnockert@moz-pvj.o2f.219.84.IP)
[18:07:54] *** Joins: bvssvni (sven@moz-it1l50.bb.online.no)
[18:08:17] *** Joins: dp_ (dp@moz-jbmop1.gb4f.8ao9.0e35.2a01.IP)
[18:10:53] *** Quits: dp (dp@moz-jbmop1.gb4f.8ao9.0e35.2a01.IP) (Ping timeout: 121 seconds)
[18:11:22] *** Joins: Jesin (Jesin@moz-sak2gd.cc.lehigh.edu)
[18:13:42] *** Joins: pcwalton (pcwalton@moz-l8ebtf.sfo1.mozilla.com)
[18:20:15] *** Joins: O01eg (o01eg@moz-pjre41.0gj3.3egh.2698.2a02.IP)
[18:21:04] *** Quits: avikpal (avikpal@moz-boe.ti7.194.117.IP) (Connection closed)
[18:23:27] *** Joins: brson (brson@moz-l8ebtf.sfo1.mozilla.com)
[18:28:27] *** Joins: eerie (eerie@moz-laq7s0.red.bezeqint.net)
[18:31:04] *** Joins: jensnock_ (jensnockert@moz-pvj.o2f.219.84.IP)
[18:32:29] *** Quits: eerie (eerie@moz-laq7s0.red.bezeqint.net) (Ping timeout: 121 seconds)
[18:33:10] *** Joins: futile (felix@moz-vs4i0v.pools.vodafone-ip.de)
[18:35:16] *** Joins: dp (dp@moz-mh3eii.gb4f.8ao9.0e35.2a01.IP)
[18:35:24] *** Quits: jensnock_ (jensnockert@moz-pvj.o2f.219.84.IP) (Ping timeout: 121 seconds)
[18:36:07] *** Joins: avikpal (avikpal@moz-boe.ti7.194.117.IP)
[18:37:54] *** Quits: dp_ (dp@moz-jbmop1.gb4f.8ao9.0e35.2a01.IP) (Ping timeout: 121 seconds)
[18:39:25] *** Joins: lu324 (lu324___@moz-gogein.dhcp.embarqhsd.net)
[18:41:41] *** Joins: kecolus (kecolus@moz-i7cb3r.fios.verizon.net)
[18:43:26] *** Quits: OmniMancer (OmniMancer@moz-ffb9qp.xtra.co.nz) (Quit: Leaving.)
[18:44:38] *** Quits: dlight (dlight@moz-4vl.k6k.135.177.IP) (Ping timeout: 121 seconds)
[18:53:54] *** Quits: dp (dp@moz-mh3eii.gb4f.8ao9.0e35.2a01.IP) (Ping timeout: 121 seconds)
[18:54:45] *** Quits: brson (brson@moz-l8ebtf.sfo1.mozilla.com) (Connection closed)
[18:57:57] *** Joins: dlight (dlight@moz-6c0.304.135.177.IP)
[18:58:39] *** Joins: dp (dp@moz-mh3eii.gb4f.8ao9.0e35.2a01.IP)
[19:01:01] *** Quits: ytain (ytain@moz-u0rb5h.dsl.teksavvy.com) (Quit: Textual IRC Client: www.textualapp.com)
[19:05:23] *** Quits: erickt (erickt@moz-4hh.6p3.217.74.IP) (Ping timeout: 121 seconds)
[19:18:23] *** Quits: meh (meh@moz-h1niqh.retail.telecomitalia.it) (Ping timeout: 121 seconds)
[19:22:27] *** Joins: eerie (eerie@moz-laq7s0.red.bezeqint.net)
[19:26:29] *** Quits: eerie (eerie@moz-laq7s0.red.bezeqint.net) (Ping timeout: 121 seconds)
[19:27:09] *** Quits: Jesin (Jesin@moz-sak2gd.cc.lehigh.edu) (Quit: Leaving)
[19:37:41] *** Joins: meh (meh@moz-qcq.1lf.174.213.IP)
[19:39:29] *** Joins: Boscop_ (me@moz-kae.ahv.159.180.IP)
[19:42:37] *** Quits: kecolus (kecolus@moz-i7cb3r.fios.verizon.net) (Quit: Leaving)
[19:42:46] *** Quits: Boscop (me@moz-kae.ahv.159.180.IP) (Ping timeout: 121 seconds)
[19:47:22] *** Joins: LinuxBunny (Retep998@moz-vlal7g.east.verizon.net)
[19:48:10] *** Quits: bdero (bran@moz-nr0176.b90n.1kaj.018d.2601.IP) (Ping timeout: 121 seconds)
[19:51:45] *** Joins: bdero (bran@moz-nr0176.b90n.1kaj.018d.2601.IP)
[19:53:05] *** Quits: avikpal (avikpal@moz-boe.ti7.194.117.IP) (Connection closed)
[19:53:41] *** Joins: filsmick (filsmick@moz-92lhf0.abo.wanadoo.fr)
[19:56:28] *** Joins: Cifram_ (Cifram@moz-l63.9pu.126.76.IP)
[19:57:14] *** Quits: LinuxBunny (Retep998@moz-vlal7g.east.verizon.net) (Ping timeout: 121 seconds)
[19:58:27] *** Joins: jwilm__ (jwilm@moz-1rin99.hfc.comcastbusiness.net)
[19:59:25] *** Quits: Cifram (Cifram@moz-l63.9pu.126.76.IP) (Ping timeout: 121 seconds)
[19:59:30] *** Quits: jwilm_ (jwilm@moz-1rin99.hfc.comcastbusiness.net) (Ping timeout: 121 seconds)
[19:59:33] *** Joins: Pierre_M (Pierre_M@moz-l5anv0.slkc.qwest.net)
[20:00:17] *** Quits: dmac (dmac@moz-4kcd1c.ca.comcast.net) (Ping timeout: 121 seconds)
[20:03:07] <stratact> anyone alive here?
[20:04:39] <tomaka> yeah :o
[20:04:54] <qrlpx> can confirm, am alive
[20:05:06] <qrlpx> at least to my knowledge
[20:05:47] <qrlpx> what GlutinWindow are you talking about? can't find either method
[20:06:52] *** Joins: eerie (eerie@moz-laq7s0.red.bezeqint.net)
[20:10:23] <qrlpx> oh you mean these? http://docs.piston.rs/piston_window/event_loop/trait.EventLoop.html#method.max_fps
[20:10:47] <qrlpx> well, one seems to be the minimum, the other the maximum
[20:11:58] <stratact> so, .ups() means the minimal?
[20:12:31] <qrlpx> no wait. not the minimum
[20:13:08] <qrlpx> the aspired number of updates
[20:13:42] <qrlpx> I dunno if piston differentiates between "updates per second" and "frames per second"
[20:16:34] <qrlpx> if you set `ups` to 120 but `max_fps` to 60, it'll try to run the update-loop 120 times per second, but rendering will only happen 60-times. i'd say. 
[20:17:58] <stratact> so it sounds like `ups` should equal to the amount of `max_fps` anyway
[20:18:57] *** Joins: summerlight (summerlight@moz-lb3.6do.193.175.IP)
[20:20:16] *** Quits: mrx_ (mrx@moz-6n2.2ko.181.87.IP) (Connection closed)
[20:22:07] <stratact> also, just fyi, I'm just working with conrod, so I don't know if I need the high amount of `max_fps` for a regular gui client.
[20:22:18] <stratact> brb
[20:23:09] <futile> stratact: http://gameprogrammingpatterns.com/game-loop.html
[20:23:19] <futile> thats a very nice overview over game loops
[20:23:28] <futile> should also clear up updates/s vs. fps
[20:27:32] *** Joins: dmac (dmac@moz-4kcd1c.ca.comcast.net)
[20:32:05] *** Joins: jensnock_ (jensnockert@moz-pvj.o2f.219.84.IP)
[20:32:34] <qrlpx> different topic: could it be that pistons window-crates are entirely incompatible with glium and gfx-rs? 
[20:32:37] <qrlpx> pistoncore-glutin_window wants glutin::Window by value (https://github.com/PistonDevelopers/glutin_window/blob/master/src/lib.rs#L33), but so does glium (https://github.com/tomaka/glium/blob/master/src/backend/glutin_backend.rs#L207)
[20:32:45] <qrlpx> same goes for gfx_window_glutin (https://github.com/gfx-rs/gfx/blob/master/src/window/glutin/src/lib.rs#L26)
[20:36:15] *** Quits: jensnock_ (jensnockert@moz-pvj.o2f.219.84.IP) (Ping timeout: 121 seconds)
[20:40:32] *** Quits: Gyro (gyro@moz-38c.96l.252.66.IP) (Ping timeout: 121 seconds)
[20:46:51] *** Quits: meh (meh@moz-qcq.1lf.174.213.IP) (Ping timeout: 121 seconds)
[20:47:03] *** Joins: RossJH (textual@moz-g1795n.range86-165.btcentralplus.com)
[20:50:39] *** Joins: esclear_ (esclear@moz-76n34r.dip0.t-ipconnect.de)
[20:51:20] *** Joins: Gabriel_7 (Gabriel@moz-0e13rm.mtgr.92aj.0e35.2a01.IP)
[20:52:15] <qrlpx> yea seems like it. piston2d-glium_graphics is using glue-code: https://github.com/PistonDevelopers/glium_graphics/blob/master/src/window.rs
[20:52:15] <qrlpx> and for piston2d-gfx_graphics there are no working examples
[20:53:02] *** Quits: eerie (eerie@moz-laq7s0.red.bezeqint.net) (Connection closed)
[20:53:57] <tomaka> qrlpx: yeah glium can be used with any backend that implement the Backend trait
[20:54:02] *** Quits: lenstr (lenstr@moz-la1.vju.25.171.IP) (Quit: Leaving...)
[20:54:06] <tomaka> and glutin is optional
[20:54:10] *** Quits: bvssvni (sven@moz-it1l50.bb.online.no) (Client exited)
[20:56:30] *** Joins: erickt (erickt@moz-4hh.6p3.217.74.IP)
[20:56:57] *** Quits: esclear_ (esclear@moz-76n34r.dip0.t-ipconnect.de) (Quit: Nope: 1.2)
[20:57:38] <qrlpx> tomaka: yea, for glium writing the glue-code seems quite painless. gfx-rs, not so much
[20:57:45] <qrlpx> my issue now is: 
[20:58:02] <futile> does ncollide only care about the current bounding volume, or does it extend the old bounding volume towards the new one to detect collisions?
[20:58:03] *** Joins: lenstr (lenstr@moz-la1.vju.25.171.IP)
[20:58:07] <futile> anybody knows?
[20:58:20] <qrlpx> how do you use conrod and glium/gfx at the same time?
[20:58:49] <futile> basically, does it catch objects moving through e.g. a wall, if you simply change the bounding volume
[20:58:50] <qrlpx> currently, it seems like I have to do my 3d-rendering through piston2d-glium_graphics or piston2d-gfx_graphics, because that's were the glue-code is...
[20:58:51] <qrlpx> what.
[20:59:44] <qrlpx> (conrod depends on piston2d-graphics)
[21:00:48] <tomaka> qrlpx: I think you can use glium and glium_graphics at the same time
[21:00:52] <tomaka> same for gfx
[21:01:08] <tomaka> you can use them at the same time with the same context
[21:01:51] *** Quits: summerlight (summerlight@moz-lb3.6do.193.175.IP) (Ping timeout: 121 seconds)
[21:04:42] <tomaka> yeah GliumWindow implements the Facade trait
[21:04:57] <tomaka> so you can call `VertexBuffer::new(&glium_window, data)` for example
[21:05:42] <qrlpx> tomaka: yea you're right, it works
[21:06:30] <qrlpx> I think what riled me up was that creation must happen through piston2d-glium_graphics
[21:07:07] <tomaka> it would be better if it implemented Deref
[21:07:13] * tomaka opens an issue
[21:08:06] *** Quits: lenstr (lenstr@moz-la1.vju.25.171.IP) (Quit: Leaving...)
[21:08:07] <qrlpx> now, for rendering 3d stuff, I have to depend on a crate which has "2d" in it ~_~ that's what irritated me
[21:13:20] *** Joins: meh (meh@moz-44u.rrt.42.151.IP)
[21:17:11] *** Quits: Jackneill (Jackneill@moz-vjm.221.131.78.IP) (Ping timeout: 121 seconds)
[21:17:14] *** Quits: dp (dp@moz-mh3eii.gb4f.8ao9.0e35.2a01.IP) (Quit: Leaving)
[21:17:30] *** Quits: filsmick (filsmick@moz-92lhf0.abo.wanadoo.fr) (Quit: )
[21:20:00] *** Joins: zyphrus (David@moz-ba5.pas.98.101.IP)
[21:29:01] <qrlpx> yea ok. glium seems to be compatible with both piston-window and piston2d-graphics. albeit, like i said its bothersome that it requires the glium-context to be created in piston2d-glium_graphics
[21:31:34] <qrlpx> gfx-rs on the other hand is currently incompatible with the pistoncore-*_window crates
[21:34:06] <qrlpx>  * "glium seem to be compatible with the pistoncore-*_window crates" I mean. hell, what a waste of time. gonna take a break for now.
[21:36:04] *** Quits: RossJH (textual@moz-g1795n.range86-165.btcentralplus.com) (Connection closed)
[21:47:09] *** Joins: Rusky (russell@moz-8gi38o.slkc.qwest.net)
[21:55:27] *** Quits: saml (saml@moz-0pt9vd.cst.lightpath.net) (Quit: Leaving)
[21:57:58] *** Joins: IAmRasputin (rmg@moz-i2s.lfh.153.104.IP)
[22:00:27] *** Parts: Rusky (russell@moz-8gi38o.slkc.qwest.net) ()
[22:00:30] *** Joins: lenstr (lenstr@moz-la1.vju.25.171.IP)
[22:01:05] *** Joins: Kingsquee (kingsley@moz-k72lip.bchsia.telus.net)
[22:03:33] *** Quits: erickt (erickt@moz-4hh.6p3.217.74.IP) (Ping timeout: 121 seconds)
[22:04:17] *** Quits: IAmRasputin (rmg@moz-i2s.lfh.153.104.IP) (Quit: WeeChat 1.1.1)
[22:07:30] *** Joins: mindtree (Mitch@moz-i8sklv.iprimus.net.au)
[22:09:31] *** Joins: esclear (esclear@moz-p8n73f.esclear.de)
[22:13:43] *** Joins: Rusky (russell@moz-8gi38o.slkc.qwest.net)
[22:14:18] *** Parts: Rusky (russell@moz-8gi38o.slkc.qwest.net) ()
[22:19:09] *** Quits: zyphrus (David@moz-ba5.pas.98.101.IP) (Ping timeout: 121 seconds)
[22:23:55] *** Quits: raignarok (raignarok@moz-rqcgi7.dip0.t-ipconnect.de) (Ping timeout: 121 seconds)
[22:24:55] *** Joins: raignarok (raignarok@moz-be3kim.dip0.t-ipconnect.de)
[22:28:54] *** Joins: RC9 (RCIX@moz-3e6.dfa.8.198.IP)
[22:29:00] *** Quits: mindtree (Mitch@moz-i8sklv.iprimus.net.au) (Ping timeout: 121 seconds)
[22:29:19] *** Quits: c0a8 (joel@moz-6ampnk.gtri.gatech.edu) (Ping timeout: 121 seconds)
[22:32:12] *** Joins: mindtree (Mitch@moz-1gi5pm.iprimus.net.au)
[22:33:09] *** Joins: jensnock_ (jensnockert@moz-pvj.o2f.219.84.IP)
[22:33:29] <fkaa> OneSadCookie: can't find byteswapping in nom or any rust libs :(
[22:33:38] <Elaine> byteorder
[22:33:49] <fkaa> not sure how well it plays with nom
[22:34:10] <fkaa> not even sure if i should continue with it, been running into some issues which i think are parser related
[22:34:15] <fkaa> hmm hmm
[22:35:57] *** Joins: felixr (manjaro-kde@moz-mkgseu.dynamic.mnet-online.de)
[22:37:18] *** Quits: jensnock_ (jensnockert@moz-pvj.o2f.219.84.IP) (Ping timeout: 121 seconds)
[22:46:26] <stratact> futile: ah, thanks for the link, that was a really interesting read. It was quite a broad overview for me, since I'm learning this stuff for the first time. So ups is for the updating data processing, while the max fps is what it does to render the current data on the screen?
[22:47:40] <futile> stratact: yup
[22:48:36] <futile> choosing both at 60 is probably ok, especially for something mainly conrod
[22:48:40] <stratact> and the piston window types have the mechanisms that were explained in the link, built in while being configurable via builder methods
[22:48:54] <stratact> gotcha, it makes sense
[22:48:56] <futile> I haven't used piston too much, but thats what the names suggest to me, yeah
[22:49:10] <futile> but knowing about what you're doing is always useful
[22:49:24] <stratact> it's enlightening
[22:50:43] *** Joins: erickt (erickt@moz-4hh.6p3.217.74.IP)
[22:53:23] <stratact> and not just knowing what I'm doing, but being able to understand what all the different variables are used for, as well,
[22:55:21] *** Quits: eljay (eljay@moz-fmte10.skybroadband.com) (Quit: Leaving)
[22:56:58] <stratact> futile: do you got some other stuff I might need to learn about?
[22:58:10] <futile> mhhm, that webpage has a lot of other typical game programming "patterns"
[22:58:16] <futile> it really depends on what you want to do/learn
[22:58:26] *** Joins: p1start (p1start@moz-nftjhe.org)
[22:58:50] <stratact> okay, I'll explore the site
[22:59:48] <futile> apart from that, sometimes there are interesting tutorials/blog posts in r/gamedev on reddit
[23:05:28] <stratact> always up for some good tutorials (atm, I need some good conrod tutorials, because getting started from those examples, is a bit rough)
[23:07:34] <stratact> futile: thanks again
[23:08:22] <futile> stratact: no problem, I wish you good luck with conrod :)
[23:19:57] *** Quits: tomaka (Pierre@moz-dsp4h5.abo.wanadoo.fr) (Connection closed)
[23:32:36] *** Quits: Kingsquee (kingsley@moz-k72lip.bchsia.telus.net) (Quit: Konversation terminated!)
[23:37:59] *** Quits: felixr (manjaro-kde@moz-mkgseu.dynamic.mnet-online.de) (Quit: Konversation terminated!)
[23:38:09] *** Joins: felixrsmith (manjaro-kde@moz-mkgseu.dynamic.mnet-online.de)
[23:39:18] *** Joins: DDR (David@moz-m0hr92.vc.shawcable.net)
[23:39:58] *** Quits: felixrsmith (manjaro-kde@moz-mkgseu.dynamic.mnet-online.de) (Connection closed)
[23:40:02] *** Joins: felixrsmith (manjaro-kde@moz-mkgseu.dynamic.mnet-online.de)
[23:40:43] *** Quits: Gabriel_7 (Gabriel@moz-0e13rm.mtgr.92aj.0e35.2a01.IP) (Connection closed)
[23:44:50] *** Quits: felixrsmith (manjaro-kde@moz-mkgseu.dynamic.mnet-online.de) (Ping timeout: 121 seconds)
[23:46:50] *** Quits: lenstr (lenstr@moz-la1.vju.25.171.IP) (A TLS packet with unexpected length was received.)
[23:53:47] *** Quits: jensnockert (jensnockert@moz-pvj.o2f.219.84.IP) (Connection closed)
[23:55:24] *** Quits: qrlpx (smuxi@moz-n7t.3nb.211.95.IP) (Connection closed)
[23:59:57] *** Quits: dlight (dlight@moz-6c0.304.135.177.IP) (A TLS packet with unexpected length was received.)
