[00:02:09] *** Joins: nrc|distracted (nrc|distrac@moz-14pjgj.xtra.co.nz)
[00:05:58] *** Joins: frewsxcv (sid86219@moz-dneii9.brockwell.irccloud.com)
[00:14:32] *** Quits: mccr8 (mccr8@moz-cfhap5.mtv2.mozilla.com) (Quit: computer sleep)
[00:23:05] *** Quits: cjones (cjones@moz-ljujh0.ca.comcast.net) (Client exited)
[00:49:40] *** Joins: azakai|2 (alon@moz-l3ofdg.sntcca.sbcglobal.net)
[01:05:17] *** khuey is now known as khuey|away
[01:16:39] *** Quits: nrc|distracted (nrc|distrac@moz-14pjgj.xtra.co.nz) (Ping timeout: 121 seconds)
[01:17:33] *** Quits: pcwalton (pcwalton@moz-l8ebtf.sfo1.mozilla.com) (Client exited)
[01:38:40] *** Quits: ScottMichaud (ScottMichau@moz-i4mljt.cpe.pppoe.ca) (Connection closed)
[01:41:50] *** Joins: ScottMichaud (ScottMichau@moz-i4mljt.cpe.pppoe.ca)
[02:01:27] *** Joins: nrc|distracted (nrc|distrac@moz-14pjgj.xtra.co.nz)
[02:12:48] *** Joins: reqshark (reqshark@moz-pk33lv.ca.comcast.net)
[02:46:24] *** terrence is now known as terrence-afk
[02:50:57] *** Quits: brson (brson@moz-cfhap5.mtv2.mozilla.com) (Quit: leaving)
[02:54:04] *** Joins: jweathersby (Adium@moz-g2h99o.ip.windstream.net)
[02:58:19] *** Joins: mccr8 (mccr8@moz-m84lpe.ca.comcast.net)
[03:43:36] *** Quits: mchang (mchang@moz-q472sa.res.rr.com) (Client exited)
[04:02:14] *** Quits: mccr8 (mccr8@moz-m84lpe.ca.comcast.net) (Quit: quit)
[04:05:26] *** Joins: ehsan (ehsan@moz-26d.764.213.67.IP)
[04:06:34] *** Quits: derf (derf@moz-797sd4.fios.verizon.net) (Ping timeout: 121 seconds)
[04:08:39] *** Joins: derf (derf@moz-797sd4.fios.verizon.net)
[04:35:14] *** Quits: ehsan (ehsan@moz-26d.764.213.67.IP) (Quit: vanished into thin air...)
[04:55:58] *** Joins: roc (chatzilla@moz-fbh.bj1.102.5.IP)
[05:01:39] *** Quits: nrc|distracted (nrc|distrac@moz-14pjgj.xtra.co.nz) (Ping timeout: 121 seconds)
[05:13:08] *** Joins: ddamjano (Instantbird@moz-284mfn.ehig.7h68.8388.2a02.IP)
[05:21:27] *** Quits: ddamjano (Instantbird@moz-284mfn.ehig.7h68.8388.2a02.IP) (Ping timeout: 121 seconds)
[05:40:52] *** Quits: jweathersby (Adium@moz-g2h99o.ip.windstream.net) (Quit: Leaving.)
[05:54:48] *** Joins: cjones (cjones@moz-ljujh0.ca.comcast.net)
[05:58:39] *** Joins: ddamjano (Instantbird@moz-284mfn.ehig.7h68.8388.2a02.IP)
[06:07:27] *** Joins: jweathersby (Adium@moz-g2h99o.ip.windstream.net)
[07:05:59] *** Joins: till (till@moz-0tejpc.adsl.alicedsl.de)
[07:40:35] *** Quits: roc (chatzilla@moz-fbh.bj1.102.5.IP) (Ping timeout: 121 seconds)
[07:58:43] *** Quits: cjones (cjones@moz-ljujh0.ca.comcast.net) (Client exited)
[08:06:18] *** Quits: jweathersby (Adium@moz-g2h99o.ip.windstream.net) (Quit: Leaving.)
[08:11:06] *** Quits: c74d (c74d3a4ebb6@moz-0ersgu.oc.cox.net) (Connection closed)
[08:15:09] *** Quits: till (till@moz-0tejpc.adsl.alicedsl.de) (A TLS packet with unexpected length was received.)
[08:17:15] *** Joins: c74d (c74d3a4ebb6@moz-0ersgu.oc.cox.net)
[08:28:21] *** Quits: azakai|2 (alon@moz-l3ofdg.sntcca.sbcglobal.net) (Ping timeout: 121 seconds)
[08:38:01] *** jandem-away is now known as jandem
[08:40:23] *** Joins: azakai|2 (alon@moz-l3ofdg.sntcca.sbcglobal.net)
[08:49:01] *** Joins: till (till@moz-0tejpc.adsl.alicedsl.de)
[08:52:07] *** Quits: ddamjano (Instantbird@moz-284mfn.ehig.7h68.8388.2a02.IP) (Ping timeout: 121 seconds)
[08:56:18] *** Joins: ddamjano (Instantbird@moz-284mfn.ehig.7h68.8388.2a02.IP)
[10:24:49] *** Quits: oldskirt_ (oldskirt@moz-8n0btp.dip0.t-ipconnect.de) (Ping timeout: 121 seconds)
[10:28:02] *** Joins: oldskirt (oldskirt@moz-7dm.ncq.245.79.IP)
[10:55:22] *** Quits: gds (user@moz-p2hots.cable.virginm.net) (Quit: Going offline)
[12:15:32] *** Joins: mukilan (mukilan@moz-inv.v1b.164.122.IP)
[12:40:16] *** Joins: roc (chatzilla@moz-fbh.bj1.102.5.IP)
[13:12:21] *** Joins: bjz (bjz@moz-puppgq.tpgi.com.au)
[13:14:01] *** Joins: jdm (jdm@moz-ilbt2e.cable.teksavvy.com)
[13:22:55] *** Quits: yury (yury@moz-i7uuvr.ok.cox.net) (Connection closed)
[13:24:27] *** Joins: yury (yury@moz-i7uuvr.ok.cox.net)
[13:41:17] *** Joins: tadh (quassel@moz-pg51s5.CWRU.Edu)
[14:18:18] *** Quits: ddamjano (Instantbird@moz-284mfn.ehig.7h68.8388.2a02.IP) (Ping timeout: 121 seconds)
[14:25:05] <burg> dear researchers who publish at ICSE etc: please stop doing source-to-source instrumentation of JS. You are going down the wrong alley.
[14:26:14] *** Quits: reqshark (reqshark@moz-pk33lv.ca.comcast.net) (Quit: Be back later ...)
[14:32:37] *** Quits: roc (chatzilla@moz-fbh.bj1.102.5.IP) (Connection closed)
[14:58:16] *** Joins: mchang (mchang@moz-q472sa.res.rr.com)
[15:09:51] *** Quits: jdm (jdm@moz-ilbt2e.cable.teksavvy.com) (Quit: )
[15:24:36] *** Joins: roc (chatzilla@moz-a27.rli.210.31.IP)
[15:30:49] *** terrence-afk is now known as terrence
[15:43:02] *** Joins: ehsan (ehsan@moz-mhn1qg.ckpj.s0pt.0450.2001.IP)
[15:55:58] *** Joins: ddamjano (Instantbird@moz-pundam.ehig.7h68.8388.2a02.IP)
[15:58:08] <mbrubeck> burg: Hey, I remember azakai|2 doing that to solve a real-world problem in Fennec, years and years ago...
[16:08:47] <burg> mbrubeck: hope you didn't try to debug that 
[16:11:46] *** Joins: cjones (cjones@moz-ljujh0.ca.comcast.net)
[16:14:47] <mbrubeck> It was only ever used as a one-shot debugging aid, if my vague recollection is accurate.
[16:20:09] <azakai|2> i don't recall that, but i'm not sure what is the wrongness of source-to-source instrumentation of JS? I do it all the time for debugging purposes (e.g. emscripten has an "autodebugger_js.py" tool that instruments source files)
[16:20:43] <azakai|2> also autodebugger.py for doin the same to LLVM IR
[16:20:48] <azakai|2> both extremely useful in practice
[16:21:32] *** Quits: till (till@moz-0tejpc.adsl.alicedsl.de) (A TLS packet with unexpected length was received.)
[16:23:22] <mbrubeck> azakai|2: I went digging through Buzilla to try to figure out what I was remembering, but haven't found anything. Maybe I just dreamed it. :)
[16:23:57] <azakai|2> mbrubeck: heh, well it does sound like something i would do ;) but i don't recall it
[16:27:49] *** Quits: ddamjano (Instantbird@moz-pundam.ehig.7h68.8388.2a02.IP) (Ping timeout: 121 seconds)
[16:38:27] *** Joins: jdm (jdm@moz-i5m.05u.207.66.IP)
[16:51:27] *** khuey|away is now known as khuey
[17:01:42] *** Joins: mccr8 (mccr8@moz-cfhap5.mtv2.mozilla.com)
[17:04:52] *** Quits: jdm (jdm@moz-i5m.05u.207.66.IP) (Connection closed)
[17:05:12] *** Joins: jdm (jdm@moz-9uppfi.ckpj.s0pt.0450.2001.IP)
[17:22:00] *** Joins: till (till@moz-0tejpc.adsl.alicedsl.de)
[17:26:59] *** Quits: till (till@moz-0tejpc.adsl.alicedsl.de) (Ping timeout: 121 seconds)
[17:52:22] *** Joins: brson (brson@moz-cfhap5.mtv2.mozilla.com)
[17:52:22] *** ChanServ sets mode: +o brson
[17:58:31] *** Quits: jdm (jdm@moz-9uppfi.ckpj.s0pt.0450.2001.IP) (Connection closed)
[17:58:54] *** Joins: jdm (jdm@moz-9uppfi.ckpj.s0pt.0450.2001.IP)
[18:07:45] *** Quits: jdm (jdm@moz-9uppfi.ckpj.s0pt.0450.2001.IP) (A TLS packet with unexpected length was received.)
[18:08:09] *** Joins: jdm (jdm@moz-9uppfi.ckpj.s0pt.0450.2001.IP)
[18:23:38] *** Joins: till (till@moz-0tejpc.adsl.alicedsl.de)
[18:23:50] *** Joins: pcwalton (pcwalton@moz-l8ebtf.sfo1.mozilla.com)
[18:23:50] *** ChanServ sets mode: +o pcwalton
[18:25:39] *** Joins: ddamjano (Instantbird@moz-ckvjdn.ehig.7h68.8388.2a02.IP)
[18:27:42] *** Quits: till (till@moz-0tejpc.adsl.alicedsl.de) (Ping timeout: 121 seconds)
[18:32:43] *** Joins: mbx (textual@moz-l8ebtf.sfo1.mozilla.com)
[18:37:36] *** Quits: jdm (jdm@moz-9uppfi.ckpj.s0pt.0450.2001.IP) (Connection closed)
[18:38:01] *** Joins: jdm (jdm@moz-9uppfi.ckpj.s0pt.0450.2001.IP)
[18:52:24] <dherman> burg: say more? (re: source-to-source)
[18:53:48] <burg> dherman: it is great for prototyping and ad-hoc uses, but falls apart as the basis for, say, developer tools that ship with a browser
[18:54:06] *** Quits: disnet (sid21735@moz-fig26u.highgate.irccloud.com) (Connection closed)
[18:54:06] *** Quits: jandem (sid16255@moz-2gehe3.highgate.irccloud.com) (Connection closed)
[18:54:06] *** Quits: jack (sid19593@moz-fhlsm9.highgate.irccloud.com) (Connection closed)
[18:54:06] *** Quits: bruceadams (sid15869@moz-8humjg.highgate.irccloud.com) (Connection closed)
[18:54:33] <samth> burg: "ship with a browser" and "publish at icse" seem like pretty different goals
[18:54:45] <dherman> because of the weakness of e.g. source-maps?
[18:55:53] <burg> dherman: well, you can only do one transformation at a time, unless you multiplex somehow.
[18:56:24] <burg> and it will confuse the debugger. and mess up profiles.
[18:58:47] <burg> samth: it's fine to prototype however is convenient for a paper, but the grand claims of usefulness, handles real sites, etc are infuriating. The techniques used are pumped up as big contributions but are completely impractical.
[18:59:16] <samth> burg: that doesn't seem right to me at all
[18:59:43] <samth> practical/handles real sites/useful/big contribution -- none of those are the same as "ready to ship in a browser"
[19:00:47] <samth> "the implementation is ready to be used as the basis for an in-browser-devtools implementation" is a very small part of "practical"
[19:01:22] <burg> "basis for", as in, I don't have to throw out whatever techniques they use and reinvent them
[19:02:41] <samth> lots of source-to-source transforms have analogs inside compilers
[19:02:45] *** Quits: pcwalton (pcwalton@moz-l8ebtf.sfo1.mozilla.com) (Client exited)
[19:03:58] <samth> it happens that the architecture of the in-browser JS engines doesn't make doing things w/ source-to-source transforms internally easy, i think
[19:04:29] <samth> but that hardly seems like something that should stop someone from claiming that a tool is practical
[19:05:03] <burg> what's practical then? I could get a graph out of it?
[19:05:48] <samth> burg: useful for doing real work with?
[19:06:19] *** Quits: mukilan (mukilan@moz-inv.v1b.164.122.IP) (Connection closed)
[19:06:53] <samth> burg: consider http://www.jsnice.org/ -- that would probably be hard to add to devtools, but is also very practical
[19:08:38] <samth> in that i just ran it on a random bit of JS from inbox.google.com and it worked and did something useful
[19:09:04] <burg> is that real work?
[19:10:08] <samth> given that it's a js deobfuscator/type inferencer, yes
[19:14:08] <burg> can something be practical and not be publicly available?
[19:14:17] <burg> given it's a "tool for web developers"
[19:14:23] <burg> and not developed by a web company
[19:14:33] <burg> (not talking about jsnice)
[19:15:09] <burg> I'm going to give up on the word practical. It's like calling your cheese artisan. It's not something authors should use to describe their own work.
[19:24:02] *** Parts: burg (sid14893@moz-r6aeph.brockwell.irccloud.com) ("")
[19:33:14] *** Quits: terrence (terrence@moz-4opk9i.sd.cox.net) (Ping timeout: 121 seconds)
[19:33:52] *** Joins: pcwalton (pcwalton@moz-l8ebtf.sfo1.mozilla.com)
[19:33:52] *** ChanServ sets mode: +o pcwalton
[19:47:40] *** Joins: terrence (terrence@moz-4opk9i.sd.cox.net)
[19:49:29] *** Quits: pcwalton (pcwalton@moz-l8ebtf.sfo1.mozilla.com) (Client exited)
[19:51:32] *** Quits: roc (chatzilla@moz-a27.rli.210.31.IP) (Connection closed)
[19:53:02] *** Joins: pcwalton (pcwalton@moz-l8ebtf.sfo1.mozilla.com)
[19:53:02] *** ChanServ sets mode: +o pcwalton
[19:57:40] *** Quits: mbx (textual@moz-l8ebtf.sfo1.mozilla.com) (Quit: My Mac has gone to sleep. ZZZzzz…)
[19:59:23] <jdm> cjones: exciting news!
[19:59:41] * jdm forsees many things in cjones' future
[20:00:01] <dherman> jdm: truly, a veritable internet of things
[20:00:14] <cjones> jdm: say what now? :)  how did this come out?
[20:00:21] <dherman> cjones: andreas emailed all
[20:00:42] <khuey> ha
[20:00:55] <jdm> ah, I guess your name isn't in the blog post
[20:01:25] <cjones> dherman: aha, gotcha
[20:01:51] * cjones knew about this obviously, but we were discussing what was going or not in blog post
[20:02:52] *** Quits: dmarcos (sid15240@moz-9ahsin.ealing.irccloud.com) (Connection closed)
[20:02:52] *** Quits: dherman (sid7996@moz-u0jlif.ealing.irccloud.com) (Connection closed)
[20:02:52] *** Quits: lkuper (sid44041@moz-7edef8.ealing.irccloud.com) (A TLS packet with unexpected length was received.)
[20:02:52] *** Quits: _6a68|busy (sid57626@moz-hvjuan.ealing.irccloud.com) (A TLS packet with unexpected length was received.)
[20:08:28] <cjones> jdm: thanks!
[20:11:37] *** khuey is now known as khuey|away
[20:17:03] *** Quits: cjones (cjones@moz-ljujh0.ca.comcast.net) (Client exited)
[20:18:38] *** Quits: nmatsakis (nmatsakis@moz-no0.93r.245.63.IP) (Connection closed)
[20:18:59] *** Joins: nmatsakis (nmatsakis@moz-no0.93r.245.63.IP)
[20:18:59] *** ChanServ sets mode: +o nmatsakis
[20:25:02] *** Joins: jack (Adium@moz-ndkgui.nm.comcast.net)
[20:25:02] *** ChanServ sets mode: +o jack
[20:27:49] *** Joins: mbx (textual@moz-l8ebtf.sfo1.mozilla.com)
[20:27:52] *** Joins: larsberg (sid89@moz-1a60qu.0j4i.jtu0.0101.2620.IP)
[20:27:52] *** ChanServ sets mode: +o larsberg
[20:34:07] *** Quits: ScottMichaud (ScottMichau@moz-i4mljt.cpe.pppoe.ca) (Ping timeout: 121 seconds)
[20:34:34] *** Joins: bruceadams (sid15869@moz-8humjg.highgate.irccloud.com)
[20:35:35] *** Joins: jandem (sid16255@moz-2gehe3.highgate.irccloud.com)
[20:37:31] *** Joins: dherman (sid7996@moz-u0jlif.ealing.irccloud.com)
[20:42:00] *** Joins: jack_ (sid19593@moz-fhlsm9.highgate.irccloud.com)
[20:42:00] *** ChanServ sets mode: +o jack_
[20:42:32] <Manishearth> Andreas leaving? :(
[20:42:35] *** Joins: dmarcos (sid15240@moz-9ahsin.ealing.irccloud.com)
[20:43:08] <Manishearth> Well, good luck to him, iot sounds fun! :)
[20:43:58] *** Joins: disnet (sid21735@moz-fig26u.highgate.irccloud.com)
[20:45:17] *** Parts: jack (Adium@moz-ndkgui.nm.comcast.net) ()
[20:45:19] *** Joins: jack (Adium@moz-ndkgui.nm.comcast.net)
[20:45:19] *** ChanServ sets mode: +o jack
[20:48:20] *** Quits: jack (Adium@moz-ndkgui.nm.comcast.net) (Quit: Leaving.)
[20:48:20] *** jack_ is now known as jack
[20:51:51] <pnkfelix> wow wow
[20:52:50] *** ChanServ sets mode: +o dherman
[20:57:23] *** Joins: lkuper (sid44041@moz-7edef8.ealing.irccloud.com)
[21:02:39] *** Joins: till (till@moz-0tejpc.adsl.alicedsl.de)
[21:02:47] *** Quits: till (till@moz-0tejpc.adsl.alicedsl.de) (A TLS packet with unexpected length was received.)
[21:02:49] *** Joins: till (till@moz-0tejpc.adsl.alicedsl.de)
[21:04:07] *** Joins: _6a68|busy (sid57626@moz-hvjuan.ealing.irccloud.com)
[21:27:48] *** Joins: cjones (cjones@moz-ljujh0.ca.comcast.net)
[21:31:15] *** Quits: mbx (textual@moz-l8ebtf.sfo1.mozilla.com) (Quit: My Mac has gone to sleep. ZZZzzz…)
[21:36:44] *** Joins: mbx (textual@moz-l8ebtf.sfo1.mozilla.com)
[21:37:43] *** Joins: fabrice (sid166@moz-9m0f7p.0j4i.jtu0.0101.2620.IP)
[21:49:00] *** Quits: jdm (jdm@moz-9uppfi.ckpj.s0pt.0450.2001.IP) (Quit: )
[21:52:20] *** Quits: tadh (quassel@moz-pg51s5.CWRU.Edu) (Connection closed)
[22:02:54] *** Quits: till (till@moz-0tejpc.adsl.alicedsl.de) (A TLS packet with unexpected length was received.)
[22:16:53] *** Joins: reqshark (reqshark@moz-942p6h.static.wiline.com)
[22:27:46] *** Quits: brson (brson@moz-cfhap5.mtv2.mozilla.com) (Quit: leaving)
[22:32:15] *** Quits: pcwalton (pcwalton@moz-l8ebtf.sfo1.mozilla.com) (Client exited)
[22:41:38] *** Quits: irobevjodu (ident@moz-3vi4l0.static-ro.twistednetworks.net) (Ping timeout: 121 seconds)
[22:43:02] *** Quits: ddamjano (Instantbird@moz-ckvjdn.ehig.7h68.8388.2a02.IP) (Ping timeout: 121 seconds)
[22:49:32] *** Quits: ehsan (ehsan@moz-mhn1qg.ckpj.s0pt.0450.2001.IP) (A TLS packet with unexpected length was received.)
[22:50:13] *** Joins: ehsan (ehsan@moz-i5m.05u.207.66.IP)
[22:59:12] *** Quits: ehsan (ehsan@moz-i5m.05u.207.66.IP) (Connection closed)
[23:00:01] *** Joins: ehsan (ehsan@moz-i5m.05u.207.66.IP)
[23:03:32] *** Joins: till (till@moz-0tejpc.adsl.alicedsl.de)
[23:09:37] *** Quits: till (till@moz-0tejpc.adsl.alicedsl.de) (Ping timeout: 121 seconds)
[23:11:40] *** Quits: ehsan (ehsan@moz-i5m.05u.207.66.IP) (A TLS packet with unexpected length was received.)
[23:12:59] *** Quits: reqshark (reqshark@moz-942p6h.static.wiline.com) (Quit: Be back later ...)
[23:28:28] *** khuey|away is now known as khuey
[23:30:55] *** Quits: mccr8 (mccr8@moz-cfhap5.mtv2.mozilla.com) (Quit: quit)
[23:33:47] *** Joins: tadh (quassel@moz-88tk3f.res.rr.com)
[23:39:14] *** Joins: L0uk3 (lukethedrif@moz-ib8bp9.us.unmetered.com)
[23:42:35] *** Quits: tadh (quassel@moz-88tk3f.res.rr.com) (Connection closed)
[23:44:38] *** Quits: L0uk3 (lukethedrif@moz-ib8bp9.us.unmetered.com) (Quit: bis später)
[23:54:39] *** Joins: tadh (quassel@moz-88tk3f.res.rr.com)
[23:55:48] *** khuey is now known as khuey|away
