[00:51:40] *** Joins: Rym (y@moz-cfe.mso.205.31.IP)
[00:55:10] *** Joins: annodomini (lambda@moz-qgii5v.ma.comcast.net)
[00:55:52] *** Quits: Rym (y@moz-cfe.mso.205.31.IP) (Ping timeout: 121 seconds)
[01:05:20] *** Joins: Rym (y@moz-cfe.mso.205.31.IP)
[01:12:26] *** Quits: Rym (y@moz-cfe.mso.205.31.IP) (Ping timeout: 121 seconds)
[01:17:54] *** Joins: Rym (y@moz-cfe.mso.205.31.IP)
[01:25:34] *** Quits: Rym (y@moz-cfe.mso.205.31.IP) (Ping timeout: 121 seconds)
[01:51:49] *** Quits: brson (brson@moz-ppb.c9m.56.172.IP) (Quit: leaving)
[02:22:45] *** Joins: Rym (y@moz-cfe.mso.205.31.IP)
[02:26:56] *** Quits: Rym (y@moz-cfe.mso.205.31.IP) (Ping timeout: 121 seconds)
[02:47:28] *** Quits: zz_kimundi (kimundi@moz-0fkcjr.dip0.t-ipconnect.de) (Ping timeout: 121 seconds)
[02:50:19] *** Joins: zz_kimundi (kimundi@moz-kreg4i.dip0.t-ipconnect.de)
[02:50:20] *** zz_kimundi is now known as kimundi
[03:22:45] *** Joins: c74d3 (c74d3a4ebb6@moz-uulq0e.mggc.hibn.4404.2002.IP)
[03:22:47] *** Quits: c74d (c74d3a4ebb6@moz-0ersgu.oc.cox.net) (Ping timeout: 121 seconds)
[03:23:34] *** Joins: Rym (y@moz-cfe.mso.205.31.IP)
[03:27:44] *** Quits: Rym (y@moz-cfe.mso.205.31.IP) (Ping timeout: 121 seconds)
[04:09:01] *** Joins: Rym (y@moz-cfe.mso.205.31.IP)
[04:13:13] *** Quits: Rym (y@moz-cfe.mso.205.31.IP) (Ping timeout: 121 seconds)
[04:15:14] *** Joins: brson (brson@moz-ppb.c9m.56.172.IP)
[04:15:14] *** ChanServ sets mode: +qo brson brson
[04:33:26] *** Quits: brson (brson@moz-ppb.c9m.56.172.IP) (Quit: leaving)
[04:42:54] *** Quits: c74d3 (c74d3a4ebb6@moz-uulq0e.mggc.hibn.4404.2002.IP) (Ping timeout: 121 seconds)
[04:42:59] *** Joins: c74d (c74d3a4ebb6@moz-0ersgu.oc.cox.net)
[04:58:15] *** Quits: annodomini (lambda@moz-qgii5v.ma.comcast.net) (Client exited)
[05:09:47] *** Joins: Rym (y@moz-cfe.mso.205.31.IP)
[05:14:01] *** Quits: Rym (y@moz-cfe.mso.205.31.IP) (Ping timeout: 121 seconds)
[06:10:31] *** Joins: Rym (y@moz-cfe.mso.205.31.IP)
[06:14:46] *** Quits: Rym (y@moz-cfe.mso.205.31.IP) (Ping timeout: 121 seconds)
[07:11:18] *** Joins: Rym (y@moz-cfe.mso.205.31.IP)
[07:15:32] *** Quits: Rym (y@moz-cfe.mso.205.31.IP) (Ping timeout: 121 seconds)
[08:30:58] *** Joins: Rym (y@moz-cfe.mso.205.31.IP)
[08:35:06] *** Quits: Rym (y@moz-cfe.mso.205.31.IP) (Ping timeout: 121 seconds)
[09:04:29] *** Joins: killercup (killercup@moz-edmf2j.dip0.t-ipconnect.de)
[09:31:40] *** Joins: Rym (y@moz-cfe.mso.205.31.IP)
[09:35:52] *** Quits: Rym (y@moz-cfe.mso.205.31.IP) (Ping timeout: 121 seconds)
[09:44:06] *** Joins: simukis (nagisa@moz-8t068g.static.zebra.lt)
[10:19:08] *** Quits: simukis (nagisa@moz-8t068g.static.zebra.lt) (Ping timeout: 121 seconds)
[10:32:25] *** Joins: Rym (y@moz-cfe.mso.205.31.IP)
[10:36:37] *** Quits: Rym (y@moz-cfe.mso.205.31.IP) (Ping timeout: 121 seconds)
[10:37:19] *** Joins: simukis (nagisa@moz-8t068g.static.zebra.lt)
[11:33:12] *** Joins: Rym (y@moz-cfe.mso.205.31.IP)
[11:37:24] *** Quits: Rym (y@moz-cfe.mso.205.31.IP) (Ping timeout: 121 seconds)
[11:50:03] *** Quits: killercup (killercup@moz-edmf2j.dip0.t-ipconnect.de) (Quit: My Mac has gone to sleep. ZZZzzz…)
[12:09:04] *** Joins: killercup (killercup@moz-edmf2j.dip0.t-ipconnect.de)
[12:33:59] *** Joins: Rym (y@moz-cfe.mso.205.31.IP)
[12:38:09] *** Quits: Rym (y@moz-cfe.mso.205.31.IP) (Ping timeout: 121 seconds)
[13:14:44] *** kimundi is now known as zz_kimundi
[13:34:44] *** Joins: Rym (y@moz-cfe.mso.205.31.IP)
[13:38:55] *** Quits: Rym (y@moz-cfe.mso.205.31.IP) (Ping timeout: 121 seconds)
[14:33:56] *** Joins: gleb (gleb@moz-3u1drv.rusanovka-net.kiev.ua)
[14:35:31] *** Joins: Rym (y@moz-cfe.mso.205.31.IP)
[14:39:42] *** Quits: Rym (y@moz-cfe.mso.205.31.IP) (Ping timeout: 121 seconds)
[14:43:03] *** Joins: annodomini (lambda@moz-qgii5v.ma.comcast.net)
[14:46:50] *** Quits: annodomini (lambda@moz-qgii5v.ma.comcast.net) (Client exited)
[14:50:28] *** Joins: annodomini (lambda@moz-qgii5v.ma.comcast.net)
[14:58:01] *** Quits: annodomini (lambda@moz-qgii5v.ma.comcast.net) (Client exited)
[15:26:40] *** Joins: annodomini (lambda@moz-qgii5v.ma.comcast.net)
[15:36:15] *** Joins: Rym (y@moz-cfe.mso.205.31.IP)
[15:40:28] *** Quits: Rym (y@moz-cfe.mso.205.31.IP) (Ping timeout: 121 seconds)
[15:48:36] *** zz_kimundi is now known as kimundi
[16:37:01] *** Joins: Rym (y@moz-cfe.mso.205.31.IP)
[16:41:15] *** Quits: Rym (y@moz-cfe.mso.205.31.IP) (Ping timeout: 121 seconds)
[17:29:17] *** Quits: annodomini (lambda@moz-qgii5v.ma.comcast.net) (Client exited)
[17:37:48] *** Joins: Rym (y@moz-cfe.mso.205.31.IP)
[17:42:00] *** Quits: Rym (y@moz-cfe.mso.205.31.IP) (Ping timeout: 121 seconds)
[18:26:34] *** Joins: Rym (y@moz-cfe.mso.205.31.IP)
[18:50:13] *** Quits: Rym (y@moz-cfe.mso.205.31.IP) (Ping timeout: 121 seconds)
[19:03:12] *** Joins: sigma (sigma@moz-ohog4c.range86-135.btcentralplus.com)
[19:16:07] *** Joins: Rym (y@moz-cfe.mso.205.31.IP)
[19:24:13] *** Quits: sigma (sigma@moz-ohog4c.range86-135.btcentralplus.com) (Ping timeout: 121 seconds)
[19:29:10] *** Quits: killercup (killercup@moz-edmf2j.dip0.t-ipconnect.de) (Quit: Bye)
[19:30:39] *** kimundi is now known as zz_kimundi
[19:42:36] *** Joins: sigma (sigma@moz-ohog4c.range86-135.btcentralplus.com)
[19:55:07] *** Joins: annodomini (lambda@moz-qgii5v.ma.comcast.net)
[20:00:47] *** Quits: Rym (y@moz-cfe.mso.205.31.IP) (Ping timeout: 121 seconds)
[20:57:49] *** zz_kimundi is now known as kimundi
[20:59:45] *** Quits: annodomini (lambda@moz-qgii5v.ma.comcast.net) (Client exited)
[21:29:04] *** Joins: Rym (y@moz-u53hjs.range86-189.btcentralplus.com)
[22:01:44] *** Quits: Rym (y@moz-u53hjs.range86-189.btcentralplus.com) (Ping timeout: 121 seconds)
[22:02:58] *** Joins: Rym (y@moz-u53hjs.range86-189.btcentralplus.com)
[22:08:42] *** Joins: annodomini (lambda@moz-qgii5v.ma.comcast.net)
[22:16:37] *** kimundi is now known as zz_kimundi
[22:55:18] *** Quits: sigma (sigma@moz-ohog4c.range86-135.btcentralplus.com) (Ping timeout: 121 seconds)
[23:03:56] *** Quits: gleb (gleb@moz-3u1drv.rusanovka-net.kiev.ua) (Ping timeout: 121 seconds)
[23:14:43] *** Joins: brson (brson@moz-cfhap5.mtv2.mozilla.com)
[23:14:43] *** ChanServ sets mode: +qo brson brson
[23:21:36] *** Quits: WindowsBunny (Peter@moz-ubruqj.east.verizon.net) (Quit: Leaving.)
[23:21:57] *** Joins: WindowsBunny (Peter@moz-ubruqj.east.verizon.net)
[23:29:05] *** Quits: Rym (y@moz-u53hjs.range86-189.btcentralplus.com) (Ping timeout: 121 seconds)
[23:33:59] *** Quits: brson (brson@moz-cfhap5.mtv2.mozilla.com) (Quit: leaving)
[23:51:57] *** Joins: Rym (y@moz-u53hjs.range86-189.btcentralplus.com)
