[00:03:07] *** Quits: vortex (vortex@moz-skqfhn.novotelecom.ru) (Ping timeout: 121 seconds)
[00:07:59] *** Quits: agmcleod (textual@moz-ujm8pm.cpe.teksavvy.com) (Quit: Textual IRC Client: www.textualapp.com)
[00:21:41] *** Joins: dmac_ (dmac@moz-2ig65r.ca.comcast.net)
[00:23:03] *** Quits: shadower (shadower@moz-3ah4n5.osop.rhcloud.com) (A TLS packet with unexpected length was received.)
[00:23:08] *** Joins: shadower (shadower@moz-3ah4n5.osop.rhcloud.com)
[00:27:09] *** Joins: dpc (dpc@moz-t6gr4b.ca.comcast.net)
[00:32:13] *** Quits: Lateralus (Lateralus@moz-4eoqem.br.cox.net) (A TLS packet with unexpected length was received.)
[00:34:38] *** Quits: dmac_ (dmac@moz-2ig65r.ca.comcast.net) (Ping timeout: 121 seconds)
[00:45:01] *** Joins: Twinklebear (Twinklebear@moz-trmnsl.sdch.27e3.0000.2601.IP)
[00:57:30] *** Quits: demilux (demilux@moz-73qa6c.wa.comcast.net) (A TLS packet with unexpected length was received.)
[00:57:35] *** Quits: cakecatz (cakecatz@moz-o0s5rh.sannet.ne.jp) (Quit: My Mac has gone to sleep. ZZZzzz…)
[01:04:46] *** Quits: genbattle (genbattle@moz-poo2cb.xtra.co.nz) (Ping timeout: 121 seconds)
[01:06:50] *** Joins: squiddy_ (squiddy@moz-emcdgv.adsl.alicedsl.de)
[01:10:10] *** Quits: squiddy (squiddy@moz-7onsva.adsl.alicedsl.de) (Ping timeout: 121 seconds)
[01:19:02] *** Joins: jensnockert (jensnockert@moz-0rd3rj.siw.siwnet.net)
[01:20:11] *** Quits: brson (brson@moz-f0v.335.39.84.IP) (Ping timeout: 121 seconds)
[01:21:03] *** Joins: genbattle (genbattle@moz-poo2cb.xtra.co.nz)
[01:22:20] *** Joins: brson (brson@moz-cfhap5.mtv2.mozilla.com)
[01:22:57] *** Joins: oahner (oahner@moz-pjeneq.mc.videotron.ca)
[01:23:04] *** Quits: jensnockert (jensnockert@moz-0rd3rj.siw.siwnet.net) (Ping timeout: 121 seconds)
[01:36:44] *** Joins: esclear_ (esclear@moz-6c4.m03.153.84.IP)
[01:37:22] *** Quits: genbattle (genbattle@moz-poo2cb.xtra.co.nz) (Ping timeout: 121 seconds)
[01:39:27] *** Quits: esclear (esclear@moz-fvhqg3.dip0.t-ipconnect.de) (Ping timeout: 121 seconds)
[01:45:29] *** Joins: demilux (demilux@moz-73qa6c.wa.comcast.net)
[01:45:29] *** Quits: DDR (David@moz-m0hr92.vc.shawcable.net) (Connection closed)
[01:45:58] *** Joins: DDR (David@moz-m0hr92.vc.shawcable.net)
[01:47:43] *** Quits: zacstewart (zacstewart@moz-dt6.k3d.191.67.IP) (Connection closed)
[01:54:51] *** Quits: zyphrus_ (David@moz-ba5.pas.98.101.IP) (Ping timeout: 121 seconds)
[02:05:47] *** Joins: Feyn (aram@moz-cee.68e.115.42.IP)
[02:09:23] *** Joins: zyphrus (David@moz-ba5.pas.98.101.IP)
[02:10:17] *** Joins: zacstewart (zacstewart@moz-dt6.k3d.191.67.IP)
[02:20:22] *** Joins: jensnockert (jensnockert@moz-0rd3rj.siw.siwnet.net)
[02:22:35] *** Quits: zacstewart (zacstewart@moz-dt6.k3d.191.67.IP) (Connection closed)
[02:24:24] *** Quits: jensnockert (jensnockert@moz-0rd3rj.siw.siwnet.net) (Ping timeout: 121 seconds)
[02:26:10] *** Quits: brson (brson@moz-cfhap5.mtv2.mozilla.com) (Quit: leaving)
[02:27:43] *** Quits: Twinklebear (Twinklebear@moz-trmnsl.sdch.27e3.0000.2601.IP) (Ping timeout: 121 seconds)
[02:35:53] *** Joins: OmniMancer (OmniMancer@moz-u0u.3f2.90.116.IP)
[02:48:03] *** Joins: dp_ (dp@moz-jbmop1.gb4f.8ao9.0e35.2a01.IP)
[02:51:19] *** Quits: kimundi (kimundi@moz-k57ctm.dip0.t-ipconnect.de) (Ping timeout: 121 seconds)
[02:52:01] *** Joins: kimundi (kimundi@moz-kjthpr.63qo.amhv.57bc.2002.IP)
[02:52:41] *** Joins: zacstewart (zacstewart@moz-dt6.k3d.191.67.IP)
[03:01:48] *** Quits: niconii (nicole@moz-5iorc7.frgo.qwest.net) (Quit: leaving)
[03:04:59] *** Quits: James__ (quassel@moz-vcnd98.range86-148.btcentralplus.com) (Ping timeout: 121 seconds)
[03:17:34] *** Quits: zacstewart (zacstewart@moz-dt6.k3d.191.67.IP) (Connection closed)
[03:20:51] *** Joins: jensnockert (jensnockert@moz-0rd3rj.siw.siwnet.net)
[03:24:54] *** Quits: jensnockert (jensnockert@moz-0rd3rj.siw.siwnet.net) (Ping timeout: 121 seconds)
[03:27:21] *** Joins: summerlight (summerlight@moz-lb3.6do.193.175.IP)
[03:30:18] *** Quits: tinaun (tinaun@moz-7l08ds.ct.comcast.net) (Quit: )
[03:36:06] *** Quits: meh (meh@moz-f4dpre.42-151.net24.it) (Ping timeout: 121 seconds)
[03:37:27] *** Quits: summerlight (summerlight@moz-lb3.6do.193.175.IP) (Connection closed)
[03:43:16] *** Joins: summerlight (summerlight@moz-lb3.6do.193.175.IP)
[03:45:18] *** Quits: mindtree (Mitch@moz-7d72bj.iprimus.net.au) (Ping timeout: 121 seconds)
[03:54:15] *** Quits: Feyn (aram@moz-cee.68e.115.42.IP) (Ping timeout: 121 seconds)
[03:55:03] *** Joins: mindtree (Mitch@moz-7d72bj.iprimus.net.au)
[04:05:41] *** Quits: DDR (David@moz-m0hr92.vc.shawcable.net) (Connection closed)
[04:07:33] *** Quits: qrlpx (smuxi@moz-n7t.3nb.211.95.IP) (Connection closed)
[04:11:45] *** Joins: tinaun (tinaun@moz-7l08ds.ct.comcast.net)
[04:18:00] *** Joins: zacstewart (zacstewart@moz-dt6.k3d.191.67.IP)
[04:22:07] *** Quits: zacstewart (zacstewart@moz-dt6.k3d.191.67.IP) (Ping timeout: 121 seconds)
[04:41:40] *** Joins: genbattle (genbattle@moz-poo2cb.xtra.co.nz)
[04:43:14] *** Joins: Feyn (aram@moz-0sv.5ro.115.42.IP)
[04:45:18] *** Joins: Twinklebear (Twinklebear@moz-70lsqc.sdch.27e3.0000.2601.IP)
[04:48:43] *** Joins: cakecatz (cakecatz@moz-o0s5rh.sannet.ne.jp)
[05:00:09] *** Quits: fmtq (quassel@moz-54c141.sk83.bjud.7e00.2a01.IP) (A TLS packet with unexpected length was received.)
[05:01:43] *** Joins: fmtq (quassel@moz-54c141.sk83.bjud.7e00.2a01.IP)
[05:04:25] *** Quits: Twinklebear (Twinklebear@moz-70lsqc.sdch.27e3.0000.2601.IP) (Ping timeout: 121 seconds)
[05:07:25] *** Quits: mindtree (Mitch@moz-7d72bj.iprimus.net.au) (Ping timeout: 121 seconds)
[05:10:28] *** Quits: Gamecubic__ (cubic@moz-bglmk5.mc.videotron.ca) (Quit: Leaving)
[05:12:42] *** Quits: orangeshark (erik@moz-uonrt4.44tj.56ot.0306.2602.IP) (Quit: Leaving)
[05:22:09] *** Joins: jensnockert (jensnockert@moz-0rd3rj.siw.siwnet.net)
[05:26:23] *** Quits: jensnockert (jensnockert@moz-0rd3rj.siw.siwnet.net) (Ping timeout: 121 seconds)
[05:33:05] *** Quits: zyphrus (David@moz-ba5.pas.98.101.IP) (Quit: Bye bye)
[05:33:16] *** Quits: geb019 (geb019@moz-viv4an.o33v.n6m7.8717.2002.IP) (A TLS packet with unexpected length was received.)
[05:34:34] *** Joins: geb019 (geb019@moz-fhohco.cpe.pppoe.ca)
[05:38:12] *** Joins: Kingsquee (kingsley@moz-k72lip.bchsia.telus.net)
[05:38:14] *** Quits: Dabo (dabo@znc.dabo.guru) (Ping timeout: 121 seconds)
[05:41:30] *** Joins: Dabo (dabo@znc.dabo.guru)
[05:45:29] *** Quits: AngelOfSol (AngelOfSol@moz-9l0nls.fios.verizon.net) (Connection closed)
[05:47:38] *** Joins: filsmick (filsmick@moz-0qapam.abo.wanadoo.fr)
[05:49:54] *** Joins: Eonil (Eonil@moz-e6e.6k9.149.221.IP)
[05:55:52] *** Joins: bakibour (foo@moz-v9dkd8.dip0.t-ipconnect.de)
[06:02:41] *** Quits: cakecatz (cakecatz@moz-o0s5rh.sannet.ne.jp) (Quit: My Mac has gone to sleep. ZZZzzz…)
[06:05:56] *** Quits: kazimuth (james@moz-lff16e.wa.comcast.net) (Quit: Textual IRC Client: www.textualapp.com)
[06:08:43] *** Quits: infinityb (q@moz-2dsl85.yasashiisyndicate.org) (Quit: No Ping reply in 180 seconds.)
[06:09:06] *** Joins: avikpal (avikpal@moz-5rs.p8t.194.117.IP)
[06:12:39] *** Quits: avikpal (avikpal@moz-5rs.p8t.194.117.IP) (Connection closed)
[06:12:44] *** Joins: infinityb (q@moz-2dsl85.yasashiisyndicate.org)
[06:13:33] *** Quits: dpc (dpc@moz-t6gr4b.ca.comcast.net) (Ping timeout: 121 seconds)
[06:15:00] *** Joins: SHC (quassel@moz-99a.h7f.93.59.IP)
[06:20:58] *** Quits: genbattle (genbattle@moz-poo2cb.xtra.co.nz) (Quit: Leaving)
[06:23:11] *** Joins: avikpal (avikpal@moz-5rs.p8t.194.117.IP)
[06:23:32] *** Joins: jensnockert (jensnockert@moz-0rd3rj.siw.siwnet.net)
[06:27:34] *** Quits: jensnockert (jensnockert@moz-0rd3rj.siw.siwnet.net) (Ping timeout: 121 seconds)
[06:39:25] *** Quits: avikpal (avikpal@moz-5rs.p8t.194.117.IP) (Connection closed)
[06:58:02] *** Joins: mindtree (Mitch@moz-7d72bj.iprimus.net.au)
[06:58:30] *** Quits: dlight (dlight@moz-1pmpc1.gvt.net.br) (Ping timeout: 121 seconds)
[07:00:39] *** Joins: vortex (vortex@moz-skqfhn.novotelecom.ru)
[07:05:06] *** Joins: zyphrus (David@moz-ba5.pas.98.101.IP)
[07:07:35] *** Joins: eljay (eljay@moz-fmte10.skybroadband.com)
[07:12:05] *** Joins: dlight (dlight@moz-i79.7n9.135.177.IP)
[07:14:31] *** Quits: mindtree (Mitch@moz-7d72bj.iprimus.net.au) (Ping timeout: 121 seconds)
[07:23:52] *** Joins: jensnockert (jensnockert@moz-0rd3rj.siw.siwnet.net)
[07:25:41] *** Quits: filsmick (filsmick@moz-0qapam.abo.wanadoo.fr) (Quit: )
[07:26:06] *** Joins: nwin (textual@moz-7t2fid.pools.arcor-ip.net)
[07:27:55] *** Quits: jensnockert (jensnockert@moz-0rd3rj.siw.siwnet.net) (Ping timeout: 121 seconds)
[07:34:22] *** Joins: Dtgr (antti@moz-55iepq.me)
[07:40:31] *** Quits: vortex (vortex@moz-skqfhn.novotelecom.ru) (Ping timeout: 121 seconds)
[07:41:03] *** Quits: nwin (textual@moz-7t2fid.pools.arcor-ip.net) (Quit: My Mac Mini has gone to sleep. ZZZzzz…)
[07:49:50] *** Joins: jaen (jaen@moz-ifmik2.copit.pl)
[07:54:24] *** Joins: nwin (textual@moz-7t2fid.pools.arcor-ip.net)
[08:01:23] *** Quits: jaen (jaen@moz-ifmik2.copit.pl) (Quit: WeeChat 1.2)
[08:10:43] *** Quits: demilux (demilux@moz-73qa6c.wa.comcast.net) (A TLS packet with unexpected length was received.)
[08:12:15] *** Joins: lenstr (lenstr@moz-o6b.vju.25.171.IP)
[08:14:38] *** Quits: Kingsquee (kingsley@moz-k72lip.bchsia.telus.net) (Connection closed)
[08:14:41] *** Joins: Kingsqueee (kingsley@moz-k72lip.bchsia.telus.net)
[08:20:12] *** Joins: sambotron (sambotron@moz-nao11s.ca.comcast.net)
[08:21:14] *** Quits: summerlight (summerlight@moz-lb3.6do.193.175.IP) (Ping timeout: 121 seconds)
[08:24:15] *** Quits: sambotron (sambotron@moz-nao11s.ca.comcast.net) (Ping timeout: 121 seconds)
[08:37:40] *** Quits: oakwhiz (oakwhiz@moz-26tbpb.vc.shawcable.net) (Ping timeout: 121 seconds)
[08:41:52] *** Joins: oakwhiz (oakwhiz@moz-26tbpb.vc.shawcable.net)
[08:44:57] *** Quits: nwin (textual@moz-7t2fid.pools.arcor-ip.net) (Quit: My Mac Mini has gone to sleep. ZZZzzz…)
[08:47:52] *** Joins: avikpal (avikpal@moz-jn6.fgm.194.117.IP)
[08:57:21] *** Joins: cakecatz (cakecatz@moz-o0s5rh.sannet.ne.jp)
[09:03:24] *** Joins: Jackneill (Jackneill@moz-o8nr64.static.digikabel.hu)
[09:07:11] *** Joins: avikpal_ (avikpal@moz-f7f.onn.194.117.IP)
[09:07:52] *** Quits: avikpal (avikpal@moz-jn6.fgm.194.117.IP) (Ping timeout: 121 seconds)
[09:08:28] *** Quits: Eonil (Eonil@moz-e6e.6k9.149.221.IP) (Quit: This computer has gone to sleep)
[09:11:19] *** Joins: zacstewart (zacstewart@moz-dt6.k3d.191.67.IP)
[09:11:38] *** Joins: demilux (demilux@moz-73qa6c.wa.comcast.net)
[09:15:36] *** Quits: zacstewart (zacstewart@moz-dt6.k3d.191.67.IP) (Ping timeout: 121 seconds)
[09:15:40] *** Quits: demilux (demilux@moz-73qa6c.wa.comcast.net) (Ping timeout: 121 seconds)
[09:18:18] *** Quits: squiddy_ (squiddy@moz-emcdgv.adsl.alicedsl.de) (A TLS packet with unexpected length was received.)
[09:19:07] *** Joins: lenstr_ (lenstr@moz-ard.70f.16.195.IP)
[09:22:17] *** Quits: lenstr (lenstr@moz-o6b.vju.25.171.IP) (Ping timeout: 121 seconds)
[09:22:47] *** Quits: OmniMancer (OmniMancer@moz-u0u.3f2.90.116.IP) (Quit: Leaving.)
[09:25:18] *** Joins: jensnockert (jensnockert@moz-0rd3rj.siw.siwnet.net)
[09:25:21] *** Quits: SHC (quassel@moz-99a.h7f.93.59.IP) (Ping timeout: 121 seconds)
[09:27:09] *** Joins: fkaa (fkaa@moz-501od2.business.telia.com)
[09:27:53] *** Quits: lenstr_ (lenstr@moz-ard.70f.16.195.IP) (Connection closed)
[09:29:20] *** Quits: jensnockert (jensnockert@moz-0rd3rj.siw.siwnet.net) (Ping timeout: 121 seconds)
[09:33:16] *** Joins: hhhhhhhhhh (mike@moz-q0052j.access.telenet.be)
[09:34:40] *** Joins: nwin (textual@moz-7t2fid.pools.arcor-ip.net)
[09:39:51] *** Joins: SHC (quassel@moz-c5b.sqk.88.59.IP)
[09:44:27] <tomaka> grmlblbl my raspi doesn't have /dev/dri/card0
[10:02:00] *** Joins: OmniMancer (OmniMancer@moz-ffb9qp.xtra.co.nz)
[10:05:40] *** Joins: zacstewart (zacstewart@moz-dt6.k3d.191.67.IP)
[10:08:21] *** Quits: perillamint (perillamint@moz-pvo.3mu.72.61.IP) (Ping timeout: 121 seconds)
[10:08:42] *** Joins: sambotron (sambotron@moz-nao11s.ca.comcast.net)
[10:09:03] *** Joins: lenstr (lenstr@moz-o6b.vju.25.171.IP)
[10:12:50] *** Quits: sambotron (sambotron@moz-nao11s.ca.comcast.net) (Ping timeout: 121 seconds)
[10:12:53] *** Joins: perillamint (perillamint@moz-pvo.3mu.72.61.IP)
[10:16:03] *** Quits: zacstewart (zacstewart@moz-dt6.k3d.191.67.IP) (Connection closed)
[10:18:06] *** Quits: shadower (shadower@moz-3ah4n5.osop.rhcloud.com) (Ping timeout: 121 seconds)
[10:21:39] *** Joins: bvssvni (sven@moz-it1l50.bb.online.no)
[10:22:39] *** Quits: oahner (oahner@moz-pjeneq.mc.videotron.ca) (Ping timeout: 121 seconds)
[10:22:50] *** Quits: nwin (textual@moz-7t2fid.pools.arcor-ip.net) (Quit: My Mac Mini has gone to sleep. ZZZzzz…)
[10:26:21] *** Quits: zyphrus (David@moz-ba5.pas.98.101.IP) (Ping timeout: 121 seconds)
[10:33:42] *** Joins: nwin (textual@moz-7t2fid.pools.arcor-ip.net)
[10:34:30] *** Quits: cakecatz (cakecatz@moz-o0s5rh.sannet.ne.jp) (Quit: My Mac has gone to sleep. ZZZzzz…)
[10:34:37] *** Joins: cakecatz (cakecatz@moz-o0s5rh.sannet.ne.jp)
[10:35:46] *** Quits: cakecatz (cakecatz@moz-o0s5rh.sannet.ne.jp) (Connection closed)
[10:38:49] <cods> tomaka: Hi. I can't find in the documentation how to set the stencil parameters using DrawParametersBuilder. Is that supported? Do I need to create a DrawParameters struct instead? (but that seems deprecated.)
[10:39:16] <tomaka> cods: yeah, use DrawParameters
[10:39:22] <cods> ok
[10:39:24] <tomaka> it's DrawParametersBuilder that is deprecated
[10:39:32] <cods> oh
[10:39:58] <tomaka> ultimately I'm going to add some methods to DrawParameters
[10:40:02] <tomaka> but keep the fields public
[10:40:21] <tomaka> the reason why there was a DrawParametersBuilder is to handle the compatibility stuff
[10:40:31] <tomaka> some methods would be activated at compile time
[10:40:38] <tomaka> but that has been removed entirely from glium 0.8
[10:41:02] <tomaka> so DrawparametersBuilder is pointless now
[10:41:32] <cods> so I should avoid Drawparameters::new()? (to make sure I get it)
[10:41:36] <tomaka> Yeah
[10:41:40] <cods> ok, thanks :)
[10:41:54] <tomaka> it probably won't removed soon though
[10:42:04] <tomaka> because there's no reason to remove it
[10:42:30] <tomaka> just like Texture::new_empty, that function was deprecated six months ago and has only just been removed
[10:43:05] <cods> Seems fair :)
[10:43:05] <tomaka> (in favor of ::empty with different parameters)
[10:44:44] *** Quits: SHC (quassel@moz-c5b.sqk.88.59.IP) (Ping timeout: 121 seconds)
[10:45:01] *** Joins: SHC (quassel@moz-c5b.sqk.88.59.IP)
[10:51:45] *** Joins: avikpal (avikpal@moz-hni.pde.251.117.IP)
[10:55:08] *** Quits: avikpal_ (avikpal@moz-f7f.onn.194.117.IP) (Ping timeout: 121 seconds)
[10:59:46] *** Joins: demilux (demilux@moz-73qa6c.wa.comcast.net)
[11:03:36] *** Joins: avikpal_ (avikpal@moz-f7f.onn.194.117.IP)
[11:03:48] *** Quits: demilux (demilux@moz-73qa6c.wa.comcast.net) (Ping timeout: 121 seconds)
[11:06:06] *** Joins: Lilly (Lilly@moz-pfkvo9.bredband.comhem.se)
[11:06:44] *** Quits: avikpal (avikpal@moz-hni.pde.251.117.IP) (Ping timeout: 121 seconds)
[11:13:26] *** Joins: avikpal (avikpal@moz-hni.pde.251.117.IP)
[11:13:42] *** Quits: avikpal_ (avikpal@moz-f7f.onn.194.117.IP) (Connection closed)
[11:14:04] *** Joins: avikpal_ (avikpal@moz-f7f.onn.194.117.IP)
[11:14:42] *** Quits: p1start (p1start@moz-nftjhe.org) (Ping timeout: 121 seconds)
[11:16:26] *** Joins: zacstewart (zacstewart@moz-dt6.k3d.191.67.IP)
[11:17:36] *** Quits: avikpal (avikpal@moz-hni.pde.251.117.IP) (Ping timeout: 121 seconds)
[11:19:55] *** Quits: SHC (quassel@moz-c5b.sqk.88.59.IP) (Ping timeout: 121 seconds)
[11:20:29] *** Joins: SHC (quassel@moz-i8i.b3j.3.61.IP)
[11:21:35] *** Quits: zacstewart (zacstewart@moz-dt6.k3d.191.67.IP) (Ping timeout: 121 seconds)
[11:23:06] *** Quits: nwin (textual@moz-7t2fid.pools.arcor-ip.net) (Quit: My Mac Mini has gone to sleep. ZZZzzz…)
[11:26:54] *** Joins: jensnockert (jensnockert@moz-0rd3rj.siw.siwnet.net)
[11:30:59] *** Quits: jensnockert (jensnockert@moz-0rd3rj.siw.siwnet.net) (Ping timeout: 121 seconds)
[11:32:42] *** Joins: avikpal (avikpal@moz-13h.3e4.194.117.IP)
[11:33:01] *** Quits: avikpal_ (avikpal@moz-f7f.onn.194.117.IP) (Ping timeout: 121 seconds)
[11:33:23] *** Joins: dp (dp@moz-jbmop1.gb4f.8ao9.0e35.2a01.IP)
[11:34:22] *** Joins: jaen (jaen@moz-ifmik2.copit.pl)
[11:34:54] *** Quits: lenstr (lenstr@moz-o6b.vju.25.171.IP) (A TLS packet with unexpected length was received.)
[11:35:52] *** Quits: dp_ (dp@moz-jbmop1.gb4f.8ao9.0e35.2a01.IP) (Ping timeout: 121 seconds)
[11:37:57] *** Joins: avikpal_ (avikpal@moz-ers.igl.194.117.IP)
[11:38:34] *** Quits: avikpal (avikpal@moz-13h.3e4.194.117.IP) (Ping timeout: 121 seconds)
[11:47:09] *** Joins: niconii (nicole@moz-5iorc7.frgo.qwest.net)
[11:52:35] *** Quits: bvssvni (sven@moz-it1l50.bb.online.no) (Client exited)
[12:02:58] *** Joins: daimrod (daimrod@moz-16pjc3.org)
[12:06:00] <cods> tomaka: shouldn't stencil_reference_value_clockwise: 1, stencil_depth_pass_operation_clockwise: StencilOperation::Replace, be enough to set the stencil to 1 for each successful fragment? It *seems* that the stencil is not written when I do that.
[12:06:27] *** Joins: summerlight (summerlight@moz-lb3.6do.193.175.IP)
[12:07:37] <tomaka> hmm, yeah it should work
[12:07:46] <tomaka> if your primitives are clockwise
[12:08:16] <cods> I must be doing something wrong then.
[12:09:07] *** Joins: lenstr (lenstr@moz-o6b.vju.25.171.IP)
[12:14:43] *** Joins: sambotron (sambotron@moz-nao11s.ca.comcast.net)
[12:18:45] *** Quits: sambotron (sambotron@moz-nao11s.ca.comcast.net) (Ping timeout: 121 seconds)
[12:22:02] *** Joins: crisco_ (crisco@moz-2gp.rsk.159.180.IP)
[12:23:01] <cods> tomaka: I guess I'm missing something obvious, because this program seems ok but I don't get the expected behavior: http://eden.tuxee.net/stencil.txt
[12:23:06] <cods> I'm a bit lost
[12:24:47] *** Quits: crisco__ (crisco@moz-2gp.rsk.159.180.IP) (Ping timeout: 121 seconds)
[12:26:10] <tomaka> you may wish to debug this stuff to see the state of the stencil texture
[12:26:16] <tomaka> buffer*
[12:26:46] <tomaka> a bug in glium is also possible
[12:27:46] <cods> ok. You mean exporting the stencil buffer and display it somehow? I will try that.
[12:28:25] <tomaka> I mean using an OpenGL debugger
[12:28:28] <tomaka> like apitrace
[12:29:17] <cods> ah yes. I'm still not used to these tools. That's not the first time you mention it, but I forgot about it again :)
[12:29:21] <cods> good point
[12:33:11] <cods> wow.. I'm impressed by the replay feature of apitrace.
[12:33:24] <cods> amazing
[12:36:40] *** Joins: meh (meh@moz-qcq.1lf.174.213.IP)
[12:38:04] <cods> hmm, the mask is set to 0. See item 2010 in http://eden.tuxee.net/stencil-trace.txt
[12:38:16] <cods> but I thought it was set to 0xffffff by default.
[12:38:32] <tomaka> oh
[12:39:57] <tomaka> hmm
[12:40:29] *** Joins: Rym (uid91135@moz-n2i7qm.charlton.irccloud.com)
[12:41:17] <tomaka> I think this mask is only used for the stencil test
[12:41:20] <tomaka> not when writing the value
[12:41:21] *** Quits: dmac (dmac@moz-2ig65r.ca.comcast.net) (Connection closed)
[12:41:34] *** Quits: lenstr (lenstr@moz-o6b.vju.25.171.IP) (Connection closed)
[12:41:49] <cods> hmm, yes, probably
[12:41:50] <tomaka> there's also a glStencilMask function
[12:42:03] <tomaka> but its default value is 0xfffffff so glium doesn't call it
[12:42:03] *** Joins: lenstr (lenstr@moz-o6b.vju.25.171.IP)
[12:42:18] <tomaka> however
[12:42:18] *** Joins: dmac_ (dmac@moz-2ig65r.ca.comcast.net)
[12:42:26] <tomaka> it looks like GL_STENCIL_TEST isn't enabled the first time
[12:44:18] <tomaka> I found the problem, I'm going to fix this
[12:46:05] <tomaka> https://github.com/tomaka/glium/pull/1105
[12:46:08] <tomaka> cods: ^
[12:46:23] *** Quits: dmac_ (dmac@moz-2ig65r.ca.comcast.net) (Ping timeout: 121 seconds)
[12:46:32] <cods> Great! I'm going to test it now.
[12:46:57] *** Quits: Amaranth (travis@moz-1raqsl.cpe.cableone.net) (Connection closed)
[12:47:41] *** Joins: demilux (demilux@moz-73qa6c.wa.comcast.net)
[12:49:57] <cods> compilation time is not the strongest feature of Rust :/
[12:50:25] <tomaka> I switched to the nightlies just for this
[12:50:30] *** Joins: avikpal (avikpal@moz-r72.cen.194.117.IP)
[12:50:35] <tomaka> unfortunately now I can't detect when I wrote code that doesn't work on stable rust
[12:50:40] <OmniMancer> well the length of it certainly isn't :P
[12:50:49] *** Quits: avikpal_ (avikpal@moz-ers.igl.194.117.IP) (Ping timeout: 121 seconds)
[12:51:43] *** Quits: demilux (demilux@moz-73qa6c.wa.comcast.net) (Ping timeout: 121 seconds)
[12:52:50] *** Quits: OmniMancer (OmniMancer@moz-ffb9qp.xtra.co.nz) (Quit: Leaving.)
[12:53:59] <cods> sorry, I have to fix few things to get my program to compile. (I guess some items got changed post 0.7.0)
[12:54:39] <cods> (or glutin actually)
[12:55:07] <tomaka> oh right
[12:55:14] <tomaka> there are a lot of breaking changes in master
[12:55:57] *** Quits: SHC (quassel@moz-i8i.b3j.3.61.IP) (Ping timeout: 121 seconds)
[12:56:18] <tomaka> that aren't published yet
[12:56:19] <tomaka> :-/
[12:57:22] *** Joins: SHC (quassel@moz-ml7.h7g.93.59.IP)
[12:57:41] <cods> I was doing use glium::DisplayBuild; to get the trait for build_glium, but I don't know the correct one here
[12:58:03] <fkaa> tomaka: is calling it "sparv" too similar? it's the swedish word for sparrow
[12:58:30] *** Quits: avikpal (avikpal@moz-r72.cen.194.117.IP) (Connection closed)
[13:02:03] *** Joins: avikpal (avikpal@moz-u17.mpm.194.117.IP)
[13:03:17] *** Joins: avikpal_ (avikpal@moz-u17.mpm.194.117.IP)
[13:06:13] *** Quits: avikpal (avikpal@moz-u17.mpm.194.117.IP) (Ping timeout: 121 seconds)
[13:07:39] *** Quits: avikpal_ (avikpal@moz-u17.mpm.194.117.IP) (Ping timeout: 121 seconds)
[13:08:15] <cods> tomaka: ok, I built a 0.7.0 on which I cherry-picked your fix, and it works!
[13:08:26] *** Joins: avikpal (avikpal@moz-bri.ds3.194.117.IP)
[13:11:11] *** Joins: Amaranth (travis@moz-1raqsl.cpe.cableone.net)
[13:12:52] *** Quits: avikpal (avikpal@moz-bri.ds3.194.117.IP) (Ping timeout: 121 seconds)
[13:14:28] *** Joins: sambotron (sambotron@moz-nao11s.ca.comcast.net)
[13:18:30] *** Quits: sambotron (sambotron@moz-nao11s.ca.comcast.net) (Ping timeout: 121 seconds)
[13:18:53] *** Joins: harrisonclarke (harrisoncla@moz-uur7pt.eastlink.ca)
[13:21:03] *** Joins: zacstewart (zacstewart@moz-dt6.k3d.191.67.IP)
[13:21:34] *** Joins: avikpal (avikpal@moz-ftp.fgm.194.117.IP)
[13:25:36] *** Joins: avikpal_ (avikpal@moz-kg4.uhm.194.117.IP)
[13:25:47] *** Quits: zacstewart (zacstewart@moz-dt6.k3d.191.67.IP) (Ping timeout: 121 seconds)
[13:26:51] *** Quits: avikpal (avikpal@moz-ftp.fgm.194.117.IP) (Ping timeout: 121 seconds)
[13:28:20] *** Joins: jensnockert (jensnockert@moz-0rd3rj.siw.siwnet.net)
[13:29:39] *** Quits: avikpal_ (avikpal@moz-kg4.uhm.194.117.IP) (Ping timeout: 121 seconds)
[13:32:29] *** Quits: jensnockert (jensnockert@moz-0rd3rj.siw.siwnet.net) (Ping timeout: 121 seconds)
[13:37:07] *** Joins: avikpal (avikpal@moz-meo.6ir.227.117.IP)
[13:39:27] *** Joins: avikpal_ (avikpal@moz-kg4.uhm.194.117.IP)
[13:42:21] *** Quits: avikpal (avikpal@moz-meo.6ir.227.117.IP) (Ping timeout: 121 seconds)
[13:43:02] *** Joins: dmac_ (dmac@moz-2ig65r.ca.comcast.net)
[13:47:08] *** Quits: dmac_ (dmac@moz-2ig65r.ca.comcast.net) (Ping timeout: 121 seconds)
[13:48:30] *** Joins: demilux (demilux@moz-73qa6c.wa.comcast.net)
[13:50:29] *** Quits: avikpal_ (avikpal@moz-kg4.uhm.194.117.IP) (Ping timeout: 121 seconds)
[13:52:32] *** Quits: demilux (demilux@moz-73qa6c.wa.comcast.net) (Ping timeout: 121 seconds)
[13:53:54] *** Quits: Feyn (aram@moz-0sv.5ro.115.42.IP) (Quit: Leaving)
[13:55:39] *** Joins: Gamecubic (cubic@moz-bglmk5.mc.videotron.ca)
[14:15:00] *** Joins: sambotron (sambotron@moz-nao11s.ca.comcast.net)
[14:19:05] *** Quits: sambotron (sambotron@moz-nao11s.ca.comcast.net) (Ping timeout: 121 seconds)
[14:25:09] *** Joins: filsmick (filsmick@moz-0qapam.abo.wanadoo.fr)
[14:26:55] *** Joins: mindtree (Mitch@moz-5iui92.iprimus.net.au)
[14:27:36] *** SHC is now known as SHC[Dinner]
[14:27:49] *** Joins: avikpal (avikpal@moz-4mu.o7g.194.117.IP)
[14:28:48] *** Joins: blue_deref (blue_deref@moz-eqnijv.res.rr.com)
[14:31:20] *** Quits: lenstr (lenstr@moz-o6b.vju.25.171.IP) (Connection closed)
[14:31:49] *** Joins: lenstr (lenstr@moz-o6b.vju.25.171.IP)
[14:39:39] *** Quits: crisco_ (crisco@moz-2gp.rsk.159.180.IP) (Ping timeout: 121 seconds)
[14:39:43] *** Quits: meh (meh@moz-qcq.1lf.174.213.IP) (Ping timeout: 121 seconds)
[14:43:45] *** Joins: crisco (crisco@moz-kae.ahv.159.180.IP)
[14:43:47] *** Joins: dmac_ (dmac@moz-2ig65r.ca.comcast.net)
[14:44:45] *** Joins: wipeD (wipeD@moz-roiskj.dynamic.kabel-deutschland.de)
[14:47:53] *** Quits: dmac_ (dmac@moz-2ig65r.ca.comcast.net) (Ping timeout: 121 seconds)
[14:47:56] *** Quits: crisco (crisco@moz-kae.ahv.159.180.IP) (Ping timeout: 121 seconds)
[14:48:49] *** Quits: lenstr (lenstr@moz-o6b.vju.25.171.IP) (Connection closed)
[14:49:14] *** Joins: lenstr (lenstr@moz-o6b.vju.25.171.IP)
[14:50:04] *** Joins: crisco (crisco@moz-kae.ahv.159.180.IP)
[14:50:48] <SHC[Dinner]> I'm back
[14:50:50] *** SHC[Dinner] is now known as SHC
[14:53:11] *** Quits: harrisonclarke (harrisoncla@moz-uur7pt.eastlink.ca) (Connection closed)
[14:53:17] <fkaa> welcome back
[14:54:51] *** Quits: crisco (crisco@moz-kae.ahv.159.180.IP) (Ping timeout: 121 seconds)
[14:55:07] *** Joins: James__ (quassel@moz-vcnd98.range86-148.btcentralplus.com)
[14:56:28] *** Joins: crisco (crisco@moz-kae.ahv.159.180.IP)
[14:57:26] *** Joins: avikpal_ (avikpal@moz-fiu.6lo.194.117.IP)
[14:57:48] *** Quits: avikpal (avikpal@moz-4mu.o7g.194.117.IP) (Ping timeout: 121 seconds)
[15:00:06] *** Joins: dmac_ (dmac@moz-2ig65r.ca.comcast.net)
[15:03:11] *** Quits: avikpal_ (avikpal@moz-fiu.6lo.194.117.IP) (Ping timeout: 121 seconds)
[15:04:12] *** Quits: dmac_ (dmac@moz-2ig65r.ca.comcast.net) (Ping timeout: 121 seconds)
[15:11:07] *** Joins: avikpal (avikpal@moz-kqp.mpm.194.117.IP)
[15:14:41] *** Joins: sambotron (sambotron@moz-nao11s.ca.comcast.net)
[15:18:45] *** Quits: sambotron (sambotron@moz-nao11s.ca.comcast.net) (Ping timeout: 121 seconds)
[15:19:54] *** Quits: filsmick (filsmick@moz-0qapam.abo.wanadoo.fr) (Quit: )
[15:20:54] *** Quits: wipeD (wipeD@moz-roiskj.dynamic.kabel-deutschland.de) (Quit: G'bye)
[15:21:36] *** Joins: meh (meh@moz-g90ndo.retail.telecomitalia.it)
[15:24:01] *** Joins: zacstewart (zacstewart@moz-dt6.k3d.191.67.IP)
[15:28:59] *** Quits: zacstewart (zacstewart@moz-dt6.k3d.191.67.IP) (Ping timeout: 121 seconds)
[15:29:51] *** Joins: jensnockert (jensnockert@moz-0rd3rj.siw.siwnet.net)
[15:30:02] *** Quits: avikpal (avikpal@moz-kqp.mpm.194.117.IP) (Ping timeout: 121 seconds)
[15:31:33] *** Quits: m12y (uid18341@moz-fjj182.highgate.irccloud.com) (Quit: Connection closed for inactivity)
[15:31:50] *** Joins: zacstewart (zacstewart@moz-dt6.k3d.191.67.IP)
[15:32:36] *** Joins: ytain (ytain@moz-u0rb5h.dsl.teksavvy.com)
[15:34:00] *** Quits: jensnockert (jensnockert@moz-0rd3rj.siw.siwnet.net) (Ping timeout: 121 seconds)
[15:36:35] *** Joins: demilux (demilux@moz-73qa6c.wa.comcast.net)
[15:40:37] *** Quits: demilux (demilux@moz-73qa6c.wa.comcast.net) (Ping timeout: 121 seconds)
[15:40:43] *** Joins: kxlzz (kxlzz@moz-a3bguo.vc.shawcable.net)
[15:44:31] *** Joins: dmac_ (dmac@moz-2ig65r.ca.comcast.net)
[15:45:56] *** Joins: avikpal (avikpal@moz-nrr.44h.238.117.IP)
[15:50:06] *** Quits: dmac_ (dmac@moz-2ig65r.ca.comcast.net) (Ping timeout: 121 seconds)
[15:51:08] *** Quits: SHC (quassel@moz-ml7.h7g.93.59.IP) (A TLS packet with unexpected length was received.)
[15:53:41] *** Joins: harrisonclarke (harrisoncla@moz-uur7pt.eastlink.ca)
[15:53:44] *** Joins: avikpal_ (avikpal@moz-h4c.ti7.194.117.IP)
[15:53:57] *** Quits: crisco (crisco@moz-kae.ahv.159.180.IP) (Connection closed)
[15:55:24] *** Joins: crisco (crisco@moz-kae.ahv.159.180.IP)
[15:56:48] *** Quits: avikpal (avikpal@moz-nrr.44h.238.117.IP) (Ping timeout: 121 seconds)
[15:57:46] *** Quits: harrisonclarke (harrisoncla@moz-uur7pt.eastlink.ca) (Ping timeout: 121 seconds)
[15:58:42] *** Quits: avikpal_ (avikpal@moz-h4c.ti7.194.117.IP) (Ping timeout: 121 seconds)
[16:06:01] *** Quits: bakibour (foo@moz-v9dkd8.dip0.t-ipconnect.de) (Connection closed)
[16:07:05] *** Quits: lenstr (lenstr@moz-o6b.vju.25.171.IP) (A TLS packet with unexpected length was received.)
[16:09:46] *** Joins: lenstr (lenstr@moz-o6b.vju.25.171.IP)
[16:10:16] *** Joins: Twinklebear (Twinklebear@moz-i64rdh.sdch.27e3.0000.2601.IP)
[16:16:59] *** Quits: crisco (crisco@moz-kae.ahv.159.180.IP) (Ping timeout: 121 seconds)
[16:17:01] *** Quits: hhhhhhhhhh (mike@moz-q0052j.access.telenet.be) (Quit: WeeChat 1.2)
[16:18:06] *** Joins: crisco (crisco@moz-kae.ahv.159.180.IP)
[16:23:38] *** Quits: crisco (crisco@moz-kae.ahv.159.180.IP) (Ping timeout: 121 seconds)
[16:25:04] *** Joins: crisco (crisco@moz-kae.ahv.159.180.IP)
[16:30:29] *** Joins: avikpal (avikpal@moz-ecs.meh.194.117.IP)
[16:32:22] *** Joins: crisco_ (crisco@moz-kae.ahv.159.180.IP)
[16:33:00] *** Quits: summerlight (summerlight@moz-lb3.6do.193.175.IP) (Ping timeout: 121 seconds)
[16:35:20] *** Quits: crisco (crisco@moz-kae.ahv.159.180.IP) (Ping timeout: 121 seconds)
[16:36:02] *** Joins: avikpal_ (avikpal@moz-v22.nmc.194.117.IP)
[16:36:26] *** Quits: avikpal (avikpal@moz-ecs.meh.194.117.IP) (Ping timeout: 121 seconds)
[16:36:30] *** Quits: crisco_ (crisco@moz-kae.ahv.159.180.IP) (Ping timeout: 121 seconds)
[16:38:55] *** Joins: crisco (crisco@moz-kae.ahv.159.180.IP)
[16:41:48] *** Quits: lenstr (lenstr@moz-o6b.vju.25.171.IP) (Quit: Leaving...)
[16:42:02] *** Joins: harrisonclarke (harrisoncla@moz-uur7pt.eastlink.ca)
[16:46:00] *** Quits: avikpal_ (avikpal@moz-v22.nmc.194.117.IP) (Ping timeout: 121 seconds)
[16:54:50] *** Joins: isaacd (quassel@moz-3o2.tb2.56.172.IP)
[16:55:16] *** Quits: isaacd (quassel@moz-3o2.tb2.56.172.IP) (A TLS packet with unexpected length was received.)
[17:07:26] *** Joins: dmac (dmac@moz-2ig65r.ca.comcast.net)
[17:24:41] *** Joins: demilux (demilux@moz-73qa6c.wa.comcast.net)
[17:28:09] *** Joins: sambotron (sambotron@moz-nao11s.ca.comcast.net)
[17:28:43] *** Quits: demilux (demilux@moz-73qa6c.wa.comcast.net) (Ping timeout: 121 seconds)
[17:31:18] *** Joins: filsmick (filsmick@moz-0qapam.abo.wanadoo.fr)
[17:31:19] *** Joins: jensnockert (jensnockert@moz-0rd3rj.siw.siwnet.net)
[17:32:16] *** Quits: sambotron (sambotron@moz-nao11s.ca.comcast.net) (Ping timeout: 121 seconds)
[17:35:28] *** Quits: jensnockert (jensnockert@moz-0rd3rj.siw.siwnet.net) (Ping timeout: 121 seconds)
[17:39:15] <meh> http://i.imgur.com/2sDIFZI.png why are fonts so complicated
[17:39:16] *** Quits: crisco (crisco@moz-kae.ahv.159.180.IP) (Ping timeout: 121 seconds)
[17:39:31] *** Joins: crisco (crisco@moz-kae.ahv.159.180.IP)
[17:42:05] <Layl> because if it were simple, people wouldn't hire programmers
[17:42:09] <Layl> obviously
[17:46:49] <meh> lol
[17:47:15] <meh> the bounding box stuff in BDF is pants on head retarded
[17:47:24] <meh> I don't want to know how it is in TTF
[17:59:01] *** Quits: blue_deref (blue_deref@moz-eqnijv.res.rr.com) (Quit: bbn)
[18:01:06] *** Joins: avikpal (avikpal@moz-316.igl.194.117.IP)
[18:05:25] *** Joins: crisco_ (crisco@moz-kae.ahv.159.180.IP)
[18:05:43] *** Quits: crisco (crisco@moz-kae.ahv.159.180.IP) (Ping timeout: 121 seconds)
[18:06:57] *** Joins: dmac_ (dmac@moz-ld7hrd.hfc.comcastbusiness.net)
[18:07:14] *** Quits: Twinklebear (Twinklebear@moz-i64rdh.sdch.27e3.0000.2601.IP) (Quit: Leaving)
[18:09:47] *** Joins: avikpal_ (avikpal@moz-mep.6lo.194.117.IP)
[18:09:50] *** Quits: crisco_ (crisco@moz-kae.ahv.159.180.IP) (Ping timeout: 121 seconds)
[18:10:09] *** Quits: avikpal (avikpal@moz-316.igl.194.117.IP) (Ping timeout: 121 seconds)
[18:11:50] *** Joins: crisco (crisco@moz-kae.ahv.159.180.IP)
[18:11:51] *** Joins: demilux (demilux@moz-73qa6c.wa.comcast.net)
[18:14:02] *** Joins: kazimuth (james@moz-lff16e.wa.comcast.net)
[18:20:16] *** Joins: avikpal (avikpal@moz-0qm.9fs.194.117.IP)
[18:20:46] *** Quits: avikpal_ (avikpal@moz-mep.6lo.194.117.IP) (Ping timeout: 121 seconds)
[18:24:40] *** Joins: crisco_ (crisco@moz-kae.ahv.159.180.IP)
[18:25:15] *** Quits: avikpal (avikpal@moz-0qm.9fs.194.117.IP) (Ping timeout: 121 seconds)
[18:27:20] *** Quits: crisco (crisco@moz-kae.ahv.159.180.IP) (Ping timeout: 121 seconds)
[18:27:34] *** Joins: sambotron (sambotron@moz-nao11s.ca.comcast.net)
[18:30:22] *** Joins: avikpal (avikpal@moz-u7p.36b.194.117.IP)
[18:31:53] *** Quits: sambotron (sambotron@moz-nao11s.ca.comcast.net) (Ping timeout: 121 seconds)
[18:34:36] *** Quits: avikpal (avikpal@moz-u7p.36b.194.117.IP) (Ping timeout: 121 seconds)
[18:34:42] *** Quits: crisco_ (crisco@moz-kae.ahv.159.180.IP) (Ping timeout: 121 seconds)
[18:34:57] *** Joins: crisco (crisco@moz-kae.ahv.159.180.IP)
[18:37:06] *** Joins: avikpal (avikpal@moz-s6n.89l.98.59.IP)
[18:40:31] *** Quits: avikpal (avikpal@moz-s6n.89l.98.59.IP) (Connection closed)
[18:41:11] *** Joins: avikpal (avikpal@moz-s6n.89l.98.59.IP)
[18:42:03] *** Joins: bvssvni (sven@moz-it1l50.bb.online.no)
[18:42:31] *** Joins: Kalic (Mibbit@moz-6bc4to.ca.comcast.net)
[18:45:17] *** Quits: avikpal (avikpal@moz-s6n.89l.98.59.IP) (Ping timeout: 121 seconds)
[18:46:13] *** Quits: Kalic (Mibbit@moz-6bc4to.ca.comcast.net) (Quit: http://www.mibbit.com ajax IRC Client)
[18:46:21] *** Joins: Ferreus (ferreus@moz-jadhne.bm0o.e3nf.2028.2a02.IP)
[18:48:20] *** Joins: bdero (bran@moz-fc57gf.ma.comcast.net)
[18:55:13] *** Joins: jensnockert (jensnockert@moz-pvj.o2f.219.84.IP)
[18:55:58] *** Joins: m12y (uid18341@moz-fjj182.highgate.irccloud.com)
[19:00:16] *** Quits: meh (meh@moz-g90ndo.retail.telecomitalia.it) (Ping timeout: 121 seconds)
[19:00:44] *** Quits: jensnockert (jensnockert@moz-pvj.o2f.219.84.IP) (Connection closed)
[19:06:06] *** Quits: eljay (eljay@moz-fmte10.skybroadband.com) (Quit: Leaving)
[19:12:15] *** Quits: dustinm` (dustinm@moz-es6jb7.ip-167-114-152.net) (Ping timeout: 121 seconds)
[19:15:51] *** Quits: bvssvni (sven@moz-it1l50.bb.online.no) (Connection closed)
[19:22:33] *** Quits: demilux (demilux@moz-73qa6c.wa.comcast.net) (A TLS packet with unexpected length was received.)
[19:22:53] *** Quits: Rym (uid91135@moz-n2i7qm.charlton.irccloud.com) (Quit: Connection closed for inactivity)
[19:29:46] *** Joins: summerlight (summerlight@moz-lb3.6do.193.175.IP)
[19:32:50] *** Joins: jensnockert (jensnockert@moz-0rd3rj.siw.siwnet.net)
[19:35:57] *** Joins: kkus (kkus@moz-oqbbml.fios.verizon.net)
[19:36:50] *** Joins: EspressoDan (EspressoDan@moz-oc3.uaj.241.66.IP)
[19:36:59] *** Quits: jensnockert (jensnockert@moz-0rd3rj.siw.siwnet.net) (Ping timeout: 121 seconds)
[19:40:14] <Layl> tomaka, ping
[19:40:20] <tomaka> pong
[19:40:23] <Layl> glium is blowing up when compiling for me
[19:40:32] <Layl> in turn, jamkit is blowing up
[19:40:41] <Layl> and in turn, my game project is blowing up
[19:40:42] <tomaka> ?
[19:40:53] <Layl> something with the win32 part
[19:40:54] <tomaka> what do you mean by blowing up?
[19:40:58] <tomaka> ah it fails to compile
[19:41:01] <Layl> lots of compile errors yea
[19:41:04] <fkaa> probably glutin?
[19:41:08] <tomaka> let me publish a new version of glutin
[19:41:13] <tomaka> I wanted to do that earlier and forgot
[19:41:15] <Layl> thanks
[19:41:21] <fkaa> </notconfusingnamesatall:)>
[19:41:41] <Layl> did winapi-rs publish a new version that was incompatible with the old one without bumping the 0.x?
[19:42:02] <Elaine> version numbers that start with 0 don't have any compatibility
[19:42:24] <tomaka> Layl: yeah, though it's more like a bugfix
[19:42:33] <tomaka> that happens to be breaking
[19:42:41] <Layl> Elaine, yea but from what I understand the unwritten rule is to have 0.x be the breaking change one before 1.0
[19:42:55] <tomaka> I also noticed this problem with gl-rs by the way
[19:43:04] <tomaka> The OpenGL official files often have mistakes
[19:43:07] <Layl> which is probably currently still kinda important since almost no library is at 1.0
[19:43:08] <tomaka> for example wrong typedefs
[19:43:16] <tomaka> and if we update the files, it can cause breakages
[19:43:21] <tomaka> though technically there are bugfixes
[19:43:37] <tomaka> they*
[19:44:46] <Layl> I have to brb just a bit, I'll bump my glium version when I get back, thanks for looking into it
[19:44:54] *** Joins: bvssvni (sven@moz-it1l50.bb.online.no)
[19:45:01] <tomaka> your glutin version*
[19:45:10] <Layl> well I'm not directly using glutin
[19:45:20] <Layl> can't bump glutin if it's not in my Cargo.toml file
[19:45:28] <tomaka> run `cargo update -p glutin`
[19:45:42] <Layl> ah yea I can cargo update it
[19:45:55] *** Joins: meh (meh@moz-f4dpre.42-151.net24.it)
[19:45:56] <tomaka> should be good in ~1mn
[19:49:36] *** Joins: goshfuckingdarnit (goshfucking@moz-klglj5.res.bhn.net)
[19:50:36] <tomaka> oh wait
[19:50:47] <tomaka> I just realized that glium 0.7 still uses glutin 0.2
[19:50:50] <tomaka> instead of glutin 0.3
[19:50:58] <tomaka> I'm going to backport the change to glutin 0.2
[19:51:12] *** Joins: dustinm` (dustinm@moz-1c1j82.fu2o.sj0n.5300.2607.IP)
[19:52:45] *** Joins: panitaliemom (Mibbit@moz-h1hpvh.bredband.comhem.se)
[19:52:52] *** Quits: bdero (bran@moz-fc57gf.ma.comcast.net) (Ping timeout: 121 seconds)
[19:53:30] *** Joins: kxlzz` (kxlzz@moz-a3bguo.vc.shawcable.net)
[19:55:10] <panitaliemom> Hey I'm trying to run the basic piston spinning square example, but I get 55 errors when it tries to compile glutin, anyone got any idea what I've done wrong?
[19:55:26] <goshfuckingdarnit> I was told I should ask here - can anyone recommend a fairly simple way to get live-generated 2D graphics on the screen?
[19:55:35] <goshfuckingdarnit>  If I were using C, I'd be writing directly to an SDL pixel buffer. Still a valid option, just wondering if there might be a better way to do it
[19:55:45] <tomaka> panitaliemom: try running `cargo update -p glutin`
[19:55:56] <tomaka> panitaliemom: a fix was just published 2mna go
[19:55:59] <tomaka> 2mn ago*
[19:56:20] <panitaliemom> awesome, thanks
[19:56:45] *** Quits: kxlzz (kxlzz@moz-a3bguo.vc.shawcable.net) (Ping timeout: 121 seconds)
[19:57:17] *** Quits: EspressoDan (EspressoDan@moz-oc3.uaj.241.66.IP) (Ping timeout: 121 seconds)
[19:57:39] <meh> goshfuckingdarnit, personally, I'd go with image + glium
[19:58:04] <meh> goshfuckingdarnit, you create a DynamicImage of the dimensions you need, write pixels to it and render it as a texture with glium
[19:58:26] <meh> the rendering part shouldn't be much code, I can conjure up a simple example for you if you need
[19:58:51] *** Joins: vortex (vortex@moz-skqfhn.novotelecom.ru)
[19:59:21] <bvssvni> goshfuckingdarnit: there is an example updating a texture here https://github.com/PistonDevelopers/piston-examples/blob/master/src/paint.rs
[20:03:24] *** Joins: dkeenaghan (dkeenaghan@moz-oeu.k7g.100.89.IP)
[20:07:57] <panitaliemom> ok after updating gluting, when I try to run the example I get the main thread panicking at "called 'Result::unwrap()' on an 'Err' value: OsError("OpenGL context creation failed: The operation completed successfully.\r\n (os error 0)")
[20:08:22] <panitaliemom> is glutin just broken at the moment?
[20:08:37] <tomaka> panitaliemom: Try running it again
[20:08:55] <tomaka> to see there's always the error
[20:08:58] <tomaka> if*
[20:09:15] <panitaliemom> oh yeah, it happens every time
[20:09:21] <tomaka> hmmm
[20:09:41] <bvssvni> could it be that the opengl version is not supported?
[20:09:52] <tomaka> I sometimes have this error on my machine as well, but something like one out of twenty times
[20:10:11] <tomaka> and basically I have absolutely no idea of the reason why it happens
[20:10:31] <tomaka> panitaliemom: is it glutin 0.2.4 or 0.3.2?
[20:10:50] <panitaliemom> 0.2.4
[20:11:06] <tomaka> 0.3.2 would be better as I added some more diagnostics :-/
[20:11:13] <tomaka> but it contains breaking changes compared to 0.2
[20:11:16] <panitaliemom> It's just getting that dependency from piston as far as I can tell
[20:12:44] *** Quits: dkeenaghan (dkeenaghan@moz-oeu.k7g.100.89.IP) (Client exited)
[20:14:29] *** Joins: p1start (p1start@moz-nftjhe.org)
[20:15:52] <bvssvni> perhaps we should build a tool that does dependency updates automatically
[20:16:00] *** Joins: eddyb_ (eddyb@moz-iut.q07.26.188.IP)
[20:16:31] <bvssvni> or make it a one-click job
[20:16:46] *** Quits: dlight (dlight@moz-i79.7n9.135.177.IP) (A TLS packet with unexpected length was received.)
[20:17:31] *** Quits: eddyb (eddyb@moz-042.8f9.121.86.IP) (Ping timeout: 121 seconds)
[20:17:33] *** Joins: bdero (bran@moz-fc57gf.ma.comcast.net)
[20:19:44] *** Joins: genbattle (genbattle@moz-4v0.gkd.16.182.IP)
[20:20:27] <Layl> tomaka, thanks it's running again
[20:20:37] *** Quits: p1start (p1start@moz-nftjhe.org) (Ping timeout: 121 seconds)
[20:22:51] *** Quits: summerlight (summerlight@moz-lb3.6do.193.175.IP) (Ping timeout: 121 seconds)
[20:25:22] *** Joins: lenstr (lenstr@moz-ip2.vju.25.171.IP)
[20:25:46] *** Quits: oakwhiz (oakwhiz@moz-26tbpb.vc.shawcable.net) (Ping timeout: 121 seconds)
[20:25:47] *** Joins: oakwhiz_ (oakwhiz@moz-26tbpb.vc.shawcable.net)
[20:27:15] *** Quits: panitaliemom (Mibbit@moz-h1hpvh.bredband.comhem.se) (Quit: http://www.mibbit.com ajax IRC Client)
[20:32:45] *** Joins: Twinklebear (Twinklebear@moz-gncvoo.sdch.27e3.0000.2601.IP)
[20:32:56] *** Quits: dmac_ (dmac@moz-ld7hrd.hfc.comcastbusiness.net) (Ping timeout: 121 seconds)
[20:34:01] *** Joins: madmalik (uid13697@moz-lfin5p.brockwell.irccloud.com)
[20:41:33] *** Joins: DDR (David@moz-m0hr92.vc.shawcable.net)
[20:43:44] *** Quits: Jackneill (Jackneill@moz-o8nr64.static.digikabel.hu) (A TLS packet with unexpected length was received.)
[20:47:21] *** Quits: kazimuth (james@moz-lff16e.wa.comcast.net) (Ping timeout: 121 seconds)
[20:51:00] *** Joins: zyphrus (David@moz-ba5.pas.98.101.IP)
[20:52:54] *** Joins: Rym (uid91135@moz-n2i7qm.charlton.irccloud.com)
[20:56:40] *** Joins: dkeenaghan (dkeenaghan@moz-oeu.k7g.100.89.IP)
[21:01:44] *** Joins: jensnockert (jensnockert@moz-pvj.o2f.219.84.IP)
[21:02:46] *** Quits: zacstewart (zacstewart@moz-dt6.k3d.191.67.IP) (Connection closed)
[21:05:46] *** Quits: jensnockert (jensnockert@moz-pvj.o2f.219.84.IP) (Ping timeout: 121 seconds)
[21:06:00] *** Joins: orangeshark (erik@moz-a5sdc4.44tj.56ot.0306.2602.IP)
[21:08:17] *** Quits: harrisonclarke (harrisoncla@moz-uur7pt.eastlink.ca) (Connection closed)
[21:10:29] *** Joins: dmac_ (dmac@moz-jen1k8.ca.comcast.net)
[21:11:13] *** Quits: Gamecubic (cubic@moz-bglmk5.mc.videotron.ca) (Quit: Leaving)
[21:11:48] *** Joins: zacstewart (zacstewart@moz-dt6.k3d.191.67.IP)
[21:13:48] *** Joins: Gabriel_7 (Gabriel@moz-0e13rm.mtgr.92aj.0e35.2a01.IP)
[21:23:08] *** Quits: zacstewart (zacstewart@moz-dt6.k3d.191.67.IP) (Connection closed)
[21:23:09] *** Joins: demilux (demilux@moz-73qa6c.wa.comcast.net)
[21:23:10] *** Quits: filsmick (filsmick@moz-0qapam.abo.wanadoo.fr) (Quit: )
[21:28:07] *** Quits: demilux (demilux@moz-73qa6c.wa.comcast.net) (Ping timeout: 121 seconds)
[21:28:11] <Layl> tomaka, does glutin support layered windows?
[21:29:14] <fkaa> layered how?
[21:29:21] <fkaa> always on top kind of layered?
[21:29:29] <Layl> https://msdn.microsoft.com/en-us/library/ms997507.aspx
[21:30:07] *** Joins: demilux (demilux@moz-73qa6c.wa.comcast.net)
[21:30:15] <Elaine> I'm not sure about through that API, but it does support transparent windows.
[21:30:40] <Layl> that's all I needed to know, thanks
[21:31:25] <Elaine> .with_transparency(true)
[21:31:31] *** Quits: ytain (ytain@moz-u0rb5h.dsl.teksavvy.com) (Quit: Textual IRC Client: www.textualapp.com)
[21:34:33] *** Joins: jensnockert (jensnockert@moz-0rd3rj.siw.siwnet.net)
[21:38:33] *** Quits: zyphrus (David@moz-ba5.pas.98.101.IP) (Ping timeout: 121 seconds)
[21:38:44] *** Quits: jensnockert (jensnockert@moz-0rd3rj.siw.siwnet.net) (Ping timeout: 121 seconds)
[21:40:01] *** Quits: dkeenaghan (dkeenaghan@moz-oeu.k7g.100.89.IP) (Client exited)
[21:40:08] *** Joins: dkeenaghan (dkeenaghan@moz-oeu.k7g.100.89.IP)
[21:40:21] *** Joins: harrisonclarke (harrisoncla@moz-uur7pt.eastlink.ca)
[21:41:20] *** Joins: harrison_ (harrisoncla@moz-uur7pt.eastlink.ca)
[21:41:20] *** Quits: harrisonclarke (harrisoncla@moz-uur7pt.eastlink.ca) (Connection closed)
[21:43:59] *** Joins: oahner (oahner@moz-pjeneq.mc.videotron.ca)
[21:44:10] *** Quits: dkeenaghan (dkeenaghan@moz-oeu.k7g.100.89.IP) (Client exited)
[21:44:20] *** Joins: jensnockert (jensnockert@moz-pvj.o2f.219.84.IP)
[21:46:01] *** Joins: qrlpx (smuxi@moz-age8io.dip0.t-ipconnect.de)
[21:51:27] *** Quits: dmac_ (dmac@moz-jen1k8.ca.comcast.net) (Ping timeout: 121 seconds)
[21:51:53] *** Joins: zacstewart (zacstewart@moz-dt6.k3d.191.67.IP)
[21:53:02] *** Parts: goshfuckingdarnit (goshfucking@moz-klglj5.res.bhn.net) ("Leaving")
[21:55:38] *** Joins: csherratt (textual@moz-135n4o.cpe.teksavvy.com)
[22:00:41] *** Joins: Binero (Binero@moz-33frsg.tp6s.jp58.a03f.2a02.IP)
[22:13:44] *** Joins: blueridanus (Mibbit@moz-k63.43p.20.201.IP)
[22:14:15] *** Quits: vortex (vortex@moz-skqfhn.novotelecom.ru) (Ping timeout: 121 seconds)
[22:19:01] *** Quits: jensnockert (jensnockert@moz-pvj.o2f.219.84.IP) (Connection closed)
[22:24:48] *** Joins: fkaa_ (fkaa@moz-aoro5s.cust.tele2.se)
[22:27:57] *** Quits: fkaa (fkaa@moz-501od2.business.telia.com) (Ping timeout: 121 seconds)
[22:28:07] *** Quits: James__ (quassel@moz-vcnd98.range86-148.btcentralplus.com) (Ping timeout: 121 seconds)
[22:29:38] *** Joins: summerlight (summerlight@moz-lb3.6do.193.175.IP)
[22:38:18] *** Quits: demilux (demilux@moz-73qa6c.wa.comcast.net) (A TLS packet with unexpected length was received.)
[22:40:44] *** Joins: blue_deref (blue_deref@moz-eqnijv.res.rr.com)
[22:45:41] *** Quits: summerlight (summerlight@moz-lb3.6do.193.175.IP) (Ping timeout: 121 seconds)
[22:57:09] *** Quits: bvssvni (sven@moz-it1l50.bb.online.no) (Client exited)
[22:57:35] *** Joins: agmcleod (textual@moz-ujm8pm.cpe.teksavvy.com)
[23:04:15] <Pierre_M> What would be the best reccomendation for making something 2d, sprite based?  glium_graphics?  sdl2_window?  or something else?
[23:05:03] *** Quits: geb019 (geb019@moz-fhohco.cpe.pppoe.ca) (A TLS packet with unexpected length was received.)
[23:05:05] <Binero> I use glium 
[23:05:12] <Binero> without the piston wrapper though 
[23:05:29] <Pierre_M> ok
[23:05:39] <Pierre_M> that could be where i was getting into trouble, i was using the piston wrapper
[23:11:31] *** Quits: agmcleod (textual@moz-ujm8pm.cpe.teksavvy.com) (Quit: Textual IRC Client: www.textualapp.com)
[23:13:12] *** Joins: Gamecubic (cubic@moz-bglmk5.mc.videotron.ca)
[23:15:15] *** Quits: Twinklebear (Twinklebear@moz-gncvoo.sdch.27e3.0000.2601.IP) (Ping timeout: 121 seconds)
[23:16:22] *** Joins: Twinklebear (Twinklebear@moz-6mva0t.sdch.27e3.0000.2601.IP)
[23:21:59] *** Joins: qrlpx_ (smuxi@moz-n0h74d.dip0.t-ipconnect.de)
[23:22:00] *** Quits: qrlpx (smuxi@moz-age8io.dip0.t-ipconnect.de) (Ping timeout: 121 seconds)
[23:26:10] *** Joins: Wild_Cat (Max@moz-p74.mqf.175.108.IP)
[23:26:13] *** Quits: qrlpx_ (smuxi@moz-n0h74d.dip0.t-ipconnect.de) (Ping timeout: 121 seconds)
[23:26:15] *** Quits: madmalik (uid13697@moz-lfin5p.brockwell.irccloud.com) (Quit: Connection closed for inactivity)
[23:26:16] *** Quits: Ferreus (ferreus@moz-jadhne.bm0o.e3nf.2028.2a02.IP) (Connection closed)
[23:29:18] <Layl> hm, what's a common way to represent different collider types in a ECS
[23:29:47] <Layl> separate components per collider types, or one physics-related component that has a collider property
[23:29:56] *** Joins: crisco_ (crisco@moz-kae.ahv.159.180.IP)
[23:31:00] *** Joins: qrlpx (smuxi@moz-n7t.3nb.211.95.IP)
[23:31:30] *** Quits: crisco (crisco@moz-kae.ahv.159.180.IP) (Ping timeout: 121 seconds)
[23:33:20] *** Joins: demilux (demilux@moz-73qa6c.wa.comcast.net)
[23:33:27] *** Joins: dpc (dpc@moz-t6gr4b.ca.comcast.net)
[23:34:57] *** Joins: crisco__ (crisco@moz-kae.ahv.159.180.IP)
[23:35:55] *** Joins: jensnockert (jensnockert@moz-0rd3rj.siw.siwnet.net)
[23:36:01] *** Quits: crisco_ (crisco@moz-kae.ahv.159.180.IP) (Ping timeout: 121 seconds)
[23:39:58] *** Quits: jensnockert (jensnockert@moz-0rd3rj.siw.siwnet.net) (Ping timeout: 121 seconds)
[23:44:34] *** Joins: Kalic (Kalic@moz-6bc4to.ca.comcast.net)
[23:46:22] *** Quits: Twinklebear (Twinklebear@moz-6mva0t.sdch.27e3.0000.2601.IP) (Connection closed)
[23:47:21] *** Quits: Binero (Binero@moz-33frsg.tp6s.jp58.a03f.2a02.IP) (Quit: Leaving)
[23:49:22] *** Quits: zacstewart (zacstewart@moz-dt6.k3d.191.67.IP) (Connection closed)
[23:57:07] *** Quits: Gabriel_7 (Gabriel@moz-0e13rm.mtgr.92aj.0e35.2a01.IP) (Connection closed)
