[00:05:02] *** Joins: erz (erz@moz-n26c5c.broadband.corbina.ru)
[00:05:33] *** Joins: steshaw (uid30841@moz-eom82r.uxbridge.irccloud.com)
[00:15:53] *** Quits: fkaa_ (tundmatu@moz-501od2.business.telia.com) (Ping timeout: 121 seconds)
[00:15:55] *** Quits: dpc (dpc@moz-t6gr4b.ca.comcast.net) (Connection closed)
[00:18:13] *** Joins: dpc (dpc@moz-a8v.6sn.162.73.IP)
[00:21:38] *** Quits: Tobba (Tobba@moz-o13d22.bredband.telia.com) (Ping timeout: 121 seconds)
[00:22:06] *** Quits: SerialVelocity (SerialVeloc@moz-attia0.cable.virginm.net) (Quit: My Mac has gone to sleep. ZZZzzz…)
[00:31:45] *** Joins: kazimuth (james@moz-n85.696.189.18.IP)
[00:33:55] *** Quits: zyphrus (David@moz-1a4.urk.98.101.IP) (Ping timeout: 121 seconds)
[00:33:57] *** Quits: erickt (erickt@moz-4hh.6p3.217.74.IP) (Ping timeout: 121 seconds)
[00:35:12] *** Quits: Wild_Cat (Max@moz-fa8mvt.dsl.teksavvy.com) (Ping timeout: 121 seconds)
[00:40:03] *** Quits: aepsil0n (eduard@moz-6491ha.mv2h.pepi.8071.2a02.IP) (Connection closed)
[00:41:22] *** Quits: mindtree (Mitch@moz-fog.g9r.240.116.IP) (Quit: leaving)
[00:48:27] *** Quits: sargas (sargas@moz-863roc.hfc.comcastbusiness.net) (Quit: Leaving)
[00:54:24] *** Joins: indefini (indefini@moz-4p4v25.ucom.ne.jp)
[00:58:06] *** Joins: lenstr (lenstr@moz-el8.vju.25.171.IP)
[00:59:18] *** Quits: lenstr (lenstr@moz-el8.vju.25.171.IP) (A TLS packet with unexpected length was received.)
[00:59:27] *** Joins: lenstr (lenstr@moz-el8.vju.25.171.IP)
[01:00:28] *** Joins: SiegeLord (sl@moz-9jtaei.ca.comcast.net)
[01:00:35] *** Quits: lenstr (lenstr@moz-el8.vju.25.171.IP) (A TLS packet with unexpected length was received.)
[01:01:20] *** Quits: pcwalton (pcwalton@moz-l8ebtf.sfo1.mozilla.com) (Client exited)
[01:06:00] *** Quits: Gabriel_7 (Gabriel@moz-its6n2.mtgr.92aj.0e35.2a01.IP) (Connection closed)
[01:07:39] *** Quits: matp (matp@moz-rvt9hl.matp.at) (Connection closed)
[01:09:06] *** Joins: Wild_Cat (Max@moz-fa8mvt.dsl.teksavvy.com)
[01:09:27] *** Quits: dmac_ (dmac@moz-4kcd1c.ca.comcast.net) (Ping timeout: 121 seconds)
[01:12:27] *** Quits: dpc (dpc@moz-a8v.6sn.162.73.IP) (Ping timeout: 121 seconds)
[01:20:36] *** Quits: harrisonclarke (harrisoncla@moz-uur7pt.eastlink.ca) (Connection closed)
[01:22:57] *** Joins: fkaa (tundmatu@moz-501od2.business.telia.com)
[01:27:37] <kvark> hematite running on rust-beta!
[01:28:33] *** Joins: csherratt (textual@moz-357qdq.cable.teksavvy.com)
[01:30:04] *** Quits: KdotJPG (KdotJPG@moz-8c8lbb.801f.5ehq.0306.2602.IP) (Ping timeout: 121 seconds)
[01:33:21] *** Joins: zyphrus (David@moz-1a4.urk.98.101.IP)
[01:36:47] <brson> \o/
[01:38:07] <cmr> I'm in the initial stages of setting up a Rust game that will ship on Android, iOS, Windows, Mac, and Linux.
[01:39:12] <kvark> cmr: means you are past of 'cargo init' command? :P
[01:39:30] *** Joins: Rym_ (y@moz-ife.8p4.39.217.IP)
[01:39:35] *** Joins: Gamecubic (cubic@moz-bglmk5.mc.videotron.ca)
[01:39:41] *** Joins: dpc (dpc@moz-t6gr4b.ca.comcast.net)
[01:39:49] *** Joins: Rym__ (y@moz-odvbki.in-addr.btopenworld.com)
[01:39:57] <cmr> kvark: heh, no. getting crash reporting + analytics/telemetry infra. in place, but I have the client side of them done.
[01:40:03] <Aaron> !!
[01:40:03] <rustbot> !!!
[01:40:08] <Yurume> !!!
[01:40:08] <rustbot> !!!!
[01:40:12] <Aaron> wat
[01:40:18] <Yurume> !aaah
[01:40:21] <Yurume> !!!ah
[01:40:25] <Yurume> !!!! 
[01:40:25] <rustbot> !!!!!
[01:40:26] *** Joins: Rym____ (y@moz-nnr.gec.39.217.IP)
[01:40:30] <Yurume> !!!! aaahh
[01:40:40] <Yurume>  !!!
[01:40:41] <rustbot> !!!!
[01:40:43] <kvark> cmr caused ircpocalypse
[01:40:59] <Yurume> it seems to react with messages matching /^\s*!+\s*$/
[01:41:05] *** Joins: Rym______ (y@moz-dhb.0vk.38.217.IP)
[01:41:16] <kvark> cmr: so is the gameplay done, or are you starting with this infrastructure for fun?
[01:41:17] <huon> why's everyone so excited?
[01:41:26] <cmr> kvark: starting with the infrastructure.
[01:41:49] <niconii> !!!!!!!!
[01:41:50] <rustbot> … I’m bored
[01:41:53] <niconii> oh.
[01:41:54] *** Joins: dmac (dmac@moz-2ig65r.ca.comcast.net)
[01:41:56] <cmr> It's pretty re-usable, I'm going to put it on github when it's closer to done.
[01:42:02] <Yurume> niconii: *that* made my day.
[01:42:14] *** Quits: Rym (y@moz-o80acm.range86-189.btcentralplus.com) (Ping timeout: 121 seconds)
[01:42:45] <huon> cmr: does crash reporting include aborts, or just panics?
[01:42:55] <cmr> huon: all of the above.
[01:43:09] *** Quits: Gamecubic__ (cubic@moz-bglmk5.mc.videotron.ca) (Ping timeout: 121 seconds)
[01:43:14] <huon> so a supervisor process rather than just a thread?
[01:43:31] *** Quits: Rym_ (y@moz-ife.8p4.39.217.IP) (Ping timeout: 121 seconds)
[01:43:39] <cmr> Unhandled exceptions from C++/ObjC, signals that 'core', and panics.
[01:43:44] <cmr> For most platforms, yes.
[01:43:50] *** Quits: Rym__ (y@moz-odvbki.in-addr.btopenworld.com) (Ping timeout: 121 seconds)
[01:43:57] <cmr> I'm using crashpad/breakpad to do the heavy lifting.
[01:44:12] <cmr> (it's what chrome and firefox use)
[01:44:19] <cmr> hoping to integrate it with servo too
[01:44:30] *** Quits: Rym____ (y@moz-nnr.gec.39.217.IP) (Ping timeout: 121 seconds)
[01:44:42] *** Joins: harrisonclarke (harrisoncla@moz-uur7pt.eastlink.ca)
[01:45:50] *** Joins: Bira (bira@moz-sq6.nc4.106.187.IP)
[01:51:45] *** Joins: dmac_ (dmac@moz-2ig65r.ca.comcast.net)
[02:00:56] *** Joins: demilux (demilux@moz-73qa6c.wa.comcast.net)
[02:01:02] *** Joins: lenstr (lenstr@moz-el8.vju.25.171.IP)
[02:01:38] *** Joins: mindtree (Mitch@moz-fog.g9r.240.116.IP)
[02:02:00] *** Quits: lenstr (lenstr@moz-el8.vju.25.171.IP) (A TLS packet with unexpected length was received.)
[02:02:12] *** Joins: lenstr (lenstr@moz-el8.vju.25.171.IP)
[02:03:23] *** Quits: lenstr (lenstr@moz-el8.vju.25.171.IP) (A TLS packet with unexpected length was received.)
[02:03:40] <mindtree> conrod now has draggable canvasses yaayyyy https://github.com/PistonDevelopers/conrod/pull/433
[02:04:43] <kvark> neato
[02:05:09] <kvark> have you got it compiling on rust-beta?
[02:05:17] <mindtree> kvark: yepp!
[02:05:23] <mindtree> kvark: travis beta build just passed!
[02:05:26] <mindtree> much excite
[02:05:30] <kvark> awesomeness
[02:05:52] <mindtree> kvark: that draggable canvas example uses gfx
[02:06:35] <kvark> mindtree: cool:) you also support opengl_graphics? How is glium_graphics compatibility?
[02:07:40] <mindtree> kvark: it takes a generic graphics backnd and glyph cache so should be!
[02:08:03] <mindtree> kvark: we have another example using opengl_graphics, but haven't got one with glium_graphics going yet
[02:08:17] <mindtree> kvark: I need to do a `Theme`ing demo, so might use it for that
[02:11:59] *** Quits: zz_kimundi (kimundi@moz-mmvhvu.dip0.t-ipconnect.de) (Ping timeout: 121 seconds)
[02:14:33] *** Joins: zz_kimundi (kimundi@moz-ol7m65.dip0.t-ipconnect.de)
[02:14:34] *** zz_kimundi is now known as kimundi
[02:15:10] *** Joins: Kingsquee (kingsley@moz-3fm07c.bchsia.telus.net)
[02:20:53] *** Quits: qrlpx (smuxi@moz-n7t.3nb.211.95.IP) (Ping timeout: 121 seconds)
[02:21:08] *** Joins: KdotJPG (KdotJPG@moz-qcgm3s.801f.5ehq.0306.2602.IP)
[02:22:35] *** Joins: Astrum|Lap (Astrum|Lap@moz-skcefh.co.comcast.net)
[02:28:44] *** Quits: Astrum|Lap (Astrum|Lap@moz-skcefh.co.comcast.net) (Ping timeout: 121 seconds)
[02:30:11] *** Quits: dpc (dpc@moz-t6gr4b.ca.comcast.net) (Connection closed)
[02:32:32] *** Joins: dpc (dpc@moz-t6gr4b.ca.comcast.net)
[02:34:11] *** Joins: summerlight (summerlight@moz-99k.2mj.130.121.IP)
[02:35:08] *** Quits: dpc (dpc@moz-t6gr4b.ca.comcast.net) (Connection closed)
[02:37:32] *** Joins: dpc (dpc@moz-t6gr4b.ca.comcast.net)
[02:43:52] *** Quits: dpc (dpc@moz-t6gr4b.ca.comcast.net) (Connection closed)
[02:46:33] *** Joins: dpc (dpc@moz-t6gr4b.ca.comcast.net)
[02:52:43] *** Quits: dmac_ (dmac@moz-2ig65r.ca.comcast.net) (Ping timeout: 121 seconds)
[02:56:31] *** Quits: bjz (bjz@moz-puppgq.tpgi.com.au) (Quit: My Mac has gone to sleep. ZZZzzz…)
[02:58:50] *** Quits: erz (erz@moz-n26c5c.broadband.corbina.ru) (Quit: My Mac has gone to sleep. ZZZzzz…)
[03:00:44] *** Quits: bdero (bran@moz-216hqv.oo5r.e4su.0006.2601.IP) (Quit: Leaving.)
[03:00:45] *** Joins: bdero (bran@moz-216hqv.oo5r.e4su.0006.2601.IP)
[03:01:38] *** Joins: davebettin_ (davebettin@moz-ip635p.or.comcast.net)
[03:03:54] *** Quits: davebettin (davebettin@moz-ip635p.or.comcast.net) (Ping timeout: 121 seconds)
[03:03:56] *** Joins: lenstr (lenstr@moz-el8.vju.25.171.IP)
[03:04:33] *** Quits: lenstr (lenstr@moz-el8.vju.25.171.IP) (A TLS packet with unexpected length was received.)
[03:04:49] *** Joins: lenstr (lenstr@moz-el8.vju.25.171.IP)
[03:05:42] *** Quits: lenstr (lenstr@moz-el8.vju.25.171.IP) (A TLS packet with unexpected length was received.)
[03:07:57] *** Quits: brson (brson@moz-cfhap5.mtv2.mozilla.com) (Quit: leaving)
[03:14:22] *** Joins: Plasticcaz (Mibbit@moz-f9b.jjo.16.120.IP)
[03:14:29] *** Joins: erickt (erickt@moz-njt.vqi.14.76.IP)
[03:15:13] *** Quits: Plasticcaz (Mibbit@moz-f9b.jjo.16.120.IP) (Quit: http://www.mibbit.com ajax IRC Client)
[03:16:22] *** Joins: ty (ty@moz-i6c4to.wa.comcast.net)
[03:21:49] *** Quits: bdero (bran@moz-216hqv.oo5r.e4su.0006.2601.IP) (Ping timeout: 121 seconds)
[03:27:46] *** Quits: erickt (erickt@moz-njt.vqi.14.76.IP) (Ping timeout: 121 seconds)
[03:31:01] *** Joins: erickt (erickt@moz-njt.vqi.14.76.IP)
[03:34:43] *** Joins: pcwalton (pcwalton@moz-6kjabm.ca.comcast.net)
[03:34:51] *** Quits: pcwalton (pcwalton@moz-6kjabm.ca.comcast.net) (Client exited)
[03:35:26] *** Quits: aatch (james@moz-ciignl.bmm3.j08e.e000.2406.IP) (Connection closed)
[03:35:42] *** Joins: davebettin (davebettin@moz-ip635p.or.comcast.net)
[03:35:56] *** Quits: davebettin_ (davebettin@moz-ip635p.or.comcast.net) (Ping timeout: 121 seconds)
[03:39:01] *** Quits: zeph (zeph@moz-jn4cjt.3nlo.p53a.ffda.2602.IP) (Ping timeout: 121 seconds)
[03:43:08] *** Quits: davebettin (davebettin@moz-ip635p.or.comcast.net) (Ping timeout: 121 seconds)
[03:44:03] *** Joins: zeph (zeph@moz-jn4cjt.3nlo.p53a.ffda.2602.IP)
[03:44:45] *** Quits: kalail (uid62296@moz-5ck9vu.charlton.irccloud.com) (Quit: Connection closed for inactivity)
[03:45:41] *** Quits: kvark (Mibbit@moz-8egann.cpe.pppoe.ca) (Quit: http://www.mibbit.com ajax IRC Client)
[03:53:50] *** Joins: davebettin (davebettin@moz-ip635p.or.comcast.net)
[03:54:43] *** Quits: summerlight (summerlight@moz-99k.2mj.130.121.IP) (Connection closed)
[04:02:45] *** Quits: Wild_Cat (Max@moz-fa8mvt.dsl.teksavvy.com) (Ping timeout: 121 seconds)
[04:02:56] *** Joins: summerlight (summerlight@moz-99k.2mj.130.121.IP)
[04:06:13] *** Joins: lenstr (lenstr@moz-el8.vju.25.171.IP)
[04:06:51] *** Quits: lenstr (lenstr@moz-el8.vju.25.171.IP) (A TLS packet with unexpected length was received.)
[04:07:07] *** Joins: lenstr (lenstr@moz-el8.vju.25.171.IP)
[04:08:01] *** Quits: lenstr (lenstr@moz-el8.vju.25.171.IP) (A TLS packet with unexpected length was received.)
[04:12:45] *** Quits: orangeshark (erik@moz-d2eenc.44tj.56ot.0306.2602.IP) (Quit: Leaving)
[04:17:39] *** Joins: aatch (james@moz-is4j4r.cable.telstraclear.net)
[04:18:10] *** Joins: bjz (bjz@moz-0j4.2c9.87.203.IP)
[04:18:24] *** Quits: saterus (saterus@moz-rutqj0.res.rr.com) (Connection closed)
[04:18:45] *** Joins: saterus (saterus@moz-rutqj0.res.rr.com)
[04:19:52] *** Quits: erickt (erickt@moz-njt.vqi.14.76.IP) (Ping timeout: 121 seconds)
[04:21:54] *** Joins: dougxxx (dougxxx@moz-0js00c.iinet.net.au)
[04:22:47] *** Quits: saterus (saterus@moz-rutqj0.res.rr.com) (Ping timeout: 121 seconds)
[04:28:49] *** Quits: csherratt (textual@moz-357qdq.cable.teksavvy.com) (Quit: My Mac has gone to sleep. ZZZzzz…)
[04:29:00] *** Quits: Jesin (Jesin@moz-t88s6v.cc.lehigh.edu) (Quit: Leaving)
[04:31:39] *** Quits: scape (chris@moz-ci61eb.nj.comcast.net) (Ping timeout: 121 seconds)
[04:32:59] *** Quits: davebettin (davebettin@moz-ip635p.or.comcast.net) (Ping timeout: 121 seconds)
[04:38:35] *** Quits: Gamecubic (cubic@moz-bglmk5.mc.videotron.ca) (Quit: Leaving)
[04:47:22] *** Joins: Shados_ (shados@moz-7qnm64.net)
[04:47:33] *** Quits: Shados (shados@moz-7qnm64.net) (Connection closed)
[04:55:46] *** Quits: eddyb (eddyb@moz-egg.q07.26.188.IP) (Ping timeout: 121 seconds)
[04:59:03] *** Joins: acharles (acharles@moz-mi1459.static.qwest.net)
[04:59:51] *** Joins: davebettin (davebettin@moz-ip635p.or.comcast.net)
[05:07:57] *** Joins: p1start (p1start@moz-nftjhe.org)
[05:08:33] *** Joins: lenstr (lenstr@moz-el8.vju.25.171.IP)
[05:09:11] *** Quits: lenstr (lenstr@moz-el8.vju.25.171.IP) (A TLS packet with unexpected length was received.)
[05:09:20] *** Joins: lenstr (lenstr@moz-el8.vju.25.171.IP)
[05:10:21] *** Quits: lenstr (lenstr@moz-el8.vju.25.171.IP) (A TLS packet with unexpected length was received.)
[05:18:02] *** Quits: niconii (nicole@moz-ojt2sa.frgo.qwest.net) (Quit: leaving)
[05:22:42] *** Joins: Jesin (Jesin@moz-34r.q2b.180.128.IP)
[05:23:15] *** Quits: summerlight (summerlight@moz-99k.2mj.130.121.IP) (Connection closed)
[05:24:21] *** Quits: Bira (bira@moz-sq6.nc4.106.187.IP) (Connection closed)
[05:25:13] *** Quits: rustbot (havvy@moz-u0e4io.net) (Quit: Gaining CTCP VERSION)
[05:30:28] *** Quits: dougxxx (dougxxx@moz-0js00c.iinet.net.au) (Quit: Leaving...)
[05:32:40] *** Joins: summerlight (summerlight@moz-99k.2mj.130.121.IP)
[05:32:46] *** Quits: bjz (bjz@moz-0j4.2c9.87.203.IP) (Quit: My Mac has gone to sleep. ZZZzzz…)
[05:33:24] *** Joins: sp3d (sp3d@moz-ik970v.enn1.s22b.000d.2601.IP)
[05:33:47] *** Quits: jwilm_ (jwilm@moz-84q.eju.236.104.IP) (Quit: leaving)
[05:34:20] *** Quits: Rym______ (y@moz-dhb.0vk.38.217.IP) (Ping timeout: 121 seconds)
[05:34:24] *** Joins: jwilm_ (jwilm@moz-84q.eju.236.104.IP)
[05:42:54] *** Quits: KdotJPG (KdotJPG@moz-qcgm3s.801f.5ehq.0306.2602.IP) (Ping timeout: 121 seconds)
[05:52:26] *** Joins: kmcguire (kmcguire@moz-bbqf14.res.bhn.net)
[05:54:41] *** Quits: SiegeLord (sl@moz-9jtaei.ca.comcast.net) (Quit: It's a joke, it's all a joke.)
[05:57:30] *** Quits: Twinklebear (Twinklebear@moz-ttrcn3.ut.comcast.net) (Quit: Leaving)
[06:01:02] *** Joins: Rym______ (y@moz-dhb.0vk.38.217.IP)
[06:05:32] *** Quits: Rym______ (y@moz-dhb.0vk.38.217.IP) (Ping timeout: 121 seconds)
[06:07:11] *** Joins: nodweber (nodweber@moz-knt.fgq.178.5.IP)
[06:09:07] *** Quits: AngelOfSol (AngelOfSol@moz-dj58kc.rh.rit.edu) (Quit: Remember to close the door when you're done!)
[06:09:31] *** Joins: James (quassel@moz-225vcm.range86-148.btcentralplus.com)
[06:10:44] *** Joins: lenstr (lenstr@moz-el8.vju.25.171.IP)
[06:11:15] *** Quits: w4ffles (textual@moz-34v1r4.res.rr.com) (Quit: My Mac has gone to sleep. ZZZzzz…)
[06:11:32] *** Quits: lenstr (lenstr@moz-el8.vju.25.171.IP) (A TLS packet with unexpected length was received.)
[06:11:44] *** Joins: lenstr (lenstr@moz-el8.vju.25.171.IP)
[06:12:40] *** Quits: lenstr (lenstr@moz-el8.vju.25.171.IP) (A TLS packet with unexpected length was received.)
[06:12:58] *** Quits: harrisonclarke (harrisoncla@moz-uur7pt.eastlink.ca) (Connection closed)
[06:13:01] *** Quits: davebettin (davebettin@moz-ip635p.or.comcast.net) (Ping timeout: 121 seconds)
[06:27:29] *** Quits: nodweber (nodweber@moz-knt.fgq.178.5.IP) (A TLS packet with unexpected length was received.)
[06:27:51] *** Joins: Astrum|Lap (Astrum|Lap@moz-skcefh.co.comcast.net)
[06:32:27] *** Joins: eddyb (eddyb@moz-hdr.5ot.166.109.IP)
[06:38:17] *** Joins: nodweber (nodweber@moz-knt.fgq.178.5.IP)
[06:42:26] *** Quits: kazimuth (james@moz-n85.696.189.18.IP) (Quit: Textual IRC Client: www.textualapp.com)
[06:43:25] *** Joins: SneakySnake (nya@moz-i9is4u.pool.telekom.hu)
[06:47:36] *** Quits: Kingsquee (kingsley@moz-3fm07c.bchsia.telus.net) (Quit: Konversation terminated!)
[06:48:06] *** Quits: guycook (quassel@moz-rpa0ek.snap.net.nz) (Connection closed)
[06:52:43] *** Quits: dpc (dpc@moz-t6gr4b.ca.comcast.net) (Ping timeout: 121 seconds)
[06:54:49] *** Quits: Astrum|Lap (Astrum|Lap@moz-skcefh.co.comcast.net) (Client exited)
[06:55:10] *** Joins: Rym______ (y@moz-dhb.0vk.38.217.IP)
[06:55:52] *** Joins: davebettin (davebettin@moz-ip635p.or.comcast.net)
[06:56:08] *** Joins: Kingsquee (kingsley@moz-3fm07c.bchsia.telus.net)
[06:57:02] *** Quits: James (quassel@moz-225vcm.range86-148.btcentralplus.com) (Ping timeout: 121 seconds)
[06:57:59] *** Quits: silven (quassel@moz-0roor3.priv.bahnhof.se) (Ping timeout: 121 seconds)
[06:58:05] *** Joins: silven (quassel@moz-0roor3.priv.bahnhof.se)
[06:59:40] *** Quits: Rym______ (y@moz-dhb.0vk.38.217.IP) (Ping timeout: 121 seconds)
[06:59:42] *** Joins: wipeD (wipeD@moz-ldqjdv.dip0.t-ipconnect.de)
[07:07:43] *** Joins: harrisonclarke (harrisoncla@moz-uur7pt.eastlink.ca)
[07:11:55] *** Quits: harrisonclarke (harrisoncla@moz-uur7pt.eastlink.ca) (Ping timeout: 121 seconds)
[07:13:01] *** Joins: lenstr (lenstr@moz-el8.vju.25.171.IP)
[07:13:50] *** Quits: lenstr (lenstr@moz-el8.vju.25.171.IP) (A TLS packet with unexpected length was received.)
[07:13:53] *** Joins: lenstr (lenstr@moz-el8.vju.25.171.IP)
[07:15:03] *** Quits: lenstr (lenstr@moz-el8.vju.25.171.IP) (A TLS packet with unexpected length was received.)
[07:16:36] *** Quits: davebettin (davebettin@moz-ip635p.or.comcast.net) (Ping timeout: 121 seconds)
[07:16:37] *** Quits: nodweber (nodweber@moz-knt.fgq.178.5.IP) (A TLS packet with unexpected length was received.)
[07:20:14] *** Joins: skitoo (Thunderbird@moz-urd0va.fbx.proxad.net)
[07:21:42] *** Joins: jaen (jaen@moz-ifmik2.copit.pl)
[07:30:19] *** Quits: eddyb (eddyb@moz-hdr.5ot.166.109.IP) (Connection closed)
[07:32:09] *** Joins: nodweber (nodweber@moz-knt.fgq.178.5.IP)
[07:41:27] *** Joins: harrisonclarke (harrisoncla@moz-uur7pt.eastlink.ca)
[07:42:25] *** Joins: eddyb (eddyb@moz-hdr.5ot.166.109.IP)
[07:45:39] *** Quits: harrisonclarke (harrisoncla@moz-uur7pt.eastlink.ca) (Ping timeout: 121 seconds)
[07:49:21] *** Joins: Rym______ (y@moz-dhb.0vk.38.217.IP)
[07:50:46] *** Joins: edlothiol (user@moz-i70j4f.dynamic.kabel-deutschland.de)
[07:53:51] *** Quits: Rym______ (y@moz-dhb.0vk.38.217.IP) (Ping timeout: 121 seconds)
[07:59:16] *** Quits: mark_edward (mark@moz-dg4mrp.in.comcast.net) (Ping timeout: 121 seconds)
[07:59:24] *** Quits: mindtree (Mitch@moz-fog.g9r.240.116.IP) (Ping timeout: 121 seconds)
[07:59:30] *** Joins: mark_edward (mark@moz-dg4mrp.in.comcast.net)
[08:03:35] *** Joins: mindtree (Mitch@moz-rchrgl.iprimus.net.au)
[08:09:09] *** Joins: ecogiko (ecogiko@moz-p59qrv.chello.nl)
[08:15:24] *** Quits: nodweber (nodweber@moz-knt.fgq.178.5.IP) (A TLS packet with unexpected length was received.)
[08:15:31] *** Joins: lenstr (lenstr@moz-el8.vju.25.171.IP)
[08:16:14] *** Quits: lenstr (lenstr@moz-el8.vju.25.171.IP) (A TLS packet with unexpected length was received.)
[08:16:25] *** Joins: lenstr (lenstr@moz-el8.vju.25.171.IP)
[08:17:22] *** Quits: lenstr (lenstr@moz-el8.vju.25.171.IP) (A TLS packet with unexpected length was received.)
[08:18:39] *** Quits: eddyb (eddyb@moz-hdr.5ot.166.109.IP) (Connection closed)
[08:19:13] *** Joins: eddyb (eddyb@moz-hdr.5ot.166.109.IP)
[08:27:22] *** Joins: nodweber (nodweber@moz-knt.fgq.178.5.IP)
[08:39:57] *** Joins: eddyb_ (eddyb@moz-jm7.2kg.166.109.IP)
[08:40:55] *** Quits: eddyb (eddyb@moz-hdr.5ot.166.109.IP) (Ping timeout: 121 seconds)
[08:41:16] <eddyb_> src/ide/highlight.rs:60:24: 60:60 error: recursion limit reached while expanding the macro `vec`
[08:41:19] *** eddyb_ is now known as eddyb
[08:41:33] <eddyb> this is a recent thing
[08:42:15] *** Joins: harrisonclarke (harrisoncla@moz-uur7pt.eastlink.ca)
[08:43:30] *** Joins: Rym______ (y@moz-dhb.0vk.38.217.IP)
[08:45:41] *** Joins: sommoyogurt (sommoyogurt@moz-d0d6tp.nch.it)
[08:46:29] *** Quits: harrisonclarke (harrisoncla@moz-uur7pt.eastlink.ca) (Ping timeout: 121 seconds)
[08:48:02] *** Quits: Rym______ (y@moz-dhb.0vk.38.217.IP) (Ping timeout: 121 seconds)
[08:51:10] *** Quits: nodweber (nodweber@moz-knt.fgq.178.5.IP) (A TLS packet with unexpected length was received.)
[08:55:48] *** Joins: nodweber (nodweber@moz-knt.fgq.178.5.IP)
[08:59:33] *** Joins: gonzaloserrano (Adium@moz-1nv.3t7.97.62.IP)
[09:01:36] <eddyb> ah, it just seems the default limit was lowered
[09:02:04] *** Joins: Lilly (Lilly@moz-pfkvo9.bredband.comhem.se)
[09:09:36] *** Joins: genbattle (genbattle@moz-r09mao.xtra.co.nz)
[09:15:06] *** Quits: wipeD (wipeD@moz-ldqjdv.dip0.t-ipconnect.de) (Connection closed)
[09:15:17] *** Joins: wipeD (wipeD@moz-ldqjdv.dip0.t-ipconnect.de)
[09:16:00] *** Quits: nodweber (nodweber@moz-knt.fgq.178.5.IP) (A TLS packet with unexpected length was received.)
[09:17:54] *** Joins: nodweber (nodweber@moz-knt.fgq.178.5.IP)
[09:17:55] *** Joins: lenstr (lenstr@moz-el8.vju.25.171.IP)
[09:18:47] *** Quits: lenstr (lenstr@moz-el8.vju.25.171.IP) (A TLS packet with unexpected length was received.)
[09:19:01] *** Joins: lenstr (lenstr@moz-el8.vju.25.171.IP)
[09:20:11] *** Quits: lenstr (lenstr@moz-el8.vju.25.171.IP) (A TLS packet with unexpected length was received.)
[09:21:10] *** Joins: SerialVelocity (SerialVeloc@moz-attia0.cable.virginm.net)
[09:24:05] *** Quits: aatch (james@moz-is4j4r.cable.telstraclear.net) (Ping timeout: 121 seconds)
[09:31:05] *** Joins: Gabriel_7 (Gabriel@moz-qvum64.mtgr.92aj.0e35.2a01.IP)
[09:31:38] *** Joins: aepsil0n (eduard@moz-6491ha.mv2h.pepi.8071.2a02.IP)
[09:31:48] *** Joins: erz (erz@moz-n26c5c.broadband.corbina.ru)
[09:35:23] *** Joins: Zr40_ (zr40@moz-92llkv.adsl.xs4all.nl)
[09:35:23] *** Quits: Zr40 (zr40@moz-92llkv.adsl.xs4all.nl) (Connection closed)
[09:35:29] *** Zr40_ is now known as Zr40
[09:36:59] *** Quits: sommoyogurt (sommoyogurt@moz-d0d6tp.nch.it) (Connection closed)
[09:37:43] *** Joins: Rym______ (y@moz-dhb.0vk.38.217.IP)
[09:40:39] *** Joins: debu (debu@moz-6momm3.adsl.alicedsl.de)
[09:42:12] *** Quits: Rym______ (y@moz-dhb.0vk.38.217.IP) (Ping timeout: 121 seconds)
[09:49:03] *** Quits: nodweber (nodweber@moz-knt.fgq.178.5.IP) (A TLS packet with unexpected length was received.)
[09:50:04] *** Joins: lenstr (lenstr@moz-el8.vju.25.171.IP)
[09:50:48] *** Joins: nodweber (nodweber@moz-knt.fgq.178.5.IP)
[09:52:18] *** Quits: skitoo (Thunderbird@moz-urd0va.fbx.proxad.net) (Ping timeout: 121 seconds)
[10:13:02] *** Joins: davebettin (davebettin@moz-ip635p.or.comcast.net)
[10:17:04] *** Quits: davebettin (davebettin@moz-ip635p.or.comcast.net) (Ping timeout: 121 seconds)
[10:20:07] *** Quits: eddyb (eddyb@moz-jm7.2kg.166.109.IP) (Connection closed)
[10:31:49] *** Joins: Rym______ (y@moz-dhb.0vk.38.217.IP)
[10:36:10] *** Quits: p1start (p1start@moz-nftjhe.org) (Ping timeout: 121 seconds)
[10:36:21] *** Quits: Rym______ (y@moz-dhb.0vk.38.217.IP) (Ping timeout: 121 seconds)
[10:43:47] *** Joins: harrisonclarke (harrisoncla@moz-uur7pt.eastlink.ca)
[10:47:26] *** Quits: SerialVelocity (SerialVeloc@moz-attia0.cable.virginm.net) (Quit: My Mac has gone to sleep. ZZZzzz…)
[10:48:02] *** Quits: harrisonclarke (harrisoncla@moz-uur7pt.eastlink.ca) (Ping timeout: 121 seconds)
[10:48:53] *** Quits: nodweber (nodweber@moz-knt.fgq.178.5.IP) (A TLS packet with unexpected length was received.)
[10:49:29] *** Joins: scape (chris@moz-ci61eb.nj.comcast.net)
[10:49:31] *** Joins: nodweber (nodweber@moz-knt.fgq.178.5.IP)
[10:52:58] *** Quits: lenstr (lenstr@moz-el8.vju.25.171.IP) (A TLS packet with unexpected length was received.)
[10:58:36] *** Quits: Lilly (Lilly@moz-pfkvo9.bredband.comhem.se) (Quit: bajs)
[11:02:39] *** Quits: dmac (dmac@moz-2ig65r.ca.comcast.net) (Connection closed)
[11:03:43] *** Joins: dmac_ (dmac@moz-2ig65r.ca.comcast.net)
[11:04:13] *** Quits: indefini (indefini@moz-4p4v25.ucom.ne.jp) (Connection closed)
[11:05:05] *** Joins: SerialVelocity (SerialVeloc@moz-attia0.cable.virginm.net)
[11:07:49] *** Quits: dmac_ (dmac@moz-2ig65r.ca.comcast.net) (Ping timeout: 121 seconds)
[11:09:22] *** Quits: yuriks (quassel@moz-hnlou0.yuriks.net) (Ping timeout: 121 seconds)
[11:09:54] *** Joins: ytain (ytain@moz-07c3h9.dsl.teksavvy.com)
[11:10:09] *** Quits: genbattle (genbattle@moz-r09mao.xtra.co.nz) (Quit: Leaving)
[11:19:42] *** Joins: Binero (jeroen@moz-91joat.69vi.s4ge.1810.2a02.IP)
[11:21:34] *** Joins: Tobba (Tobba@moz-o13d22.bredband.telia.com)
[11:25:59] *** Joins: Rym______ (y@moz-dhb.0vk.38.217.IP)
[11:30:31] *** Quits: Rym______ (y@moz-dhb.0vk.38.217.IP) (Ping timeout: 121 seconds)
[11:31:42] *** Joins: harrisonclarke (harrisoncla@moz-uur7pt.eastlink.ca)
[11:46:43] *** Quits: edlothiol (user@moz-i70j4f.dynamic.kabel-deutschland.de) (Connection closed)
[11:53:09] *** Quits: harrisonclarke (harrisoncla@moz-uur7pt.eastlink.ca) (Connection closed)
[11:55:43] *** Quits: erz (erz@moz-n26c5c.broadband.corbina.ru) (Quit: My Mac has gone to sleep. ZZZzzz…)
[11:56:21] *** Joins: harrisonclarke (harrisoncla@moz-uur7pt.eastlink.ca)
[11:59:45] *** Quits: Boscop (me@moz-5ac.5rj.126.98.IP) (Ping timeout: 121 seconds)
[12:00:23] *** Quits: harrisonclarke (harrisoncla@moz-uur7pt.eastlink.ca) (Ping timeout: 121 seconds)
[12:03:03] *** Joins: yuriks (quassel@moz-hnlou0.yuriks.net)
[12:03:05] *** Joins: Wild_Cat (Max@moz-fa8mvt.dsl.teksavvy.com)
[12:04:28] *** Joins: dmac_ (dmac@moz-2ig65r.ca.comcast.net)
[12:08:34] *** Quits: dmac_ (dmac@moz-2ig65r.ca.comcast.net) (Ping timeout: 121 seconds)
[12:10:14] *** Joins: csherratt (textual@moz-357qdq.cable.teksavvy.com)
[12:10:36] *** Quits: csherratt (textual@moz-357qdq.cable.teksavvy.com) (Quit: My Mac has gone to sleep. ZZZzzz…)
[12:20:10] *** Joins: Rym______ (y@moz-dhb.0vk.38.217.IP)
[12:20:29] *** Quits: FreeFull (freefull@moz-f65lp3.skybroadband.com) (Quit: Rebooting)
[12:24:40] *** Quits: Rym______ (y@moz-dhb.0vk.38.217.IP) (Ping timeout: 121 seconds)
[12:26:22] *** Quits: Kingsquee (kingsley@moz-3fm07c.bchsia.telus.net) (Quit: Konversation terminated!)
[12:26:40] *** Quits: zyphrus (David@moz-1a4.urk.98.101.IP) (Ping timeout: 121 seconds)
[12:26:49] *** Joins: FreeFull (freefull@moz-f65lp3.skybroadband.com)
[12:32:32] *** Joins: e_svedang (e_svedang@moz-p1r4ve.bredband.comhem.se)
[12:32:33] *** Quits: SneakySnake (nya@moz-i9is4u.pool.telekom.hu) (Quit: Leaving)
[12:33:50] *** Joins: SneakySnake (nya@moz-i9is4u.pool.telekom.hu)
[12:33:52] *** Quits: debu (debu@moz-6momm3.adsl.alicedsl.de) (Ping timeout: 121 seconds)
[12:44:08] *** Joins: eddyb (eddyb@moz-uo6.6db.166.109.IP)
[12:54:15] *** Quits: eddyb (eddyb@moz-uo6.6db.166.109.IP) (Ping timeout: 121 seconds)
[12:54:23] *** Joins: eddyb (eddyb@moz-egg.q07.26.188.IP)
[12:58:24] *** Joins: bdero (bran@moz-mqs.7dh.189.18.IP)
[13:03:18] *** Joins: erz (erz@moz-8v4.af0.232.213.IP)
[13:05:14] *** Joins: dmac_ (dmac@moz-2ig65r.ca.comcast.net)
[13:05:37] *** Quits: erz (erz@moz-8v4.af0.232.213.IP) (Quit: My Mac has gone to sleep. ZZZzzz…)
[13:09:20] *** Quits: dmac_ (dmac@moz-2ig65r.ca.comcast.net) (Ping timeout: 121 seconds)
[13:09:48] *** Joins: eddyb_ (eddyb@moz-egg.q07.26.188.IP)
[13:10:34] *** Quits: Wild_Cat (Max@moz-fa8mvt.dsl.teksavvy.com) (Connection closed)
[13:14:18] *** Joins: Rym______ (y@moz-dhb.0vk.38.217.IP)
[13:18:50] *** Quits: Rym______ (y@moz-dhb.0vk.38.217.IP) (Ping timeout: 121 seconds)
[13:26:59] *** Joins: Lilly (Lilly@moz-pfkvo9.bredband.comhem.se)
[13:39:16] *** Joins: gonzaloserrano1 (Adium@moz-1nv.3t7.97.62.IP)
[13:39:30] *** Quits: gonzaloserrano (Adium@moz-1nv.3t7.97.62.IP) (Ping timeout: 121 seconds)
[13:40:38] *** Joins: erz (erz@moz-8v4.af0.232.213.IP)
[13:44:07] *** Joins: harrisonclarke (harrisoncla@moz-th044a.ns.bellaliant.net)
[13:44:35] *** Quits: ecogiko (ecogiko@moz-p59qrv.chello.nl) (Quit: leaving)
[13:52:21] *** Joins: mib_h4urtr (Mibbit@moz-57t.eum.79.208.IP)
[13:53:00] *** Quits: harrisonclarke (harrisoncla@moz-th044a.ns.bellaliant.net) (Connection closed)
[13:54:19] *** Joins: Rym______ (y@moz-dhb.0vk.38.217.IP)
[13:59:14] *** Quits: Rym______ (y@moz-dhb.0vk.38.217.IP) (Ping timeout: 121 seconds)
[13:59:55] *** Joins: harrisonclarke (harrisoncla@moz-th044a.ns.bellaliant.net)
[14:06:00] *** Joins: dmac_ (dmac@moz-2ig65r.ca.comcast.net)
[14:07:43] *** Quits: demilux (demilux@moz-73qa6c.wa.comcast.net) (A TLS packet with unexpected length was received.)
[14:08:07] *** Joins: demilux (demilux@moz-73qa6c.wa.comcast.net)
[14:09:22] *** Joins: erickt (erickt@moz-njt.vqi.14.76.IP)
[14:10:06] *** Quits: dmac_ (dmac@moz-2ig65r.ca.comcast.net) (Ping timeout: 121 seconds)
[14:11:29] *** Joins: bjz (bjz@moz-puppgq.tpgi.com.au)
[14:11:37] *** Quits: erz (erz@moz-8v4.af0.232.213.IP) (Quit: My Mac has gone to sleep. ZZZzzz…)
[14:12:48] *** Joins: kvark (Mibbit@moz-p3c.rcb.221.216.IP)
[14:17:26] *** Quits: nodweber (nodweber@moz-knt.fgq.178.5.IP) (A TLS packet with unexpected length was received.)
[14:19:55] *** Quits: mindtree (Mitch@moz-rchrgl.iprimus.net.au) (Ping timeout: 121 seconds)
[14:20:36] *** Quits: erickt (erickt@moz-njt.vqi.14.76.IP) (Ping timeout: 121 seconds)
[14:22:25] *** Quits: Gabriel_7 (Gabriel@moz-qvum64.mtgr.92aj.0e35.2a01.IP) (Ping timeout: 121 seconds)
[14:25:50] *** Quits: mib_h4urtr (Mibbit@moz-57t.eum.79.208.IP) (Quit: http://www.mibbit.com ajax IRC Client)
[14:26:21] *** Joins: Rym______ (y@moz-dhb.0vk.38.217.IP)
[14:28:01] *** Joins: nodweber (nodweber@moz-knt.fgq.178.5.IP)
[14:32:48] *** Joins: debu (debu@moz-6momm3.adsl.alicedsl.de)
[14:34:52] *** Joins: saterus (saterus@moz-o0ug28.res.rr.com)
[14:48:29] *** Quits: Tobba (Tobba@moz-o13d22.bredband.telia.com) (Connection closed)
[14:55:00] *** Joins: Tobba (Tobba@moz-o13d22.bredband.telia.com)
[14:57:35] *** Quits: e_svedang (e_svedang@moz-p1r4ve.bredband.comhem.se) (Client exited)
[14:58:54] *** Joins: erz (erz@moz-imu.af0.232.213.IP)
[14:59:22] *** Quits: acharles (acharles@moz-mi1459.static.qwest.net) (Client exited)
[15:01:45] *** Quits: Tobba (Tobba@moz-o13d22.bredband.telia.com) (Connection closed)
[15:03:09] *** Joins: Boscop (me@moz-7fq.k98.111.114.IP)
[15:03:56] *** Quits: eddyb (eddyb@moz-egg.q07.26.188.IP) (Connection closed)
[15:04:00] *** eddyb_ is now known as eddyb
[15:06:44] *** Joins: dmac_ (dmac@moz-2ig65r.ca.comcast.net)
[15:07:22] *** Quits: demilux (demilux@moz-73qa6c.wa.comcast.net) (A TLS packet with unexpected length was received.)
[15:08:27] *** Quits: Boscop (me@moz-7fq.k98.111.114.IP) (Ping timeout: 121 seconds)
[15:08:28] *** Joins: SiegeLord (sl@moz-9jtaei.ca.comcast.net)
[15:09:01] *** Quits: nodweber (nodweber@moz-knt.fgq.178.5.IP) (A TLS packet with unexpected length was received.)
[15:10:50] *** Quits: dmac_ (dmac@moz-2ig65r.ca.comcast.net) (Ping timeout: 121 seconds)
[15:11:28] *** Joins: davebettin (davebettin@moz-l35chj.hfc.comcastbusiness.net)
[15:18:40] *** Joins: nodweber (nodweber@moz-knt.fgq.178.5.IP)
[15:21:51] *** Joins: Boscop (me@moz-5ac.5rj.126.98.IP)
[15:26:06] *** Quits: erz (erz@moz-imu.af0.232.213.IP) (Quit: My Mac has gone to sleep. ZZZzzz…)
[15:27:26] *** Joins: erz (erz@moz-8v4.af0.232.213.IP)
[15:36:12] *** Quits: Binero (jeroen@moz-91joat.69vi.s4ge.1810.2a02.IP) (Client exited)
[15:37:14] *** Quits: SiegeLord (sl@moz-9jtaei.ca.comcast.net) (Quit: It's a joke, it's all a joke.)
[15:38:04] *** Joins: Astrum|Lap (Astrum|Lap@moz-skcefh.co.comcast.net)
[15:40:44] *** Quits: davebettin (davebettin@moz-l35chj.hfc.comcastbusiness.net) (Ping timeout: 121 seconds)
[15:41:20] *** Joins: brson (brson@moz-u3dg2t.sfo1.mozilla.com)
[15:43:17] *** Quits: Rym______ (y@moz-dhb.0vk.38.217.IP) (Ping timeout: 121 seconds)
[15:43:32] *** Joins: erickt (erickt@moz-4hh.6p3.217.74.IP)
[15:45:45] *** Quits: erz (erz@moz-8v4.af0.232.213.IP) (Quit: My Mac has gone to sleep. ZZZzzz…)
[15:47:22] *** Joins: davebettin (davebettin@moz-hde.5e5.136.67.IP)
[15:49:32] *** Joins: nodweber_ (nodweber@moz-knt.fgq.178.5.IP)
[15:51:36] *** Quits: shadower (shadower@moz-3ah4n5.osop.rhcloud.com) (Ping timeout: 121 seconds)
[15:51:50] *** Joins: erz (erz@moz-8v4.af0.232.213.IP)
[15:52:32] *** Quits: erz (erz@moz-8v4.af0.232.213.IP) (Quit: My Mac has gone to sleep. ZZZzzz…)
[15:52:36] *** Quits: nodweber (nodweber@moz-knt.fgq.178.5.IP) (Ping timeout: 121 seconds)
[15:53:34] *** Joins: erz (erz@moz-8v4.af0.232.213.IP)
[15:59:28] *** Quits: nodweber_ (nodweber@moz-knt.fgq.178.5.IP) (A TLS packet with unexpected length was received.)
[16:00:59] *** Joins: nodweber (nodweber@moz-knt.fgq.178.5.IP)
[16:02:32] *** Quits: erz (erz@moz-8v4.af0.232.213.IP) (Quit: My Mac has gone to sleep. ZZZzzz…)
[16:07:31] *** Joins: dmac_ (dmac@moz-2ig65r.ca.comcast.net)
[16:11:21] *** Joins: Binero (jeroen@moz-91joat.69vi.s4ge.1810.2a02.IP)
[16:11:37] *** Quits: dmac_ (dmac@moz-2ig65r.ca.comcast.net) (Ping timeout: 121 seconds)
[16:12:50] *** Joins: avikpal (avikpal@moz-q93.ti7.194.117.IP)
[16:13:39] *** Quits: debu (debu@moz-6momm3.adsl.alicedsl.de) (Ping timeout: 121 seconds)
[16:14:15] *** Quits: nodweber (nodweber@moz-knt.fgq.178.5.IP) (A TLS packet with unexpected length was received.)
[16:14:48] <tomaka> wow I think I just fixed glium's tests
[16:15:04] <tomaka> there were issues with multithreading
[16:15:12] <tomaka> the AMD driver was often crashing
[16:15:39] <tomaka> but if I put the mutex entirely around the whole compilation process (building shaders, attaching, linking) it seems to work
[16:18:19] *** Joins: vosen (vosen@moz-mtm1g4.dynamic.chello.pl)
[16:18:25] *** Quits: Astrum|Lap (Astrum|Lap@moz-skcefh.co.comcast.net) (Client exited)
[16:19:13] *** Joins: Rym______ (y@moz-dhb.0vk.38.217.IP)
[16:19:29] *** Quits: scape (chris@moz-ci61eb.nj.comcast.net) (Ping timeout: 121 seconds)
[16:21:33] <cmr> tomaka: eugh :(
[16:21:39] *** Quits: harrisonclarke (harrisoncla@moz-th044a.ns.bellaliant.net) (Connection closed)
[16:22:59] *** Joins: Izzeri (Lilly@moz-pfkvo9.bredband.comhem.se)
[16:23:43] *** Quits: Rym______ (y@moz-dhb.0vk.38.217.IP) (Ping timeout: 121 seconds)
[16:24:07] *** Joins: hhhhhhhhhh (mike@moz-969kuj.cable.virginm.net)
[16:25:56] *** Quits: Lilly (Lilly@moz-pfkvo9.bredband.comhem.se) (Ping timeout: 121 seconds)
[16:26:17] *** Joins: Rym______ (y@moz-dhb.0vk.38.217.IP)
[16:26:39] *** Quits: avikpal (avikpal@moz-q93.ti7.194.117.IP) (Connection closed)
[16:28:04] <tomaka> totally unrelated, but it's so awesome to clone some source code on a machine, run "cargo build" and see it work
[16:28:08] *** Joins: AngelOfSol (AngelOfSol@moz-dj58kc.rh.rit.edu)
[16:28:21] <tomaka> without having to do a rustup, a cargo update, and a PR because a dependency is failing
[16:28:27] <cmr> yup.
[16:30:01] *** Joins: Gabriel_7 (Gabriel@moz-qvum64.mtgr.92aj.0e35.2a01.IP)
[16:31:32] <kvark> my biggest revelation today is the ability to hit "ctrl+c" from rust playpen and not be screwed up by swapped characters plus my URI request in the code
[16:32:47] *** Joins: lenstr (lenstr@moz-haa.vju.25.171.IP)
[16:33:57] <cmr> My favorite new feature is that ctrl+t opens a new tab instead of transposing the characters at the cursor
[16:34:43] <kvark> cmr: ... that's what I was talking about
[16:34:58] <kvark> ctrl+c, bummer :)
[16:35:18] <cmr> ah
[16:37:29] *** Joins: Astrum|Lap (Astrum|Lap@moz-7enfbr.co.comcast.net)
[16:42:48] *** Joins: Gamecubic (cubic@moz-bglmk5.mc.videotron.ca)
[16:43:20] <tomaka> arg, tests are failing on my linux machine from inside the LLVM code
[16:44:40] <tomaka> from within libgallium
[16:44:54] <kagami> Related cargo build. Too pity cargo doesn't have install command. Many people in e.g. Python world use pip as a very simple package manager. You just run "pip install something" and it can automatically install executable script and add it to your PATH. No need in manual cloning and running the build/install commands. And, most sweet thing, python+pip are preinstalled on almost all linux systems.
[16:49:44] *** Joins: harrisonclarke (harrisoncla@moz-g1kp2c.ns.bellaliant.net)
[16:59:18] *** Quits: saterus (saterus@moz-o0ug28.res.rr.com) (Connection closed)
[16:59:40] *** Joins: saterus (saterus@moz-o0ug28.res.rr.com)
[17:03:44] *** Quits: saterus (saterus@moz-o0ug28.res.rr.com) (Ping timeout: 121 seconds)
[17:05:41] *** Joins: KdotJPG (KdotJPG@moz-qcgm3s.801f.5ehq.0306.2602.IP)
[17:08:15] *** Joins: dmac_ (dmac@moz-2ig65r.ca.comcast.net)
[17:12:21] *** Quits: dmac_ (dmac@moz-2ig65r.ca.comcast.net) (Ping timeout: 121 seconds)
[17:14:08] *** Quits: summerlight (summerlight@moz-99k.2mj.130.121.IP) (Ping timeout: 121 seconds)
[17:15:12] *** Quits: gonzaloserrano1 (Adium@moz-1nv.3t7.97.62.IP) (Quit: Leaving.)
[17:22:59] *** Joins: Izzeriz (Lilly@moz-pfkvo9.bredband.comhem.se)
[17:26:06] *** Quits: Izzeri (Lilly@moz-pfkvo9.bredband.comhem.se) (Ping timeout: 121 seconds)
[17:29:03] *** Joins: saterus (saterus@moz-o0ug28.res.rr.com)
[17:36:34] *** Quits: Astrum|Lap (Astrum|Lap@moz-7enfbr.co.comcast.net) (Ping timeout: 121 seconds)
[17:38:06] *** Quits: sad (Mibbit@moz-tpjl46.co.comcast.net) (Quit: http://www.mibbit.com ajax IRC Client)
[17:40:39] *** Joins: dmac_ (dmac@moz-4kcd1c.ca.comcast.net)
[17:44:40] *** Joins: pcwalton (pcwalton@moz-l8ebtf.sfo1.mozilla.com)
[17:50:51] *** Quits: Izzeriz (Lilly@moz-pfkvo9.bredband.comhem.se) (Quit: bajs)
[17:51:50] *** Joins: niconii (nicole@moz-ojt2sa.frgo.qwest.net)
[17:53:52] *** Quits: lenstr (lenstr@moz-haa.vju.25.171.IP) (A TLS packet with unexpected length was received.)
[17:54:07] *** Quits: zeiris (zeiris@moz-8jbmam.letter.agency) (Ping timeout: 121 seconds)
[17:54:46] *** Joins: zeiris (zeiris@moz-8jbmam.letter.agency)
[17:59:23] *** Quits: zeiris (zeiris@moz-8jbmam.letter.agency) (Ping timeout: 121 seconds)
[18:00:44] *** Joins: w4ffles (textual@moz-g7g.toe.144.12.IP)
[18:01:02] *** Quits: untitaker (untitaker@moz-p6f4vq.highway.telekom.at) (Ping timeout: 121 seconds)
[18:01:12] *** Joins: zeiris (zeiris@moz-8jbmam.letter.agency)
[18:03:05] *** Joins: untitaker (untitaker@moz-4k4vpj.highway.telekom.at)
[18:04:10] *** Joins: Rym (y@moz-aun.38r.38.217.IP)
[18:05:40] *** Quits: Rym______ (y@moz-dhb.0vk.38.217.IP) (Ping timeout: 121 seconds)
[18:11:25] *** Joins: hhhhhhhh1 (mike@moz-969kuj.cable.virginm.net)
[18:12:16] *** Joins: dpc (dpc@moz-t6gr4b.ca.comcast.net)
[18:13:04] *** Joins: Lilly (Lilly@moz-pfkvo9.bredband.comhem.se)
[18:17:14] *** Quits: Binero (jeroen@moz-91joat.69vi.s4ge.1810.2a02.IP) (Ping timeout: 121 seconds)
[18:17:51] *** Joins: lenstr (lenstr@moz-haa.vju.25.171.IP)
[18:24:06] *** Quits: Rym (y@moz-aun.38r.38.217.IP) (Ping timeout: 121 seconds)
[18:25:37] *** Quits: zeiris (zeiris@moz-8jbmam.letter.agency) (Ping timeout: 121 seconds)
[18:32:54] *** Joins: zeiris (zeiris@moz-8jbmam.letter.agency)
[18:33:49] *** Joins: debu (debu@moz-6momm3.adsl.alicedsl.de)
[18:37:03] *** Quits: zeiris (zeiris@moz-8jbmam.letter.agency) (Ping timeout: 121 seconds)
[18:38:45] *** Joins: zeiris (zeiris@moz-8jbmam.letter.agency)
[18:43:30] *** Quits: zeiris (zeiris@moz-8jbmam.letter.agency) (Ping timeout: 121 seconds)
[18:49:55] *** Joins: zeiris (zeiris@moz-8jbmam.letter.agency)
[18:50:52] *** Joins: Rym (y@moz-aun.38r.38.217.IP)
[18:55:17] *** Quits: Rym (y@moz-aun.38r.38.217.IP) (Ping timeout: 121 seconds)
[18:56:55] <kvark> evan miller, you disappointed me. The post about Go was short and extra fun to read. The one about Rust feels like you woke up in anger and was forced to write this article...
[18:57:25] <cmr> heh. what post?
[18:57:58] <kvark> http://www.evanmiller.org/a-taste-of-rust.html
[18:58:52] <kvark> what's wrong with he "if"? why so much hate for iterators? eh
[18:59:06] <tomaka> is he famous?
[18:59:33] <tomaka> (naive question)
[18:59:55] <cmr> not to me.
[19:00:09] <kvark> tomaka: dunno. I just greatly enjoyed his writup on Go go and asked to have a look at Rust by email...
[19:04:00] <cmr> Ah the classic, "I used rust for 10 minutes and never used the -O flag" blog post...
[19:05:22] <tomaka> "We've reserved the 'become' keyword for the purpose of explicitly opting into TCO in the future" I didn't know that
[19:05:31] <tomaka> I didn't even know that "become" was reserved :o
[19:06:42] <niconii> yeah, just tested 'em out, the iterator *is* a lot slower than while, but only if you don't use optimizations
[19:07:09] <ty> niconii: I just tried *with* optimizations and iterator one is still slow
[19:07:33] <niconii> ty: well, i used -C opt-level=3
[19:07:35] <kvark> niconii: I believe this is a well-known fact. Never hurts to re-confirm it once in a while though, of course
[19:07:50] <niconii> ty: didn't try just -O (which is -C opt-level=2)
[19:08:30] <niconii> hmm
[19:08:36] <SneakySnake> The iterator one takes twice as much time as the while loop on my computer with -O3
[19:08:37] <niconii> no, even with -O
[19:08:43] <SneakySnake> -C opt-level=3*
[19:08:52] <ty> niconii: I'm getting the same results as SneakySnake
[19:09:01] <ty> 0.16s vs 0.09
[19:09:36] <niconii> hmm
[19:10:32] <niconii> i'm getting sub-0.03s times with everything, so
[19:10:51] <SneakySnake> Guess it's CPU-dependent
[19:10:58] <SneakySnake> Maybe modern CPUs can better optimize this
[19:11:06] <SneakySnake> I have a pretty old intel CPU
[19:11:16] <niconii> i wouldn't call this a "modern CPU"
[19:11:24] <SneakySnake> while takes 0.22, iter takes 0.42
[19:11:25] <kvark> I'd expect the same assembly generated
[19:11:32] <ty> I was also using 100_000_000 iterations
[19:12:17] <niconii> hmm, maybe i'll try upping the iterations then
[19:13:27] *** Joins: nodweber (nodweber@moz-knt.fgq.178.5.IP)
[19:13:47] <niconii> hmm, yeah, you're right, iterator version is slower
[19:14:01] <niconii> 0.29s iter vs 0.19s while
[19:14:35] *** Quits: harrisonclarke (harrisoncla@moz-g1kp2c.ns.bellaliant.net) (Connection closed)
[19:15:29] <SneakySnake> The assembly emitted is vastly different on my system https://gist.github.com/crumblingstatue/33094508a1f98f870557
[19:16:33] <kvark> looks like it tries to unroll the loop partially?..
[19:16:57] *** Quits: nodweber (nodweber@moz-knt.fgq.178.5.IP) (A TLS packet with unexpected length was received.)
[19:17:09] *** Joins: nodweber (nodweber@moz-knt.fgq.178.5.IP)
[19:17:40] *** Joins: harrisonclarke (harrisoncla@moz-g1kp2c.ns.bellaliant.net)
[19:18:28] *** Quits: brson (brson@moz-u3dg2t.sfo1.mozilla.com) (Ping timeout: 121 seconds)
[19:20:25] <niconii> yeah, i guess it unrolls it for while but not for iter
[19:21:11] *** Quits: nodweber (nodweber@moz-knt.fgq.178.5.IP) (Ping timeout: 121 seconds)
[19:22:01] <kvark> ... and reading up to the split_at_mut in the article shows that the author totally misses the zen or rust
[19:22:02] <cmr> look at what eddyb shared,
[19:22:04] <cmr> https://play.rust-lang.org/?code=%23![crate_type%3D%22lib%22]%0A%0Apub%20fn%20manual%28xs%3A%20%26[i32]%29%20-%3E%20i32%20{%0A%20%20%20%20let%20mut%20i%20%3D%200%3B%0A%20%20%20%20let%20n%20%3D%20xs.len%28%29%3B%0A%20%20%20%20let%20mut%20sum%20%3D%200%3B%0A%20%20%20%20while%20i%20%3C%20n%20{%0A%20%20%20%20%20%20%20%20sum%20%2B%3D%20xs[i]%3B%0A%20%20%20%20%20%20%20%20i%20%2B%3D%201%3B%0A%20
[19:22:06] <cmr> %20%20%20}%0A%20%20%20%20sum%0A}%0A%0Apub%20fn%20iter%28xs%3A%20%26[i32]%29%20-%3E%20i32%20{%0A%20%20%20%20xs.iter%28%29.fold%280%2C%20|s%2C%20%26x|%20s%20%2B%20x%29%0A}
[19:22:08] <cmr> oh god that url.
[19:22:21] <cmr> http://is.gd/jnwrzx
[19:22:29] <eddyb> it's reddit
[19:22:44] <eddyb> and manually encoded because there is no bloody way to make an URL reddit-safe
[19:23:04] <eddyb> "https://play.rust-lang.org/?code="+escape(ace.edit("editor").getSession().getValue()).replace(/\+/g, '%2B')
[19:23:07] <eddyb> this is what I have to do
[19:23:08] <ty> Oh wow.  When I take the "iterator one", and turn it into a range > map > reduce, it gets as fast as the while one 
[19:23:39] <kvark> cmr: so what about this code?
[19:25:14] <Tiffany> kvark: it compiles to vector instructions for the iterator version, and does not for the while loop version
[19:25:24] <Tiffany> at least on play.rust-lang.org
[19:25:33] <Tiffany> and on release mode
[19:25:34] <kvark> so it's faster?
[19:25:41] <eddyb> by at least 8 times
[19:25:44] <eddyb> give or take :P
[19:25:46] <kvark> eddyb: woot
[19:25:48] <Tiffany> 8 times faster under AVX
[19:25:57] <eddyb> well, there is some overhead
[19:26:08] <eddyb> but you are chewing 8x more memory per iteration
[19:26:21] <Tiffany> it looks like it's compiling to 4-wide vector instructions in the IR though
[19:26:25] <Tiffany> so that would be SSE equivalent
[19:26:25] <eddyb> yes
[19:26:30] <eddyb> Tiffany: there's two of them
[19:26:34] <Tiffany> I don't know if llvm can upgrade that during optimisation
[19:26:55] <eddyb> AVX would be 16, if I understand you right
[19:27:00] *** Quits: w4ffles (textual@moz-g7g.toe.144.12.IP) (Quit: My Mac has gone to sleep. ZZZzzz…)
[19:27:08] <eddyb> Tiffany: it's summing two vectors at once
[19:27:10] *** Joins: w4ffles (textual@moz-g7g.toe.144.12.IP)
[19:27:11] <Tiffany> AVX is 256 bits, 256 / 32 is 8
[19:27:18] <Tiffany> SSE is only 128 bits, AVX-512 is 512 bits
[19:27:21] <eddyb> maybe I'm not clear enough
[19:27:37] <eddyb> [a, b, c, d, e, f, g, h] is done in one iteration
[19:28:04] <Tiffany> oh, yes
[19:28:09] <eddyb> <0, 0, 0, 0> + <a, b, c, d> and <0, 0, 0, 0> + <e, f, g, h>
[19:28:14] <Tiffany> it does two operations per iteration, and each operation processes 4 elements
[19:28:42] <Tiffany> I know x86 can do some reordering voodoo and might have more than 1 FP unit that can be used by a CPU core at a time, but I don't think that's guaranteed
[19:28:51] <eddyb> you know what's funny? they talk about arrays later, but their slow comparison is with ranges
[19:29:10] <SneakySnake> (0..10000000).fold(0, |s, x| s + x) is still slower on my system than the while version
[19:29:18] <SneakySnake> But it's faster than the 'for' version
[19:29:21] <eddyb> this seems like a bug, actually
[19:29:35] <eddyb> it's not lowering to something LLVM-friendly
[19:29:45] <eddyb> which it totally can, without hurting ergonomics
[19:29:56] <eddyb> hence, iterators rule. QED
[19:29:58] <ty> huh, on my machine, the fold is just as face
[19:30:14] <eddyb> can we stop comparing numbers and look at the IR?
[19:30:18] <eddyb> this is very silly
[19:31:00] <eddyb> I spent hours poking at benchmarks of formatting before and after changing it to do copies instead of passing by reference
[19:31:08] <SneakySnake> Actually, that version works with i32 instead of f64
[19:31:16] <eddyb> had I looked at the IR I would have seen they were identical
[19:31:16] <SneakySnake> Changed it to f64, it's the same speed as the 'for' version
[19:31:46] <eddyb> but the benchmark numbers would have made you believe one was faster than the other (and it changed sides)
[19:31:54] <eddyb> it's so pointless
[19:32:12] <FreeFull> For summing f64s there are special algorithms anyway, since the naive summation causes errors to accumulate
[19:32:22] <eddyb> it's likely one or two instructions differing
[19:34:17] *** Quits: zeiris (zeiris@moz-8jbmam.letter.agency) (Ping timeout: 121 seconds)
[19:35:46] *** Quits: w4ffles (textual@moz-g7g.toe.144.12.IP) (Quit: My Mac has gone to sleep. ZZZzzz…)
[19:35:58] *** Joins: w4ffles (textual@moz-g7g.toe.144.12.IP)
[19:42:15] *** Joins: zeiris (zeiris@moz-8jbmam.letter.agency)
[19:42:18] *** Joins: Tobba (Tobba@moz-o13d22.bredband.telia.com)
[19:43:26] *** Joins: zyphrus (David@moz-1a4.urk.98.101.IP)
[19:43:59] <niconii> https://gist.github.com/niconii/7db70c771960b4ad3f36
[19:44:42] <niconii> (sorry about the order of files, by the way, i guess gist just uses alphabetical order)
[19:44:58] *** Joins: Rym (y@moz-aun.38r.38.217.IP)
[19:45:18] <niconii> anyway, the asm is very similar
[19:45:55] <niconii> the ir is fairly similar as well, though things aren't in the same order so showing a diff for that wouldn't be very helpful
[19:46:13] <eddyb> niconii: that's why you use something like kdiff3
[19:46:37] <eddyb> "simple" side-by-side diffs can also work, if the tool is good enough
[19:46:57] <eddyb> (and even supports side-by-side diffs in the first place)
[19:47:16] <eddyb> anything else is almost entirely useless for comparing IR
[19:49:28] *** Quits: Rym (y@moz-aun.38r.38.217.IP) (Ping timeout: 121 seconds)
[19:49:49] *** Quits: zyphrus (David@moz-1a4.urk.98.101.IP) (Ping timeout: 121 seconds)
[19:50:18] *** Joins: bytewise (bytewise@moz-agoafm.adsl.alicedsl.de)
[19:51:33] *** Quits: bdero (bran@moz-mqs.7dh.189.18.IP) (Ping timeout: 121 seconds)
[19:59:58] *** Quits: zeiris (zeiris@moz-8jbmam.letter.agency) (Ping timeout: 121 seconds)
[20:00:21] *** Joins: zeiris (zeiris@moz-8jbmam.letter.agency)
[20:01:26] *** Joins: genbattle (genbattle@moz-4v0.gkd.16.182.IP)
[20:04:31] *** Joins: kalail (uid62296@moz-5ck9vu.charlton.irccloud.com)
[20:08:44] *** Quits: erickt (erickt@moz-4hh.6p3.217.74.IP) (Ping timeout: 121 seconds)
[20:08:59] *** Joins: erickt (erickt@moz-4hh.6p3.217.74.IP)
[20:14:39] *** Quits: zeiris (zeiris@moz-8jbmam.letter.agency) (Ping timeout: 121 seconds)
[20:19:24] *** Quits: aepsil0n (eduard@moz-6491ha.mv2h.pepi.8071.2a02.IP) (Connection closed)
[20:21:55] *** Joins: zeiris (zeiris@moz-8jbmam.letter.agency)
[20:22:03] *** Joins: mattico (Matthew@moz-f4l4fc.0mtq.dm5j.ea00.2607.IP)
[20:30:34] *** Joins: brson (brson@moz-u3dg2t.sfo1.mozilla.com)
[20:31:56] *** Quits: SneakySnake (nya@moz-i9is4u.pool.telekom.hu) (Connection closed)
[20:32:09] *** Quits: zeiris (zeiris@moz-8jbmam.letter.agency) (Ping timeout: 121 seconds)
[20:33:49] *** Joins: SneakySnake (nya@moz-i9is4u.pool.telekom.hu)
[20:34:26] *** Joins: guycook (quassel@moz-rpa0ek.snap.net.nz)
[20:34:30] *** Joins: zeiris (zeiris@moz-8jbmam.letter.agency)
[20:37:46] *** Joins: matp (matp@moz-rvt9hl.matp.at)
[20:39:02] *** Quits: hhhhhhhh1 (mike@moz-969kuj.cable.virginm.net) (Quit: WeeChat 1.1.1)
[20:39:06] *** Joins: Rym (y@moz-aun.38r.38.217.IP)
[20:39:08] *** Quits: hhhhhhhhhh (mike@moz-969kuj.cable.virginm.net) (Quit: WeeChat 1.1.1)
[20:41:16] *** Quits: zeiris (zeiris@moz-8jbmam.letter.agency) (Ping timeout: 121 seconds)
[20:43:38] *** Quits: Rym (y@moz-aun.38r.38.217.IP) (Ping timeout: 121 seconds)
[20:48:52] *** Joins: dkeenaghan (dkeenaghan@moz-oeu.k7g.100.89.IP)
[20:55:04] *** Joins: Binero (jeroen@moz-91joat.69vi.s4ge.1810.2a02.IP)
[20:58:02] *** Joins: bdero (bran@moz-lbs.91h.47.73.IP)
[20:59:07] *** Joins: zeiris (zeiris@moz-8jbmam.letter.agency)
[21:03:11] *** Quits: zeiris (zeiris@moz-8jbmam.letter.agency) (Ping timeout: 121 seconds)
[21:03:38] *** Quits: brson (brson@moz-u3dg2t.sfo1.mozilla.com) (Ping timeout: 121 seconds)
[21:07:53] *** Quits: harrisonclarke (harrisoncla@moz-g1kp2c.ns.bellaliant.net) (Connection closed)
[21:12:00] *** Joins: brson (brson@moz-u3dg2t.sfo1.mozilla.com)
[21:13:26] *** Joins: summerlight (summerlight@moz-99k.2mj.130.121.IP)
[21:14:29] *** Quits: Tobba (Tobba@moz-o13d22.bredband.telia.com) (Connection closed)
[21:14:32] *** Joins: kazimuth (james@moz-o27.tl8.111.18.IP)
[21:14:54] *** Joins: scape (chris@moz-ci61eb.nj.comcast.net)
[21:14:56] *** Joins: Tobba (Tobba@moz-o13d22.bredband.telia.com)
[21:16:44] *** Joins: kazimuth_ (james@moz-fal.j9l.189.18.IP)
[21:17:15] *** Quits: Tobba (Tobba@moz-o13d22.bredband.telia.com) (Quit: Leaving)
[21:17:21] *** Joins: Tobba (Tobba@moz-o13d22.bredband.telia.com)
[21:18:36] *** Quits: kazimuth (james@moz-o27.tl8.111.18.IP) (Ping timeout: 121 seconds)
[21:19:18] *** Quits: summerlight (summerlight@moz-99k.2mj.130.121.IP) (Ping timeout: 121 seconds)
[21:20:56] *** Joins: mindtree (Mitch@moz-rchrgl.iprimus.net.au)
[21:25:19] *** Quits: Tobba (Tobba@moz-o13d22.bredband.telia.com) (Connection closed)
[21:25:53] *** Quits: KdotJPG (KdotJPG@moz-qcgm3s.801f.5ehq.0306.2602.IP) (Ping timeout: 121 seconds)
[21:26:19] *** Joins: Tobba (Tobba@moz-o13d22.bredband.telia.com)
[21:28:29] *** Joins: zeiris (zeiris@moz-8jbmam.letter.agency)
[21:30:25] *** Quits: Boscop (me@moz-5ac.5rj.126.98.IP) (Ping timeout: 121 seconds)
[21:32:03] *** Joins: hhhhhhhhhh (mike@moz-969kuj.cable.virginm.net)
[21:33:19] *** Joins: Rym (y@moz-aun.38r.38.217.IP)
[21:35:54] *** Quits: SneakySnake (nya@moz-i9is4u.pool.telekom.hu) (Connection closed)
[21:36:30] *** Quits: zeiris (zeiris@moz-8jbmam.letter.agency) (Connection closed)
[21:37:47] *** Quits: Rym (y@moz-aun.38r.38.217.IP) (Ping timeout: 121 seconds)
[21:38:59] *** Quits: Lilly (Lilly@moz-pfkvo9.bredband.comhem.se) (Quit: bajs)
[21:39:02] *** Quits: w4ffles (textual@moz-g7g.toe.144.12.IP) (Quit: My Mac has gone to sleep. ZZZzzz…)
[21:41:41] *** Quits: pcwalton (pcwalton@moz-l8ebtf.sfo1.mozilla.com) (Client exited)
[21:45:35] *** Joins: e_svedang (e_svedang@moz-p1r4ve.bredband.comhem.se)
[21:51:18] *** Joins: Layl (Layl@moz-65hqmf.direct-adsl.nl)
[21:52:06] *** Joins: harrisonclarke (harrisoncla@moz-uur7pt.eastlink.ca)
[21:53:55] <Layl> woo I've got text visible
[21:54:02] <Layl> gfx_text is a godsend for my deadlines
[21:54:37] <kvark> that's sweet :)
[21:54:54] <kvark> I thought you are long past the deadline
[21:55:22] *** Joins: zeiris (dan@moz-8jbmam.letter.agency)
[21:55:38] <fkaa> tonight will consist of the witcher 3 soundtrack and gfx-rs stuff :o
[21:56:00] <Layl> kvark, I work in iterations
[21:56:10] <Layl> one deadline's over means the next one is already looming
[21:56:30] *** Quits: debu (debu@moz-6momm3.adsl.alicedsl.de) (Ping timeout: 121 seconds)
[22:00:50] *** Joins: James (quassel@moz-225vcm.range86-148.btcentralplus.com)
[22:02:07] *** Joins: Boscop (me@moz-5ac.5rj.126.98.IP)
[22:02:17] *** Joins: pcwalton (pcwalton@moz-l8ebtf.sfo1.mozilla.com)
[22:05:16] *** Quits: wipeD (wipeD@moz-ldqjdv.dip0.t-ipconnect.de) (Quit: G'bye)
[22:06:55] *** Quits: Boscop (me@moz-5ac.5rj.126.98.IP) (Ping timeout: 121 seconds)
[22:07:08] *** Quits: harrisonclarke (harrisoncla@moz-uur7pt.eastlink.ca) (Connection closed)
[22:08:23] *** Joins: harrisonclarke (harrisoncla@moz-uur7pt.eastlink.ca)
[22:10:06] *** bvssvni is now known as bvssvni_
[22:10:09] *** Quits: kvark (Mibbit@moz-p3c.rcb.221.216.IP) (Quit: http://www.mibbit.com ajax IRC Client)
[22:14:26] *** Quits: niconii (nicole@moz-ojt2sa.frgo.qwest.net) (Quit: brb)
[22:17:24] *** Quits: saterus (saterus@moz-o0ug28.res.rr.com) (Connection closed)
[22:17:46] *** Joins: saterus (saterus@moz-o0ug28.res.rr.com)
[22:19:07] *** Quits: hhhhhhhhhh (mike@moz-969kuj.cable.virginm.net) (Quit: WeeChat 1.1.1)
[22:19:21] *** Joins: niconii (nicole@moz-ojt2sa.frgo.qwest.net)
[22:21:53] *** Quits: saterus (saterus@moz-o0ug28.res.rr.com) (Ping timeout: 121 seconds)
[22:22:34] <Layl> kagami, hey could you give me a hand? for some reason only the last of the text labels I'm drawing seems to draw
[22:24:02] *** Joins: w4ffles (textual@moz-34v1r4.res.rr.com)
[22:27:25] *** Joins: Rym (y@moz-aun.38r.38.217.IP)
[22:27:42] *** Quits: bjz (bjz@moz-puppgq.tpgi.com.au) (Quit: My Mac has gone to sleep. ZZZzzz…)
[22:28:13] *** Joins: acharles (acharles@moz-dvfnah.static.qwest.net)
[22:31:57] *** Quits: Rym (y@moz-aun.38r.38.217.IP) (Ping timeout: 121 seconds)
[22:32:27] *** Quits: brson (brson@moz-u3dg2t.sfo1.mozilla.com) (Quit: leaving)
[22:33:28] *** Joins: mastax (Matthew@moz-l3g7sb.0mtq.dm5j.ea00.2607.IP)
[22:34:07] *** Quits: e_svedang (e_svedang@moz-p1r4ve.bredband.comhem.se) (Client exited)
[22:35:49] *** Quits: mattico (Matthew@moz-f4l4fc.0mtq.dm5j.ea00.2607.IP) (Ping timeout: 121 seconds)
[22:40:28] *** Joins: summerlight (summerlight@moz-99k.2mj.130.121.IP)
[22:43:11] *** Joins: Matt (Matthew@moz-2vsmvu.0mtq.dm5j.ea00.2607.IP)
[22:44:51] *** Joins: wmtemple (wmtemple@moz-hm7.5fo.39.96.IP)
[22:45:03] *** Quits: mastax (Matthew@moz-l3g7sb.0mtq.dm5j.ea00.2607.IP) (Ping timeout: 121 seconds)
[22:47:26] *** Quits: dkeenaghan (dkeenaghan@moz-oeu.k7g.100.89.IP) (Quit: Leaving)
[22:47:44] *** Joins: Boscop (me@moz-5ac.5rj.126.98.IP)
[22:49:41] <Layl> kagami, I filed a bug for it with some example code and a screenshot
[22:51:43] *** Quits: pcwalton (pcwalton@moz-l8ebtf.sfo1.mozilla.com) (Client exited)
[22:56:24] *** Joins: aatch (james@moz-is4j4r.cable.telstraclear.net)
[22:59:29] *** Quits: kazimuth_ (james@moz-fal.j9l.189.18.IP) (Quit: My Mac has gone to sleep. ZZZzzz…)
[22:59:57] *** Quits: Matt (Matthew@moz-2vsmvu.0mtq.dm5j.ea00.2607.IP) (Ping timeout: 121 seconds)
[23:00:56] *** Quits: Boscop (me@moz-5ac.5rj.126.98.IP) (Ping timeout: 121 seconds)
[23:02:26] *** Quits: SerialVelocity (SerialVeloc@moz-attia0.cable.virginm.net) (Quit: My Mac has gone to sleep. ZZZzzz…)
[23:04:30] *** Joins: Rym (y@moz-aun.38r.38.217.IP)
[23:05:37] *** Quits: Gabriel_7 (Gabriel@moz-qvum64.mtgr.92aj.0e35.2a01.IP) (Connection closed)
[23:07:43] *** Quits: Jesin (Jesin@moz-34r.q2b.180.128.IP) (Quit: Leaving)
[23:08:50] *** Quits: James (quassel@moz-225vcm.range86-148.btcentralplus.com) (Ping timeout: 121 seconds)
[23:09:10] *** Joins: orangeshark (erik@moz-clk4vj.44tj.56ot.0306.2602.IP)
[23:11:11] *** Quits: vosen (vosen@moz-mtm1g4.dynamic.chello.pl) (Connection closed)
[23:12:23] *** Quits: jaen (jaen@moz-ifmik2.copit.pl) (Quit: WeeChat 1.1.1)
[23:12:48] *** Quits: summerlight (summerlight@moz-99k.2mj.130.121.IP) (Ping timeout: 121 seconds)
[23:14:08] *** Joins: Boscop (me@moz-5ac.5rj.126.98.IP)
[23:16:01] <wmtemple> Any idea what I should be looking for if gleam/gl-rs is panicking for 'gl function was not loaded' when I'm trying to call gleam::gl::GenFramebuffers? I'm using rust nightly on Linux w/mesa. any help is appreciated.
[23:16:25] <eddyb> what is gleam?
[23:16:37] <eddyb> !crate gleam
[23:16:39] <cmr> wmtemple: what's your `glxinfo`?
[23:16:44] <eddyb> ehm
[23:16:49] <eddyb> !crate glium
[23:16:51] <cmr> wmtemple: it probably means you forgot to call load_with
[23:16:57] <eddyb> Havvy: where's the bot?
[23:17:08] <cmr> eddyb: it's not in this channel I don't think.
[23:17:11] <cmr> (it's called rustbot.
[23:17:44] <eddyb> I asked Havvy for it and the bot joined. I was hoping it stayed :(
[23:18:18] *** Quits: Boscop (me@moz-5ac.5rj.126.98.IP) (Ping timeout: 121 seconds)
[23:18:48] *** Joins: rustbot (havvy@moz-3sq.vdk.239.23.IP)
[23:19:09] <Havvy> !crate gleam
[23:19:10] <rustbot> Crate 'gleam' does not exist.
[23:19:53] <wmtemple> eddyb: gleam's a set of generated opengl bindings for servo github.com/servo/gleam
[23:20:32] <wmtemple> cmr: do you want me to pastebin my glxinfo? Also where would I have to do a load_with? Is there a good example you could point me at?
[23:21:29] *** Joins: Boscop (me@moz-5ac.5rj.126.98.IP)
[23:22:33] *** Quits: eddyb (eddyb@moz-egg.q07.26.188.IP) (Ping timeout: 121 seconds)
[23:22:34] *** kimundi is now known as zz_kimundi
[23:23:51] <cmr> wmtemple: see the readme: https://github.com/bjz/gl-rs/#basic-usage
[23:23:59] <cmr> The glxinfo isn't important if you're not calling laod_with.
[23:24:04] <cmr> Since that is necessary.
[23:27:19] *** Quits: Boscop (me@moz-5ac.5rj.126.98.IP) (Ping timeout: 121 seconds)
[23:30:38] *** Quits: w4ffles (textual@moz-34v1r4.res.rr.com) (Quit: My Mac has gone to sleep. ZZZzzz…)
[23:31:35] *** Quits: davebettin (davebettin@moz-hde.5e5.136.67.IP) (Ping timeout: 121 seconds)
[23:36:00] *** Joins: pcwalton (pcwalton@moz-l8ebtf.sfo1.mozilla.com)
[23:41:04] *** Joins: Wild_Cat (Max@moz-fa8mvt.dsl.teksavvy.com)
[23:47:12] *** Quits: erickt (erickt@moz-4hh.6p3.217.74.IP) (Quit: leaving)
[23:48:25] *** Quits: Rym (y@moz-aun.38r.38.217.IP) (Ping timeout: 121 seconds)
[23:49:51] *** Joins: Rym (y@moz-aun.38r.38.217.IP)
[23:52:03] *** Quits: zeph (zeph@moz-jn4cjt.3nlo.p53a.ffda.2602.IP) (Ping timeout: 121 seconds)
[23:56:00] *** Quits: zeiris (dan@moz-8jbmam.letter.agency) (Ping timeout: 121 seconds)
[23:57:59] *** Joins: zeiris (dan@moz-8jbmam.letter.agency)
