[00:01:37] *** Quits: jweathersby (Adium@moz-qbfu9a.ip.windstream.net) (Quit: Leaving.)
[00:04:18] *** Joins: pnkfelix (pnkfelix@moz-eljppb.fbx.proxad.net)
[00:09:59] *** Quits: jdm (jdm@moz-4vu.06r.98.75.IP) (Quit: )
[00:12:15] *** Quits: azakai (alon@moz-e4nck0.mh2d.1ibb.0101.2620.IP) (Quit: Ex-Chat)
[00:12:52] *** sunfish is now known as sunfish-away
[00:20:47] *** Quits: mchang (mchang@moz-u3dg2t.sfo1.mozilla.com) (Client exited)
[00:23:55] *** Quits: mbx (textual@moz-l8ebtf.sfo1.mozilla.com) (Quit: My Mac has gone to sleep. ZZZzzz…)
[00:27:12] *** Joins: roc_ (chatzilla@moz-obisgm.orcon.net.nz)
[00:27:29] *** Quits: brson (brson@moz-prn.c9m.56.172.IP) (Ping timeout: 121 seconds)
[00:28:37] *** Quits: roc (chatzilla@moz-kia32k.orcon.net.nz) (Ping timeout: 121 seconds)
[00:28:39] *** roc_ is now known as roc
[00:38:32] *** Quits: pcwalton (pcwalton@moz-6kjabm.ca.comcast.net) (Client exited)
[00:43:25] *** Joins: docwho_ (quassel@moz-bgt.6kh.139.14.IP)
[00:43:25] *** Quits: docwho (quassel@moz-bgt.6kh.139.14.IP) (Connection closed)
[01:22:57] *** Joins: mbx (textual@moz-l8ebtf.sfo1.mozilla.com)
[01:23:02] *** Joins: tadh (quassel@moz-77pugv.res.rr.com)
[01:26:01] *** Joins: mchang (mchang@moz-jfs.7kq.14.76.IP)
[01:27:58] *** Quits: mchang (mchang@moz-jfs.7kq.14.76.IP) (Client exited)
[01:28:03] *** Joins: mchang (mchang@moz-jfs.7kq.14.76.IP)
[01:36:12] *** Joins: azakai|2 (alon@moz-3t5.lnj.113.99.IP)
[02:08:17] *** Quits: mchang (mchang@moz-jfs.7kq.14.76.IP) (Client exited)
[02:12:44] *** Joins: reqshark (reqshark@moz-amtd83.cable.rcn.com)
[02:13:17] *** Parts: cjones (cjones@moz-osv.rmn.162.73.IP) ()
[02:38:18] *** Quits: pnkfelix (pnkfelix@moz-eljppb.fbx.proxad.net) (Ping timeout: 121 seconds)
[02:46:56] *** Quits: docwho_ (quassel@moz-bgt.6kh.139.14.IP) (Connection closed)
[03:01:44] *** khuey is now known as khuey|away
[03:03:25] *** Quits: mbx (textual@moz-l8ebtf.sfo1.mozilla.com) (Quit: My Mac has gone to sleep. ZZZzzz…)
[03:04:07] *** Joins: azita (Azita@moz-v16.4ki.202.73.IP)
[03:07:49] *** Quits: tadh (quassel@moz-77pugv.res.rr.com) (Connection closed)
[03:12:47] *** Quits: nrc (nrc@moz-4bhi2i.xtra.co.nz) (Ping timeout: 121 seconds)
[03:16:08] *** Joins: nrc (nrc@moz-4bhi2i.xtra.co.nz)
[03:24:14] *** Quits: gw (uid31717@moz-hcr55a.charlton.irccloud.com) (Quit: Connection closed for inactivity)
[03:29:11] *** Joins: pcwalton (pcwalton@moz-6kjabm.ca.comcast.net)
[03:29:11] *** ChanServ sets mode: +o pcwalton
[03:44:21] *** Joins: brson (brson@moz-05j.7vl.56.172.IP)
[03:44:21] *** ChanServ sets mode: +o brson
[04:06:46] *** Quits: nrc (nrc@moz-4bhi2i.xtra.co.nz) (Ping timeout: 121 seconds)
[04:22:14] *** Joins: mbx (textual@moz-fjua8t.ca.comcast.net)
[04:23:55] *** Quits: brson (brson@moz-05j.7vl.56.172.IP) (Quit: leaving)
[04:30:01] *** Quits: azita (Azita@moz-v16.4ki.202.73.IP) (Client exited)
[04:31:14] *** Joins: jweathersby (Adium@moz-4v6dmf.6o38.alpj.4528.2002.IP)
[05:00:47] *** Quits: mbx (textual@moz-fjua8t.ca.comcast.net) (Quit: My Mac has gone to sleep. ZZZzzz…)
[05:23:35] *** Quits: pcwalton (pcwalton@moz-6kjabm.ca.comcast.net) (Client exited)
[05:31:43] *** Joins: ecr (chatzilla@moz-lbb.gon.175.205.IP)
[05:51:43] *** Quits: ecr (chatzilla@moz-lbb.gon.175.205.IP) (Quit: ChatZilla 0.9.91.1 [Firefox 36.0.1/20150305021524])
[06:11:04] *** Joins: ddamjano (Instantbird@moz-fd1kg4.ehig.7h68.8388.2a02.IP)
[06:22:32] *** Quits: ddamjano (Instantbird@moz-fd1kg4.ehig.7h68.8388.2a02.IP) (Quit: Instantbird 1.5 -- http://www.instantbird.com)
[06:39:35] *** khuey|away is now known as khuey
[06:51:15] *** Joins: mccr8 (mccr8@moz-m84lpe.ca.comcast.net)
[06:51:24] *** Quits: mccr8 (mccr8@moz-m84lpe.ca.comcast.net) (Quit: quit)
[07:02:00] *** Joins: faramarz (faramarz@moz-fcpt3i.ca.comcast.net)
[07:06:02] *** Joins: mbx (textual@moz-fjua8t.ca.comcast.net)
[07:07:17] *** Quits: faramarz (faramarz@moz-fcpt3i.ca.comcast.net) (Client exited)
[07:14:13] *** Quits: mbx (textual@moz-fjua8t.ca.comcast.net) (Quit: My Mac has gone to sleep. ZZZzzz…)
[07:23:42] *** Quits: jweathersby (Adium@moz-4v6dmf.6o38.alpj.4528.2002.IP) (Quit: Leaving.)
[07:35:30] *** khuey is now known as khuey|away
[07:46:09] *** Joins: nrc (nrc@moz-4bhi2i.xtra.co.nz)
[08:56:23] *** Joins: bombless (bombless@moz-odk.piv.41.59.IP)
[08:58:35] *** Quits: bombless (bombless@moz-odk.piv.41.59.IP) (Quit: Leaving)
[10:18:04] *** Quits: nrc (nrc@moz-4bhi2i.xtra.co.nz) (Ping timeout: 121 seconds)
[11:14:39] *** Joins: pnkfelix (pnkfelix@moz-eljppb.fbx.proxad.net)
[15:46:58] *** Joins: mchang (mchang@moz-4b7hgp.res.rr.com)
[16:23:18] *** Joins: docwho (quassel@moz-bgt.6kh.139.14.IP)
[17:16:35] *** Quits: docwho (quassel@moz-bgt.6kh.139.14.IP) (Connection closed)
[17:17:26] *** Joins: docwho (quassel@moz-bgt.6kh.139.14.IP)
[17:17:43] *** Joins: docwho_ (quassel@moz-bgt.6kh.139.14.IP)
[17:17:44] *** Quits: docwho (quassel@moz-bgt.6kh.139.14.IP) (Connection closed)
[17:17:45] *** Quits: docwho_ (quassel@moz-bgt.6kh.139.14.IP) (Connection closed)
[17:17:54] *** Joins: docwho (quassel@moz-bgt.6kh.139.14.IP)
[17:24:38] *** Joins: mbx (textual@moz-fjua8t.ca.comcast.net)
[17:41:31] *** khuey|away is now known as khuey
[18:13:57] *** Joins: cjones (cjones@moz-t19.bab.126.76.IP)
[18:15:32] *** Joins: jdm (jdm@moz-h3a5k9.dsl.bell.ca)
[18:18:41] *** khuey is now known as khuey|away
[18:23:33] *** Quits: cjones (cjones@moz-t19.bab.126.76.IP) (Client exited)
[18:23:49] *** Joins: cjones (cjones@moz-t19.bab.126.76.IP)
[18:31:59] *** Quits: cjones (cjones@moz-t19.bab.126.76.IP) (Client exited)
[18:32:15] *** Joins: cjones (cjones@moz-t19.bab.126.76.IP)
[18:37:45] *** Quits: cjones (cjones@moz-t19.bab.126.76.IP) (A TLS packet with unexpected length was received.)
[19:06:52] *** Joins: brson (brson@moz-m51.7qp.59.108.IP)
[19:06:52] *** ChanServ sets mode: +o brson
[19:12:09] *** Quits: mbx (textual@moz-fjua8t.ca.comcast.net) (Quit: My Mac has gone to sleep. ZZZzzz…)
[19:12:14] *** Joins: mbx (textual@moz-fjua8t.ca.comcast.net)
[19:14:11] *** Quits: mbx (textual@moz-fjua8t.ca.comcast.net) (Quit: My Mac has gone to sleep. ZZZzzz…)
[19:18:00] *** Joins: docwho_ (quassel@moz-bgt.6kh.139.14.IP)
[19:18:00] *** Quits: docwho (quassel@moz-bgt.6kh.139.14.IP) (Connection closed)
[20:09:32] *** Joins: mbx (textual@moz-u06.gdh.148.32.IP)
[20:13:37] *** Quits: mbx (textual@moz-u06.gdh.148.32.IP) (Ping timeout: 121 seconds)
[20:45:22] *** Quits: docwho_ (quassel@moz-bgt.6kh.139.14.IP) (Connection closed)
[20:51:55] *** Joins: nrc (nrc@moz-4bhi2i.xtra.co.nz)
[20:56:31] *** Quits: brson (brson@moz-m51.7qp.59.108.IP) (Quit: leaving)
[21:03:32] *** Quits: pnkfelix (pnkfelix@moz-eljppb.fbx.proxad.net) (Ping timeout: 121 seconds)
[21:25:07] *** Joins: docwho (quassel@moz-bgt.6kh.139.14.IP)
[21:37:29] *** Quits: docwho (quassel@moz-bgt.6kh.139.14.IP) (Ping timeout: 121 seconds)
[21:38:13] *** Joins: docwho (quassel@moz-bgt.6kh.139.14.IP)
[22:40:59] *** Quits: jdm (jdm@moz-h3a5k9.dsl.bell.ca) (Quit: )
[22:49:35] *** Joins: brson (brson@moz-m51.7qp.59.108.IP)
[22:49:35] *** ChanServ sets mode: +o brson
[22:52:15] *** Quits: brson (brson@moz-m51.7qp.59.108.IP) (Quit: leaving)
[22:52:30] *** Joins: brson (brson@moz-cfhap5.mtv2.mozilla.com)
[22:52:30] *** ChanServ sets mode: +o brson
[23:25:23] *** Joins: docwho_ (quassel@moz-bgt.6kh.139.14.IP)
[23:25:23] *** Quits: docwho (quassel@moz-bgt.6kh.139.14.IP) (Connection closed)
[23:25:24] *** Quits: derf (derf@moz-797sd4.fios.verizon.net) (A TLS packet with unexpected length was received.)
[23:46:11] *** Quits: bjz (bjz@moz-puppgq.tpgi.com.au) (Quit: Textual IRC Client: www.textualapp.com)
[23:46:41] *** Joins: bjz (bjz@moz-puppgq.tpgi.com.au)
[23:49:11] *** Joins: roc_ (chatzilla@moz-0q90lq.orcon.net.nz)
[23:50:38] *** Quits: roc (chatzilla@moz-obisgm.orcon.net.nz) (Ping timeout: 121 seconds)
[23:50:39] *** roc_ is now known as roc
