[00:04:19] *** Quits: Riastradh (riastradh@moz-lh4dsc.xzyqvk.co.uk) (Ping timeout: 121 seconds)
[00:32:32] *** Joins: yourabi (yourabi@moz-q8dqtg.ca.comcast.net)
[00:33:11] *** Quits: yourabi (yourabi@moz-q8dqtg.ca.comcast.net) (Quit: Textual IRC Client: www.textualapp.com)
[01:07:05] *** Joins: blank_name (blank_name@moz-nb1i9g.mi.frontiernet.net)
[01:09:02] *** Quits: erickt (erickt@moz-njt.vqi.14.76.IP) (Ping timeout: 121 seconds)
[01:09:21] *** Quits: blank_na1e (blank_name@moz-igojne.mi.frontiernet.net) (Ping timeout: 121 seconds)
[01:50:05] *** Joins: erickt (erickt@moz-njt.vqi.14.76.IP)
[02:06:27] *** Joins: Riastradh (riastradh@moz-3pld77.random-data.net)
[02:08:48] *** Quits: atomic (atomic@moz-kvs6fc.torservers.net) (Connection closed)
[02:44:16] *** Quits: erickt (erickt@moz-njt.vqi.14.76.IP) (Ping timeout: 121 seconds)
[02:45:16] *** Quits: cmn (cmn@moz-r1h.buc.47.78.IP) (Connection closed)
[02:48:37] *** Joins: cmn (cmn@moz-r1h.buc.47.78.IP)
[02:54:23] *** Joins: Tobba (Tobba@moz-o13d22.bredband.telia.com)
[03:14:54] *** Quits: brson (brson@moz-cfhap5.mtv2.mozilla.com) (Quit: leaving)
[03:16:57] <bascule> Ilari: I'm going to poke the bear
[03:17:01] <bascule> and ask Dan Brown a question
[03:43:09] <bascule> ok
[03:43:15] <bascule> I decided not to do that
[03:43:24] <bascule> was gonna ask:
[03:43:26] <bascule> Hi Dan,
[03:43:26] <bascule> Can you give a concise description of what the actual, technical advantages of random curves are over standard curves?
[03:43:29] <bascule> It seems like having standard curves is a no brainer. Why then should we add support for random curves?
[03:43:32] <bascule> There's a growing school of thought that we should abolish algorithmic agility. I don't agree with that, but I think having a very small, constrained set of options is nice.
[03:43:35] <bascule> What is the exact value that random curves provide?
[04:07:24] *** Joins: erickt (erickt@moz-njt.vqi.14.76.IP)
[04:30:09] *** Quits: Riastradh (riastradh@moz-3pld77.random-data.net) (Ping timeout: 121 seconds)
[04:33:18] *** Quits: erickt (erickt@moz-njt.vqi.14.76.IP) (Ping timeout: 121 seconds)
[05:03:15] *** Quits: WindowsBunny (Peter@moz-prmara.east.verizon.net) (*.net *.split)
[05:03:15] *** Quits: pd (pd@moz-31t.42g.236.104.IP) (*.net *.split)
[05:03:15] *** Quits: eternaleye (eternaleye@moz-7ps.ehi.245.50.IP) (*.net *.split)
[05:03:16] *** Quits: frewsxcv (frewsxcv@moz-lr4.h2r.241.192.IP) (*.net *.split)
[05:03:16] *** Quits: freebroccolo (sid51271@moz-ealde0.ealing.irccloud.com) (*.net *.split)
[05:03:16] *** Quits: ttaubert (sid254@moz-of58j1.0j4i.jtu0.0101.2620.IP) (*.net *.split)
[05:03:16] *** Quits: jhelwig (jhelwig@moz-m94qqt.technosorcery.net) (*.net *.split)
[05:03:16] *** Quits: dherman (sid7996@moz-u0jlif.ealing.irccloud.com) (*.net *.split)
[05:03:16] *** Quits: huon (huon@moz-hj272o.8rnv.rggd.6180.2400.IP) (*.net *.split)
[05:03:16] *** Quits: taryn (taryn@moz-g8toaq.vmsplic.me) (*.net *.split)
[05:03:16] *** Quits: jvrbanac (jvrbanac@moz-932o89.kdmi.s520.4801.2001.IP) (*.net *.split)
[05:03:16] *** Quits: mmmonk (mmmonk@moz-r4g9gf.lkkh.1qm1.0348.2a02.IP) (*.net *.split)
[05:03:16] *** Quits: stask (sid61294@moz-0bjq4h.ealing.irccloud.com) (*.net *.split)
[05:03:16] *** Quits: bascule (bascule@moz-1u4.6er.243.162.IP) (*.net *.split)
[05:03:16] *** Quits: zv (user@moz-eb6cs8.ca.comcast.net) (*.net *.split)
[05:03:16] *** Quits: sfackler (sfackler@moz-ko8uu1.com) (*.net *.split)
[05:03:16] *** Quits: coderanger (Noah@moz-m5ti9s.net) (*.net *.split)
[05:03:16] *** Quits: acharles (acharles@moz-ulbdcn.ca.comcast.net) (*.net *.split)
[05:03:16] *** Quits: mcpherrin (mcpherrin@moz-fl0kt2.ca.comcast.net) (*.net *.split)
[05:03:16] *** Quits: c74d (c74d3a4ebb6@moz-0ersgu.oc.cox.net) (*.net *.split)
[05:03:16] *** Quits: tiffany (lymia@moz-6q5ofr.lyrical.lymia.moe) (*.net *.split)
[05:03:16] *** Quits: bdd (bdd@moz-tgm.0k6.21.199.IP) (*.net *.split)
[05:03:16] *** Quits: kmc (keegan@moz-gjgn5n.compute.amazonaws.com) (*.net *.split)
[05:03:16] *** Quits: coyotebush (quassel@moz-5oq2q4.coreyford.name) (*.net *.split)
[05:03:16] *** Quits: zarvox (zarvox@moz-366rc8.org) (*.net *.split)
[05:03:16] *** Quits: Asandari (Asandari@moz-emp96u.cable.teksavvy.com) (*.net *.split)
[05:03:22] *** Joins: bdd (bdd@moz-tgm.0k6.21.199.IP)
[05:03:23] *** Joins: pd (pd@moz-31t.42g.236.104.IP)
[05:03:23] *** Joins: eternaleye (eternaleye@moz-7ps.ehi.245.50.IP)
[05:03:23] *** Joins: frewsxcv (frewsxcv@moz-lr4.h2r.241.192.IP)
[05:03:23] *** Joins: WindowsBunny (Peter@moz-prmara.east.verizon.net)
[05:03:27] *** Joins: Asandari (Asandari@moz-emp96u.cable.teksavvy.com)
[05:03:30] *** Joins: coderanger (Noah@moz-m5ti9s.net)
[05:03:40] *** Quits: Tobba (Tobba@moz-o13d22.bredband.telia.com) (Server shutdown)
[05:03:40] *** Quits: cmn (cmn@moz-r1h.buc.47.78.IP) (Server shutdown)
[05:03:40] *** Quits: blank_name (blank_name@moz-nb1i9g.mi.frontiernet.net) (Server shutdown)
[05:03:40] *** Quits: mayski (mayski@moz-4n357c.naamio.fi) (Server shutdown)
[05:03:40] *** Quits: o11c (ben@moz-9bd9kh.customer.t3.se) (Server shutdown)
[05:03:40] *** Quits: klutzy (not@moz-0t8.piq.68.115.IP) (Server shutdown)
[05:03:40] *** Quits: Yurume (Yurume@moz-0t8.piq.68.115.IP) (Server shutdown)
[05:03:40] *** Quits: shachaf (shachaf@moz-evr8ss.members.linode.com) (Server shutdown)
[05:04:14] *** Joins: cmr (cmr@moz-35s2fm.members.linode.com)
[05:04:17] *** fripp.mozilla.org sets mode: -not mayski
[05:04:17] *** belew.mozilla.org sets mode: +nt 
[05:04:17] *** Joins: bdd (bdd@moz-tgm.0k6.21.199.IP)
[05:04:17] *** Joins: c74d (c74d3a4ebb6@moz-0ersgu.oc.cox.net)
[05:04:17] *** Joins: mmmonk (mmmonk@moz-r4g9gf.lkkh.1qm1.0348.2a02.IP)
[05:04:17] *** Joins: taryn (taryn@moz-g8toaq.vmsplic.me)
[05:04:17] *** Joins: tiffany (lymia@moz-6q5ofr.lyrical.lymia.moe)
[05:04:17] *** Joins: shachaf_ (shachaf@moz-evr8ss.members.linode.com)
[05:04:17] *** Joins: coyotebush (quassel@moz-5oq2q4.coreyford.name)
[05:04:17] *** belew.mozilla.org changes topic to 'Welcome Crustographers! Discussion of cryptography in Rust'
[05:04:18] *** Joins: jhelwig (jhelwig@moz-m94qqt.technosorcery.net)
[05:04:30] *** Joins: huon (huon@moz-hj272o.8rnv.rggd.6180.2400.IP)
[05:04:36] *** Joins: jvrbanac (jvrbanac@moz-932o89.kdmi.s520.4801.2001.IP)
[05:04:49] *** Joins: frewsxcv (frewsxcv@moz-lr4.h2r.241.192.IP)
[05:04:55] *** Joins: pd (pd@moz-31t.42g.236.104.IP)
[05:05:00] *** Joins: coderanger (Noah@moz-m5ti9s.net)
[05:05:00] *** Joins: eternaleye (eternaleye@moz-7ps.ehi.245.50.IP)
[05:05:01] *** o11c is now known as Guest43241
[05:05:06] *** Joins: WindowsBunny (Peter@moz-prmara.east.verizon.net)
[05:05:19] *** Joins: sfackler (sfackler@moz-23t.qf9.243.162.IP)
[05:05:27] *** Joins: Asandari (Asandari@moz-emp96u.cable.teksavvy.com)
[05:05:41] *** Joins: cmn (cmn@moz-r1h.buc.47.78.IP)
[05:06:05] *** Joins: dherman (sid7996@moz-u0jlif.ealing.irccloud.com)
[05:06:29] *** Joins: freebroccolo (sid51271@moz-ealde0.ealing.irccloud.com)
[05:06:37] *** Joins: stask (sid61294@moz-0bjq4h.ealing.irccloud.com)
[05:08:12] *** Joins: bascule (bascule@moz-1u4.6er.243.162.IP)
[05:08:12] *** Joins: zarvox (zarvox@moz-366rc8.org)
[05:08:13] *** Joins: mcpherrin (mcpherrin@moz-fl0kt2.ca.comcast.net)
[05:08:16] *** Joins: kmc (keegan@moz-gjgn5n.compute.amazonaws.com)
[05:08:42] *** Joins: blank_name (blank_name@moz-nb1i9g.mi.frontiernet.net)
[05:08:46] *** Joins: ttaubert (sid254@moz-of58j1.0j4i.jtu0.0101.2620.IP)
[05:24:22] <Ilari> bascule: I guess the answer would be that random curves provode more assurance against unknown attacks... But is there some reason to expect that to actually be the case?
[05:41:06] <eternaleye> Ilari: I think the argument being made in the current thread is that by generating curves on the fly, you get a *more even distribution of risk* against unknown attacks, rather than one attack likely affecting a commanding majority of key exchanges
[05:41:32] <eternaleye> Ilari: (and as a lesser point, frustrating attempts to reuse work)
[05:42:34] <eternaleye> Ilari: It's not that fewer connections are affected on average; it's that with more curves in play, you're likely to be closer to the average, since you are amortizing the odds over a larger corpus.
[05:43:28] <eternaleye> Ilari: With a small corpus of curves, two being vulnerable to some attack may well be 2/3 of all of them.
[05:43:45] <Ilari> I think it is likely that the probability that "randomly" picked curve is weak is either approximately 0 or approximately 1.
[05:43:59] <eternaleye> Ilari: It's not about randomly picked
[05:44:04] <eternaleye> Ilari: It's about corpus size
[05:44:30] <eternaleye> Ilari: (Note: I think it's pointless navel-gazing, and the performance cost makes it hilariously stupid IMO)
[05:44:50] <eternaleye> Ilari: (But it's important to spike the argument they make, not the argument we hear)
[05:45:01] <Ilari> And with the probability being 0, it is very unlikely that more than one curve in corpus is affected. And with probability near 1, one is likely to have all curves weak.
[05:45:40] <eternaleye> Ilari: The argument is that it's neither zero nor near-1
[05:46:20] <eternaleye> Ilari: The argument is that it's nonzero and work can't be transferred between curves
[05:46:42] <eternaleye> Ilari: With a small corpus, the second half is irrelevant - if it affects any curve, you get a large percentage of all connetions
[05:46:56] <eternaleye> Ilari: With a large corpus, the former is mitigated by way of the latter.
[05:48:06] <eternaleye> But yes, I think standards-mediated crypto agility is a better tool
[05:48:47] <eternaleye> Mostly because the last time an algorithmic breakthrough was immediately applicable to real-world asymmetric crypto was... approximately NEVER.
[05:49:14] <eternaleye> Which means there's plenty of time to exercise the crypto agility and dodge the problem.
[05:55:14] *** Quits: Tobba (Tobba@moz-o13d22.bredband.telia.com) (Ping timeout: 121 seconds)
[07:02:35] *** Joins: Tobba (Tobba@moz-6oh.7ki.21.217.IP)
[07:49:51] *** Quits: Guest43241 (ben@moz-9bd9kh.customer.t3.se) (Quit: WeeChat 0.4.3-dev)
[07:50:04] *** Joins: o11c (ben@moz-9bd9kh.customer.t3.se)
[08:03:06] <Ilari> OTOH, Key Exchange lifetime is potentially very long...
[08:28:48] *** Quits: Tobba (Tobba@moz-6oh.7ki.21.217.IP) (Ping timeout: 121 seconds)
[08:29:09] *** Joins: Tobba (Tobba@moz-6oh.7ki.21.217.IP)
[08:51:23] *** Quits: Tobba (Tobba@moz-6oh.7ki.21.217.IP) (Ping timeout: 121 seconds)
[08:52:20] *** Joins: Tobba (Tobba@moz-6oh.7ki.21.217.IP)
[09:45:22] *** Quits: Tobba (Tobba@moz-6oh.7ki.21.217.IP) (Ping timeout: 121 seconds)
[10:14:49] *** Joins: gleb (gleb@moz-3u1drv.rusanovka-net.kiev.ua)
[10:23:52] *** Joins: Tobba (Tobba@moz-6oh.7ki.21.217.IP)
[10:47:36] *** Quits: Tobba (Tobba@moz-6oh.7ki.21.217.IP) (Ping timeout: 121 seconds)
[12:36:39] *** Joins: Tobba (Tobba@moz-o13d22.bredband.telia.com)
[12:37:05] *** Joins: Riastradh (riastradh@moz-rulpgd.nullbyte.me)
[12:40:45] *** Quits: Tobba (Tobba@moz-o13d22.bredband.telia.com) (Ping timeout: 121 seconds)
[12:40:49] *** Joins: Tobba (Tobba@moz-o13d22.bredband.telia.com)
[14:00:14] *** Joins: erickt (erickt@moz-njt.vqi.14.76.IP)
[14:16:47] *** Quits: erickt (erickt@moz-njt.vqi.14.76.IP) (Ping timeout: 121 seconds)
[14:51:36] *** Quits: Riastradh (riastradh@moz-rulpgd.nullbyte.me) (Ping timeout: 121 seconds)
[15:52:44] *** Joins: gsingh93 (gulshan@moz-qnbukr.mi.comcast.net)
[15:57:53] *** Joins: erickt (erickt@moz-4hh.6p3.217.74.IP)
[16:07:25] *** Joins: Riastradh (riastradh@moz-29eeuu.puckey.org)
[16:10:19] *** Joins: jtdowney (jtdowney@moz-gh1isj.static.twtelecom.net)
[16:14:00] *** shachaf_ is now known as shachaf
[16:14:29] <Ilari> PHB on the random curves thread... :-)
[16:15:54] <bascule> heh, yeah
[16:16:05] <bascule> seems ok
[16:19:35] <Ilari> Also 1/2 weak? I consider that pretty unlikely. I consider it likely that either vast majority of curves are strong or vast majority are weak... But yeah.
[16:25:28] <Ilari> Also, RSA512 enough for something???
[16:32:04] <Ilari> But if you need a few months of protection against cybercrooks, RSA1024 would probably be enough...
[16:33:46] *** Quits: erickt (erickt@moz-4hh.6p3.217.74.IP) (Ping timeout: 121 seconds)
[16:34:10] <Ilari> IIRC, DNSSEC uses RSA1024 for root ZSK. I'm not sure of lifetime of those things.
[16:36:51] *** Joins: erickt (erickt@moz-4hh.6p3.217.74.IP)
[16:38:35] <Ilari> Wonder if DNS guys will add CFRG sigs to DNSSEC. :->
[16:40:30] <bascule> Ilari: that'd be a lot cooler than 1024-bit RSA, heh
[16:40:49] <bascule> could even help address the whole amplification attack problems! :o
[16:41:13] <bascule> at 64-bytes, an EdDSA signature could comfortably fit inside a UDP DNS packet
[16:41:27] <bascule> hell, maybe you could actually encrypt it DNSCurve style too
[16:41:36] <bascule> that'd be swell
[16:44:53] <Ilari> If one really did odd things, one could get the larger signature in 112.
[16:46:02] <bascule> http://backronym.fail/
[16:47:11] <Ilari> Even if R is 449 bits, s is only 446.
[16:48:04] <Ilari> So one could hack by sticking the sign bit of R as one of two unused bits in s.
[16:55:46] *** Quits: cmn (cmn@moz-r1h.buc.47.78.IP) (Ping timeout: 121 seconds)
[16:57:36] *** Quits: jtdowney (jtdowney@moz-gh1isj.static.twtelecom.net) (Quit: My Mac has gone to sleep. ZZZzzz…)
[16:58:21] *** Joins: cmn (cmn@moz-r1h.buc.47.78.IP)
[16:58:56] *** Joins: jtdowney (jtdowney@moz-gh1isj.static.twtelecom.net)
[17:07:54] <Ilari> I think it has been more than a week since the last poll ended, and results have not been annouced yet?
[17:17:33] *** Joins: brson (brson@moz-rv3.7vl.56.172.IP)
[17:17:35] *** Quits: brson (brson@moz-rv3.7vl.56.172.IP) (Quit: leaving)
[17:22:22] *** Quits: cmn (cmn@moz-r1h.buc.47.78.IP) (Ping timeout: 121 seconds)
[17:28:18] *** Joins: cmn (cmn@moz-r1h.buc.47.78.IP)
[17:54:25] <bascule> Ilari: just announced!
[17:54:32] <bascule> seems favorable for EdDSA ;)
[17:54:41] *** tiffany is now known as Tiffany
[18:02:00] *** Quits: eternaleye (eternaleye@moz-7ps.ehi.245.50.IP) (Ping timeout: 121 seconds)
[18:02:58] *** Joins: eternaleye (eternaleye@moz-7ps.ehi.245.50.IP)
[18:21:42] <Ilari> Yeah...
[18:39:50] *** Quits: jtdowney (jtdowney@moz-gh1isj.static.twtelecom.net) (Quit: My Mac has gone to sleep. ZZZzzz…)
[18:41:13] *** Quits: erickt (erickt@moz-4hh.6p3.217.74.IP) (Ping timeout: 121 seconds)
[18:46:39] *** Joins: jtdowney (jtdowney@moz-gh1isj.static.twtelecom.net)
[18:54:33] *** Quits: blank_name (blank_name@moz-nb1i9g.mi.frontiernet.net) (Quit: leaving)
[19:00:32] *** Joins: blank_name (blank_name@moz-nb1i9g.mi.frontiernet.net)
[19:23:44] *** Quits: gsingh93 (gulshan@moz-qnbukr.mi.comcast.net) (Ping timeout: 121 seconds)
[20:08:32] *** Quits: jtdowney (jtdowney@moz-gh1isj.static.twtelecom.net) (Quit: My Mac has gone to sleep. ZZZzzz…)
[20:09:39] *** Joins: jtdowney (jtdowney@moz-gh1isj.static.twtelecom.net)
[20:15:36] *** Quits: jtdowney (jtdowney@moz-gh1isj.static.twtelecom.net) (Quit: Textual IRC Client: www.textualapp.com)
[20:15:45] <Ilari> One thing with EdDSA is that if it is extended to Goldilocks, has 56 byte fields plus 2 sign bits for hashed elements.
[20:21:00] <Ilari> Maybe one could pad the points to 64 bytes or something.
[20:26:14] <bascule> seems good?
[20:32:03] *** Joins: brson (brson@moz-u3dg2t.sfo1.mozilla.com)
[20:37:19] <Ilari> I think there is precedent for similar kinds of padding...
[20:59:48] <Ilari> Also, TCPmux can't do: Take a list of commands, try each in turn until one is successful, and then report the successful command, or that all failed.
[21:00:04] *** Joins: erickt (erickt@moz-4hh.6p3.217.74.IP)
[21:00:06] <Ilari> Oh, and also connect to whatever succeeded (if no error).
[21:43:28] *** Joins: gsingh93 (gulshan@moz-qnbukr.mi.comcast.net)
[22:57:30] *** Quits: Riastradh (riastradh@moz-29eeuu.puckey.org) (Ping timeout: 121 seconds)
[23:20:46] *** Quits: gleb (gleb@moz-3u1drv.rusanovka-net.kiev.ua) (Ping timeout: 121 seconds)
[23:42:56] *** Quits: Tobba (Tobba@moz-o13d22.bredband.telia.com) (Ping timeout: 121 seconds)
