[00:16:20] *** Quits: p32blo (p32blo@moz-v36o87.cpe.netcabo.pt) (Ping timeout: 121 seconds)
[00:17:45] *** Joins: p32blo (p32blo@moz-v36o87.cpe.netcabo.pt)
[00:20:27] *** Joins: p32blo1 (p32blo@moz-v36o87.cpe.netcabo.pt)
[00:21:49] *** Quits: p32blo (p32blo@moz-v36o87.cpe.netcabo.pt) (Ping timeout: 121 seconds)
[00:22:04] *** Quits: p32blo1 (p32blo@moz-v36o87.cpe.netcabo.pt) (Connection closed)
[00:43:55] *** Quits: SneakySnake (nya@moz-i9is4u.pool.telekom.hu) (Connection closed)
[01:18:56] *** Quits: ytain (ytain@moz-ucq.1re.175.108.IP) (Quit: Textual IRC Client: www.textualapp.com)
[01:29:08] *** Joins: erickt (erickt@moz-njt.vqi.14.76.IP)
[01:34:18] *** Joins: swgillespie (swgillespie@moz-shviij.ip.windstream.net)
[01:36:37] *** Joins: jxs (jxs@moz-3rn.a4j.61.108.IP)
[01:36:45] *** Quits: JanC_ (janc@moz-nkd97g.dsl.scarlet.be) (Ping timeout: 121 seconds)
[01:41:34] *** Joins: fkaa (fkaa@moz-501od2.business.telia.com)
[01:52:57] *** Joins: JanC (janc@moz-0hjqia.dsl.scarlet.be)
[02:40:27] *** Joins: dpc (dpc@moz-t6gr4b.ca.comcast.net)
[02:58:22] *** Quits: swgillespie (swgillespie@moz-shviij.ip.windstream.net) (Quit: My MacBook Pro has gone to sleep. ZZZzzz…)
[02:58:23] *** Joins: swgillespie (swgillespie@moz-shviij.ip.windstream.net)
[02:58:24] *** Quits: swgillespie (swgillespie@moz-shviij.ip.windstream.net) (Connection closed)
[02:58:45] *** Joins: swgillespie (swgillespie@moz-shviij.ip.windstream.net)
[02:59:07] *** Quits: swgillespie (swgillespie@moz-shviij.ip.windstream.net) (Quit: My MacBook Pro has gone to sleep. ZZZzzz…)
[02:59:45] *** Quits: dpc (dpc@moz-t6gr4b.ca.comcast.net) (Ping timeout: 121 seconds)
[03:08:04] *** Joins: p1start (p1start@moz-nftjhe.org)
[03:09:57] *** Joins: dpc (dpc@moz-t6gr4b.ca.comcast.net)
[03:11:28] *** Quits: zyphrus (David@moz-3h0.d1d.98.101.IP) (Ping timeout: 121 seconds)
[03:32:32] *** Joins: Quxxy (chatzilla@moz-efh10q.internode.on.net)
[03:32:44] *** Quits: dpc (dpc@moz-t6gr4b.ca.comcast.net) (Ping timeout: 121 seconds)
[03:37:50] *** Quits: glennpratt (glennpratt@moz-t5r4la.fios.verizon.net) (A TLS packet with unexpected length was received.)
[03:42:08] *** Quits: dcb (textual@moz-j72nfe.ca.comcast.net) (Quit: My Mac has gone to sleep. ZZZzzz…)
[03:53:56] *** Quits: stl (stl@moz-511.ict.15.176.IP) (Connection closed)
[04:03:19] *** Joins: stl (stl@moz-511.ict.15.176.IP)
[04:08:28] *** Quits: santiago (santiago@moz-ro2mm9.res.rr.com) (Quit: Textual IRC Client: http://www.textualapp.com/)
[04:16:28] *** Joins: santiago (santiago@moz-ro2mm9.res.rr.com)
[04:19:29] *** Quits: Andoriyu (Andoriyu@moz-a9o6ej.res.rr.com) (Ping timeout: 121 seconds)
[04:19:46] *** Joins: Andoriyu (Andoriyu@moz-a9o6ej.res.rr.com)
[04:20:19] *** SimonSapin is now known as SimonSapin_
[04:23:51] *** Joins: SimonSapin (simon@moz-lb0n4e.rev.poneytelecom.eu)
[04:24:41] *** Quits: SimonSapin (simon@moz-lb0n4e.rev.poneytelecom.eu) (Quit: WeeChat 1.0.1)
[04:28:37] *** Joins: SimonSapin (simon@moz-lb0n4e.rev.poneytelecom.eu)
[04:30:29] *** Quits: SimonSapin (simon@moz-lb0n4e.rev.poneytelecom.eu) (Quit: WeeChat 1.0.1)
[04:30:32] *** Joins: SimonSapin (simon@moz-lb0n4e.rev.poneytelecom.eu)
[04:34:23] *** Quits: SimonSapin_ (simon@moz-ju2imn.exyr.org) (Quit: Bye)
[04:45:04] *** Quits: Shackra (Jorge@moz-7bh.ng6.177.186.IP) (Ping timeout: 121 seconds)
[04:45:55] *** Joins: dcb (textual@moz-j72nfe.ca.comcast.net)
[04:48:12] *** Joins: glennpratt (glennpratt@moz-t5r4la.fios.verizon.net)
[04:52:14] *** Quits: glennpratt (glennpratt@moz-t5r4la.fios.verizon.net) (Ping timeout: 121 seconds)
[04:53:20] *** Quits: p1start (p1start@moz-nftjhe.org) (Ping timeout: 121 seconds)
[04:55:58] *** Quits: durka42 (durka42@moz-qsuual.pa.comcast.net) (Client exited)
[04:58:02] *** Quits: dcb (textual@moz-j72nfe.ca.comcast.net) (Quit: My Mac has gone to sleep. ZZZzzz…)
[05:01:10] *** Joins: dcb (textual@moz-j72nfe.ca.comcast.net)
[05:01:51] *** Joins: zyphrus (David@moz-3h0.d1d.98.101.IP)
[05:06:06] *** Quits: dcb (textual@moz-j72nfe.ca.comcast.net) (Ping timeout: 121 seconds)
[05:08:26] *** Joins: dpc (dpc@moz-t6gr4b.ca.comcast.net)
[05:27:24] *** Quits: O01eg (o01eg@moz-4eu.2cc.165.5.IP) (Client exited)
[05:50:24] *** Quits: Andoriyu (Andoriyu@moz-a9o6ej.res.rr.com) (Quit: My MacBook Pro has gone to sleep. ZZZzzz…)
[06:11:36] *** Joins: mcpherrin (mcpherrin@moz-clk6gh.ca.comcast.net)
[06:17:53] *** Joins: Andoriyu (Andoriyu@moz-a9o6ej.res.rr.com)
[06:18:15] *** Joins: p1start (p1start@moz-nftjhe.org)
[06:19:16] *** Joins: Andoriyu_ (Andoriyu@moz-a9o6ej.res.rr.com)
[06:20:04] *** Quits: Andoriyu (Andoriyu@moz-a9o6ej.res.rr.com) (Connection closed)
[06:32:17] *** Quits: erickt (erickt@moz-njt.vqi.14.76.IP) (Ping timeout: 121 seconds)
[06:51:08] *** Quits: dpc (dpc@moz-t6gr4b.ca.comcast.net) (Ping timeout: 121 seconds)
[06:56:51] *** Quits: Andoriyu_ (Andoriyu@moz-a9o6ej.res.rr.com) (Quit: My MacBook Pro has gone to sleep. ZZZzzz…)
[06:58:29] *** Joins: Andoriyu (Andoriyu@moz-a9o6ej.res.rr.com)
[07:01:41] *** Quits: Andoriyu (Andoriyu@moz-a9o6ej.res.rr.com) (Quit: My MacBook Pro has gone to sleep. ZZZzzz…)
[07:02:03] *** Joins: thalleralexander (thalleralex@moz-cfcrtj.static.qsc.de)
[07:02:12] *** Joins: Andoriyu (Andoriyu@moz-a9o6ej.res.rr.com)
[07:02:22] *** Quits: zyphrus (David@moz-3h0.d1d.98.101.IP) (Quit: Bye bye)
[07:19:57] *** Quits: fkaa (fkaa@moz-501od2.business.telia.com) (Connection closed)
[07:20:00] *** Joins: fkaa (fkaa@moz-501od2.business.telia.com)
[07:31:34] *** Quits: Andoriyu (Andoriyu@moz-a9o6ej.res.rr.com) (Connection closed)
[07:31:39] *** Joins: Andoriyu (Andoriyu@moz-a9o6ej.res.rr.com)
[07:33:29] *** Quits: Andoriyu (Andoriyu@moz-a9o6ej.res.rr.com) (Connection closed)
[07:33:32] *** Joins: Andoriyu (Andoriyu@moz-a9o6ej.res.rr.com)
[07:34:46] *** Quits: Andoriyu (Andoriyu@moz-a9o6ej.res.rr.com) (Connection closed)
[07:34:58] *** Joins: Andoriyu (Andoriyu@moz-a9o6ej.res.rr.com)
[07:50:35] *** Joins: filsmick (filsmick@moz-1jiojr.abo.wanadoo.fr)
[07:50:50] *** Joins: bjz (bjz@moz-0j4.2c9.87.203.IP)
[08:02:12] *** Quits: bjz (bjz@moz-0j4.2c9.87.203.IP) (Quit: My Mac has gone to sleep. ZZZzzz…)
[08:11:37] *** Quits: filsmick (filsmick@moz-1jiojr.abo.wanadoo.fr) (Connection closed)
[08:11:58] *** Joins: filsmick (filsmick@moz-1jiojr.abo.wanadoo.fr)
[08:12:40] *** Joins: bjz (bjz@moz-0j4.2c9.87.203.IP)
[08:16:02] *** Quits: filsmick (filsmick@moz-1jiojr.abo.wanadoo.fr) (Connection closed)
[08:16:03] *** Joins: filsmick (filsmick@moz-1jiojr.abo.wanadoo.fr)
[08:16:42] *** Quits: bjz (bjz@moz-0j4.2c9.87.203.IP) (Ping timeout: 121 seconds)
[08:16:53] *** Joins: erickt (erickt@moz-njt.vqi.14.76.IP)
[08:18:18] *** Joins: SneakySnake (nya@moz-i9is4u.pool.telekom.hu)
[08:21:56] *** Quits: erickt (erickt@moz-njt.vqi.14.76.IP) (Ping timeout: 121 seconds)
[08:39:07] *** Quits: filsmick (filsmick@moz-1jiojr.abo.wanadoo.fr) (Quit: )
[08:51:22] *** Quits: FreeFull (freefull@moz-htohcf.range86-184.btcentralplus.com) (Ping timeout: 121 seconds)
[08:53:24] *** Joins: FreeFull (freefull@moz-f0afvo.range165-120.btcentralplus.com)
[09:54:41] *** Joins: zyphrus (David@moz-3h0.d1d.98.101.IP)
[09:57:16] *** Joins: ogham (rally@moz-91e3hp.cable.virginm.net)
[10:01:49] *** Joins: bjz (bjz@moz-0j4.2c9.87.203.IP)
[10:02:23] *** Quits: bjz (bjz@moz-0j4.2c9.87.203.IP) (Quit: My Mac has gone to sleep. ZZZzzz…)
[10:05:03] *** Quits: ogham (rally@moz-91e3hp.cable.virginm.net) (Quit: Textual IRC Client: www.textualapp.com)
[10:05:54] *** Joins: erickt (erickt@moz-njt.vqi.14.76.IP)
[10:06:23] *** Quits: Andoriyu (Andoriyu@moz-a9o6ej.res.rr.com) (Quit: My MacBook Pro has gone to sleep. ZZZzzz…)
[10:07:11] *** Joins: Andoriyu (Andoriyu@moz-a9o6ej.res.rr.com)
[10:07:25] *** Quits: Andoriyu (Andoriyu@moz-a9o6ej.res.rr.com) (Quit: My MacBook Pro has gone to sleep. ZZZzzz…)
[10:10:39] *** Quits: erickt (erickt@moz-njt.vqi.14.76.IP) (Ping timeout: 121 seconds)
[10:12:39] *** Quits: p1start (p1start@moz-nftjhe.org) (Ping timeout: 121 seconds)
[10:23:10] *** Joins: ptalbot (ptalbot@moz-j4gnuh.fbx.proxad.net)
[10:41:56] *** Joins: bjz (bjz@moz-pl4g2k.tpgi.com.au)
[10:54:50] *** Joins: gleb (gleb@moz-3u1drv.rusanovka-net.kiev.ua)
[11:31:55] *** Quits: tomaka (Pierre@moz-0go8qj.abo.wanadoo.fr) (Quit: Leaving)
[11:39:18] *** Quits: zyphrus (David@moz-3h0.d1d.98.101.IP) (Ping timeout: 121 seconds)
[11:43:18] *** Joins: tomaka (Pierre@moz-0go8qj.abo.wanadoo.fr)
[11:54:39] *** Joins: erickt (erickt@moz-njt.vqi.14.76.IP)
[11:59:25] *** Quits: erickt (erickt@moz-njt.vqi.14.76.IP) (Ping timeout: 121 seconds)
[12:03:46] *** Quits: FreeFull (freefull@moz-f0afvo.range165-120.btcentralplus.com) (Quit: BBL)
[12:03:47] *** Joins: ogham (rally@moz-91e3hp.cable.virginm.net)
[12:07:34] *** Joins: ytain (ytain@moz-ucq.1re.175.108.IP)
[12:08:33] *** Quits: Kingsquee (kingsley@moz-33q6f3.bchsia.telus.net) (Quit: Konversation terminated!)
[12:26:57] *** Joins: FreeFull (freefull@moz-f0afvo.range165-120.btcentralplus.com)
[12:28:23] *** Joins: larsberg (sid89@moz-1a60qu.0j4i.jtu0.0101.2620.IP)
[12:33:42] *** Quits: gleb (gleb@moz-3u1drv.rusanovka-net.kiev.ua) (Ping timeout: 121 seconds)
[13:05:20] *** Joins: duncan (pwoolcock@moz-8khtaj.hfc.comcastbusiness.net)
[13:14:21] *** Quits: duncan (pwoolcock@moz-8khtaj.hfc.comcastbusiness.net) (Ping timeout: 121 seconds)
[13:20:06] *** Joins: durka42 (durka42@moz-qsuual.pa.comcast.net)
[13:31:34] *** Joins: duncan (pwoolcock@moz-dst.ms6.225.173.IP)
[13:54:25] *** Quits: phynx (chatzilla@moz-6savpa.dsl.scarlet.be) (Ping timeout: 121 seconds)
[14:00:52] *** Quits: bjz (bjz@moz-pl4g2k.tpgi.com.au) (Quit: My Mac has gone to sleep. ZZZzzz…)
[14:01:58] *** Joins: bjz (bjz@moz-pl4g2k.tpgi.com.au)
[14:06:39] *** Quits: durka42 (durka42@moz-qsuual.pa.comcast.net) (Client exited)
[14:15:43] *** Joins: harrisonclarke (harrisoncla@moz-uur7pt.eastlink.ca)
[14:19:26] *** Joins: Tobba (Tobba@moz-o13d22.bredband.telia.com)
[14:20:42] *** Joins: glennpratt (glennpratt@moz-t5r4la.fios.verizon.net)
[14:28:14] *** Joins: durka42 (durka42@moz-ied0jm.wireless-pennnet.upenn.edu)
[14:29:53] *** Quits: harrisonclarke (harrisoncla@moz-uur7pt.eastlink.ca) (Connection closed)
[14:38:05] *** Joins: erickt (erickt@moz-njt.vqi.14.76.IP)
[14:42:10] *** Quits: erickt (erickt@moz-njt.vqi.14.76.IP) (Ping timeout: 121 seconds)
[14:49:28] *** Joins: harrisonclarke (harrisoncla@moz-p78oth.eastlink.ca)
[14:51:03] <SneakySnake> Can I specify multiple libraries for `cargo:rustc-link-lib`, or do I have to print it multiple time for each lib to link?
[14:51:31] *** Quits: harrisonclarke (harrisoncla@moz-p78oth.eastlink.ca) (Connection closed)
[14:53:05] <SneakySnake> Right now, I'm doing for lib in &["foo", "bar", "baz"] { println!("cargo:rustc-link-lib={}", lib); }
[14:57:33] *** Joins: harrisonclarke (harrisoncla@moz-p78oth.eastlink.ca)
[15:10:58] *** Quits: harrisonclarke (harrisoncla@moz-p78oth.eastlink.ca) (Connection closed)
[15:11:13] *** Joins: harrisonclarke (harrisoncla@moz-p78oth.eastlink.ca)
[15:16:05] *** Quits: harrisonclarke (harrisoncla@moz-p78oth.eastlink.ca) (Connection closed)
[15:21:03] *** Joins: harrisonclarke (harrisoncla@moz-p78oth.eastlink.ca)
[15:23:05] *** Quits: harrisonclarke (harrisoncla@moz-p78oth.eastlink.ca) (Connection closed)
[15:32:21] *** Quits: thalleralexander (thalleralex@moz-cfcrtj.static.qsc.de) (Quit: Leaving)
[15:51:51] *** Joins: phynx (chatzilla@moz-ql8nqd.dsl.scarlet.be)
[15:58:02] <acrichto> SneakySnake: yeah you'll need to print out a separate line for each library
[15:58:26] <SneakySnake> All right then
[16:11:01] *** Joins: O01eg (o01eg@moz-v7rl9o.3ft4.4n8f.2698.2a02.IP)
[16:17:02] *** Quits: durka42 (durka42@moz-ied0jm.wireless-pennnet.upenn.edu) (Client exited)
[16:21:49] *** Joins: durka42 (durka42@moz-ied0jm.wireless-pennnet.upenn.edu)
[16:23:49] <seanmonstar> acrichto: i hit an issue regarding features not being able to share the name of a dependency: i wanted the `openssl` feature to disable both `openssl` and `cookie/secure`, but that conflicts. I ended up calling it `ssl`, but that's incorrect, since it doesn't disable the Ssl trait, just openssl
[16:24:14] <acrichto> seanmonstar: yeah that's the consequence of features/dependencies sharing the same namespace right now
[16:25:27] * seanmonstar nods
[16:25:30] <durka42> could manually namespace it, like "feat_openssl"
[16:27:16] <seanmonstar> acrichto: any thoughts of perhaps moving dependencies to a `dependency/openssl` sort of namespace? or from the other side, letting a dependency enable/disable other features?
[16:27:46] <acrichto> well we can't change namespaces now b/c that's a large breaking change
[16:28:38] <seanmonstar> acrichto: it could be a optin feature, such that if you have a feature the same name as a dependency, you must reference the dep as `dependency/foo`
[16:28:49] *** Joins: erickt (erickt@moz-4hh.6p3.217.74.IP)
[16:29:04] <acrichto> perhaps, I believe sfackler has been working on this in https://github.com/rust-lang/cargo/pull/1294
[16:47:46] *** Joins: Andoriyu (Andoriyu@moz-a9o6ej.res.rr.com)
[17:37:36] *** Quits: tomaka (Pierre@moz-0go8qj.abo.wanadoo.fr) (Quit: Leaving)
[17:42:12] *** Joins: tomaka (Pierre@moz-0go8qj.abo.wanadoo.fr)
[17:48:43] *** Joins: eibwen (eibwen@moz-fepklr.dip0.t-ipconnect.de)
[17:55:02] *** Joins: harrisonclarke (harrisoncla@moz-g1kp2c.ns.bellaliant.net)
[17:55:56] *** Quits: harrisonclarke (harrisoncla@moz-g1kp2c.ns.bellaliant.net) (Connection closed)
[17:56:43] *** Joins: harrisonclarke (harrisoncla@moz-g1kp2c.ns.bellaliant.net)
[18:00:40] *** Quits: SneakySnake (nya@moz-i9is4u.pool.telekom.hu) (Connection closed)
[18:01:59] *** Joins: SneakySnake (nya@moz-i9is4u.pool.telekom.hu)
[18:10:32] *** Quits: Andoriyu (Andoriyu@moz-a9o6ej.res.rr.com) (Quit: My MacBook Pro has gone to sleep. ZZZzzz…)
[18:26:04] *** Quits: harrisonclarke (harrisoncla@moz-g1kp2c.ns.bellaliant.net) (Connection closed)
[18:37:06] *** Quits: Quxxy (chatzilla@moz-efh10q.internode.on.net) (Ping timeout: 121 seconds)
[18:38:11] *** Joins: Andoriyu (Andoriyu@moz-uo1igi.biz.rr.com)
[18:57:25] *** Quits: FreeFull (freefull@moz-f0afvo.range165-120.btcentralplus.com) (Quit: BBS)
[18:57:31] *** Joins: glennpra_ (glennpratt@moz-t5r4la.fios.verizon.net)
[18:59:30] *** Joins: Shackra (Jorge@moz-7bh.ng6.177.186.IP)
[19:00:43] *** Quits: glennpratt (glennpratt@moz-t5r4la.fios.verizon.net) (Ping timeout: 121 seconds)
[19:04:50] *** Joins: harrisonclarke (harrisoncla@moz-g1kp2c.ns.bellaliant.net)
[19:12:24] *** Parts: duncan (pwoolcock@moz-dst.ms6.225.173.IP) ()
[19:14:49] *** Joins: FreeFull (freefull@moz-f0afvo.range165-120.btcentralplus.com)
[20:01:41] *** Quits: ebfull (ebfull@moz-8vb.66e.34.73.IP) (Connection closed)
[20:07:00] *** Joins: nerdopoly (nerdopoly@moz-10ub6u.range86-146.btcentralplus.com)
[20:20:48] *** Joins: nrc (sid365@moz-3taf2s.0j4i.jtu0.0101.2620.IP)
[20:23:25] <nrc> acrichto: hey, so I'm wondering about the best way to mix DXR (well, save-analysis) with Cargo. I looked at plugins, but they seem a bit heavyweight - all I want to do is cargo build rustc, but have the rustc args added to every crate including dependents. That also seems more generally useful. I guess the most general case is to allow different rustc args
[20:23:25] <nrc> for each crate. I probably don't need that for DXR though. Have you thought about this at all?
[20:23:41] <nrc> where "this" = extending build rsutc
[20:24:15] <acrichto> nrc: yeah there's been a number of use cases recently I've thought of which just want "pass these flags to the whole compile", and I think we're going to end up adding it at some point regardless
[20:24:30] <acrichto> I've thought so far that they'll be manifest options, but this doesn't sound like it'd want to be a manifest option
[20:24:41] <acrichto> but rather a CLI flag, env var, or something like that
[20:25:03] <nrc> well, if you want different options per crate, I think it has to be a manifest thing
[20:25:33] <nrc> but, I want to be able to override it per-build, which means it can't be a manifest thing (at least as far as I understand)
[20:26:16] <nrc> acrichto: is there a reason build rustc doesn't affect dependent crates, or is it just ease of implementation?
[20:26:18] <acrichto> oh yeah and we'd almost never change how a crate is compiled flag-wise based on the flags in that crate's manifest
[20:26:33] <acrichto> cargo rustc was chartered with a different use case
[20:26:42] <acrichto> e.g. it wasn't trying to solve this class of use cases
[20:26:53] <acrichto> b/c if you pass -Z time-passes you probably don't want that passed to all crates
[20:26:57] <nrc> which use cases motivate it?
[20:27:15] * huon uses `cargo rustc -- --emit=asm` so much
[20:27:19] <acrichto> cargo rustc only affecting the top-level crate?
[20:27:24] <nrc> yeah
[20:27:42] * nrc (has sometimes wanted time-passes to affect all crates)
[20:27:44] <acrichto> huon's use case is a big one
[20:27:47] <acrichto> changing the precise output
[20:28:11] <acrichto> various codegen options are also possible to only affect the top crate
[20:28:18] <acrichto> to work out various flags here and there
[20:28:29] <nrc> right, makes sense
[20:30:56] <nrc> acrichto: so, would you take a build option rustc-deps (or something) in the short term or are we getting into niche option territory?
[20:31:24] <acrichto> nrc: in the short term I'd make a shell script and point RUSTC at it
[20:32:00] <nrc> will that work? I thought cargo searched for rustc in the path, not $RUSTC ?
[20:32:26] <steveklabnik> cargo added RUSTC too
[20:32:30] <acrichto> yeah that was a recent change
[20:32:55] <nrc> ah sweet, I'll just use that then
[20:33:15] *** Quits: Shackra (Jorge@moz-7bh.ng6.177.186.IP) (Ping timeout: 121 seconds)
[20:33:40] *** Quits: nerdopoly (nerdopoly@moz-10ub6u.range86-146.btcentralplus.com) (Quit: leaving)
[20:34:09] <nrc> acrichto: +1 for --with, btw
[20:34:20] *** Parts: huon (huon@moz-hj272o.8rnv.rggd.6180.2400.IP) ("Leaving")
[20:34:20] <acrichto> kewl
[20:34:24] *** Joins: huon (huon@moz-hj272o.8rnv.rggd.6180.2400.IP)
[20:38:47] *** Quits: ptalbot (ptalbot@moz-j4gnuh.fbx.proxad.net) (Ping timeout: 121 seconds)
[20:46:00] *** Joins: swgillespie (swgillespie@moz-shviij.ip.windstream.net)
[20:47:47] *** Joins: filsmick (filsmick@moz-e5dipj.abo.wanadoo.fr)
[20:51:48] *** Joins: jarrednicholls (uid19542@moz-cmdbn3.highgate.irccloud.com)
[20:52:12] <jarrednicholls> quick question: I am having trouble doing basic authentication to a private repository on github
[20:52:28] <jarrednicholls> I have credential.helper setup for cache, and for http://github.com to use my username
[20:52:35] <jarrednicholls> all in the global config
[20:52:37] <jarrednicholls> cargo is not happy
[20:52:40] <jarrednicholls> thougths?
[20:56:09] <Dabo> I really don't know how to do https authentication, but if it would be possible in your setup I would recommend just using ssh key auth
[20:56:44] <Dabo> it's just what I would personally recommend, I don't know about http/https auth
[20:57:31] <Andoriyu> is there way to use cargo offile? Like I have index and all dependecies already checkout out already.
[20:58:04] <jarrednicholls> I don't know if ssh would work with an https url
[20:58:06] *** Joins: zyphrus (David@moz-3h0.d1d.98.101.IP)
[20:58:16] <jarrednicholls> unless cargo is doing some f00
[20:58:33] <steveklabnik> Andoriyu: it should be just fine
[20:58:40] <Elaine> jarrednicholls: cargo uses libgit2, which doesn't respect git config automatically, and cargo doesn't look for config when cloning afaict
[20:58:55] <jarrednicholls> okay thanks Elaine
[20:58:57] <steveklabnik> Andoriyu: it should only re-calcuate stuff if you touch the Cargo.toml, as long as oyu have a lock with the same modified time, should be fine
[20:59:45] <Dabo> jarrednicholls, ssh wouldn't work with https, but github supports ssh git cloning/pulling any time it supports https
[21:00:06] <jarrednicholls> Dabo: I know, but I don't think cargo supports an ssh url
[21:00:14] <jarrednicholls> e.g. git@github.com:jnicholls/blah
[21:00:27] <jarrednicholls> or ssh://github.com/jnicholls/blah
[21:00:35] <Andoriyu> steveklabnik I'm talking in context of compiliing cargo from sources
[21:00:56] *** Quits: filsmick (filsmick@moz-e5dipj.abo.wanadoo.fr) (Quit: )
[21:02:24] <jarrednicholls> Elaine: I thought acrichto had fixed this issue in the past
[21:02:34] <Dabo> jarrednicholls, ssh://git@github.com/daboross/rust-throw.git works fine for me
[21:02:44] <Dabo> Updating git repository `ssh://git@github.com/daboross/rust-throw.git`
[21:02:45] <jarrednicholls> ah ok
[21:02:51] <jarrednicholls> i didn't try that thanks
[21:03:38] <steveklabnik> Andoriyu: oh, compiling cargo itself? 
[21:03:38] <Dabo> I haven't tried it with any private repositories since I don't actually have any, but since git requires authentication in any case it should work fine
[21:03:41] *** Joins: A205B064 (A205B064@moz-9s9nhk.nap.wideopenwest.com)
[21:05:32] <acrichto> jarrednicholls: yeah cargo should use the global credential.helper setup 
[21:05:42] <acrichto> jarrednicholls: does it look like it's not using it though?
[21:06:13] *** Parts: durka42 (durka42@moz-ied0jm.wireless-pennnet.upenn.edu) ()
[21:07:04] <jarrednicholls> looks like it isn't :(
[21:07:09] <jarrednicholls> acrichto: ^
[21:07:19] <jarrednicholls> this is a nightly cargo
[21:07:27] <jarrednicholls> built on 6/27
[21:07:38] <jarrednicholls> Linux
[21:08:24] <jarrednicholls> Dabo: ssh://git@ didn't work either
[21:08:26] <jarrednicholls> oh well
[21:08:36] <acrichto> jarrednicholls: what's the value of credential.helper?
[21:08:39] <Dabo> jarrednicholls, it didn't authenticate? .-.
[21:08:48] <jarrednicholls> acrichto: cache
[21:08:53] <jarrednicholls> Dabo: nope
[21:09:13] <Dabo> huh. git@ does clone a public repo for me on cargo 0.4.0-nightly (a34e69b 2015-06-27) (built 2015-06-27)
[21:09:45] <jarrednicholls> sure, the error I am getting is still authentication related.  for that type of url, the error is [23] error authenticating: no auth sock variable
[21:10:10] <Dabo> strange! .-.
[21:10:16] <acrichto> jarrednicholls: could you gist a full log of what cargo does?
[21:10:21] <jarrednicholls> acrichto: update: my https authentication issue has this error: [12] HTTP parser error: the on_headers_complete callback failed
[21:10:51] <acrichto> ah yeah that typically just means that authentication failed
[21:10:55] <acrichto> (not a great error message from libgit2)
[21:11:48] <jarrednicholls> okay
[21:12:54] <jarrednicholls> [vagrant@localhost vagrant]$ git config --global -l
[21:12:54] <jarrednicholls> credential.helper=cache
[21:12:54] <jarrednicholls> credential.https://github.com.username=jnicholls
[21:13:15] <jarrednicholls> I've "primed" the cache by cloning another repo via https
[21:13:42] <jarrednicholls> hmm now it's not working
[21:13:43] <jarrednicholls> haha
[21:14:16] <acrichto> jarrednicholls: oh is it working now? (or still not working?)
[21:14:47] <jarrednicholls> acrichto: What I mean is, a clone of one of my repos is still having authentication errors
[21:14:53] <jarrednicholls> git clone https://...
[21:14:55] <jarrednicholls> is failing still
[21:14:59] <acrichto> aha
[21:16:50] <jarrednicholls> damnit, I setup a .netrc file which works but not for cargo
[21:17:10] <jarrednicholls> time to invoke system git instead of libgit2
[21:17:16] <jarrednicholls> shall I create the ticket?
[21:17:20] <jarrednicholls> j/k
[21:17:23] <jarrednicholls> but seriously...
[21:17:49] <Ilari> Yeah, I have seen fair amount of stuff that works with system git, but not cargo (libgit2).
[21:18:07] <Andoriyu> steveklabnik yeah, I got to the state where it all compiles, but only if there is internet connection (I'm wokring on freebsd port) 
[21:22:09] *** Quits: swgillespie (swgillespie@moz-shviij.ip.windstream.net) (Quit: My MacBook Pro has gone to sleep. ZZZzzz…)
[21:25:39] <jarrednicholls> I just went with a submodule
[21:25:41] <jarrednicholls> haha
[21:25:44] <jarrednicholls> talk about a cop out
[21:52:17] *** Joins: gleb (gleb@moz-3u1drv.rusanovka-net.kiev.ua)
[22:09:20] *** Quits: harrisonclarke (harrisoncla@moz-g1kp2c.ns.bellaliant.net) (Connection closed)
[22:17:09] *** Quits: bjz (bjz@moz-pl4g2k.tpgi.com.au) (Quit: My Mac has gone to sleep. ZZZzzz…)
[22:24:58] *** Joins: harrisonclarke (harrisoncla@moz-uur7pt.eastlink.ca)
[22:30:33] *** Quits: Tobba (Tobba@moz-o13d22.bredband.telia.com) (Ping timeout: 121 seconds)
[22:30:52] *** Quits: harrisonclarke (harrisoncla@moz-uur7pt.eastlink.ca) (Ping timeout: 121 seconds)
[22:32:01] *** Joins: Tobba (Tobba@moz-o13d22.bredband.telia.com)
[22:34:52] *** Quits: santiago (santiago@moz-ro2mm9.res.rr.com) (Quit: Computer has gone to sleep.)
[22:38:00] *** Joins: harrisonclarke (harrisoncla@moz-uur7pt.eastlink.ca)
[22:44:56] *** Quits: eibwen (eibwen@moz-fepklr.dip0.t-ipconnect.de) (Ping timeout: 121 seconds)
[22:49:53] *** Quits: SneakySnake (nya@moz-i9is4u.pool.telekom.hu) (Quit: Leaving)
[22:57:33] *** Quits: gleb (gleb@moz-3u1drv.rusanovka-net.kiev.ua) (Ping timeout: 121 seconds)
[23:01:49] *** Joins: santiago (santiago@moz-8th.j2e.167.12.IP)
[23:09:26] *** Quits: harrisonclarke (harrisoncla@moz-uur7pt.eastlink.ca) (Connection closed)
[23:09:52] *** Joins: harrisonclarke (harrisoncla@moz-uur7pt.eastlink.ca)
[23:21:36] *** Joins: dpc (dpc@moz-7gui97.nvidia.com)
[23:50:07] *** Joins: swgillespie (swgillespie@moz-shviij.ip.windstream.net)
[23:53:39] *** Quits: swgillespie (swgillespie@moz-shviij.ip.windstream.net) (Quit: My MacBook Pro has gone to sleep. ZZZzzz…)
[23:55:24] *** Quits: dpc (dpc@moz-7gui97.nvidia.com) (Ping timeout: 121 seconds)
[23:55:34] *** Joins: swgillespie (swgillespie@moz-shviij.ip.windstream.net)
