[01:47:08] *** Quits: Tobba (Tobba@moz-o13d22.bredband.telia.com) (Ping timeout: 121 seconds)
[01:59:23] *** Joins: winding-lines (winding-lin@moz-c8tcth.ca.comcast.net)
[02:00:26] *** Joins: brson (brson@moz-bi8.crj.56.172.IP)
[02:00:26] *** ChanServ sets mode: +ao brson brson
[02:11:37] *** Quits: winding-lines (winding-lin@moz-c8tcth.ca.comcast.net) (Quit: My Mac has gone to sleep. ZZZzzz…)
[02:11:49] *** Joins: winding-lines (winding-lin@moz-c8tcth.ca.comcast.net)
[02:18:54] *** Quits: blank_name (blank_name@moz-ms6nj1.mi.frontiernet.net) (Ping timeout: 121 seconds)
[02:31:30] *** Quits: winding-lines (winding-lin@moz-c8tcth.ca.comcast.net) (Quit: My Mac has gone to sleep. ZZZzzz…)
[03:13:36] *** Quits: brson (brson@moz-bi8.crj.56.172.IP) (Ping timeout: 121 seconds)
[03:15:37] *** Joins: brson (brson@moz-i25.7vl.56.172.IP)
[03:15:37] *** ChanServ sets mode: +ao brson brson
[03:22:20] *** Quits: brson (brson@moz-i25.7vl.56.172.IP) (Ping timeout: 121 seconds)
[03:23:02] *** Joins: brson (brson@moz-i25.7vl.56.172.IP)
[03:23:02] *** ChanServ sets mode: +ao brson brson
[03:26:11] *** Joins: WindowsBunny1 (Peter@moz-vlal7g.east.verizon.net)
[03:26:39] *** Quits: WindowsBunny (Peter@moz-vlal7g.east.verizon.net) (Ping timeout: 121 seconds)
[03:33:32] *** Quits: WindowsBunny1 (Peter@moz-vlal7g.east.verizon.net) (Ping timeout: 121 seconds)
[03:41:12] *** Joins: winding-lines (winding-lin@moz-c8tcth.ca.comcast.net)
[03:41:20] *** Joins: WindowsBunny (Peter@moz-p21po0.east.verizon.net)
[04:31:20] *** Quits: winding-lines (winding-lin@moz-c8tcth.ca.comcast.net) (Quit: My Mac has gone to sleep. ZZZzzz…)
[04:33:46] *** Quits: barosl (barosl@moz-tmp.qma.67.220.IP) (Quit: Leaving)
[04:36:32] *** Joins: barosl (barosl@moz-tmp.qma.67.220.IP)
[04:42:07] *** Quits: brson (brson@moz-i25.7vl.56.172.IP) (Ping timeout: 121 seconds)
[08:31:14] *** Quits: c74d (c74d3a4ebb6@moz-0ersgu.oc.cox.net) (Connection closed)
[08:42:28] *** Joins: gleb (gleb@moz-3u1drv.rusanovka-net.kiev.ua)
[08:51:41] *** Joins: c74d (c74d3a4ebb6@moz-0ersgu.oc.cox.net)
[10:31:06] *** Quits: gleb (gleb@moz-3u1drv.rusanovka-net.kiev.ua) (Ping timeout: 121 seconds)
[11:28:03] *** Quits: vadimcn (uid46608@moz-9ioufh.tooting.irccloud.com) (Quit: Connection closed for inactivity)
[12:09:25] *** Joins: gleb (gleb@moz-3u1drv.rusanovka-net.kiev.ua)
[13:25:53] *** Joins: Tobba (Tobba@moz-o13d22.bredband.telia.com)
[15:29:21] *** Quits: wycats (sid79@moz-nggjpl.charlton.irccloud.com) (Connection reset by peer)
[15:29:22] *** Quits: reem (sid78397@moz-fjt2tg.charlton.irccloud.com) (Connection closed)
[15:29:23] *** Quits: garndt (sid7486@moz-f9sjdk.charlton.irccloud.com) (Connection closed)
[15:31:04] *** Joins: wycats (sid79@moz-nggjpl.charlton.irccloud.com)
[15:31:04] *** ChanServ sets mode: +ao wycats wycats
[15:55:55] *** Quits: Gankro (sid71432@moz-g8qprj.ealing.irccloud.com) (Connection closed)
[16:09:22] *** Joins: garndt (sid7486@moz-f9sjdk.charlton.irccloud.com)
[16:52:31] *** Joins: reem (sid78397@moz-fjt2tg.charlton.irccloud.com)
[16:53:50] *** Joins: Gankro (sid71432@moz-g8qprj.ealing.irccloud.com)
[17:59:22] *** Quits: ericholscher (ericholsche@moz-5ti26e.or.comcast.net) (Connection closed)
[18:12:46] *** Joins: ericholscher (ericholsche@moz-fqc89j.ptld.qwest.net)
[18:54:29] *** Quits: ericholscher (ericholsche@moz-fqc89j.ptld.qwest.net) (Connection closed)
