[00:11:46] *** Joins: brson (brson@moz-s4rjel.tmodns.net)
[00:19:36] *** Quits: brson (brson@moz-s4rjel.tmodns.net) (Quit: leaving)
[00:36:32] *** Quits: blank_name (blank_name@moz-sct.ivp.36.50.IP) (Quit: leaving)
[00:47:47] *** Joins: blank_name (blank_name@moz-sct.ivp.36.50.IP)
[00:58:34] *** Quits: erickt (erickt@moz-4hh.6p3.217.74.IP) (Ping timeout: 121 seconds)
[00:59:02] *** Joins: erickt (erickt@moz-4hh.6p3.217.74.IP)
[01:03:35] *** Quits: erickt (erickt@moz-4hh.6p3.217.74.IP) (Ping timeout: 121 seconds)
[01:28:25] *** Quits: gleb (gleb@moz-3u1drv.rusanovka-net.kiev.ua) (Ping timeout: 121 seconds)
[01:38:04] *** Joins: Riastradh (riastradh@moz-ke9rv2.nos-oignons.net)
[01:52:17] *** Joins: gsingh93 (gulshan@moz-3fu4am.mi.comcast.net)
[03:36:13] *** Joins: acharles (acharles@moz-ldt.et5.188.67.IP)
[04:00:47] *** Quits: Riastradh (riastradh@moz-ke9rv2.nos-oignons.net) (Ping timeout: 121 seconds)
[04:00:51] *** Joins: Riastradh (riastradh@moz-md1mas.ipredator.se)
[05:37:03] *** Joins: erickt (erickt@moz-njt.vqi.14.76.IP)
[05:41:15] *** Quits: Tobba (Tobba@moz-o13d22.bredband.telia.com) (Ping timeout: 121 seconds)
[05:42:16] *** Quits: gsingh93 (gulshan@moz-3fu4am.mi.comcast.net) (Ping timeout: 121 seconds)
[06:22:46] *** Quits: erickt (erickt@moz-njt.vqi.14.76.IP) (Ping timeout: 121 seconds)
[06:47:02] *** Joins: Tobba|Laptop (Tobba@moz-1hh.7ki.21.217.IP)
[07:46:12] *** Quits: Tobba|Laptop (Tobba@moz-1hh.7ki.21.217.IP) (Connection closed)
[07:54:58] *** Joins: Tobba|Laptop (Tobba@moz-1hh.7ki.21.217.IP)
[09:17:22] *** Quits: c74d (c74d3a4ebb6@moz-0ersgu.oc.cox.net) (Ping timeout: 121 seconds)
[09:18:26] *** Joins: c74d (c74d3a4ebb6@moz-naa704.mggc.hibn.4404.2002.IP)
[09:43:12] *** Quits: atomic (atomic@moz-r9rogb.enn.lu) (Ping timeout: 121 seconds)
[10:35:05] *** Quits: c74d (c74d3a4ebb6@moz-naa704.mggc.hibn.4404.2002.IP) (Ping timeout: 121 seconds)
[10:38:12] *** Joins: c74d (c74d3a4ebb6@moz-0ersgu.oc.cox.net)
[12:06:48] *** Joins: gleb (gleb@moz-3u1drv.rusanovka-net.kiev.ua)
[12:47:58] *** Quits: Tobba|Laptop (Tobba@moz-1hh.7ki.21.217.IP) (Ping timeout: 121 seconds)
[13:55:34] *** Joins: Tobba (Tobba@moz-o13d22.bredband.telia.com)
[14:51:54] *** Quits: Riastradh (riastradh@moz-md1mas.ipredator.se) (Ping timeout: 121 seconds)
[15:26:56] *** Joins: brson (brson@moz-cfhap5.mtv2.mozilla.com)
[16:12:36] *** Joins: erickt (erickt@moz-4hh.6p3.217.74.IP)
[16:30:01] *** Joins: gsingh93 (gulshan@moz-3fu4am.mi.comcast.net)
[18:44:16] *** Joins: Tobba|Laptop (Tobba@moz-o13d22.bredband.telia.com)
[18:48:24] *** Quits: Tobba|Laptop (Tobba@moz-o13d22.bredband.telia.com) (Ping timeout: 121 seconds)
[20:41:13] <Ilari> Okay, looks like that proposed WG got into informal IESG review...
[20:52:11] <frewsxcv> anyone know if anyone has attempted to implement https://www.rfc-editor.org/info/rfc6125 in rust?
[20:53:04] <Ilari> :vomit:
[22:41:56] *** Quits: erickt (erickt@moz-4hh.6p3.217.74.IP) (Ping timeout: 121 seconds)
[23:32:18] *** Joins: erickt (erickt@moz-4hh.6p3.217.74.IP)
[23:48:22] *** Joins: atomic (atomic@moz-qpd.aq7.187.37.IP)
[23:52:17] *** Quits: brson (brson@moz-cfhap5.mtv2.mozilla.com) (Quit: leaving)
[23:53:07] *** Joins: brson (brson@moz-h4f.m43.48.37.IP)
