[00:22:38] *** Quits: burntsushi (burntsushi@moz-t92kn9.ma.charter.com) (Ping timeout: 121 seconds)
[00:24:20] *** Quits: nagisa (nagisa@moz-8t068g.static.zebra.lt) (Ping timeout: 121 seconds)
[00:26:33] *** Joins: ChrisMorgan (ChrisMorgan@moz-g6osuq.tpgi.com.au)
[00:29:13] *** Quits: achanda (achanda@moz-fr1.spq.217.162.IP) (Connection closed)
[00:30:41] *** Joins: burntsushi (burntsushi@moz-t92kn9.ma.charter.com)
[00:38:47] *** Quits: burntsushi (burntsushi@moz-t92kn9.ma.charter.com) (Ping timeout: 121 seconds)
[00:39:00] *** Joins: burntsushi (burntsushi@moz-t92kn9.ma.charter.com)
[00:42:57] *** Quits: 557AAGASO (alevar@moz-v9m50e.members.linode.com) (Quit: leaving)
[00:47:48] *** Quits: 203AAIHXS (alevar@moz-v9m50e.members.linode.com) (A TLS packet with unexpected length was received.)
[00:47:49] *** Joins: pingveno (alevar@moz-v9m50e.members.linode.com)
[00:51:55] *** Quits: barosl (barosl@moz-tmp.qma.67.220.IP) (Ping timeout: 121 seconds)
[01:01:14] *** Quits: burntsushi (burntsushi@moz-t92kn9.ma.charter.com) (Ping timeout: 121 seconds)
[01:12:20] *** Joins: burntsushi (burntsushi@moz-t92kn9.ma.charter.com)
[01:12:45] *** Quits: brson (brson@moz-cfhap5.mtv2.mozilla.com) (Ping timeout: 121 seconds)
[01:16:48] *** Quits: burntsushi (burntsushi@moz-t92kn9.ma.charter.com) (Ping timeout: 121 seconds)
[01:22:10] *** Joins: burntsushi (burntsushi@moz-t92kn9.ma.charter.com)
[02:02:51] *** Quits: Rym (uid91135@moz-n2i7qm.charlton.irccloud.com) (Quit: Connection closed for inactivity)
[02:04:36] *** Quits: bluss (bluss@moz-dc3fi4.customer.cdi.no) (Ping timeout: 121 seconds)
[02:09:22] *** Quits: kimundi (kimundi@moz-lr69rq.56vm.o3ls.4fe2.2002.IP) (Ping timeout: 121 seconds)
[02:14:23] *** Joins: kimundi (kimundi@moz-ffdgkl.n3fm.urnq.57bc.2002.IP)
[03:10:14] *** Joins: achanda (achanda@moz-qv7q4n.ca.comcast.net)
[03:35:49] *** Quits: ChrisMorgan (ChrisMorgan@moz-g6osuq.tpgi.com.au) (Ping timeout: 121 seconds)
[03:56:22] *** Quits: achanda (achanda@moz-qv7q4n.ca.comcast.net) (Quit: Leaving...)
[04:19:33] *** Joins: ChrisMorgan (ChrisMorgan@moz-g6osuq.tpgi.com.au)
[04:35:41] *** Quits: Tobba (Tobba@moz-o13d22.bredband.telia.com) (Ping timeout: 121 seconds)
[04:38:41] *** Joins: barosl (barosl@moz-tmp.qma.67.220.IP)
[05:14:10] *** Quits: aatch (james@moz-i1k1ks.tlms.2o1v.e006.2406.IP) (Connection closed)
[07:31:41] *** Quits: rdgawdzi (sid91768@moz-36ps68.ealing.irccloud.com) (*.net *.split)
[07:31:41] *** Quits: carllerche (sid50851@moz-8i75uq.brockwell.irccloud.com) (*.net *.split)
[07:31:41] *** Quits: nmatsakis (sid381@moz-32a8b5.0j4i.jtu0.0101.2620.IP) (*.net *.split)
[07:31:41] *** Quits: seanmonstar|offline (seanmonstar@moz-jd3i0j.fkdv.ulf6.3c01.2600.IP) (*.net *.split)
[07:31:41] *** Quits: aturon (sid379@moz-hhfc8n.0j4i.jtu0.0101.2620.IP) (*.net *.split)
[07:31:41] *** Quits: huon (huon@moz-hj272o.8rnv.rggd.6180.2400.IP) (*.net *.split)
[07:31:41] *** Quits: scott (uid25790@moz-e5ok1n.brockwell.irccloud.com) (*.net *.split)
[07:31:41] *** Quits: erikj (erikj@moz-1bq7nj.com) (*.net *.split)
[07:31:41] *** Quits: spastorino (sid27384@moz-i6sgse.brockwell.irccloud.com) (*.net *.split)
[07:31:41] *** Quits: reem (sid78397@moz-octfcu.brockwell.irccloud.com) (*.net *.split)
[07:31:41] *** Quits: smkz (a@moz-gdd4un.fs1g.619c.a880.2604.IP) (*.net *.split)
[07:31:41] *** Quits: frewsxcv (sid86219@moz-dneii9.brockwell.irccloud.com) (*.net *.split)
[07:31:41] *** Quits: Gankro (sid71432@moz-sc2bd6.charlton.irccloud.com) (*.net *.split)
[07:31:41] *** Quits: kimundi (kimundi@moz-ffdgkl.n3fm.urnq.57bc.2002.IP) (*.net *.split)
[07:32:02] *** Joins: seanmonstar|offline (seanmonstar@moz-jd3i0j.fkdv.ulf6.3c01.2600.IP)
[07:32:02] *** Joins: frewsxcv (sid86219@moz-dneii9.brockwell.irccloud.com)
[07:32:02] *** Joins: rdgawdzi (sid91768@moz-36ps68.ealing.irccloud.com)
[07:32:02] *** Joins: Gankro (sid71432@moz-sc2bd6.charlton.irccloud.com)
[07:32:02] *** Joins: carllerche (sid50851@moz-8i75uq.brockwell.irccloud.com)
[07:32:02] *** Joins: reem (sid78397@moz-octfcu.brockwell.irccloud.com)
[07:32:02] *** Joins: spastorino (sid27384@moz-i6sgse.brockwell.irccloud.com)
[07:32:02] *** Joins: nmatsakis (sid381@moz-32a8b5.0j4i.jtu0.0101.2620.IP)
[07:32:02] *** Joins: aturon (sid379@moz-hhfc8n.0j4i.jtu0.0101.2620.IP)
[07:32:02] *** Joins: huon (huon@moz-hj272o.8rnv.rggd.6180.2400.IP)
[07:32:02] *** Joins: scott (uid25790@moz-e5ok1n.brockwell.irccloud.com)
[07:32:02] *** Joins: erikj (erikj@moz-1bq7nj.com)
[07:32:02] *** Joins: kimundi (kimundi@moz-ffdgkl.n3fm.urnq.57bc.2002.IP)
[07:32:02] *** Joins: smkz (a@moz-gdd4un.fs1g.619c.a880.2604.IP)
[07:32:02] *** bruford.mozilla.org sets mode: +ooqo nmatsakis aturon huon huon
[08:12:22] *** Joins: gleb (gleb@moz-3u1drv.rusanovka-net.kiev.ua)
[08:34:03] *** Joins: canhtak (jeremy@moz-kcs.u0t.149.5.IP)
[08:43:30] *** Quits: canhtak (jeremy@moz-kcs.u0t.149.5.IP) (Client exited)
[08:43:35] *** Joins: canhtak (jeremy@moz-kcs.u0t.149.5.IP)
[08:46:28] *** Quits: canhtak (jeremy@moz-kcs.u0t.149.5.IP) (Client exited)
[08:46:37] *** Joins: canhtak (jeremy@moz-kcs.u0t.149.5.IP)
[08:50:19] *** Quits: canhtak (jeremy@moz-kcs.u0t.149.5.IP) (Client exited)
[08:51:52] *** Joins: canhtak (jeremy@moz-kcs.u0t.149.5.IP)
[09:08:23] *** Quits: canhtak (jeremy@moz-kcs.u0t.149.5.IP) (Client exited)
[09:10:12] *** Joins: canhtak (jeremy@moz-kcs.u0t.149.5.IP)
[09:16:44] *** Joins: killercup (killercup@moz-icpsbi.dip0.t-ipconnect.de)
[09:18:27] *** Quits: canhtak (jeremy@moz-kcs.u0t.149.5.IP) (Ping timeout: 121 seconds)
[09:23:35] *** Joins: bluss (bluss@moz-dc3fi4.customer.cdi.no)
[09:27:08] *** Joins: canhtak (jeremy@moz-kcs.u0t.149.5.IP)
[09:36:19] *** Quits: killercup (killercup@moz-icpsbi.dip0.t-ipconnect.de) (Quit: Bye)
[09:53:45] *** Quits: canhtak (jeremy@moz-kcs.u0t.149.5.IP) (Client exited)
[09:55:43] *** Quits: ChrisMorgan (ChrisMorgan@moz-g6osuq.tpgi.com.au) (Ping timeout: 121 seconds)
[10:08:19] *** Joins: nagisa (nagisa@moz-8t068g.static.zebra.lt)
[10:39:24] *** Joins: ChrisMorgan (ChrisMorgan@moz-g6osuq.tpgi.com.au)
[10:44:24] *** Quits: ChrisMorgan (ChrisMorgan@moz-g6osuq.tpgi.com.au) (Ping timeout: 121 seconds)
[11:27:43] *** Joins: ChrisMorgan (ChrisMorgan@moz-g6osuq.tpgi.com.au)
[11:32:43] *** Quits: ChrisMorgan (ChrisMorgan@moz-g6osuq.tpgi.com.au) (Ping timeout: 121 seconds)
[11:44:18] *** Joins: Tobba (Tobba@moz-o13d22.bredband.telia.com)
[12:16:29] *** Joins: ChrisMorgan (ChrisMorgan@moz-g6osuq.tpgi.com.au)
[13:40:52] *** Joins: killercup (killercup@moz-icpsbi.dip0.t-ipconnect.de)
[14:30:18] <bluss> Libs people and Gankro, I'll probably be away two weeks, these are my drain range notes in preparation of an rfc  https://gist.github.com/bluss/3d59e8aa5226c8b9ff57
[14:30:52] <bluss> my text has my opinions, whoever writes the rfc has the chance to spin that around
[14:30:59] <bluss> of course :)
[14:50:35] *** Quits: bluss (bluss@moz-dc3fi4.customer.cdi.no) (A TLS packet with unexpected length was received.)
[16:00:16] <Gankro> bluss: kk can you give me your account's password so I can make those fake opinions look like yours?
[16:07:31] *** Joins: brson (brson@moz-cfhap5.mtv2.mozilla.com)
[16:07:31] *** ChanServ sets mode: +qo brson brson
[17:53:32] <kimundi> Do we have some kind of lib team agenda for the meeting?
[18:06:35] <aturon> kimundi: the stuff on the shared google doc, plus discussion of rust-lang crate policy, at least
[19:25:27] *** Quits: ChrisMorgan (ChrisMorgan@moz-g6osuq.tpgi.com.au) (Ping timeout: 121 seconds)
[19:54:41] *** Joins: nagisa1 (nagisa@moz-8t068g.static.zebra.lt)
[19:56:55] *** Quits: nagisa (nagisa@moz-8t068g.static.zebra.lt) (Ping timeout: 121 seconds)
[20:00:18] <aturon> https://plus.google.com/hangouts/_/mozilla.com/rust-libs?authuser=1&hceid=YXR1cm9uQG1vemlsbGEuY29t.569bo6bnpd5d0ipi5c0he2gceg
[20:02:52] <huon> brson: ^
[20:03:23] <brson> hangouts, huh?
[20:03:32] <aturon> for the libs team mtg, yeah
[20:03:48] <brson> it'll be a few
[20:04:50] <brson> start w/o me
[20:09:10] *** Joins: ChrisMorgan (ChrisMorgan@moz-g6osuq.tpgi.com.au)
[20:14:45] *** Quits: nagisa1 (nagisa@moz-8t068g.static.zebra.lt) (Ping timeout: 121 seconds)
[20:16:08] <aturon> https://etherpad.mozilla.org/rust-libs-triage
[20:32:55] *** Joins: nagisa (nagisa@moz-8t068g.static.zebra.lt)
[21:05:17] *** Quits: killercup (killercup@moz-icpsbi.dip0.t-ipconnect.de) (Quit: Bye)
[21:15:50] *** Quits: barosl (barosl@moz-tmp.qma.67.220.IP) (Quit: Leaving)
[22:49:14] *** Quits: gleb (gleb@moz-3u1drv.rusanovka-net.kiev.ua) (Ping timeout: 121 seconds)
[23:02:12] *** Quits: ChrisMorgan (ChrisMorgan@moz-g6osuq.tpgi.com.au) (Ping timeout: 121 seconds)
[23:45:55] *** Joins: ChrisMorgan (ChrisMorgan@moz-g6osuq.tpgi.com.au)
