[00:00:23] *** Joins: apasel422 (Mibbit@moz-6ga37r.ma.comcast.net)
[00:03:10] *** Joins: tamird (textual@moz-lat.dkr.14.50.IP)
[00:03:56] *** Quits: arthurprs (Mibbit@moz-566.i8s.156.179.IP) (Quit: http://www.mibbit.com ajax IRC Client)
[00:04:26] *** npm is now known as GBGamer
[00:12:52] *** Quits: joneshf-laptop (joneshf@moz-0iuff6.scrm01.sbcglobal.net) (Ping timeout: 121 seconds)
[00:24:42] <brson> there's not enough docs about i/o
[00:25:21] *** Quits: nagisa (nagisa@moz-8t068g.static.zebra.lt) (Ping timeout: 121 seconds)
[00:25:59] <brson> are there any docs about how to write to files?
[00:27:00] <blaenk> it's basically just the std::io::Write trait
[00:28:04] <blaenk> you open a file with File::open for read-only mode and File::create for write-only/create/truncate
[00:28:11] <blaenk> or customized opening options with http://doc.rust-lang.org/std/fs/struct.OpenOptions.html
[00:28:29] *** Joins: nham (nham@moz-lglsfe.il.comcast.net)
[00:29:18] <Elaine> brson: (http://rustbyexample.com/std_misc/file.html)
[00:32:13] *** Quits: Lateralus (Lateralus@moz-4eoqem.br.cox.net) (A TLS packet with unexpected length was received.)
[00:32:13] *** Joins: Peach (Fancy3D@moz-500.6lb.246.96.IP)
[00:34:15] <Elaine> but yeah.
[00:43:29] *** Joins: npm (npm@moz-3tp.0t6.56.172.IP)
[00:43:37] *** Quits: GBGamer (npm@moz-821.0t6.56.172.IP) (Ping timeout: 121 seconds)
[00:47:59] *** Quits: apasel422 (Mibbit@moz-6ga37r.ma.comcast.net) (Quit: http://www.mibbit.com ajax IRC Client)
[00:48:25] *** Quits: DenSchub (DenSchub@moz-6io4fd.hol4.1ume.2260.2a02.IP) (A TLS packet with unexpected length was received.)
[00:48:55] *** Joins: DenSchub (DenSchub@moz-6io4fd.hol4.1ume.2260.2a02.IP)
[00:59:23] *** Quits: mcpherrin (mcpherrin@moz-clk6gh.ca.comcast.net) (Quit: Changing server)
[00:59:24] *** Joins: mcpherrin (mcpherrin@moz-bhcp6n.8mb6.t84e.0645.2601.IP)
[01:00:06] *** Quits: mcpherrin (mcpherrin@moz-bhcp6n.8mb6.t84e.0645.2601.IP) (Quit: Changing server)
[01:03:45] *** Joins: panitaliemom (Mibbit@moz-hu6.nja.252.72.IP)
[01:04:46] *** Quits: genbattle (genbattle@moz-poo2cb.xtra.co.nz) (Ping timeout: 121 seconds)
[01:05:29] *** Joins: mcpherrin (mcpherrin@moz-clk6gh.ca.comcast.net)
[01:06:56] *** Quits: mcpherrin (mcpherrin@moz-clk6gh.ca.comcast.net) (Quit: leaving)
[01:07:19] *** Joins: mcpherrin (mcpherrin@moz-bhcp6n.8mb6.t84e.0645.2601.IP)
[01:07:51] *** Joins: joneshf-laptop (joneshf@moz-l4h.b5s.208.98.IP)
[01:14:09] *** Quits: mitaa (mitaa@moz-k5aba3.dyn.drei.com) (Client exited)
[01:16:27] *** Quits: npm (npm@moz-3tp.0t6.56.172.IP) (Ping timeout: 121 seconds)
[01:17:00] *** Joins: npm (npm@moz-3tp.0t6.56.172.IP)
[01:17:20] *** Quits: panitaliemom (Mibbit@moz-hu6.nja.252.72.IP) (Quit: http://www.mibbit.com ajax IRC Client)
[01:20:11] *** Quits: brson (brson@moz-f0v.335.39.84.IP) (Ping timeout: 121 seconds)
[01:21:03] *** Joins: genbattle (genbattle@moz-poo2cb.xtra.co.nz)
[01:22:20] *** Joins: brson (brson@moz-cfhap5.mtv2.mozilla.com)
[01:22:21] *** ChanServ sets mode: +o brson
[01:37:22] *** Quits: genbattle (genbattle@moz-poo2cb.xtra.co.nz) (Ping timeout: 121 seconds)
[01:51:33] *** Quits: npm (npm@moz-3tp.0t6.56.172.IP) (Connection closed)
[01:52:01] *** Joins: npm (npm@moz-3tp.0t6.56.172.IP)
[01:53:14] *** Quits: dcb (textual@moz-v6l3du.ca.comcast.net) (Quit: My Mac has gone to sleep. ZZZzzz…)
[01:54:41] *** Quits: npm (npm@moz-3tp.0t6.56.172.IP) (Connection closed)
[01:54:54] *** Joins: npm (npm@moz-3tp.0t6.56.172.IP)
[01:55:54] *** Joins: waffles (wafflespean@moz-855.9ac.136.123.IP)
[01:59:15] *** Quits: npm (npm@moz-3tp.0t6.56.172.IP) (Connection closed)
[02:01:15] *** Joins: npm (npm@moz-3tp.0t6.56.172.IP)
[02:05:47] *** Joins: Feyn (aram@moz-cee.68e.115.42.IP)
[02:14:57] *** Quits: npm (npm@moz-3tp.0t6.56.172.IP) (Ping timeout: 121 seconds)
[02:26:10] *** Quits: brson (brson@moz-cfhap5.mtv2.mozilla.com) (Quit: leaving)
[02:28:20] *** Joins: dcb (textual@moz-v6l3du.ca.comcast.net)
[02:29:12] <Gankro> When was https://doc.rust-lang.org/nightly/std/ last deployed?
[02:29:23] <Gankro> cc edunham 
[02:46:26] *** Joins: GBGamer (npm@moz-6mcsgc.tmodns.net)
[02:47:10] *** Joins: npm (npm@moz-pi07bg.hfc.comcastbusiness.net)
[02:47:37] *** Quits: GBGamer (npm@moz-6mcsgc.tmodns.net) (NickServ (RECOVER command used by npm))
[02:47:37] *** npm is now known as GBGamer
[02:48:03] *** Joins: dp_ (dp@moz-jbmop1.gb4f.8ao9.0e35.2a01.IP)
[02:48:43] * edunham wonders why we have doc. in ec2 rather than s3
[02:48:54] *** Joins: Quxxy (chatzilla@moz-efh10q.internode.on.net)
[02:51:04] <edunham> oh, wait, doc == proxy, derp
[02:51:19] *** Quits: kimundi (kimundi@moz-k57ctm.dip0.t-ipconnect.de) (Ping timeout: 121 seconds)
[02:52:01] *** Joins: kimundi (kimundi@moz-kjthpr.63qo.amhv.57bc.2002.IP)
[02:54:41] <edunham> oh, it's in the static bucket, doc/master/ folder
[02:56:21] <edunham> Gankro: that particular index page was last touched Fri Jul 17 05:25:01 GMT-700 2015 (as were all the other files that i can see around there)
[02:58:56] <Gankro> edunham: thanks!
[02:59:09] <edunham> np
[02:59:28] * edunham contemplates having the site generator hide a last-generated timestamp either in a footer or invisibly in the page source
[02:59:49] <Gankro> edunham: Hmm, something that landed in master at 1am should be in there then...?
[03:00:18] <Gankro> Actually that's like a perfect race
[03:00:31] <edunham> oh?
[03:00:44] <Gankro> Build is ~3-4 hours?
[03:00:44] <edunham> because time zones?
[03:00:55] <edunham> ah, yeah
[03:01:21] <Gankro> Wait I'm approaching this stupid, I can just check if the change is in the JS
[03:02:52] <edunham> what's the actual question you were trying to answer with deploy time?
[03:04:59] *** Quits: James__ (quassel@moz-vcnd98.range86-148.btcentralplus.com) (Ping timeout: 121 seconds)
[03:06:04] *** Quits: dcb (textual@moz-v6l3du.ca.comcast.net) (Quit: My Mac has gone to sleep. ZZZzzz…)
[03:06:27] *** Joins: dcb (textual@moz-v6l3du.ca.comcast.net)
[03:15:50] <Gankro> edunham: it looked like a change to the JS wasn't working; but it turns out it just hadn't landed quite early enough
[03:16:11] <Gankro> Github said "two days ago" so I was like "that means it should be in nightly"
[03:16:48] <Gankro> But nightlies failing isn't unheard of
[03:18:17] *** Quits: bgamari (bgamari@moz-lflj1l.hsi7.kabel-badenwuerttemberg.de) (Ping timeout: 121 seconds)
[03:23:19] *** Joins: bgamari (bgamari@moz-lflj1l.hsi7.kabel-badenwuerttemberg.de)
[03:25:45] <edunham> ah, yeah.
[03:26:08] <edunham> do we get blinking marquee headers on pages that're out of date yet? :D
[03:27:21] *** Joins: summerlight (summerlight@moz-lb3.6do.193.175.IP)
[03:28:34] <Gankro> That would be pretty sweet
[03:34:50] *** Joins: jdm (jdm@moz-ilbt2e.cable.teksavvy.com)
[03:37:21] *** Quits: Manishearth (manishearth@moz-uc30rq.anapnea.net) (Ping timeout: 121 seconds)
[03:37:27] *** Quits: summerlight (summerlight@moz-lb3.6do.193.175.IP) (Connection closed)
[03:37:33] <edunham> ...did you just call blinking marquees "sweet"? Must we report you to the Internet Police?
[03:38:23] *** Joins: Manishearth (manishearth@moz-uc30rq.anapnea.net)
[03:38:23] *** ChanServ sets mode: +ao Manishearth Manishearth
[03:39:40] *** Quits: bvinc (brain@moz-ake53i.rcsntx.sbcglobal.net) (Ping timeout: 121 seconds)
[03:40:18] *** Joins: bvinc (brain@moz-ake53i.rcsntx.sbcglobal.net)
[03:41:05] <edunham> but yeah. I want that. Others seem to want that too. I might hack on that at some point when I have things less fun than Javascript to procrastinate on :)
[03:43:16] *** Joins: summerlight (summerlight@moz-lb3.6do.193.175.IP)
[03:47:51] *** Havvy[Hex] is now known as Havvy
[03:48:12] *** Quits: Manishearth (manishearth@moz-uc30rq.anapnea.net) (Ping timeout: 121 seconds)
[03:48:33] *** Quits: Guest11988 (manishearth@moz-uc30rq.anapnea.net) (Ping timeout: 121 seconds)
[03:50:02] <Gankro> Wait, what does it mean for it to be out of date?
[03:52:42] *** Joins: npm (npm@moz-rl3.0t6.56.172.IP)
[03:54:15] *** Quits: Feyn (aram@moz-cee.68e.115.42.IP) (Ping timeout: 121 seconds)
[03:54:54] *** Joins: Manishearth (manishearth@moz-uc30rq.anapnea.net)
[03:54:54] *** ChanServ sets mode: +ao Manishearth Manishearth
[03:55:19] *** Joins: Manishea1th (manishearth@moz-uc30rq.anapnea.net)
[03:56:31] *** Quits: GBGamer (npm@moz-pi07bg.hfc.comcastbusiness.net) (Ping timeout: 121 seconds)
[03:59:14] *** Quits: npm (npm@moz-rl3.0t6.56.172.IP) (Ping timeout: 121 seconds)
[03:59:19] *** Joins: npm (npm@moz-pi07bg.hfc.comcastbusiness.net)
[04:02:11] *** Joins: Peach_ (Fancy3D@moz-500.6lb.246.96.IP)
[04:04:04] *** Quits: waffles (wafflespean@moz-855.9ac.136.123.IP) (Ping timeout: 121 seconds)
[04:04:14] *** Quits: Peach (Fancy3D@moz-500.6lb.246.96.IP) (Ping timeout: 121 seconds)
[04:04:14] *** Peach_ is now known as Peach
[04:14:43] *** Joins: Peach_ (Fancy3D@moz-500.6lb.246.96.IP)
[04:15:52] *** Quits: dcb (textual@moz-v6l3du.ca.comcast.net) (Quit: My Mac has gone to sleep. ZZZzzz…)
[04:16:50] *** Joins: waffles (wafflespean@moz-vtr.43b.136.123.IP)
[04:18:12] *** Quits: Peach (Fancy3D@moz-500.6lb.246.96.IP) (Ping timeout: 121 seconds)
[04:18:12] *** Peach_ is now known as Peach
[04:20:23] *** Joins: dcb (textual@moz-v6l3du.ca.comcast.net)
[04:41:40] *** Joins: genbattle (genbattle@moz-poo2cb.xtra.co.nz)
[04:43:14] *** Joins: Feyn (aram@moz-0sv.5ro.115.42.IP)
[04:59:09] *** Joins: swgillespie (swgillespie@moz-rn1.vmq.232.104.IP)
[04:59:24] *** Quits: swgillespie (swgillespie@moz-rn1.vmq.232.104.IP) (Quit: My MacBook Pro has gone to sleep. ZZZzzz…)
[05:02:06] *** Quits: jdm (jdm@moz-ilbt2e.cable.teksavvy.com) (Quit: )
[05:27:33] *** Joins: galen (galen@moz-caprup.dsl-w.verizon.net)
[05:35:03] <SimonSapin> Gankro: re Tendril encodings: that’s for internals. Bytes from the network are decoded to UTF-8 or WTF-8 as they come in, with any of these encoding https://encoding.spec.whatwg.org/#names-and-labels and a complicated process to determine which one
[05:35:30] <SimonSapin> WTF-8 would allow supporting unpaired surrogates from document.write
[05:35:35] <SimonSapin> same story as Windows file names
[05:35:40] <Gankro> SimonSapin: Ah, makes sense
[05:38:12] *** Joins: Kingsquee (kingsley@moz-k72lip.bchsia.telus.net)
[05:38:14] *** Quits: Dabo (dabo@znc.dabo.guru) (Ping timeout: 121 seconds)
[05:40:59] *** Joins: Dabo (dabo@znc.dabo.guru)
[05:44:10] *** Quits: Ericson2314 (user@moz-5muv45.m9e4.oi28.0306.2602.IP) (Connection closed)
[05:47:38] *** Joins: filsmick (filsmick@moz-0qapam.abo.wanadoo.fr)
[05:53:05] <SimonSapin> (html5ever also doesn’t implement any of that yet, but that’s the theory :))
[05:55:00] *** Joins: mukilan (mukilan@moz-p2u.ljc.164.122.IP)
[05:59:54] *** Quits: galen (galen@moz-caprup.dsl-w.verizon.net) (Ping timeout: 121 seconds)
[06:09:06] *** Joins: avikpal (avikpal@moz-5rs.p8t.194.117.IP)
[06:12:39] *** Quits: avikpal (avikpal@moz-5rs.p8t.194.117.IP) (Connection closed)
[06:18:45] *** Joins: laumann (thomas@moz-n9e72h.0.fullrate.dk)
[06:20:58] *** Quits: genbattle (genbattle@moz-poo2cb.xtra.co.nz) (Quit: Leaving)
[06:22:57] *** Joins: AlisdairO (anonymous@moz-ntsaoe.cable.virginm.net)
[06:23:11] *** Joins: avikpal (avikpal@moz-5rs.p8t.194.117.IP)
[06:39:25] *** Quits: avikpal (avikpal@moz-5rs.p8t.194.117.IP) (Connection closed)
[06:43:04] *** Quits: Peach (Fancy3D@moz-500.6lb.246.96.IP) (Client exited)
[06:46:43] *** Joins: ff (flaper87Moz@moz-fkgune.static.jazztel.es)
[06:47:33] *** Joins: casey (casey@moz-v0ns05.tpgi.com.au)
[06:51:25] *** Quits: ff (flaper87Moz@moz-fkgune.static.jazztel.es) (Quit: 1.2)
[06:51:36] *** Quits: casey (casey@moz-v0ns05.tpgi.com.au) (Ping timeout: 121 seconds)
[06:58:30] *** Quits: dlight (dlight@moz-1pmpc1.gvt.net.br) (Ping timeout: 121 seconds)
[07:04:25] *** Quits: waffles (wafflespean@moz-vtr.43b.136.123.IP) (Ping timeout: 121 seconds)
[07:06:23] *** Joins: waffles (wafflespean@moz-vtr.43b.136.123.IP)
[07:07:35] *** Joins: eljay (eljay@moz-fmte10.skybroadband.com)
[07:08:42] *** Joins: casey (casey@moz-v0ns05.tpgi.com.au)
[07:12:05] *** Joins: dlight (dlight@moz-i79.7n9.135.177.IP)
[07:12:09] *** Quits: AlisdairO (anonymous@moz-ntsaoe.cable.virginm.net) (Client exited)
[07:15:14] *** Joins: AlisdairO (anonymous@moz-ntsaoe.cable.virginm.net)
[07:24:46] *** Quits: AlisdairO (anonymous@moz-ntsaoe.cable.virginm.net) (Client exited)
[07:25:41] *** Quits: filsmick (filsmick@moz-0qapam.abo.wanadoo.fr) (Quit: )
[07:26:20] *** Joins: mgottschlag (quassel@moz-c3ivja.hsi14.kabel-badenwuerttemberg.de)
[07:31:06] *** Quits: casey (casey@moz-v0ns05.tpgi.com.au) (Connection closed)
[07:35:38] *** Quits: waffles (wafflespean@moz-vtr.43b.136.123.IP) (Connection closed)
[07:44:35] *** Joins: yjv (yjv@moz-ll38tk.pa.comcast.net)
[07:44:45] *** Quits: dcb (textual@moz-v6l3du.ca.comcast.net) (Quit: My Mac has gone to sleep. ZZZzzz…)
[07:47:31] *** Joins: casey (casey@moz-v0ns05.tpgi.com.au)
[07:51:33] *** Joins: dcb (textual@moz-v6l3du.ca.comcast.net)
[07:52:33] *** Joins: waffles (wafflespean@moz-vtr.43b.136.123.IP)
[07:58:36] <Manishearth> eddyb:  think there's any difference between intrinsics::unreachable() and `enum Foo {} match transmute::<Foo, u8>(1) {}` ?
[07:59:00] <eddyb> Manishearth: you're doing the transmute wrong
[07:59:14] <eddyb> it's zero-sized and the types are Source, Destination
[07:59:23] <Manishearth> eddyb: yeah whatever you know what I mean :)
[07:59:26] <Manishearth> Foo, ()
[07:59:29] <Manishearth> sorry,
[07:59:35] <Manishearth> <(), FOo>(())
[07:59:47] <eddyb> no difference that I know of
[07:59:54] <Manishearth> so both will optimize the same?
[08:00:04] <Manishearth> and hint to the optimizer that the branch will never happen?
[08:00:51] <eddyb> I think so, why?
[08:01:39] <Manishearth> eddyb: reem's got a debug_unreachable crate which does this to run on stable
[08:01:51] <Manishearth> was wondering if there was a tradeoff
[08:02:19] <eddyb> lol
[08:02:54] <eddyb> what is he doing that is diverging but the compiler doesn't know about it?
[08:04:29] <eddyb> intrinsics::unreachable() is pretty much an UB injection. the compiler is free to delete paths going into it and never generate assembly (so you could start executing something else. but LLVM is conservative here, sometimes, and emits a single-opcode abort)
[08:05:46] <Manishearth> eddyb: the empty match
[08:05:49] <Manishearth> it's clever
[08:05:53] <eddyb> no
[08:05:55] <Manishearth> he has a crate that lets you do things with voids
[08:06:13] <eddyb> what is happening before - oh nevermind
[08:06:18] <Manishearth> eddyb: yeah, so I was wondering if a match on a void type does the same UB injection
[08:06:22] <eddyb> I think I know what this is about
[08:06:31] <Manishearth> eddyb: it all started here
[08:06:32] <Manishearth> https://github.com/servo/futf/pull/3
[08:06:34] <eddyb> Manishearth: it's very dangerous, though
[08:06:52] <eddyb> what's with the name "debug_unreachable"?
[08:07:04] <eddyb> does it do soemthing else in debug mode?
[08:07:54] <Manishearth> eddyb: panic and stuff
[08:09:28] <eddyb> oh
[08:09:30] <eddyb> void_unwrap
[08:09:31] <eddyb> clever
[08:09:45] <eddyb> Manishearth: looks okay-ish
[08:10:19] *** Joins: munksgaard (munksgaard@moz-478pev.u.parknet.dk)
[08:11:14] *** Quits: dcb (textual@moz-v6l3du.ca.comcast.net) (Quit: My Mac has gone to sleep. ZZZzzz…)
[08:11:27] <Manishearth> yeah, it's quite clever
[08:14:38] *** Quits: Kingsquee (kingsley@moz-k72lip.bchsia.telus.net) (Connection closed)
[08:14:41] *** Joins: Kingsqueee (kingsley@moz-k72lip.bchsia.telus.net)
[08:19:59] *** Joins: sprang (sprang@moz-gpnug3.3dj0.bqct.0647.2601.IP)
[08:21:14] *** Quits: summerlight (summerlight@moz-lb3.6do.193.175.IP) (Ping timeout: 121 seconds)
[08:21:57] *** Quits: mgottschlag (quassel@moz-c3ivja.hsi14.kabel-badenwuerttemberg.de) (Ping timeout: 121 seconds)
[08:23:22] <eddyb> playbot: panic!() + 0
[08:23:23] -playbot- <anon>:9:9: 9:21 error: the trait `core::ops::Add<i32>` is not implemented for the type `()` [E0277]
[08:23:23] -playbot- <anon>:9         panic!() + 0
[08:23:23] -playbot- output truncated; full output at: http://bit.ly/1IbExx4
[08:24:10] <SimonSapin> How is the size of the drop flag (or rather, how much it adds to size_of) determined? It’s 8 on a struct with a single 8 bytes field, and 1 on a struct with 8, 4, 4, and 0 bytes fields
[08:26:19] <eddyb> SimonSapin: it depends on alignment
[08:27:13] <eddyb> AFAIK, it's an u8 that expands to fill whatever padding is required by the alignment
[08:27:50] <eddyb> so the struct with the drop flag shouldn't be larger than the struct without the drop flag, but with an extra u8 field
[08:27:54] <eddyb> at least atm
[08:28:24] <SimonSapin> so my second struct is 1-byte aligned? It has a Cell<NonZero<usize>> field
[08:28:47] *** Joins: dgrunwald (Daniel@moz-dkv885.hsi4.kabel-badenwuerttemberg.de)
[08:30:14] <eddyb> SimonSapin: what is the size before and after?
[08:30:23] <Manishearth> eddyb: er what
[08:30:28] <Manishearth> panic doesn't return ()
[08:30:34] <SimonSapin> eddyb: 16 and 17
[08:30:40] <Manishearth> playbot: let x: String = panic!()
[08:30:41] -playbot- <anon>:10:5: 10:6 error: expected one of `.`, `;`, or an operator, found `}`
[08:30:41] -playbot- <anon>:10     });
[08:30:41] -playbot- output truncated; full output at: http://bit.ly/1MBimxZ
[08:30:45] <eddyb> Manishearth: diverging inference variables default to ()
[08:30:45] <Manishearth> playbot: let x: String = panic!();
[08:30:46] -playbot- thread '<main>' panicked at 'explicit panic', <anon>:9
[08:30:46] -playbot- playpen: application terminated with error code 101
[08:30:49] <Manishearth> eddyb: ah
[08:31:03] <eddyb> when they're unconstrained
[08:31:13] <eddyb> https://github.com/rust-lang/rfcs/pull/1216#discussion_r34956199
[08:31:56] <Manishearth> ("!" is supposed to look like "â¥")
[08:31:58] <Manishearth> ohhh
[08:32:58] <eddyb> Manishearth: your IRC client is broken
[08:33:02] <eddyb> or browser
[08:37:07] *** Joins: nagisa (nagisa@moz-8t068g.static.zebra.lt)
[08:40:14] <nox> Does Gecko have caches for things like Document.documentElement?
[08:41:12] <nox> Channel mismatch.
[08:47:52] *** Joins: avikpal (avikpal@moz-jn6.fgm.194.117.IP)
[08:48:16] <SimonSapin> This is new: error: dependency `debug_unreachable` not found in rlib format
[08:48:43] <SimonSapin> When building a crate with crate-type = ["staticlib"]
[08:51:02] <eddyb> SimonSapin: is this something which only exposes a C API?
[08:51:20] <SimonSapin> the crate being compiled, yes
[08:51:25] <SimonSapin> not debug_unreachable
[08:52:23] <SimonSapin> I indeed only have a .so for libdebug_unreachable*, whereas all other (recursive) deps are .rlib
[08:53:43] <SimonSapin> debug_unreachable is being used with #[macro_use]
[08:56:36] *** Quits: waffles (wafflespean@moz-vtr.43b.136.123.IP) (Ping timeout: 121 seconds)
[08:57:43] <eddyb> SimonSapin: that's an issue
[08:58:03] <eddyb> it will try and link to it
[08:58:07] *** Joins: AlisdairO (anonymous@moz-ntsaoe.cable.virginm.net)
[08:58:25] <eddyb> even if there's nothing other than a macro in there
[08:58:42] <SimonSapin> debug_unreachable is being built with --crate-type dylib
[08:59:07] <SimonSapin> indeed, it only contains a macro and a reexport: https://github.com/reem/rust-debug-unreachable/blob/master/src/lib.rs
[09:00:52] <SimonSapin> and -C prefer dynamic
[09:01:04] *** Quits: AlisdairO (anonymous@moz-ntsaoe.cable.virginm.net) (Client exited)
[09:01:09] <SimonSapin> -C prefer-dynamic
[09:04:45] <SimonSapin> ha! it has `plugin = true`
[09:04:49] <SimonSapin> which it probably shouldn’t
[09:05:57] *** Joins: AlisdairO (anonymous@moz-ntsaoe.cable.virginm.net)
[09:07:11] *** Joins: avikpal_ (avikpal@moz-f7f.onn.194.117.IP)
[09:07:52] *** Quits: avikpal (avikpal@moz-jn6.fgm.194.117.IP) (Ping timeout: 121 seconds)
[09:09:28] *** Joins: mgottschlag (quassel@moz-c3ivja.hsi14.kabel-badenwuerttemberg.de)
[09:11:10] *** Joins: ccc (ccc@moz-k4ngj5.cable.virginm.net)
[09:11:27] *** npm is now known as GBGamer
[09:15:40] <SimonSapin> https://github.com/reem/rust-debug-unreachable/pull/2
[09:16:46] *** Quits: mgottschlag (quassel@moz-c3ivja.hsi14.kabel-badenwuerttemberg.de) (Connection closed)
[09:18:54] *** Joins: mgottschlag (quassel@moz-c3ivja.hsi14.kabel-badenwuerttemberg.de)
[09:25:34] *** Quits: mgottschlag (quassel@moz-c3ivja.hsi14.kabel-badenwuerttemberg.de) (Connection closed)
[09:27:36] *** Quits: elif (chatzilla@moz-ev8m1p.res.rr.com) (Quit: ChatZilla 0.9.90.1-rdmsoft [XULRunner 29.0/20140421221237])
[09:31:29] *** Joins: npm (npm@moz-9jn.0t6.56.172.IP)
[09:35:22] *** Quits: GBGamer (npm@moz-pi07bg.hfc.comcastbusiness.net) (Ping timeout: 121 seconds)
[09:35:25] *** Joins: gleb (gleb@moz-3u1drv.rusanovka-net.kiev.ua)
[09:36:54] *** Quits: yjv (yjv@moz-ll38tk.pa.comcast.net) (Connection closed)
[09:38:27] *** Quits: laumann (thomas@moz-n9e72h.0.fullrate.dk) (Ping timeout: 121 seconds)
[09:39:27] *** Joins: waffles (wafflespean@moz-cv1.co9.193.113.IP)
[09:43:04] *** Quits: dbittman (piranha@moz-3ab361.ca.comcast.net) (Ping timeout: 121 seconds)
[09:44:04] *** Joins: Guest53 (textual@moz-rvv.00r.255.109.IP)
[09:47:50] *** Quits: nham (nham@moz-lglsfe.il.comcast.net) (Ping timeout: 121 seconds)
[09:50:29] *** Joins: laumann (thomas@moz-n9e72h.0.fullrate.dk)
[09:55:36] *** Quits: johnsoft (johnsoft@moz-69mrig.res.rr.com) (Ping timeout: 121 seconds)
[09:55:45] *** Joins: johnsoft (johnsoft@moz-69mrig.res.rr.com)
[09:57:02] *** Quits: laumann (thomas@moz-n9e72h.0.fullrate.dk) (Ping timeout: 121 seconds)
[10:14:53] *** Quits: casey (casey@moz-v0ns05.tpgi.com.au) (Connection closed)
[10:21:55] *** Joins: newbie (eibwen@moz-j6vv6u.dip0.t-ipconnect.de)
[10:27:19] <AlisdairO> Manishearth: are you about?
[10:34:15] *** Quits: AlisdairO (anonymous@moz-ntsaoe.cable.virginm.net) (Client exited)
[10:41:21] *** Quits: waffles (wafflespean@moz-cv1.co9.193.113.IP) (Ping timeout: 121 seconds)
[10:45:17] <SimonSapin> Can I use quasi-quoting with syntex?
[10:47:57] *** Joins: waffles (wafflespean@moz-cv1.co9.193.113.IP)
[10:51:45] *** Joins: avikpal (avikpal@moz-hni.pde.251.117.IP)
[10:55:08] *** Quits: avikpal_ (avikpal@moz-f7f.onn.194.117.IP) (Ping timeout: 121 seconds)
[11:01:05] *** Quits: npm (npm@moz-9jn.0t6.56.172.IP) (Quit: AndroIRC - Android IRC Client ( http://www.androirc.com ))
[11:03:36] *** Joins: avikpal_ (avikpal@moz-f7f.onn.194.117.IP)
[11:05:02] *** Joins: arielby (Mibbit@moz-910da4.checkpoint.com)
[11:06:44] *** Quits: avikpal (avikpal@moz-hni.pde.251.117.IP) (Ping timeout: 121 seconds)
[11:13:26] *** Joins: avikpal (avikpal@moz-hni.pde.251.117.IP)
[11:13:42] *** Quits: avikpal_ (avikpal@moz-f7f.onn.194.117.IP) (Connection closed)
[11:14:04] *** Joins: avikpal_ (avikpal@moz-f7f.onn.194.117.IP)
[11:14:42] *** Quits: p1start (p1start@moz-nftjhe.org) (Ping timeout: 121 seconds)
[11:15:29] *** Joins: casey (casey@moz-v0ns05.tpgi.com.au)
[11:15:31] *** Quits: munksgaard (munksgaard@moz-478pev.u.parknet.dk) (Ping timeout: 121 seconds)
[11:17:36] *** Quits: avikpal (avikpal@moz-hni.pde.251.117.IP) (Ping timeout: 121 seconds)
[11:19:32] *** Quits: casey (casey@moz-v0ns05.tpgi.com.au) (Ping timeout: 121 seconds)
[11:22:20] <Manishearth> SimonSapin: aster
[11:25:45] <SimonSapin> not as straightforward as I’d hoped, but thanks Manishearth
[11:26:17] <Manishearth> SimonSapin: welcome to libsyntax
[11:26:23] <SimonSapin> Manishearth: I think porting the match_token! plugin to syntex is the last big piece missing to run html5ever on stable
[11:26:36] <Manishearth> ick
[11:26:38] <Manishearth> but why
[11:26:41] <SimonSapin> (to syntex or something)
[11:27:03] <Manishearth> SimonSapin: can we set it up so that nightly h5e uses libsyntax?
[11:27:18] <SimonSapin> maybe, why?
[11:28:06] <Manishearth> because we probably *want* to use libsyntax? :)
[11:28:14] <SimonSapin> why?
[11:28:48] <Manishearth> syntex is awesome, it's going to be hard tracing back the generated code. libsyntax gives a macro backtrace
[11:29:02] <SimonSapin> I see
[11:29:21] <Manishearth> among other things
[11:30:16] *** Joins: imperio (Mibbit@moz-8otf3a.fbx.proxad.net)
[11:30:32] <SimonSapin> Manishearth: Is that why aster has a "nightly" feature?
[11:31:38] <Manishearth> no i think syntex still needs to be rigged up somehow
[11:32:42] *** Joins: avikpal (avikpal@moz-13h.3e4.194.117.IP)
[11:33:01] *** Quits: avikpal_ (avikpal@moz-f7f.onn.194.117.IP) (Ping timeout: 121 seconds)
[11:33:23] *** Joins: dp (dp@moz-jbmop1.gb4f.8ao9.0e35.2a01.IP)
[11:35:52] *** Quits: dp_ (dp@moz-jbmop1.gb4f.8ao9.0e35.2a01.IP) (Ping timeout: 121 seconds)
[11:37:57] *** Joins: avikpal_ (avikpal@moz-ers.igl.194.117.IP)
[11:38:34] *** Quits: avikpal (avikpal@moz-13h.3e4.194.117.IP) (Ping timeout: 121 seconds)
[11:40:57] *** Quits: ccc (ccc@moz-k4ngj5.cable.virginm.net) (Ping timeout: 121 seconds)
[11:46:12] *** Quits: Guest53 (textual@moz-rvv.00r.255.109.IP) (Quit: My Mac has gone to sleep. ZZZzzz…)
[11:46:58] *** Joins: zmack (zmack@moz-va0ce0.fios.verizon.net)
[11:52:33] *** Quits: waffles (wafflespean@moz-cv1.co9.193.113.IP) (Ping timeout: 121 seconds)
[11:53:03] *** Joins: waffles (wafflespean@moz-cv1.co9.193.113.IP)
[11:53:36] <eddyb> erickt has a serde use guide
[11:53:50] <eddyb> it can use libsyntax on nightly
[11:56:36] <Manishearth> nice
[12:02:58] *** Joins: daimrod (daimrod@moz-16pjc3.org)
[12:03:07] *** Joins: Sho (sho@moz-770.gd6.28.5.IP)
[12:06:27] *** Joins: summerlight (summerlight@moz-lb3.6do.193.175.IP)
[12:21:19] *** Quits: waffles (wafflespean@moz-cv1.co9.193.113.IP) (Ping timeout: 121 seconds)
[12:21:25] *** Quits: zmack (zmack@moz-va0ce0.fios.verizon.net) (Connection closed)
[12:21:54] *** Joins: zmack (zmack@moz-va0ce0.fios.verizon.net)
[12:28:26] <SimonSapin> Manishearth: I’m tempted to expand match_token! with string manipulation in a build script
[12:29:10] <Manishearth> SimonSapin: that's what syntex does
[12:29:31] <SimonSapin> yeah, but without a full Rust AST
[12:29:58] <SimonSapin> stuff like `if chars.next() == '{' `
[12:30:39] <SimonSapin> and using format! instead of quote_*!
[12:30:56] <SimonSapin> all stringly-typed
[12:32:46] *** Joins: AlisdairO (anonymous@moz-ntsaoe.cable.virginm.net)
[12:34:20] <Manishearth> hm
[12:40:27] *** Joins: Rym (uid91135@moz-n2i7qm.charlton.irccloud.com)
[12:41:30] *** Joins: laumann (thomas@moz-n9e72h.0.fullrate.dk)
[12:46:57] *** Quits: Amaranth (travis@moz-1raqsl.cpe.cableone.net) (Connection closed)
[12:50:30] *** Joins: avikpal (avikpal@moz-r72.cen.194.117.IP)
[12:50:49] *** Quits: avikpal_ (avikpal@moz-ers.igl.194.117.IP) (Ping timeout: 121 seconds)
[12:51:15] *** Joins: semarie (semarie@moz-0hk106.bpv6.bg1u.41d0.2001.IP)
[12:52:22] *** Quits: gleb (gleb@moz-3u1drv.rusanovka-net.kiev.ua) (Ping timeout: 121 seconds)
[12:56:00] <semarie> does it was noted that the last change of LLVM version break several BSD systems (bitrig, freebsd, openbsd at least) ?
[12:56:23] <SimonSapin> semarie: Is there an issue filed?
[12:57:36] <semarie> I just understand the build problem for openbsd, so I don't checked in issue for now (I am doing it)
[12:58:30] *** Quits: avikpal (avikpal@moz-r72.cen.194.117.IP) (Connection closed)
[13:01:34] <semarie> It seems no issue for now. I will open one
[13:02:03] *** Joins: avikpal (avikpal@moz-u17.mpm.194.117.IP)
[13:03:17] *** Joins: avikpal_ (avikpal@moz-u17.mpm.194.117.IP)
[13:05:13] *** Quits: zmack (zmack@moz-va0ce0.fios.verizon.net) (Connection closed)
[13:06:13] *** Quits: avikpal (avikpal@moz-u17.mpm.194.117.IP) (Ping timeout: 121 seconds)
[13:06:56] *** Joins: zmack (zmack@moz-va0ce0.fios.verizon.net)
[13:07:39] *** Quits: avikpal_ (avikpal@moz-u17.mpm.194.117.IP) (Ping timeout: 121 seconds)
[13:08:26] *** Joins: avikpal (avikpal@moz-bri.ds3.194.117.IP)
[13:11:11] *** Joins: Amaranth (travis@moz-1raqsl.cpe.cableone.net)
[13:11:48] <semarie> issue opened: gh27124
[13:11:49] <[o__o]> Rust building is breaked for BSD system: https://github.com/rust-lang/rust/issues/27124
[13:12:52] *** Quits: avikpal (avikpal@moz-bri.ds3.194.117.IP) (Ping timeout: 121 seconds)
[13:13:17] <imperio> which remind me I still have an ICE
[13:13:22] <imperio> I should report it some day...
[13:14:22] <imperio> semarie: and it's "is broken" normally, no ?
[13:15:12] <semarie> ahah yes, it should be :)
[13:15:35] <imperio> english leveled up (+1 !)
[13:15:38] <semarie> imperio: thanks
[13:15:43] <imperio> no problem ^^
[13:17:12] <imperio> how play.rust-lang nightly version is updated (and when ?)
[13:18:53] *** Joins: harrisonclarke (harrisoncla@moz-uur7pt.eastlink.ca)
[13:21:34] *** Joins: avikpal (avikpal@moz-ftp.fgm.194.117.IP)
[13:25:36] *** Joins: avikpal_ (avikpal@moz-kg4.uhm.194.117.IP)
[13:26:51] *** Quits: avikpal (avikpal@moz-ftp.fgm.194.117.IP) (Ping timeout: 121 seconds)
[13:27:05] *** Quits: arielby (Mibbit@moz-910da4.checkpoint.com) (Quit: http://www.mibbit.com ajax IRC Client)
[13:29:39] *** Quits: avikpal_ (avikpal@moz-kg4.uhm.194.117.IP) (Ping timeout: 121 seconds)
[13:37:07] *** Joins: avikpal (avikpal@moz-meo.6ir.227.117.IP)
[13:39:27] *** Joins: avikpal_ (avikpal@moz-kg4.uhm.194.117.IP)
[13:42:21] *** Quits: avikpal (avikpal@moz-meo.6ir.227.117.IP) (Ping timeout: 121 seconds)
[13:45:17] *** Joins: mgottschlag (quassel@moz-c3ivja.hsi14.kabel-badenwuerttemberg.de)
[13:50:29] *** Quits: avikpal_ (avikpal@moz-kg4.uhm.194.117.IP) (Ping timeout: 121 seconds)
[13:51:24] *** Joins: cristicbz (cristicbz@moz-ih27cv.in-addr.btopenworld.com)
[13:51:44] *** newbie is now known as eibwen
[13:53:54] *** Quits: Feyn (aram@moz-0sv.5ro.115.42.IP) (Quit: Leaving)
[13:56:37] *** Joins: rovar_ (rovar@moz-96effg.dyn.optonline.net)
[13:56:55] *** Quits: rovar (rovar@moz-6iq.47m.88.38.IP) (NickServ (RECOVER command used by rovar_))
[13:56:55] *** rovar_ is now known as rovar
[13:57:08] *** Joins: rovar_ (rovar@moz-6iq.47m.88.38.IP)
[13:57:19] *** Quits: zmack (zmack@moz-va0ce0.fios.verizon.net) (Connection closed)
[13:57:45] *** Joins: zmack (zmack@moz-va0ce0.fios.verizon.net)
[13:59:51] <nagisa> imperio: acrichto knows
[14:00:04] <nagisa> (what acrichto doesn’t know I wonder)
[14:01:00] <nagisa> imperio: as far as I understood it should be the latest nightly, always, but I have encountered cases where it isn’t running what’s reported
[14:01:35] *** Quits: joneshf-laptop (joneshf@moz-l4h.b5s.208.98.IP) (Connection closed)
[14:03:21] *** Joins: joneshf-laptop (joneshf@moz-l4h.b5s.208.98.IP)
[14:06:22] <imperio> nagisa: it's not
[14:06:25] <imperio> absolutely not
[14:09:30] <cristicbz> Is there any reason why if T: Copy doesn't imply [T]: Copy ?
[14:10:41] <cristicbz> I guess Copy: Sized, but it's a bit of shame
[14:12:50] <cristicbz> In the `Pod` interpretation of `Copy`, [T] is POD if T is POD. But in the 'implicitly copied' interpretation I guess [T] being unsized is an issue
[14:13:49] <nagisa> imperio: you mean it is not the latest nightly? or that it is not supposed to be latest nightly?
[14:17:23] <steveklabnik> we haven't had nighlties in a few days, have we?
[14:17:46] *** Joins: waffles (wafflespean@moz-cv1.co9.193.113.IP)
[14:20:03] *** Quits: imperio (Mibbit@moz-8otf3a.fbx.proxad.net) (Quit: http://www.mibbit.com ajax IRC Client)
[14:23:03] <semarie> the date on nightly files in https://static.rust-lang.org/dist/ is 2015-07-17
[14:23:41] *** Joins: jimtla (textual@moz-vhptq3.sub-70-199-72.myvzw.com)
[14:24:52] <AlisdairO> Manishearth: just FYI I think the diagnostics spreadsheet has a couple of issues: 225 and 223 are marked as merged in, but there’s nothing there in the code
[14:25:09] *** Joins: filsmick (filsmick@moz-0qapam.abo.wanadoo.fr)
[14:27:49] *** Joins: avikpal (avikpal@moz-4mu.o7g.194.117.IP)
[14:29:38] *** Quits: joneshf-laptop (joneshf@moz-l4h.b5s.208.98.IP) (Connection closed)
[14:29:57] *** Quits: AlisdairO (anonymous@moz-ntsaoe.cable.virginm.net) (Client exited)
[14:38:49] *** Joins: imperio (Mibbit@moz-8otf3a.fbx.proxad.net)
[14:38:58] <imperio> nagisa: it is not the latest nightly
[14:40:08] *** Quits: bvinc (brain@moz-ake53i.rcsntx.sbcglobal.net) (Ping timeout: 121 seconds)
[14:40:26] *** Joins: bvinc (brain@moz-ake53i.rcsntx.sbcglobal.net)
[14:41:44] <imperio> nagisa: which is weird, why not updating the nightly version every time one builds successfully ?
[14:44:17] *** Joins: AlisdairO (anonymous@moz-ntsaoe.cable.virginm.net)
[14:45:04] *** Quits: AlisdairO (anonymous@moz-ntsaoe.cable.virginm.net) (Client exited)
[14:50:57] *** Joins: yjv (yjv@moz-ll38tk.pa.comcast.net)
[14:53:11] *** Quits: harrisonclarke (harrisoncla@moz-uur7pt.eastlink.ca) (Connection closed)
[14:55:07] *** Joins: James__ (quassel@moz-vcnd98.range86-148.btcentralplus.com)
[14:55:10] *** Quits: yjv (yjv@moz-ll38tk.pa.comcast.net) (Connection closed)
[14:57:03] *** Quits: zmack (zmack@moz-va0ce0.fios.verizon.net) (Connection closed)
[14:57:26] *** Joins: avikpal_ (avikpal@moz-fiu.6lo.194.117.IP)
[14:57:48] *** Quits: avikpal (avikpal@moz-4mu.o7g.194.117.IP) (Ping timeout: 121 seconds)
[15:02:36] *** Joins: arthurprs (Mibbit@moz-566.i8s.156.179.IP)
[15:02:57] <arthurprs> Atomic* doesn't implement Debug, is this expected?
[15:03:11] *** Quits: avikpal_ (avikpal@moz-fiu.6lo.194.117.IP) (Ping timeout: 121 seconds)
[15:09:24] <eddyb> arthurprs: what ordering should the load have for debugging?
[15:10:39] <arthurprs> eddyb: probably relaxed as the default
[15:11:07] *** Joins: avikpal (avikpal@moz-kqp.mpm.194.117.IP)
[15:11:09] <arthurprs> we print "Locked" for the blocking stuff, I don't see why the atomic debug can't be 
[15:11:13] <arthurprs> lossy
[15:11:24] <eddyb> I'm not sure there is a good reason for them not being implemented
[15:11:49] <arthurprs> it kills me every time I have to write a Debug impl :(
[15:12:53] <eddyb> fix it and make a PR and you won't have to suffer anymore :D
[15:13:29] <arthurprs> eddyb: ya, will do. Just wanted to check if there's a reason or anything
[15:19:54] *** Quits: filsmick (filsmick@moz-0qapam.abo.wanadoo.fr) (Quit: )
[15:26:23] *** Quits: waffles (wafflespean@moz-cv1.co9.193.113.IP) (Ping timeout: 121 seconds)
[15:29:09] *** Joins: waffles (wafflespean@moz-cv1.co9.193.113.IP)
[15:30:02] *** Quits: avikpal (avikpal@moz-kqp.mpm.194.117.IP) (Ping timeout: 121 seconds)
[15:32:36] *** Joins: ytain (ytain@moz-u0rb5h.dsl.teksavvy.com)
[15:35:02] *** Joins: nham (nham@moz-lglsfe.il.comcast.net)
[15:35:29] *** Joins: fjh (fjh@moz-mof4p1.62vh.lq23.04f8.2a01.IP)
[15:37:34] *** Joins: Peach (Fancy3D@moz-500.6lb.246.96.IP)
[15:39:37] *** Joins: galen (galen@moz-caprup.dsl-w.verizon.net)
[15:40:43] *** Joins: kxlzz (kxlzz@moz-a3bguo.vc.shawcable.net)
[15:45:56] *** Joins: avikpal (avikpal@moz-nrr.44h.238.117.IP)
[15:52:46] <fjh> Hi, I have a (probably stupid) question:
[15:53:37] <fjh> I've played a bit with the implementation of derive, mostly to fix https://github.com/rust-lang/rust/issues/25022 . My changes make https://github.com/rust-lang/rust/blob/master/src/test/compile-fail/derive-assoc-type-not-impl.rs fail, i.e. with my changes this program builds. I understand why this currently doesn't build, but I don't understand why we don't want it to.
[15:53:41] *** Joins: harrisonclarke (harrisoncla@moz-uur7pt.eastlink.ca)
[15:53:44] *** Joins: avikpal_ (avikpal@moz-h4c.ti7.194.117.IP)
[15:54:20] *** Joins: arielb1 (Ariel@moz-b95g78.red.bezeqint.net)
[15:56:48] *** Quits: avikpal (avikpal@moz-nrr.44h.238.117.IP) (Ping timeout: 121 seconds)
[15:57:46] *** Quits: harrisonclarke (harrisoncla@moz-uur7pt.eastlink.ca) (Ping timeout: 121 seconds)
[15:58:42] *** Quits: avikpal_ (avikpal@moz-h4c.ti7.194.117.IP) (Ping timeout: 121 seconds)
[16:00:30] *** Quits: waffles (wafflespean@moz-cv1.co9.193.113.IP) (Ping timeout: 121 seconds)
[16:01:51] *** Joins: gleb (gleb@moz-3u1drv.rusanovka-net.kiev.ua)
[16:03:13] *** Quits: jimtla (textual@moz-vhptq3.sub-70-199-72.myvzw.com) (Connection closed)
[16:03:31] *** Joins: waffles (wafflespean@moz-cv1.co9.193.113.IP)
[16:13:05] *** Joins: joneshf-laptop (joneshf@moz-l4h.b5s.208.98.IP)
[16:16:17] <eddyb> fjh: I think that test should compile, I have no idea either why it's in compile-fail atm
[16:21:17] <fjh> eddyb: Thank you! I wanted to be sure I wasn't missing something obvious before making a pr.
[16:29:27] <arthurprs> eddyb: https://github.com/rust-lang/rust/pull/27129
[16:30:29] *** Joins: avikpal (avikpal@moz-ecs.meh.194.117.IP)
[16:30:49] *** Quits: aldeka (quassel@moz-qqf.of6.243.162.IP) (Connection closed)
[16:30:51] *** Joins: aldeka (quassel@moz-qqf.of6.243.162.IP)
[16:31:44] *** Quits: waffles (wafflespean@moz-cv1.co9.193.113.IP) (Quit: C'yall later...)
[16:32:11] *** Joins: waffles (wafflespean@moz-cv1.co9.193.113.IP)
[16:33:00] *** Quits: summerlight (summerlight@moz-lb3.6do.193.175.IP) (Ping timeout: 121 seconds)
[16:33:31] <eddyb> arthurprs: thanks! you'll have to wait for a review from someone who knows that code better, though
[16:36:02] *** Joins: avikpal_ (avikpal@moz-v22.nmc.194.117.IP)
[16:36:26] *** Quits: avikpal (avikpal@moz-ecs.meh.194.117.IP) (Ping timeout: 121 seconds)
[16:42:02] *** Joins: harrisonclarke (harrisoncla@moz-uur7pt.eastlink.ca)
[16:46:00] *** Quits: avikpal_ (avikpal@moz-v22.nmc.194.117.IP) (Ping timeout: 121 seconds)
[16:54:50] *** Joins: isaacd (quassel@moz-3o2.tb2.56.172.IP)
[16:55:16] *** Quits: isaacd (quassel@moz-3o2.tb2.56.172.IP) (A TLS packet with unexpected length was received.)
[16:56:55] *** Quits: cristicbz (cristicbz@moz-ih27cv.in-addr.btopenworld.com) (A TLS packet with unexpected length was received.)
[17:02:28] *** Joins: yjv (yjv@moz-ll38tk.pa.comcast.net)
[17:05:07] *** Joins: dcb (textual@moz-v6l3du.ca.comcast.net)
[17:06:16] *** Quits: laumann (thomas@moz-n9e72h.0.fullrate.dk) (Ping timeout: 121 seconds)
[17:07:27] *** Quits: Quxxy (chatzilla@moz-efh10q.internode.on.net) (Ping timeout: 121 seconds)
[17:08:15] *** Joins: Diggsey (diggsey@moz-ftoajf.dsl.pipex.com)
[17:14:49] *** Joins: listochkin (listochkin@moz-u28j0j.interview.volia.net)
[17:20:34] *** Quits: galen (galen@moz-caprup.dsl-w.verizon.net) (Ping timeout: 121 seconds)
[17:28:54] *** Joins: GBGamer (npm@moz-i1s.m67.56.172.IP)
[17:31:18] *** Joins: filsmick (filsmick@moz-0qapam.abo.wanadoo.fr)
[17:32:49] *** Quits: yjv (yjv@moz-ll38tk.pa.comcast.net) (Connection closed)
[17:35:38] *** Quits: waffles (wafflespean@moz-cv1.co9.193.113.IP) (Quit: C'yall later...)
[17:39:23] *** Joins: npm (npm@moz-92sbjt.wa.comcast.net)
[17:39:35] <Elaine> I'm building rust on a iMac G4 from 2003.
[17:39:55] <Elaine> (on debian)
[17:43:09] *** Quits: GBGamer (npm@moz-i1s.m67.56.172.IP) (Ping timeout: 121 seconds)
[17:43:55] *** npm is now known as GBGamer
[17:57:01] *** Joins: laumann (thomas@moz-n9e72h.0.fullrate.dk)
[17:58:52] *** Joins: dbittman (piranha@moz-3ab361.ca.comcast.net)
[18:01:06] *** Joins: avikpal (avikpal@moz-316.igl.194.117.IP)
[18:06:07] *** Quits: barosl (barosl@moz-tmp.qma.67.220.IP) (Quit: Leaving)
[18:09:47] *** Joins: avikpal_ (avikpal@moz-mep.6lo.194.117.IP)
[18:10:09] *** Quits: avikpal (avikpal@moz-316.igl.194.117.IP) (Ping timeout: 121 seconds)
[18:12:42] *** Quits: hugod (user@moz-jka.jmo.24.70.IP) (Ping timeout: 121 seconds)
[18:15:05] *** Joins: Guest53 (textual@moz-rvv.00r.255.109.IP)
[18:16:04] *** Joins: waffles (wafflespean@moz-cv1.co9.193.113.IP)
[18:17:00] *** Joins: munksgaard (munksgaard@moz-urnkl5.u.parknet.dk)
[18:20:16] *** Joins: avikpal (avikpal@moz-0qm.9fs.194.117.IP)
[18:20:46] *** Quits: avikpal_ (avikpal@moz-mep.6lo.194.117.IP) (Ping timeout: 121 seconds)
[18:21:34] *** Quits: dbittman (piranha@moz-3ab361.ca.comcast.net) (Connection closed)
[18:25:15] *** Quits: avikpal (avikpal@moz-0qm.9fs.194.117.IP) (Ping timeout: 121 seconds)
[18:30:03] *** Quits: waffles (wafflespean@moz-cv1.co9.193.113.IP) (Ping timeout: 121 seconds)
[18:30:22] *** Joins: avikpal (avikpal@moz-u7p.36b.194.117.IP)
[18:33:18] *** Joins: barosl (barosl@moz-tmp.qma.67.220.IP)
[18:34:36] *** Quits: avikpal (avikpal@moz-u7p.36b.194.117.IP) (Ping timeout: 121 seconds)
[18:37:06] *** Joins: avikpal (avikpal@moz-s6n.89l.98.59.IP)
[18:40:31] *** Quits: avikpal (avikpal@moz-s6n.89l.98.59.IP) (Connection closed)
[18:40:48] *** Quits: dcb (textual@moz-v6l3du.ca.comcast.net) (Quit: My Mac has gone to sleep. ZZZzzz…)
[18:41:11] *** Joins: avikpal (avikpal@moz-s6n.89l.98.59.IP)
[18:41:16] *** Quits: nham (nham@moz-lglsfe.il.comcast.net) (Ping timeout: 121 seconds)
[18:45:17] *** Quits: avikpal (avikpal@moz-s6n.89l.98.59.IP) (Ping timeout: 121 seconds)
[18:46:21] *** Joins: Ferreus (ferreus@moz-jadhne.bm0o.e3nf.2028.2a02.IP)
[18:48:18] *** Joins: nham (nham@moz-lglsfe.il.comcast.net)
[18:48:20] *** Joins: bdero (bran@moz-fc57gf.ma.comcast.net)
[18:52:58] <nagisa> arielb1: I have no r+-rights :)
[18:53:07] <nagisa> so you’ll have to r+ yourself :)
[18:53:17] <arielb1> nagisa: it's fine?
[18:53:27] <nagisa> there’s some nits
[18:53:30] <nagisa> but that’s it
[18:54:19] <arielb1> nagisa: I wanted someone who knows resolve
[18:55:13] *** Joins: jensnockert (jensnockert@moz-pvj.o2f.219.84.IP)
[18:55:21] <nagisa> yeah, no problem
[18:56:29] *** Joins: hugod (user@moz-jka.jmo.24.70.IP)
[19:00:44] *** Quits: jensnockert (jensnockert@moz-pvj.o2f.219.84.IP) (Connection closed)
[19:03:57] *** Joins: quaddle (Mibbit@moz-hu6.nja.252.72.IP)
[19:05:03] *** Quits: mukilan (mukilan@moz-p2u.ljc.164.122.IP) (A TLS packet with unexpected length was received.)
[19:06:06] *** Quits: eljay (eljay@moz-fmte10.skybroadband.com) (Quit: Leaving)
[19:07:01] *** Quits: listochkin (listochkin@moz-u28j0j.interview.volia.net) (Quit: My Mac has gone to sleep. ZZZzzz…)
[19:09:45] *** Quits: Guest53 (textual@moz-rvv.00r.255.109.IP) (Quit: My Mac has gone to sleep. ZZZzzz…)
[19:12:15] *** Quits: dustinm` (dustinm@moz-es6jb7.ip-167-114-152.net) (Ping timeout: 121 seconds)
[19:13:39] *** Joins: listochkin (listochkin@moz-u28j0j.interview.volia.net)
[19:22:53] *** Quits: Rym (uid91135@moz-n2i7qm.charlton.irccloud.com) (Quit: Connection closed for inactivity)
[19:25:34] *** Quits: arthurprs (Mibbit@moz-566.i8s.156.179.IP) (Quit: http://www.mibbit.com ajax IRC Client)
[19:29:46] *** Joins: summerlight (summerlight@moz-lb3.6do.193.175.IP)
[19:36:15] *** Joins: apasel422 (Mibbit@moz-6ga37r.ma.comcast.net)
[19:41:44] *** Quits: dgrunwald (Daniel@moz-dkv885.hsi4.kabel-badenwuerttemberg.de) (Connection closed)
[19:52:32] *** Joins: X67r (user@moz-q7qqfk.mullvad.net)
[19:52:52] *** Quits: bdero (bran@moz-fc57gf.ma.comcast.net) (Ping timeout: 121 seconds)
[19:53:30] *** Joins: kxlzz` (kxlzz@moz-a3bguo.vc.shawcable.net)
[19:54:12] *** Joins: dustinm` (dustinm@moz-1c1j82.fu2o.sj0n.5300.2607.IP)
[19:56:45] *** Quits: kxlzz (kxlzz@moz-a3bguo.vc.shawcable.net) (Ping timeout: 121 seconds)
[20:01:29] *** Joins: AlisdairO (anonymous@moz-ntsaoe.cable.virginm.net)
[20:01:55] *** Quits: AlisdairO (anonymous@moz-ntsaoe.cable.virginm.net) (Client exited)
[20:03:10] *** Quits: semarie (semarie@moz-0hk106.bpv6.bg1u.41d0.2001.IP) (Ping timeout: 121 seconds)
[20:08:47] *** Quits: nham (nham@moz-lglsfe.il.comcast.net) (Ping timeout: 121 seconds)
[20:09:03] *** Joins: AlisdairO (anonymous@moz-ntsaoe.cable.virginm.net)
[20:13:20] *** Quits: AlisdairO (anonymous@moz-ntsaoe.cable.virginm.net) (Client exited)
[20:14:29] *** Joins: p1start (p1start@moz-nftjhe.org)
[20:16:00] *** Joins: eddyb_ (eddyb@moz-iut.q07.26.188.IP)
[20:16:46] *** Quits: dlight (dlight@moz-i79.7n9.135.177.IP) (A TLS packet with unexpected length was received.)
[20:17:31] *** Quits: eddyb (eddyb@moz-042.8f9.121.86.IP) (Ping timeout: 121 seconds)
[20:17:33] *** Joins: bdero (bran@moz-fc57gf.ma.comcast.net)
[20:19:44] *** Joins: genbattle (genbattle@moz-4v0.gkd.16.182.IP)
[20:20:37] *** Quits: p1start (p1start@moz-nftjhe.org) (Ping timeout: 121 seconds)
[20:21:00] *** Joins: AlisdairO (anonymous@moz-ntsaoe.cable.virginm.net)
[20:22:51] *** Quits: summerlight (summerlight@moz-lb3.6do.193.175.IP) (Ping timeout: 121 seconds)
[20:24:02] *** Quits: AlisdairO (anonymous@moz-ntsaoe.cable.virginm.net) (Client exited)
[20:27:54] *** Quits: laumann (thomas@moz-n9e72h.0.fullrate.dk) (Ping timeout: 121 seconds)
[20:34:04] *** Joins: madmalik (uid13697@moz-lfin5p.brockwell.irccloud.com)
[20:35:20] <Elaine> Hm, is include!() textual or AST splicing...
[20:35:25] <Elaine> iirc it's AST splicing
[20:35:32] <Elaine> like any other macro
[20:44:46] *** Joins: untitaker_ (untitaker@moz-ppjgld.highway.telekom.at)
[20:47:33] *** Quits: untitaker (untitaker@moz-0ea47j.highway.telekom.at) (Ping timeout: 121 seconds)
[20:49:12] *** Joins: AlisdairO (anonymous@moz-ntsaoe.cable.virginm.net)
[20:52:40] *** Joins: dcb (textual@moz-v6l3du.ca.comcast.net)
[20:52:52] *** Joins: Rym (uid91135@moz-n2i7qm.charlton.irccloud.com)
[20:56:20] <SimonSapin> Elaine: yes, and that causes this issue : https://github.com/rust-lang/rfcs/issues/752
[21:01:44] *** Joins: jensnockert (jensnockert@moz-pvj.o2f.219.84.IP)
[21:04:23] *** Quits: dcb (textual@moz-v6l3du.ca.comcast.net) (Ping timeout: 121 seconds)
[21:05:46] *** Quits: jensnockert (jensnockert@moz-pvj.o2f.219.84.IP) (Ping timeout: 121 seconds)
[21:06:52] *** Quits: GBGamer (npm@moz-92sbjt.wa.comcast.net) (Quit: AndroIRC - Android IRC Client ( http://www.androirc.com ))
[21:08:17] *** Quits: harrisonclarke (harrisoncla@moz-uur7pt.eastlink.ca) (Connection closed)
[21:16:18] *** Joins: galen (galen@moz-caprup.dsl-w.verizon.net)
[21:16:42] *** Quits: quaddle (Mibbit@moz-hu6.nja.252.72.IP) (Quit: http://www.mibbit.com ajax IRC Client)
[21:23:10] *** Quits: filsmick (filsmick@moz-0qapam.abo.wanadoo.fr) (Quit: )
[21:26:08] *** Quits: AlisdairO (anonymous@moz-ntsaoe.cable.virginm.net) (Client exited)
[21:28:50] *** Joins: nham (nham@moz-lglsfe.il.comcast.net)
[21:31:31] *** Quits: ytain (ytain@moz-u0rb5h.dsl.teksavvy.com) (Quit: Textual IRC Client: www.textualapp.com)
[21:34:01] *** Quits: arielb1 (Ariel@moz-b95g78.red.bezeqint.net) (Quit: Ex-Chat)
[21:35:50] *** Quits: eibwen (eibwen@moz-j6vv6u.dip0.t-ipconnect.de) (Ping timeout: 121 seconds)
[21:38:34] *** Joins: dcb (textual@moz-v6l3du.ca.comcast.net)
[21:40:21] *** Joins: harrisonclarke (harrisoncla@moz-uur7pt.eastlink.ca)
[21:40:30] *** Quits: dcb (textual@moz-v6l3du.ca.comcast.net) (Connection closed)
[21:40:43] *** Joins: dcb (textual@moz-v6l3du.ca.comcast.net)
[21:41:20] *** Joins: harrison_ (harrisoncla@moz-uur7pt.eastlink.ca)
[21:41:20] *** Quits: harrisonclarke (harrisoncla@moz-uur7pt.eastlink.ca) (Connection closed)
[21:44:20] *** Joins: jensnockert (jensnockert@moz-pvj.o2f.219.84.IP)
[21:47:27] *** Joins: dcb_ (textual@moz-v6l3du.ca.comcast.net)
[21:47:37] *** Quits: munksgaard (munksgaard@moz-urnkl5.u.parknet.dk) (Ping timeout: 121 seconds)
[21:48:24] *** Joins: AlisdairO (anonymous@moz-ntsaoe.cable.virginm.net)
[21:48:39] *** Quits: AlisdairO (anonymous@moz-ntsaoe.cable.virginm.net) (Client exited)
[21:49:30] *** Quits: dcb (textual@moz-v6l3du.ca.comcast.net) (Ping timeout: 121 seconds)
[21:52:54] *** Quits: tamird (textual@moz-lat.dkr.14.50.IP) (Quit: My Mac has gone to sleep. ZZZzzz…)
[21:59:46] *** Joins: AlisdairO (anonymous@moz-ntsaoe.cable.virginm.net)
[22:07:46] <Gankro> What's the right way to get print statements to show up in libstd tests?
[22:07:57] <Gankro> Or even just messages on asserts
[22:10:18] <Gankro> oh hrm
[22:10:33] <Gankro> My problem appears to be that the system is refusing to rebuild libcollectionstest
[22:11:36] <nagisa> ahh, I do remember some environment variable or flag…
[22:11:58] <nagisa> now that you asked I want to be reminded as well.
[22:12:51] <nagisa> Gankro: --nocapture flag for the test binray
[22:12:54] <nagisa> binary*
[22:13:03] <Gankro> nagisa: thanks!
[22:13:13] <Gankro> Although now I've descended into corrupted builds
[22:13:36] *** Quits: AlisdairO (anonymous@moz-ntsaoe.cable.virginm.net) (Client exited)
[22:13:45] *** Joins: blueridanus (Mibbit@moz-k63.43p.20.201.IP)
[22:17:00] *** Quits: imperio (Mibbit@moz-8otf3a.fbx.proxad.net) (Quit: http://www.mibbit.com ajax IRC Client)
[22:19:01] *** Quits: jensnockert (jensnockert@moz-pvj.o2f.219.84.IP) (Connection closed)
[22:28:07] *** Quits: James__ (quassel@moz-vcnd98.range86-148.btcentralplus.com) (Ping timeout: 121 seconds)
[22:29:38] *** Joins: summerlight (summerlight@moz-lb3.6do.193.175.IP)
[22:33:55] *** Joins: tamird (textual@moz-lat.dkr.14.50.IP)
[22:40:19] *** Quits: mgottschlag (quassel@moz-c3ivja.hsi14.kabel-badenwuerttemberg.de) (Ping timeout: 121 seconds)
[22:45:41] *** Quits: summerlight (summerlight@moz-lb3.6do.193.175.IP) (Ping timeout: 121 seconds)
[23:01:15] *** Quits: dcb_ (textual@moz-v6l3du.ca.comcast.net) (Ping timeout: 121 seconds)
[23:04:43] *** Quits: gleb (gleb@moz-3u1drv.rusanovka-net.kiev.ua) (Ping timeout: 121 seconds)
[23:13:40] *** Quits: listochkin (listochkin@moz-u28j0j.interview.volia.net) (Quit: My Mac has gone to sleep. ZZZzzz…)
[23:21:32] *** Joins: njn (chatzilla@moz-270n86.iinet.net.au)
[23:26:15] *** Quits: madmalik (uid13697@moz-lfin5p.brockwell.irccloud.com) (Quit: Connection closed for inactivity)
[23:26:16] *** Quits: Ferreus (ferreus@moz-jadhne.bm0o.e3nf.2028.2a02.IP) (Connection closed)
[23:28:50] *** Quits: X67r (user@moz-q7qqfk.mullvad.net) (Quit: leaving)
[23:32:02] *** Quits: nham (nham@moz-lglsfe.il.comcast.net) (Ping timeout: 121 seconds)
[23:34:41] *** Quits: apasel422 (Mibbit@moz-6ga37r.ma.comcast.net) (Quit: http://www.mibbit.com ajax IRC Client)
[23:42:04] *** Quits: rovar_ (rovar@moz-6iq.47m.88.38.IP) (Ping timeout: 121 seconds)
