[16:06:58] *** Joins: cmr (cmr@moz-35s2fm.members.linode.com)
[16:07:15] *** Quits: raze (raze@moz-uaf3to.members.linode.com) (Connection closed)
[16:07:53] *** Quits: coxg (sazzer@moz-1hq.kh5.32.217.IP) (Ping timeout: 121 seconds)
[16:11:16] <cmr> well I wish I hadn't forgotten about that linode reboot...
[16:15:57] *** Joins: francais (Mibbit@moz-oe3.mdj.110.109.IP)
[16:16:43] *** Quits: francais (Mibbit@moz-oe3.mdj.110.109.IP) (Quit: http://www.mibbit.com ajax IRC Client)
[16:18:58] *** Quits: StarBrilliant (StarBrillia@moz-ejm.lsk.57.36.IP) (Ping timeout: 121 seconds)
[16:20:29] *** Quits: Dabo (dabo@znc.dabo.guru) (Ping timeout: 121 seconds)
[16:22:46] *** Joins: Dabo (dabo@znc.dabo.guru)
[16:23:38] *** Quits: Guest74 (textual@moz-il1.n6s.204.65.IP) (Quit: My Mac has gone to sleep. ZZZzzz…)
[16:24:13] *** Joins: coxg (sazzer@moz-1hq.kh5.32.217.IP)
[16:25:41] *** Joins: dmac (dmac@moz-2ig65r.ca.comcast.net)
[16:29:47] *** Quits: dmac (dmac@moz-2ig65r.ca.comcast.net) (Ping timeout: 121 seconds)
[16:32:49] *** Joins: Astrum|Lap (Astrum|Lap@moz-7enfbr.co.comcast.net)
[16:33:01] *** Joins: SerialVelocity (SerialVeloc@moz-attia0.cable.virginm.net)
[16:36:57] *** Quits: mystor (mystor@moz-ldavpp.home3.cgocable.net) (Connection closed)
[16:37:29] *** Joins: mystor (mystor@moz-ldavpp.home3.cgocable.net)
[16:37:58] *** Joins: Guest74 (textual@moz-il1.n6s.204.65.IP)
[16:39:02] *** Quits: Astrum|Lap (Astrum|Lap@moz-7enfbr.co.comcast.net) (Ping timeout: 121 seconds)
[16:41:31] *** Quits: mystor (mystor@moz-ldavpp.home3.cgocable.net) (Ping timeout: 121 seconds)
[16:42:54] *** Joins: stjahns (stjahns@moz-9oh245.ed.shawcable.net)
[16:45:14] *** Quits: skitoo (Thunderbird@moz-urd0va.fbx.proxad.net) (Ping timeout: 121 seconds)
[16:46:04] *** Quits: summerlight (summerlight@moz-99k.2mj.130.121.IP) (Ping timeout: 121 seconds)
[16:46:58] *** Joins: StarBrilliant (StarBrillia@moz-itr.7jj.57.36.IP)
[16:51:06] *** Joins: erickt (erickt@moz-4hh.6p3.217.74.IP)
[16:53:01] *** Joins: Astrum|Lap (Astrum|Lap@moz-7enfbr.co.comcast.net)
[16:53:06] *** Quits: StarBrilliant (StarBrillia@moz-itr.7jj.57.36.IP) (Quit: Leaving)
[16:53:51] *** Joins: Slide (slide@moz-qip.011.149.49.IP)
[17:01:00] *** Quits: nical (nical@moz-v6ebv8.2500.1rfi.0450.2001.IP) (Client exited)
[17:03:02] *** Quits: Guest74 (textual@moz-il1.n6s.204.65.IP) (Quit: My Mac has gone to sleep. ZZZzzz…)
[17:04:40] *** Joins: brson (brson@moz-cfhap5.mtv2.mozilla.com)
[17:05:42] *** Joins: raze (raze@moz-uaf3to.members.linode.com)
[17:10:35] *** Joins: pcwalton (pcwalton@moz-6kjabm.ca.comcast.net)
[17:18:29] *** Joins: bluss (bluss@moz-ec5o68.cust.bredbandsbolaget.se)
[17:19:10] *** Joins: eerie (eerie@moz-v3eps5.red.bezeqint.net)
[17:21:07] *** Joins: AngelOfSol (AngelOfSol@moz-dj58kc.rh.rit.edu)
[17:22:02] *** Quits: erickt (erickt@moz-4hh.6p3.217.74.IP) (Ping timeout: 121 seconds)
[17:22:25] *** Quits: Slide (slide@moz-qip.011.149.49.IP) (Ping timeout: 121 seconds)
[17:22:37] *** Joins: Slide (slide@moz-qip.011.149.49.IP)
[17:23:38] *** Joins: erickt (erickt@moz-4hh.6p3.217.74.IP)
[17:25:52] *** Quits: loveless (loveless@moz-kpp.7s9.241.192.IP) (A TLS packet with unexpected length was received.)
[17:26:19] *** Joins: loveless (loveless@moz-ot5.t7p.56.172.IP)
[17:26:28] *** Joins: dmac (dmac@moz-2ig65r.ca.comcast.net)
[17:26:57] *** Joins: Guest74 (textual@moz-il1.n6s.204.65.IP)
[17:27:44] *** Quits: avikpal (avikpal@moz-rle.nmc.194.117.IP) (Connection closed)
[17:30:29] *** Quits: loveless (loveless@moz-ot5.t7p.56.172.IP) (Ping timeout: 121 seconds)
[17:30:33] *** Quits: dmac (dmac@moz-2ig65r.ca.comcast.net) (Ping timeout: 121 seconds)
[17:32:02] *** Quits: Amaranth (travis@moz-1raqsl.cpe.cableone.net) (Connection closed)
[17:32:16] *** Quits: kniteli (kniteli@moz-i91.7u7.156.104.IP) (Quit: Leaving)
[17:32:18] *** Joins: avikpal (avikpal@moz-rle.nmc.194.117.IP)
[17:32:22] *** Joins: kniteli (kniteli@moz-i91.7u7.156.104.IP)
[17:32:28] *** Quits: Lilly (Lilly@moz-ca683g.bredband.comhem.se) (Quit: bajs)
[17:33:23] *** Quits: squiddy (squiddy@moz-md4.pm3.19.178.IP) (Quit: Leaving)
[17:35:52] *** Quits: erickt (erickt@moz-4hh.6p3.217.74.IP) (Ping timeout: 121 seconds)
[17:42:11] *** Quits: coxg (sazzer@moz-1hq.kh5.32.217.IP) (Ping timeout: 121 seconds)
[17:43:28] *** Joins: erickt (erickt@moz-4hh.6p3.217.74.IP)
[17:43:29] *** Quits: gonzaloserrano (Adium@moz-1nv.3t7.97.62.IP) (Quit: Leaving.)
[17:43:56] *** Quits: eerie (eerie@moz-v3eps5.red.bezeqint.net) (Connection closed)
[17:44:02] *** Joins: eerie (eerie@moz-v3eps5.red.bezeqint.net)
[17:44:48] *** Joins: Amaranth (travis@moz-1raqsl.cpe.cableone.net)
[17:45:32] *** Quits: Rym (y@moz-bim.h8b.39.217.IP) (Ping timeout: 121 seconds)
[17:49:21] *** Joins: eerie_ (eerie@moz-v3eps5.red.bezeqint.net)
[17:49:55] *** Joins: loveless (loveless@moz-kpp.7s9.241.192.IP)
[17:50:17] *** Quits: avikpal (avikpal@moz-rle.nmc.194.117.IP) (Ping timeout: 121 seconds)
[17:52:06] *** Quits: eerie (eerie@moz-v3eps5.red.bezeqint.net) (Ping timeout: 121 seconds)
[17:54:01] *** Quits: LinuxBunny (Retep998@moz-gv8vtu.east.verizon.net) (Ping timeout: 121 seconds)
[17:56:18] *** Quits: eerie_ (eerie@moz-v3eps5.red.bezeqint.net) (Connection closed)
[17:57:03] *** Quits: pcwalton (pcwalton@moz-6kjabm.ca.comcast.net) (Client exited)
[17:58:16] *** Quits: stjahns (stjahns@moz-9oh245.ed.shawcable.net) (Connection closed)
[17:58:30] *** Joins: mkcp (mkcp@moz-5ln.0t9.55.68.IP)
[17:58:38] *** Joins: stjahns (stjahns@moz-9oh245.ed.shawcable.net)
[17:59:04] *** Joins: bfops (uid58242@moz-e5u6m0.charlton.irccloud.com)
[17:59:04] *** Quits: stjahns (stjahns@moz-9oh245.ed.shawcable.net) (Connection closed)
[17:59:25] *** Joins: stjahns (stjahns@moz-9oh245.ed.shawcable.net)
[18:00:43] *** Joins: pcwalton (pcwalton@moz-6kjabm.ca.comcast.net)
[18:05:36] *** Joins: hhhhhhhhhh (mike@moz-969kuj.cable.virginm.net)
[18:06:51] *** Quits: stjahns (stjahns@moz-9oh245.ed.shawcable.net) (Connection closed)
[18:07:18] *** Joins: stjahns (stjahns@moz-9oh245.ed.shawcable.net)
[18:07:55] *** Quits: stjahns (stjahns@moz-9oh245.ed.shawcable.net) (Connection closed)
[18:08:01] *** Joins: stjahns (stjahns@moz-9oh245.ed.shawcable.net)
[18:13:46] *** Joins: Rym (y@moz-bim.h8b.39.217.IP)
[18:14:17] *** Quits: SerialVelocity (SerialVeloc@moz-attia0.cable.virginm.net) (Quit: My Mac has gone to sleep. ZZZzzz…)
[18:14:20] *** Quits: pcwalton (pcwalton@moz-6kjabm.ca.comcast.net) (Client exited)
[18:18:12] *** Quits: Rym (y@moz-bim.h8b.39.217.IP) (Ping timeout: 121 seconds)
[18:26:13] *** Quits: erickt (erickt@moz-4hh.6p3.217.74.IP) (Ping timeout: 121 seconds)
[18:27:13] *** Quits: stjahns (stjahns@moz-9oh245.ed.shawcable.net) (Connection closed)
[18:27:34] *** Joins: stjahns (stjahns@moz-9oh245.ed.shawcable.net)
[18:27:49] *** Joins: sargas (sargas@moz-863roc.hfc.comcastbusiness.net)
[18:29:28] *** Joins: erickt (erickt@moz-4hh.6p3.217.74.IP)
[18:30:09] *** Quits: erickt (erickt@moz-4hh.6p3.217.74.IP) (Connection closed)
[18:31:35] *** Joins: mystor (mystor@moz-vpa.r78.15.130.IP)
[18:31:36] *** Quits: stjahns (stjahns@moz-9oh245.ed.shawcable.net) (Ping timeout: 121 seconds)
[18:34:27] *** Joins: erickt (erickt@moz-4hh.6p3.217.74.IP)
[18:36:54] *** Joins: pcwalton (pcwalton@moz-6kjabm.ca.comcast.net)
[18:39:53] *** Quits: pcwalton (pcwalton@moz-6kjabm.ca.comcast.net) (Client exited)
[18:42:59] *** Quits: kniteli (kniteli@moz-i91.7u7.156.104.IP) (Ping timeout: 121 seconds)
[18:47:54] *** Joins: Gamecubic__ (cubic@moz-oihnfh.mc.videotron.ca)
[18:50:49] *** Quits: Gamecubic (cubic@moz-oihnfh.mc.videotron.ca) (Ping timeout: 121 seconds)
[18:52:19] *** Joins: pcwalton (pcwalton@moz-u92.384.6.71.IP)
[18:53:43] *** Joins: lenstr (lenstr@moz-kpn.vju.25.171.IP)
[18:56:52] *** Quits: lenstr (lenstr@moz-kpn.vju.25.171.IP) (A TLS packet with unexpected length was received.)
[18:57:18] *** Joins: dmac (dmac@moz-h4nvlf.ca.comcast.net)
[18:57:38] *** Joins: kniteli (kniteli@moz-51rmqe.or.comcast.net)
[18:59:56] *** Joins: SerialVelocity (SerialVeloc@moz-8ff38f.threembb.co.uk)
[19:04:17] *** Quits: WindowsBunny (Peter@moz-gv8vtu.east.verizon.net) (Connection closed)
[19:04:22] *** Joins: WindowsBunny (Peter@moz-gv8vtu.east.verizon.net)
[19:06:28] *** Quits: mystor (mystor@moz-vpa.r78.15.130.IP) (Connection closed)
[19:07:53] *** Joins: Rym (y@moz-bim.h8b.39.217.IP)
[19:11:52] *** Quits: loveless (loveless@moz-kpp.7s9.241.192.IP) (Quit: Leaving...)
[19:12:23] *** Quits: Rym (y@moz-bim.h8b.39.217.IP) (Ping timeout: 121 seconds)
[19:12:48] *** Quits: SerialVelocity (SerialVeloc@moz-8ff38f.threembb.co.uk) (Ping timeout: 121 seconds)
[19:14:41] *** Joins: Rym (y@moz-bim.h8b.39.217.IP)
[19:16:32] *** Joins: O01eg (o01eg@moz-ma9ee4.l582.4n8f.2698.2a02.IP)
[19:17:56] *** Quits: pcwalton (pcwalton@moz-u92.384.6.71.IP) (Client exited)
[19:18:13] <tiffany> ugh.. the audio in this talk is so bad
[19:19:11] *** Quits: Rym (y@moz-bim.h8b.39.217.IP) (Ping timeout: 121 seconds)
[19:21:00] <cmr> I stopped caring about the vulkan talk as soon as I learned the spec isn't coming out yet still :P
[19:21:05] *** Joins: UberLambda (uber@moz-g2e3je.clienti.tiscali.it)
[19:21:51] <tiffany> I have to focus intensely in order to understand 50% of the words
[19:21:57] <tiffany> the other 50% are a lost cause
[19:22:07] <palodequeso> at least the slides are there.
[19:22:24] <tiffany> and then an air conditioner turns on partway into the talk
[19:22:26] <tiffany> yeah no, I give up
[19:23:19] <palodequeso> heh, I mean, there's enough information to get excited for now :)
[19:26:37] *** Joins: coxg (sazzer@moz-1hq.kh5.32.217.IP)
[19:28:53] *** Joins: Rym (y@moz-bim.h8b.39.217.IP)
[19:29:59] *** Joins: sundjango (sundjango@moz-jpq.6dh.29.85.IP)
[19:30:45] *** Quits: coxg (sazzer@moz-1hq.kh5.32.217.IP) (Ping timeout: 121 seconds)
[19:33:50] *** Joins: pcwalton (pcwalton@moz-6kjabm.ca.comcast.net)
[19:39:20] *** Joins: SerialVelocity (SerialVeloc@moz-ohkc1i.threembb.co.uk)
[19:43:07] *** Quits: Defaultti (Defaultti@moz-bmdn13.kapsi.fi) (Quit: Quitting.)
[19:48:17] *** Joins: Defaultti (Defaultti@moz-bmdn13.kapsi.fi)
[19:51:32] *** Quits: SerialVelocity (SerialVeloc@moz-ohkc1i.threembb.co.uk) (Ping timeout: 121 seconds)
[19:52:17] *** Joins: Sekhat (user@moz-nrqr1o.range86-141.btcentralplus.com)
[19:54:52] *** Joins: Vase_ (Vase@moz-gc3.p78.35.72.IP)
[19:54:52] *** Quits: Vase (Vase@moz-gc3.p78.35.72.IP) (Connection closed)
[19:57:17] *** Quits: Sekhat (user@moz-nrqr1o.range86-141.btcentralplus.com) (Connection closed)
[19:57:37] <tomaka> I'm experimenting with non-immediate-mode UI: https://github.com/tomaka/ui-rs
[19:57:57] <tomaka> here's how you create a widget: https://github.com/tomaka/ui-rs/blob/master/examples/widget.rs#L9-52
[19:59:23] *** Joins: corallok (corallok@moz-k1scau.res.rr.com)
[20:02:39] <palodequeso> interesting
[20:03:52] <tomaka> the library itself has no dependency except nalgebra
[20:04:12] <tomaka> to draw the UI you're supposed to retreive a list of things to draw then draw yourself: https://github.com/tomaka/ui-rs/blob/master/src/ui.rs#L55-57
[20:04:22] <XMPPwocky> tomaka: is glium ICEing for you?
[20:04:30] <tomaka> XMPPwocky: glutin yeah
[20:04:47] <tomaka> it doesn't ICE though, since I've stopped tracking the nightlies
[20:04:50] <XMPPwocky> i'm gettig it on gliu
[20:05:09] <XMPPwocky> i don't track, per se, i just  updated because i needed rust-image
[20:05:16] <palodequeso> tomaka: I like the idea of drawing it myself.
[20:05:24] <XMPPwocky> "i should be fine updating rustc, most of the io has settled down"
[20:05:27] <XMPPwocky> nope, ICE in libsyntax
[20:08:55] *** Quits: fmtq (fmtq@moz-d08itp.tpgi.com.au) (Ping timeout: 121 seconds)
[20:09:33] *** Joins: fmtq (fmtq@moz-d08itp.tpgi.com.au)
[20:21:33] *** Joins: mystor (mystor@moz-vpa.r78.15.130.IP)
[20:21:58] *** Quits: mystor (mystor@moz-vpa.r78.15.130.IP) (Connection closed)
[20:24:43] *** Quits: sargas (sargas@moz-863roc.hfc.comcastbusiness.net) (Quit: Leaving)
[20:31:04] *** Quits: {0}grant ({0}grant@moz-63ubas.in.charter.com) (Ping timeout: 121 seconds)
[20:32:25] *** Quits: mkcp (mkcp@moz-5ln.0t9.55.68.IP) (Quit: )
[20:38:13] *** Quits: corallok (corallok@moz-k1scau.res.rr.com) (Quit: Leaving)
[20:39:33] *** Joins: mkcp (mkcp@moz-5ln.0t9.55.68.IP)
[20:42:56] *** Quits: sundjango (sundjango@moz-jpq.6dh.29.85.IP) (Connection closed)
[20:44:14] *** Joins: lenstr (lenstr@moz-kpn.vju.25.171.IP)
[20:46:24] *** Joins: mystor (mystor@moz-ldavpp.home3.cgocable.net)
[20:47:10] *** Quits: Astrum|Lap (Astrum|Lap@moz-7enfbr.co.comcast.net) (Client exited)
[20:48:15] *** Quits: lenstr (lenstr@moz-kpn.vju.25.171.IP) (Ping timeout: 121 seconds)
[20:51:19] *** Quits: Guest74 (textual@moz-il1.n6s.204.65.IP) (Quit: My Mac has gone to sleep. ZZZzzz…)
[20:51:44] *** Quits: wipeD (wipeD@moz-moiiu8.dip0.t-ipconnect.de) (Quit: G'bye)
[20:51:53] *** Joins: wipeD (wipeD@moz-moiiu8.dip0.t-ipconnect.de)
[20:54:06] *** Joins: Lilly (Lilly@moz-ca683g.bredband.comhem.se)
[20:58:52] *** Quits: erickt (erickt@moz-4hh.6p3.217.74.IP) (Ping timeout: 121 seconds)
[21:01:21] *** Joins: Zoom (Zoom@moz-nu5tph.broadband.corbina.ru)
[21:01:28] *** Joins: Guest74 (textual@moz-il1.n6s.204.65.IP)
[21:01:56] *** Quits: FrozenCow (FrozenCow@moz-i2tvv4.chello.nl) (Connection closed)
[21:02:11] *** Joins: sala (Mibbit@moz-1ifruq.dhcp.embarqhsd.net)
[21:02:34] *** Joins: Astrum|Lap (Astrum|Lap@moz-7enfbr.co.comcast.net)
[21:02:37] *** Quits: sala (Mibbit@moz-1ifruq.dhcp.embarqhsd.net) (Quit: http://www.mibbit.com ajax IRC Client)
[21:06:15] *** Joins: erickt (erickt@moz-4hh.6p3.217.74.IP)
[21:08:18] *** Quits: zeqfreed_ (textual@moz-nhg.b3v.48.46.IP) (Quit: )
[21:09:08] *** Quits: vadimcn (uid46608@moz-o7asbu.uxbridge.irccloud.com) (Quit: Connection closed for inactivity)
[21:15:32] *** Joins: coxg (sazzer@moz-1hq.kh5.32.217.IP)
[21:19:40] *** Quits: coxg (sazzer@moz-1hq.kh5.32.217.IP) (Ping timeout: 121 seconds)
[21:19:51] *** Quits: pcwalton (pcwalton@moz-6kjabm.ca.comcast.net) (Client exited)
[21:20:18] <kvark> tomaka: any screenshots of the ui rendered with glium?
[21:22:19] <tomaka> kvark: http://imgur.com/uJExDHq
[21:22:57] <tomaka> so each "MyWidget" is a square, a text and a square
[21:23:04] <tomaka> there are three "MyWidget" one under the other
[21:23:17] <tomaka> they are glued as there is no margin system yet
[21:23:30] <kvark> thanks!
[21:23:33] <tomaka> clicking on the left square decreases the number, clicking on the right square increases it
[21:23:51] <tomaka> the right button automatically moves according to the size of the text
[21:24:07] <kvark> the text needs a bit more work, it seems
[21:24:15] <tomaka> yeah, that's my glium_text crate, it's shitty
[21:24:40] <tomaka> the glium rendering is just here to see if things work
[21:24:53] <kvark> right
[21:25:47] *** Quits: evanfarrar (evanfarrar@moz-l67mu1.cst.lightpath.net) (Connection closed)
[21:25:53] <tomaka> I also need a system to determine the width of a text with a font
[21:26:03] <tomaka> I mean, I need an API so that the user can provide this information
[21:26:46] <tomaka> fonts and images are just handled like this: https://github.com/tomaka/ui-rs/blob/master/src/shape.rs#L61-84
[21:26:59] <kvark> I wonder if the text rendering from gfx_debug_draw can be moved out into a separate lib
[21:27:46] <kvark> tomaka: yeah, it looks pretty basic. Are you using it for the game?
[21:28:09] <tomaka> my game uses a similar design
[21:28:18] <tomaka> I'm more or less extracting what I've been doing for my game in this crate
[21:28:20] <tomaka> but more properly
[21:28:33] <tomaka> it's not really usable yet
[21:28:51] <tomaka> I mean, it works, but many things are not implemented
[21:29:09] <kvark> such practice makes sense, yeah. I'm also moving established stuff out of my projects
[21:36:17] *** Joins: indefini (chris@moz-qefu0l.ocn.ne.jp)
[21:36:22] *** Joins: evanfarrar (evanfarrar@moz-l67mu1.cst.lightpath.net)
[21:38:09] *** Quits: SneakySnake (nya@moz-i9is4u.pool.telekom.hu) (Quit: Leaving)
[21:40:12] *** Joins: SneakySnake (nya@moz-i9is4u.pool.telekom.hu)
[21:43:56] *** Quits: Zoom (Zoom@moz-nu5tph.broadband.corbina.ru) (Ping timeout: 121 seconds)
[21:45:50] *** Quits: UberLambda (uber@moz-g2e3je.clienti.tiscali.it) (Quit: Leaving the Matrix)
[21:49:54] *** Quits: SneakySnake (nya@moz-i9is4u.pool.telekom.hu) (Quit: Leaving)
[21:51:08] *** Joins: SneakySnake (nya@moz-i9is4u.pool.telekom.hu)
[21:52:01] *** Joins: DroidLogician (Austin@moz-9lhp5e.ca.charter.com)
[21:54:04] *** Quits: evanfarrar (evanfarrar@moz-l67mu1.cst.lightpath.net) (Connection closed)
[21:54:13] *** Joins: DoomBoom (DoomBoom@moz-a5b.m4r.89.86.IP)
[21:56:54] *** Joins: evanfarrar (evanfarrar@moz-l67mu1.cst.lightpath.net)
[21:57:52] *** Quits: palodequeso (quassel@moz-ebjt83.hfc.comcastbusiness.net) (Ping timeout: 121 seconds)
[21:59:06] *** Joins: OmniMancer (OmniMancer@moz-u34pe0.xtra.co.nz)
[22:01:58] *** Joins: hhhhhhhh1 (mike@moz-969kuj.cable.virginm.net)
[22:05:25] <DroidLogician> so what is the premier ECS in Rust right now? Googling it yields a lot of apparently abandoned repos
[22:05:38] *** Joins: SerialVelocity (SerialVeloc@moz-f9h2fh.rdg.ac.uk)
[22:06:14] <kvark> https://github.com/HeroesGrave/ecs-rs may be abandoned, but only for 3 weeks
[22:06:35] <kvark> https://github.com/palodequeso/decs is one of the newer ones
[22:09:01] <kvark> https://github.com/search?l=Rust&q=ecs+language%3ARust+extension%3A.rs&ref=advsearch&type=Repositories&utf8=%E2%9C%93
[22:09:27] <kvark> my search got just 7, and the list doesn't include my own thing
[22:09:37] *** Joins: Zoom (Zoom@moz-nu5tph.broadband.corbina.ru)
[22:09:41] *** Quits: SerialVelocity (SerialVeloc@moz-f9h2fh.rdg.ac.uk) (Ping timeout: 121 seconds)
[22:10:26] <kvark> https://github.com/TomBebbington/ecs.rs this seems to also be decent, though about the same 3 weeks old
[22:10:48] *** Parts: Zoom (Zoom@moz-nu5tph.broadband.corbina.ru) ("Leaving")
[22:11:04] *** Quits: jaen (jaen@moz-ifmik2.copit.pl) (Quit: WeeChat 1.1.1)
[22:13:55] <cmr> kvark: https://github.com/retep998/winapi-rs/pull/59
[22:14:01] <cmr> itshappening.gif
[22:15:07] <cmr> I don't plan on binding the rest of directx
[22:15:19] <cmr> does anyone need/want non-d3d directx things?
[22:17:26] *** Quits: evanfarrar (evanfarrar@moz-l67mu1.cst.lightpath.net) (Connection closed)
[22:18:42] *** Joins: pcwalton (pcwalton@moz-l8ebtf.sfo1.mozilla.com)
[22:21:32] <cmr> also, is anyone going to SIGGRAPH?
[22:22:11] <kvark> wuuut
[22:22:18] <DroidLogician> I would really, really love to, but even if it was in San Fran I couldn't afford to go
[22:22:29] <kvark> cmr: is DX10 also planned?
[22:22:53] <cmr> kvark: I'm going to skip DX10 and just do DX11
[22:23:11] <kvark> right
[22:23:20] *** Joins: p1start (p1start@moz-nftjhe.org)
[22:23:30] <kvark> are you going to try doing gfx_device_dx9 as well?
[22:23:34] <cmr> according to the market share data I've seen, DX10 is this awkward in-between that isn't really only supported :)
[22:24:06] <OmniMancer> cmr: just skip to DX12 :P
[22:24:40] <cmr> OmniMancer: I would if it were released!
[22:24:50] <kvark> my card is DX10.1
[22:25:04] <kvark> which doesn't matter, of course, because... linux
[22:25:16] *** Quits: Guest74 (textual@moz-il1.n6s.204.65.IP) (Quit: My Mac has gone to sleep. ZZZzzz…)
[22:26:54] *** Quits: Rym (y@moz-bim.h8b.39.217.IP) (Ping timeout: 121 seconds)
[22:27:52] <cmr> kvark: no dx11 at all?
[22:28:11] <cmr> I thought that the capability model it uses (used?) meant that newer api versions could be supported on older hardware in some cases.
[22:28:56] <kvark> basically, DX10.1 is my HW's feature level. It may still work with a DX11 context though
[22:29:09] <cmr> right
[22:30:43] *** Joins: evanfarrar (evanfarrar@moz-l67mu1.cst.lightpath.net)
[22:30:48] <cmr> I can't really decide on which design is the best for supporting multiple generations of GPU technology
[22:31:11] <cmr> at the DX9/GL 2.1 level, you have a really really basic featureset compared to GL3.3/GL4+
[22:31:30] <cmr> it seems underhanded to have a single interface expose *all* of the newest functionality and just panic on older cards
[22:31:49] <cmr> since you're basically going to have to write two entirely different renderers if you don't assume the least common denominator
[22:31:56] *** Joins: Rym (y@moz-bim.h8b.39.217.IP)
[22:32:00] <cmr> well, not entirely different
[22:32:35] <cmr> DroidLogician: yeah, it's *really* expensive if you're not a student acm member, and still expensive if you are.
[22:32:38] <kvark> we might be at the point where DX9 just really needs to go
[22:32:53] <DroidLogician> I have a DX11.1 card if I can be of any help
[22:33:05] <DroidLogician> DX9 is still the most compatible, almost like OGL2
[22:33:20] <cmr> kvark: the problem is mobile GPUs, especially intel
[22:33:42] <kvark> Intel supports DX11 starting with IvyBridge, doesn't it?
[22:33:51] <cmr> I mean older gpus
[22:33:53] *** Joins: FrozenCow_ (FrozenCow@moz-i2tvv4.chello.nl)
[22:33:53] *** Joins: FrozenCow (FrozenCow@moz-i2tvv4.chello.nl)
[22:33:59] <cmr> if you only look at the past few years, well, yes, the picture looks very good
[22:34:11] *** Quits: FrozenCow (FrozenCow@moz-i2tvv4.chello.nl) (Quit: Leaving)
[22:34:30] <kvark> right
[22:34:48] <cmr> DroidLogician: I have a decent sampling of GPUs available to me to test, thanks for the offer though!
[22:36:05] *** Quits: Vase_ (Vase@moz-gc3.p78.35.72.IP) (Connection closed)
[22:36:25] <cmr> assuming vendors get drivers out in a timely fashion, I expect vulkan to completely displace GL4 for new applications
[22:36:43] <DroidLogician> I'm hoping it does
[22:36:58] <DroidLogician> it's just a question of how quickly the major game engines integrate it
[22:37:22] <DroidLogician> source 2 is probably going to be built around it, but CryEngine, Unreal, Unity, probably will lag behind a bit
[22:37:27] <cmr> they said it will be supported on GL ES 3.1+ hardware
[22:39:37] <cmr> I see 3 levels of API level that need to be supported: DX9/GL2.1, DX10/GL3.3 (geom shaders), DX12/Vulkan (compute + indirect draw + lots of shader stuff)
[22:40:13] <OmniMancer> with tesselation just left out entirely :P
[22:41:12] <cmr> yeah, well...
[22:41:56] <OmniMancer> tesselation shaders are pretty weird
[22:41:57] <cmr> I honestly don't see the point of hardware tesselation
[22:42:37] <OmniMancer> it's probably faster than doing it on the CPU
[22:42:41] <cmr> why do it at all?
[22:43:15] <cmr> I guess if you're close enough to see the vague outline of the mesh it can help
[22:43:22] <cmr> to make the siloutte look nicer
[22:45:31] <OmniMancer> I imagine that you could do terrain pretty well with that?
[22:46:12] <kvark> cmr: if you don't understand why anyone needs it, it doesn't make it less needed
[22:46:30] <kvark> cmr: thus, if you are creating the abstraction for more than yourself, tessellation is a must
[22:46:32] <cmr> kvark: sure, but I'd like to understand why it's needed :D
[22:46:51] <kvark> you answered it mostly
[22:47:01] <kvark> V uses it on trees, for example
[22:47:09] <cmr> ok
[22:47:21] <kvark> you get closer than 5 meters, you see way more detail than we'd be able to bake in the mesh
[22:47:37] <cmr> I guess that's the only scenario when geometry granularity matters, since the shaders can make up for looking straight-at something.
[22:47:40] <cmr> ?
[22:48:11] <kvark> I don't think so. Real geometry also helps with shadows
[22:48:18] <cmr> ah, yes
[22:48:24] <kvark> even if you are straight looking at, say, the pavement
[22:48:42] * kvark remembers Unigine demo
[22:48:56] <OmniMancer> when will we get enough memory bandwidth and shader cores to just use a path tracer :P
[22:49:41] *** Joins: Gabriel_7 (Gabriel@moz-r7rk0b.mtgr.92aj.0e35.2a01.IP)
[22:49:52] <kvark> OmniMancer: my impression is that the GPUs in general are not very good at this sort of thing, so it can't be solved by just memory bandwidth and raw power
[22:50:03] <kvark> that's why Larabee was created in the first place
[22:50:34] <OmniMancer> kvark: well you can't bake path tracing down to a calculation per pixel
[22:50:53] <OmniMancer> and the actual tracing needs to traverse an interesting structure
[22:51:25] <cmr> kvark: I'll make a gfx_device_d3d9 / gfx_device_d3d11 if ugpu doesn't work out
[22:51:30] <cmr> I still haven't started code for t hat
[22:51:41] <cmr> I can't come up with a good resource management scheme, still
[22:51:51] <cmr> both gfx and glium are deficient here I think
[22:52:03] <OmniMancer> actually I think you can do it per pixel but I'm not sure if the result is still unbiased
[22:52:04] <cmr> Metal is ok-ish but hard to reason about.
[22:52:24] <cmr> maybe it's just not possible to solve safely and efficiently and at a level where it's still useful :P
[22:53:23] <kvark> cmr: we've developed the plan, the implementation for resources is gonna be rolled in soon. Why do you consider glium's resource management deficient?
[22:53:49] <kvark> cmr: also, of course, ugpu is first priority. We'll watch you carefully ;)
[22:54:52] *** Joins: Guest74 (textual@moz-il1.n6s.204.65.IP)
[22:55:25] *** Quits: Guest74 (textual@moz-il1.n6s.204.65.IP) (Quit: My Mac has gone to sleep. ZZZzzz…)
[22:57:26] <cmr> well, glium is fine
[22:57:32] <cmr> thinking about it more
[22:57:49] <kvark> did you see our plan?
[22:57:58] <cmr> I saw the emails go by but haven't read it in detail yet
[22:58:07] *** Quits: SneakySnake (nya@moz-i9is4u.pool.telekom.hu) (Connection closed)
[22:58:18] <kvark> https://github.com/gfx-rs/gfx-rs/issues/288#issue-41214577
[22:59:37] <cmr> that's close
[22:59:58] <cmr> to me the ideal is to have some Vecs of things that need to be destroyed when a frame is done
[23:00:00] <cmr> and do them all at once
[23:00:34] <kvark> yeah, that's one of the alternatives, which csherratt suggested
[23:01:16] <kvark> this requires unsafe destructor and some shared mutable state by the resources
[23:01:39] <cmr> I haven't come up with a way to avoid resources having a reference to the device if they want to delete themselves.
[23:02:08] <kvark> resources shouldn't delete themselves
[23:02:23] <cmr> still no raii?
[23:02:52] <kvark> it is RAII, but the resources are still destroyed by whatever created them. It just happens implicitly.
[23:02:59] <cmr> ah
[23:03:17] *** Quits: simendsjo (simendsjo@moz-1v8p9h.members.linode.com) (Quit: WeeChat 1.0.1)
[23:04:01] <kvark> what I mean is - you don't need to reference the device. You can reference a vector of deleted resources instead, which the device/factory can use at the end of the frame
[23:04:10] <cmr> right
[23:04:24] *** Joins: coxg (sazzer@moz-1hq.kh5.32.217.IP)
[23:04:37] *** Quits: h3r3tic (heretic@moz-orulhb.se) (Ping timeout: 121 seconds)
[23:04:43] <kvark> anyhow, I'd like to get my approach first (without destructors at all)
[23:05:03] <kvark> we may change it afterwards, this is not gonna break any API
[23:06:17] <kvark> if you want DX9 support, you'd need to somehow re-create all the textures when the device gets reset
[23:07:12] <kvark> not entirely sure how it should be handled by gfx yet, but having the Factory knowing all the textures it created seems to be useful there
[23:07:57] <kvark> also, these lists can be used for debugging - you could list every resource in a debug GUI somewhere with an ability to pick any and see the contents
[23:08:31] *** Quits: coxg (sazzer@moz-1hq.kh5.32.217.IP) (Ping timeout: 121 seconds)
[23:10:11] *** Quits: xificurC (xificurC@moz-3u7gmd.chello.sk) (Ping timeout: 121 seconds)
[23:11:09] *** Quits: wipeD (wipeD@moz-moiiu8.dip0.t-ipconnect.de) (Connection closed)
[23:11:41] *** Quits: OmniMancer (OmniMancer@moz-u34pe0.xtra.co.nz) (Quit: Leaving.)
[23:16:02] *** Quits: hhhhhhhhhh (mike@moz-969kuj.cable.virginm.net) (Quit: WeeChat 1.1.1)
[23:16:34] *** Quits: brson (brson@moz-cfhap5.mtv2.mozilla.com) (Ping timeout: 121 seconds)
[23:17:44] *** Joins: reem (reem@moz-2icmmi.ca.comcast.net)
[23:20:36] *** Joins: orangeshark (erik@moz-b37i43.miamfl.sbcglobal.net)
[23:23:32] *** Quits: reem (reem@moz-2icmmi.ca.comcast.net) (Connection closed)
[23:31:03] *** Quits: Astrum|Lap (Astrum|Lap@moz-7enfbr.co.comcast.net) (Client exited)
[23:31:15] *** Quits: p1start (p1start@moz-nftjhe.org) (Ping timeout: 121 seconds)
[23:32:18] *** Joins: p1start (p1start@moz-nftjhe.org)
[23:33:30] *** Quits: evanfarrar (evanfarrar@moz-l67mu1.cst.lightpath.net) (Connection closed)
[23:36:51] *** Joins: jxv (jxv___@moz-qneod7.pk6i.d98i.030a.2602.IP)
[23:38:21] *** Joins: evanfarrar (evanfarrar@moz-l67mu1.cst.lightpath.net)
[23:39:02] *** Joins: Zr40 (zr40@moz-92llkv.adsl.xs4all.nl)
[23:40:03] *** Quits: evanfarrar (evanfarrar@moz-l67mu1.cst.lightpath.net) (Connection closed)
[23:43:13] *** Quits: DoomBoom (DoomBoom@moz-a5b.m4r.89.86.IP) (Quit: Leaving)
[23:44:17] *** Quits: kmcguire (kmcguire@moz-pg1gb9.biz.rr.com) (Connection closed)
[23:44:33] *** Joins: kmcguire (kmcguire@moz-pg1gb9.biz.rr.com)
[23:45:31] *** Joins: reem (reem@moz-2icmmi.ca.comcast.net)
[23:50:05] *** Joins: HeroesGrave (HeroesGrave@moz-ei3o5r.vf.net.nz)
[23:58:10] *** Joins: OmniMancer1 (omnimancer@moz-tongc1.orcon.net.nz)
[23:59:05] *** Quits: reem (reem@moz-2icmmi.ca.comcast.net) (Connection closed)
