[00:17:32] *** Joins: quantheory (quantheory@moz-uiqd7j.co.comcast.net)
[00:19:28] *** Joins: brson (brson@moz-a8s.c9m.56.172.IP)
[00:19:28] *** ChanServ sets mode: +qo brson brson
[00:20:01] *** Joins: bombless (_@moz-h37.piv.41.59.IP)
[00:21:13] *** Quits: sigma (sigma@moz-ohog4c.range86-135.btcentralplus.com) (Ping timeout: 121 seconds)
[00:33:25] *** Quits: arielb1 (Ariel@moz-augomq.red.bezeqint.net) (Quit: Ex-Chat)
[00:56:00] *** Quits: quantheory (quantheory@moz-uiqd7j.co.comcast.net) (Quit: Leaving)
[01:04:33] *** Quits: brson (brson@moz-a8s.c9m.56.172.IP) (Quit: leaving)
[01:42:57] *** Joins: Rym_ (y@moz-rmaga4.range86-187.btcentralplus.com)
[01:43:58] *** Quits: Rym (y@moz-rmaga4.range86-187.btcentralplus.com) (Ping timeout: 121 seconds)
[02:03:38] *** Quits: Rym_ (y@moz-rmaga4.range86-187.btcentralplus.com) (Ping timeout: 121 seconds)
[02:12:50] *** Quits: kimundi (kimundi@moz-dunnue.dip0.t-ipconnect.de) (Ping timeout: 121 seconds)
[02:14:19] *** Joins: kimundi (kimundi@moz-jta.503.188.87.IP)
[02:14:24] *** Joins: Rym_ (y@moz-rmaga4.range86-187.btcentralplus.com)
[02:18:18] *** kimundi is now known as zz_kimundi
[02:25:13] *** zz_kimundi is now known as kimundi
[02:44:28] *** Joins: p1start (p1start@moz-nftjhe.org)
[03:05:10] *** Quits: aatch (james@moz-is4j4r.cable.telstraclear.net) (Connection closed)
[03:25:05] *** Joins: aatch (james@moz-is4j4r.cable.telstraclear.net)
[03:33:58] *** Quits: bombless (_@moz-h37.piv.41.59.IP) (Quit: Leaving)
[03:46:05] *** Quits: Rym_ (y@moz-rmaga4.range86-187.btcentralplus.com) (Ping timeout: 121 seconds)
[04:15:04] *** Joins: Rym_ (y@moz-rmaga4.range86-187.btcentralplus.com)
[04:19:20] *** Quits: Rym_ (y@moz-rmaga4.range86-187.btcentralplus.com) (Ping timeout: 121 seconds)
[05:09:11] *** Joins: Rym_ (y@moz-rmaga4.range86-187.btcentralplus.com)
[05:13:29] *** Quits: Rym_ (y@moz-rmaga4.range86-187.btcentralplus.com) (Ping timeout: 121 seconds)
[06:03:21] *** Joins: Rym_ (y@moz-rmaga4.range86-187.btcentralplus.com)
[06:07:37] *** Quits: Rym_ (y@moz-rmaga4.range86-187.btcentralplus.com) (Ping timeout: 121 seconds)
[06:19:33] *** Joins: madmalik (uid13697@moz-lfin5p.brockwell.irccloud.com)
[06:57:31] *** Joins: Rym_ (y@moz-rmaga4.range86-187.btcentralplus.com)
[07:01:48] *** Quits: Rym_ (y@moz-rmaga4.range86-187.btcentralplus.com) (Ping timeout: 121 seconds)
[07:51:41] *** Joins: Rym_ (y@moz-rmaga4.range86-187.btcentralplus.com)
[07:55:57] *** Quits: Rym_ (y@moz-rmaga4.range86-187.btcentralplus.com) (Ping timeout: 121 seconds)
[08:44:09] *** Quits: p1start (p1start@moz-nftjhe.org) (Ping timeout: 121 seconds)
[08:45:48] *** Joins: p1start (p1start@moz-nftjhe.org)
[08:45:49] *** Joins: Rym_ (y@moz-rmaga4.range86-187.btcentralplus.com)
[08:50:06] *** Quits: Rym_ (y@moz-rmaga4.range86-187.btcentralplus.com) (Ping timeout: 121 seconds)
[09:14:16] *** Joins: simukis (nagisa@moz-8t068g.static.zebra.lt)
[09:32:27] *** Joins: Rym_ (y@moz-rmaga4.range86-187.btcentralplus.com)
[10:07:10] *** Quits: p1start (p1start@moz-nftjhe.org) (Ping timeout: 121 seconds)
[10:08:12] *** Joins: p1start (p1start@moz-nftjhe.org)
[10:13:08] *** Quits: Rym_ (y@moz-rmaga4.range86-187.btcentralplus.com) (Ping timeout: 121 seconds)
[10:14:07] *** Quits: p1start (p1start@moz-nftjhe.org) (Ping timeout: 121 seconds)
[10:15:10] *** Joins: p1start (p1start@moz-nftjhe.org)
[10:30:02] *** Quits: aatch (james@moz-is4j4r.cable.telstraclear.net) (Ping timeout: 121 seconds)
[10:30:15] *** Joins: Rym_ (y@moz-rmaga4.range86-187.btcentralplus.com)
[10:34:31] *** Quits: Rym_ (y@moz-rmaga4.range86-187.btcentralplus.com) (Ping timeout: 121 seconds)
[10:39:47] *** Joins: Rym_ (y@moz-rmaga4.range86-187.btcentralplus.com)
[10:44:03] *** Quits: Rym_ (y@moz-rmaga4.range86-187.btcentralplus.com) (Ping timeout: 121 seconds)
[11:22:21] *** Quits: madmalik (uid13697@moz-lfin5p.brockwell.irccloud.com) (Quit: Connection closed for inactivity)
[11:24:49] *** Joins: Rym_ (y@moz-rmaga4.range86-187.btcentralplus.com)
[11:29:09] *** Quits: Rym_ (y@moz-rmaga4.range86-187.btcentralplus.com) (Ping timeout: 121 seconds)
[11:51:32] *** Joins: Rym_ (y@moz-rmaga4.range86-187.btcentralplus.com)
[11:57:14] *** Quits: Rym_ (y@moz-rmaga4.range86-187.btcentralplus.com) (Ping timeout: 121 seconds)
[11:57:40] *** Quits: p1start (p1start@moz-nftjhe.org) (Ping timeout: 121 seconds)
[12:15:37] *** Joins: Rym_ (y@moz-rmaga4.range86-187.btcentralplus.com)
[12:31:21] *** Quits: simukis (nagisa@moz-8t068g.static.zebra.lt) (Ping timeout: 121 seconds)
[12:38:21] *** Joins: cengizIO (textual@moz-jju.ckp.250.151.IP)
[12:39:00] *** Parts: cengizIO (textual@moz-jju.ckp.250.151.IP) ("Textual IRC Client: www.textualapp.com")
[13:24:58] *** Joins: simukis (nagisa@moz-8t068g.static.zebra.lt)
[14:36:38] *** Quits: Rym_ (y@moz-rmaga4.range86-187.btcentralplus.com) (Ping timeout: 121 seconds)
[14:40:34] *** Joins: Rym_ (y@moz-rmaga4.range86-187.btcentralplus.com)
[15:39:09] *** Joins: madmalik (uid13697@moz-lfin5p.brockwell.irccloud.com)
[15:46:02] *** Quits: Rym_ (y@moz-rmaga4.range86-187.btcentralplus.com) (Ping timeout: 121 seconds)
[15:47:44] *** Joins: sigma (sigma@moz-ohog4c.range86-135.btcentralplus.com)
[15:47:50] *** Joins: Rym_ (y@moz-rmaga4.range86-187.btcentralplus.com)
[16:25:32] *** Quits: Rym_ (y@moz-rmaga4.range86-187.btcentralplus.com) (Ping timeout: 121 seconds)
[16:26:37] *** Joins: Rym_ (y@moz-rmaga4.range86-187.btcentralplus.com)
[17:20:19] *** Joins: killercup (killercup@moz-edmf2j.dip0.t-ipconnect.de)
[17:33:19] *** Quits: sigma (sigma@moz-ohog4c.range86-135.btcentralplus.com) (Ping timeout: 121 seconds)
[17:36:26] *** Quits: acrichto (acrichto@moz-u3dg2t.sfo1.mozilla.com) (Ping timeout: 121 seconds)
[17:46:59] *** Joins: brson (brson@moz-jsd.7vl.56.172.IP)
[17:46:59] *** ChanServ sets mode: +qo brson brson
[17:51:29] *** Joins: laumann (thomas@moz-n9e72h.0.fullrate.dk)
[18:06:32] *** Joins: acrichto (acrichto@moz-u3dg2t.sfo1.mozilla.com)
[18:06:32] *** ChanServ sets mode: +qo acrichto acrichto
[18:12:49] *** Quits: acrichto (acrichto@moz-u3dg2t.sfo1.mozilla.com) (Ping timeout: 121 seconds)
[18:26:14] *** Joins: acrichto (acrichto@moz-u3dg2t.sfo1.mozilla.com)
[18:26:14] *** ChanServ sets mode: +qo acrichto acrichto
[18:30:29] *** Quits: acrichto (acrichto@moz-u3dg2t.sfo1.mozilla.com) (Ping timeout: 121 seconds)
[18:32:51] *** Joins: acrichto (acrichto@moz-u3dg2t.sfo1.mozilla.com)
[18:32:51] *** ChanServ sets mode: +qo acrichto acrichto
[18:39:08] *** Quits: acrichto (acrichto@moz-u3dg2t.sfo1.mozilla.com) (Ping timeout: 121 seconds)
[18:43:47] *** Quits: laumann (thomas@moz-n9e72h.0.fullrate.dk) (Ping timeout: 121 seconds)
[18:46:54] *** Joins: acrichto (acrichto@moz-u3dg2t.sfo1.mozilla.com)
[18:46:54] *** ChanServ sets mode: +qo acrichto acrichto
[18:51:09] *** Quits: acrichto (acrichto@moz-u3dg2t.sfo1.mozilla.com) (Ping timeout: 121 seconds)
[18:51:19] *** Quits: Rym_ (y@moz-rmaga4.range86-187.btcentralplus.com) (Ping timeout: 121 seconds)
[18:51:59] *** Joins: Rym_ (y@moz-rmaga4.range86-187.btcentralplus.com)
[18:52:33] *** Joins: acrichto (acrichto@moz-u3dg2t.sfo1.mozilla.com)
[18:52:33] *** ChanServ sets mode: +qo acrichto acrichto
[19:00:44] *** Quits: brson (brson@moz-jsd.7vl.56.172.IP) (Ping timeout: 121 seconds)
[19:05:58] *** Quits: acrichto (acrichto@moz-u3dg2t.sfo1.mozilla.com) (Ping timeout: 121 seconds)
[19:06:34] *** Joins: acrichto (acrichto@moz-u3dg2t.sfo1.mozilla.com)
[19:06:34] *** ChanServ sets mode: +qo acrichto acrichto
[19:14:29] *** Joins: laumann (thomas@moz-n9e72h.0.fullrate.dk)
[19:25:09] *** Joins: brson (brson@moz-jsd.7vl.56.172.IP)
[19:25:09] *** ChanServ sets mode: +qo brson brson
[19:35:06] *** Joins: simukis1 (nagisa@moz-8t068g.static.zebra.lt)
[19:38:03] *** Quits: simukis (nagisa@moz-8t068g.static.zebra.lt) (Ping timeout: 121 seconds)
[20:07:41] *** Quits: Rym_ (y@moz-rmaga4.range86-187.btcentralplus.com) (Ping timeout: 121 seconds)
[20:10:08] *** Quits: brson (brson@moz-jsd.7vl.56.172.IP) (Quit: leaving)
[20:15:25] *** Quits: laumann (thomas@moz-n9e72h.0.fullrate.dk) (Quit: leaving)
[20:34:21] *** Joins: Rym_ (y@moz-rmaga4.range86-187.btcentralplus.com)
[20:38:35] *** Quits: Rym_ (y@moz-rmaga4.range86-187.btcentralplus.com) (Ping timeout: 121 seconds)
[20:41:08] *** Joins: arielb1 (Ariel@moz-9t8c2j.red.bezeqint.net)
[20:41:17] *** Quits: killercup (killercup@moz-edmf2j.dip0.t-ipconnect.de) (Quit: Bye)
[20:59:11] *** Joins: Rym_ (y@moz-rmaga4.range86-187.btcentralplus.com)
[21:04:54] *** Quits: Rym_ (y@moz-rmaga4.range86-187.btcentralplus.com) (Connection closed)
[21:05:51] *** Joins: Rym_ (y@moz-rmaga4.range86-187.btcentralplus.com)
[21:50:09] *** Quits: simukis1 (nagisa@moz-8t068g.static.zebra.lt) (Quit: Leaving.)
[21:51:59] *** Quits: arielb1 (Ariel@moz-9t8c2j.red.bezeqint.net) (Ping timeout: 121 seconds)
[21:52:45] *** Joins: simukis (nagisa@moz-8t068g.static.zebra.lt)
[21:58:51] *** Quits: simukis (nagisa@moz-8t068g.static.zebra.lt) (Ping timeout: 121 seconds)
[22:11:49] *** Quits: Rym_ (y@moz-rmaga4.range86-187.btcentralplus.com) (Ping timeout: 121 seconds)
[22:14:58] *** Joins: Rym_ (y@moz-rmaga4.range86-187.btcentralplus.com)
[22:18:19] *** Joins: simukis (nagisa@moz-8t068g.static.zebra.lt)
[22:21:31] *** Joins: aatch (james@moz-is4j4r.cable.telstraclear.net)
[22:24:40] *** Quits: Rym_ (y@moz-rmaga4.range86-187.btcentralplus.com) (Ping timeout: 121 seconds)
[22:28:32] *** Joins: Rym_ (y@moz-rmaga4.range86-187.btcentralplus.com)
[22:42:21] *** Quits: madmalik (uid13697@moz-lfin5p.brockwell.irccloud.com) (Quit: Connection closed for inactivity)
[23:02:20] *** Joins: p1start (p1start@moz-nftjhe.org)
[23:16:02] *** Joins: Rym (y@moz-rmaga4.range86-187.btcentralplus.com)
[23:16:32] *** Quits: Rym_ (y@moz-rmaga4.range86-187.btcentralplus.com) (Connection closed)
