[00:03:00] *** oldskirt is now known as oldskirt_
[00:06:13] *** Joins: till (till@moz-0tejpc.adsl.alicedsl.de)
[00:10:40] *** Quits: till (till@moz-0tejpc.adsl.alicedsl.de) (Ping timeout: 121 seconds)
[00:16:14] *** Quits: cjones (cjones@moz-ljujh0.ca.comcast.net) (Client exited)
[00:27:18] *** Quits: tadh (quassel@moz-88tk3f.res.rr.com) (Connection closed)
[00:37:45] *** Quits: mchang (mchang@moz-q472sa.res.rr.com) (Client exited)
[00:46:16] *** Joins: cjones (cjones@moz-ljujh0.ca.comcast.net)
[00:50:01] *** Quits: cjones (cjones@moz-ljujh0.ca.comcast.net) (Client exited)
[01:07:01] *** Joins: till (till@moz-0tejpc.adsl.alicedsl.de)
[01:11:34] *** Quits: till (till@moz-0tejpc.adsl.alicedsl.de) (Ping timeout: 121 seconds)
[01:13:18] *** Joins: ScottMichaud (ScottMichau@moz-i4mljt.cpe.pppoe.ca)
[02:02:11] *** Quits: mbx (textual@moz-l8ebtf.sfo1.mozilla.com) (Quit: My Mac has gone to sleep. ZZZzzz…)
[02:07:50] *** Joins: till (till@moz-3bjs85.adsl.alicedsl.de)
[02:12:16] *** Quits: till (till@moz-3bjs85.adsl.alicedsl.de) (Ping timeout: 121 seconds)
[02:25:42] *** Joins: cjones (cjones@moz-ljujh0.ca.comcast.net)
[02:39:45] *** Quits: cjones (cjones@moz-ljujh0.ca.comcast.net) (Client exited)
[02:42:36] *** Quits: bjz (bjz@moz-puppgq.tpgi.com.au) (Quit: My Mac has gone to sleep. ZZZzzz…)
[02:47:23] *** Joins: bjz (bjz@moz-puppgq.tpgi.com.au)
[03:03:06] *** Joins: jweathersby (Adium@moz-g2h99o.ip.windstream.net)
[03:08:39] *** Joins: till (till@moz-3bjs85.adsl.alicedsl.de)
[03:13:05] *** Quits: till (till@moz-3bjs85.adsl.alicedsl.de) (Ping timeout: 121 seconds)
[03:20:53] *** Joins: till (till@moz-3bjs85.adsl.alicedsl.de)
[03:30:55] *** Quits: till (till@moz-3bjs85.adsl.alicedsl.de) (Ping timeout: 121 seconds)
[04:19:23] *** Quits: jweathersby (Adium@moz-g2h99o.ip.windstream.net) (Quit: Leaving.)
[06:31:20] *** Joins: cjones (cjones@moz-ljujh0.ca.comcast.net)
[07:05:12] *** Quits: cjones (cjones@moz-ljujh0.ca.comcast.net) (Client exited)
[07:41:47] *** Joins: mbx (textual@moz-d9isok.ca.comcast.net)
[07:43:53] *** Quits: mbx (textual@moz-d9isok.ca.comcast.net) (Connection closed)
[10:26:56] *** Joins: irobevjodu (ident@moz-c73e2q.static-ro.twistednetworks.net)
[10:52:05] *** Joins: ddamjano (Instantbird@moz-fljrfb.ehig.7h68.8388.2a02.IP)
[11:17:40] *** Joins: roc (chatzilla@moz-ru0.dnd.120.188.IP)
[11:20:22] *** Quits: ddamjano (Instantbird@moz-fljrfb.ehig.7h68.8388.2a02.IP) (Ping timeout: 121 seconds)
[11:44:32] *** Quits: roc (chatzilla@moz-ru0.dnd.120.188.IP) (Ping timeout: 121 seconds)
[12:01:46] *** Joins: roc (chatzilla@moz-aph.rli.210.31.IP)
[12:16:35] *** Quits: roc (chatzilla@moz-aph.rli.210.31.IP) (Connection closed)
[12:33:37] *** Joins: roc (chatzilla@moz-jnj.rli.210.31.IP)
[12:49:24] *** Joins: mukilan (mukilan@moz-inv.v1b.164.122.IP)
[12:57:23] *** Joins: tadh (quassel@moz-88tk3f.res.rr.com)
[13:01:17] *** Quits: tadh (quassel@moz-88tk3f.res.rr.com) (Connection closed)
[13:02:34] *** Quits: oldskirt_ (oldskirt@moz-7dm.ncq.245.79.IP) (Ping timeout: 121 seconds)
[13:11:41] *** Joins: oldskirt (oldskirt@moz-uck13k.dip0.t-ipconnect.de)
[15:26:08] *** Quits: roc (chatzilla@moz-jnj.rli.210.31.IP) (Connection closed)
[15:53:49] *** Joins: reqshark (reqshark@moz-ph27je.upps.856j.0009.2601.IP)
[16:36:07] *** Quits: oldskirt (oldskirt@moz-uck13k.dip0.t-ipconnect.de) (Ping timeout: 121 seconds)
[16:36:45] *** Joins: oldskirt (oldskirt@moz-jhi90p.dip0.t-ipconnect.de)
[17:18:39] *** Joins: cjones (cjones@moz-ljujh0.ca.comcast.net)
[17:43:51] *** Joins: brson (brson@moz-vs3.tdl.56.172.IP)
[17:43:52] *** ChanServ sets mode: +o brson
[17:44:47] *** Joins: mbx (textual@moz-d9isok.ca.comcast.net)
[18:00:00] *** Quits: evilpie (sid7877@moz-cergcq.charlton.irccloud.com) (Error in the push function.)
[18:00:00] *** Quits: jorendorff (sid28423@moz-vsnoao.charlton.irccloud.com) (Error in the push function.)
[18:00:00] *** Quits: ggherdov_ (sid11402@moz-u71qnt.charlton.irccloud.com) (Connection closed)
[18:00:00] *** Quits: Gankro (sid71432@moz-sc2bd6.charlton.irccloud.com) (Connection closed)
[18:00:00] *** Quits: sbauman (sid74072@moz-a6horf.charlton.irccloud.com) (Connection closed)
[18:05:15] *** Quits: cjones (cjones@moz-ljujh0.ca.comcast.net) (Client exited)
[18:23:33] *** Joins: evilpie (sid7877@moz-cergcq.charlton.irccloud.com)
[18:26:53] *** Joins: ggherdov_ (sid11402@moz-u71qnt.charlton.irccloud.com)
[18:28:26] *** Quits: brson (brson@moz-vs3.tdl.56.172.IP) (Quit: leaving)
[18:40:11] *** Joins: cjones (cjones@moz-ljujh0.ca.comcast.net)
[18:46:51] *** Joins: jorendorff (sid28423@moz-vsnoao.charlton.irccloud.com)
[18:47:57] *** Quits: mbx (textual@moz-d9isok.ca.comcast.net) (Quit: My Mac has gone to sleep. ZZZzzz…)
[18:49:04] *** Quits: mukilan (mukilan@moz-inv.v1b.164.122.IP) (A TLS packet with unexpected length was received.)
[18:56:39] *** Quits: cjones (cjones@moz-ljujh0.ca.comcast.net) (Client exited)
[19:30:22] *** Joins: Gankro (sid71432@moz-sc2bd6.charlton.irccloud.com)
[19:31:21] *** Joins: sbauman (sid74072@moz-a6horf.charlton.irccloud.com)
[20:41:24] *** Joins: brson (brson@moz-590.7vl.56.172.IP)
[20:41:25] *** ChanServ sets mode: +o brson
[20:55:12] *** Joins: mbx (textual@moz-d9isok.ca.comcast.net)
[21:43:01] *** Quits: brson (brson@moz-590.7vl.56.172.IP) (Ping timeout: 121 seconds)
[21:44:20] *** Joins: mccr8 (mccr8@moz-m84lpe.ca.comcast.net)
[21:50:33] *** Joins: brson (brson@moz-hesgc6.tmodns.net)
[21:50:33] *** ChanServ sets mode: +o brson
[22:24:31] *** Quits: brson (brson@moz-hesgc6.tmodns.net) (Quit: leaving)
[22:41:49] *** Quits: irobevjodu (ident@moz-c73e2q.static-ro.twistednetworks.net) (Ping timeout: 121 seconds)
[22:57:46] *** Quits: mccr8 (mccr8@moz-m84lpe.ca.comcast.net) (Quit: computer sleep)
[23:26:36] *** Quits: azakai|2 (alon@moz-l3ofdg.sntcca.sbcglobal.net) (Connection closed)
[23:26:39] *** Joins: azakai|2_ (alon@moz-l3ofdg.sntcca.sbcglobal.net)
[23:26:48] *** Quits: azakai|2_ (alon@moz-l3ofdg.sntcca.sbcglobal.net) (Connection closed)
