[00:00:22] <GBGamer> instead of hashing, we could just name our functions @"crate::mod::function(i8, i32)"
[00:03:04] <huon> needs to handle versions too
[00:03:46] <huon> (it's valid to link arbitrarily many different versions of a single crate into a final artifact)
[00:04:16] *** Quits: harrisonclarke (harrisoncla@moz-uur7pt.eastlink.ca) (Connection closed)
[00:05:23] *** Quits: bjz (bjz@moz-puppgq.tpgi.com.au) (Quit: My Mac has gone to sleep. ZZZzzz…)
[00:08:15] <GBGamer> really?
[00:08:30] <GBGamer> I always remember getting warnings when that happens
[00:08:35] *** Quits: yjv (yjv@moz-j0cdis.fios.verizon.net) (Connection closed)
[00:08:37] *** Joins: bkoropoff (bkoropoff@moz-kthi5c.wa.comcast.net)
[00:09:00] <GBGamer> I.e., when two dependencies depend on different versions of a single dependency
[00:09:29] <GBGamer> S/warnings/errors/
[00:20:08] *** Joins: mib_xba2wg (Mibbit@moz-hu6.nja.252.72.IP)
[00:20:40] *** Quits: mib_xba2wg (Mibbit@moz-hu6.nja.252.72.IP) (Quit: http://www.mibbit.com ajax IRC Client)
[00:22:38] *** Quits: burntsushi (burntsushi@moz-t92kn9.ma.charter.com) (Ping timeout: 121 seconds)
[00:23:08] *** Joins: harrisonclarke (harrisoncla@moz-uur7pt.eastlink.ca)
[00:24:20] *** Quits: nagisa (nagisa@moz-8t068g.static.zebra.lt) (Ping timeout: 121 seconds)
[00:26:35] *** Joins: ChrisMorgan (ChrisMorgan@moz-g6osuq.tpgi.com.au)
[00:29:13] *** Quits: achanda (achanda@moz-fr1.spq.217.162.IP) (Connection closed)
[00:30:41] *** Joins: burntsushi (burntsushi@moz-t92kn9.ma.charter.com)
[00:38:47] *** Quits: burntsushi (burntsushi@moz-t92kn9.ma.charter.com) (Ping timeout: 121 seconds)
[00:39:00] *** Joins: burntsushi (burntsushi@moz-t92kn9.ma.charter.com)
[00:39:57] *** Joins: rovar (rovar@moz-96effg.dyn.optonline.net)
[00:43:51] *** Joins: summerlight (summerlight@moz-lb3.6do.193.175.IP)
[00:50:15] *** Joins: amyers (amyers@moz-osiar4.md.comcast.net)
[00:51:55] *** Quits: barosl (barosl@moz-tmp.qma.67.220.IP) (Ping timeout: 121 seconds)
[00:56:32] *** Quits: amyers (amyers@moz-osiar4.md.comcast.net) (Ping timeout: 121 seconds)
[01:00:58] <sfackler> if the two versions try to interact you'll get errors since the types no longer match
[01:01:05] <sfackler> but they can each live in isolation just fine
[01:01:14] *** Quits: burntsushi (burntsushi@moz-t92kn9.ma.charter.com) (Ping timeout: 121 seconds)
[01:07:42] <GBGamer> sfackler what do you mean?
[01:08:31] <GBGamer> are you allowed to link against, say, v0.3.0 and v0.4.0 of libc at the same time in the same program?
[01:08:46] <GBGamer> because I remember actually getting errors when that happened to me
[01:08:59] <GBGamer> unless I remember wrong, or its changwd
[01:10:07] <sfackler> you will get errors if you pass a value from version 0.3.0 of the library to something that linked against version 0.4.0
[01:10:31] <GBGamer> okay yeah obviously
[01:11:02] <GBGamer> but if you link against crate A, which depends on v1, and crate B, which depends on v2, that's allowed?
[01:11:48] <GBGamer> ugh, I wish I had a computer to test this
[01:12:20] *** Joins: burntsushi (burntsushi@moz-t92kn9.ma.charter.com)
[01:12:45] *** Quits: brson (brson@moz-cfhap5.mtv2.mozilla.com) (Ping timeout: 121 seconds)
[01:14:11] <sfackler> yeah, should work, as long as the two version requirements specify different major versions
[01:15:29] *** Quits: dcb (dcb@moz-4hh.6p3.217.74.IP) (Quit: My Mac has gone to sleep. ZZZzzz…)
[01:16:48] *** Quits: burntsushi (burntsushi@moz-t92kn9.ma.charter.com) (Ping timeout: 121 seconds)
[01:16:49] <GBGamer> major version meaning, in a.b.c, a or b
[01:21:41] *** Quits: Sho (sho@moz-jpc.arq.28.5.IP) (Quit: Konversation terminated!)
[01:21:41] *** Quits: swgillespie (swgillespie@moz-cla.3un.220.167.IP) (Quit: My MacBook Pro has gone to sleep. ZZZzzz…)
[01:22:10] *** Joins: burntsushi (burntsushi@moz-t92kn9.ma.charter.com)
[01:22:35] *** Joins: npm (npm@moz-8gn.5hk.56.172.IP)
[01:23:16] *** Quits: npm (npm@moz-8gn.5hk.56.172.IP) (Quit: AndroIRC - Android IRC Client ( http://www.androirc.com ))
[01:25:28] *** Quits: GBGamer (npm@moz-4t0mh6.qgs9.sjub.0141.2601.IP) (Ping timeout: 121 seconds)
[01:26:34] <sfackler> a for sure
[01:26:38] <sfackler> possibly also 0.b
[01:28:40] *** Joins: panitaliemom (Mibbit@moz-hu6.nja.252.72.IP)
[01:29:43] *** Quits: panitaliemom (Mibbit@moz-hu6.nja.252.72.IP) (Quit: http://www.mibbit.com ajax IRC Client)
[01:41:47] *** Quits: eddyb (eddyb@moz-pic.82i.25.188.IP) (Ping timeout: 121 seconds)
[01:42:05] *** Joins: eddyb (eddyb@moz-v6d.q07.26.188.IP)
[01:43:28] *** Joins: SiegeLord (sl@moz-9jtaei.ca.comcast.net)
[01:45:06] *** Quits: pcwalton (pcwalton@moz-l8ebtf.sfo1.mozilla.com) (Client exited)
[01:53:04] <WindowsBunny> sfackler: yeah, also 0.b changes
[01:58:15] *** Quits: summerlight (summerlight@moz-lb3.6do.193.175.IP) (Ping timeout: 121 seconds)
[02:02:07] *** Joins: Feyn (aram@moz-5vj.68e.115.42.IP)
[02:02:51] *** Quits: Rym (uid91135@moz-n2i7qm.charlton.irccloud.com) (Quit: Connection closed for inactivity)
[02:04:36] *** Quits: bluss (bluss@moz-dc3fi4.customer.cdi.no) (Ping timeout: 121 seconds)
[02:09:22] *** Quits: kimundi (kimundi@moz-lr69rq.56vm.o3ls.4fe2.2002.IP) (Ping timeout: 121 seconds)
[02:14:22] *** Joins: kimundi (kimundi@moz-ffdgkl.n3fm.urnq.57bc.2002.IP)
[02:21:08] *** Joins: rovar_ (rovar@moz-96effg.dyn.optonline.net)
[02:24:05] *** Quits: rovar (rovar@moz-96effg.dyn.optonline.net) (Ping timeout: 121 seconds)
[02:26:53] <nrc> In this macro, why can't the compiler find the use of `prev_fn`? http://is.gd/c7XNAY
[02:27:11] <nrc> (Obvs, its not going to compile, but it should resolve `prev_fn`)
[02:27:22] <nrc> Some hygiene thing I'm doing wrong?
[02:27:51] <Mutabah> nrc: Use double-braces as the outer?
[02:28:12] <aatch> nrc, oh, it's because you can't expand to multiple statements.
[02:28:13] <Mutabah> So the macro expands to a single block
[02:28:23] <Mutabah> Yeah
[02:28:41] <nrc> ah right
[02:28:44] <aatch> Only item macros can expand to multiple... things.
[02:28:57] <Mutabah> nrc: Either use => {{ or => ({ (depening on what you think looks better, dunno what the standard is)
[02:28:58] <nrc> thanks Mutabah and aatch!
[02:29:38] <nrc> That seems rough, error message-wise, I wonder if it is possible to give a helpful error message there?
[02:29:40] <aatch> Mutabah, I don't think there is one. I tend to use `=> (` for macros, but I've never really thought about it.
[02:30:22] <aatch> nrc, there is one, but apparently it isn't triggered in this case.
[02:30:22] <Mutabah> Yeah, I tend to use {{ if expanding to a block... but ({ may be closer to the syntax elsewhere
[02:30:44] <nrc> Ah, the best kind of error messages - invisible ones!
[02:31:19] *** Quits: Diggsey (diggsey@moz-7rhhd2.dsl.pipex.com) (Ping timeout: 121 seconds)
[02:32:05] <aatch> nrc, ah, so there's an error when expanding the macro as an expression macro.
[02:54:48] *** Joins: mib_vefg4q (Mibbit@moz-hu6.nja.252.72.IP)
[02:56:21] *** Quits: mib_vefg4q (Mibbit@moz-hu6.nja.252.72.IP) (Quit: http://www.mibbit.com ajax IRC Client)
[02:56:38] *** Joins: mib_517w7d (Mibbit@moz-ikvsjo.cable.rogers.com)
[03:01:01] *** Joins: mib_6vvsmw (Mibbit@moz-hu6.nja.252.72.IP)
[03:01:22] *** Quits: mib_6vvsmw (Mibbit@moz-hu6.nja.252.72.IP) (Quit: http://www.mibbit.com ajax IRC Client)
[03:01:40] *** Joins: munksgaard (munksgaard@moz-urnkl5.u.parknet.dk)
[03:01:58] *** Quits: harrisonclarke (harrisoncla@moz-uur7pt.eastlink.ca) (Connection closed)
[03:04:11] *** Joins: harrisonclarke (harrisoncla@moz-uur7pt.eastlink.ca)
[03:10:14] *** Joins: achanda (achanda@moz-qv7q4n.ca.comcast.net)
[03:12:01] <nrc> Gankro: you had an internals post a while back about process for libraries changes and RFCs etc. Do you have a link?
[03:12:29] <Gankro> nrc: https://internals.rust-lang.org/t/the-life-and-death-of-an-api/2087
[03:13:03] <nrc> Thanks!
[03:15:00] <Gankro> wait shit
[03:15:13] <Gankro> I should have bargained harder for that in exchange for a chapter review
[03:15:17] <Gankro> Curse you nrc!
[03:15:21] <Gankro> *shakes fist*
[03:15:41] <nrc> well, you might have another chance: did you update the text to take into account all the comments in the thread?
[03:15:50] <Gankro> Nope
[03:15:59] <Gankro> I had forgotten about it, to be honest
[03:16:35] <nrc> I'm putting together a PR for the RFC repo to set guidelines, I was going to use this as the basis for the libs guidelines
[03:16:51] *** Quits: bkoropoff (bkoropoff@moz-kthi5c.wa.comcast.net) (Client exited)
[03:16:52] *** Joins: semarie (semarie@moz-6vqhft.bpv6.bg1u.41d0.2001.IP)
[03:17:09] <nrc> Gankro: do you fancy updating the text for that?
[03:17:28] <Gankro> Do you want to go forward with my proposal?
[03:18:07] *** Joins: sprang (sprang@moz-gpnug3.3dj0.bqct.0647.2601.IP)
[03:20:16] <nrc> Gankro: specifically for libs stuff, and modulo the comments in the thread yes
[03:20:30] <nrc> and subject to another round of bikeshedding as an RFC, presumably
[03:23:33] <Gankro> dang, my proposal was awesomely agressive
[03:23:44] *** chmanchester is now known as chmanchester|afk
[03:24:49] <nrc> I suspect it will get toned down in discussion, but it seems to be fine as a starting point to me
[03:25:43] <Gankro> No yeah I'm definitely going to tone this down
[03:25:46] <nrc> given that library development is focussed more on the wider ecosystem than on std now, and thus we should get fewer RFCs, that it is not too aggressive
[03:25:47] <Gankro> toss in an FCP
[03:26:15] <Gankro> I could see this extending to all the rust-lang crates (which we do want to grow)
[03:27:01] <nrc> I was going to update the README with the FPC and sub-team stuff in any case
[03:27:06] <nrc> *FCP
[03:27:19] <Gankro> No it's FPC now
[03:27:23] <Gankro> Final Power Comments
[03:27:25] <nrc> But I want more per-team, specific guidance
[03:28:30] <Mutabah> Anyone here know why :path matches parens?
[03:28:34] <Mutabah> (see #rust)
[03:28:47] <aatch> First Person Criticism
[03:29:20] <Gankro> aatch: ooh yes. We must require a work week for every RFC :P
[03:32:07] *** Quits: Peach (Peach@moz-500.6lb.246.96.IP) (Client exited)
[03:35:49] *** Quits: ChrisMorgan (ChrisMorgan@moz-g6osuq.tpgi.com.au) (Ping timeout: 121 seconds)
[03:36:03] *** Joins: Kingsqueee (kingsley@moz-k72lip.bchsia.telus.net)
[03:36:09] *** Quits: Kingsquee (kingsley@moz-k72lip.bchsia.telus.net) (Ping timeout: 121 seconds)
[03:37:26] *** Quits: munksgaard (munksgaard@moz-urnkl5.u.parknet.dk) (Ping timeout: 121 seconds)
[03:42:33] <Gankro> nrc: about when do you want this by?
[03:43:20] <nrc> this week?
[03:44:13] *** Joins: summerlight (summerlight@moz-lb3.6do.193.175.IP)
[03:44:37] <Gankro> nrc: cool
[03:46:42] *** Joins: dcb (textual@moz-v6l3du.ca.comcast.net)
[03:47:13] <nrc> I thought this was going to be a quick copy and paste job, but my text from internals needs a lot of adjustment and the RFC process doc is more out of date than I thought
[03:47:15] <nrc> sigh
[03:47:52] *** Joins: Quxxy (chatzilla@moz-efh10q.internode.on.net)
[03:50:40] <Gankro> wait nrc you aren't even on the libs team
[03:51:03] <nrc> Gankro: that's why I'm asking you to do the libs-specific doc :-)
[03:51:08] <Gankro> ha
[03:53:08] *** mib_517w7d is now known as tynopex
[03:54:31] *** Quits: bdero (bran@moz-nr0176.b90n.1kaj.018d.2601.IP) (Ping timeout: 121 seconds)
[03:56:22] *** Quits: achanda (achanda@moz-qv7q4n.ca.comcast.net) (Quit: Leaving...)
[03:57:09] *** Joins: mib_3rft1p (Mibbit@moz-hu6.nja.252.72.IP)
[03:57:33] *** Quits: kxlzz` (kxlzz@moz-a3bguo.vc.shawcable.net) (Ping timeout: 121 seconds)
[03:58:12] *** Joins: kxlzz (kxlzz@moz-a3bguo.vc.shawcable.net)
[04:00:02] *** Joins: yjv (yjv@moz-ll38tk.pa.comcast.net)
[04:00:56] *** Quits: mib_3rft1p (Mibbit@moz-hu6.nja.252.72.IP) (Quit: http://www.mibbit.com ajax IRC Client)
[04:16:16] *** Joins: mib_4lwqxl (Mibbit@moz-hu6.nja.252.72.IP)
[04:19:35] *** Joins: ChrisMorgan (ChrisMorgan@moz-g6osuq.tpgi.com.au)
[04:20:45] *** Quits: mib_4lwqxl (Mibbit@moz-hu6.nja.252.72.IP) (Quit: http://www.mibbit.com ajax IRC Client)
[04:27:44] *** Joins: Pierre_M (Pierre_M@moz-l5anv0.slkc.qwest.net)
[04:34:25] *** Joins: swgillespie (swgillespie@moz-rn1.vmq.232.104.IP)
[04:34:29] *** Quits: Quxxy (chatzilla@moz-efh10q.internode.on.net) (Quit: ChatZilla 0.9.91.1 [Firefox 39.0/20150630154324])
[04:35:41] *** Quits: Tobba (Tobba@moz-o13d22.bredband.telia.com) (Ping timeout: 121 seconds)
[04:38:41] *** Joins: barosl (barosl@moz-tmp.qma.67.220.IP)
[04:40:12] *** Quits: swgillespie (swgillespie@moz-rn1.vmq.232.104.IP) (Quit: My MacBook Pro has gone to sleep. ZZZzzz…)
[04:41:00] *** Joins: swgillespie (swgillespie@moz-rn1.vmq.232.104.IP)
[04:41:55] *** Quits: RC9 (RCIX@moz-7omm6s.ph.cox.net) (Ping timeout: 121 seconds)
[04:57:51] *** Quits: tynopex (Mibbit@moz-ikvsjo.cable.rogers.com) (Quit: http://www.mibbit.com ajax IRC Client)
[05:01:33] *** Joins: jdm (jdm@moz-34mnpi.cpe.pppoe.ca)
[05:03:57] *** Quits: genbattle (genbattle@moz-4v0.gkd.16.182.IP) (Connection closed)
[05:04:44] *** Joins: genbattle (genbattle@moz-4v0.gkd.16.182.IP)
[05:09:55] *** Quits: genbattle (genbattle@moz-4v0.gkd.16.182.IP) (Connection closed)
[05:11:11] *** Joins: genbattle (genbattle@moz-4v0.gkd.16.182.IP)
[05:12:07] *** Quits: miselin (miselin@moz-c77.igu.11.203.IP) (Ping timeout: 121 seconds)
[05:14:10] *** Quits: aatch (james@moz-i1k1ks.tlms.2o1v.e006.2406.IP) (Connection closed)
[05:14:22] *** Joins: miselin (miselin@moz-c77.igu.11.203.IP)
[05:22:06] *** Quits: genbattle (genbattle@moz-4v0.gkd.16.182.IP) (Connection closed)
[05:23:21] *** Joins: genbattle (genbattle@moz-4v0.gkd.16.182.IP)
[05:24:27] *** Quits: miselin (miselin@moz-c77.igu.11.203.IP) (Ping timeout: 121 seconds)
[05:24:27] *** Quits: yjv (yjv@moz-ll38tk.pa.comcast.net) (Connection closed)
[05:26:53] *** Joins: miselin (miselin@moz-c77.igu.11.203.IP)
[05:30:03] *** Quits: genbattle (genbattle@moz-4v0.gkd.16.182.IP) (Connection closed)
[05:31:20] *** Joins: genbattle (genbattle@moz-4v0.gkd.16.182.IP)
[05:35:56] *** Quits: genbattle (genbattle@moz-4v0.gkd.16.182.IP) (Connection closed)
[05:36:40] *** Joins: genbattle (genbattle@moz-4v0.gkd.16.182.IP)
[05:36:55] *** Quits: johnsoft (johnsoft@moz-90c.4nn.74.71.IP) (Ping timeout: 121 seconds)
[05:40:57] *** Quits: genbattle (genbattle@moz-4v0.gkd.16.182.IP) (Connection closed)
[05:42:25] *** Joins: genbattle (genbattle@moz-4v0.gkd.16.182.IP)
[06:04:59] *** Quits: genbattle (genbattle@moz-4v0.gkd.16.182.IP) (Connection closed)
[06:05:52] *** Joins: genbattle (genbattle@moz-4v0.gkd.16.182.IP)
[06:06:37] *** Quits: summerlight (summerlight@moz-lb3.6do.193.175.IP) (Ping timeout: 121 seconds)
[06:07:10] *** Joins: James__ (quassel@moz-vcnd98.range86-148.btcentralplus.com)
[06:11:02] *** Joins: dr_bibble (Mibbit@moz-hu6.nja.252.72.IP)
[06:11:36] *** Joins: dbittman (piranha@moz-3ab361.ca.comcast.net)
[06:14:52] *** Joins: johnsoft (johnsoft@moz-69mrig.res.rr.com)
[06:19:42] *** Quits: dr_bibble (Mibbit@moz-hu6.nja.252.72.IP) (Quit: http://www.mibbit.com ajax IRC Client)
[06:23:03] *** Quits: SiegeLord (sl@moz-9jtaei.ca.comcast.net) (Quit: It's a joke, it's all a joke.)
[06:26:44] *** Quits: harrisonclarke (harrisoncla@moz-uur7pt.eastlink.ca) (Connection closed)
[06:28:00] *** Quits: genbattle (genbattle@moz-4v0.gkd.16.182.IP) (Connection closed)
[06:29:50] *** Joins: genbattle (genbattle@moz-4v0.gkd.16.182.IP)
[06:30:23] *** Quits: miselin (miselin@moz-c77.igu.11.203.IP) (Ping timeout: 121 seconds)
[06:30:58] *** Quits: Mutabah (tpg@moz-hklpnj.mutabah.net) (Connection closed)
[06:31:04] *** Joins: Mutabah (tpg@moz-hklpnj.mutabah.net)
[06:32:30] *** Joins: miselin (miselin@moz-c77.igu.11.203.IP)
[06:33:25] *** Joins: squiddy (squiddy@moz-md4.pm3.19.178.IP)
[06:35:04] *** Quits: cgaebel (cgaebel@moz-aq9.qj7.199.198.IP) (A TLS packet with unexpected length was received.)
[06:43:17] *** Joins: mgottschlag (quassel@moz-c3ivja.hsi14.kabel-badenwuerttemberg.de)
[06:45:54] *** Joins: eljay (eljay@moz-fmte10.skybroadband.com)
[06:51:35] *** Quits: swgillespie (swgillespie@moz-rn1.vmq.232.104.IP) (Quit: My MacBook Pro has gone to sleep. ZZZzzz…)
[06:51:46] *** Quits: mgottschlag (quassel@moz-c3ivja.hsi14.kabel-badenwuerttemberg.de) (Quit: No Ping reply in 180 seconds.)
[06:53:16] *** Joins: mgottschlag (quassel@moz-c3ivja.hsi14.kabel-badenwuerttemberg.de)
[06:55:42] *** Quits: James__ (quassel@moz-vcnd98.range86-148.btcentralplus.com) (Ping timeout: 121 seconds)
[06:57:41] *** Quits: mgottschlag (quassel@moz-c3ivja.hsi14.kabel-badenwuerttemberg.de) (Quit: No Ping reply in 180 seconds.)
[06:59:15] *** Quits: genbattle (genbattle@moz-4v0.gkd.16.182.IP) (Ping timeout: 121 seconds)
[06:59:37] *** Joins: mgottschlag (quassel@moz-c3ivja.hsi14.kabel-badenwuerttemberg.de)
[07:00:33] *** Quits: Murarth (Murarth@moz-4t8fs2.phnx.qwest.net) (Quit: I have come here to chew bubblegum and kick ass. And I'm all out of bubblegum.)
[07:01:31] *** Joins: Murarth (Murarth@moz-4t8fs2.phnx.qwest.net)
[07:03:01] *** Quits: mgottschlag (quassel@moz-c3ivja.hsi14.kabel-badenwuerttemberg.de) (Quit: No Ping reply in 180 seconds.)
[07:04:07] *** Joins: mgottschlag (quassel@moz-c3ivja.hsi14.kabel-badenwuerttemberg.de)
[07:05:13] *** Quits: eljay (eljay@moz-fmte10.skybroadband.com) (Quit: Leaving)
[07:08:54] *** Joins: mib_ooo2w7 (Mibbit@moz-hu6.nja.252.72.IP)
[07:09:53] *** Quits: mib_ooo2w7 (Mibbit@moz-hu6.nja.252.72.IP) (Quit: http://www.mibbit.com ajax IRC Client)
[07:10:07] *** Joins: mib_nxrpnv (Mibbit@moz-hu6.nja.252.72.IP)
[07:10:28] *** Quits: mib_nxrpnv (Mibbit@moz-hu6.nja.252.72.IP) (Quit: http://www.mibbit.com ajax IRC Client)
[07:15:37] *** Joins: c0170 (c0170@moz-bb29a4.cambridge.arm.com)
[07:18:54] *** Quits: miselin (miselin@moz-c77.igu.11.203.IP) (Ping timeout: 121 seconds)
[07:21:35] *** Joins: miselin (miselin@moz-c77.igu.11.203.IP)
[07:22:24] *** Quits: DenSchub (DenSchub@moz-6io4fd.hol4.1ume.2260.2a02.IP) (Ping timeout: 121 seconds)
[07:23:03] *** Joins: DenSchub (DenSchub@moz-6io4fd.hol4.1ume.2260.2a02.IP)
[07:24:22] *** Quits: nham (nham@moz-lglsfe.il.comcast.net) (Ping timeout: 121 seconds)
[07:27:44] *** Quits: sprang (sprang@moz-gpnug3.3dj0.bqct.0647.2601.IP) (Connection closed)
[07:30:05] *** Quits: DenSchub (DenSchub@moz-6io4fd.hol4.1ume.2260.2a02.IP) (Ping timeout: 121 seconds)
[07:31:41] *** Quits: rdgawdzi (sid91768@moz-36ps68.ealing.irccloud.com) (*.net *.split)
[07:31:41] *** Quits: jbcrail (sid24674@moz-s17jb5.charlton.irccloud.com) (*.net *.split)
[07:31:41] *** Quits: martin (martin@moz-bmp33l.u0v6.gff7.1608.2001.IP) (*.net *.split)
[07:31:41] *** Quits: new_one (new_one@moz-ps5j1c.fs1g.619c.a880.2604.IP) (*.net *.split)
[07:31:41] *** Quits: noustuff (sid82844@moz-0s5vdk.highgate.irccloud.com) (*.net *.split)
[07:31:41] *** Quits: jroesch (sid26078@moz-o13a59.charlton.irccloud.com) (*.net *.split)
[07:31:41] *** Quits: steshaw (sid30841@moz-mij4a1.highgate.irccloud.com) (*.net *.split)
[07:31:41] *** Quits: huseby (huseby@moz-m7l0au.d2vr.5em6.6400.2605.IP) (*.net *.split)
[07:31:41] *** Quits: zwarich (sid63988@moz-402giv.ealing.irccloud.com) (*.net *.split)
[07:31:41] *** Quits: carllerche (sid50851@moz-8i75uq.brockwell.irccloud.com) (*.net *.split)
[07:31:41] *** Quits: nmatsakis (sid381@moz-32a8b5.0j4i.jtu0.0101.2620.IP) (*.net *.split)
[07:31:41] *** Quits: ggherdov_ (sid11402@moz-u71qnt.charlton.irccloud.com) (*.net *.split)
[07:31:41] *** Quits: seanmonstar|offline (seanmonstar@moz-jd3i0j.fkdv.ulf6.3c01.2600.IP) (*.net *.split)
[07:31:41] *** Quits: vadimcn (uid46608@moz-0d43u8.highgate.irccloud.com) (*.net *.split)
[07:31:41] *** Quits: aturon (sid379@moz-hhfc8n.0j4i.jtu0.0101.2620.IP) (*.net *.split)
[07:31:41] *** Quits: dustinm` (dustinm@moz-1c1j82.fu2o.sj0n.5300.2607.IP) (*.net *.split)
[07:31:41] *** Quits: jack (sid19593@moz-fhlsm9.highgate.irccloud.com) (*.net *.split)
[07:31:41] *** Quits: andrew-d (andrew-d@moz-dgoafa.cusf.glje.ff48.2607.IP) (*.net *.split)
[07:31:41] *** Quits: wcosta_ (sid430@moz-ve87os.0j4i.jtu0.0101.2620.IP) (*.net *.split)
[07:31:41] *** Quits: yuriks (quassel@moz-hnlou0.yuriks.net) (*.net *.split)
[07:31:41] *** Quits: Ericson2314 (user@moz-5muv45.m9e4.oi28.0306.2602.IP) (*.net *.split)
[07:31:41] *** Quits: semarie (semarie@moz-6vqhft.bpv6.bg1u.41d0.2001.IP) (*.net *.split)
[07:31:41] *** Quits: dherman (sid7996@moz-u0jlif.ealing.irccloud.com) (*.net *.split)
[07:31:41] *** Quits: richo (richo@moz-slrmp8.fs1g.619c.a880.2604.IP) (*.net *.split)
[07:31:41] *** Quits: huon (huon@moz-hj272o.8rnv.rggd.6180.2400.IP) (*.net *.split)
[07:31:41] *** Quits: chmanchester|afk (sid313@moz-6igabj.0j4i.jtu0.0101.2620.IP) (*.net *.split)
[07:31:41] *** Quits: scott (uid25790@moz-e5ok1n.brockwell.irccloud.com) (*.net *.split)
[07:31:41] *** Quits: jvns (sid26231@moz-p7mvuh.brockwell.irccloud.com) (*.net *.split)
[07:31:41] *** Quits: ephemeron (ephemeron@moz-h5kea2.i2gt.qoll.a880.2604.IP) (*.net *.split)
[07:31:41] *** Quits: erikj (erikj@moz-1bq7nj.com) (*.net *.split)
[07:31:41] *** Quits: spastorino (sid27384@moz-i6sgse.brockwell.irccloud.com) (*.net *.split)
[07:31:41] *** Quits: mtsr (mtsr@moz-b5lsuq.yourbnc.co.uk) (*.net *.split)
[07:31:41] *** Quits: Havvy (Havvy@moz-h6avch.m707.nviq.01c2.2601.IP) (*.net *.split)
[07:31:41] *** Quits: larsberg (sid89@moz-1a60qu.0j4i.jtu0.0101.2620.IP) (*.net *.split)
[07:31:41] *** Quits: pnkfelix (sid344@moz-nnnecs.0j4i.jtu0.0101.2620.IP) (*.net *.split)
[07:31:41] *** Quits: O01eg (o01eg@moz-ne06bf.3r7k.3egh.2698.2a02.IP) (*.net *.split)
[07:31:41] *** Quits: reem (sid78397@moz-octfcu.brockwell.irccloud.com) (*.net *.split)
[07:31:41] *** Quits: Siosm (quassel@moz-7ucvlk.c3r2.lncg.41d0.2001.IP) (*.net *.split)
[07:31:41] *** Quits: sp3d (sp3d@moz-re8m3s.mf75.3igv.0240.2601.IP) (*.net *.split)
[07:31:41] *** Quits: carter (carter@moz-aheg3i.ieqc.6fdm.3c03.2600.IP) (*.net *.split)
[07:31:41] *** Quits: dbussink (dbussink@moz-hsd6q3.bussink.me) (*.net *.split)
[07:31:41] *** Quits: smkz (a@moz-gdd4un.fs1g.619c.a880.2604.IP) (*.net *.split)
[07:31:41] *** Quits: jyyou (jyyou@moz-nhbjfr.bo6r.4bjo.8900.2400.IP) (*.net *.split)
[07:31:41] *** Quits: frewsxcv (sid86219@moz-dneii9.brockwell.irccloud.com) (*.net *.split)
[07:31:41] *** Quits: cha0s (chaos@moz-ebt9bj.q7tv.7c32.b0c0.2a03.IP) (*.net *.split)
[07:31:41] *** Quits: wycats (sid79@moz-b4lrm3.brockwell.irccloud.com) (*.net *.split)
[07:31:41] *** Quits: ato (sid11@moz-c1oek8.0j4i.jtu0.0101.2620.IP) (*.net *.split)
[07:31:41] *** Quits: huhlig (sid17687@moz-mt3sa2.highgate.irccloud.com) (*.net *.split)
[07:31:41] *** Quits: Gankro (sid71432@moz-sc2bd6.charlton.irccloud.com) (*.net *.split)
[07:31:41] *** Quits: jld (jld@moz-onnk26.xlerb.net) (*.net *.split)
[07:31:41] *** Quits: nrc (sid365@moz-3taf2s.0j4i.jtu0.0101.2620.IP) (*.net *.split)
[07:31:41] *** Quits: nox (sid3872@moz-fvvn96.ealing.irccloud.com) (*.net *.split)
[07:31:41] *** Quits: Levans (levans@moz-usvfnf.safaradeg.net) (*.net *.split)
[07:31:41] *** Quits: kimundi (kimundi@moz-ffdgkl.n3fm.urnq.57bc.2002.IP) (*.net *.split)
[07:31:41] *** Quits: stask (sid61294@moz-0bjq4h.ealing.irccloud.com) (*.net *.split)
[07:31:41] *** Quits: jethrogb (jethrob@moz-p2iedd.scintilla.utwente.nl) (*.net *.split)
[07:31:41] *** Quits: lkuper (sid44041@moz-7edef8.ealing.irccloud.com) (*.net *.split)
[07:31:41] *** Quits: dprien (dprien@moz-15s7c4.udtd.gaqb.04f8.2a01.IP) (*.net *.split)
[07:32:02] *** Joins: carter (carter@moz-aheg3i.ieqc.6fdm.3c03.2600.IP)
[07:32:02] *** Joins: Levans (levans@moz-usvfnf.safaradeg.net)
[07:32:02] *** Joins: new_one (new_one@moz-ps5j1c.fs1g.619c.a880.2604.IP)
[07:32:02] *** Joins: richo (richo@moz-slrmp8.fs1g.619c.a880.2604.IP)
[07:32:02] *** Joins: cha0s (chaos@moz-ebt9bj.q7tv.7c32.b0c0.2a03.IP)
[07:32:02] *** Joins: DenSchub (DenSchub@moz-6io4fd.hol4.1ume.2260.2a02.IP)
[07:32:02] *** Joins: seanmonstar|offline (seanmonstar@moz-jd3i0j.fkdv.ulf6.3c01.2600.IP)
[07:32:02] *** Joins: O01eg (o01eg@moz-ne06bf.3r7k.3egh.2698.2a02.IP)
[07:32:02] *** Joins: ephemeron (ephemeron@moz-h5kea2.i2gt.qoll.a880.2604.IP)
[07:32:02] *** Joins: andrew-d (andrew-d@moz-dgoafa.cusf.glje.ff48.2607.IP)
[07:32:02] *** Joins: dbussink (dbussink@moz-hsd6q3.bussink.me)
[07:32:02] *** Joins: vadimcn (uid46608@moz-0d43u8.highgate.irccloud.com)
[07:32:02] *** Joins: martin (martin@moz-bmp33l.u0v6.gff7.1608.2001.IP)
[07:32:02] *** Joins: frewsxcv (sid86219@moz-dneii9.brockwell.irccloud.com)
[07:32:02] *** Joins: rdgawdzi (sid91768@moz-36ps68.ealing.irccloud.com)
[07:32:02] *** Joins: jyyou (jyyou@moz-nhbjfr.bo6r.4bjo.8900.2400.IP)
[07:32:02] *** Joins: wycats (sid79@moz-b4lrm3.brockwell.irccloud.com)
[07:32:02] *** Joins: nox (sid3872@moz-fvvn96.ealing.irccloud.com)
[07:32:02] *** Joins: Gankro (sid71432@moz-sc2bd6.charlton.irccloud.com)
[07:32:02] *** Joins: carllerche (sid50851@moz-8i75uq.brockwell.irccloud.com)
[07:32:02] *** Joins: reem (sid78397@moz-octfcu.brockwell.irccloud.com)
[07:32:02] *** Joins: spastorino (sid27384@moz-i6sgse.brockwell.irccloud.com)
[07:32:02] *** Joins: jvns (sid26231@moz-p7mvuh.brockwell.irccloud.com)
[07:32:02] *** Joins: huhlig (sid17687@moz-mt3sa2.highgate.irccloud.com)
[07:32:02] *** Joins: dprien (dprien@moz-15s7c4.udtd.gaqb.04f8.2a01.IP)
[07:32:02] *** Joins: zwarich (sid63988@moz-402giv.ealing.irccloud.com)
[07:32:02] *** Joins: noustuff (sid82844@moz-0s5vdk.highgate.irccloud.com)
[07:32:02] *** Joins: jbcrail (sid24674@moz-s17jb5.charlton.irccloud.com)
[07:32:02] *** Joins: jroesch (sid26078@moz-o13a59.charlton.irccloud.com)
[07:32:02] *** Joins: stask (sid61294@moz-0bjq4h.ealing.irccloud.com)
[07:32:02] *** Joins: ggherdov_ (sid11402@moz-u71qnt.charlton.irccloud.com)
[07:32:02] *** Joins: dherman (sid7996@moz-u0jlif.ealing.irccloud.com)
[07:32:02] *** Joins: lkuper (sid44041@moz-7edef8.ealing.irccloud.com)
[07:32:02] *** Joins: nmatsakis (sid381@moz-32a8b5.0j4i.jtu0.0101.2620.IP)
[07:32:02] *** Joins: pnkfelix (sid344@moz-nnnecs.0j4i.jtu0.0101.2620.IP)
[07:32:02] *** Joins: aturon (sid379@moz-hhfc8n.0j4i.jtu0.0101.2620.IP)
[07:32:02] *** Joins: ato (sid11@moz-c1oek8.0j4i.jtu0.0101.2620.IP)
[07:32:02] *** Joins: nrc (sid365@moz-3taf2s.0j4i.jtu0.0101.2620.IP)
[07:32:02] *** bruford.mozilla.org sets mode: +ooaooo wycats nmatsakis pnkfelix pnkfelix aturon nrc
[07:32:02] *** Joins: chmanchester|afk (sid313@moz-6igabj.0j4i.jtu0.0101.2620.IP)
[07:32:02] *** Joins: huseby (huseby@moz-m7l0au.d2vr.5em6.6400.2605.IP)
[07:32:02] *** Joins: Havvy (Havvy@moz-h6avch.m707.nviq.01c2.2601.IP)
[07:32:02] *** Joins: dustinm` (dustinm@moz-1c1j82.fu2o.sj0n.5300.2607.IP)
[07:32:02] *** Joins: huon (huon@moz-hj272o.8rnv.rggd.6180.2400.IP)
[07:32:02] *** Joins: wcosta_ (sid430@moz-ve87os.0j4i.jtu0.0101.2620.IP)
[07:32:02] *** Joins: mtsr (mtsr@moz-b5lsuq.yourbnc.co.uk)
[07:32:02] *** Joins: semarie (semarie@moz-6vqhft.bpv6.bg1u.41d0.2001.IP)
[07:32:02] *** Joins: Ericson2314 (user@moz-5muv45.m9e4.oi28.0306.2602.IP)
[07:32:02] *** Joins: sp3d (sp3d@moz-re8m3s.mf75.3igv.0240.2601.IP)
[07:32:02] *** Joins: jld (jld@moz-onnk26.xlerb.net)
[07:32:02] *** Joins: steshaw (sid30841@moz-mij4a1.highgate.irccloud.com)
[07:32:02] *** Joins: scott (uid25790@moz-e5ok1n.brockwell.irccloud.com)
[07:32:02] *** Joins: jack (sid19593@moz-fhlsm9.highgate.irccloud.com)
[07:32:02] *** Joins: Siosm (quassel@moz-7ucvlk.c3r2.lncg.41d0.2001.IP)
[07:32:02] *** Joins: erikj (erikj@moz-1bq7nj.com)
[07:32:02] *** Joins: larsberg (sid89@moz-1a60qu.0j4i.jtu0.0101.2620.IP)
[07:32:02] *** Joins: kimundi (kimundi@moz-ffdgkl.n3fm.urnq.57bc.2002.IP)
[07:32:02] *** Joins: jethrogb (jethrob@moz-p2iedd.scintilla.utwente.nl)
[07:32:02] *** Joins: yuriks (quassel@moz-hnlou0.yuriks.net)
[07:32:02] *** Joins: smkz (a@moz-gdd4un.fs1g.619c.a880.2604.IP)
[07:32:02] *** bruford.mozilla.org sets mode: +o huon
[07:37:08] *** Quits: mgottschlag (quassel@moz-c3ivja.hsi14.kabel-badenwuerttemberg.de) (Ping timeout: 121 seconds)
[07:39:50] *** Quits: miselin (miselin@moz-c77.igu.11.203.IP) (Ping timeout: 121 seconds)
[07:41:23] *** Joins: doener (doener@moz-fnh.n4j.147.5.IP)
[07:42:20] *** Quits: jdm (jdm@moz-34mnpi.cpe.pppoe.ca) (Quit: )
[07:42:38] *** Joins: miselin (miselin@moz-c77.igu.11.203.IP)
[07:44:24] *** Joins: AlisdairO (anonymous@moz-ntsaoe.cable.virginm.net)
[07:44:33] *** Quits: njn (chatzilla@moz-270n86.iinet.net.au) (Quit: ChatZilla 0.9.91.1 [Firefox 42.0a1/20150713004157])
[07:49:06] *** Quits: AlisdairO (anonymous@moz-ntsaoe.cable.virginm.net) (Client exited)
[07:50:59] *** Joins: AlisdairO (anonymous@moz-ntsaoe.cable.virginm.net)
[07:53:13] *** Quits: DenSchub (DenSchub@moz-6io4fd.hol4.1ume.2260.2a02.IP) (Ping timeout: 121 seconds)
[07:54:16] *** Joins: DenSchub (DenSchub@moz-4qh7qk.0b101010.org)
[07:56:15] *** Joins: imperio (Mibbit@moz-0ebgt2.fbx.proxad.net)
[07:56:21] <imperio> eddyb: pnkfelix: ping
[08:04:44] *** Quits: dbittman (piranha@moz-3ab361.ca.comcast.net) (Ping timeout: 121 seconds)
[08:06:52] *** Quits: miselin (miselin@moz-c77.igu.11.203.IP) (Ping timeout: 121 seconds)
[08:11:41] *** Joins: miselin (miselin@moz-c77.igu.11.203.IP)
[08:12:22] *** Joins: gleb (gleb@moz-3u1drv.rusanovka-net.kiev.ua)
[08:24:33] *** Joins: vmx (vmx@moz-euo11p.dip0.t-ipconnect.de)
[08:30:18] *** Quits: dcb (textual@moz-v6l3du.ca.comcast.net) (Quit: My Mac has gone to sleep. ZZZzzz…)
[08:30:44] *** Quits: AlisdairO (anonymous@moz-ntsaoe.cable.virginm.net) (Client exited)
[08:31:46] *** Joins: listochkin (listochkin@moz-iv2.3rb.216.62.IP)
[08:32:31] *** Joins: AlisdairO (anonymous@moz-ntsaoe.cable.virginm.net)
[08:34:03] *** Joins: canhtak (jeremy@moz-kcs.u0t.149.5.IP)
[08:37:46] *** Joins: genbattle (genbattle@moz-poo2cb.xtra.co.nz)
[08:38:24] *** Joins: summerlight (summerlight@moz-lb3.6do.193.175.IP)
[08:38:26] *** Joins: casey (casey@moz-v0ns05.tpgi.com.au)
[08:43:30] *** Quits: canhtak (jeremy@moz-kcs.u0t.149.5.IP) (Client exited)
[08:43:35] *** Joins: canhtak (jeremy@moz-kcs.u0t.149.5.IP)
[08:46:28] *** Quits: canhtak (jeremy@moz-kcs.u0t.149.5.IP) (Client exited)
[08:46:37] *** Joins: canhtak (jeremy@moz-kcs.u0t.149.5.IP)
[08:50:19] *** Quits: canhtak (jeremy@moz-kcs.u0t.149.5.IP) (Client exited)
[08:51:10] *** Quits: Pierre_M (Pierre_M@moz-l5anv0.slkc.qwest.net) (Connection closed)
[08:51:52] *** Joins: canhtak (jeremy@moz-kcs.u0t.149.5.IP)
[09:03:41] *** Joins: laumann (thomas@moz-3m6.3kq.109.2.IP)
[09:07:02] *** Joins: AlecTaylor (AlecTaylor@moz-f0nneq.lnk.telstra.net)
[09:07:13] <AlecTaylor> hi
[09:08:23] *** Quits: canhtak (jeremy@moz-kcs.u0t.149.5.IP) (Client exited)
[09:10:12] *** Joins: canhtak (jeremy@moz-kcs.u0t.149.5.IP)
[09:13:45] *** Joins: aepsil0n (eduard@moz-adiikc.5mue.uq8s.8071.2a02.IP)
[09:13:54] *** Quits: AlecTaylor (AlecTaylor@moz-f0nneq.lnk.telstra.net) (Quit: Leaving)
[09:16:44] *** Joins: killercup (killercup@moz-icpsbi.dip0.t-ipconnect.de)
[09:18:27] *** Quits: canhtak (jeremy@moz-kcs.u0t.149.5.IP) (Ping timeout: 121 seconds)
[09:23:35] *** Joins: bluss (bluss@moz-dc3fi4.customer.cdi.no)
[09:24:03] *** Quits: imperio (Mibbit@moz-0ebgt2.fbx.proxad.net) (Quit: http://www.mibbit.com ajax IRC Client)
[09:26:07] *** Joins: imperio (Mibbit@moz-0ebgt2.fbx.proxad.net)
[09:27:08] *** Joins: canhtak (jeremy@moz-kcs.u0t.149.5.IP)
[09:34:57] *** Quits: Kingsqueee (kingsley@moz-k72lip.bchsia.telus.net) (Quit: Konversation terminated!)
[09:36:19] *** Quits: killercup (killercup@moz-icpsbi.dip0.t-ipconnect.de) (Quit: Bye)
[09:37:10] *** Joins: goyox86 (textual@moz-qfs.570.70.83.IP)
[09:39:04] <pnkfelix> imperio: pong
[09:40:41] *** Joins: goyox86_ (textual@moz-qfs.570.70.83.IP)
[09:43:24] *** Quits: goyox86 (textual@moz-qfs.570.70.83.IP) (Ping timeout: 121 seconds)
[09:47:57] *** Joins: munksgaard (munksgaard@moz-csdlv1.cable.virginm.net)
[09:51:27] *** Joins: eibwen (eibwen@moz-14h7fq.dip0.t-ipconnect.de)
[09:53:45] *** Quits: canhtak (jeremy@moz-kcs.u0t.149.5.IP) (Client exited)
[09:55:43] *** Quits: ChrisMorgan (ChrisMorgan@moz-g6osuq.tpgi.com.au) (Ping timeout: 121 seconds)
[10:00:31] *** Quits: listochkin (listochkin@moz-iv2.3rb.216.62.IP) (Quit: My Mac has gone to sleep. ZZZzzz…)
[10:04:24] *** Quits: aepsil0n (eduard@moz-adiikc.5mue.uq8s.8071.2a02.IP) (Quit: Leaving.)
[10:04:51] *** Joins: Sho (sho@moz-md4.ufn.28.5.IP)
[10:08:19] *** Joins: nagisa (nagisa@moz-8t068g.static.zebra.lt)
[10:11:53] *** Joins: dp (dp@moz-jbmop1.gb4f.8ao9.0e35.2a01.IP)
[10:22:26] <bluss> the android builder is still gone, and bors is just waiting around
[10:23:29] <bluss> hm not sure what the builders are doing. Oh they are all offline
[10:32:55] *** Quits: casey (casey@moz-v0ns05.tpgi.com.au) (Connection closed)
[10:36:38] *** Joins: harrisonclarke (harrisoncla@moz-uur7pt.eastlink.ca)
[10:38:25] *** Quits: harrisonclarke (harrisoncla@moz-uur7pt.eastlink.ca) (Connection closed)
[10:39:26] *** Joins: ChrisMorgan (ChrisMorgan@moz-g6osuq.tpgi.com.au)
[10:44:24] *** Quits: ChrisMorgan (ChrisMorgan@moz-g6osuq.tpgi.com.au) (Ping timeout: 121 seconds)
[10:45:48] *** Joins: Skyler (Skyler@moz-apq4vd.fios.verizon.net)
[10:46:38] *** Joins: harrisonclarke (harrisoncla@moz-uur7pt.eastlink.ca)
[10:50:43] *** Quits: munksgaard (munksgaard@moz-csdlv1.cable.virginm.net) (Connection closed)
[11:03:58] <Elaine> You know you're tired when you start writing "loop" instead of "continue"...
[11:09:34] *** Quits: harrisonclarke (harrisoncla@moz-uur7pt.eastlink.ca) (Connection closed)
[11:09:49] *** Joins: harrisonclarke (harrisoncla@moz-uur7pt.eastlink.ca)
[11:09:50] *** Quits: AlisdairO (anonymous@moz-ntsaoe.cable.virginm.net) (Client exited)
[11:11:37] *** Joins: bdero (bran@moz-e4f4ei.mit.edu)
[11:12:10] <imperio> pnkfelix: have you take another a look at gh26898 ?
[11:12:11] <[o__o]> Improvements of librustc_resolve and add missing error codes: https://github.com/rust-lang/rust/pull/26898
[11:12:45] <imperio> *taken
[11:15:26] <Elaine> Since forget is safe, it'd be neat to have a safe Vec<T:'static> => &'static [T]
[11:17:14] *** Joins: listochkin (listochkin@moz-iv2.3rb.216.62.IP)
[11:18:22] <kimundi> Elaine: Well there ought to be a Box<T: 'static> -> &'static T method. with that you can go Vec<T> -> Box<[T]> -> &'static [T]
[11:19:00] *** Quits: genbattle (genbattle@moz-poo2cb.xtra.co.nz) (Ping timeout: 121 seconds)
[11:19:02] <Elaine> kimundi: Ought to be as in right now, or ideally?
[11:19:07] <Elaine> (but yes, I agree)
[11:19:43] *** Joins: imperio_ (Mibbit@moz-0ebgt2.fbx.proxad.net)
[11:20:28] *** Quits: dp (dp@moz-jbmop1.gb4f.8ao9.0e35.2a01.IP) (Quit: Leaving)
[11:20:58] <kimundi> Not sure if its actually in the library already
[11:21:01] *** Quits: imperio (Mibbit@moz-0ebgt2.fbx.proxad.net) (Quit: http://www.mibbit.com ajax IRC Client)
[11:21:14] <kimundi> But it was like the first example of such an API, and proposed in the forget RFC
[11:21:38] <Elaine> ah
[11:26:50] *** Joins: AlisdairO (anonymous@moz-ntsaoe.cable.virginm.net)
[11:27:45] *** Joins: ChrisMorgan (ChrisMorgan@moz-g6osuq.tpgi.com.au)
[11:32:43] *** Quits: ChrisMorgan (ChrisMorgan@moz-g6osuq.tpgi.com.au) (Ping timeout: 121 seconds)
[11:37:23] *** Quits: wcosta_ (sid430@moz-ve87os.0j4i.jtu0.0101.2620.IP) (Quit: )
[11:38:09] *** Joins: wcosta (sid430@moz-ve87os.0j4i.jtu0.0101.2620.IP)
[11:43:31] *** Joins: mukilan (mukilan@moz-mu4.o0o.164.122.IP)
[11:44:18] *** Joins: Tobba (Tobba@moz-o13d22.bredband.telia.com)
[11:44:37] <doener> hmm, can function types be recursive?
[11:46:24] *** Quits: listochkin (listochkin@moz-iv2.3rb.216.62.IP) (Connection closed)
[11:46:48] *** Joins: listochkin (listochkin@moz-iv2.3rb.216.62.IP)
[11:47:04] *** Quits: koobs (koobs@moz-lu0tvm.internode.on.net) (Ping timeout: 121 seconds)
[11:47:53] *** Joins: amyers (amyers@moz-qn874b.zip.zayo.com)
[11:52:32] *** Quits: imperio_ (Mibbit@moz-0ebgt2.fbx.proxad.net) (Quit: http://www.mibbit.com ajax IRC Client)
[11:56:40] <Manishearth> doener: recursive?
[11:56:42] <Manishearth> how?
[11:56:51] <Manishearth> oh
[11:56:52] <Manishearth> hmm
[11:58:04] <bluss> doener: don't think so, rustc will error out on recursive types (recursive closure traits types at least)
[11:58:50] <Manishearth> doener: I don't see how one would construct such a thing
[11:59:25] *** Joins: arielb1 (Mibbit@moz-miv0p8.tau.ac.il)
[12:00:06] <bluss> Just like in other languages, you can use a struct or other intermediate type to create for example a recursive closure
[12:01:21] <Manishearth> bluss: still don't get how that pans out in syntax
[12:01:27] *** Joins: dp (dp@moz-jbmop1.gb4f.8ao9.0e35.2a01.IP)
[12:01:33] <Manishearth> Rust errors out when it needs to process the same type twice
[12:02:11] <bluss> the type is no longer directly recursive with the intermediate struct
[12:02:21] <Manishearth> yeah no that wont work
[12:02:28] <bluss> recursive closure combinator: http://bluss.github.io/arrayvec/doc/odds/struct.Fix.html
[12:02:29] <Manishearth> rustc's recursion detection is sophisticated
[12:02:55] <bluss> I'm only talking about what I'm using Manishearth :)
[12:03:01] <Manishearth> heh
[12:03:57] <Manishearth> bluss: you could write an MBE that converts lambda expressions into these things btw
[12:04:22] <bluss> Manishearth: what's an MBE?
[12:04:27] <Manishearth> macro_rules!
[12:04:30] <Manishearth> macro by example
[12:04:46] <bluss> maybe..? hm
[12:04:48] <Manishearth> as opposed to procedural macros which can read your email and wipe your hard drive
[12:13:59] *** Quits: Skyler (Skyler@moz-apq4vd.fios.verizon.net) (Client exited)
[12:16:31] *** Joins: ChrisMorgan (ChrisMorgan@moz-g6osuq.tpgi.com.au)
[12:19:15] *** Quits: martin (martin@moz-bmp33l.u0v6.gff7.1608.2001.IP) (A TLS packet with unexpected length was received.)
[12:20:38] *** Joins: koobs (koobs@moz-lu0tvm.internode.on.net)
[12:21:01] *** Joins: martin (martin@moz-bmp33l.u0v6.gff7.1608.2001.IP)
[12:21:20] *** Quits: laumann (thomas@moz-3m6.3kq.109.2.IP) (Ping timeout: 121 seconds)
[12:22:13] <doener> playbot: let mut x; x = || x;
[12:22:14] -playbot- thread 'rustc' has overflowed its stack
[12:22:14] -playbot- output truncated; full output at: http://bit.ly/1TCj42d
[12:22:23] <doener> at least it tried :-D
[12:22:56] <Elaine> Manishearth: ^ very sophisticated, eh?
[12:23:25] <Manishearth> oh nice
[12:24:29] <Manishearth> playbot: let x = ||||||||||||||||||||||||||||||1;
[12:24:30] -playbot- ()
[12:24:39] *** Quits: bdero (bran@moz-e4f4ei.mit.edu) (Ping timeout: 121 seconds)
[12:24:41] <Manishearth> hey, no longer kills it
[12:24:56] <doener> wat?
[12:25:21] <Manishearth> playbot: let x = |_| |_| 0_0;
[12:25:22] -playbot- <anon>:9:17: 9:28 error: cannot determine a type for this expression: unconstrained type [E0101]
[12:25:23] -playbot- <anon>:9         let x = |_| |_| 0_0;
[12:25:23] -playbot- output truncated; full output at: http://bit.ly/1I2dHaD
[12:25:27] <Manishearth> aw
[12:32:40] *** Joins: Diggsey (diggsey@moz-vr51n4.dsl.pipex.com)
[12:40:26] *** Joins: bdero (bran@moz-0jhegm.dyn.mit.edu)
[12:47:00] *** Quits: rovar_ (rovar@moz-96effg.dyn.optonline.net) (Connection closed)
[12:54:20] <doener> who's best to ask about reviewing a debuginfo related PR?
[12:54:55] <Elaine> michaelwoerister, if he has time
[12:58:29] <doener> oh right! thanks
[13:00:59] *** Joins: RC9 (RCIX@moz-7omm6s.ph.cox.net)
[13:13:15] *** Quits: p1start (p1start@moz-nftjhe.org) (Ping timeout: 121 seconds)
[13:13:42] *** Quits: goyox86_ (textual@moz-qfs.570.70.83.IP) (Quit: My Mac has gone to sleep. ZZZzzz…)
[13:16:18] <pnkfelix> doener: i've been independently working on reducing the rustc input to a smaller test case that hits the same LLVM assert
[13:16:33] <pnkfelix> doener: so I'm secretly happy that you don't have a smaller test case since it means my time was not 100% wasted
[13:16:42] <doener> pnkfelix: heh :-)
[13:16:58] <pnkfelix> doener: I've got it down to a 675 line program now
[13:17:15] <pnkfelix> doener: I am now trying to figure out how to remove its dependence on libserialize
[13:17:46] <pnkfelix> doener: (and more importantly, #[derive(RustcDecodable)] ... its kind of crazy how many things I need to pull in to tickle this bug...)
[13:18:16] <doener> pnkfelix: adding the test I have now at least taught me about the format for debuginfo tests, so I'm still happy to have that added as well
[13:30:20] *** Joins: goyox86 (textual@moz-6gq.t8s.78.166.IP)
[13:36:49] *** Quits: Feyn (aram@moz-5vj.68e.115.42.IP) (Quit: Leaving)
[13:40:52] *** Joins: killercup (killercup@moz-icpsbi.dip0.t-ipconnect.de)
[13:42:30] <nagisa> when does mozilla start working in the US? 11:00? 13:00?
[13:51:06] <AlisdairO> so, I’m looking for some little jobs to do to help out with the stdlib.  There seems to be a bunch of warnings regarding dead code/unused imports when I do a make -j8 rustc-stage1 && make check-stage1 - would it be useful for me to go through and fix some of them?
[13:52:55] <Manishearth> AlisdairO: sure, make sure they pass stage2 too
[13:53:07] <Manishearth> some of those warnings only occur because of bootstrappinh
[13:53:25] <Manishearth> AlisdairO: otherwise, if you like writing and are good at rust, improving the diagnostics is an option
[13:53:42] <Manishearth> or there are lots of things
[13:53:51] *** Quits: amyers (amyers@moz-qn874b.zip.zayo.com) (Quit: Leaving)
[13:53:52] <Manishearth> though cleanup work like warning fixes are always welcome!
[13:55:32] <AlisdairO> Manishearth: ah, I wondered if some of them might be spurious
[13:56:12] <AlisdairO> I do like writing and am okay with rust, but I am not strong with compilers
[13:56:24] <Manishearth> AlisdairO: diagnostics may be fun for you then
[13:56:31] <Manishearth> I've been trying to improve them too
[13:56:39] <Manishearth> there are two types of things you can do for diagnostics
[13:56:51] <Manishearth> (a) write long explanations for error codes
[13:57:00] <Manishearth> (b) write in-place hints/notes for errors
[13:57:22] <Manishearth> the latter is hard and requires knowledge of compiler internals (not that you can't obtain that knowledge without much trouble) but the former is easy
[13:57:44] <Manishearth> you figure out how to trigger an error, and write a long explanation about why it happened and what it means and how to fix it if possible
[13:57:58] <AlisdairO> okay - any chance you could point me to a place to get started?
[13:58:05] <Manishearth> this isn't a perfect example, but I did some here: https://github.com/rust-lang/rust/pull/26963/files
[13:58:34] <Manishearth> otherwise imperio's PRs (https://github.com/rust-lang/rust/pulls?q=is%3Apr+author%3AGuillaumeGomez+is%3Aclosed) are good examples
[13:58:46] <Manishearth> AlisdairO: the meta bug is https://github.com/rust-lang/rust/issues/24407
[13:58:56] <Manishearth> AlisdairO: so, you pick a diagnostics.rs file
[13:59:21] <Manishearth> and pick an error message that's at the bottom (inside register_diagnostics! instead of register_long_diagnostics!)
[13:59:44] <Manishearth> there's a diagnostics.rs in each of the librustc_* crates
[14:00:20] <AlisdairO> ok, fantastic - i’ll start looking it over - thanks :)
[14:00:22] <Manishearth> then, figure out how to trigger the error, perhaos by looking at the comment next to it, or by doing a code search on github for the error code and seeing why the error may appear
[14:01:20] <Manishearth> so if it's, say, E0002, you can trigger it with a program that is just an empty match block
[14:01:33] <Manishearth> and then write a full explanation, which will show up when people do rustc --excplain E0002
[14:02:07] <Manishearth> http://is.gd/ww7MOm
[14:02:10] <Manishearth> ^example
[14:02:18] <Manishearth> playpen even includes a helpful link to the error index
[14:02:32] <Manishearth> If you want a particular error code to work on I can give you one
[14:04:07] *** Quits: dp (dp@moz-jbmop1.gb4f.8ao9.0e35.2a01.IP) (Ping timeout: 121 seconds)
[14:10:03] *** Joins: samnmax (samnmax@moz-1vk.aq9.27.72.IP)
[14:11:20] <doener> actually, you can end up with a recursive type for function pointers at least: struct S { f: fn(&S) }
[14:12:54] *** Joins: waffles (wafflespean@moz-ksa.948.23.1.IP)
[14:15:46] <arielb1> pnkfelix: ping
[14:17:34] <AlisdairO> Manishearth: thaks - I’ll take a look through the list and see if I can pick one out :)
[14:24:07] *** Quits: goyox86 (textual@moz-6gq.t8s.78.166.IP) (Connection closed)
[14:25:00] *** Joins: goyox86 (textual@moz-qfs.570.70.83.IP)
[14:32:25] *** Quits: harrisonclarke (harrisoncla@moz-uur7pt.eastlink.ca) (Connection closed)
[14:32:44] *** Quits: goyox86 (textual@moz-qfs.570.70.83.IP) (Connection closed)
[14:32:58] *** Joins: goyox86 (textual@moz-9ct.il3.161.192.IP)
[14:35:43] <AlisdairO> has anyone else had trouble running make check-stage1 on OSX?  I’m getting python dying during the tests
[14:35:52] *** Joins: aepsil0n (eduard@moz-adiikc.5mue.uq8s.8071.2a02.IP)
[14:36:06] <AlisdairO> on lldb
[14:36:25] <AlisdairO> sorry, i mean on debuginfo-lldb
[14:37:45] *** Quits: goyox86 (textual@moz-9ct.il3.161.192.IP) (Ping timeout: 121 seconds)
[14:38:05] *** Joins: goyox86 (textual@moz-6gq.t8s.78.166.IP)
[14:38:40] *** Joins: laumann (thomas@moz-3m6.3kq.109.2.IP)
[14:39:02] *** Quits: laumann (thomas@moz-3m6.3kq.109.2.IP) (Quit: leaving)
[14:39:03] *** Joins: yjv (yjv@moz-j0cdis.fios.verizon.net)
[14:39:04] *** Joins: laumann (thomas@moz-3m6.3kq.109.2.IP)
[14:44:24] *** Quits: goyox86 (textual@moz-6gq.t8s.78.166.IP) (Ping timeout: 121 seconds)
[14:50:35] *** Quits: bluss (bluss@moz-dc3fi4.customer.cdi.no) (A TLS packet with unexpected length was received.)
[14:54:19] *** Quits: waffles (wafflespean@moz-ksa.948.23.1.IP) (Quit: C'yall soon...)
[14:54:24] *** Joins: waffles (wafflespean@moz-ksa.948.23.1.IP)
[15:02:59] *** Joins: harrisonclarke (harrisoncla@moz-uur7pt.eastlink.ca)
[15:04:09] *** Quits: Jesin (Jesin@moz-sak2gd.cc.lehigh.edu) (Quit: Leaving)
[15:04:44] *** Quits: squiddy (squiddy@moz-md4.pm3.19.178.IP) (Quit: Leaving)
[15:06:31] *** Quits: eddyb (eddyb@moz-v6d.q07.26.188.IP) (Ping timeout: 121 seconds)
[15:07:19] *** Quits: harrisonclarke (harrisoncla@moz-uur7pt.eastlink.ca) (Ping timeout: 121 seconds)
[15:09:09] *** Joins: harrisonclarke (harrisoncla@moz-uur7pt.eastlink.ca)
[15:13:44] *** Joins: SiegeLord (sl@moz-9jtaei.ca.comcast.net)
[15:21:29] *** Quits: kxlzz (kxlzz@moz-a3bguo.vc.shawcable.net) (Connection closed)
[15:23:59] *** Joins: kxlzz (kxlzz@moz-a3bguo.vc.shawcable.net)
[15:27:17] *** Quits: laumann (thomas@moz-3m6.3kq.109.2.IP) (Ping timeout: 121 seconds)
[15:31:39] *** Joins: mib_93iefp (Mibbit@moz-hu6.nja.252.72.IP)
[15:34:25] *** Joins: mjboa (mike@moz-gfdglf.hsi06.unitymediagroup.de)
[15:35:44] *** Quits: mib_93iefp (Mibbit@moz-hu6.nja.252.72.IP) (Quit: http://www.mibbit.com ajax IRC Client)
[15:36:07] *** Joins: eddyb (eddyb@moz-v6d.q07.26.188.IP)
[15:45:28] <arielb1> pnkfelix: ping
[15:45:58] <pnkfelix> arielb1: pong
[15:46:21] <arielb1> pnkfelix: how does "NRVO" work with box desugaring?
[15:46:51] <pnkfelix> arielb1: I'm not sure I understand the questino
[15:47:09] <arielb1> box desugaring is
[15:47:17] <pnkfelix> arielb1: the box desugaring makes the location that you need to write into explicit
[15:47:24] <arielb1> let box = make_box(); ptr::write(box, init_value()); box.finish()
[15:47:28] <arielb1> right?
[15:47:50] <pnkfelix> arielb1: essentially
[15:47:54] *** Joins: filsmick (filsmick@moz-0qapam.abo.wanadoo.fr)
[15:48:05] <arielb1> init_value() should be φ
[15:48:07] <arielb1> rather
[15:48:15] <arielb1> (its an expression, not a function call)
[15:48:48] <arielb1> pnkfelix: the entire point of box desugaring is that φ/init_value is translated in DPS mode
[15:49:07] <arielb1> right?
[15:49:15] <pnkfelix> arielb1: "is translated in" ...
[15:49:24] *** Quits: c0170 (c0170@moz-bb29a4.cambridge.arm.com) (Ping timeout: 121 seconds)
[15:49:43] <pnkfelix> arielb1: oh wait I think I understand
[15:49:44] *** Joins: tamird (textual@moz-ga3.afc.209.65.IP)
[15:50:01] <arielb1> φ should be translated as DPS, not as Datum
[15:50:06] <pnkfelix> arielb1: I had to actually change the codegen for the intrinsic that underlies ptr::write
[15:50:17] <pnkfelix> arielb1: so that it avoids putting a temporary on the stack
[15:50:24] <arielb1> pnkfelix: how is that correct?
[15:50:31] <arielb1> if you have
[15:50:35] <arielb1> ptr::write(p, ptr::read(p))
[15:51:10] <arielb1> or (actually bad)
[15:51:17] <tamird> hey folks, possibly stupid question: any reason `SliceConcatExt` has to be implemented for slices rather than `ExactSizeIterator`?
[15:51:22] <arielb1> ptr::write(p, (ptr::read(p).1, ptr::read(p).0))
[15:51:38] <pnkfelix> arielb1: the expression thats running does not have access `p`
[15:51:48] <arielb1> pnkfelix: does not have access?
[15:51:53] <tamird> or even just `Iterator`
[15:51:54] <pnkfelix> arielb1: at least that's my memory, let me double check
[15:52:15] <arielb1> is make_box a magic #[allocator]?
[15:52:58] <pnkfelix> arielb1: you wrote: `ptr::write(p, expression-that-uses-p`
[15:53:16] <arielb1> pnkfelix: p is a raw pointer
[15:53:17] <pnkfelix> arielb1: but `p` is bound by the macro expansion
[15:53:35] <pnkfelix> arielb1: my point is that the expression you write does not have access to it
[15:53:39] <pnkfelix> arielb1: due to macro hygiene
[15:53:52] <arielb1> pnkfelix: of course the desugaring is correct by itself
[15:54:09] <arielb1> but won't that break ptr::write?
[15:54:12] <pnkfelix> arielb1: so you're talking about someone who is calling the methods directly?
[15:54:20] <pnkfelix> arielb1: rather than using the `box` or `in` forms?
[15:54:52] <arielb1> pnkfelix: I am talking about direct uses of ptr::write
[15:55:05] <pnkfelix> okay?  And those thus have to be guarded by `unsafe` ... ?
[15:55:08] <pnkfelix> arielb1: ^
[15:55:26] <arielb1> pnkfelix: ptr::write is supposed to be a function
[15:55:37] <arielb1> you can call untrusted safe code in the argument to ptr::write
[15:56:08] <arielb1> that would be expected to run *before* p is mutated
[15:56:51] <arielb1> and it shouldn't be unsafe to reenter the unsafe code and access `p` during the execution of that function
[15:57:09] <arielb1> as long as e.g. the pointed-to type lacks a destructor
[15:57:14] <pnkfelix> arielb1: I continue to be confused about what the actual scenario is that you are describing here
[15:57:24] <arielb1> ptr::write(p, (ptr::read(p).1, ptr::read(p).0))
[15:57:37] <arielb1> if p is a pointer to a pair of the same Copy type
[15:57:49] <arielb1> that's unsafe code that certainly should work
[15:57:59] <pnkfelix> Are you now talking about changes to `ptr::write`, and not the box desugaring itself?
[15:58:16] <pnkfelix> Or is this still meant to be understood in the context of an overall box desugaring?
[15:58:23] <arielb1> pnkfelix: outside of the box desugaring
[15:58:30] <arielb1> I wasn't sure you did it by changing ptr::write
[15:58:42] <pnkfelix> well
[15:58:44] <pnkfelix> arielb1: I lied
[15:59:02] <pnkfelix> arielb1: I didn't change ptr::write itself
[15:59:20] <arielb1> pnkfelix: you added a magic `lazy_write`?
[15:59:21] <pnkfelix> arielb1: at least, not the function that is exported from the std lib
[15:59:41] <pnkfelix> arielb1: IIRC, I changed the desugaring to call directly into the intrinsic
[15:59:43] *** Joins: untitaker (untitaker@moz-ssah9i.highway.telekom.at)
[15:59:56] <pnkfelix> arielb1: which has non function semantics with respect to its arguments
[16:00:06] <pnkfelix> arielb1: (w.r.t. order-of-evaluation)
[16:00:06] <arielb1> pnkfelix: aren't intrinsics supposed to have function semantics?
[16:00:13] *** Quits: untitaker_ (untitaker@moz-q9mod5.highway.telekom.at) (Ping timeout: 121 seconds)
[16:00:32] *** Joins: c0170 (c0170@moz-4stj9o.cable.virginm.net)
[16:00:46] <arielb1> I was looking at it from the context of the MIR
[16:01:08] <pnkfelix> (actually order-of-eval might still be preserved)
[16:01:22] <pnkfelix> (i had to do *something* to keep the value from spilling onto the stack)
[16:01:35] <pnkfelix> (but I cannot recall off top of head how involved it was.  I'll go look)
[16:04:20] <pnkfelix> okay, order of eval was preserved
[16:04:44] <pnkfelix> the point was to eval the first argument, and then trans the second argument directly into the resulting destination address
[16:05:11] <pnkfelix> arielb1: which may be exactly what you meant by RVO (NRVO?) ?
[16:05:19] <arielb1> pnkfelix: that's "NRVO"
[16:05:22] <arielb1> some form of
[16:05:27] <pnkfelix> arielb1: what's the N stand for?
[16:05:34] <arielb1> named return value optimization
[16:05:38] <pnkfelix> ah
[16:05:40] <arielb1> it is related to it
[16:05:51] <arielb1> not really NRVO, just similar
[16:05:58] *** Quits: vmx (vmx@moz-euo11p.dip0.t-ipconnect.de) (Quit: Leaving)
[16:06:16] <pnkfelix> hmm, it seems like i might never have pushed this local branch to github...
[16:06:27] <arielb1> in the MIR, you have $temp = φ; write(p, $temp)
[16:06:51] <arielb1> if write is an intrinsic
[16:07:01] *** Joins: jensnockert (jensnockert@moz-pvj.o2f.219.84.IP)
[16:07:09] <arielb1> that's $temp = φ; *p = $temp
[16:07:27] <arielb1> the same pattern occurs in actual NRVO (replace p with retval)
[16:07:27] <pnkfelix> arielb1: I see.  This is a consequence of how the MIR itself is defined?
[16:07:31] *** Joins: brson (brson@moz-cfhap5.mtv2.mozilla.com)
[16:07:31] *** ChanServ sets mode: +o brson
[16:07:48] <arielb1> pnkfelix: yes
[16:07:54] <brson> today i'll mostly work on mergefunc i think
[16:08:01] <pnkfelix> arielb1: well we can see if there's a way to address that
[16:08:03] <arielb1> MIR translation occurs before intrinsics are resolved
[16:08:17] <arielb1> pnkfelix: I would prefer something like *become p = φ
[16:08:21] <arielb1> a new (unstable) syntax
[16:09:14] <arielb1> that would also make the optimization available independent of the box syntax
[16:09:19] <arielb1> maybe I should write a pre-RFC
[16:10:02] <pnkfelix> arielb1: We could consider requiring the translation of the MIR to low-level code to actually optimize some of these cases
[16:10:29] <pnkfelix> arielb1: but an explicit syntax may be an interesting alternative
[16:10:38] <pnkfelix> nmatsakis: ^
[16:10:46] <arielb1> pnkfelix: we would need to thread the protocol through the MIR
[16:10:54] <arielb1> and through MIR-to-MIR optimizations
[16:11:16] <arielb1> I mean, the lazy_write protocol
[16:11:46] *** Quits: SiegeLord (sl@moz-9jtaei.ca.comcast.net) (Quit: It's a joke, it's all a joke.)
[16:17:56] <kimundi> Is it possible with clang to get a list of all function definitions in a source file?
[16:18:24] <Elaine> Not sure about clang itself, but definitely with libclang.
[16:18:36] <kimundi> ah, meant the latter anyway
[16:19:01] <Elaine> libclang has a nice python binding if you want to poke around.
[16:19:14] <kimundi> If only I knew python :P
[16:19:27] <Elaine> mm
[16:21:46] *** Joins: nham (nham@moz-lglsfe.il.comcast.net)
[16:24:23] <nagisa> so when does workday in USzilla begin?
[16:24:49] <steveklabnik> depends on where you live
[16:24:54] <steveklabnik> and if you go to an office or not
[16:25:11] <nagisa> well, california so farthest (counting in timezones) from my location
[16:25:17] <nagisa> so probably that
[16:25:54] *** Quits: AlisdairO (anonymous@moz-ntsaoe.cable.virginm.net) (Client exited)
[16:26:21] <nagisa> no plans on visiting, just interested in when it would be sensible to start pinging people there, because yesterday I didn't have enough patience to wait for acrichto’s pong
[16:26:54] <nagisa> acrichto: ping
[16:26:57] <steveklabnik> yeah, so also, for example, acrichto lives on the east coast but (iirc) is currently on the west, soooo
[16:27:16] <aturon> steveklabnik: he moved to SF
[16:27:20] <steveklabnik> oh?
[16:27:23] <steveklabnik> neat
[16:27:28] <acrichto> nagisa: pong!
[16:27:30] <aturon> yeah, it's great to have him back :)
[16:27:31] <acrichto> steveklabnik: yeah I'm in SF now
[16:27:32] *** Quits: harrisonclarke (harrisoncla@moz-uur7pt.eastlink.ca) (Connection closed)
[16:27:33] <acrichto> <3
[16:27:56] *** Joins: harrisonclarke (harrisoncla@moz-uur7pt.eastlink.ca)
[16:28:12] <nagisa> acrichto: so yeah, what’s our story on lint removals/deprecations/additions currently?
[16:28:59] <nagisa> I haven’t seen any lint being deprecated so far, so I'm a little bit confused what to do about https://github.com/rust-lang/rust/pull/27026#discussion_r34605147
[16:29:09] <acrichto> nagisa: so long as it's not an error by default then I believe we're pushing forward as it's likely to have that linting RFC accepted in one form or another
[16:29:31] <acrichto> playbot: #![allow(foo)]
[16:29:32] -playbot- <anon>:9:11: 9:12 error: an inner attribute is not permitted in this context
[16:29:32] -playbot- <anon>:9         #![allow(foo)]
[16:29:32] -playbot- output truncated; full output at: http://bit.ly/1O6EYXB
[16:29:38] <acrichto> playbot: #[allow(foo)] fn foo() {}
[16:29:40] -playbot- <anon>:9:17: 9:20 warning: unknown `allow` attribute: `foo`, #[warn(unknown_lints)] on by default
[16:29:40] -playbot- <anon>:9         #[allow(foo)] fn foo() {}
[16:29:40] -playbot- output truncated; full output at: http://bit.ly/1RzrpWT
[16:29:45] <acrichto> ah yeah that's fine in that case
[16:30:22] <acrichto> nagisa: it may be nice to have a message saying that it's deprecated (I think we have infrastructure for this?), but the actual act of doing so should be fine
[16:30:38] *** Joins: AlisdairO (anonymous@moz-ntsaoe.cable.virginm.net)
[16:31:24] *** Joins: sprocket (Mibbit@moz-hu6.nja.252.72.IP)
[16:31:59] *** Joins: dbittman (piranha@moz-3ab361.ca.comcast.net)
[16:32:00] <nagisa> I tried searching for some combinations of “lint” and “deprecated” in the codebase yesterday, and couldn’t find any, which leads to conclusion we might not have anything
[16:33:00] <nagisa> is anybody aware of anything related to lint deprecation?
[16:35:30] <nagisa> Hmm, we do have some code for renamings
[16:35:54] <nagisa> but that’s it
[16:36:55] *** Quits: sprocket (Mibbit@moz-hu6.nja.252.72.IP) (Quit: http://www.mibbit.com ajax IRC Client)
[16:39:56] *** Quits: hugod (user@moz-jka.jmo.24.70.IP) (Connection closed)
[16:41:15] <kimundi> Hm, would the Rust grammar allow for turning `unsafe { ... }` into `unsafe <expr>` composed with `{ ... }`
[16:41:27] <kimundi> THat, enabling the unsafe modifer on arbitrary expression
[16:41:36] <kimundi> unsafe &*raw_ptr
[16:41:49] <brson> nagisa: the last time i deprecated a lint i just set it to allow by default and added '(deprecated)' to the description
[16:42:19] <brson> nagisa: i didn't issue any warnings about it though, since mine wasn't likely to be used by real code
[16:42:26] <brson> nagisa: you probably need a lint for deprecated lints
[16:49:58] *** Joins: eljay (eljay@moz-fmte10.skybroadband.com)
[16:52:03] <AlisdairO> arichto: re you comment on using a trait object for the read_to_end_uninitialized function, i now need to alter the callers into that to pass read_to_end_uninitialized(&mut self, buf), which doesn’t work because self is immutable.  I can work around this by doing let mut s = self; read_to_end_uninitialized(&mut s, buf), but is there a cleaner way?
[16:52:20] <AlisdairO> I can’t figure out how to specify mut &mut self
[16:53:25] <AlisdairO> wait i’m talking sheer drivel, please ignore me
[16:53:36] <acrichto> AlisdairO: I think `self` should just work?
[16:53:42] <acrichto> b/c &mut File will coerce to &mut Read
[16:53:45] <acrichto> same with &mut Stdin
[16:53:50] <AlisdairO> yeah it did, facepalm
[16:54:10] <AlisdairO> thanks :)
[16:54:53] <AlisdairO> I forgot that when I was doing it previously I was converting a potential trait object into another trait object, whereas this time i have a concrete type
[17:01:25] *** Joins: eerie (eerie@moz-bn66jk.red.bezeqint.net)
[17:02:17] *** Joins: mitaa (mitaa@moz-s3ckcg.dyn.drei.com)
[17:04:06] *** Joins: dcb (dcb@moz-v6l3du.ca.comcast.net)
[17:05:04] <Manishearth> acrichto: this is the rust-prod-3 meeting, yes?
[17:05:17] <acrichto> Manishearth: yeah
[17:05:18] <Manishearth> ah, yes it is
[17:05:38] *** Quits: eerie (eerie@moz-bn66jk.red.bezeqint.net) (Ping timeout: 121 seconds)
[17:06:29] <nmatsakis> pnkfelix: arielb1: I have a call now, so can't say a lot, but I don't think that's a complete summary of the situation. $temp = X; p = write($temp); can be rewritten fairly easily to inline the writes directly into `p`, as I describe in the RFC (I also describe why we don't do this right away). I'm reluctant to move a MIR away from a-normal form at least for
[17:06:29] <nmatsakis> analysis.
[17:12:14] *** Quits: listochkin (listochkin@moz-iv2.3rb.216.62.IP) (Quit: My Mac has gone to sleep. ZZZzzz…)
[17:12:38] *** Joins: mib_5jn3hp (Mibbit@moz-hu6.nja.252.72.IP)
[17:13:23] <Gankro> brson: so tarpl is, in my opinion, an extension of The Book. However I believe it should be seperate from trpl so as to avoid needlessly coupling the content. That is, I don't want reading trpl to be a hard dependency.
[17:13:43] *** Joins: avikpal (avikpal@moz-6ji.6u9.79.112.IP)
[17:14:34] <Gankro> I also think it's valuable to enable multiple explanations of a subject to develop -- one that's more beginner oriented ("lies for children") and one that's more expert oriented ("let me tell you about type theory")
[17:15:13] <Gankro> pnkfelix: ping
[17:15:26] <pnkfelix> Gankro: pong
[17:15:43] <Gankro> pnkfelix: What is your opinion on the validity of unsafe_no_drop_flag ZSTs?
[17:15:54] <Gankro> I reckon they're just invalid and we need not support them
[17:16:09] <pnkfelix> Gankro: hmm
[17:16:25] <pnkfelix> Gankro: certainly seems tricky to assign a sane semantics to them
[17:16:57] <pnkfelix> Gankro: I'm personally happy to say "this is undefined behavior."  Though I am sitting here wondering "is there some use case for embedding such a value into another struct..."
[17:17:12] <Gankro> pnkfelix: if there's a usecase it will be killed by stack flags
[17:17:13] <pnkfelix> Gankro: Do you have any idea if they are currently used by anyone?
[17:17:24] *** chmanchester|afk is now known as chmanchester
[17:17:31] <Gankro> So no one can rely on the behaviour longterm
[17:18:02] *** Joins: pcwalton (pcwalton@moz-nh2.o1i.216.216.IP)
[17:18:02] *** ChanServ sets mode: +o pcwalton
[17:18:14] <Gankro> I can't imagine anyone has them; maybe if it's a generic struct...?
[17:18:18] *** Quits: avikpal (avikpal@moz-6ji.6u9.79.112.IP) (Ping timeout: 121 seconds)
[17:20:57] <Gankro> pnkfelix: this issue is the last thing blocking me from landing https://github.com/rust-lang/rust/pull/26955
[17:21:28] *** Quits: summerlight (summerlight@moz-lb3.6do.193.175.IP) (Ping timeout: 121 seconds)
[17:21:49] <pnkfelix> Gankro: it would be good to at least try putting in a err-by-default lint against them and run it through crater
[17:22:03] <Gankro> pnkfelix: Yes, that seems reasonable
[17:22:29] <Gankro> In the meantime, I think I'll just put in a deeper temporary no_drop_flag hack to """"properly"""" support them
[17:22:53] *** Joins: avikpal (avikpal@moz-6ji.6u9.79.112.IP)
[17:25:06] *** chmanchester is now known as chmanchester|afk
[17:27:17] *** Quits: avikpal (avikpal@moz-6ji.6u9.79.112.IP) (Ping timeout: 121 seconds)
[17:33:23] *** Quits: jmorton (jmorton@moz-83s.irv.199.198.IP) (Quit: WeeChat 1.2-dev)
[17:36:18] *** Quits: arielb1 (Mibbit@moz-miv0p8.tau.ac.il) (Quit: http://www.mibbit.com ajax IRC Client)
[17:38:19] *** Joins: eerie (eerie@moz-bn66jk.red.bezeqint.net)
[17:44:06] *** Quits: lu324 (lu324___@moz-gogein.dhcp.embarqhsd.net) (A TLS packet with unexpected length was received.)
[17:46:40] *** Quits: AlisdairO (anonymous@moz-ntsaoe.cable.virginm.net) (Client exited)
[17:53:59] <Gankro> brson: does that make sense?
[17:54:10] <Gankro> The stuff I said on the book
[17:57:34] <Manishearth> oh look there's a huon in the corner
[17:57:41] <Manishearth> hi huon!
[17:57:49] <huon> o/
[18:00:20] *** Quits: aepsil0n (eduard@moz-adiikc.5mue.uq8s.8071.2a02.IP) (Connection closed)
[18:08:35] *** Joins: eerie_ (eerie@moz-bn66jk.red.bezeqint.net)
[18:08:35] *** Quits: eerie (eerie@moz-bn66jk.red.bezeqint.net) (NickServ (RECOVER command used by eerie_))
[18:08:35] *** eerie_ is now known as eerie
[18:10:07] *** Quits: eerie (eerie@moz-bn66jk.red.bezeqint.net) (Connection closed)
[18:10:10] <Gankro> cc steveklabnik on the relationship between trpl and tarpl
[18:11:50] <steveklabnik> sup
[18:16:32] <Gankro> steveklabnik: Do you think trpl/tarpl should be seperate or fused or...?
[18:16:43] <steveklabnik> ah
[18:17:07] <steveklabnik> it was a bit hard to figure out the context, i'm in this meeting and it sounds like there's five simultanous convos going on here :)
[18:17:23] <steveklabnik> so
[18:17:38] *** Joins: listochkin (listochkin@moz-u28j0j.interview.volia.net)
[18:17:39] <steveklabnik> i like the idea of them as twins
[18:17:43] <steveklabnik> like twin moons
[18:18:14] <steveklabnik> i can also see them as being 100% integrated
[18:18:33] *** Joins: avikpal (avikpal@moz-6ji.6u9.79.112.IP)
[18:18:35] <steveklabnik> but given that only some people _really_ need to know turpl stuff well
[18:19:05] *** Joins: jdm (jdm@moz-vhn.r2n.114.24.IP)
[18:20:59] <Manishearth> I'm apprehensive of people wandering off into turpl and being bombarded with scary warnings about transmute and never coming back to rust again :)
[18:21:14] <Manishearth> turpl *needs* to be specific and high level and scary
[18:21:19] <Manishearth> trpl does not, and should not
[18:21:27] *** Joins: James_ (quassel@moz-vcnd98.range86-148.btcentralplus.com)
[18:21:32] <steveklabnik> yeah, that's the position i'm leaning to currently
[18:21:53] <Manishearth> It's like having a chapter on group theory at the end of a 3rd grade arithmetic book
[18:22:05] <Manishearth> sure, it makes sense, but think of the children
[18:22:45] *** Quits: pcwalton (pcwalton@moz-nh2.o1i.216.216.IP) (Client exited)
[18:22:57] *** Quits: avikpal (avikpal@moz-6ji.6u9.79.112.IP) (Ping timeout: 121 seconds)
[18:24:46] *** Joins: laumann (thomas@moz-n9e72h.0.fullrate.dk)
[18:26:14] *** Quits: listochkin (listochkin@moz-u28j0j.interview.volia.net) (Quit: My Mac has gone to sleep. ZZZzzz…)
[18:27:53] <Manishearth> steveklabnik: I need review from you on my PRs, so I'm taking over r on all of your other PRS :)
[18:29:53] *** Joins: eerie (eerie@moz-bn66jk.red.bezeqint.net)
[18:30:43] *** Quits: samnmax (samnmax@moz-1vk.aq9.27.72.IP) (Quit: WeeChat 0.4.2)
[18:31:06] <steveklabnik> hehe
[18:31:09] <steveklabnik> i am feeling more well today
[18:31:19] <steveklabnik> after this meeting iw as going to check the ones assigned to me
[18:31:28] <Manishearth> great! get even more well soon!
[18:33:46] <Manishearth> nearly started waving madly on live video, again
[18:33:51] *** Joins: listochkin (listochkin@moz-u28j0j.interview.volia.net)
[18:34:01] <Manishearth> that's what happens when you're in a conference room with motion-sensitive lights :p
[18:34:36] <steveklabnik> hehe
[18:37:21] *** Joins: akiss (akiss@moz-c6colr.inf.u-szeged.hu)
[18:40:55] <akiss> hi all. I've seen this raised at #rust by hoverbear as well: is there an issue with the buildbots/homu? My pr is being tested for a day now (https://github.com/rust-lang/rust/pull/27019).
[18:41:23] <hoverbear> akiss: I just fixed my issue, case sensistivity
[18:41:35] <Manishearth> cc acrichto edunham ^^
[18:43:44] *** Quits: waffles (wafflespean@moz-ksa.948.23.1.IP) (Quit: C'yall later...)
[18:44:16] *** Quits: listochkin (listochkin@moz-u28j0j.interview.volia.net) (Quit: My Mac has gone to sleep. ZZZzzz…)
[18:44:17] *** Joins: rovar (rovar@moz-6iq.47m.88.38.IP)
[18:48:24] *** chmanchester|afk is now known as chmanchester
[18:49:54] *** Joins: eerie_ (eerie@moz-bn66jk.red.bezeqint.net)
[18:49:54] *** Quits: eerie (eerie@moz-bn66jk.red.bezeqint.net) (Connection closed)
[18:49:54] *** eerie_ is now known as eerie
[18:51:22] *** Joins: listochkin (listochkin@moz-u28j0j.interview.volia.net)
[18:51:37] *** Quits: laumann (thomas@moz-n9e72h.0.fullrate.dk) (Ping timeout: 121 seconds)
[18:53:27] *** Joins: swgillespie (swgillespie@moz-cla.3un.220.167.IP)
[18:56:03] *** Quits: mib_5jn3hp (Mibbit@moz-hu6.nja.252.72.IP) (Quit: http://www.mibbit.com ajax IRC Client)
[19:02:06] *** Joins: Pierre_M (Pierre_M@moz-l5anv0.slkc.qwest.net)
[19:03:17] *** Joins: lu324 (lu324___@moz-gogein.dhcp.embarqhsd.net)
[19:08:30] <akiss> edunham, is this no-timeout thing that makes builbots report themselves as offline? (http://buildbot.rust-lang.org/waterfall?refresh=15)
[19:12:03] *** Quits: jdm (jdm@moz-vhn.r2n.114.24.IP) (Ping timeout: 121 seconds)
[19:12:05] <edunham> akiss: it could be! Sorry I don't have a better answer; I'm picking up Buildbot administration as I go along
[19:12:59] <akiss> edunham, no worries. not accusing anyone or anything alike. just noticed and though might be worth raising this offline status
[19:13:04] *** Joins: Peach (Peach@moz-500.6lb.246.96.IP)
[19:13:18] <edunham> nope, it's fine :)
[19:13:33] *** Quits: Peach (Peach@moz-500.6lb.246.96.IP) (Connection closed)
[19:14:40] *** Joins: Peachy (Peachy@moz-500.6lb.246.96.IP)
[19:14:48] *** Quits: Peachy (Peachy@moz-500.6lb.246.96.IP) (Client exited)
[19:15:24] <edunham> ok, the EC2 instances for the Linux slaves are not currently running. 
[19:16:01] *** Quits: dcb (dcb@moz-v6l3du.ca.comcast.net) (Quit: My Mac has gone to sleep. ZZZzzz…)
[19:16:23] *** Joins: dcb (dcb@moz-v6l3du.ca.comcast.net)
[19:16:42] *** Joins: Fancy3D (Fancy3D@moz-500.6lb.246.96.IP)
[19:16:59] *** Quits: harrisonclarke (harrisoncla@moz-uur7pt.eastlink.ca) (Connection closed)
[19:17:39] *** Joins: pcwalton (pcwalton@moz-l8ebtf.sfo1.mozilla.com)
[19:17:39] *** ChanServ sets mode: +o pcwalton
[19:25:27] *** Quits: ChrisMorgan (ChrisMorgan@moz-g6osuq.tpgi.com.au) (Ping timeout: 121 seconds)
[19:26:16] *** Quits: dcb (dcb@moz-v6l3du.ca.comcast.net) (Quit: My Mac has gone to sleep. ZZZzzz…)
[19:30:29] *** Quits: mjboa (mike@moz-gfdglf.hsi06.unitymediagroup.de) (Quit: leaving)
[19:32:54] *** Joins: mib_85df9m (Mibbit@moz-hu6.nja.252.72.IP)
[19:33:31] *** Joins: dcb (dcb@moz-v6l3du.ca.comcast.net)
[19:36:10] *** Quits: mib_85df9m (Mibbit@moz-hu6.nja.252.72.IP) (Quit: http://www.mibbit.com ajax IRC Client)
[19:38:00] *** Quits: akiss (akiss@moz-c6colr.inf.u-szeged.hu) (Ping timeout: 121 seconds)
[19:38:20] *** Quits: mukilan (mukilan@moz-mu4.o0o.164.122.IP) (A TLS packet with unexpected length was received.)
[19:41:53] *** Joins: mjboa (mike@moz-gfdglf.hsi06.unitymediagroup.de)
[19:47:29] *** Joins: harrisonclarke (harrisoncla@moz-uur7pt.eastlink.ca)
[19:51:34] *** Quits: harrisonclarke (harrisoncla@moz-uur7pt.eastlink.ca) (Ping timeout: 121 seconds)
[19:53:34] *** Quits: pcwalton (pcwalton@moz-l8ebtf.sfo1.mozilla.com) (Client exited)
[19:53:59] *** Joins: pcwalton (pcwalton@moz-l8ebtf.sfo1.mozilla.com)
[19:53:59] *** ChanServ sets mode: +o pcwalton
[19:54:39] <nrc> pnkfelix: ping
[19:54:41] *** Joins: nagisa1 (nagisa@moz-8t068g.static.zebra.lt)
[19:56:55] *** Quits: nagisa (nagisa@moz-8t068g.static.zebra.lt) (Ping timeout: 121 seconds)
[19:58:59] *** chmanchester is now known as chmanchester|afk
[19:59:35] *** Quits: eerie (eerie@moz-bn66jk.red.bezeqint.net) (Connection closed)
[19:59:35] *** Joins: genbattle (genbattle@moz-4v0.gkd.16.182.IP)
[20:00:52] *** Joins: quiggle (Mibbit@moz-hu6.nja.252.72.IP)
[20:01:29] *** Quits: quiggle (Mibbit@moz-hu6.nja.252.72.IP) (Quit: http://www.mibbit.com ajax IRC Client)
[20:01:46] <brson> Gankro: it makes sense, yes. i don't know i agree
[20:04:01] *** Quits: semarie (semarie@moz-6vqhft.bpv6.bg1u.41d0.2001.IP) (Ping timeout: 121 seconds)
[20:04:38] *** Joins: harrisonclarke (harrisoncla@moz-uur7pt.eastlink.ca)
[20:09:00] *** Joins: AlisdairO (anonymous@moz-ntsaoe.cable.virginm.net)
[20:09:12] *** Joins: ChrisMorgan (ChrisMorgan@moz-g6osuq.tpgi.com.au)
[20:14:11] *** Joins: akiss (akiss@moz-quen0b.pool.digikabel.hu)
[20:14:45] *** Quits: nagisa1 (nagisa@moz-8t068g.static.zebra.lt) (Ping timeout: 121 seconds)
[20:18:46] *** Joins: arielb1 (Ariel@moz-b95g78.red.bezeqint.net)
[20:24:55] *** Joins: mib_azy0c4 (Mibbit@moz-hu6.nja.252.72.IP)
[20:26:45] *** Quits: mib_azy0c4 (Mibbit@moz-hu6.nja.252.72.IP) (Quit: http://www.mibbit.com ajax IRC Client)
[20:27:45] *** Joins: summerlight (summerlight@moz-lb3.6do.193.175.IP)
[20:32:33] *** Quits: summerlight (summerlight@moz-lb3.6do.193.175.IP) (Ping timeout: 121 seconds)
[20:32:55] *** Joins: nagisa (nagisa@moz-8t068g.static.zebra.lt)
[20:37:33] *** Quits: filsmick (filsmick@moz-0qapam.abo.wanadoo.fr) (Quit: )
[20:40:59] *** Quits: bdero (bran@moz-0jhegm.dyn.mit.edu) (Ping timeout: 121 seconds)
[20:44:17] *** chmanchester|afk is now known as chmanchester
[20:44:58] *** Quits: Sho (sho@moz-md4.ufn.28.5.IP) (Quit: Konversation terminated!)
[20:57:28] *** Quits: pcwalton (pcwalton@moz-l8ebtf.sfo1.mozilla.com) (Client exited)
[20:57:35] *** Joins: jdm (jdm@moz-ilbt2e.cable.teksavvy.com)
[21:02:23] <pnkfelix> nrc: pong (am around for a few minutes )
[21:02:58] *** Joins: pcwalton (pcwalton@moz-l8ebtf.sfo1.mozilla.com)
[21:02:58] *** ChanServ sets mode: +o pcwalton
[21:03:15] <nrc> pnkfelix: I was just going to nag you for a couple of reviews
[21:03:24] *** Joins: mib_8e42t5 (Mibbit@moz-hu6.nja.252.72.IP)
[21:03:38] <nrc> but jroesch has picked one up, and the other has only been around for a day
[21:04:09] <pnkfelix> Okay.  I'll let it wait then
[21:04:36] <nrc> no, no, no, don't let it wait! :-p
[21:05:00] <nrc> pnkfelix: https://github.com/rust-lang/rust/pull/27044 is the 'other' one - graphviz stuff
[21:05:08] *** Quits: jdm (jdm@moz-ilbt2e.cable.teksavvy.com) (Quit: )
[21:05:17] *** Quits: killercup (killercup@moz-icpsbi.dip0.t-ipconnect.de) (Quit: Bye)
[21:05:31] <nrc> pnkfelix: also, how did the ECOOP talk go  -looks like you had good attendance
[21:05:33] <nrc> ?
[21:06:46] *** Joins: imperio (Mibbit@moz-8otf3a.fbx.proxad.net)
[21:07:01] <imperio> r+ someone gh26898 ?
[21:07:01] <[o__o]> Improvements of librustc_resolve and add missing error codes: https://github.com/rust-lang/rust/pull/26898
[21:07:05] <pnkfelix> nrc: yes it went pretty well.  A continued learning experience regarding these tutorial slides.  I hope to write up a mini trip report this week
[21:07:28] <nrc> nice, look forward to it
[21:08:07] <nrc> imperio: looks like eddyb is your man there
[21:08:20] <imperio> nrc: if he's here ^^
[21:09:37] <eddyb> pnkfelix: did you want to take another look at imperio's PR, or is it good to go?
[21:10:48] *** Quits: mib_8e42t5 (Mibbit@moz-hu6.nja.252.72.IP) (Quit: http://www.mibbit.com ajax IRC Client)
[21:12:59] *** Quits: AlisdairO (anonymous@moz-ntsaoe.cable.virginm.net) (Client exited)
[21:14:58] *** Quits: dcb (dcb@moz-v6l3du.ca.comcast.net) (Quit: My Mac has gone to sleep. ZZZzzz…)
[21:15:50] *** Quits: barosl (barosl@moz-tmp.qma.67.220.IP) (Quit: Leaving)
[21:16:49] *** Quits: nham (nham@moz-lglsfe.il.comcast.net) (Ping timeout: 121 seconds)
[21:17:52] *** Joins: dcb (dcb@moz-v6l3du.ca.comcast.net)
[21:18:09] <Luqman> r? https://github.com/rust-lang/rust/pull/27017
[21:18:50] *** Joins: nham (nham@moz-lglsfe.il.comcast.net)
[21:21:48] *** Joins: AlisdairO (anonymous@moz-ntsaoe.cable.virginm.net)
[21:22:33] *** Quits: AlisdairO (anonymous@moz-ntsaoe.cable.virginm.net) (Client exited)
[21:28:26] *** Joins: AlisdairO (anonymous@moz-ntsaoe.cable.virginm.net)
[21:30:12] *** Quits: AlisdairO (anonymous@moz-ntsaoe.cable.virginm.net) (Client exited)
[21:35:19] <imperio> eddyb: thanks
[21:40:40] *** Joins: Kingsquee (kingsley@moz-6q8.thq.180.108.IP)
[21:48:33] *** Joins: recyclops (taylor@moz-8dtorp.compute.amazonaws.com)
[22:03:28] *** Joins: pwalton (pcwalton@moz-l8ebtf.sfo1.mozilla.com)
[22:03:28] *** ChanServ sets mode: +o pwalton
[22:05:03] *** Quits: pcwalton (pcwalton@moz-l8ebtf.sfo1.mozilla.com) (Ping timeout: 121 seconds)
[22:07:02] *** Quits: pwalton (pcwalton@moz-l8ebtf.sfo1.mozilla.com) (Connection closed)
[22:09:04] *** Quits: tamird (textual@moz-ga3.afc.209.65.IP) (Quit: My Mac has gone to sleep. ZZZzzz…)
[22:09:14] *** Quits: c0170 (c0170@moz-4stj9o.cable.virginm.net) (Ping timeout: 121 seconds)
[22:09:36] <jroesch> Luqman: not sure who is around to review trans changes. I'm not comfortable enough in that area 
[22:13:19] <nrc> when exactly are debug_asserts elided?
[22:13:38] *** Joins: pcwalton (pcwalton@moz-l8ebtf.sfo1.mozilla.com)
[22:13:38] *** ChanServ sets mode: +o pcwalton
[22:16:26] *** Joins: mib_ei9qee (Mibbit@moz-hu6.nja.252.72.IP)
[22:18:00] *** Quits: mib_ei9qee (Mibbit@moz-hu6.nja.252.72.IP) (Quit: http://www.mibbit.com ajax IRC Client)
[22:19:31] *** Quits: imperio (Mibbit@moz-8otf3a.fbx.proxad.net) (Quit: http://www.mibbit.com ajax IRC Client)
[22:20:07] *** Quits: jensnockert (jensnockert@moz-pvj.o2f.219.84.IP) (Connection closed)
[22:22:56] *** Quits: mjboa (mike@moz-gfdglf.hsi06.unitymediagroup.de) (Quit: leaving)
[22:25:28] *** Quits: eljay (eljay@moz-fmte10.skybroadband.com) (Quit: Leaving)
[22:32:40] *** Quits: swgillespie (swgillespie@moz-cla.3un.220.167.IP) (Quit: My MacBook Pro has gone to sleep. ZZZzzz…)
[22:33:20] *** Joins: mib_poedkn (Mibbit@moz-hu6.nja.252.72.IP)
[22:46:06] *** Joins: dp (dp@moz-jbmop1.gb4f.8ao9.0e35.2a01.IP)
[22:48:49] *** Joins: bdero (bran@moz-nr0176.b90n.1kaj.018d.2601.IP)
[22:49:14] *** Quits: gleb (gleb@moz-3u1drv.rusanovka-net.kiev.ua) (Ping timeout: 121 seconds)
[22:49:38] *** Joins: tamird (textual@moz-01e.s5g.115.65.IP)
[22:57:58] *** Quits: mib_poedkn (Mibbit@moz-hu6.nja.252.72.IP) (Quit: http://www.mibbit.com ajax IRC Client)
[23:01:22] *** Joins: GBGamer (npm@moz-v1r.iia.56.172.IP)
[23:02:12] *** Quits: ChrisMorgan (ChrisMorgan@moz-g6osuq.tpgi.com.au) (Ping timeout: 121 seconds)
[23:03:24] *** Quits: yjv (yjv@moz-j0cdis.fios.verizon.net) (Connection closed)
[23:03:24] *** Quits: tamird (textual@moz-01e.s5g.115.65.IP) (Quit: My Mac has gone to sleep. ZZZzzz…)
[23:06:05] *** Joins: laumann (thomas@moz-n9e72h.0.fullrate.dk)
[23:06:53] *** Joins: Skyler (Skyler@moz-7ds39s.sd.cox.net)
[23:07:01] *** Quits: kxlzz (kxlzz@moz-a3bguo.vc.shawcable.net) (Connection closed)
[23:12:53] *** Quits: Fancy3D (Fancy3D@moz-500.6lb.246.96.IP) (Client exited)
[23:13:33] *** Quits: arielb1 (Ariel@moz-b95g78.red.bezeqint.net) (Connection closed)
[23:16:26] <Luqman> jroesch: no worries
[23:17:03] *** Quits: harrisonclarke (harrisoncla@moz-uur7pt.eastlink.ca) (Connection closed)
[23:21:20] *** Joins: harrisonclarke (harrisoncla@moz-uur7pt.eastlink.ca)
[23:26:07] *** wcosta is now known as wcosta|afk
[23:28:17] *** Quits: eibwen (eibwen@moz-14h7fq.dip0.t-ipconnect.de) (Ping timeout: 121 seconds)
[23:34:21] *** Quits: Pierre_M (Pierre_M@moz-l5anv0.slkc.qwest.net) (Quit: Leaving)
[23:34:31] *** Joins: p1start (p1start@moz-nftjhe.org)
[23:35:05] *** Joins: elif (chatzilla@moz-ev8m1p.res.rr.com)
[23:39:02] *** Joins: blaenk (blaenkdenum@moz-ggnkpd.res.rr.com)
[23:45:57] *** Joins: ChrisMorgan (ChrisMorgan@moz-g6osuq.tpgi.com.au)
[23:46:32] *** Joins: tamird (textual@moz-01e.s5g.115.65.IP)
[23:46:52] *** Joins: summerlight (summerlight@moz-lb3.6do.193.175.IP)
[23:57:16] *** Joins: swgillespie (swgillespie@moz-cla.3un.220.167.IP)
[23:57:58] *** Quits: James_ (quassel@moz-vcnd98.range86-148.btcentralplus.com) (Ping timeout: 121 seconds)
[23:59:23] *** Quits: laumann (thomas@moz-n9e72h.0.fullrate.dk) (Ping timeout: 121 seconds)
