[00:00:17] *** Joins: chc4 (chc4@moz-pdo0at.ma.comcast.net)
[00:03:59] *** Joins: coxg (sazzer@moz-1hq.kh5.32.217.IP)
[00:05:59] *** Joins: {0}grant ({0}grant@moz-63ubas.in.charter.com)
[00:08:07] *** Quits: coxg (sazzer@moz-1hq.kh5.32.217.IP) (Ping timeout: 121 seconds)
[00:08:20] *** Joins: Gamecubic (cubic@moz-oihnfh.mc.videotron.ca)
[00:10:35] <Kingsquee> Aaron: oh my :D
[00:18:18] *** Joins: mystor (mystor@moz-ldavpp.home3.cgocable.net)
[00:19:51] *** Quits: toqueteos (toqueteos@moz-plqtsp.staticIP.rima-tde.net) (Quit: Nettalk6 - www.ntalk.de)
[00:25:21] *** Joins: bojo (bojo@moz-ocie6c.plala.or.jp)
[00:32:31] *** Joins: zeqfreed (textual@moz-nhg.b3v.48.46.IP)
[00:32:43] *** Quits: indefini (chris@moz-qefu0l.ocn.ne.jp) (Ping timeout: 121 seconds)
[00:36:37] *** Joins: pcwalton (pcwalton@moz-6kjabm.ca.comcast.net)
[00:36:41] *** Quits: pcwalton (pcwalton@moz-6kjabm.ca.comcast.net) (Client exited)
[00:36:46] <bvssvni> Aaron: :o
[00:39:29] <bvssvni> now we just need a piston back-end for emscripten
[00:41:52] <bvssvni> Aaron: can it be used with Rust nightly?
[00:50:49] *** Quits: DoomBoom (DoomBoom@moz-a5b.m4r.89.86.IP) (Quit: Leaving)
[00:56:22] <Aaron> bvssvni: yeah, using rust from last night.
[00:57:38] <Aaron> I'm wary about large projects that might run into corner cases (emscripten's LLVM 3.5 vs rust's 3.6), but I haven't seen any so far and the standard library is fairly large so it seems alright for now.
[00:58:28] *** Joins: avikpal (avikpal@moz-60o.cvs.194.117.IP)
[00:58:47] <bvssvni> Aaron: how do you build it?
[01:00:02] <Aaron> I use a flexible target spec to tell rustc I'm building i386 with emscripten's data layout, so it actually generates rlibs with x86 + LLVM bitcode for LTO purposes.
[01:00:33] <Aaron> Then in a final step I run LTO and have it spit out LLVM IR, so all dependencies get pulled in as one file and it just ignores the x86 parts.
[01:01:01] <Aaron> Then I run a hacky string replace over the IR to get LLVM 3.5 to accept it.
[01:01:22] <bvssvni> haha
[01:01:22] <Aaron> Then I run https://github.com/epdtry/rust-emscripten-passes over it to get rid of llvm.assume
[01:01:32] <Aaron> Then use emcc to link/etc. and it works!
[01:01:53] <bvssvni> amazing
[01:01:58] *** Joins: Rym_ (y@moz-232.ad4.144.109.IP)
[01:02:02] <Aaron> Also I took the standard library and ripped out most of the native dependencies so it just compiles as rust alone.
[01:02:13] <Aaron> So basically just killed all backtrace/unwind stuff and threads.
[01:02:23] *** Quits: reem (reem@moz-2icmmi.ca.comcast.net) (Connection closed)
[01:02:56] *** Quits: Rym (y@moz-232.ad4.144.109.IP) (Ping timeout: 121 seconds)
[01:03:18] <Aaron> Then there's a custom cargo wrapper to put it all together :P
[01:04:48] <Aaron> So caveats mainly are: 1) hopefully the IR transformations are good enough for everything. 2) It only works in release mode due to the LLVM changes. 3) No threads/sync stuff. I just stubbed them out as a cfg feature, might go over it again and come up with a cleaner approach though.
[01:04:51] *** Joins: reem (reem@moz-29h7tb.coob.q2h1.0009.2601.IP)
[01:05:58] *** Joins: lenstr (lenstr@moz-fp8.vju.25.171.IP)
[01:07:33] *** Quits: Lilly (Lilly@moz-ca683g.bredband.comhem.se) (Quit: bajs)
[01:10:02] *** Quits: lenstr (lenstr@moz-fp8.vju.25.171.IP) (Ping timeout: 121 seconds)
[01:12:26] *** Joins: loveless (loveless@moz-7tncjp.ptld.qwest.net)
[01:14:19] *** Joins: dougxxx (dougxxx@moz-0js00c.iinet.net.au)
[01:17:00] *** Joins: Guest74 (textual@moz-920laq.fios.verizon.net)
[01:17:39] *** Joins: corallok (corallok@moz-k1scau.res.rr.com)
[01:19:29] *** Joins: Guest74_ (textual@moz-920laq.fios.verizon.net)
[01:20:22] <Aaron> bvssvni: (and whoever else may be interested) https://github.com/AerialX/cargo-build
[01:21:32] <Aaron> Should be easy enough to use, just compiling cargo on rust nightly can be a bit of a pain sometimes.
[01:21:43] *** Quits: Guest74 (textual@moz-920laq.fios.verizon.net) (Ping timeout: 121 seconds)
[01:26:00] *** Joins: Feyn (Feyn@moz-078.4n2.115.42.IP)
[01:26:07] *** Quits: bluss (bluss@moz-ec5o68.cust.bredbandsbolaget.se) (Ping timeout: 121 seconds)
[01:30:05] *** Quits: Guest74_ (textual@moz-920laq.fios.verizon.net) (Quit: My Mac has gone to sleep. ZZZzzz…)
[01:32:11] *** Quits: avikpal (avikpal@moz-60o.cvs.194.117.IP) (Connection closed)
[01:33:12] *** Joins: avikpal (avikpal@moz-60o.cvs.194.117.IP)
[01:33:22] *** Quits: reem (reem@moz-29h7tb.coob.q2h1.0009.2601.IP) (Connection closed)
[01:33:39] <bvssvni> Aaron: you should make a post on /r/rust !
[01:33:43] *** Joins: reem (reem@moz-2icmmi.ca.comcast.net)
[01:34:05] <Aaron> Heh, sure.
[01:37:26] *** Joins: indefini (indefini@moz-4p4v25.ucom.ne.jp)
[01:40:38] *** Quits: reem (reem@moz-2icmmi.ca.comcast.net) (Connection closed)
[01:41:59] *** Quits: loveless (loveless@moz-7tncjp.ptld.qwest.net) (A TLS packet with unexpected length was received.)
[01:42:06] *** Joins: theme (theme@moz-i3mhhb.asianet.co.th)
[01:45:27] *** Joins: reem (reem@moz-2icmmi.ca.comcast.net)
[01:45:38] <huon> (and users.rust-lang.org)
[01:46:22] *** Joins: loveless (loveless@moz-7tncjp.ptld.qwest.net)
[01:49:30] *** Joins: Guest74 (textual@moz-920laq.fios.verizon.net)
[01:49:42] *** Quits: Guest74 (textual@moz-920laq.fios.verizon.net) (Quit: My Mac has gone to sleep. ZZZzzz…)
[01:50:06] *** Quits: reem (reem@moz-2icmmi.ca.comcast.net) (Connection closed)
[01:50:11] *** Joins: reem (reem@moz-2icmmi.ca.comcast.net)
[01:52:50] *** Joins: coxg (sazzer@moz-1hq.kh5.32.217.IP)
[01:52:55] *** Quits: reem (reem@moz-2icmmi.ca.comcast.net) (Connection closed)
[01:56:58] *** Quits: coxg (sazzer@moz-1hq.kh5.32.217.IP) (Ping timeout: 121 seconds)
[02:00:40] *** Joins: reem (reem@moz-2icmmi.ca.comcast.net)
[02:04:58] <Aaron> Ooh I can log in with github, fancy.
[02:06:58] <cmr> Correction: you can *only* log in with github :p
[02:08:00] <Aaron> Oh? It presented a registration form as if it were an option.
[02:09:13] *** Quits: avikpal (avikpal@moz-60o.cvs.194.117.IP) (Connection closed)
[02:10:34] <cmr> hm, that's not right...
[02:11:28] *** Joins: p1start (p1start@moz-nftjhe.org)
[02:22:52] *** Quits: SiegeLord (sl@moz-9jtaei.ca.comcast.net) (Quit: It's a joke, it's all a joke.)
[02:25:12] *** Quits: loveless (loveless@moz-7tncjp.ptld.qwest.net) (A TLS packet with unexpected length was received.)
[02:27:07] *** Joins: Guest74 (textual@moz-920laq.fios.verizon.net)
[02:29:25] *** Quits: saml_ (saml@moz-rkfmct.res.rr.com) (Quit: Leaving)
[02:30:22] *** Joins: SiegeLord (sl@moz-9jtaei.ca.comcast.net)
[02:33:04] *** Quits: reem (reem@moz-2icmmi.ca.comcast.net) (Connection closed)
[02:33:10] *** Joins: reem (reem@moz-8dkc8s.coob.q2h1.0009.2601.IP)
[02:33:50] *** Quits: Guest74 (textual@moz-920laq.fios.verizon.net) (Quit: My Mac has gone to sleep. ZZZzzz…)
[02:34:17] *** Quits: chc4 (chc4@moz-pdo0at.ma.comcast.net) (Quit: no terrible)
[02:56:43] *** Quits: corallok (corallok@moz-k1scau.res.rr.com) (Quit: Leaving)
[03:13:24] *** Quits: Vase_ (Vase@moz-an9nrf.miamfl.sbcglobal.net) (Connection closed)
[03:14:44] <Aaron> Oh the post to /r/rust is automoderated :/
[03:34:13] *** Joins: summerlight (summerlight@moz-99k.2mj.130.121.IP)
[03:41:44] *** Joins: coxg (sazzer@moz-1hq.kh5.32.217.IP)
[03:44:18] *** Quits: Wild_Cat (Max@moz-4cdftn.dsl.teksavvy.com) (Connection closed)
[03:45:52] *** Quits: coxg (sazzer@moz-1hq.kh5.32.217.IP) (Ping timeout: 121 seconds)
[03:53:50] *** Quits: lerc (quassel@moz-nitv9j.telstraclear.net) (Ping timeout: 121 seconds)
[03:55:43] *** Quits: perillamint (perillamint@moz-pvo.3mu.72.61.IP) (Quit: Quit - Powered by ZNC)
[03:57:33] *** Quits: ytain (ytain@moz-f5jvis.dsl.teksavvy.com) (Quit: Textual IRC Client: www.textualapp.com)
[03:57:35] *** Joins: perillamint (perillamint@moz-pvo.3mu.72.61.IP)
[04:00:03] *** Quits: p1start (p1start@moz-nftjhe.org) (Ping timeout: 121 seconds)
[04:20:16] *** Quits: reem (reem@moz-8dkc8s.coob.q2h1.0009.2601.IP) (Connection closed)
[04:22:15] *** Quits: scape_ (scape@moz-ci61eb.nj.comcast.net) (Connection closed)
[04:26:13] *** Joins: reem (reem@moz-2icmmi.ca.comcast.net)
[04:27:27] *** Joins: kkimdev (kkimdev@moz-jsoio0.59gh.vk5s.0000.2620.IP)
[04:30:15] *** Quits: reem (reem@moz-2icmmi.ca.comcast.net) (Ping timeout: 121 seconds)
[04:38:31] *** Joins: reem (reem@moz-2icmmi.ca.comcast.net)
[04:40:55] *** Quits: Gamecubic (cubic@moz-oihnfh.mc.videotron.ca) (Quit: Leaving)
[04:43:14] *** Joins: lenstr (lenstr@moz-h85.vju.25.171.IP)
[04:44:51] *** Quits: orangeshark (erik@moz-b37i43.miamfl.sbcglobal.net) (Quit: Leaving)
[04:47:16] *** Quits: lenstr (lenstr@moz-h85.vju.25.171.IP) (Ping timeout: 121 seconds)
[04:54:08] *** Quits: mystor (mystor@moz-ldavpp.home3.cgocable.net) (Connection closed)
[04:54:43] *** Quits: Tobba (Tobba@moz-o13d22.bredband.telia.com) (Ping timeout: 121 seconds)
[04:57:00] *** Joins: OmniMancer (OmniMancer@moz-u34pe0.xtra.co.nz)
[04:57:50] *** Quits: mra (mrannanj@moz-6l6mf3.cs.helsinki.fi) (Ping timeout: 121 seconds)
[04:59:00] *** Joins: mra (mrannanj@moz-6l6mf3.cs.helsinki.fi)
[05:06:05] <tomaka> > Release mode must be used due to metadata compatibility issues with LLVM 3.5.
[05:06:06] <tomaka> !
[05:06:14] <tomaka> that's what was blocking me
[05:09:43] *** Joins: scape_ (scape@moz-ci61eb.nj.comcast.net)
[05:09:53] *** Quits: AngelOfSol (AngelOfSol@moz-dj58kc.rh.rit.edu) (Quit: Remember to close the door when you're done!)
[05:11:47] <Aaron> Yeah, it's a pain. Takes forever to compile!
[05:12:16] <tomaka> No, I mean I didn't know where the compatibility issues came from
[05:12:23] <Aaron> Aha.
[05:12:32] <Aaron> Well, there were three main issues.
[05:13:07] <Aaron> 1) metadata definition syntax in LLVM IR changed. This is fixed with a string replace of "!" to "metadata !" >.>
[05:13:29] <Aaron> 2) metadata range format changed or something. This is what prevents debug builds from working.
[05:14:02] <Aaron> 3) llvm.assume, and apparently integer overflow checks.
[05:14:19] <tomaka> yeah I think I was encountering 3)
[05:14:47] <Aaron> I'd really like to just see emscripten go on to 3.6 though. Would make things a lot simpler. I started tackling it today but got distracted once I realised I could get around the metadata issues.
[05:15:03] *** Quits: Astrum|Lap (Astrum|Lap@moz-skcefh.co.comcast.net) (Client exited)
[05:15:43] <Aaron> Also 4) standard library issues like inline asm and all the thread/unwind stuff.
[05:17:01] <Aaron> And fun/unrelated fact, a static binary hello world for x86_64 goes from ~600KB to ~100KB once I ripped all that out :P
[05:17:45] <tomaka> hmmmm, I didn't think about unwinding
[05:18:18] <tomaka> I'll try compiling a glutin example with your cargo-build
[05:18:56] <Aaron> Some of that is probably less of an issue if you just bypass std's entry point with #[start]. I'm not sure how much of the std gutting was necessary, have to go over that again.
[05:19:21] <Aaron> I have a piston+SDL+opengl example going with it.
[05:19:30] <Aaron> Except opengl_graphics doesn't support GLES.
[05:19:36] <Aaron> So it fails when trying to compile the shader...
[05:19:55] *** Joins: Thormme (Mibbit@moz-8b43cl.wa.comcast.net)
[05:20:01] <tomaka> > Run the .travis.install.deps.sh file from rust-lang/cargo. Alternatively, fix your local Cargo for the latest rust (or find a relevant pull request) and override it with .cargo/config
[05:20:10] <tomaka> You could also tell people to use multirust
[05:20:15] <Aaron> Those are your instructions :P
[05:20:25] * tomaka winks at huon
[05:20:28] <Aaron> Ah, I keep forgetting that exists.
[05:22:39] <Aaron> Anyway, need to sleep. Maybe I'll play with this a bit tomorrow if I get some time. The piston example seems close to working if I can clean up a bit of the SDL/GL stuff to work with Emscripten's/WebGL.
[05:23:37] <Aaron> I think I can use mesa to test fixing it for GLES without having to use javascript? I hope so, the compile times are brutal otherwise with all the dependencies piston pulls in.
[05:25:12] *** Quits: reem (reem@moz-2icmmi.ca.comcast.net) (Connection closed)
[05:25:28] <tomaka> I don't know if mesa's implementation is just compatible with GLES, or if they are strictly enforcing the standard
[05:28:57] *** Joins: reem (reem@moz-t0lj4l.coob.q2h1.0009.2601.IP)
[05:29:20] *** Quits: SiegeLord (sl@moz-9jtaei.ca.comcast.net) (Connection closed)
[05:30:29] <Aaron> Hm, might be enough. I just hope I don't need to fiddle too much with OES postfix crap. Anyway, g'night!
[05:30:37] *** Joins: coxg (sazzer@moz-1hq.kh5.32.217.IP)
[05:31:26] <tomaka> o/
[05:31:36] *** Joins: p1start (p1start@moz-nftjhe.org)
[05:32:02] *** Joins: SiegeLord (sl@moz-9jtaei.ca.comcast.net)
[05:32:46] <Aaron> Everything's pushed, it should be good enough to build complex apps if you're playing with it. Native dependencies require manual linking but that shouldn't be a big deal. Also if you happen to need flate you can specify it with --features when building the sysroot libs.
[05:32:50] * Aaron disappears
[05:34:28] *** Quits: mithsv (mithsv@moz-i1nn99.dynamic.caiway.nl) (Quit: )
[05:34:45] *** Quits: coxg (sazzer@moz-1hq.kh5.32.217.IP) (Ping timeout: 121 seconds)
[05:35:15] *** Quits: mark_edward (mark@moz-dg4mrp.in.comcast.net) (Ping timeout: 121 seconds)
[05:39:28] *** Joins: kkimdev_ (kkimdev@moz-jsoio0.59gh.vk5s.0000.2620.IP)
[05:48:29] *** Joins: mark_edward (mark@moz-dg4mrp.in.comcast.net)
[05:49:13] *** Joins: OmniMancer1 (OmniMancer@moz-u34pe0.xtra.co.nz)
[05:49:34] *** Quits: OmniMancer (OmniMancer@moz-u34pe0.xtra.co.nz) (Ping timeout: 121 seconds)
[05:54:57] *** Quits: guycook (quassel@moz-o1s44h.snap.net.nz) (Connection closed)
[05:56:18] *** Quits: Twinklebear (Twinklebear@moz-ttrcn3.ut.comcast.net) (Quit: Leaving)
[05:57:23] *** Joins: eerie (eerie@moz-v3eps5.red.bezeqint.net)
[06:00:08] *** Quits: kkimdev_ (kkimdev@moz-jsoio0.59gh.vk5s.0000.2620.IP) (Quit: Leaving)
[06:00:17] *** Joins: kkimdev_ (kkimdev@moz-jsoio0.59gh.vk5s.0000.2620.IP)
[06:00:27] *** Quits: kkimdev_ (kkimdev@moz-jsoio0.59gh.vk5s.0000.2620.IP) (A TLS packet with unexpected length was received.)
[06:00:28] *** Quits: kkimdev (kkimdev@moz-jsoio0.59gh.vk5s.0000.2620.IP) (A TLS packet with unexpected length was received.)
[06:07:49] *** Quits: SiegeLord (sl@moz-9jtaei.ca.comcast.net) (Quit: It's a joke, it's all a joke.)
[06:22:10] *** Joins: Astrum|Lap (Astrum|Lap@moz-skcefh.co.comcast.net)
[06:22:36] *** Quits: erickt (erickt@moz-njt.vqi.14.76.IP) (Ping timeout: 121 seconds)
[06:23:38] *** Quits: O01eg (o01eg@moz-tku.38l.112.37.IP) (Client exited)
[06:30:22] *** Quits: p1start (p1start@moz-nftjhe.org) (Ping timeout: 121 seconds)
[06:30:34] *** Joins: eddyb_ (eddyb@moz-72m.eg8.166.109.IP)
[06:30:38] *** Joins: eerie_ (eerie@moz-nbbdu3.red.bezeqint.net)
[06:31:24] *** Joins: p1start (p1start@moz-nftjhe.org)
[06:32:31] *** Quits: eerie (eerie@moz-v3eps5.red.bezeqint.net) (Ping timeout: 121 seconds)
[06:33:28] *** Quits: eerie_ (eerie@moz-nbbdu3.red.bezeqint.net) (Connection closed)
[06:33:35] *** Quits: Rym_ (y@moz-232.ad4.144.109.IP) (Ping timeout: 121 seconds)
[06:39:11] *** Joins: skitoo (Thunderbird@moz-urd0va.fbx.proxad.net)
[06:45:33] *** Quits: eddyb_ (eddyb@moz-72m.eg8.166.109.IP) (Ping timeout: 121 seconds)
[06:46:19] *** Quits: theme (theme@moz-i3mhhb.asianet.co.th) (Quit: Leaving)
[06:51:04] <mtsr> Aaron: That is awesome.
[06:51:46] *** Joins: dpc (dpc@moz-a8v.6sn.162.73.IP)
[06:54:54] *** Joins: O01eg (o01eg@moz-o2hta1.3od4.4n8f.2698.2a02.IP)
[06:58:43] *** Joins: mystor (mystor@moz-ldavpp.home3.cgocable.net)
[07:00:21] *** Joins: mithsv (mithsv@moz-i1nn99.dynamic.caiway.nl)
[07:01:34] <XMPPwocky> "hm, why do i keep going out of the map? let's see what our coordinates are"
[07:01:40] <XMPPwocky> Pnt3 { x: NaN, y: NaN, z: NaN }
[07:01:42] <XMPPwocky> well, fuck.
[07:03:06] *** Quits: mkcp (mkcp@moz-5ln.0t9.55.68.IP) (Connection closed)
[07:03:16] *** Quits: mystor (mystor@moz-ldavpp.home3.cgocable.net) (Ping timeout: 121 seconds)
[07:03:19] *** Quits: skitoo (Thunderbird@moz-urd0va.fbx.proxad.net) (Ping timeout: 121 seconds)
[07:03:30] *** Quits: reem (reem@moz-t0lj4l.coob.q2h1.0009.2601.IP) (Connection closed)
[07:04:19] *** Joins: reem (reem@moz-t0lj4l.coob.q2h1.0009.2601.IP)
[07:04:46] <XMPPwocky> a clue: the last velocity before things started REALLY getting out of hand was vel Vec3 { x: 0, y: -262640304222222468246286022866822406024, z: 0 }
[07:04:51] <XMPPwocky> hmmm
[07:06:25] <OmniMancer1> that seems a bit off
[07:06:38] <XMPPwocky> yeah, for an object falling 3 feet
[07:06:38] *** Joins: mkcp (mkcp@moz-5ln.0t9.55.68.IP)
[07:06:44] <Yurume> XMPPwocky: sounds like a faulty floating point to string algorithm at work
[07:06:56] <XMPPwocky> aha, then that overflows and the next position update makes the position NaN
[07:08:23] <XMPPwocky> *everything* is now NaN
[07:08:49] <XMPPwocky> aha
[07:11:04] <XMPPwocky> nalgebra's normalize function, when asked to normalize a zero-length vector, craps out and sticks NaNs everywhere
[07:11:13] <XMPPwocky> if C had ADTs, NaN would probably just be None
[07:11:16] <XMPPwocky> but anas
[07:11:20] <XMPPwocky> alas, alas, alas.
[07:12:33] *** Quits: mithsv (mithsv@moz-i1nn99.dynamic.caiway.nl) (Quit: )
[07:12:36] *** Joins: loveless (loveless@moz-0st.a3n.56.172.IP)
[07:14:42] <OmniMancer1> XMPPwocky: if FPUs had ADTs
[07:14:49] <OmniMancer1> NaN isn't a C thing
[07:15:07] *** Joins: loveless_ (loveless@moz-kpp.7s9.241.192.IP)
[07:15:53] *** Quits: fmtq (fmtq@moz-d08itp.tpgi.com.au) (Ping timeout: 121 seconds)
[07:15:53] <XMPPwocky> i mean, it'd be represented in a more reasonable way for the actual programmer
[07:16:49] *** Quits: loveless (loveless@moz-0st.a3n.56.172.IP) (Ping timeout: 121 seconds)
[07:17:05] *** Joins: fmtq (fmtq@moz-d08itp.tpgi.com.au)
[07:17:27] <OmniMancer1> by manually converting the several possible IEEE754 patterns for it on each operation? or just interpreting None to be NaN?
[07:17:45] <OmniMancer1> or NaN to be None if you have an Option<f32>
[07:19:27] *** Joins: coxg (sazzer@moz-1hq.kh5.32.217.IP)
[07:21:02] *** Joins: theme (theme@moz-i3mhhb.asianet.co.th)
[07:22:11] *** Joins: Rym_ (y@moz-232.ad4.144.109.IP)
[07:23:35] *** Quits: coxg (sazzer@moz-1hq.kh5.32.217.IP) (Ping timeout: 121 seconds)
[07:24:24] *** Quits: untitaker (untitaker@moz-odi003.highway.telekom.at) (Ping timeout: 121 seconds)
[07:24:43] *** Quits: loveless_ (loveless@moz-kpp.7s9.241.192.IP) (Quit: Leaving...)
[07:26:39] *** Quits: Rym_ (y@moz-232.ad4.144.109.IP) (Ping timeout: 121 seconds)
[07:29:52] *** Joins: untitaker (untitaker@moz-p0ucu9.highway.telekom.at)
[07:35:34] *** Joins: bluss (bluss@moz-ec5o68.cust.bredbandsbolaget.se)
[07:38:35] *** Quits: Astrum|Lap (Astrum|Lap@moz-skcefh.co.comcast.net) (Client exited)
[07:48:49] *** Quits: bfops (uid58242@moz-e5u6m0.charlton.irccloud.com) (Quit: Connection closed for inactivity)
[07:49:35] *** Joins: dmac_ (dmac@moz-2ig65r.ca.comcast.net)
[07:59:38] *** Joins: mystor (mystor@moz-ldavpp.home3.cgocable.net)
[08:03:36] *** Joins: sinclair (chatzilla@moz-o36q4q.xnet.co.nz)
[08:04:03] *** Quits: mystor (mystor@moz-ldavpp.home3.cgocable.net) (Ping timeout: 121 seconds)
[08:07:30] *** Quits: reem (reem@moz-t0lj4l.coob.q2h1.0009.2601.IP) (Connection closed)
[08:09:02] *** Joins: reem (reem@moz-2icmmi.ca.comcast.net)
[08:12:32] *** Joins: SneakySnake (nya@moz-i9is4u.pool.telekom.hu)
[08:15:01] *** Joins: skitoo (Thunderbird@moz-urd0va.fbx.proxad.net)
[08:16:19] *** Joins: Rym_ (y@moz-232.ad4.144.109.IP)
[08:17:34] *** Joins: mithsv (mithsv@moz-i1nn99.dynamic.caiway.nl)
[08:17:49] *** Quits: mithsv (mithsv@moz-i1nn99.dynamic.caiway.nl) (Quit: )
[08:20:49] *** Quits: Rym_ (y@moz-232.ad4.144.109.IP) (Ping timeout: 121 seconds)
[08:23:34] *** Quits: reem (reem@moz-2icmmi.ca.comcast.net) (Connection closed)
[08:25:33] *** Quits: dmac_ (dmac@moz-2ig65r.ca.comcast.net) (Ping timeout: 121 seconds)
[08:32:05] *** Quits: csherratt (colin@moz-357qdq.cable.teksavvy.com) (Quit: Konversation terminated!)
[08:33:47] *** Quits: bojo (bojo@moz-ocie6c.plala.or.jp) (Ping timeout: 121 seconds)
[08:34:36] *** Joins: reem (reem@moz-t0lj4l.coob.q2h1.0009.2601.IP)
[08:37:42] *** Joins: lenstr (lenstr@moz-e05.vju.25.171.IP)
[08:38:06] *** Quits: lenstr (lenstr@moz-e05.vju.25.171.IP) (A TLS packet with unexpected length was received.)
[08:42:31] *** Joins: Tobba|Laptop (Tobba@moz-1hh.7ki.21.217.IP)
[08:42:54] *** Quits: reem (reem@moz-t0lj4l.coob.q2h1.0009.2601.IP) (Connection closed)
[08:43:35] *** Quits: summerlight (summerlight@moz-99k.2mj.130.121.IP) (Ping timeout: 121 seconds)
[08:44:30] <tomaka> Hmmmm, I can't fork Aaron's cargo-build as it's already a fork of my repo
[08:44:51] <tomaka> and I can't open an issue either
[08:45:07] <Amaranth> There used to be a trick with that where you could fork it to an organization or something then transfer ownership
[08:45:09] <tomaka> Aaron: in "build.rs", LLVM_PATH should be LLVM_PREFIX
[08:45:11] <Amaranth> But I think they blocked that
[08:51:22] *** Joins: lerc (quassel@moz-nitv9j.telstraclear.net)
[08:58:54] *** Joins: lenstr (lenstr@moz-e05.vju.25.171.IP)
[09:01:05] *** Quits: lenstr (lenstr@moz-e05.vju.25.171.IP) (A TLS packet with unexpected length was received.)
[09:01:28] *** Joins: gonzaloserrano (Adium@moz-1nv.3t7.97.62.IP)
[09:07:32] *** Quits: dougxxx (dougxxx@moz-0js00c.iinet.net.au) (Quit: Leaving...)
[09:08:21] *** Joins: coxg (sazzer@moz-1hq.kh5.32.217.IP)
[09:08:58] *** Joins: lenstr (lenstr@moz-e05.vju.25.171.IP)
[09:10:28] *** Joins: Rym_ (y@moz-232.ad4.144.109.IP)
[09:11:24] *** Quits: lenstr (lenstr@moz-e05.vju.25.171.IP) (A TLS packet with unexpected length was received.)
[09:11:25] <tomaka> thread <main> panicked on an Err:  Error { repr: Os(2) }
[09:11:27] <tomaka> :(
[09:12:13] <theme> tomaka, external system call?
[09:15:00] *** Quits: Rym_ (y@moz-232.ad4.144.109.IP) (Ping timeout: 121 seconds)
[09:20:47] <tomaka> happens here: https://github.com/AerialX/cargo-build/blob/master/src/lib.rs#L190
[09:21:02] <tomaka> is this line supposed to give the name of the current executable: https://github.com/AerialX/cargo-build/blob/master/src/lib.rs#L177 ?
[09:22:41] *** Joins: lenstr (lenstr@moz-e05.vju.25.171.IP)
[09:22:42] *** Quits: theme (theme@moz-i3mhhb.asianet.co.th) (Ping timeout: 121 seconds)
[09:26:43] *** Quits: lenstr (lenstr@moz-e05.vju.25.171.IP) (Ping timeout: 121 seconds)
[09:32:25] *** Quits: dmac (dmac@moz-2ig65r.ca.comcast.net) (Connection closed)
[09:33:50] *** Joins: dmac_ (dmac@moz-2ig65r.ca.comcast.net)
[09:34:58] <XMPPwocky> it's 2:30AM but my physics work
[09:36:08] <cha0s> yay
[09:37:55] *** Quits: dmac_ (dmac@moz-2ig65r.ca.comcast.net) (Ping timeout: 121 seconds)
[09:41:51] *** Joins: eddyb_ (eddyb@moz-8nm.t0c.166.109.IP)
[09:44:08] <XMPPwocky> https://www.youtube.com/watch?v=T--_sp8nM2U
[09:45:41] <tomaka> my ears :(
[09:46:07] <XMPPwocky> obs really ruined that audio, argh
[09:47:07] *** Joins: bojo (bojo@moz-ek1f0s.ocn.ne.jp)
[09:47:12] <cha0s> obs?
[09:47:32] <XMPPwocky> https://obsproject.com/
[09:48:04] <cha0s> ah
[09:48:35] *** Joins: mystor (mystor@moz-ldavpp.home3.cgocable.net)
[09:49:06] <tomaka> holy sh*t cargo-biuld actually works
[09:49:45] <XMPPwocky> "ah, perf is starting to be a problem, let's try a release build"
[09:49:49] <XMPPwocky> it's been thirty minutes
[09:49:57] <XMPPwocky> it's still compiling image
[09:50:27] <tomaka> heh
[09:50:35] <tomaka> the problem is that release really makes a huge difference
[09:50:49] <tomaka> my loading times go from 30 seconds to instantenous when I compile with release
[09:52:07] <XMPPwocky> what's your game?
[09:52:36] <tomaka> 2D settlers-like where you defend against invasions
[09:52:47] *** Quits: mystor (mystor@moz-ldavpp.home3.cgocable.net) (Ping timeout: 121 seconds)
[09:52:47] <eddyb_> tomaka: cargo-build?
[09:52:48] <tomaka> by 2D I mean viewed from the side like a platformer
[09:52:58] <tomaka> eddyb: see the logs
[09:53:08] <tomaka> eddyb: https://github.com/AerialX/cargo-build
[09:53:25] <XMPPwocky> aaand release builds overflow stack and die horribly
[09:53:28] <XMPPwocky> :( :( :( :(
[09:53:56] <WindowsBunny> XMPPwocky: nice
[09:54:02] <XMPPwocky> it's a new one
[09:54:18] <WindowsBunny> XMPPwocky: My regular builds are super slow
[09:54:26] <WindowsBunny> because of the fucking coherence checker
[09:54:44] <WindowsBunny> on a crate that does nothing but define primitive structs, typedefs, and constants
[09:54:55] <WindowsBunny> it takes way too long doing coherence checking Q_Q
[09:55:24] <XMPPwocky> Well, the value of the expression 1 << 31 (the integer 1 right-shifted 31 times) is 429497295, or 4GB (gigabytes). Very few machines have this kind of memory - mine only has 256MB. So of cousre malloc would fail
[09:55:31] <XMPPwocky> i think this gdb tutorial may be slightly dated
[09:55:49] <eddyb_> tomaka: so emscripten?
[09:56:16] <tomaka> eddyb: yeah
[09:56:21] <eddyb_> XMPPwocky: that's obviously wrong
[09:56:30] <tomaka> I'm answering to the wrong eddyb 
[09:56:59] <eddyb_> XMPPwocky: math is hard :P
[09:57:05] <XMPPwocky> ?
[09:57:10] <tomaka> nooooooooo, getting an ICE while compiling glutin for emscripten
[09:57:14] <eddyb_> come on
[09:57:24] <eddyb_> XMPPwocky: the numbers
[09:57:50] <eddyb_> playbot: 1u32 << 31
[09:57:51] -playbot- 2147483648
[09:57:58] <eddyb_> I guess I can just do this
[09:58:43] <XMPPwocky> ah
[09:58:53] <XMPPwocky> well this is interesting
[09:59:03] <XMPPwocky> it's NOT the huge recursive algorithm that's blowing the stack
[09:59:10] <eddyb_> WindowsBunny: oooh
[09:59:15] <XMPPwocky> it's drawing players, which should have no stack pressure at all....
[09:59:19] <eddyb_> WindowsBunny: that's interesting
[09:59:20] <XMPPwocky> spooky
[09:59:25] <XMPPwocky> maybe it's a glium bug
[09:59:48] <tomaka> oh you're overflowign the stak at runtiem?
[09:59:52] <tomaka> I thought at compile time
[09:59:53] <eddyb_> WindowsBunny: can you leave only one of those kinds of items?
[09:59:54] <XMPPwocky> er, it only overflows when drawing the map
[09:59:58] <XMPPwocky> tomaka: no, at runtime
[10:00:04] <eddyb_> WindowsBunny: like, comment out all the consts
[10:00:19] <XMPPwocky> how do i embiggen the stack again
[10:00:46] <eddyb_> WindowsBunny: if you have no trait/impl items in the entire crate, that's dubious
[10:00:47] <WindowsBunny> eddyb_: maybe it's all my #[derive]
[10:00:53] <eddyb_> lel
[10:01:09] <eddyb_> WindowsBunny: those end up as impls
[10:01:11] <WindowsBunny> #[derive(Clone, Copy, Debug, Default)]
[10:01:19] <WindowsBunny> probably results in a lot of impls to check
[10:01:25] <eddyb_> that's 4 impls per type
[10:01:35] <eddyb_> I was hoping for a dumb bug :(
[10:01:40] <WindowsBunny> but why does coherence checking take an order of magnitude longer than everything else combined?
[10:01:57] <eddyb_> WindowsBunny: asymptotic complexity
[10:02:08] <FreeFull> Should there be a warning when a type doesn't implement Debug?
[10:02:09] <WindowsBunny> eddyb_: Fix the complexity then :D
[10:02:27] <eddyb_> WindowsBunny: that's not how algorithms work
[10:02:34] <WindowsBunny> Well use a different algorithm
[10:02:37] <WindowsBunny> with a better complexity
[10:02:42] <WindowsBunny> how hard can it be? :D
[10:02:59] <eddyb_> that said, it's likely more naive than it has to be
[10:03:09] <eddyb_> also...
[10:03:09] <WindowsBunny> it's probably doing something dumb
[10:03:20] <eddyb_> WindowsBunny: not really
[10:03:22] <WindowsBunny> like a linear iteration over all existing impls of a trait
[10:03:27] <eddyb_> it's quadratic at least
[10:03:52] <eddyb_> otherwise you wouldn't notice it, not really
[10:04:09] <WindowsBunny> for each impl, linearly iterate over all existing impls
[10:04:12] <eddyb_> WindowsBunny: think matching every impl with every other impl
[10:04:15] <eddyb_> yeah
[10:04:25] <eddyb_> but you used the word linear
[10:04:31] <WindowsBunny> idk
[10:04:33] <eddyb_> which is misleading :P
[10:04:38] *** Joins: Rym_ (y@moz-232.ad4.144.109.IP)
[10:05:01] <WindowsBunny> eddyb_: when impl'ing for a plain type, can you implement an optimization to skip all impls for plain types other than that type?
[10:05:23] <XMPPwocky> well, then, that's bizarre.
[10:05:27] <XMPPwocky> stack overflow in glium.
[10:05:31] <XMPPwocky> only when building w/ release
[10:05:44] <eddyb_> WindowsBunny: we already have that
[10:05:52] <tomaka> XMPPwocky: gdb should be able to detect it
[10:05:56] <tomaka> oh wait, no debug symbols
[10:05:59] <eddyb_> it's called fast reject
[10:06:00] <XMPPwocky> tomaka: yeah, but now i have to build everything AGAIN
[10:06:08] <WindowsBunny> eddyb_: Can we have even faster reject
[10:06:14] <WindowsBunny> like not even iterating over them to reject them
[10:06:16] <XMPPwocky> if debug symbols make the crash go away idgi
[10:06:20] <eddyb_> WindowsBunny: so, for example, all generic structs with the same definition
[10:06:22] <WindowsBunny> just don't check them at all
[10:06:23] <XMPPwocky> i assume it's opts
[10:06:40] <eddyb_> like Range<X> and Range<Y>
[10:07:05] <eddyb_> are "may alias" (to use AA terminology :P)
[10:07:23] <eddyb_> it'a very easy to compute and check
[10:07:35] <eddyb_> WindowsBunny: it's used in method resolution
[10:07:48] <XMPPwocky> giving this compile the full 25W my CPU can muster :P
[10:07:51] <eddyb_> but I'm not sure if coherence checking takes it into account
[10:08:33] <eddyb_> hmm
[10:09:08] *** Quits: Rym_ (y@moz-232.ad4.144.109.IP) (Ping timeout: 121 seconds)
[10:09:09] <eddyb_> WindowsBunny: you would use a HashSet of fast_reject::SimplifiedType
[10:09:54] <eddyb_> WindowsBunny: except...
[10:10:19] <eddyb_> WindowsBunny: everything will be "may alias" if there is a single blanket impl
[10:11:06] <WindowsBunny> damnit eddyb_
[10:11:10] <eddyb_> wait
[10:11:13] <eddyb_> it's worse
[10:11:18] <WindowsBunny> ffffff
[10:11:20] <eddyb_> WindowsBunny: well, good news
[10:11:23] <WindowsBunny> :D
[10:11:33] <eddyb_> coherence doesn't use fast reject
[10:11:41] <eddyb_> at least I don't think it does
[10:11:45] <WindowsBunny> That's good news? :|
[10:11:56] <WindowsBunny> The bad news must be horrifying then
[10:12:04] <eddyb_> WindowsBunny: because fast reject considers &T and T to be identical
[10:12:27] <eddyb_> no, the good news is that we should be able to add a fast reject mechanism to it
[10:12:58] <WindowsBunny> oh, okay
[10:13:18] <eddyb_> and likely get something efficient
[10:13:44] <eddyb_> the bad news is that fast_reject may be useless here
[10:13:50] <eddyb_> but it's a tiny file
[10:14:07] <WindowsBunny> what's a tiny file?
[10:14:16] <WindowsBunny> the coherence checker?
[10:14:17] <XMPPwocky> tomaka: okay, apparently glium bug
[10:14:23] <XMPPwocky> https://gist.github.com/XMPPwocky/e7d34d8c836cdd57295e
[10:14:36] <eddyb_> WindowsBunny: librustc/middle/fast_reject.rs
[10:14:49] <WindowsBunny> oh, the fast reject implementation
[10:15:28] <eddyb_> let's take Debug
[10:15:36] <eddyb_> there's surely a &T impl
[10:15:56] <tomaka> XMPPwocky: thanks
[10:16:05] <XMPPwocky> tomaka: anything else you want from gdb?
[10:16:07] <eddyb_> which would be treated like a blanket impl with fast_reject
[10:16:59] <eddyb_> WindowsBunny: I wonder if it would be smart to add an onion counter to it :D
[10:17:08] <eddyb_> "levels of references"
[10:17:19] <eddyb_> which are ignored for methods
[10:17:31] <tomaka> XMPPwocky: well, I don't really see why it would overflow
[10:17:35] <XMPPwocky> yeah
[10:17:37] *** Joins: lllshamanlll (Thunderbird@moz-tlc.puj.66.146.IP)
[10:17:38] <eddyb_> I mean, method call lookup
[10:18:11] <XMPPwocky> i think optimizations are screwing with it
[10:18:16] * WindowsBunny strips all the Default implementations
[10:18:31] *** Quits: gonzaloserrano (Adium@moz-1nv.3t7.97.62.IP) (Quit: Leaving.)
[10:18:39] <WindowsBunny> eddyb_: I really wish Copy implied Clone
[10:18:51] <tomaka> XMPPwocky: unless the overflow happens in the GL driver, in which case you're screwed :o)
[10:18:55] <eddyb_> WindowsBunny: there's a thread about a Pod thing
[10:19:01] <WindowsBunny> eddyb_: Yeah, I saw
[10:19:03] <WindowsBunny> I want that
[10:19:03] <eddyb_> WindowsBunny: a RFC, I mean
[10:19:05] <WindowsBunny> I WANT IT
[10:19:09] <XMPPwocky> tomaka: no, it's a Rust overflow 
[10:19:24] <eddyb_> WindowsBunny: I don't like how we're abusing Copy for lints and whatnot
[10:19:25] <WindowsBunny> eddyb_: I demand you pull some strings and get it landed
[10:19:40] <eddyb_> WindowsBunny: I want that Pod to replace Copy
[10:19:52] *** Joins: gonzaloserrano (Adium@moz-1nv.3t7.97.62.IP)
[10:19:55] <WindowsBunny> Pod should be everywhere possible
[10:20:15] <tomaka> XMPPwocky: could be "buffers_list.sort()", that's my only hypothesis
[10:20:18] <eddyb_> WindowsBunny: and it should be named Copy
[10:20:21] <WindowsBunny> xD
[10:20:24] <tomaka> I don't control the "sort()" function
[10:20:42] <XMPPwocky> it's happenning rist at the beginning of get_vertex_array_object
[10:20:50] <WindowsBunny> eddyb_: I'd gladly make all my types just impl Pod, would be handy
[10:21:14] <eddyb_> WindowsBunny: you wouldn't have to (unless they contain pointers)
[10:21:28] <WindowsBunny> eddyb_: What about raw pointers?
[10:21:30] <XMPPwocky>    0x000000000041b64f <+15>:    movabs $0x180ae8,%rax
[10:21:30] <XMPPwocky>    0x000000000041b659 <+25>:    callq  0x65a180 <___chkstk_ms>
[10:21:43] <eddyb_> WindowsBunny: that's what I was talking about
[10:21:46] <WindowsBunny> oh :(
[10:21:54] <XMPPwocky> that's.... that's a lot of stack.
[10:22:07] <eddyb_> XMPPwocky: wat?
[10:22:16] <eddyb_> is that stack probing?
[10:22:19] <WindowsBunny> yes
[10:22:22] <WindowsBunny> that is stack probing
[10:22:32] <XMPPwocky> https://github.com/tomaka/glium/blob/master/src/vertex_array_object.rs#L237 with optimizations on
[10:22:40] <XMPPwocky> this apparently needs a 1MB+ stack frame
[10:22:54] <WindowsBunny> wat
[10:22:59] <WindowsBunny> is it inlining crazy shit?
[10:23:04] <eddyb_> I asked Zoxc about the status of the LLVM patches for stack probing on all platforms
[10:23:13] <eddyb_> and he was very confusing
[10:23:22] <tomaka> XMPPwocky: yeah it could be inlining
[10:24:39] <XMPPwocky> https://gist.github.com/XMPPwocky/b9d0fba770da34335145
[10:24:40] <XMPPwocky> disasm
[10:25:20] <eddyb_> XMPPwocky: not very useful, I don't think
[10:25:29] <eddyb_> IR might be interesting to peek at
[10:25:46] <eddyb_> you can kinda tell what block came from which function
[10:26:04] <eddyb_> because it concatenates their names, like a path
[10:26:13] <XMPPwocky> cargo though
[10:26:18] <eddyb_> so?
[10:26:21] <eddyb_> cargo -v
[10:26:35] <eddyb_> (and --release, presumably)
[10:27:03] <eddyb_> copy, paste, add --emit=llvm-ir (and fix the output file/dir)
[10:27:41] <XMPPwocky> now ppowershell won't work because it's cmd
[10:27:53] <XMPPwocky> and mingw shell just gave up and decided to go into line-at-a-time moed
[10:27:59] <eddyb_> :/
[10:28:06] <XMPPwocky> the escaping of paths is different
[10:28:12] <XMPPwocky> so i'd have to hand-edit........
[10:28:18] <eddyb_> #windows
[10:28:29] <XMPPwocky> let's try a cargo update and a prayer
[10:29:13] *** Quits: kmcguire (kmcguire@moz-c955nf.res.rr.com) (Ping timeout: 121 seconds)
[10:29:24] *** Quits: eddyb_ (eddyb@moz-8nm.t0c.166.109.IP) (Quit: Bye)
[10:30:24] <XMPPwocky> nope
[10:30:27] <XMPPwocky> let's see -O2
[10:31:25] * tomaka is trying to compile the glutin triangle example for emscripten
[10:32:18] *** Joins: dmac_ (dmac@moz-2ig65r.ca.comcast.net)
[10:33:48] *** Joins: summerlight (summerlight@moz-99k.2mj.130.121.IP)
[10:34:58] <OmniMancer1> can rust do PNaCl?
[10:35:24] <tomaka> Holy shit, it's almost working
[10:37:52] *** Quits: dmac_ (dmac@moz-2ig65r.ca.comcast.net) (Ping timeout: 121 seconds)
[10:38:32] <XMPPwocky> no luck at -O2 either
[10:38:34] <XMPPwocky> durngaufsgf
[10:44:04] <tomaka> aaaand I'm freezing the browser
[10:44:07] *** Quits: Tobba|Laptop (Tobba@moz-1hh.7ki.21.217.IP) (Ping timeout: 121 seconds)
[10:48:41] *** Quits: FreeFull (freefull@moz-hffid5.range165-120.btcentralplus.com) (Quit: )
[10:51:03] *** Quits: fmtq (fmtq@moz-d08itp.tpgi.com.au) (Ping timeout: 121 seconds)
[10:52:00] *** Joins: fmtq (fmtq@moz-d08itp.tpgi.com.au)
[10:55:34] *** Joins: kmcguire (kmcguire@moz-pg1gb9.biz.rr.com)
[10:57:40] *** Quits: OmniMancer1 (OmniMancer@moz-u34pe0.xtra.co.nz) (Quit: Leaving.)
[10:58:47] *** Joins: Rym_ (y@moz-232.ad4.144.109.IP)
[10:58:52] *** Joins: theme (theme@moz-i3mhhb.asianet.co.th)
[11:00:17] <tomaka> compile times are just awful though
[11:03:17] *** Quits: Rym_ (y@moz-232.ad4.144.109.IP) (Ping timeout: 121 seconds)
[11:03:55] *** Joins: nical (nical@moz-2g191k.2500.1rfi.0450.2001.IP)
[11:04:53] *** Joins: Sindriava (textual@moz-hegob1.wendulka.net)
[11:05:53] <mtsr> oh yeah, emscripten doesn't compile very fast from what I played around with it
[11:11:48] *** Quits: p1start (p1start@moz-nftjhe.org) (Ping timeout: 121 seconds)
[11:12:14] *** Joins: Tobba|Laptop (Tobba@moz-1hh.7ki.21.217.IP)
[11:12:28] *** Quits: zeqfreed (textual@moz-nhg.b3v.48.46.IP) (Quit: )
[11:14:09] *** Quits: indefini (indefini@moz-4p4v25.ucom.ne.jp) (Connection closed)
[11:14:20] *** Quits: coxg (sazzer@moz-1hq.kh5.32.217.IP) (Ping timeout: 121 seconds)
[11:23:28] *** Joins: ytain (ytain@moz-f5jvis.dsl.teksavvy.com)
[11:23:58] *** Joins: phil_ (phil@moz-3rgsh9.customers.d1-online.com)
[11:24:11] *** Joins: lenstr (lenstr@moz-e05.vju.25.171.IP)
[11:27:13] *** Joins: coxg (sazzer@moz-1hq.kh5.32.217.IP)
[11:27:19] *** Quits: phil_ (phil@moz-3rgsh9.customers.d1-online.com) (Quit: Colloquy for iPhone - http://colloquy.mobi)
[11:27:53] *** Joins: Lilly (Lilly@moz-ca683g.bredband.comhem.se)
[11:28:16] *** Quits: lenstr (lenstr@moz-e05.vju.25.171.IP) (Ping timeout: 121 seconds)
[11:32:46] *** Joins: RalfJ (quassel@moz-5t4t9t.ralfj.de)
[11:34:51] *** Joins: dmac_ (dmac@moz-2ig65r.ca.comcast.net)
[11:37:13] *** Joins: mystor (mystor@moz-ldavpp.home3.cgocable.net)
[11:38:56] *** Quits: dmac_ (dmac@moz-2ig65r.ca.comcast.net) (Ping timeout: 121 seconds)
[11:39:22] <RalfJ> What's currently the recommended way for doing OpenGL in Rust? I started out wanting to use <https://github.com/gfx-rs/gfx-rs>, but then on creates.io <https://crates.io/search?q=gl> I found <https://crates.io/crates/gl> and <https://crates.io/crates/gfx_gl>, where the latter even refers to gfx-rs, but it's "Homepage" and "Repository" URLs just give a  404. The "gl" crate references <https://github.com/gfx-rs/gfx_gl>, which may be what the "gfx_gl"
[11:39:22] <RalfJ>  create actually wants to point to. so now I have three creates to choose from, but it seems to me from their cross-references they are not actually alternatives to each other, but somehow building on top of each other...
[11:41:33] *** Quits: mystor (mystor@moz-ldavpp.home3.cgocable.net) (Ping timeout: 121 seconds)
[11:43:23] *** Joins: phil_ (phil@moz-3rgsh9.customers.d1-online.com)
[11:43:37] *** Joins: reem (reem@moz-2icmmi.ca.comcast.net)
[11:45:04] *** Quits: phil_ (phil@moz-3rgsh9.customers.d1-online.com) (Quit: Colloquy for iPhone - http://colloquy.mobi)
[11:47:44] *** Quits: reem (reem@moz-2icmmi.ca.comcast.net) (Ping timeout: 121 seconds)
[11:51:15] <tomaka> gl-rs provides raw bindings for OpenGL that allow you to call GL functions from rust: https://github.com/bjz/gl-rs
[11:51:37] <tomaka> you'll also need some way to create a window and a context, which is tackled by glfw-rs, sdl-rs or glutin
[11:52:01] <tomaka> on top of that, there's gfx-rs and glium, which provide an easier way to work with opengl
[11:52:56] *** Joins: Rym_ (y@moz-232.ad4.144.109.IP)
[11:52:59] <tomaka> gfx is for low-level graphics in general and not only focused on opengl, so to use opengl with it you need to use gfx_gl
[11:53:46] <tomaka> and the reason why you can't find glium on crates.io is for some technical reasons
[11:55:50] *** Quits: Sindriava (textual@moz-hegob1.wendulka.net) (Quit: My Mac has gone to sleep. ZZZzzz…)
[11:57:24] *** Quits: Rym_ (y@moz-232.ad4.144.109.IP) (Ping timeout: 121 seconds)
[11:59:36] *** Joins: twipeD (wipeD@moz-8h4rq0.dip0.t-ipconnect.de)
[12:00:13] *** Quits: skitoo (Thunderbird@moz-urd0va.fbx.proxad.net) (Ping timeout: 121 seconds)
[12:01:53] <RalfJ> I see... wow, that's more layers than I expected ;-) . at least the triangle example seems to compile now...
[12:02:11] *** Quits: palodequeso (quassel@moz-8afrdq.dhcp.embarqhsd.net) (Ping timeout: 121 seconds)
[12:04:01] *** Joins: Sindriava (textual@moz-hegob1.wendulka.net)
[12:04:09] *** Quits: mkcp (mkcp@moz-5ln.0t9.55.68.IP) (Connection closed)
[12:07:35] <bjz> RalfJ: think of gl-rs kind of like GLEW
[12:08:28] *** Quits: fmtq (fmtq@moz-d08itp.tpgi.com.au) (Ping timeout: 121 seconds)
[12:09:14] <bjz> RalfJ: we need it because of the way rust links stuff - we don't use headers like in C, and the gl libraries differ between systems/driver versions.
[12:09:31] *** Joins: fmtq (fmtq@moz-d08itp.tpgi.com.au)
[12:12:03] <RalfJ> I see. but then it seems stuff only needs to depend on gl_common, not gl-rs, to make things compile...?
[12:12:48] <RalfJ> at least I cannot find gl_rs in my ~/.cargo
[12:14:36] <tomaka> which triangle example are you compiling?
[12:19:40] *** Joins: indefini (chris@moz-qefu0l.ocn.ne.jp)
[12:20:30] <RalfJ> first the one from glx-rs. now the one from glium.
[12:20:37] <RalfJ> *gfs-rs
[12:21:01] <RalfJ> got them both running now :D
[12:21:11] <RalfJ> which means I can start to dissect what's actually going on...
[12:22:15] *** Quits: Sindriava (textual@moz-hegob1.wendulka.net) (Quit: My Mac has gone to sleep. ZZZzzz…)
[12:23:29] <RalfJ> this is actually fairly surprising to me: how does cargo know it has to look in a subdirectory?
[12:23:29] <RalfJ> [dependencies.glium_macros]
[12:23:29] <RalfJ> git = "https://github.com/tomaka/glium"
[12:25:01] <tomaka> it does automatically
[12:25:53] *** Joins: lenstr (lenstr@moz-e05.vju.25.171.IP)
[12:26:06] <RalfJ> does this only work because I called the dependency glium_macros, and the folder is called macros? or will it just go into all folders and read the Cargo.toml?
[12:27:02] <tomaka> it just goes in all folders until it finds a Cargo.toml which contains the right package name
[12:29:09] *** Joins: toqueteos (toqueteos@moz-plqtsp.staticIP.rima-tde.net)
[12:29:55] *** Quits: lenstr (lenstr@moz-e05.vju.25.171.IP) (Ping timeout: 121 seconds)
[12:30:12] <RalfJ> nice
[12:30:23] <tomaka> so for your question above about gl
[12:30:43] <tomaka> what happens is that gl-rs contains a "gl_generator" package
[12:30:50] <tomaka> which is a rust code that generates rust code
[12:31:11] <tomaka> when you want to use OpenGL functions, you can either use gl_generator directly to generate the appropriate function signatures
[12:31:20] <tomaka> or use "gl", which itself uses gl_generator
[12:31:30] <tomaka> "gl" is just a convenient crate
[12:31:40] *** Quits: gonzaloserrano (Adium@moz-1nv.3t7.97.62.IP) (Quit: Leaving.)
[12:33:07] <RalfJ> I see. so the crates I've been looking that simply decided not to use that convenience.
[12:33:23] <tomaka> yeah, because you don't have enough control with just "gl"
[12:34:21] <RalfJ> lots of magic...
[12:35:35] *** Joins: dmac_ (dmac@moz-2ig65r.ca.comcast.net)
[12:37:54] *** Joins: mystor (mystor@moz-ldavpp.home3.cgocable.net)
[12:38:30] *** Joins: Sindriava (textual@moz-hegob1.wendulka.net)
[12:38:33] *** Quits: Sindriava (textual@moz-hegob1.wendulka.net) (Quit: My Mac has gone to sleep. ZZZzzz…)
[12:39:41] *** Quits: dmac_ (dmac@moz-2ig65r.ca.comcast.net) (Ping timeout: 121 seconds)
[12:42:16] *** Quits: mystor (mystor@moz-ldavpp.home3.cgocable.net) (Ping timeout: 121 seconds)
[12:47:08] *** Joins: Rym_ (y@moz-232.ad4.144.109.IP)
[12:50:20] *** Quits: Lilly (Lilly@moz-ca683g.bredband.comhem.se) (Connection closed)
[12:51:34] *** Joins: Lilly (Lilly@moz-ca683g.bredband.comhem.se)
[12:51:38] *** Quits: Rym_ (y@moz-232.ad4.144.109.IP) (Ping timeout: 121 seconds)
[13:04:44] *** Joins: palodequeso (quassel@moz-ebjt83.hfc.comcastbusiness.net)
[13:06:28] <Aaron>  ( tomaka) Aaron: in "build.rs", LLVM_PATH should be LLVM_PREFIX << Wow I'm stupid.
[13:06:39] <tomaka> oh you're back
[13:07:00] <huon> Aaron: hey
[13:07:15] <huon> Aaron: I saw you complaining about the /r/rust post being stuck in the spam filter
[13:07:15] <tomaka> I managed to run glutin's triangle example (but without the triangle because of differences between GL and WebGL)
[13:07:40] <huon> Aaron: I can unstuck it, but I can't find it
[13:08:09] <Aaron> huon: :(
[13:08:12] <huon> Aaron: if you resubmit (no point having an hours old post) and send me the link to the submission I'll approve it
[13:08:20] *** Quits: Kingsquee (kingsley@moz-qq7ns6.bchsia.telus.net) (Quit: Konversation terminated!)
[13:08:54] <Aaron> huon: sure, one moment.
[13:09:02] *** Quits: theme (theme@moz-i3mhhb.asianet.co.th) (Quit: Leaving)
[13:10:17] <tomaka> Aaron: you're right though, build times are aweful
[13:10:23] <tomaka> I didn't belive it because a hello world was very fast
[13:10:55] <tomaka> it wouldn't surprise me if it took several hours to build a more complex project
[13:11:02] *** Joins: eddyb_ (eddyb@moz-hpe.8it.25.188.IP)
[13:11:16] *** Quits: eddyb (eddyb@moz-d6d.4h8.25.188.IP) (Ping timeout: 121 seconds)
[13:11:38] <Aaron> tomaka: yeah, it's pretty bad... I wonder if it can be improved by just disabling some debug output but not running optimizations.
[13:11:47] <Aaron> Still needs to run LTO regardless though.
[13:12:43] <huon> Aaron: (I'm going to sleep soon, so it'd be great to do that link in the next few minutes; if not you can pester bstrie, or even just send the mods a message with a link :) )
[13:12:48] <Aaron> Well, maybe not, if we unpack the rlibs manually and use llvm-link. Not entirely sure which part is slowest, though.
[13:13:12] <Aaron> huon: sure thing, one minute!
[13:13:29] <tomaka> huon: Are we supposed to contact you to change our flair on reddit?
[13:13:30] <Aaron> Just woke up, sorry :P
[13:14:28] <huon> tomaka: contacting moderators is the only way to get the flair changed, yes
[13:14:37] <tomaka> ok
[13:14:51] <tomaka> I'd like to change from "glutin" to "glutin - glium" if that's possible :o)
[13:15:00] <huon> what's your account?
[13:15:01] *** Joins: gonzaloserrano (Adium@moz-1nv.3t7.97.62.IP)
[13:15:09] <tomaka>  /u/tomaka17
[13:15:20] <tomaka> http://www.reddit.com/user/tomaka17/
[13:15:37] <huon> done!
[13:15:43] <tomaka> thanks!
[13:15:53] <Aaron> huon: hah, it didn't get caught this time I think.
[13:16:03] <Aaron> Wait, no, it did.
[13:16:10] <Aaron> It was up for 5 seconds.
[13:16:20] <Aaron> huon: https://www.reddit.com/r/rust/comments/2yfsi9/rust_to_js_with_emscripten/
[13:16:48] <huon> approved
[13:17:51] <Aaron> thanks!
[13:19:54] <Aaron> tomaka: that's actually kind of funny that you can't fork it.
[13:20:13] <Aaron> Not sure why issues were disabled, are they disabled by default on forks for some reason?
[13:20:15] <tomaka> if I click on "fork", github redirects me to the parent
[13:20:55] <Aaron> Yeah, I didn't even think about that. I guess you could use a branch on your repo?
[13:21:22] <tomaka> I could also delete my repo and then fork
[13:21:30] <tomaka> as it doesn't really work anyway
[13:22:19] <tomaka> grmlblbl I started compiling glium 15mn ago with cargo-build, still hasn't finished
[13:22:34] <Aaron> It's that bad? :(
[13:22:56] <tomaka> glium already takes some time to compile even in debug
[13:23:31] <tomaka> the problem is that it doesn't work on emscripten yet (I call some functions that don't exist in webgl)
[13:23:38] <tomaka> and I wanted to fix it
[13:23:51] <tomaka> but if it takes one hour every time I change a word, it's going to be long
[13:24:29] <Aaron> Yup, that's why I mentioned mesa last night as a quicker way to try adding GLES2.0 support :P
[13:25:28] <tomaka> but as I said above, glutin already works though
[13:25:35] *** Joins: DoomBoom (DoomBoom@moz-308.k77.252.141.IP)
[13:25:59] <Aaron> Debug mode should be doable, it'll just take some changes.
[13:26:14] <Aaron> Maybe LLVM 3.6 standalone to strip the metadata before transforming to 3.5
[13:26:47] *** Joins: Vase (Vase@moz-gc3.p78.35.72.IP)
[13:26:59] *** Joins: Zoxc (Zoxc@moz-g6sljr.bb.online.no)
[13:27:06] <Aaron> Maybe use 3.6 opt instead of 3.5 opt to both strip metadata and do the llvm.assume passes.
[13:27:10] * tomaka afk
[13:27:47] <Aaron> Then if it's still too slow, llvm-link instead of using rustc's LTO as a poor man's bitcode linker.
[13:36:22] *** Joins: dmac_ (dmac@moz-2ig65r.ca.comcast.net)
[13:36:59] *** Joins: hhhhhhhhhh (mike@moz-969kuj.cable.virginm.net)
[13:38:05] *** Quits: Tobba|Laptop (Tobba@moz-1hh.7ki.21.217.IP) (Ping timeout: 121 seconds)
[13:38:39] *** Joins: mystor (mystor@moz-ldavpp.home3.cgocable.net)
[13:40:22] *** Joins: Tobba|Laptop (Tobba@moz-1hh.7ki.21.217.IP)
[13:40:28] *** Quits: dmac_ (dmac@moz-2ig65r.ca.comcast.net) (Ping timeout: 121 seconds)
[13:41:18] *** Joins: Rym_ (y@moz-232.ad4.144.109.IP)
[13:43:00] *** Quits: mystor (mystor@moz-ldavpp.home3.cgocable.net) (Ping timeout: 121 seconds)
[13:44:00] *** Quits: Sgeo (quassel@moz-rn7qu3.dyn.optonline.net) (Connection closed)
[13:45:46] *** Quits: Rym_ (y@moz-232.ad4.144.109.IP) (Ping timeout: 121 seconds)
[13:45:59] *** Quits: SneakySnake (nya@moz-i9is4u.pool.telekom.hu) (Connection closed)
[13:46:38] *** Quits: gonzaloserrano (Adium@moz-1nv.3t7.97.62.IP) (Ping timeout: 121 seconds)
[13:46:58] *** Quits: Feyn (Feyn@moz-078.4n2.115.42.IP) (Quit: Leaving)
[13:47:00] *** Joins: Sindriava (textual@moz-jrsnms.fit.cvut.cz)
[13:47:29] *** Quits: fmtq (fmtq@moz-d08itp.tpgi.com.au) (Ping timeout: 121 seconds)
[13:48:23] *** Joins: fmtq (fmtq@moz-d08itp.tpgi.com.au)
[13:51:10] *** Joins: Gamecubic (cubic@moz-oihnfh.mc.videotron.ca)
[13:51:17] *** Joins: skitoo (Thunderbird@moz-urd0va.fbx.proxad.net)
[13:54:23] *** Joins: gonzaloserrano (Adium@moz-1nv.3t7.97.62.IP)
[13:59:16] *** Joins: FreeFull (freefull@moz-3ff296.rdg.ac.uk)
[14:01:24] *** Quits: Tobba|Laptop (Tobba@moz-1hh.7ki.21.217.IP) (Ping timeout: 121 seconds)
[14:03:14] *** Quits: Sindriava (textual@moz-jrsnms.fit.cvut.cz) (Connection closed)
[14:03:19] *** Joins: Sindriava (textual@moz-jrsnms.fit.cvut.cz)
[14:04:01] *** eddyb_ is now known as eddyb
[14:09:19] *** Quits: coxg (sazzer@moz-1hq.kh5.32.217.IP) (Ping timeout: 121 seconds)
[14:11:36] *** Joins: zeqfreed (textual@moz-nhg.b3v.48.46.IP)
[14:14:38] *** Joins: coxg (sazzer@moz-1hq.kh5.32.217.IP)
[14:15:23] *** Joins: erickt (erickt@moz-njt.vqi.14.76.IP)
[14:17:07] <Amaranth> Wait, wouldn't an emscripten backend for glutin basically be an SDL backend?
[14:17:49] <Amaranth> Oh I guess not
[14:18:16] <eddyb> I would expect EGL
[14:18:20] <eddyb> or hope, rather
[14:18:23] <Amaranth> I thought they just had intrinsics for SDL calls to convert them to web stuff but apparently they have an actual API
[14:18:33] <Amaranth> EGL would just be making a context, still need events
[14:19:10] <Aaron> They do have an SDL javascript implementation. There's very little needed for setting up WebGL though, so it's a bit redundant to use it for that purpose.
[14:19:56] <Aaron> It's kind of helpful to use for input handling though, I'm not sure if key/mouse events are exposed any other way (besides writing your own javascript).
[14:20:21] <tomaka> Emscripten has an API, and their SDL port uses that API
[14:20:32] <tomaka> so I don't need to use the SDL, I can just use the API directly
[14:22:55] <tomaka> Also, emscripten has a nice "ASYNCIFY" mode
[14:23:14] <tomaka> if you write   loop { println!("hello world"); emscripten_sleep(1); }
[14:23:32] *** Quits: erickt (erickt@moz-njt.vqi.14.76.IP) (Ping timeout: 121 seconds)
[14:23:33] <tomaka> emscripten will turn that into:   setInterval(1, function() { print("hello world"); })
[14:23:46] <tomaka> I don't know how that voodoo magic works, but it works
[14:27:01] <eddyb> lol
[14:27:50] <Aaron> Huh, interesting.
[14:27:57] *** Joins: AngelOfSol (AngelOfSol@moz-dj58kc.rh.rit.edu)
[14:29:00] *** Joins: eddyb_ (eddyb@moz-stt.82i.25.188.IP)
[14:29:05] *** Quits: eddyb (eddyb@moz-hpe.8it.25.188.IP) (Connection closed)
[14:30:23] *** Joins: ytain2 (ytain@moz-d93rt6.dsl.teksavvy.com)
[14:31:00] *** Quits: ytain2 (ytain@moz-d93rt6.dsl.teksavvy.com) (Quit: Textual IRC Client: www.textualapp.com)
[14:32:16] <nical> tomaka: is there an equivalent with requestAnimationFrame instead of setInterval? I wouldn't recommend using setInterval for (game/demo) loops.
[14:32:36] *** Quits: coxg (sazzer@moz-1hq.kh5.32.217.IP) (Ping timeout: 121 seconds)
[14:32:40] *** Quits: ytain (ytain@moz-f5jvis.dsl.teksavvy.com) (Ping timeout: 121 seconds)
[14:33:17] <tomaka> nical: I don't know about requestAnimationFrame, but yeah emscripten discourage this too
[14:33:44] <tomaka> the right way™ is to call emscripten_set_main_loop(0, function)
[14:34:07] <tomaka> if you pass 0 the docs say that it will find the most appropriate interval, so I guess it's requestAnimationFrame
[14:34:18] <nical> fair enough
[14:35:25] *** Joins: Rym_ (y@moz-232.ad4.144.109.IP)
[14:35:42] *** Joins: Guest74 (textual@moz-il1.n6s.204.65.IP)
[14:37:07] *** Joins: dmac_ (dmac@moz-2ig65r.ca.comcast.net)
[14:39:32] *** Joins: Astrum|Lap (Astrum|Lap@moz-skcefh.co.comcast.net)
[14:39:57] *** Quits: Rym_ (y@moz-232.ad4.144.109.IP) (Ping timeout: 121 seconds)
[14:41:13] *** Quits: dmac_ (dmac@moz-2ig65r.ca.comcast.net) (Ping timeout: 121 seconds)
[14:44:48] *** Quits: gonzaloserrano (Adium@moz-1nv.3t7.97.62.IP) (Ping timeout: 121 seconds)
[14:45:15] *** Joins: gonzaloserrano (Adium@moz-1nv.3t7.97.62.IP)
[14:45:34] *** Joins: SneakySnake (nya@moz-i9is4u.pool.telekom.hu)
[14:50:14] *** Joins: nodweber (nodweber@moz-knt.fgq.178.5.IP)
[14:53:42] *** Joins: evanfarrar (evanfarrar@moz-7vs.bl6.251.207.IP)
[15:01:51] *** Quits: Sindriava (textual@moz-jrsnms.fit.cvut.cz) (Quit: My Mac has gone to sleep. ZZZzzz…)
[15:04:53] *** Joins: mkcp (mkcp@moz-5ln.0t9.55.68.IP)
[15:05:49] *** Joins: Sindriava (textual@moz-jrsnms.fit.cvut.cz)
[15:07:01] *** Quits: DoomBoom (DoomBoom@moz-308.k77.252.141.IP) (Quit: Leaving)
[15:08:32] *** Joins: brson (brson@moz-cfhap5.mtv2.mozilla.com)
[15:09:00] *** Quits: mkcp (mkcp@moz-5ln.0t9.55.68.IP) (Ping timeout: 121 seconds)
[15:13:17] *** Quits: saml (saml@moz-0pt9vd.cst.lightpath.net) (Quit: Leaving)
[15:14:12] *** Quits: mra (mrannanj@moz-6l6mf3.cs.helsinki.fi) (Ping timeout: 121 seconds)
[15:16:16] *** Joins: coxg (sazzer@moz-1hq.kh5.32.217.IP)
[15:19:19] *** Quits: Sindriava (textual@moz-jrsnms.fit.cvut.cz) (Quit: My Mac has gone to sleep. ZZZzzz…)
[15:19:32] *** Joins: Hemamorphy (Hemamorphy@moz-n7o3dk.csusb.edu)
[15:19:49] *** Quits: summerlight (summerlight@moz-99k.2mj.130.121.IP) (Ping timeout: 121 seconds)
[15:25:51] *** Joins: Tobba (Tobba@moz-o13d22.bredband.telia.com)
[15:26:00] *** Joins: lenstr (lenstr@moz-e05.vju.25.171.IP)
[15:27:18] *** Joins: kmcguire_ (kmcguire@moz-pg1gb9.biz.rr.com)
[15:27:26] *** Joins: mystor (mystor@moz-ldavpp.home3.cgocable.net)
[15:29:36] *** Joins: Rym_ (y@moz-232.ad4.144.109.IP)
[15:30:06] *** Quits: lenstr (lenstr@moz-e05.vju.25.171.IP) (Ping timeout: 121 seconds)
[15:30:19] *** Quits: kmcguire (kmcguire@moz-pg1gb9.biz.rr.com) (Ping timeout: 121 seconds)
[15:31:36] *** Quits: Astrum|Lap (Astrum|Lap@moz-skcefh.co.comcast.net) (Client exited)
[15:31:44] *** Quits: mystor (mystor@moz-ldavpp.home3.cgocable.net) (Ping timeout: 121 seconds)
[15:34:07] *** Quits: Rym_ (y@moz-232.ad4.144.109.IP) (Ping timeout: 121 seconds)
[15:34:47] *** Joins: Rym_ (y@moz-232.ad4.144.109.IP)
[15:36:58] *** Quits: Tobba (Tobba@moz-o13d22.bredband.telia.com) (Connection closed)
[15:37:18] *** Joins: edlothiol (user@moz-n7m9to.unity-media.net)
[15:37:52] *** Joins: dmac_ (dmac@moz-2ig65r.ca.comcast.net)
[15:41:58] *** Quits: dmac_ (dmac@moz-2ig65r.ca.comcast.net) (Ping timeout: 121 seconds)
[15:46:00] *** Joins: kniteli (kniteli@moz-51rmqe.or.comcast.net)
[15:46:04] *** Quits: Hemamorphy (Hemamorphy@moz-n7o3dk.csusb.edu) (Quit: My Mac has gone to sleep. ZZZzzz…)
[15:47:56] *** Joins: Guest74_ (textual@moz-il1.n6s.204.65.IP)
[15:48:02] *** Quits: Guest74 (textual@moz-il1.n6s.204.65.IP) (Ping timeout: 121 seconds)
[15:50:33] *** Joins: Hemamorphy (Hemamorphy@moz-n7o3dk.csusb.edu)
[15:51:44] *** Quits: Hemamorphy (Hemamorphy@moz-n7o3dk.csusb.edu) (Connection closed)
[15:54:43] *** Joins: saml (saml@moz-0pt9vd.cst.lightpath.net)
[15:55:56] *** Joins: lenstr (lenstr@moz-e05.vju.25.171.IP)
[15:56:04] <rsaarelm> PistonDevelopers/image devs here? It still has overflow crashes in the encode png code.
[15:56:11] *** Quits: nical (nical@moz-2g191k.2500.1rfi.0450.2001.IP) (Client exited)
[15:56:25] *** Joins: nical (nical@moz-2g191k.2500.1rfi.0450.2001.IP)
[15:58:36] *** Joins: JusticeFries (textual@moz-v59a5h.co.comcast.net)
[15:59:31] <rsaarelm> Guess I can take a shot myself.
[16:00:57] <JusticeFries> anybody doing 7DRL?
[16:02:18] *** Joins: Sindriava (textual@moz-jrsnms.fit.cvut.cz)
[16:02:55] <rsaarelm> Me.
[16:03:53] <JusticeFries> awesome. I may restart mine in Rust now that I'm a little more comfortable with lifetimes.
[16:08:13] *** Joins: vadimcn (uid46608@moz-o7asbu.uxbridge.irccloud.com)
[16:08:45] <FreeFull> I should probably take a look at all the wrapping stuff
[16:10:50] *** Quits: Lilly (Lilly@moz-ca683g.bredband.comhem.se) (Quit: bajs)
[16:11:55] <rsaarelm> I've been already working on a roguelike, so I just forked it and am doing new content and mechanics for a 7drl game.
[16:16:37] *** Quits: Sindriava (textual@moz-jrsnms.fit.cvut.cz) (Quit: My Mac has gone to sleep. ZZZzzz…)
[16:17:28] *** Quits: nodweber (nodweber@moz-knt.fgq.178.5.IP) (A TLS packet with unexpected length was received.)
[16:17:31] <rsaarelm> bvssvni: If you work on Piston image, you might want to add unit tests for PNG encoding. Would've caught the encode overflow crash I ran into.
[16:17:56] *** Joins: nodweber (nodweber@moz-knt.fgq.178.5.IP)
[16:21:32] *** Joins: ytain (ytain@moz-d93rt6.dsl.teksavvy.com)
[16:22:04] *** Quits: nodweber (nodweber@moz-knt.fgq.178.5.IP) (Ping timeout: 121 seconds)
[16:22:45] *** Quits: JusticeFries (textual@moz-v59a5h.co.comcast.net) (Quit: Textual IRC Client: www.textualapp.com)
[16:23:35] *** Joins: Tobba (Tobba@moz-o13d22.bredband.telia.com)
[16:26:20] <rsaarelm> Stupid slow build times.
[16:28:07] *** Quits: Guest74_ (textual@moz-il1.n6s.204.65.IP) (Quit: My Mac has gone to sleep. ZZZzzz…)
[16:30:40] *** Joins: Astrum|Lap (Astrum|Lap@moz-7enfbr.co.comcast.net)
[16:38:36] *** Joins: dmac_ (dmac@moz-2ig65r.ca.comcast.net)
[16:41:25] *** Joins: mithsv (mithsv@moz-i1nn99.dynamic.caiway.nl)
[16:42:25] *** Joins: Guest74 (textual@moz-il1.n6s.204.65.IP)
[16:42:42] *** Quits: dmac_ (dmac@moz-2ig65r.ca.comcast.net) (Ping timeout: 121 seconds)
[16:45:33] *** Joins: pcwalton (pcwalton@moz-6kjabm.ca.comcast.net)
[16:46:03] *** Quits: lenstr (lenstr@moz-e05.vju.25.171.IP) (A TLS packet with unexpected length was received.)
[16:46:28] *** Quits: pcwalton (pcwalton@moz-6kjabm.ca.comcast.net) (Client exited)
[16:46:39] *** Joins: pcwalton (pcwalton@moz-6kjabm.ca.comcast.net)
[16:52:21] *** Joins: bfops (uid58242@moz-e5u6m0.charlton.irccloud.com)
[16:52:42] *** Quits: pcwalton (pcwalton@moz-6kjabm.ca.comcast.net) (Ping timeout: 121 seconds)
[16:53:04] *** Joins: lenstr (lenstr@moz-e05.vju.25.171.IP)
[16:53:59] *** Joins: pcwalton (pcwalton@moz-6kjabm.ca.comcast.net)
[16:55:20] *** Quits: pcwalton (pcwalton@moz-6kjabm.ca.comcast.net) (Client exited)
[16:55:25] *** Quits: lenstr (lenstr@moz-e05.vju.25.171.IP) (A TLS packet with unexpected length was received.)
[16:55:53] *** Joins: pcwalton (pcwalton@moz-6kjabm.ca.comcast.net)
[16:56:03] *** Quits: pcwalton (pcwalton@moz-6kjabm.ca.comcast.net) (Client exited)
[16:56:14] *** Joins: erickt (erickt@moz-4hh.6p3.217.74.IP)
[16:56:19] *** Joins: pcwalton (pcwalton@moz-7fd.v3g.198.71.IP)
[16:57:25] *** Joins: lenstr (lenstr@moz-e05.vju.25.171.IP)
[16:57:40] *** Joins: mystor (mystor@moz-ldavpp.home3.cgocable.net)
[17:03:21] *** Joins: James (quassel@moz-5qldmp.range109-148.btcentralplus.com)
[17:06:28] *** Quits: {0}grant ({0}grant@moz-63ubas.in.charter.com) (Ping timeout: 121 seconds)
[17:10:28] *** Joins: JusticeFries (textual@moz-v59a5h.co.comcast.net)
[17:13:45] *** Joins: mkcp (mkcp@moz-5ln.0t9.55.68.IP)
[17:16:47] *** Joins: matp_ (matp@moz-rvt9hl.matp.at)
[17:16:56] *** Quits: pcwalton (pcwalton@moz-7fd.v3g.198.71.IP) (Client exited)
[17:17:37] *** Quits: matp (matp@moz-rvt9hl.matp.at) (Ping timeout: 121 seconds)
[17:18:39] *** Quits: coxg (sazzer@moz-1hq.kh5.32.217.IP) (Ping timeout: 121 seconds)
[17:23:01] *** Joins: dmac_ (dmac@moz-h4nvlf.ca.comcast.net)
[17:25:57] *** dmac_ is now known as dmac
[17:28:37] *** Joins: nodweber (nodweber@moz-knt.fgq.178.5.IP)
[17:29:18] *** Joins: yoga (user@moz-jsj3r9.static.netvigator.com)
[17:30:00] *** Joins: nodweber_ (nodweber@moz-knt.fgq.178.5.IP)
[17:30:19] *** Quits: nodweber (nodweber@moz-knt.fgq.178.5.IP) (Connection closed)
[17:30:34] *** Joins: pcwalton (pcwalton@moz-u92.384.6.71.IP)
[17:31:52] *** Quits: fmtq (fmtq@moz-d08itp.tpgi.com.au) (Ping timeout: 121 seconds)
[17:32:26] *** Joins: fmtq (fmtq@moz-d08itp.tpgi.com.au)
[17:40:18] *** Quits: mkcp (mkcp@moz-5ln.0t9.55.68.IP) (Connection closed)
[17:40:34] *** Joins: mkcp (mkcp@moz-5ln.0t9.55.68.IP)
[17:54:11] *** Joins: ^BR (br@moz-egk.dm6.194.78.IP)
[17:56:12] *** Quits: nodweber_ (nodweber@moz-knt.fgq.178.5.IP) (A TLS packet with unexpected length was received.)
[17:58:57] *** Joins: atheriel (Mibbit@moz-pmtuqj.tor.primus.ca)
[18:00:38] *** Quits: mithsv (mithsv@moz-i1nn99.dynamic.caiway.nl) (Quit: )
[18:01:12] *** Joins: nodweber (nodweber@moz-knt.fgq.178.5.IP)
[18:01:44] *** Quits: erickt (erickt@moz-4hh.6p3.217.74.IP) (Quit: leaving)
[18:01:59] *** Joins: erickt (erickt@moz-4hh.6p3.217.74.IP)
[18:02:54] *** Quits: pcwalton (pcwalton@moz-u92.384.6.71.IP) (Client exited)
[18:03:21] *** Quits: gonzaloserrano (Adium@moz-1nv.3t7.97.62.IP) (Quit: Leaving.)
[18:06:08] *** Quits: Astrum|Lap (Astrum|Lap@moz-7enfbr.co.comcast.net) (Client exited)
[18:08:22] *** Quits: mkcp (mkcp@moz-5ln.0t9.55.68.IP) (Connection closed)
[18:08:42] *** Joins: mkcp (mkcp@moz-5ln.0t9.55.68.IP)
[18:12:44] *** Quits: mkcp (mkcp@moz-5ln.0t9.55.68.IP) (Ping timeout: 121 seconds)
[18:13:26] *** Joins: stjahns (stjahns@moz-usjrqa.gv.shawcable.net)
[18:15:17] *** Joins: jxv (jxv___@moz-2celrt.res.rr.com)
[18:18:30] *** Joins: ewdafa (ewdafa@moz-3lnrlt.members.linode.com)
[18:22:29] *** Joins: mkcp (mkcp@moz-5ln.0t9.55.68.IP)
[18:23:10] *** Quits: stjahns (stjahns@moz-usjrqa.gv.shawcable.net) (Connection closed)
[18:23:42] *** Joins: stjahns (stjahns@moz-usjrqa.gv.shawcable.net)
[18:24:06] *** Quits: stjahns (stjahns@moz-usjrqa.gv.shawcable.net) (Connection closed)
[18:24:22] *** Joins: stjahns (stjahns@moz-usjrqa.gv.shawcable.net)
[18:27:08] *** Quits: o11c (ben@moz-9bd9kh.customer.t3.se) (Ping timeout: 121 seconds)
[18:37:52] *** Quits: stjahns (stjahns@moz-usjrqa.gv.shawcable.net) (Connection closed)
[18:38:14] *** Joins: stjahns (stjahns@moz-usjrqa.gv.shawcable.net)
[18:38:34] *** Joins: mra (mrannanj@moz-6l6mf3.cs.helsinki.fi)
[18:40:39] *** Joins: o11c (ben@moz-9bd9kh.customer.t3.se)
[18:42:17] *** Quits: stjahns (stjahns@moz-usjrqa.gv.shawcable.net) (Ping timeout: 121 seconds)
[18:43:46] *** Joins: Guest74_ (textual@moz-il1.n6s.204.65.IP)
[18:43:52] *** Quits: Guest74 (textual@moz-il1.n6s.204.65.IP) (Connection closed)
[18:44:55] *** Quits: o11c (ben@moz-9bd9kh.customer.t3.se) (Ping timeout: 121 seconds)
[18:45:19] *** Joins: Lilly (Lilly@moz-ca683g.bredband.comhem.se)
[18:46:32] *** Quits: zeqfreed (textual@moz-nhg.b3v.48.46.IP) (Quit: )
[18:48:42] *** Joins: Astrum|Lap (Astrum|Lap@moz-7enfbr.co.comcast.net)
[18:54:49] *** Joins: {0}grant ({0}grant@moz-63ubas.in.charter.com)
[18:57:16] *** Joins: mithsv (mithsv@moz-i1nn99.dynamic.caiway.nl)
[18:58:46] *** Joins: nodweber_ (nodweber@moz-knt.fgq.178.5.IP)
[19:00:05] *** Quits: nical (nical@moz-2g191k.2500.1rfi.0450.2001.IP) (Client exited)
[19:02:16] *** Quits: nodweber (nodweber@moz-knt.fgq.178.5.IP) (Ping timeout: 121 seconds)
[19:03:22] *** Quits: saml (saml@moz-0pt9vd.cst.lightpath.net) (Quit: Leaving)
[19:03:26] *** Joins: saml (saml@moz-0pt9vd.cst.lightpath.net)
[19:03:50] *** Joins: coxg (sazzer@moz-1hq.kh5.32.217.IP)
[19:07:27] *** Joins: o11c (ben@moz-9bd9kh.customer.t3.se)
[19:07:58] *** Quits: coxg (sazzer@moz-1hq.kh5.32.217.IP) (Ping timeout: 121 seconds)
[19:08:30] *** Joins: pcwalton (pcwalton@moz-l8ebtf.sfo1.mozilla.com)
[19:12:32] *** Joins: quix00 (quix00@moz-8m88uh.ca.comcast.net)
[19:13:41] *** Quits: {0}grant ({0}grant@moz-63ubas.in.charter.com) (Ping timeout: 121 seconds)
[19:19:57] *** Joins: stjahns (stjahns@moz-usjrqa.gv.shawcable.net)
[19:20:45] *** Joins: guycook (quassel@moz-o1s44h.snap.net.nz)
[19:24:00] *** Quits: stjahns (stjahns@moz-usjrqa.gv.shawcable.net) (Ping timeout: 121 seconds)
[19:29:43] *** Joins: eerie (eerie@moz-nbbdu3.red.bezeqint.net)
[19:36:28] *** Quits: brson (brson@moz-cfhap5.mtv2.mozilla.com) (Ping timeout: 121 seconds)
[19:38:57] *** Quits: mystor (mystor@moz-ldavpp.home3.cgocable.net) (Connection closed)
[19:39:25] *** Joins: mystor (mystor@moz-ldavpp.home3.cgocable.net)
[19:43:09] *** Joins: DoomBoom (DoomBoom@moz-a5b.m4r.89.86.IP)
[19:43:40] *** Quits: mystor (mystor@moz-ldavpp.home3.cgocable.net) (Ping timeout: 121 seconds)
[19:57:43] *** Joins: brson (brson@moz-mj1.c9m.56.172.IP)
[20:03:56] *** Quits: erickt (erickt@moz-4hh.6p3.217.74.IP) (Ping timeout: 121 seconds)
[20:04:54] *** Joins: erickt (erickt@moz-4hh.6p3.217.74.IP)
[20:14:08] *** Joins: stjahns (stjahns@moz-usjrqa.gv.shawcable.net)
[20:18:02] *** Quits: erickt (erickt@moz-4hh.6p3.217.74.IP) (Ping timeout: 121 seconds)
[20:18:11] *** Quits: stjahns (stjahns@moz-usjrqa.gv.shawcable.net) (Ping timeout: 121 seconds)
[20:18:41] *** Quits: Gamecubic (cubic@moz-oihnfh.mc.videotron.ca) (Ping timeout: 121 seconds)
[20:18:41] *** Quits: eerie (eerie@moz-nbbdu3.red.bezeqint.net) (Connection closed)
[20:18:56] *** Joins: Gamecubic (cubic@moz-oihnfh.mc.videotron.ca)
[20:20:50] *** Joins: reem (reem@moz-2icmmi.ca.comcast.net)
[20:24:21] *** Quits: James (quassel@moz-5qldmp.range109-148.btcentralplus.com) (Ping timeout: 121 seconds)
[20:28:37] *** Quits: bjz (bjz@moz-puppgq.tpgi.com.au) (Quit: My Mac has gone to sleep. ZZZzzz…)
[20:28:57] *** Quits: Vase (Vase@moz-gc3.p78.35.72.IP) (Connection closed)
[20:35:30] *** Joins: Vase (Vase@moz-gc3.p78.35.72.IP)
[20:38:12] *** Joins: erickt (erickt@moz-4hh.6p3.217.74.IP)
[20:44:29] *** Quits: skitoo (Thunderbird@moz-urd0va.fbx.proxad.net) (Ping timeout: 121 seconds)
[20:52:37] *** Joins: coxg (sazzer@moz-1hq.kh5.32.217.IP)
[20:56:45] *** Quits: coxg (sazzer@moz-1hq.kh5.32.217.IP) (Ping timeout: 121 seconds)
[20:57:15] *** Quits: edlothiol (user@moz-n7m9to.unity-media.net) (Connection closed)
[21:01:30] *** Quits: erickt (erickt@moz-4hh.6p3.217.74.IP) (Ping timeout: 121 seconds)
[21:04:47] *** Quits: reem (reem@moz-2icmmi.ca.comcast.net) (Connection closed)
[21:04:53] *** Joins: erickt (erickt@moz-4hh.6p3.217.74.IP)
[21:06:45] *** Joins: reem (reem@moz-2icmmi.ca.comcast.net)
[21:08:22] *** Joins: stjahns (stjahns@moz-afs.g3s.68.24.IP)
[21:09:22] *** Joins: sinistersnare (Mibbit@moz-7ds19i.wireless.umd.edu)
[21:09:40] <sinistersnare> hey, does anyone have any experience with something resembling tilemaps in rust?
[21:12:25] *** Quits: stjahns (stjahns@moz-afs.g3s.68.24.IP) (Ping timeout: 121 seconds)
[21:12:34] *** Joins: hhhhhhhh1 (mike@moz-969kuj.cable.virginm.net)
[21:13:13] *** Joins: stjahns (stjahns@moz-usjrqa.gv.shawcable.net)
[21:14:21] <cmr> ((*(*d3d).lpVtbl).CreateDevice.unwrap())(...)
[21:14:25] <XMPPwocky> hmm
[21:14:30] <XMPPwocky> how to do bindable keys
[21:14:39] <XMPPwocky> cmr: oh god are you dealing with C++ stuff
[21:14:47] <XMPPwocky> i did that once, hated myself
[21:14:56] <cmr> XMPPwocky: it's not C++, it's COM
[21:15:06] <Aaron> Sounds fun.
[21:15:10] <XMPPwocky> that sounds worse
[21:17:05] *** Quits: lenstr (lenstr@moz-e05.vju.25.171.IP) (A TLS packet with unexpected length was received.)
[21:19:30] *** Quits: stjahns (stjahns@moz-usjrqa.gv.shawcable.net) (Ping timeout: 121 seconds)
[21:22:25] *** Parts: atheriel (Mibbit@moz-pmtuqj.tor.primus.ca) ()
[21:24:31] *** Joins: mystor (mystor@moz-5cj.r78.15.130.IP)
[21:26:13] *** Quits: scape_ (scape@moz-ci61eb.nj.comcast.net) (Connection closed)
[21:26:36] *** Joins: scape_ (scape@moz-ci61eb.nj.comcast.net)
[21:27:16] *** Joins: bjz (bjz@moz-lailbo.tpgi.com.au)
[21:31:32] *** Quits: twipeD (wipeD@moz-8h4rq0.dip0.t-ipconnect.de) (Connection closed)
[21:32:45] *** Quits: mystor (mystor@moz-5cj.r78.15.130.IP) (Connection closed)
[21:32:51] *** Joins: mystor (mystor@moz-5cj.r78.15.130.IP)
[21:33:11] *** Quits: mystor (mystor@moz-5cj.r78.15.130.IP) (Connection closed)
[21:33:15] *** Quits: palodequeso (quassel@moz-ebjt83.hfc.comcastbusiness.net) (Ping timeout: 121 seconds)
[21:33:32] *** Joins: mystor (mystor@moz-5cj.r78.15.130.IP)
[21:34:24] *** Quits: FreeFull (freefull@moz-3ff296.rdg.ac.uk) (Ping timeout: 121 seconds)
[21:34:38] *** Quits: mystor (mystor@moz-5cj.r78.15.130.IP) (Connection closed)
[21:34:42] *** Joins: mystor_ (mystor@moz-5cj.r78.15.130.IP)
[21:35:45] *** Quits: Vase (Vase@moz-gc3.p78.35.72.IP) (Connection closed)
[21:36:45] *** Quits: bjz (bjz@moz-lailbo.tpgi.com.au) (Quit: My Mac has gone to sleep. ZZZzzz…)
[21:38:15] *** Joins: bjz (bjz@moz-lailbo.tpgi.com.au)
[21:38:33] *** Quits: bjz (bjz@moz-lailbo.tpgi.com.au) (Quit: My Mac has gone to sleep. ZZZzzz…)
[21:39:27] *** Joins: doomlord_mbp (textual@moz-tv67ph.range86-148.btcentralplus.com)
[21:41:25] *** Quits: fmtq (fmtq@moz-d08itp.tpgi.com.au) (Ping timeout: 121 seconds)
[21:42:03] *** Joins: fmtq (fmtq@moz-d08itp.tpgi.com.au)
[21:42:48] *** Joins: FrozenCow (FrozenCow@moz-i2tvv4.chello.nl)
[21:44:15] *** Parts: yoga (user@moz-jsj3r9.static.netvigator.com) ("ERC Version 5.3 (IRC client for Emacs)")
[21:44:52] *** Quits: mystor_ (mystor@moz-5cj.r78.15.130.IP) (Connection closed)
[21:45:10] *** Joins: mystor (mystor@moz-5cj.r78.15.130.IP)
[21:45:45] *** Joins: zeqfreed (textual@moz-nhg.b3v.48.46.IP)
[21:55:37] *** Quits: doomlord_mbp (textual@moz-tv67ph.range86-148.btcentralplus.com) (Ping timeout: 121 seconds)
[21:57:24] *** Quits: ytain (ytain@moz-d93rt6.dsl.teksavvy.com) (Quit: Textual IRC Client: www.textualapp.com)
[22:02:14] *** Quits: reem (reem@moz-2icmmi.ca.comcast.net) (Connection closed)
[22:02:37] *** Quits: hhhhhhhh1 (mike@moz-969kuj.cable.virginm.net) (Quit: WeeChat 1.1.1)
[22:02:39] *** Quits: mystor (mystor@moz-5cj.r78.15.130.IP) (Connection closed)
[22:03:30] *** Quits: hhhhhhhhhh (mike@moz-969kuj.cable.virginm.net) (Quit: WeeChat 1.1.1)
[22:04:48] *** Quits: erickt (erickt@moz-4hh.6p3.217.74.IP) (Ping timeout: 121 seconds)
[22:05:06] *** Joins: reem (reem@moz-lbqjd2.coob.q2h1.0009.2601.IP)
[22:05:10] *** Parts: jga (asdf@moz-eip.elo.254.201.IP) ()
[22:06:49] *** Joins: ytain (ytain@moz-d93rt6.dsl.teksavvy.com)
[22:07:35] *** Joins: stjahns (stjahns@moz-usjrqa.gv.shawcable.net)
[22:09:14] *** Quits: reem (reem@moz-lbqjd2.coob.q2h1.0009.2601.IP) (Ping timeout: 121 seconds)
[22:11:37] *** Quits: stjahns (stjahns@moz-usjrqa.gv.shawcable.net) (Ping timeout: 121 seconds)
[22:12:35] <XMPPwocky> <3 HOF
[22:12:41] <XMPPwocky> and UFCS
[22:12:44] <XMPPwocky>                 let action = match state {
[22:12:44] <XMPPwocky>                     glium::ElementState::Pressed => Buttons::insert,
[22:12:44] <XMPPwocky>                     glium::ElementState::Pressed => Buttons::remove,
[22:12:44] *** XMPPwocky was kicked by belew.mozilla.org (Channel flood triggered (limit is 5 lines in 3 secs))
[22:12:48] *** Joins: XMPPwocky (wocky@moz-70npf7.net)
[22:12:52] <XMPPwocky> ack, too fast
[22:13:13] <huon> glium::ElementState::Pressed twice?
[22:13:34] <XMPPwocky> ... *vanishes in a cloud of smoke*
[22:16:19] *** Quits: FrozenCow (FrozenCow@moz-i2tvv4.chello.nl) (Quit: Leaving)
[22:19:42] *** Quits: quix00 (quix00@moz-8m88uh.ca.comcast.net) (Quit: leaving)
[22:19:59] *** Quits: Tobba (Tobba@moz-o13d22.bredband.telia.com) (Connection closed)
[22:21:35] <XMPPwocky> didn't even work, shoot.
[22:21:38] <XMPPwocky> something about fn items...
[22:22:42] *** Joins: palodequeso (quassel@moz-dh3fih.hfc.comcastbusiness.net)
[22:24:43] *** Joins: Sgeo (quassel@moz-mo8ath.dyn.optonline.net)
[22:26:07] *** Quits: Guest74_ (textual@moz-il1.n6s.204.65.IP) (Ping timeout: 121 seconds)
[22:26:10] *** Joins: summerlight (summerlight@moz-99k.2mj.130.121.IP)
[22:29:57] *** Quits: Astrum|Lap (Astrum|Lap@moz-7enfbr.co.comcast.net) (Client exited)
[22:35:32] *** Joins: lenstr (lenstr@moz-e05.vju.25.171.IP)
[22:37:43] *** Quits: lenstr (lenstr@moz-e05.vju.25.171.IP) (A TLS packet with unexpected length was received.)
[22:41:18] <cmr> XMPPwocky: should just need to add & in front to get a fn pointer
[22:41:33] *** Joins: coxg (sazzer@moz-1hq.kh5.32.217.IP)
[22:42:12] <XMPPwocky> hmmm
[22:45:31] *** Quits: Skyler (Skyler@moz-e93b35.sd.cox.net) (Client exited)
[22:45:36] *** Joins: Skyler (Skyler@moz-e93b35.sd.cox.net)
[22:45:41] *** Quits: coxg (sazzer@moz-1hq.kh5.32.217.IP) (Ping timeout: 121 seconds)
[22:48:49] <huon> probably actually need an `as fn(...) -> ...` cast
[22:48:57] *** Quits: summerlight (summerlight@moz-99k.2mj.130.121.IP) (Ping timeout: 121 seconds)
[22:49:01] <huon> (I guess `as fn(_, _, _) -> _` probably works
[22:49:02] <huon> )
[22:49:15] <huon> and probably only need it on one arm
[22:49:33] *** Quits: evanfarrar (evanfarrar@moz-7vs.bl6.251.207.IP) (Connection closed)
[22:51:45] *** Quits: jxv (jxv___@moz-2celrt.res.rr.com) (Connection closed)
[22:52:14] <XMPPwocky> huon: i did that
[22:52:20] <XMPPwocky> which then lead to... a lifetime error?
[22:52:22] <XMPPwocky> idgi
[22:52:27] <XMPPwocky> i hacked something together with closures, anyways
[22:52:46] <huon> lifetime errors?
[22:52:58] <XMPPwocky> i don't see how lifetimes are even involved
[22:53:00] <huon> I don't think you need any &'s
[22:53:08] <XMPPwocky> i didn't have any.
[22:53:12] <XMPPwocky> just an "as fn(_, _)
[22:53:13] <XMPPwocky> "
[22:53:24] <huon> oh
[22:53:33] <huon> do the functions take references?
[22:53:47] <XMPPwocky> yeah
[22:55:48] *** Quits: DoomBoom (DoomBoom@moz-a5b.m4r.89.86.IP) (Quit: Leaving)
[22:56:03] *** Joins: orangeshark (erik@moz-b37i43.miamfl.sbcglobal.net)
[22:59:25] *** Quits: SneakySnake (nya@moz-i9is4u.pool.telekom.hu) (Connection closed)
[23:00:31] *** Joins: erickt (erickt@moz-4hh.6p3.217.74.IP)
[23:01:49] *** Joins: stjahns (stjahns@moz-usjrqa.gv.shawcable.net)
[23:05:52] *** Quits: stjahns (stjahns@moz-usjrqa.gv.shawcable.net) (Ping timeout: 121 seconds)
[23:06:25] *** Joins: theme_ (theme@moz-i3mhhb.asianet.co.th)
[23:08:08] *** Joins: lenstr (lenstr@moz-e05.vju.25.171.IP)
[23:12:44] *** Joins: Tobba (Tobba@moz-o13d22.bredband.telia.com)
[23:15:04] *** Joins: reem (reem@moz-2icmmi.ca.comcast.net)
[23:15:19] *** Quits: lerc (quassel@moz-nitv9j.telstraclear.net) (Ping timeout: 121 seconds)
[23:17:21] *** Quits: kmcguire_ (kmcguire@moz-pg1gb9.biz.rr.com) (Ping timeout: 121 seconds)
[23:19:30] *** Joins: mystor (mystor@moz-ldavpp.home3.cgocable.net)
[23:20:26] *** eddyb_ is now known as eddyb
[23:23:47] *** Quits: jaen (jaen@moz-ifmik2.copit.pl) (Ping timeout: 121 seconds)
[23:31:13] *** Joins: jaen (jaen@moz-ifmik2.copit.pl)
[23:33:15] *** theme_ is now known as theme
[23:36:39] *** Quits: nodweber_ (nodweber@moz-knt.fgq.178.5.IP) (Quit: Leaving...)
[23:37:34] *** Quits: toqueteos (toqueteos@moz-plqtsp.staticIP.rima-tde.net) (Connection closed)
[23:40:28] *** Quits: ytain (ytain@moz-d93rt6.dsl.teksavvy.com) (Quit: Textual IRC Client: www.textualapp.com)
[23:43:38] *** Quits: sinistersnare (Mibbit@moz-7ds19i.wireless.umd.edu) (Quit: http://www.mibbit.com ajax IRC Client)
[23:47:49] *** Quits: palodequeso (quassel@moz-dh3fih.hfc.comcastbusiness.net) (Ping timeout: 121 seconds)
[23:52:07] *** Joins: jxv (jxv___@moz-qneod7.pk6i.d98i.030a.2602.IP)
[23:55:57] *** Joins: stjahns (stjahns@moz-usjrqa.gv.shawcable.net)
[23:59:59] *** Quits: stjahns (stjahns@moz-usjrqa.gv.shawcable.net) (Ping timeout: 121 seconds)
