[00:14:08] *** Joins: doener (doener@moz-fnh.n4j.147.5.IP)
[00:23:51] *** Joins: aatch (james@moz-is4j4r.cable.telstraclear.net)
[00:24:56] *** kimundi is now known as zz_kimundi
[00:35:40] *** Joins: brson (brson@moz-omn.omd.251.216.IP)
[00:35:41] *** ChanServ sets mode: +qo brson brson
[00:38:14] *** Quits: bluss (bluss@moz-ec5o68.cust.bredbandsbolaget.se) (Ping timeout: 121 seconds)
[01:41:52] *** Quits: brson (brson@moz-omn.omd.251.216.IP) (Connection closed)
[02:11:26] *** Quits: Tobba (Tobba@moz-o13d22.bredband.telia.com) (Ping timeout: 121 seconds)
[02:23:14] *** Joins: Tobba (Tobba@moz-o13d22.bredband.telia.com)
[02:40:33] *** Quits: zz_kimundi (kimundi@moz-dn7o4m.dip0.t-ipconnect.de) (Ping timeout: 121 seconds)
[02:42:30] *** Joins: zz_kimundi (kimundi@moz-aokeeu.dip0.t-ipconnect.de)
[02:42:32] *** zz_kimundi is now known as kimundi
[03:04:43] <eddyb> pub fn ty_fn_args<'tcx>(fty: Ty<'tcx>) -> ty::Binder<Vec<Ty<'tcx>>> {
[03:04:57] <eddyb> nmatsakis: wasn't that supposed to return a slice?
[03:52:41] *** Quits: Rym (uid91135@moz-n2i7qm.charlton.irccloud.com) (Quit: Connection closed for inactivity)
[04:41:44] *** Quits: Tobba (Tobba@moz-o13d22.bredband.telia.com) (Ping timeout: 121 seconds)
[05:19:51] *** Joins: Tobba (Tobba@moz-o13d22.bredband.telia.com)
[07:11:26] *** Joins: bluss (bluss@moz-ec5o68.cust.bredbandsbolaget.se)
[07:56:45] *** Quits: Tobba (Tobba@moz-o13d22.bredband.telia.com) (Connection closed)
[07:59:16] *** Joins: Tobba (Tobba@moz-o13d22.bredband.telia.com)
[08:16:54] <doener> huon: made any progress on the LLVM assertion?
[08:37:00] <doener> huon: your BC is broken because your element type is %"Simd4<i32>" = type { i32, i32, i32, i32 }
[09:28:27] *** Quits: aatch (james@moz-is4j4r.cable.telstraclear.net) (Ping timeout: 121 seconds)
[09:59:22] <eddyb> the non-SIMD version of the struct is used as a vector element?
[09:59:36] * eddyb notices the timestamp
[10:14:38] *** Joins: nagisa (nagisa@moz-8t068g.static.zebra.lt)
[10:21:46] <doener> eddyb: yeah
[12:34:13] *** Joins: laumann (thomas@moz-n9e72h.0.fullrate.dk)
[15:30:55] *** Quits: laumann (thomas@moz-n9e72h.0.fullrate.dk) (Quit: leaving)
[15:47:02] *** Joins: arielb1 (Ariel@moz-c38kqg.red.bezeqint.net)
[16:21:13] <huon> doener: yeah, I fixed it
[16:21:29] <huon> doener: how'd you get the textual form?
[16:23:12] <doener> huon: I put debug output right before the assertion and rebuilt llvm :-)
[16:24:07] <doener> huon: dbgs() << *elementType << "\n"; // like that, needs either a debug build or at least enabled assertions (or -UNDEBUG)
[16:24:25] <nagisa> any idea how to get a PatQPath ast node happen?
[16:24:43] <huon> doener: oh, what a hack :P
[16:24:52] * doener does nothing but hacks
[16:35:09] <doener> nagisa: https://play.rust-lang.org/?gist=f5fb771d49a6a5566a85&version=nightly
[16:37:11] <nagisa> doener: thanks!
[16:48:41] *** Joins: laumann (thomas@moz-n9e72h.0.fullrate.dk)
[16:49:24] *** Joins: brson (brson@moz-ilu.bfn.243.173.IP)
[16:49:24] *** ChanServ sets mode: +qo brson brson
[17:14:06] *** Quits: geofft (geofft@moz-i01917.mit.edu) (Ping timeout: 121 seconds)
[18:37:27] *** Quits: doener (doener@moz-fnh.n4j.147.5.IP) (Ping timeout: 121 seconds)
[18:38:16] *** Joins: doener (doener@moz-fnh.n4j.147.5.IP)
[18:47:07] *** Quits: brson (brson@moz-ilu.bfn.243.173.IP) (Ping timeout: 121 seconds)
[19:06:50] *** Joins: brson (brson@moz-ilu.bfn.243.173.IP)
[19:06:50] *** ChanServ sets mode: +qo brson brson
[20:30:44] *** Quits: arielb1 (Ariel@moz-c38kqg.red.bezeqint.net) (Quit: Ex-Chat)
[20:52:13] *** Quits: laumann (thomas@moz-n9e72h.0.fullrate.dk) (Ping timeout: 121 seconds)
[21:00:26] *** Joins: laumann (thomas@moz-n9e72h.0.fullrate.dk)
[21:25:48] *** Quits: laumann (thomas@moz-n9e72h.0.fullrate.dk) (Quit: leaving)
[21:34:59] *** Joins: arielb1 (Ariel@moz-c38kqg.red.bezeqint.net)
[22:13:36] *** Quits: arielb1 (Ariel@moz-c38kqg.red.bezeqint.net) (Connection closed)
[22:19:18] *** kimundi is now known as zz_kimundi
[23:30:47] *** Quits: nagisa (nagisa@moz-8t068g.static.zebra.lt) (Ping timeout: 121 seconds)
