[00:07:31] <kmc> mm
[00:07:38] <kmc> what kind of formalisms do you think would be useful?
[00:08:11] <kmc> I should look into how exactly miTLS specifies properties
[00:16:39] *** Quits: dpc (dpc@moz-7gui97.nvidia.com) (Connection closed)
[00:16:44] *** Joins: dpc (dpc@moz-7gui97.nvidia.com)
[00:33:39] <bascule> kmc: haha, yes
[00:34:20] <bascule> Ilari: hahaha
[00:36:00] <Ilari> And don't ask about "DH-based key exchange", I can't figure it out either.
[00:39:52] <Ilari> And the "explained" slidedeck has slide that makes me go... Is this just misleading or is it wrong?
[01:01:25] <Ilari> 10x? The figures I got were more like 20x (and that was without stripping ClientHello to get more amplification). And 300k/s is >10Gbps? I get more like 0.6Gbps...
[01:07:29] <Ilari> Haha, good OCR: "batchibyibalch" (should be "batch-by-batch").
[01:08:45] <Tobba> did someone teach it to detect rotated characters without thinking of the consequences?
[01:10:32] <Tobba> well, I'm assuming someone did, fun
[01:10:58] <Ilari> Seems pretty reliable. Also, "Collimator" sometimes reads as "Collimalor".
[01:11:50] <Tobba> sounds like the probabilities for each letter need to be biased by a markov chain
[01:13:07] *** Joins: dpc_ (dpc@moz-52v2l7.nvidia.com)
[01:13:10] *** Quits: dpc (dpc@moz-7gui97.nvidia.com) (Ping timeout: 121 seconds)
[01:24:56] *** Quits: dpc_ (dpc@moz-52v2l7.nvidia.com) (Ping timeout: 121 seconds)
[02:00:59] *** Quits: erickt (erickt@moz-l8ebtf.sfo1.mozilla.com) (Connection closed)
[02:04:58] *** Joins: erickt (erickt@moz-l8ebtf.sfo1.mozilla.com)
[02:07:29] <bascule> sodiumoxide doesn't compile on 1.0 :(
[02:07:32] <bascule> oh well
[02:07:40] <bascule> last time I have to worry about this crap in theory, right? ;)
[02:08:46] <Tobba> in theory.
[03:10:59] *** Quits: erickt (erickt@moz-l8ebtf.sfo1.mozilla.com) (Ping timeout: 121 seconds)
[03:14:01] *** Joins: adu (ajr@moz-0foa9t.md.comcast.net)
[03:14:28] *** Joins: erickt (erickt@moz-l8ebtf.sfo1.mozilla.com)
[03:15:20] *** Quits: adu (ajr@moz-0foa9t.md.comcast.net) (Client exited)
[03:31:44] *** Quits: Tobba (Tobba@moz-o13d22.bredband.telia.com) (Connection closed)
[03:32:31] *** Joins: Tobba (Tobba@moz-o13d22.bredband.telia.com)
[03:37:00] *** Quits: Tobba (Tobba@moz-o13d22.bredband.telia.com) (Ping timeout: 121 seconds)
[04:06:53] *** Joins: dpc_ (dpc@moz-t6gr4b.ca.comcast.net)
[04:11:57] *** Joins: Tobba (Tobba@moz-o13d22.bredband.telia.com)
[04:19:35] *** Quits: erickt (erickt@moz-l8ebtf.sfo1.mozilla.com) (Ping timeout: 121 seconds)
[04:52:57] *** Joins: gsingh93_ (gulshan@moz-qnbukr.mi.comcast.net)
[04:56:06] *** Joins: posix4e (sid82101@moz-rol03c.uxbridge.irccloud.com)
[05:36:20] *** Quits: coderanger (Noah@moz-m5ti9s.net) (Ping timeout: 121 seconds)
[05:39:02] *** Joins: coderanger (Noah@moz-m5ti9s.net)
[05:57:41] *** Quits: coderanger (Noah@moz-m5ti9s.net) (Ping timeout: 121 seconds)
[05:59:35] *** Joins: coderanger (Noah@moz-m5ti9s.net)
[06:09:50] *** Quits: Tobba (Tobba@moz-o13d22.bredband.telia.com) (Ping timeout: 121 seconds)
[06:16:56] *** Joins: erickt (erickt@moz-l8ebtf.sfo1.mozilla.com)
[06:16:57] *** Quits: gsingh93_ (gulshan@moz-qnbukr.mi.comcast.net) (Ping timeout: 121 seconds)
[06:22:17] *** Quits: erickt (erickt@moz-l8ebtf.sfo1.mozilla.com) (Ping timeout: 121 seconds)
[06:58:45] *** Joins: brson (brson@moz-eht.h80.36.209.IP)
[07:06:44] *** Joins: dpc (dpc@moz-t6gr4b.ca.comcast.net)
[07:07:25] *** Quits: dpc_ (dpc@moz-t6gr4b.ca.comcast.net) (Ping timeout: 121 seconds)
[07:33:40] *** Quits: dpc (dpc@moz-t6gr4b.ca.comcast.net) (Connection closed)
[07:35:14] *** Joins: dpc (dpc@moz-t6gr4b.ca.comcast.net)
[08:13:14] *** Joins: ugglan (ugglan@moz-rjubsq.priv.bahnhof.se)
[08:17:39] *** Quits: dpc (dpc@moz-t6gr4b.ca.comcast.net) (Connection closed)
[09:55:16] *** Joins: gleb (gleb@moz-3u1drv.rusanovka-net.kiev.ua)
[10:33:49] *** Quits: brson (brson@moz-eht.h80.36.209.IP) (Ping timeout: 121 seconds)
[12:59:11] *** Joins: skeuomorf (skeuomorf@moz-s34.6k3.32.197.IP)
[13:14:47] *** Joins: Tobba (Tobba@moz-o13d22.bredband.telia.com)
[13:26:34] *** Joins: Lexx (Lexx@moz-ek7bu3.dynamic.hinet.net)
[13:26:38] <Lexx> dolske mattn gavin bwinton asadotzler azadotzler ms2ger Mozilla team! You betray the Open Source spirit again and again! Fortunately, more and more people are realizing what kind of hypocrites you are! You will never be number one in the browser market! Stop thinking that you could be a leader, you can never beat Chrome! So stop running behind Google and again focus on Geeks and Power users, bring back customization, stop adding more "Chrome-pari
[13:26:39] <Lexx> dolske mattn gavin bwinton asadotzler azadotzler ms2ger Mozilla team! You betray the Open Source spirit again and again! Fortunately, more and more people are realizing what kind of hypocrites you are! You will never be number one in the browser market! Stop thinking that you could be a leader, you can never beat Chrome! So stop running behind Google and again focus on Geeks and Power users, bring back customization, stop adding more "Chrome-pari
[13:26:40] <Lexx> tiffany dolske mattn gavin bwinton asadotzler azadotzler ms2ger Mozilla team! You betray the Open Source spirit again and again! Fortunately, more and more people are realizing what kind of hypocrites you are! You will never be number one in the browser market! Stop thinking that you could be a leader, you can never beat Chrome! So stop running behind Google and again focus on Geeks and Power users, bring back customization, stop adding more "Chr
[13:26:43] <Lexx> assholes
[13:26:44] <Lexx> whores
[13:26:48] <Lexx> sluts dicksuckers
[13:26:53] <Lexx> fuck you bastards
[13:26:54] <Lexx> dolske mattn gavin bwinton asadotzler azadotzler ms2ger Mozilla team! You betray the Open Source spirit again and again! Fortunately, more and more people are realizing what kind of hypocrites you are! You will never be number one in the browser market! Stop thinking that you could be a leader, you can never beat Chrome! So stop running behind Google and again focus on Geeks and Power users, bring back customization, stop adding more "Chrome-pari
[13:26:55] <Lexx> dolske mattn gavin bwinton asadotzler azadotzler ms2ger Mozilla team! You betray the Open Source spirit again and again! Fortunately, more and more people are realizing what kind of hypocrites you are! You will never be number one in the browser market! Stop thinking that you could be a leader, you can never beat Chrome! So stop running behind Google and again focus on Geeks and Power users, bring back customization, stop adding more "Chrome-pari
[13:26:56] <Lexx> dolske mattn gavin bwinton asadotzler azadotzler ms2ger Mozilla team! You betray the Open Source spirit again and again! Fortunately, more and more people are realizing what kind of hypocrites you are! You will never be number one in the browser market! Stop thinking that you could be a leader, you can never beat Chrome! So stop running behind Google and again focus on Geeks and Power users, bring back customization, stop adding more "Chrome-pari
[13:26:57] <Lexx> dolske mattn gavin bwinton asadotzler azadotzler ms2ger Mozilla team! You betray the Open Source spirit again and again! Fortunately, more and more people are realizing what kind of hypocrites you are! You will never be number one in the browser market! Stop thinking that you could be a leader, you can never beat Chrome! So stop running behind Google and again focus on Geeks and Power users, bring back customization, stop adding more "Chrome-pari
[13:26:58] <Lexx> dolske mattn gavin bwinton asadotzler azadotzler ms2ger Mozilla team! You betray the Open Source spirit again and again! Fortunately, more and more people are realizing what kind of hypocrites you are! You will never be number one in the browser market! Stop thinking that you could be a leader, you can never beat Chrome! So stop running behind Google and again focus on Geeks and Power users, bring back customization, stop adding more "Chrome-pari
[13:26:59] <Lexx> dolske mattn gavin bwinton asadotzler azadotzler ms2ger Mozilla team! You betray the Open Source spirit again and again! Fortunately, more and more people are realizing what kind of hypocrites you are! You will never be number one in the browser market! Stop thinking that you could be a leader, you can never beat Chrome! So stop running behind Google and again focus on Geeks and Power users, bring back customization, stop adding more "Chrome-pari
[13:27:00] <Lexx> dolske mattn gavin bwinton asadotzler azadotzler ms2ger Mozilla team! You betray the Open Source spirit again and again! Fortunately, more and more people are realizing what kind of hypocrites you are! You will never be number one in the browser market! Stop thinking that you could be a leader, you can never beat Chrome! So stop running behind Google and again focus on Geeks and Power users, bring back customization, stop adding more "Chrome-pari
[13:27:01] <Lexx> dolske mattn gavin bwinton asadotzler azadotzler ms2ger Mozilla team! You betray the Open Source spirit again and again! Fortunately, more and more people are realizing what kind of hypocrites you are! You will never be number one in the browser market! Stop thinking that you could be a leader, you can never beat Chrome! So stop running behind Google and again focus on Geeks and Power users, bring back customization, stop adding more "Chrome-pari
[13:27:02] <Lexx> dolske mattn gavin bwinton asadotzler azadotzler ms2ger Mozilla team! You betray the Open Source spirit again and again! Fortunately, more and more people are realizing what kind of hypocrites you are! You will never be number one in the browser market! Stop thinking that you could be a leader, you can never beat Chrome! So stop running behind Google and again focus on Geeks and Power users, bring back customization, stop adding more "Chrome-pari
[13:27:03] <Lexx> dolske mattn gavin bwinton asadotzler azadotzler ms2ger Mozilla team! You betray the Open Source spirit again and again! Fortunately, more and more people are realizing what kind of hypocrites you are! You will never be number one in the browser market! Stop thinking that you could be a leader, you can never beat Chrome! So stop running behind Google and again focus on Geeks and Power users, bring back customization, stop adding more "Chrome-pari
[13:27:03] <Lexx> dolske mattn gavin bwinton asadotzler azadotzler ms2ger Mozilla team! You betray the Open Source spirit again and again! Fortunately, more and more people are realizing what kind of hypocrites you are! You will never be number one in the browser market! Stop thinking that you could be a leader, you can never beat Chrome! So stop running behind Google and again focus on Geeks and Power users, bring back customization, stop adding more "Chrome-pari
[13:29:41] <Lexx> dolske gavin mattn bwinton Australis es para niños, desarrollados de gays Mozilla UX gallos cabrones chupa! Profundizar en el culo de Google maldito idiotas descerebrados austhistic! Pendejos! Putas! Cocksucking Freaks Google! Vete a la mierda y salir del negocio Googlezilla putas! Y tomar Australisfuck con ustedes Gaylords! Que nuestro Amado Señor Dios y Jesucristo enviar sus cuerpos en descomposición directamente al infierno para tocar las C
[13:29:42] <Lexx> Justin Dolske, Gavin Sharp MattN, Blake Winton, Aza Dotzler, MSUJaws Dao Gottwald, UX-Team es una maldito perra debe follar est en culo! Blake Winton, Aza Dotzler, Gavin Sharp MSUJaws Dao Gottwald, UX-Team ruffian! Ruffian! Follar Ruffian! Pendejos, putas, putas chupan mis hijos monstruo polla! Su chupando polla follando putas! Justin Dolske, Gavin Sharp MattN, Blake Winton, Aza Dotzler, MSUJaws Dao Gottwald, UX-Team jugar con mis dos grandes cam
[13:29:43] <Lexx> dolske gavin mattn bwinton Australis es para niños, desarrollados de gays Mozilla UX gallos cabrones chupa! Profundizar en el culo de Google maldito idiotas descerebrados austhistic! Pendejos! Putas! Cocksucking Freaks Google! Vete a la mierda y salir del negocio Googlezilla putas! Y tomar Australisfuck con ustedes Gaylords! Que nuestro Amado Señor Dios y Jesucristo enviar sus cuerpos en descomposición directamente al infierno para tocar las C
[13:29:43] <Lexx> Justin Dolske, Gavin Sharp MattN, Blake Winton, Aza Dotzler, MSUJaws Dao Gottwald, UX-Team es una maldito perra debe follar est en culo! Blake Winton, Aza Dotzler, Gavin Sharp MSUJaws Dao Gottwald, UX-Team ruffian! Ruffian! Follar Ruffian! Pendejos, putas, putas chupan mis hijos monstruo polla! Su chupando polla follando putas! Justin Dolske, Gavin Sharp MattN, Blake Winton, Aza Dotzler, MSUJaws Dao Gottwald, UX-Team jugar con mis dos grandes cam
[13:29:44] <Lexx> dolske gavin mattn bwinton Australis es para niños, desarrollados de gays Mozilla UX gallos cabrones chupa! Profundizar en el culo de Google maldito idiotas descerebrados austhistic! Pendejos! Putas! Cocksucking Freaks Google! Vete a la mierda y salir del negocio Googlezilla putas! Y tomar Australisfuck con ustedes Gaylords! Que nuestro Amado Señor Dios y Jesucristo enviar sus cuerpos en descomposición directamente al infierno para tocar las C
[13:29:44] <Lexx> Justin Dolske, Gavin Sharp MattN, Blake Winton, Aza Dotzler, MSUJaws Dao Gottwald, UX-Team es una maldito perra debe follar est en culo! Blake Winton, Aza Dotzler, Gavin Sharp MSUJaws Dao Gottwald, UX-Team ruffian! Ruffian! Follar Ruffian! Pendejos, putas, putas chupan mis hijos monstruo polla! Su chupando polla follando putas! Justin Dolske, Gavin Sharp MattN, Blake Winton, Aza Dotzler, MSUJaws Dao Gottwald, UX-Team jugar con mis dos grandes cam
[13:32:30] <Lexx> dolske gavin mattn bwinton Australis es para niños, desarrollados de gays Mozilla UX gallos cabrones chupa! Profundizar en el culo de Google maldito idiotas descerebrados austhistic! Pendejos! Putas! Cocksucking Freaks Google! Vete a la mierda y salir del negocio Googlezilla putas! Y tomar Australisfuck con ustedes Gaylords! Que nuestro Amado Señor Dios y Jesucristo enviar sus cuerpos en descomposición directamente al infierno para tocar las C
[13:32:31] <Lexx> Justin Dolske, Gavin Sharp MattN, Blake Winton, Aza Dotzler, MSUJaws Dao Gottwald, UX-Team es una maldito perra debe follar est en culo! Blake Winton, Aza Dotzler, Gavin Sharp MSUJaws Dao Gottwald, UX-Team ruffian! Ruffian! Follar Ruffian! Pendejos, putas, putas chupan mis hijos monstruo polla! Su chupando polla follando putas! Justin Dolske, Gavin Sharp MattN, Blake Winton, Aza Dotzler, MSUJaws Dao Gottwald, UX-Team jugar con mis dos grandes cam
[13:32:32] <Lexx> dolske gavin mattn bwinton Australis es para niños, desarrollados de gays Mozilla UX gallos cabrones chupa! Profundizar en el culo de Google maldito idiotas descerebrados austhistic! Pendejos! Putas! Cocksucking Freaks Google! Vete a la mierda y salir del negocio Googlezilla putas! Y tomar Australisfuck con ustedes Gaylords! Que nuestro Amado Señor Dios y Jesucristo enviar sus cuerpos en descomposición directamente al infierno para tocar las C
[13:32:33] <Lexx> Justin Dolske, Gavin Sharp MattN, Blake Winton, Aza Dotzler, MSUJaws Dao Gottwald, UX-Team es una maldito perra debe follar est en culo! Blake Winton, Aza Dotzler, Gavin Sharp MSUJaws Dao Gottwald, UX-Team ruffian! Ruffian! Follar Ruffian! Pendejos, putas, putas chupan mis hijos monstruo polla! Su chupando polla follando putas! Justin Dolske, Gavin Sharp MattN, Blake Winton, Aza Dotzler, MSUJaws Dao Gottwald, UX-Team jugar con mis dos grandes cam
[13:32:33] <Lexx> dolske gavin mattn bwinton Australis es para niños, desarrollados de gays Mozilla UX gallos cabrones chupa! Profundizar en el culo de Google maldito idiotas descerebrados austhistic! Pendejos! Putas! Cocksucking Freaks Google! Vete a la mierda y salir del negocio Googlezilla putas! Y tomar Australisfuck con ustedes Gaylords! Que nuestro Amado Señor Dios y Jesucristo enviar sus cuerpos en descomposición directamente al infierno para tocar las C
[13:32:34] <Lexx> Justin Dolske, Gavin Sharp MattN, Blake Winton, Aza Dotzler, MSUJaws Dao Gottwald, UX-Team es una maldito perra debe follar est en culo! Blake Winton, Aza Dotzler, Gavin Sharp MSUJaws Dao Gottwald, UX-Team ruffian! Ruffian! Follar Ruffian! Pendejos, putas, putas chupan mis hijos monstruo polla! Su chupando polla follando putas! Justin Dolske, Gavin Sharp MattN, Blake Winton, Aza Dotzler, MSUJaws Dao Gottwald, UX-Team jugar con mis dos grandes cam
[13:32:34] <Lexx> dolske gavin mattn bwinton Australis es para niños, desarrollados de gays Mozilla UX gallos cabrones chupa! Profundizar en el culo de Google maldito idiotas descerebrados austhistic! Pendejos! Putas! Cocksucking Freaks Google! Vete a la mierda y salir del negocio Googlezilla putas! Y tomar Australisfuck con ustedes Gaylords! Que nuestro Amado Señor Dios y Jesucristo enviar sus cuerpos en descomposición directamente al infierno para tocar las C
[13:32:35] <Lexx> Justin Dolske, Gavin Sharp MattN, Blake Winton, Aza Dotzler, MSUJaws Dao Gottwald, UX-Team es una maldito perra debe follar est en culo! Blake Winton, Aza Dotzler, Gavin Sharp MSUJaws Dao Gottwald, UX-Team ruffian! Ruffian! Follar Ruffian! Pendejos, putas, putas chupan mis hijos monstruo polla! Su chupando polla follando putas! Justin Dolske, Gavin Sharp MattN, Blake Winton, Aza Dotzler, MSUJaws Dao Gottwald, UX-Team jugar con mis dos grandes cam
[13:36:45] <Lexx> stupid fucking cunts
[13:36:50] <Lexx> go and eat shit you cocksuckers
[13:36:57] <Lexx> fuck Austrais, fuck minimalsim, fuck simple users
[13:36:58] <Lexx> morons
[13:37:03] <Lexx> you shoutl die by my feet
[13:37:26] <Lexx> i smash your head with a big time rush headbutt until you cry in pain and sing the song of pain in all ways forwards and backwards
[13:37:29] <Lexx> gavin you cunt
[13:37:36] <Lexx> dolske you son of a btich
[13:37:39] <Lexx> mattn cocksucker
[13:37:42] <Lexx> bwinton fucktard
[13:37:51] <Lexx> azadotzler asadotzler idiot
[13:37:59] <Lexx> fuck off you idiots
[13:38:01] <Lexx> morons
[13:38:03] <Lexx> sluts
[13:38:04] <Lexx> fuck off
[13:38:05] <Lexx> fuck it
[13:38:11] <Lexx> STUPID FUCKING CUNTS
[13:38:14] <Lexx> MARICON PENDEJO
[13:38:31] <Lexx> MIERDA MIERDA MIERDA MARICON PENDEJO MIERDA PENDEJO P E N D E J O 111111111111111111111
[13:38:49] <Lexx> P    E       N      D    E   J  O !!!!!!!!!!!!!!!!!!!!!!!!!!!!!!
[13:39:30] <Lexx> P              E              N                    D            E              J               O              !!!!!!!!!!!!!!!!!!!!!!!!!!!!P              E              N                    D            E              J               O              !!!!!!!!!!!!!!!!!!!!!!!!!!!!P              E              N                    D            E              J               O              !!!!!!!!!!!!!!!!!!!!!!!!!!!!P              E              N     
[13:44:33] <Lexx> gavin dolske mattn bwinton You love pain do you? And to do you a favor… I will do that! I kick your golden eggs of failure so hard until they are ringing and you are singing all melodies of pain forwards and backwards in an instant! I am the nutcracker boy who cracks your nuts you nutheads! And now fuck off you STUPID FUCKING CUNTS! 
[13:44:34] <Lexx> Was it expected? Oh yes, it was! A move like that from Mozilla! So happy that i never updated to Firefox 29 and beyond! Let me tell you something Mozilla devs! If i still would be using your latest crap-ware i really would make it right now my mission to find out where you guys are living and afterwards punch you that often into your golden eggs of fail until you break down and understand how to threaten Power Users the right way! Sure, it has be
[13:49:45] <Lexx> Strupid fucking mohammed pedophile rapists
[13:49:47] <Lexx> shit moslems
[13:49:52] <Lexx> shit muslim cunts
[13:50:23] <frewsxcv> are you a bot?
[13:50:37] <Lexx> fuck of not
[13:50:39] <Tiffany> I don't think they are
[13:50:40] <Lexx> not at all you freak
[13:50:42] <Tiffany> just manually spamming
[13:50:46] <Lexx> stupid fucking cunts
[13:50:47] <frewsxcv> huh, interesting
[13:50:47] <Tiffany> unfortunately, this channel isn't registered
[13:50:50] <Lexx> go to hell you morons
[13:50:54] <Lexx> assholes
[13:50:59] <Tiffany> so there's no op to ban them
[13:51:00] <Lexx> eat shit tiffany you cocksucking ugly faggot
[13:51:06] <Lexx> #fuck australis
[13:51:15] <Lexx> YOU GUSY are CUNTS!!!!!!!!!!!!!!!!
[13:51:15] <Tiffany> I hope you realise this channel isn't related to firefox?
[13:51:24] <Lexx> i do not care
[13:51:30] <Lexx> i jsut want to make you all miserable
[13:51:37] <Lexx> as thank you for what you did to me with version 29
[13:51:46] <Lexx> see it as my personal war hearted gratitude you assholle
[13:51:47] <Lexx> gavin dolske mattn bwinton You love pain do you? And to do you a favor… I will do that! I kick your golden eggs of failure so hard until they are ringing and you are singing all melodies of pain forwards and backwards in an instant! I am the nutcracker boy who cracks your nuts you nutheads! And now fuck off you STUPID FUCKING CUNTS! 
[13:51:47] <Lexx> Was it expected? Oh yes, it was! A move like that from Mozilla! So happy that i never updated to Firefox 29 and beyond! Let me tell you something Mozilla devs! If i still would be using your latest crap-ware i really would make it right now my mission to find out where you guys are living and afterwards punch you that often into your golden eggs of fail until you break down and understand how to threaten Power Users the right way! Sure, it has be
[13:51:47] <Lexx> gavin dolske mattn bwinton You love pain do you? And to do you a favor… I will do that! I kick your golden eggs of failure so hard until they are ringing and you are singing all melodies of pain forwards and backwards in an instant! I am the nutcracker boy who cracks your nuts you nutheads! And now fuck off you STUPID FUCKING CUNTS! 
[13:51:48] <Lexx> Was it expected? Oh yes, it was! A move like that from Mozilla! So happy that i never updated to Firefox 29 and beyond! Let me tell you something Mozilla devs! If i still would be using your latest crap-ware i really would make it right now my mission to find out where you guys are living and afterwards punch you that often into your golden eggs of fail until you break down and understand how to threaten Power Users the right way! Sure, it has be
[13:51:48] <Lexx> gavin dolske mattn bwinton You love pain do you? And to do you a favor… I will do that! I kick your golden eggs of failure so hard until they are ringing and you are singing all melodies of pain forwards and backwards in an instant! I am the nutcracker boy who cracks your nuts you nutheads! And now fuck off you STUPID FUCKING CUNTS! 
[13:51:48] <Lexx> Was it expected? Oh yes, it was! A move like that from Mozilla! So happy that i never updated to Firefox 29 and beyond! Let me tell you something Mozilla devs! If i still would be using your latest crap-ware i really would make it right now my mission to find out where you guys are living and afterwards punch you that often into your golden eggs of fail until you break down and understand how to threaten Power Users the right way! Sure, it has be
[13:52:17] <frewsxcv> out of curiosity, what didn't you like about firefox 29+?
[13:52:36] <Lexx> oh? you force me now to install addons to ger customization back
[13:52:37] <Lexx> fucxk that
[13:52:38] <Lexx> fuck ctr
[13:52:45] <Lexx> you chrome cloning idiots
[13:52:48] <frewsxcv> themes?
[13:52:48] <Lexx> you fuck power users
[13:52:54] <frewsxcv> what kind of customization?
[13:53:06] <Lexx> moving bars, moving bar elements freely like it was in Firefox 22
[13:53:11] <Lexx> but then you sucked chromes cock
[13:53:13] <Lexx> traitors
[13:53:18] <Lexx> now drm ads, pocket
[13:53:22] <Lexx> proprietary assholes
[13:53:24] <Lexx> fuck this
[13:53:27] <Lexx> and fuck you
[13:53:30] <Lexx> PENDEJO!
[13:53:53] <frewsxcv> why not fork firefox 29 :)
[13:54:09] <Lexx> haha... not everyone knows about computer stuff
[13:54:14] <Lexx> you guys are so clever :P
[13:54:32] <Lexx> and for this reason you should be put against a wall with people with guns in front of you
[13:54:43] <Lexx> and they should shoot as long until all of you are dead and burried
[13:54:51] <frewsxcv> kk
[13:55:07] <Lexx> i mean, coding is not everyones strenght
[13:55:24] <Lexx> if that would be so i would already have codec my program to be ruler of the universe ;)
[13:55:57] <Lexx> frewsxcv but you know there are guys with family around who do not have time for computer coding stuff
[13:56:10] <Lexx> time is short and freetime is precious ;)
[13:56:36] <Lexx> and sorry for insulting you if you have nothing to do with chrome clone crap
[13:57:08] * frewsxcv doesn't work for Mozilla and has never directly contributed to Firefox nor Chrome
[13:58:09] <Lexx> oh well, in that case you are not on my death list. :D
[13:58:21] <Lexx> i mean hate list
[13:58:25] <Lexx> sorry, i am no brutal guy
[13:58:43] <Lexx> i even am afraid of blood, i would be a bad vampire :D
[14:01:26] <Lexx> Usted puede lamer mi Pene y mis Huevos de oro y besar mi Culo hijo de puta con un Trastorno de la personalidad desde el más profundo de los abismos del infierno desde los Abismos de Mozilla! Vete a la mierda y que tu Madre te autista hijo de puta, vas a lamer Putin Huevos, Puto Maricon Fascista! La mierda de su Perro, su Gato y su sucio Cabra de montaña que Maricon Pendejo! Chupar Mozilla Pollas y todos juntos ir y chupar de Google Culo lleno d
[14:01:26] <Lexx> Desarrolladores y líderes de Mozilla, que son travestis culo! Alguien debe colgar ustedes para arriba en sus propias bolas y dejar que su perro muerda su caricatura de una polla! Posteriormente deben ponerlo tiempo que sea necesario por la garganta hasta que traga a sí mismos en el suicidio! Ustedes Mozilla está ... Estúpido de mierda coños!
[14:02:07] <Ilari> Useful goals: Transport-layer encryption library (TLS 1.2 or something better (i.e. not TLS)) that is actually trustworthy...
[14:02:22] <Lexx> Usted puede lamer mi Pene y mis Huevos de oro y besar mi Culo hijo de puta con un Trastorno de la personalidad desde el más profundo de los abismos del infierno desde los Abismos de Mozilla! Vete a la mierda y que tu Madre te autista hijo de puta, vas a lamer Putin Huevos, Puto Maricon Fascista! La mierda de su Perro, su Gato y su sucio Cabra de montaña que Maricon Pendejo! Chupar Mozilla Pollas y todos juntos ir y chupar de Google Culo lleno d
[14:02:23] <Lexx> Desarrolladores y líderes de Mozilla, que son travestis culo! Alguien debe colgar ustedes para arriba en sus propias bolas y dejar que su perro muerda su caricatura de una polla! Posteriormente deben ponerlo tiempo que sea necesario por la garganta hasta que traga a sí mismos en el suicidio! Ustedes Mozilla está ... Estúpido de mierda coños!
[14:03:13] <Tiffany> like one with a correctness proof, ilari?
[14:03:30] <Lexx> Usted puede lamer mi Pene y mis Huevos de oro y besar mi Culo hijo de puta con un Trastorno de la personalidad desde el más profundo de los abismos del infierno desde los Abismos de Mozilla! Vete a la mierda y que tu Madre te autista hijo de puta, vas a lamer Putin Huevos, Puto Maricon Fascista! La mierda de su Perro, su Gato y su sucio Cabra de montaña que Maricon Pendejo! Chupar Mozilla Pollas y todos juntos ir y chupar de Google Culo lleno d
[14:03:31] <Lexx> Desarrolladores y líderes de Mozilla, que son travestis culo! Alguien debe colgar ustedes para arriba en sus propias bolas y dejar que su perro muerda su caricatura de una polla! Posteriormente deben ponerlo tiempo que sea necesario por la garganta hasta que traga a sí mismos en el suicidio! Ustedes Mozilla está ... Estúpido de mierda coños!
[14:03:32] <Lexx> Usted puede lamer mi Pene y mis Huevos de oro y besar mi Culo hijo de puta con un Trastorno de la personalidad desde el más profundo de los abismos del infierno desde los Abismos de Mozilla! Vete a la mierda y que tu Madre te autista hijo de puta, vas a lamer Putin Huevos, Puto Maricon Fascista! La mierda de su Perro, su Gato y su sucio Cabra de montaña que Maricon Pendejo! Chupar Mozilla Pollas y todos juntos ir y chupar de Google Culo lleno d
[14:03:32] <Lexx> Desarrolladores y líderes de Mozilla, que son travestis culo! Alguien debe colgar ustedes para arriba en sus propias bolas y dejar que su perro muerda su caricatura de una polla! Posteriormente deben ponerlo tiempo que sea necesario por la garganta hasta que traga a sí mismos en el suicidio! Ustedes Mozilla está ... Estúpido de mierda coños!
[14:03:33] <Lexx> Usted puede lamer mi Pene y mis Huevos de oro y besar mi Culo hijo de puta con un Trastorno de la personalidad desde el más profundo de los abismos del infierno desde los Abismos de Mozilla! Vete a la mierda y que tu Madre te autista hijo de puta, vas a lamer Putin Huevos, Puto Maricon Fascista! La mierda de su Perro, su Gato y su sucio Cabra de montaña que Maricon Pendejo! Chupar Mozilla Pollas y todos juntos ir y chupar de Google Culo lleno d
[14:03:33] <Lexx> Desarrolladores y líderes de Mozilla, que son travestis culo! Alguien debe colgar ustedes para arriba en sus propias bolas y dejar que su perro muerda su caricatura de una polla! Posteriormente deben ponerlo tiempo que sea necesario por la garganta hasta que traga a sí mismos en el suicidio! Ustedes Mozilla está ... Estúpido de mierda coños!
[14:05:28] <Ilari> Tiffany: Well, decent protocol design (if not TLS) and good implementation.
[14:07:01] <Tiffany> what about curveCP?
[14:07:09] <Lexx> Usted puede lamer mi Pene y mis Huevos de oro y besar mi Culo hijo de puta con un Trastorno de la personalidad desde el más profundo de los abismos del infierno desde los Abismos de Mozilla! Vete a la mierda y que tu Madre te autista hijo de puta, vas a lamer Putin Huevos, Puto Maricon Fascista! La mierda de su Perro, su Gato y su sucio Cabra de montaña que Maricon Pendejo! Chupar Mozilla Pollas y todos juntos ir y chupar de Google Culo lleno d
[14:07:09] <Lexx> Desarrolladores y líderes de Mozilla, que son travestis culo! Alguien debe colgar ustedes para arriba en sus propias bolas y dejar que su perro muerda su caricatura de una polla! Posteriormente deben ponerlo tiempo que sea necesario por la garganta hasta que traga a sí mismos en el suicidio! Ustedes Mozilla está ... Estúpido de mierda coños!
[14:07:10] <Lexx> Usted puede lamer mi Pene y mis Huevos de oro y besar mi Culo hijo de puta con un Trastorno de la personalidad desde el más profundo de los abismos del infierno desde los Abismos de Mozilla! Vete a la mierda y que tu Madre te autista hijo de puta, vas a lamer Putin Huevos, Puto Maricon Fascista! La mierda de su Perro, su Gato y su sucio Cabra de montaña que Maricon Pendejo! Chupar Mozilla Pollas y todos juntos ir y chupar de Google Culo lleno d
[14:07:10] <Lexx> Desarrolladores y líderes de Mozilla, que son travestis culo! Alguien debe colgar ustedes para arriba en sus propias bolas y dejar que su perro muerda su caricatura de una polla! Posteriormente deben ponerlo tiempo que sea necesario por la garganta hasta que traga a sí mismos en el suicidio! Ustedes Mozilla está ... Estúpido de mierda coños!
[14:07:11] <Lexx> Usted puede lamer mi Pene y mis Huevos de oro y besar mi Culo hijo de puta con un Trastorno de la personalidad desde el más profundo de los abismos del infierno desde los Abismos de Mozilla! Vete a la mierda y que tu Madre te autista hijo de puta, vas a lamer Putin Huevos, Puto Maricon Fascista! La mierda de su Perro, su Gato y su sucio Cabra de montaña que Maricon Pendejo! Chupar Mozilla Pollas y todos juntos ir y chupar de Google Culo lleno d
[14:07:11] <Lexx> Desarrolladores y líderes de Mozilla, que son travestis culo! Alguien debe colgar ustedes para arriba en sus propias bolas y dejar que su perro muerda su caricatura de una polla! Posteriormente deben ponerlo tiempo que sea necesario por la garganta hasta que traga a sí mismos en el suicidio! Ustedes Mozilla está ... Estúpido de mierda coños!
[14:12:59] <Lexx> Usted puede lamer mi Pene y mis Huevos de oro y besar mi Culo hijo de puta con un Trastorno de la personalidad desde el más profundo de los abismos del infierno desde los Abismos de Mozilla! Vete a la mierda y que tu Madre te autista hijo de puta, vas a lamer Putin Huevos, Puto Maricon Fascista! La mierda de su Perro, su Gato y su sucio Cabra de montaña que Maricon Pendejo! Chupar Mozilla Pollas y todos juntos ir y chupar de Google Culo lleno d
[14:13:00] <Lexx> Desarrolladores y líderes de Mozilla, que son travestis culo! Alguien debe colgar ustedes para arriba en sus propias bolas y dejar que su perro muerda su caricatura de una polla! Posteriormente deben ponerlo tiempo que sea necesario por la garganta hasta que traga a sí mismos en el suicidio! Ustedes Mozilla está ... Estúpido de mierda coños!
[14:13:24] <Ilari> Oh, and of course also pay attention to the API, so it isn't garbage like OpenSSL or NSS...
[14:13:33] <Tiffany> ugh yeah
[14:13:34] <Lexx> assholes
[14:13:35] <Lexx> Usted puede lamer mi Pene y mis Huevos de oro y besar mi Culo hijo de puta con un Trastorno de la personalidad desde el más profundo de los abismos del infierno desde los Abismos de Mozilla! Vete a la mierda y que tu Madre te autista hijo de puta, vas a lamer Putin Huevos, Puto Maricon Fascista! La mierda de su Perro, su Gato y su sucio Cabra de montaña que Maricon Pendejo! Chupar Mozilla Pollas y todos juntos ir y chupar de Google Culo lleno d
[14:13:36] <Lexx> Desarrolladores y líderes de Mozilla, que son travestis culo! Alguien debe colgar ustedes para arriba en sus propias bolas y dejar que su perro muerda su caricatura de una polla! Posteriormente deben ponerlo tiempo que sea necesario por la garganta hasta que traga a sí mismos en el suicidio! Ustedes Mozilla está ... Estúpido de mierda coños!
[14:13:36] <Tiffany> openssl's API is so bad
[14:13:37] <Lexx> Usted puede lamer mi Pene y mis Huevos de oro y besar mi Culo hijo de puta con un Trastorno de la personalidad desde el más profundo de los abismos del infierno desde los Abismos de Mozilla! Vete a la mierda y que tu Madre te autista hijo de puta, vas a lamer Putin Huevos, Puto Maricon Fascista! La mierda de su Perro, su Gato y su sucio Cabra de montaña que Maricon Pendejo! Chupar Mozilla Pollas y todos juntos ir y chupar de Google Culo lleno d
[14:13:37] <Lexx> Desarrolladores y líderes de Mozilla, que son travestis culo! Alguien debe colgar ustedes para arriba en sus propias bolas y dejar que su perro muerda su caricatura de una polla! Posteriormente deben ponerlo tiempo que sea necesario por la garganta hasta que traga a sí mismos en el suicidio! Ustedes Mozilla está ... Estúpido de mierda coños!
[14:15:13] <Ilari> Tiffany: Also, that renego is possible at all complicates TLS APIs.
[14:15:26] <Lexx> Usted puede lamer mi Pene y mis Huevos de oro y besar mi Culo hijo de puta con un Trastorno de la personalidad desde el más profundo de los abismos del infierno desde los Abismos de Mozilla! Vete a la mierda y que tu Madre te autista hijo de puta, vas a lamer Putin Huevos, Puto Maricon Fascista! La mierda de su Perro, su Gato y su sucio Cabra de montaña que Maricon Pendejo! Chupar Mozilla Pollas y todos juntos ir y chupar de Google Culo lleno d
[14:15:26] <Lexx> Desarrolladores y líderes de Mozilla, que son travestis culo! Alguien debe colgar ustedes para arriba en sus propias bolas y dejar que su perro muerda su caricatura de una polla! Posteriormente deben ponerlo tiempo que sea necesario por la garganta hasta que traga a sí mismos en el suicidio! Ustedes Mozilla está ... Estúpido de mierda coños!
[14:15:29] <Lexx> fuck off you whores
[14:18:31] *** Parts: Lexx (Lexx@moz-ek7bu3.dynamic.hinet.net) ()
[14:18:41] <Ilari> ... Finally.
[14:25:01] <Tiffany> hopefully the ircops will show up later and be able to get some ops for this channel
[14:25:07] <Tiffany> so that doesn't happen again
[15:05:13] *** Quits: blank_name (blank_name@moz-n2h.nml.36.50.IP) (Ping timeout: 121 seconds)
[15:06:15] *** Joins: blank_name (blank_name@moz-i5o.u7h.36.50.IP)
[15:17:13] *** Quits: blank_name (blank_name@moz-i5o.u7h.36.50.IP) (Ping timeout: 121 seconds)
[15:17:16] *** Joins: blank_name (blank_name@moz-ekh.i54.183.192.IP)
[16:18:02] <kmc> this has gone from a major annoyance to a legitimately interesting piece of performance art
[16:18:19] <kmc> i mean, how is it physically possible for anyone to be that angry about not being able to move stuff around in the firefox toolbar as easily as before
[16:18:29] <kmc> it raises a lot of questions about the human condition, imo
[16:34:47] <Ilari> After upgrading to 38, I had to rip out the "social" stuff from the toolbar.
[16:37:11] <Ilari> Also, I found what looks to be the tile metrics report URLs in the about:config, and overwrote those with junk.
[16:38:00] <Ilari> (And for good measure made the original domain pointed to unresolveable)
[16:41:12] *** Joins: dpc (dpc@moz-t6gr4b.ca.comcast.net)
[16:41:50] <Ilari> Of course, analysis of TLS is also much hindered by question of: What does it do?
[17:05:58] <kmc> heh
[17:07:22] <Ilari> Also, in security analysis, one should ensure that security degrades gracefully if components fail (e.g. authentication signatures).
[17:07:26] <kmc> one big problem is that we put this incredibly powerful attacker controlled system on one end of the TLS connection, in its most important use
[17:08:06] <kmc> attacks on HTTPS often end up being an extreme case of "adaptive chosen plaintext"
[17:08:17] <kmc> it's a really unforgiving threat model
[17:12:53] <Ilari> Example of graceful degradation: Even if there is a way to skip server certificate check (a'la goto fail) tls-unique and tls-exporter has to be connection-unique, so it can be used for client auth.
[17:14:36] <Ilari> Or if encryption algorithm for some reason turns out to provode weak confidentiality, but still provodes authentication, then data origin authentication should be unaffected.
[17:16:07] *** Joins: brson (brson@moz-eht.h80.36.209.IP)
[17:17:37] <Ilari> ... Which for example impiles not trying to do key wrapping (at least on anything important).
[17:18:01] *** Quits: dpc (dpc@moz-t6gr4b.ca.comcast.net) (Connection closed)
[17:20:14] *** Joins: dpc (dpc@moz-t6gr4b.ca.comcast.net)
[17:23:32] <kmc> Ilari: what do you think about modes that are resistent to nonce misuse?
[17:24:14] <Ilari> Would be useful (at least if not adding much overhead)
[17:24:51] <kmc> also, /me waves to posix4e 
[17:29:08] <Ilari> OTOH, TLS only uses nonces within associations, where reliable counting should be possible...
[17:30:04] <kmc> yeah
[17:30:45] <kmc> and it already has sequence numbers
[17:31:09] <Ilari> I think those are included in AD?
[17:32:50] <Ilari> Oh, yes: Checked TLS 1.2 RFC.
[17:33:20] <kmc> ok
[17:33:43] <Ilari> So if one can't count, connection is going to fail...
[17:35:49] <posix4e> Kmc: hi *waves his hungover arm in the distance*
[17:50:03] *** Quits: dpc (dpc@moz-t6gr4b.ca.comcast.net) (Ping timeout: 121 seconds)
[18:01:42] <kmc> :D
[18:02:00] * kmc is immune to hangovers since starting fluoxetine?!?
[18:03:14] *** Joins: Rym_ (y@moz-aun.38r.38.217.IP)
[18:06:14] <posix4e> Haha! Love it
[18:06:20] <posix4e> Bulletproof
[18:07:46] <kmc> :D
[18:13:31] <posix4e> On typing my phone so this might take a while. I'm looking for someone to talk me out of writing cryptography in pure safe rust
[18:13:50] <Tiffany> I don't think anyone is going to do that
[18:13:55] *** Quits: brson (brson@moz-eht.h80.36.209.IP) (Ping timeout: 121 seconds)
[18:14:09] <Ilari> Also, depends on the algorithm. Some are easier to get right than others...
[18:14:24] <posix4e> I'm looking for someone to tell me I'll be fighting the optimizer .. Bla bla sidechannels
[18:14:55] <Tiffany> as long as you don't use lookup tables or key-dependant branching things are mostly fine, afaik
[18:15:14] <Ilari> Also, beware of inserted jumps.
[18:15:43] <Tiffany> I wonder how much crypto in the wild is prone to timing attacks
[18:15:57] <Tiffany> are cache timing attacks even practical over the internet? I wouldn't think so
[18:16:05] <posix4e> I guess one question is if llvm will optimize across functions which cannot be inlined
[18:16:16] <posix4e> I ran into a timing attack this week
[18:16:21] <Tiffany> the main worry is when you have a malicious program on the same system which can actually get accurate enough measurements to perform cache timing attacks
[18:16:41] <Tiffany> I don't think it will
[18:16:44] <Ilari> posix4e: Well, one way I found to prevent undesirable optimizations was to mark function as uninlineable.
[18:17:08] <Ilari> Tiffany: You read about doing cache attacks from JS served from Web? :-)
[18:17:13] <Tiffany> yeah
[18:17:26] <Tiffany> that was pretty terrible
[18:17:37] <posix4e> Llari: that's exactly what I'm curious about. Not sure if it's enough
[18:17:47] <Tiffany> not sure I understand exactly the scope it presents though
[18:18:00] <Tiffany> it can't determine the exact contents of the memory in other processes, can it?
[18:18:12] <Tiffany> not without interaction from the targeted process, anyway
[18:19:03] <Tiffany> wasn't someone working on constant-time primitives for crypto code, to avoid timing attacks at the type system level?
[18:19:10] <posix4e> I'm guessing the solution is to write automatic tests so you could see if something is subject to such attacks (which I've found difficult in the past)
[18:19:34] <posix4e> Tiffany: that might be me
[18:20:11] <kmc> posix4e: oh yeah, we were talking about https://github.com/klutzy/nadeko last night
[18:20:15] <posix4e> But maybe the known gospel is going to be the only way (asm
[18:20:26] <kmc> asm isn't even really good enough :(
[18:20:56] <posix4e> Indeed and there's a bigger problem
[18:21:08] <kmc> I would want to do extensive testing in something like http://marss86.org/~marss86/index.php/Home, as well as real hardware
[18:21:17] <kmc> unfortunately there are a lot of different devices out there
[18:21:30] <kmc> probably hundreds of companies making chips used in ARM-based Android devices alone
[18:22:47] <posix4e> I mean if they have an errant hostile pinning or I guess the new vector is doping attacks we can't do much
[18:23:16] <kmc> I wonder if anyone has written a paper yet about using relaxed memory effects as an attack side-channel
[18:23:20] <kmc> or a covert channel
[18:23:24] <posix4e> What's more frightening is manufactures seem to add attack vectors as features
[18:23:25] <kmc> a more sophisticated version of a cache channel basically
[18:23:41] <Tiffany> they do?
[18:23:43] <kmc> where you intentionally cause data races and observe the realized ordering to make inferences about the states of cache lines in the coherence protocol
[18:23:47] <posix4e> Isn't that what row hammer is?
[18:23:50] <kmc> nah
[18:23:54] <kmc> that's physical leakage within DRAM chips
[18:23:55] <Tiffany> rowhammer is a bug, not a feature
[18:24:03] <kmc> it's a bug but an unavoidable one
[18:24:15] <kmc> if you want to be able to buy an 8GB stick of ram for $5 or whatever it is now
[18:24:25] <posix4e> Write times leak info on cache
[18:24:28] <Tiffany> last time I checked it was like $30 or $40
[18:24:35] <kmc> but I think it can be effectively mitigated
[18:24:43] <Tiffany> it can be mitigated by using ECC memory
[18:24:47] <kmc> by scrambling addresses, e.g.
[18:24:48] <kmc> ah yeah
[18:24:52] <kmc> that does have an unavoidable cost tho
[18:25:00] <posix4e> kmc: fair enough but before you change bits it will leak information
[18:25:36] <posix4e> Never seen it in the wild
[18:26:26] <posix4e> But if the manufacture is hostile your best hope is not using any asm based crypto (SSE instructions) I assume
[18:26:49] <posix4e> Then they have to some the being a jerk in the general case rather than a simple one
[18:27:17] <posix4e> Wow auto complete makes me sound drunk
[18:27:42] <Tiffany> nadeko is pretty neat
[18:27:53] <posix4e> What I meant to say was then they have to be a jerk..
[18:28:53] <posix4e> What's interesting is we have data about writing crypto in higher level languages like Java
[18:29:30] <posix4e> Biggest attack vector is people writing unaudited code. Although this might be one place where Java has a good record
[18:30:35] <posix4e> I thought Row hammer cannot be fully protected against with all ecc configurations
[18:30:57] <posix4e> It's way harder though
[18:31:29] <Tiffany> I think that in some cases it can correct errors from row hammer, and in other cases it will detect a failed checksum, be unable to correct, and crash the system
[18:31:45] <Tiffany> I suppose it's possible for rowhammer to mess with the parity bit?
[18:31:56] <Ilari> posix4e: A while back, I had a list of reasons why protocol (esp. security protocols) implementations are insecure: 1) The protocol is insecure. 2) The protocol is boobytrapped. 3) The protocol is good but implementation bad. 4) Both 1 and 2 at the same time.
[18:32:04] <posix4e> Indeed or get a few bit changes
[18:32:04] *** Quits: Rym_ (y@moz-aun.38r.38.217.IP) (Connection closed)
[18:32:34] <Tiffany> is TLS 4?
[18:32:36] *** Joins: Rym_ (y@moz-aun.38r.38.217.IP)
[18:32:46] <Tiffany> and some 3
[18:32:46] <Ilari> Tiffany: Yup (at least up to 1.2)
[18:32:49] <Tiffany> a lot of 3
[18:32:58] <posix4e> Llari: no objections there. I've been screaming about protocol security forever. Not cryptographer's string suite generally
[18:33:39] <posix4e> But I believe pgp works
[18:34:59] <posix4e> But public key crypto has never been Done 'right " with the exception of gct I don't think I trust almost anything hard protocol wise just because they tend not to be hybrid online
[18:35:29] <posix4e> And gct needs some weird SSE stuff to run at any reasonable speed
[18:35:36] <Ilari> posix4e: Also, the first character is U+0049 "LATIN CAPITAL LETTER I". :-)
[18:36:17] <Ilari> GCT?
[18:37:19] <posix4e> Err gcm is what people call it
[18:37:22] <posix4e> http://en.m.wikipedia.org/wiki/Galois/Counter_Mode
[18:38:01] <Ilari> GCM is not public-key. Public-key stuff includes RSA and ECC (and some more exotic things) and such.
[18:38:07] <posix4e> At least then I might have a chance to know who I'm taking to
[18:39:28] <Ilari> Also, Weierstrass-curve ECC... Ugh.
[18:39:38] <posix4e> Ah yes I should have said for vpn type security not public crypto
[18:40:41] <Ilari> There's also Chacha20-Poly1305. Much easier than AES-GCM to implement in constant time (and also vectorizes really well).
[18:42:01] <posix4e> That is djb's thing huh. Never tried to use it
[18:42:09] <posix4e> Heard good things
[18:42:43] <Ilari> Wonder what performance of that is going to be on AVX-512-capable hardware... Probably something obscene.
[18:43:02] <Tiffany> could you do it on GPU?
[18:44:21] <posix4e> I'd assume seeking would be hard to do in parallel but that's cool
[18:44:32] <posix4e> Never had a server with a decent GPU though
[18:45:30] <Tiffany> chacha20 sure doesn't look all that complicated in terms of operations
[18:45:35] <Tiffany> I have no idea how it works though
[18:45:41] <Tiffany> no idea about poly1305
[18:46:06] <Ilari> Well, poly1305 is just polynomial evaluation (modulo 2^130-5)
[18:47:45] <kmc> djb also talks about wanting to use the 53 bit multiplier in the FPU for elliptic curve maths
[18:47:48] <Tiffany> oh, that would happen to be a silly large prime number, wouldn't it
[18:48:56] <Ilari> Yeah, 2^130-5 is prime.
[18:51:25] <Ilari> Also, GCM is based on polynomial evaluation (in finite field of size 2^128, which is more complicated than modp due size not being prime).
[18:52:58] <Ilari> Regarding possible finite field sizes, those are restricted to primes and powers of primes (2, 3, 4, 5, 7, 8, 9, 11, 13, 16, 17, 19, 23, ...).
[18:53:27] <posix4e> djm's personal weblog: ChaCha20 and Poly1305 in OpenSSH (http://blog.djm.net.au/2013/11/chacha20-and-poly1305-in-openssh.html?m=1)
[18:56:23] <Ilari> Also, even if security level of Poly1305 is seemingly ~128 bits, it is actually much stronger than that against most attacks.
[19:05:51] *** Joins: skeuomor1 (skeuomorf@moz-vf8.q8a.32.197.IP)
[19:08:00] *** Quits: skeuomorf (skeuomorf@moz-s34.6k3.32.197.IP) (Ping timeout: 121 seconds)
[19:13:52] *** Joins: brson (brson@moz-u3dg2t.sfo1.mozilla.com)
[19:24:43] <Ilari> posix4e: Chacha20-Poly1305 is much much easier to implement in constant-time way than AES-GCM without using hardware acceleration.
[19:27:26] <Ilari> posix4e: And similarly, Edwards ECC is much easier to make constant-time than Weierstrass ECC.
[19:28:55] <posix4e> Nice I'll look them to
[19:28:59] <posix4e> Them up
[19:30:18] <Ilari> The reason why is that Edwards ECC has fast addition formula that works for any two points. Whereas Weierstrass ECC addition formula has special cases (I think 4 of those or so).
[19:33:46] <Ilari> posix4e: Also, if working with ECC, don't use bignums, but code up the field arithmetic. Bignums usually are not constant-time.
[19:34:59] <posix4e> Oh yea forgot about that
[19:36:11] <Ilari> I actually coded up routines that abuse valgrind for CT validation in my prototype ECC lib.
[19:36:35] <Tiffany> huh
[19:36:39] <Tiffany> how did you do that?
[19:37:26] <Tiffany> also, does llvm optimise bignum code to ADC (add carry) and related instructions, or do you need to write in assembly to get fast bignums?
[19:37:32] <Tiffany> including fixed-width large numbers
[19:37:34] <Ilari> Mark the inputs as undefined on entry and defined on exit. Then if one tries to perform secret-dependent load, store or branch, valgrind will complain.
[19:38:23] <Ilari> Well, you can't write decent big field code in Rust. Just from lack of way to use 64x64->128 multiplier in amd64.
[19:38:26] <Tiffany> assuming ADC is actually fast and not implemented in microcode or something
[19:38:40] <Tiffany> ah
[19:38:55] *** Joins: gsingh93_ (gulshan@moz-qnbukr.mi.comcast.net)
[19:39:04] <Ilari> Tiffany: Actually, ADC is slow (I think latest Intel CPUs might fix that).
[19:40:14] <Ilari> Often ECC math doesn't use full words. One often sees Curve25519 implementations using base-2^51, and Goldilocks (Curve448) implementations using base-2^56.
[19:42:05] <kmc> then you can use the integer and FPU multipliers at the same time :3
[19:42:20] <kmc> or at least djb wants that to be possible
[19:43:11] <kmc> Tiffany: it'd be nice to have a macro to generate an implementation of large n-bit numbers for each n
[19:43:18] <kmc> integer generics would be even nicer
[19:43:29] <kmc> and might perform the same since generics in rust are all resolved at compile time
[19:43:56] <kmc> then LLVM will have the ability to fully unroll loops, etc. if it wants to
[19:44:48] <Ilari> Also, DJB had project at using Hyperelliptic curves over modp 2^127-1. Unfortunately at the time (2006 or so) surface generation was out of reach (suitable surface was finally found in 2013). The result runs like twice the the speed of Curve25519 for key exchange...
[19:46:24] <Tiffany> I'm not really sure what that means, is there some kind of massively expensive search for suitable curves or something?
[19:47:15] <Ilari> Finding suitable surface was enormously expensive... About 1,000,000 CPU hours.
[19:47:52] <Tiffany> whoa
[19:49:08] <Ilari> And that was at ~128-level. One can find normal elliptic curves at ~210-level in under 1,000 CPU hours.
[19:51:27] <Ilari> Parallelizes quite well...
[20:02:44] <Ilari> posix4e: Also, well-made crypto primitive implementations won't help if the protocol implemented is bad.
[20:11:32] <kmc> *hyper*-elliptic curves
[20:11:35] <kmc> lol
[20:16:21] <Ilari> posix4e: Other tricks I have used: In C++, doing bounds check on foo::operator[] and then if it fails, calling nonexistent routine. If the bounds check isn't optimized away, the result won't link.
[20:17:34] *** Quits: brson (brson@moz-u3dg2t.sfo1.mozilla.com) (Quit: leaving)
[20:18:10] *** Joins: brson (brson@moz-r1h.uhc.47.96.IP)
[20:27:52] *** Quits: brson (brson@moz-r1h.uhc.47.96.IP) (Ping timeout: 121 seconds)
[20:29:56] *** Joins: brson (brson@moz-7pn.pdv.48.37.IP)
[20:45:51] *** Joins: Rym (y@moz-aun.38r.38.217.IP)
[20:45:56] *** Quits: Rym_ (y@moz-aun.38r.38.217.IP) (Connection closed)
[20:57:47] *** Joins: dpc (dpc@moz-t6gr4b.ca.comcast.net)
[21:03:35] <Ilari> posix4e: Also, certain prime fields are just faster to compute with. In general, primes of form 2^n-c with c very small are usually good, along with things like 4^n-2^n-1.
[21:04:05] <Tiffany> why's that?
[21:05:38] <Ilari> Faster to compute the modular reduction of multiplication results.
[21:06:27] <Ilari> The lower CFRG curve is of the first type, with n=255, c=19, and the higher is of second form, with n=224.
[21:08:41] <Ilari> There's also 4^240-2^240-1, but it sucks on 32-bit (but is seemingly extremely efficient on 64-bit).
[21:15:04] *** Quits: dpc (dpc@moz-t6gr4b.ca.comcast.net) (Connection closed)
[21:30:29] *** Quits: brson (brson@moz-7pn.pdv.48.37.IP) (Ping timeout: 121 seconds)
[21:32:35] *** Joins: brson (brson@moz-iu7.mao.34.45.IP)
[21:32:55] *** Quits: gsingh93_ (gulshan@moz-qnbukr.mi.comcast.net) (Ping timeout: 121 seconds)
[21:37:26] *** Quits: brson (brson@moz-iu7.mao.34.45.IP) (Ping timeout: 121 seconds)
[21:38:37] *** Joins: brson (brson@moz-f0v.335.39.84.IP)
[21:46:39] *** Joins: gsingh93_ (gulshan@moz-ln1ktu.st3l.iv8o.0004.2601.IP)
[21:58:28] *** Joins: dpc (dpc@moz-t6gr4b.ca.comcast.net)
[22:13:33] *** Quits: Rym (y@moz-aun.38r.38.217.IP) (Ping timeout: 121 seconds)
[22:36:34] *** Quits: dpc (dpc@moz-t6gr4b.ca.comcast.net) (Ping timeout: 121 seconds)
[22:49:19] *** Joins: dpc (dpc@moz-t6gr4b.ca.comcast.net)
[23:26:13] *** Quits: dpc (dpc@moz-t6gr4b.ca.comcast.net) (Ping timeout: 121 seconds)
