[00:01:29] *** Quits: jweathersby (Adium@moz-trimim.ip.windstream.net) (Ping timeout: 121 seconds)
[00:16:08] *** Joins: copumpkin (copumpkin@moz-u0o.vqd.248.184.IP)
[00:16:18] *** Quits: copumpkin (copumpkin@moz-u0o.vqd.248.184.IP) (Connection closed)
[00:19:59] *** Quits: mchang (mchang@moz-q472sa.res.rr.com) (Client exited)
[00:36:14] *** Joins: copumpkin (copumpkin@moz-u0o.vqd.248.184.IP)
[00:41:55] *** Joins: till (till@moz-6ji9lr.dyn.telefonica.de)
[00:46:18] *** Joins: yury_ (yury@moz-bchbuc.ok.cox.net)
[00:46:19] *** Quits: till (till@moz-6ji9lr.dyn.telefonica.de) (Ping timeout: 121 seconds)
[00:46:56] *** Quits: yury (yury@moz-bchbuc.ok.cox.net) (Ping timeout: 121 seconds)
[00:55:01] *** Quits: copumpkin (copumpkin@moz-u0o.vqd.248.184.IP) (Connection closed)
[00:55:54] *** Joins: copumpkin (copumpkin@moz-u0o.vqd.248.184.IP)
[01:02:59] *** Joins: copumpki_ (copumpkin@moz-u0o.vqd.248.184.IP)
[01:06:20] *** Quits: copumpkin (copumpkin@moz-u0o.vqd.248.184.IP) (Ping timeout: 121 seconds)
[01:08:01] *** Quits: copumpki_ (copumpkin@moz-u0o.vqd.248.184.IP) (Quit: My MacBook Pro has gone to sleep. ZZZzzz…)
[01:09:57] *** Joins: brson (brson@moz-c7j4d3.tmodns.net)
[01:09:58] *** ChanServ sets mode: +o brson
[01:12:01] *** Joins: tadh (quassel@moz-vhtkvi.res.rr.com)
[01:17:57] *** khuey is now known as khuey|away
[01:19:44] *** Joins: copumpkin (copumpkin@moz-ucb.3bf.114.108.IP)
[01:27:22] *** Quits: gal (gal@moz-t19.bab.126.76.IP) (Client exited)
[01:28:20] *** Joins: copumpki_ (copumpkin@moz-d3c.rog.114.108.IP)
[01:29:54] *** Quits: copumpkin (copumpkin@moz-ucb.3bf.114.108.IP) (Ping timeout: 121 seconds)
[01:34:21] *** Joins: pcwalton (pcwalton@moz-6kjabm.ca.comcast.net)
[01:34:21] *** ChanServ sets mode: +o pcwalton
[01:42:16] *** Quits: tadh (quassel@moz-vhtkvi.res.rr.com) (Ping timeout: 121 seconds)
[01:42:41] *** Joins: till (till@moz-6ji9lr.dyn.telefonica.de)
[01:45:28] *** Quits: mbx (textual@moz-l8ebtf.sfo1.mozilla.com) (Quit: My Mac has gone to sleep. ZZZzzz…)
[01:47:07] *** Quits: till (till@moz-6ji9lr.dyn.telefonica.de) (Ping timeout: 121 seconds)
[01:48:07] *** Joins: gal (gal@moz-t19.bab.126.76.IP)
[01:51:09] *** Joins: copumpkin (copumpkin@moz-d3c.rog.114.108.IP)
[01:52:53] *** Quits: copumpki_ (copumpkin@moz-d3c.rog.114.108.IP) (Ping timeout: 121 seconds)
[01:54:17] *** Joins: copumpki_ (copumpkin@moz-d3c.rog.114.108.IP)
[01:56:29] *** Quits: gal (gal@moz-t19.bab.126.76.IP) (Client exited)
[01:56:47] *** Quits: system64 (uid17738@moz-7c4aav.uxbridge.irccloud.com) (Quit: Connection closed for inactivity)
[01:57:14] *** Quits: copumpkin (copumpkin@moz-d3c.rog.114.108.IP) (Ping timeout: 121 seconds)
[02:08:59] *** Joins: copumpkin (copumpkin@moz-d3c.rog.114.108.IP)
[02:10:31] *** Quits: copumpki_ (copumpkin@moz-d3c.rog.114.108.IP) (Ping timeout: 121 seconds)
[02:11:14] *** Quits: pcwalton (pcwalton@moz-6kjabm.ca.comcast.net) (Client exited)
[02:15:51] *** Joins: gal (gal@moz-t19.bab.126.76.IP)
[02:18:49] *** Joins: tadh (quassel@moz-vhtkvi.res.rr.com)
[02:37:52] *** Joins: mbx (textual@moz-fjua8t.ca.comcast.net)
[02:43:27] *** Joins: till (till@moz-6ji9lr.dyn.telefonica.de)
[02:47:01] *** Quits: tadh (quassel@moz-vhtkvi.res.rr.com) (Ping timeout: 121 seconds)
[02:47:39] *** Quits: till (till@moz-6ji9lr.dyn.telefonica.de) (Ping timeout: 121 seconds)
[02:47:43] *** Joins: jweathersby (Adium@moz-trimim.ip.windstream.net)
[02:51:45] *** Quits: jweathersby (Adium@moz-trimim.ip.windstream.net) (Ping timeout: 121 seconds)
[03:17:22] *** Joins: jweathersby (Adium@moz-trimim.ip.windstream.net)
[03:37:46] *** Quits: copumpkin (copumpkin@moz-d3c.rog.114.108.IP) (Quit: My MacBook Pro has gone to sleep. ZZZzzz…)
[03:44:13] *** Joins: till (till@moz-55ukmp.adsl.alicedsl.de)
[03:48:58] *** Quits: till (till@moz-55ukmp.adsl.alicedsl.de) (Ping timeout: 121 seconds)
[04:00:01] *** Quits: gal (gal@moz-t19.bab.126.76.IP) (Client exited)
[04:00:47] *** Quits: brson (brson@moz-c7j4d3.tmodns.net) (Ping timeout: 121 seconds)
[04:01:56] *** Joins: brson (brson@moz-c7j4d3.tmodns.net)
[04:01:57] *** ChanServ sets mode: +o brson
[04:16:49] *** Quits: jweathersby (Adium@moz-trimim.ip.windstream.net) (Quit: Leaving.)
[04:44:59] *** Joins: till (till@moz-55ukmp.adsl.alicedsl.de)
[04:49:28] *** Quits: till (till@moz-55ukmp.adsl.alicedsl.de) (Ping timeout: 121 seconds)
[05:00:23] *** Joins: gal (gal@moz-t19.bab.126.76.IP)
[05:00:46] *** Joins: pcwalton (pcwalton@moz-6kjabm.ca.comcast.net)
[05:00:47] *** ChanServ sets mode: +o pcwalton
[05:00:57] *** Quits: pcwalton (pcwalton@moz-6kjabm.ca.comcast.net) (Client exited)
[05:17:12] *** Joins: jweathersby (Adium@moz-trimim.ip.windstream.net)
[05:21:14] *** Quits: jweathersby (Adium@moz-trimim.ip.windstream.net) (Ping timeout: 121 seconds)
[05:29:59] *** Joins: jweathersby (Adium@moz-trimim.ip.windstream.net)
[05:45:45] *** Joins: till (till@moz-55ukmp.adsl.alicedsl.de)
[05:50:14] *** Quits: till (till@moz-55ukmp.adsl.alicedsl.de) (Ping timeout: 121 seconds)
[05:52:15] *** Joins: till (till@moz-55ukmp.adsl.alicedsl.de)
[05:53:35] *** mbrubeck is now known as mbrubeck|pto
[06:46:56] *** Joins: ddamjano (Instantbird@moz-09p117.ehig.7h68.8388.2a02.IP)
[07:08:22] *** Quits: jweathersby (Adium@moz-trimim.ip.windstream.net) (Quit: Leaving.)
[07:23:41] *** Quits: till (till@moz-55ukmp.adsl.alicedsl.de) (Connection closed)
[07:24:03] *** Joins: till (till@moz-55ukmp.adsl.alicedsl.de)
[08:09:53] *** Quits: gal (gal@moz-t19.bab.126.76.IP) (Client exited)
[08:14:35] *** Joins: gal (gal@moz-t19.bab.126.76.IP)
[08:21:57] *** Quits: gal (gal@moz-t19.bab.126.76.IP) (Client exited)
[08:43:48] *** Quits: ddamjano (Instantbird@moz-09p117.ehig.7h68.8388.2a02.IP) (Ping timeout: 121 seconds)
[09:20:05] *** Joins: Dexter (Alessio@moz-lsijj5.retail.telecomitalia.it)
[09:58:10] *** Quits: brson (brson@moz-c7j4d3.tmodns.net) (Quit: leaving)
[10:01:03] *** Quits: mbx (textual@moz-fjua8t.ca.comcast.net) (Quit: My Mac has gone to sleep. ZZZzzz…)
[10:19:21] *** Joins: ddamjano (Instantbird@moz-79nenv.ehig.7h68.8388.2a02.IP)
[10:53:44] *** Joins: jdm (jdm@moz-4vu.06r.98.75.IP)
[11:02:55] *** Quits: nrc (nrc@moz-4bhi2i.xtra.co.nz) (Ping timeout: 121 seconds)
[11:48:10] *** Quits: till (till@moz-55ukmp.adsl.alicedsl.de) (Ping timeout: 121 seconds)
[11:48:22] *** Joins: till (till@moz-55ukmp.adsl.alicedsl.de)
[11:53:14] *** Quits: ddamjano (Instantbird@moz-79nenv.ehig.7h68.8388.2a02.IP) (Ping timeout: 121 seconds)
[12:00:41] *** Joins: ddamjano (Instantbird@moz-79nenv.ehig.7h68.8388.2a02.IP)
[12:20:45] *** Quits: till (till@moz-55ukmp.adsl.alicedsl.de) (Connection closed)
[12:21:07] *** Joins: till (till@moz-55ukmp.adsl.alicedsl.de)
[12:25:31] *** Quits: Dexter (Alessio@moz-lsijj5.retail.telecomitalia.it) (Quit: Leaving)
[12:28:53] *** Quits: ddamjano (Instantbird@moz-79nenv.ehig.7h68.8388.2a02.IP) (Ping timeout: 121 seconds)
[13:11:26] *** Quits: till (till@moz-55ukmp.adsl.alicedsl.de) (Connection closed)
[13:11:48] *** Joins: till (till@moz-55ukmp.adsl.alicedsl.de)
[13:17:25] *** Quits: jdm (jdm@moz-4vu.06r.98.75.IP) (Quit: )
[13:44:08] *** Quits: derf (derf@moz-797sd4.fios.verizon.net) (Ping timeout: 121 seconds)
[13:46:13] *** Joins: derf (derf@moz-797sd4.fios.verizon.net)
[14:10:27] *** Joins: pnkfelix (pnkfelix@moz-eljppb.fbx.proxad.net)
[14:11:33] *** Joins: tadh (quassel@moz-vhtkvi.res.rr.com)
[14:12:23] *** Quits: tadh (quassel@moz-vhtkvi.res.rr.com) (Connection closed)
[14:14:02] *** Joins: tadh (quassel@moz-vhtkvi.res.rr.com)
[14:19:31] *** Quits: tadh (quassel@moz-vhtkvi.res.rr.com) (Quit: No Ping reply in 180 seconds.)
[14:20:42] *** Joins: tadh (quassel@moz-vhtkvi.res.rr.com)
[15:28:49] *** Joins: ddamjano (Instantbird@moz-79nenv.ehig.7h68.8388.2a02.IP)
[15:35:22] *** Joins: system64 (uid17738@moz-7c4aav.uxbridge.irccloud.com)
[15:57:24] *** Quits: ddamjano (Instantbird@moz-79nenv.ehig.7h68.8388.2a02.IP) (Ping timeout: 121 seconds)
[16:24:25] *** Joins: ddamjano (Instantbird@moz-79nenv.ehig.7h68.8388.2a02.IP)
[16:44:14] *** Quits: tadh (quassel@moz-vhtkvi.res.rr.com) (Ping timeout: 121 seconds)
[16:48:43] *** Joins: tadh (quassel@moz-vhtkvi.res.rr.com)
[16:51:03] *** Quits: ddamjano (Instantbird@moz-79nenv.ehig.7h68.8388.2a02.IP) (Ping timeout: 121 seconds)
[16:51:47] *** Joins: ddamjano (Instantbird@moz-79nenv.ehig.7h68.8388.2a02.IP)
[16:52:53] *** Quits: tadh (quassel@moz-vhtkvi.res.rr.com) (Ping timeout: 121 seconds)
[16:53:08] *** Joins: tadh (quassel@moz-vhtkvi.res.rr.com)
[16:59:41] *** Joins: mbx (textual@moz-5uc.hie.151.32.IP)
[17:02:29] *** Joins: copumpkin (copumpkin@moz-ieb4u3.cable.rcn.com)
[17:03:18] *** Quits: terrence (terrence@moz-ql99l0.sd.cox.net) (Ping timeout: 121 seconds)
[17:04:24] *** Quits: mbx (textual@moz-5uc.hie.151.32.IP) (Ping timeout: 121 seconds)
[17:05:00] *** Quits: tadh (quassel@moz-vhtkvi.res.rr.com) (Connection closed)
[17:06:46] *** Joins: tadh (quassel@moz-vhtkvi.res.rr.com)
[17:07:48] *** Quits: tadh (quassel@moz-vhtkvi.res.rr.com) (Connection closed)
[17:18:58] *** Joins: terrence (terrence@moz-ql99l0.sd.cox.net)
[17:38:10] *** Quits: ddamjano (Instantbird@moz-79nenv.ehig.7h68.8388.2a02.IP) (Ping timeout: 121 seconds)
[18:01:10] *** Joins: gal (gal@moz-t19.bab.126.76.IP)
[18:16:28] *** Joins: gds (user@moz-5vh1at.range109-152.btcentralplus.com)
[18:47:58] *** Quits: till (till@moz-55ukmp.adsl.alicedsl.de) (Ping timeout: 121 seconds)
[18:48:32] *** Joins: till (till@moz-55ukmp.adsl.alicedsl.de)
[19:00:36] *** Joins: ddamjano (Instantbird@moz-79nenv.ehig.7h68.8388.2a02.IP)
[19:01:05] *** Quits: bjz (bjz@moz-puppgq.tpgi.com.au) (Quit: Textual IRC Client: www.textualapp.com)
[19:12:52] *** Joins: bjz (bjz@moz-puppgq.tpgi.com.au)
[19:13:45] *** Quits: ddamjano (Instantbird@moz-79nenv.ehig.7h68.8388.2a02.IP) (Ping timeout: 121 seconds)
[19:23:26] *** Joins: brson (brson@moz-cfhap5.mtv2.mozilla.com)
[19:23:27] *** ChanServ sets mode: +o brson
[19:54:02] *** Quits: till (till@moz-55ukmp.adsl.alicedsl.de) (A TLS packet with unexpected length was received.)
[19:57:39] *** yury_ is now known as yury
[19:58:43] *** Quits: yury (yury@moz-bchbuc.ok.cox.net) (Quit: Quit)
[19:58:47] *** Joins: yury (yury@moz-bchbuc.ok.cox.net)
[20:23:10] *** Joins: ddamjano (Instantbird@moz-79nenv.ehig.7h68.8388.2a02.IP)
[20:48:39] *** Quits: gal (gal@moz-t19.bab.126.76.IP) (Client exited)
[20:49:51] *** Joins: gal (gal@moz-t19.bab.126.76.IP)
[21:02:47] *** Joins: nrc (nrc@moz-4bhi2i.xtra.co.nz)
[21:24:31] *** Joins: till (till@moz-55ukmp.adsl.alicedsl.de)
[21:26:23] *** Quits: gds (user@moz-5vh1at.range109-152.btcentralplus.com) (Quit: Going offline)
[21:29:05] *** Quits: till (till@moz-55ukmp.adsl.alicedsl.de) (Ping timeout: 121 seconds)
[22:08:17] *** Quits: terrence (terrence@moz-ql99l0.sd.cox.net) (Ping timeout: 121 seconds)
[22:25:08] *** Quits: brson (brson@moz-cfhap5.mtv2.mozilla.com) (Quit: leaving)
[23:31:40] *** Quits: ddamjano (Instantbird@moz-79nenv.ehig.7h68.8388.2a02.IP) (Ping timeout: 121 seconds)
