[00:15:23] *** Quits: Rym (y@moz-uso.r81.55.31.IP) (Ping timeout: 121 seconds)
[00:40:43] *** Joins: flaper87 (flaper87@moz-fnn.1e9.132.209.IP)
[00:56:12] *** Joins: Rym (y@moz-uso.r81.55.31.IP)
[01:00:13] *** Quits: Rym (y@moz-uso.r81.55.31.IP) (Ping timeout: 121 seconds)
[01:05:52] *** Quits: blank_name (blank_name@moz-sct.ivp.36.50.IP) (Connection closed)
[01:50:19] *** Joins: Rym (y@moz-uso.r81.55.31.IP)
[01:54:25] *** Quits: Rym (y@moz-uso.r81.55.31.IP) (Ping timeout: 121 seconds)
[02:34:36] *** Quits: kimundi (kimundi@moz-5jbr1h.dip0.t-ipconnect.de) (Ping timeout: 121 seconds)
[02:36:00] *** Joins: kimundi (kimundi@moz-bbai2k.dip0.t-ipconnect.de)
[02:40:04] *** kimundi is now known as zz_kimundi
[02:44:32] *** Joins: Rym (y@moz-uso.r81.55.31.IP)
[02:46:59] *** zz_kimundi is now known as kimundi
[02:48:34] *** Quits: Rym (y@moz-uso.r81.55.31.IP) (Ping timeout: 121 seconds)
[03:31:32] *** Joins: aatch (james@moz-rdo.vf5.96.203.IP)
[03:38:29] *** Joins: Rym (y@moz-uso.r81.55.31.IP)
[03:42:44] *** Quits: Rym (y@moz-uso.r81.55.31.IP) (Ping timeout: 121 seconds)
[03:59:54] *** Joins: brson (brson@moz-th2.7vl.56.172.IP)
[03:59:54] *** ChanServ sets mode: +qo brson brson
[04:11:30] *** Joins: blank_name (blank_name@moz-sct.ivp.36.50.IP)
[04:28:37] *** Joins: laumann (thomas@moz-n9e72h.0.fullrate.dk)
[04:32:39] *** Joins: Rym (y@moz-uso.r81.55.31.IP)
[04:38:09] *** Quits: Rym (y@moz-uso.r81.55.31.IP) (Ping timeout: 121 seconds)
[05:00:30] *** Quits: LinuxBunny (Retep998@moz-prmara.east.verizon.net) (Ping timeout: 121 seconds)
[05:28:57] *** Joins: Rym (y@moz-uso.r81.55.31.IP)
[05:33:03] *** Quits: Rym (y@moz-uso.r81.55.31.IP) (Ping timeout: 121 seconds)
[06:23:06] *** Joins: Rym (y@moz-uso.r81.55.31.IP)
[06:27:10] *** Quits: Rym (y@moz-uso.r81.55.31.IP) (Ping timeout: 121 seconds)
[06:49:51] *** Quits: aatch (james@moz-rdo.vf5.96.203.IP) (Connection closed)
[07:17:04] *** Joins: Rym (y@moz-uso.r81.55.31.IP)
[07:21:21] *** Quits: Rym (y@moz-uso.r81.55.31.IP) (Ping timeout: 121 seconds)
[07:22:50] *** Quits: bombless (_@moz-h37.piv.41.59.IP) (Quit: Leaving)
[07:52:22] *** Quits: laumann (thomas@moz-n9e72h.0.fullrate.dk) (Ping timeout: 121 seconds)
[08:06:34] *** Joins: simukis (nagisa@moz-8t068g.static.zebra.lt)
[08:11:15] *** Joins: Rym (y@moz-uso.r81.55.31.IP)
[08:15:30] *** Quits: Rym (y@moz-uso.r81.55.31.IP) (Ping timeout: 121 seconds)
[08:24:13] *** Quits: brson (brson@moz-th2.7vl.56.172.IP) (Ping timeout: 121 seconds)
[09:05:28] *** Joins: Rym (y@moz-uso.r81.55.31.IP)
[09:09:38] *** Quits: Rym (y@moz-uso.r81.55.31.IP) (Ping timeout: 121 seconds)
[09:59:33] *** Joins: Rym (y@moz-uso.r81.55.31.IP)
[10:03:49] *** Quits: Rym (y@moz-uso.r81.55.31.IP) (Ping timeout: 121 seconds)
[10:37:00] *** Quits: p1start (p1start@moz-nftjhe.org) (Ping timeout: 121 seconds)
[10:38:03] *** Joins: p1start (p1start@moz-nftjhe.org)
[10:53:59] *** Joins: Rym (y@moz-uso.r81.55.31.IP)
[10:58:01] *** Quits: Rym (y@moz-uso.r81.55.31.IP) (Ping timeout: 121 seconds)
[11:21:31] *** Quits: simukis (nagisa@moz-8t068g.static.zebra.lt) (Connection closed)
[11:24:15] *** Joins: simukis (nagisa@moz-8t068g.static.zebra.lt)
[11:27:43] *** Joins: sigma (sigma@moz-ohog4c.range86-135.btcentralplus.com)
[11:29:49] *** Joins: arielb1 (Ariel@moz-r1gm7r.red.bezeqint.net)
[12:06:18] *** Quits: p1start (p1start@moz-nftjhe.org) (Ping timeout: 121 seconds)
[12:33:06] *** Joins: mw (mw@moz-f1s7jp.vie.surfer.at)
[12:42:03] *** Joins: Rym (y@moz-uso.r81.55.31.IP)
[12:46:20] *** Quits: Rym (y@moz-uso.r81.55.31.IP) (Ping timeout: 121 seconds)
[12:49:35] *** Quits: simukis (nagisa@moz-8t068g.static.zebra.lt) (Connection closed)
[13:35:05] *** Parts: mw (mw@moz-f1s7jp.vie.surfer.at) ("")
[13:36:19] *** Joins: Rym (y@moz-uso.r81.55.31.IP)
[13:40:29] *** Quits: Rym (y@moz-uso.r81.55.31.IP) (Ping timeout: 121 seconds)
[13:44:45] *** Joins: forgottenone (forgottenon@moz-ru8.tro.43.176.IP)
[13:50:55] *** Joins: simukis (nagisa@moz-8t068g.static.zebra.lt)
[13:51:33] *** Parts: forgottenone (forgottenon@moz-ru8.tro.43.176.IP) ("Konversation terminated!")
[14:21:04] *** Quits: arielb1 (Ariel@moz-r1gm7r.red.bezeqint.net) (Ping timeout: 121 seconds)
[14:30:22] *** Joins: Rym (y@moz-uso.r81.55.31.IP)
[14:33:56] *** Joins: arielb1 (Ariel@moz-r1gm7r.red.bezeqint.net)
[14:34:38] *** Quits: Rym (y@moz-uso.r81.55.31.IP) (Ping timeout: 121 seconds)
[15:24:37] *** Joins: Rym (y@moz-uso.r81.55.31.IP)
[15:28:45] *** Quits: Rym (y@moz-uso.r81.55.31.IP) (Ping timeout: 121 seconds)
[16:18:41] *** Joins: Rym (y@moz-uso.r81.55.31.IP)
[16:22:18] *** Quits: madmalik (uid13697@moz-lfin5p.brockwell.irccloud.com) (Quit: Connection closed for inactivity)
[16:22:57] *** Quits: Rym (y@moz-uso.r81.55.31.IP) (Ping timeout: 121 seconds)
[17:02:16] *** Joins: madmalik (uid13697@moz-lfin5p.brockwell.irccloud.com)
[17:07:29] *** Joins: Rym (y@moz-uso.r81.55.31.IP)
[17:09:17] *** Joins: laumann (thomas@moz-n9e72h.0.fullrate.dk)
[17:11:45] *** Quits: Rym (y@moz-uso.r81.55.31.IP) (Ping timeout: 121 seconds)
[18:01:38] *** Joins: Rym (y@moz-uso.r81.55.31.IP)
[18:05:54] *** Quits: Rym (y@moz-uso.r81.55.31.IP) (Ping timeout: 121 seconds)
[18:22:06] *** Quits: laumann (thomas@moz-n9e72h.0.fullrate.dk) (Ping timeout: 121 seconds)
[18:46:13] *** Joins: brson (brson@moz-lm4.mg6.56.172.IP)
[18:46:13] *** ChanServ sets mode: +qo brson brson
[18:46:34] *** Quits: brson (brson@moz-lm4.mg6.56.172.IP) (Quit: leaving)
[18:49:17] *** Quits: arielb1 (Ariel@moz-r1gm7r.red.bezeqint.net) (Quit: Ex-Chat)
[18:55:48] *** Joins: Rym (y@moz-uso.r81.55.31.IP)
[19:00:03] *** Quits: Rym (y@moz-uso.r81.55.31.IP) (Ping timeout: 121 seconds)
[19:49:58] *** Joins: Rym (y@moz-uso.r81.55.31.IP)
[19:54:10] *** Quits: Rym (y@moz-uso.r81.55.31.IP) (Ping timeout: 121 seconds)
[20:33:34] *** Joins: brson (brson@moz-cfhap5.mtv2.mozilla.com)
[20:33:34] *** ChanServ sets mode: +qo brson brson
[20:35:13] *** Quits: brson (brson@moz-cfhap5.mtv2.mozilla.com) (Quit: leaving)
[20:44:14] *** Joins: Rym (y@moz-uso.r81.55.31.IP)
[20:48:20] *** Quits: Rym (y@moz-uso.r81.55.31.IP) (Ping timeout: 121 seconds)
[20:55:12] *** Joins: laumann (thomas@moz-n9e72h.0.fullrate.dk)
[21:02:01] *** Quits: simukis (nagisa@moz-8t068g.static.zebra.lt) (Connection closed)
[21:04:31] *** Joins: simukis (nagisa@moz-8t068g.static.zebra.lt)
[21:21:20] *** Joins: brson (brson@moz-cfhap5.mtv2.mozilla.com)
[21:21:20] *** ChanServ sets mode: +qo brson brson
[21:22:04] *** Quits: laumann (thomas@moz-n9e72h.0.fullrate.dk) (Ping timeout: 121 seconds)
[22:09:13] *** Joins: aatch (james@moz-rdo.vf5.96.203.IP)
[22:32:18] *** Quits: madmalik (uid13697@moz-lfin5p.brockwell.irccloud.com) (Quit: Connection closed for inactivity)
[22:32:30] *** Joins: Rym (y@moz-uso.r81.55.31.IP)
[22:36:44] *** Quits: Rym (y@moz-uso.r81.55.31.IP) (Ping timeout: 121 seconds)
[22:55:21] *** Joins: kmc (keegan@moz-gjgn5n.compute.amazonaws.com)
[23:26:39] *** Joins: Rym (y@moz-uso.r81.55.31.IP)
[23:30:55] *** Quits: Rym (y@moz-uso.r81.55.31.IP) (Ping timeout: 121 seconds)
[23:43:44] *** Quits: simukis (nagisa@moz-8t068g.static.zebra.lt) (Ping timeout: 121 seconds)
