[00:03:30] *** Joins: bjz (~brendanza@125.253.99.68)
[00:10:09] *** Joins: Jeaye (~Jeaye@unaffiliated/jeaye)
[00:18:29] *** Joins: k00mi_ (~koomi@dslb-094-217-019-248.pools.arcor-ip.net)
[00:21:14] *** Quits: barosl (~barosl@110.76.81.79) (Remote host closed the connection)
[00:22:06] *** Quits: k00mi (~koomi@dslb-094-217-031-016.pools.arcor-ip.net) (Ping timeout: 264 seconds)
[00:27:03] *** Quits: shachaf (~shachaf@unaffiliated/shachaf) (Quit: Reconnecting)
[00:27:06] *** Joins: shachaf_ (~shachaf@li227-219.members.linode.com)
[00:27:12] *** Quits: shachaf_ (~shachaf@li227-219.members.linode.com) (Changing host)
[00:27:13] *** Joins: shachaf_ (~shachaf@unaffiliated/shachaf)
[00:27:25] *** shachaf_ is now known as shachaf
[01:00:26] *** Joins: Associat0r (~Associat0@h0129.upc-h.chello.nl)
[01:00:26] *** Quits: Associat0r (~Associat0@h0129.upc-h.chello.nl) (Changing host)
[01:00:26] *** Joins: Associat0r (~Associat0@unaffiliated/associat0r)
[01:14:48] *** Joins: cmr (~freenode@oftn/member/cmr)
[01:14:57] *** Joins: cantsin (cantsin@2600:3c01::f03c:91ff:fe70:4fad)
[01:25:05] *** Quits: x0f (~x0f@unaffiliated/x0f) (Ping timeout: 240 seconds)
[01:25:49] *** Joins: x0f (~x0f@unaffiliated/x0f)
[01:30:20] *** Quits: x0f (~x0f@unaffiliated/x0f) (Ping timeout: 268 seconds)
[01:31:20] *** Joins: x0f (~x0f@unaffiliated/x0f)
[01:35:49] *** Quits: x0f (~x0f@unaffiliated/x0f) (Read error: Connection timed out)
[01:36:50] *** Joins: x0f (~x0f@unaffiliated/x0f)
[01:44:08] *** Quits: cinelli (~boss@archlinux/trusteduser/cinelli) (Ping timeout: 240 seconds)
[01:46:45] *** Joins: Voomer_ (~Voomer@ip70-186-189-117.br.br.cox.net)
[02:20:19] *** Joins: cinelli (~boss@archlinux/trusteduser/cinelli)
[02:47:18] *** Quits: k00mi_ (~koomi@dslb-094-217-019-248.pools.arcor-ip.net) (Read error: Operation timed out)
[03:10:16] *** Joins: Suprano (~Supran0@pD9577BB3.dip0.t-ipconnect.de)
[03:13:45] *** Quits: Marenz (~Supran0@p5B2C535C.dip0.t-ipconnect.de) (Ping timeout: 248 seconds)
[04:01:51] *** Quits: SiegeLord (~sl@c-76-118-20-100.hsd1.ma.comcast.net) (Quit: WeeChat 0.4.1)
[04:16:23] *** Quits: x0f (~x0f@unaffiliated/x0f) (Ping timeout: 255 seconds)
[04:17:07] *** Joins: x0f (~x0f@unaffiliated/x0f)
[04:50:27] *** Quits: Associ8or (~Associat0@unaffiliated/associat0r) (Quit: Associ8or)
[04:54:16] *** Joins: idkfa (~idkfa@2001:67c:e8:12:20e:4ff:feb7:16a6)
[05:37:32] *** Quits: djinni_ (~djinni@li125-242.members.linode.com) (Read error: Operation timed out)
[05:40:49] *** Joins: djinni (~djinni@li125-242.members.linode.com)
[06:18:20] *** Joins: q66 (~q66@213.191.105.214)
[06:57:59] *** Quits: Jeaye (~Jeaye@unaffiliated/jeaye) (Quit: Don't tell them I was here...)
[08:09:11] *** Joins: hoelzro (hoelzro@hoelz.ro)
[09:26:02] *** Joins: Coffers (~textual@194.74.6.136)
[09:33:17] *** Joins: k00mi_ (~koomi@dslb-094-217-019-248.pools.arcor-ip.net)
[10:01:06] *** Quits: txus (~txus@91-64-58-38-dynip.superkabel.de) (Ping timeout: 240 seconds)
[10:01:53] *** Joins: txus (~txus@91-64-58-38-dynip.superkabel.de)
[10:38:41] *** Quits: idkfa (~idkfa@2001:67c:e8:12:20e:4ff:feb7:16a6) (Quit: Cracked by Bill Gilbert)
[11:17:33] <hoelzro>  /part
[11:17:36] <hoelzro> oops =/
[11:17:37] *** Parts: hoelzro (hoelzro@hoelz.ro) ()
[11:24:06] *** Quits: x0f (~x0f@unaffiliated/x0f) (Ping timeout: 240 seconds)
[11:25:18] *** Joins: x0f (~x0f@unaffiliated/x0f)
[11:31:49] *** Quits: x0f (~x0f@unaffiliated/x0f) (Ping timeout: 252 seconds)
[11:32:48] *** Joins: x0f (~x0f@unaffiliated/x0f)
[11:45:32] *** Quits: x0f (~x0f@unaffiliated/x0f) (Ping timeout: 260 seconds)
[11:46:19] *** Joins: x0f (~x0f@unaffiliated/x0f)
[11:55:20] *** Quits: x0f (~x0f@unaffiliated/x0f) (Ping timeout: 260 seconds)
[11:56:20] *** Joins: x0f (~x0f@unaffiliated/x0f)
[12:03:16] *** Quits: x0f (~x0f@unaffiliated/x0f) (Ping timeout: 260 seconds)
[12:04:51] *** Joins: x0f (~x0f@unaffiliated/x0f)
[12:12:06] *** Quits: x0f (~x0f@unaffiliated/x0f) (Read error: Operation timed out)
[12:12:21] *** Joins: x0f (~x0f@unaffiliated/x0f)
[12:19:42] *** Quits: x0f (~x0f@unaffiliated/x0f) (Ping timeout: 264 seconds)
[12:20:52] *** Joins: x0f (~x0f@unaffiliated/x0f)
[12:27:21] *** Quits: x0f (~x0f@unaffiliated/x0f) (Ping timeout: 246 seconds)
[12:28:23] *** Joins: x0f (~x0f@unaffiliated/x0f)
[12:34:10] *** Quits: x0f (~x0f@unaffiliated/x0f) (Read error: Operation timed out)
[12:35:47] *** Joins: msingle (~Thunderbi@wsip-174-77-94-2.hr.hr.cox.net)
[12:37:24] *** Joins: x0f (~x0f@unaffiliated/x0f)
[12:41:40] *** Joins: _Vi (~vi@2001:470:7bd6:c000::2)
[12:44:06] *** Quits: x0f (~x0f@unaffiliated/x0f) (Ping timeout: 240 seconds)
[12:44:54] *** Joins: x0f (~x0f@unaffiliated/x0f)
[13:39:39] *** Joins: Sergio965 (~sbenitez@dhcp-18-111-13-150.dyn.mit.edu)
[13:40:14] *** Parts: Sergio965 (~sbenitez@dhcp-18-111-13-150.dyn.mit.edu) ()
[13:43:02] *** Joins: deadalnix_ (~deadalnix@i118-21-142-231.s30.a048.ap.plala.or.jp)
[13:45:44] *** Parts: Coffers (~textual@194.74.6.136) ("["Textual IRC Client: www.textualapp.com"]")
[13:46:24] *** Quits: msingle (~Thunderbi@wsip-174-77-94-2.hr.hr.cox.net) (Ping timeout: 260 seconds)
[13:54:21] *** Joins: SiegeLord (~sl@c-76-118-20-100.hsd1.ma.comcast.net)
[14:00:44] *** Joins: msingle1 (~Thunderbi@wsip-174-77-94-2.hr.hr.cox.net)
[14:53:41] *** Joins: phao (~phao@pontenova.dpi.ufv.br)
[15:19:10] *** Joins: Black_Phoenix (~phoenix@ip-6317.proline.net.ua)
[15:26:22] *** Parts: msingle1 (~Thunderbi@wsip-174-77-94-2.hr.hr.cox.net) ()
[15:26:42] *** Joins: msingle1 (~Thunderbi@wsip-174-77-94-2.hr.hr.cox.net)
[15:26:53] *** Parts: msingle1 (~Thunderbi@wsip-174-77-94-2.hr.hr.cox.net) ()
[15:34:59] *** Quits: phao (~phao@pontenova.dpi.ufv.br) (Quit: Leaving)
[16:26:59] *** Quits: x0f (~x0f@unaffiliated/x0f) (Ping timeout: 268 seconds)
[16:27:46] *** Joins: x0f (~x0f@unaffiliated/x0f)
[16:36:14] *** Quits: x0f (~x0f@unaffiliated/x0f) (Ping timeout: 246 seconds)
[16:37:18] *** Joins: x0f (~x0f@unaffiliated/x0f)
[16:43:33] *** Quits: x0f (~x0f@unaffiliated/x0f) (Ping timeout: 246 seconds)
[16:44:48] *** Joins: x0f (~x0f@unaffiliated/x0f)
[16:45:08] *** Quits: Black_Phoenix (~phoenix@ip-6317.proline.net.ua) (Quit: Leaving)
[16:51:31] *** Quits: x0f (~x0f@unaffiliated/x0f) (Ping timeout: 252 seconds)
[16:52:49] *** Joins: x0f (~x0f@unaffiliated/x0f)
[16:55:47] *** Suprano is now known as Marenz
[17:13:43] *** Joins: Associat0r (~Associat0@unaffiliated/associat0r)
[17:25:49] *** Joins: igl1 (~igl@g224205111.adsl.alicedsl.de)
[17:29:06] *** Quits: igl (~igl@g228179093.adsl.alicedsl.de) (Ping timeout: 240 seconds)
[17:35:37] <Associat0r> http://www.reddit.com/r/programming/comments/1gpyor/phoronix_d_language_still_showing_promise/ Rust too complicated?
[17:40:42] *** Quits: x0f (~x0f@unaffiliated/x0f) (Ping timeout: 264 seconds)
[17:41:24] *** Joins: x0f (~x0f@unaffiliated/x0f)
[17:42:59] *** Joins: Jeaye (~Jeaye@unaffiliated/jeaye)
[17:43:09] <bstrie> Associat0r: 1) I wouldn't call andralex an objective source, and 2) he's kidding himself if he thinks rust is more complicated than C++ or even D
[17:45:51] *** Quits: x0f (~x0f@unaffiliated/x0f) (Ping timeout: 246 seconds)
[17:47:54] *** Joins: x0f (~x0f@unaffiliated/x0f)
[17:49:30] *** Joins: bjz_ (~brendanza@125.253.99.68)
[17:49:32] *** Quits: deadalnix_ (~deadalnix@i118-21-142-231.s30.a048.ap.plala.or.jp) (Ping timeout: 255 seconds)
[17:49:46] *** Quits: bjz (~brendanza@125.253.99.68) (Read error: Connection reset by peer)
[17:52:11] *** Quits: x0f (~x0f@unaffiliated/x0f) (Ping timeout: 246 seconds)
[17:53:25] *** Joins: x0f (~x0f@unaffiliated/x0f)
[17:55:07] <SiegeLord> Where did someone say that Rust was complicated?
[17:55:32] <bstrie> SiegeLord: http://www.reddit.com/r/programming/comments/1gpyor/phoronix_d_language_still_showing_promise/camo9et
[17:56:00] <SiegeLord> Ah, I missed that one comment
[17:57:45] <SiegeLord> Yes, I would take anything he says about D with a bucket of salt
[17:58:23] <Associat0r> bstrie: I know
[18:00:52] <bstrie> Associat0r: ah, I thought you were asking a question :P
[18:01:10] <bstrie> rather than posing an absurd assertion
[18:03:29] <Associat0r> it's ammusing that he called Rust Rust baroque in some other thread
[18:06:09] <bstrie> yes, it's disappointing how far out of his way he goes to bash us
[18:13:50] <wm4> "std.variant implements sum types."
[18:13:56] <wm4> haaahahahahaaaaaaaaahaaaaaaaaaaaa
[18:14:25] <SiegeLord> I, for one, really appreciate the reserved tone of Rust devs ;)
[18:15:52] <bstrie> SiegeLord: the rust devs are too focused on work, language wars are a drain on productivity
[18:39:26] *** Joins: igl (~igl@g229142048.adsl.alicedsl.de)
[18:43:06] *** Quits: igl1 (~igl@g224205111.adsl.alicedsl.de) (Ping timeout: 264 seconds)
[18:55:48] *** k00mi_ is now known as k00mi
[20:00:00] *** Joins: LaPetiteFromage (~jeff@rrcs-184-75-101-229.nyc.biz.rr.com)
[20:04:02] *** Joins: lhk (~lhk_@p5B391112.dip0.t-ipconnect.de)
[20:04:14] <lhk> anyone here using rust with sfml ?
[20:04:41] <lhk> the concurrency got me hooked
[20:05:52] <bstrie> lhk: never heard of sfml
[20:06:05] <lhk> its a c++ graphics library
[20:06:15] <lhk> rather a pain in the neck to link all the dlls
[20:06:20] <bstrie> ah, I am at the wikipedia page
[20:06:25] <lhk> but i guess thats the same with rust
[20:06:27] <bstrie> if it has a C interface, we should be able to use it
[20:06:45] <lhk> its programmed in c++
[20:06:52] <lhk> but i think theres a c interface
[20:07:18] <bstrie> I think we also have glfw and opengl bindings
[20:07:34] <lhk> but using a library with a language it wasnt built for via an interface for another language it wasnt built for doesn't seem like a good idea to me
[20:07:49] <lhk> well, ill keep rust on my todo list
[20:07:55] <lhk> and read up on it later
[20:08:03] <lhk> thanks for the quick response
[20:08:06] <lhk> bye
[20:08:09] *** Parts: lhk (~lhk_@p5B391112.dip0.t-ipconnect.de) ()
[20:08:09] <bstrie> lhk: no prob. see ya
[20:18:00] *** Quits: _Vi (~vi@2001:470:7bd6:c000::2) (Ping timeout: 245 seconds)
[20:20:49] *** Quits: SiegeLord (~sl@c-76-118-20-100.hsd1.ma.comcast.net) (Quit: WeeChat 0.4.1)
[20:53:11] *** Quits: LaPetiteFromage (~jeff@rrcs-184-75-101-229.nyc.biz.rr.com) (Quit: LaPetiteFromage)
[20:57:22] <Jeaye> We do have both glfw and opengl bindings.
[21:01:28] *** Joins: _Vi (~vi@2001:470:7bd6:c000::2)
[21:10:31] <noct> there's SDL too I believe
[21:10:47] <Jeaye> There is.
[21:10:53] <Jeaye> If you swing that way.
[21:11:00] <noct> though for some reason it's SDL 1
[21:11:53] <noct> granted 2 isn't fully released yet, but the RC is quite solid
[21:34:21] *** Joins: itsmonktastic (~monk@molotov.compsoc.warwick.ac.uk)
[21:39:08] *** Joins: x0f_ (~x0f@unaffiliated/x0f)
[21:43:06] *** Quits: x0f (~x0f@unaffiliated/x0f) (Ping timeout: 264 seconds)
[22:03:31] *** Joins: Associ8or (~Associat0@h0129.upc-h.chello.nl)
[22:03:31] *** Quits: Associ8or (~Associat0@h0129.upc-h.chello.nl) (Changing host)
[22:03:31] *** Joins: Associ8or (~Associat0@unaffiliated/associat0r)
[22:03:48] *** Quits: cinelli (~boss@archlinux/trusteduser/cinelli) (Ping timeout: 255 seconds)
[22:05:12] *** Quits: Associat0r (~Associat0@unaffiliated/associat0r) (Ping timeout: 246 seconds)
[22:07:45] *** Quits: q66 (~q66@213.191.105.214) (Remote host closed the connection)
[22:52:06] *** Quits: x0f_ (~x0f@unaffiliated/x0f) (Ping timeout: 264 seconds)
[22:54:09] *** Joins: x0f (~x0f@unaffiliated/x0f)
[22:57:52] *** Quits: x0f (~x0f@unaffiliated/x0f) (Read error: Operation timed out)
[23:01:53] *** Joins: SiegeLord (~sl@c-76-118-20-100.hsd1.ma.comcast.net)
[23:04:41] *** Joins: x0f (~x0f@unaffiliated/x0f)
[23:08:47] *** Quits: SiegeLord (~sl@c-76-118-20-100.hsd1.ma.comcast.net) (Quit: WeeChat 0.4.1)
[23:09:31] *** Quits: x0f (~x0f@unaffiliated/x0f) (Ping timeout: 264 seconds)
[23:10:11] *** Joins: x0f (~x0f@unaffiliated/x0f)
[23:31:13] *** Joins: cinelli (~boss@archlinux/trusteduser/cinelli)
