[00:00:00] *** Quits: erickt (etryzelaar@8C9ECD8F.3A598286.F12515B4.IP) (Ping timeout)
[00:01:07] *** Quits: Tobba (Tobba@moz-462B7F7F.ias.bredband.telia.com) (Ping timeout)
[00:19:31] *** Joins: erickt (etryzelaar@8C9ECD8F.3A598286.F12515B4.IP)
[00:19:55] *** Joins: sunfish (chatzilla@8F761026.B5EF4AF6.E96CA9D8.IP)
[00:21:37] *** Quits: erickt (etryzelaar@8C9ECD8F.3A598286.F12515B4.IP) (Ping timeout)
[00:22:29] *** Quits: eddyb (eddy@F8B50789.F33C1089.FB866788.IP) (Ping timeout)
[00:33:24] *** Joins: Tobba (Tobba@moz-462B7F7F.ias.bredband.telia.com)
[00:40:03] *** Joins: canhtak (canhtak@moz-1300C4D7.wl.t.ulaval.ca)
[00:41:34] *** Joins: clusterfoo (Mibbit@moz-F8B381B4.hm.shawcable.net)
[00:44:06] *** Joins: erickt (etryzelaar@8C9ECD8F.3A598286.F12515B4.IP)
[00:44:40] *** Joins: brson (brson@981AA104.E81F12CD.76F66111.IP)
[00:46:30] *** Quits: erickt (etryzelaar@8C9ECD8F.3A598286.F12515B4.IP) (Ping timeout)
[00:48:58] *** Joins: zimbabao (rajaram@817E69AE.26907A.D2D1FAF0.IP)
[00:59:49] *** Quits: canhtak (canhtak@moz-1300C4D7.wl.t.ulaval.ca) (Ping timeout)
[01:03:07] *** Joins: erickt (etryzelaar@8C9ECD8F.3A598286.F12515B4.IP)
[01:05:03] *** Quits: erickt (etryzelaar@8C9ECD8F.3A598286.F12515B4.IP) (Ping timeout)
[01:08:26] *** kimundi is now known as zz_kimundi
[01:11:35] *** Joins: canhtak (canhtak@moz-1300C4D7.wl.t.ulaval.ca)
[01:13:34] *** Quits: brson (brson@981AA104.E81F12CD.76F66111.IP) (Ping timeout)
[01:17:58] *** Joins: brson (brson@moz-62518563.mtv2.mozilla.com)
[01:24:26] *** Joins: erickt (etryzelaar@8C9ECD8F.3A598286.F12515B4.IP)
[01:26:37] *** Quits: erickt (etryzelaar@8C9ECD8F.3A598286.F12515B4.IP) (Ping timeout)
[01:34:21] *** Joins: alan_andrade (alan_andra@moz-8862F69E.hsd1.ca.comcast.net)
[01:44:32] *** Joins: erickt (etryzelaar@8C9ECD8F.3A598286.F12515B4.IP)
[01:48:10] *** Quits: erickt (etryzelaar@8C9ECD8F.3A598286.F12515B4.IP) (Ping timeout)
[01:54:12] *** Quits: clusterfoo (Mibbit@moz-F8B381B4.hm.shawcable.net) (Quit: http://www.mibbit.com ajax IRC Client)
[02:29:07] *** Joins: summerlight (summerligh@327FC32B.2C956A45.501EFF44.IP)
[02:29:10] *** Joins: erickt (etryzelaar@8C9ECD8F.3A598286.F12515B4.IP)
[02:31:32] *** Quits: erickt (etryzelaar@8C9ECD8F.3A598286.F12515B4.IP) (Ping timeout)
[02:37:42] *** Quits: brson (brson@moz-62518563.mtv2.mozilla.com) (Ping timeout)
[02:44:06] *** Joins: erickt (etryzelaar@8C9ECD8F.3A598286.F12515B4.IP)
[02:46:32] *** Quits: erickt (etryzelaar@8C9ECD8F.3A598286.F12515B4.IP) (Ping timeout)
[02:50:51] *** Joins: erickt (etryzelaar@8C9ECD8F.3A598286.F12515B4.IP)
[02:53:21] *** Quits: erickt (etryzelaar@8C9ECD8F.3A598286.F12515B4.IP) (Ping timeout)
[02:53:57] *** Quits: alan_andrade (alan_andra@moz-8862F69E.hsd1.ca.comcast.net) (Input/output error)
[03:13:07] *** Joins: erickt (etryzelaar@8C9ECD8F.3A598286.F12515B4.IP)
[03:15:03] *** Quits: erickt (etryzelaar@8C9ECD8F.3A598286.F12515B4.IP) (Ping timeout)
[03:20:27] *** Joins: erickt (erickt@49C4075F.3AC15C18.2321E71E.IP)
[03:39:14] *** Quits: sunfish (chatzilla@8F761026.B5EF4AF6.E96CA9D8.IP) (Quit: ChatZilla 0.9.90.1 [Firefox 28.0/20140317233501])
[03:40:12] *** Quits: Tobba (Tobba@moz-462B7F7F.ias.bredband.telia.com) (Ping timeout)
[03:41:38] *** Quits: rusti (rusti@moz-54F7FD49.cpe.net.cable.rogers.com) (Ping timeout)
[03:41:54] *** Joins: rusti (rusti@moz-54F7FD49.cpe.net.cable.rogers.com)
[03:44:09] *** Joins: erickt_ (etryzelaar@8C9ECD8F.3A598286.F12515B4.IP)
[03:46:34] *** Quits: erickt_ (etryzelaar@8C9ECD8F.3A598286.F12515B4.IP) (Ping timeout)
[03:51:07] *** Quits: zz_kimundi (kimundi@moz-2E6F4AE4.dip0.t-ipconnect.de) (Ping timeout)
[03:54:22] *** Joins: zz_kimundi (kimundi@moz-B2FDAD53.dip0.t-ipconnect.de)
[03:54:24] *** zz_kimundi is now known as kimundi
[03:55:51] *** Joins: erickt_ (etryzelaar@8C9ECD8F.3A598286.F12515B4.IP)
[03:58:12] *** Quits: erickt_ (etryzelaar@8C9ECD8F.3A598286.F12515B4.IP) (Ping timeout)
[04:06:55] *** Quits: strcat (strcat@moz-54F7FD49.cpe.net.cable.rogers.com) (Quit: WeeChat 0.4.3)
[04:07:02] *** Quits: canhtak (canhtak@moz-1300C4D7.wl.t.ulaval.ca) (Quit: canhtak)
[04:27:11] *** Quits: zimbabao (rajaram@817E69AE.26907A.D2D1FAF0.IP) (Ping timeout)
[04:39:29] *** Joins: erickt_ (etryzelaar@8C9ECD8F.3A598286.F12515B4.IP)
[04:41:37] *** Quits: erickt_ (etryzelaar@8C9ECD8F.3A598286.F12515B4.IP) (Ping timeout)
[04:44:29] *** Joins: erickt_ (etryzelaar@8C9ECD8F.3A598286.F12515B4.IP)
[04:46:38] *** Quits: erickt_ (etryzelaar@8C9ECD8F.3A598286.F12515B4.IP) (Ping timeout)
[05:00:52] *** Joins: erickt_ (etryzelaar@8C9ECD8F.3A598286.F12515B4.IP)
[05:03:17] *** Quits: erickt_ (etryzelaar@8C9ECD8F.3A598286.F12515B4.IP) (Ping timeout)
[05:14:16] *** Quits: devbug (quassel@23AC5F12.9D950176.3655BBF5.IP) (Connection reset by peer)
[05:21:22] *** Quits: rusti (rusti@moz-54F7FD49.cpe.net.cable.rogers.com) (Client exited)
[05:21:24] *** Quits: rustilite (rustilite@moz-54F7FD49.cpe.net.cable.rogers.com) (Client exited)
[05:24:03] *** Quits: bjz (bjz@B398BE78.F804C29E.D35A31DF.IP) (Quit: Textual IRC Client: www.textualapp.com)
[05:24:12] *** Joins: bjz (bjz@B398BE78.F804C29E.D35A31DF.IP)
[05:32:59] *** Quits: erickt (erickt@49C4075F.3AC15C18.2321E71E.IP) (Ping timeout)
[05:44:05] *** Joins: erickt (etryzelaar@8C9ECD8F.3A598286.F12515B4.IP)
[05:46:25] *** Quits: erickt (etryzelaar@8C9ECD8F.3A598286.F12515B4.IP) (Ping timeout)
[05:49:18] *** Joins: alan_andrade (alan_andra@moz-8862F69E.hsd1.ca.comcast.net)
[05:57:40] *** Joins: zimbabao (rajaram@47769425.AE842F9B.81C3DAA1.IP)
[06:06:28] *** Joins: erickt (etryzelaar@8C9ECD8F.3A598286.F12515B4.IP)
[06:08:20] *** Quits: erickt (etryzelaar@8C9ECD8F.3A598286.F12515B4.IP) (Ping timeout)
[06:26:32] *** Joins: NiccosSystem (NiccosSyst@AB1AFDE.FC7B0C35.A7597CB6.IP)
[06:28:00] *** Joins: erickt (etryzelaar@8C9ECD8F.3A598286.F12515B4.IP)
[06:30:00] *** Quits: erickt (etryzelaar@8C9ECD8F.3A598286.F12515B4.IP) (Ping timeout)
[06:41:26] *** Quits: j3rky (gmpreussne@moz-97180B8B.nc.res.rr.com) (Quit: Leaving)
[06:44:06] *** Joins: erickt (etryzelaar@8C9ECD8F.3A598286.F12515B4.IP)
[06:46:06] *** Quits: alan_andrade (alan_andra@moz-8862F69E.hsd1.ca.comcast.net) (Input/output error)
[06:46:26] *** Quits: erickt (etryzelaar@8C9ECD8F.3A598286.F12515B4.IP) (Ping timeout)
[06:49:08] *** Joins: erickt (etryzelaar@8C9ECD8F.3A598286.F12515B4.IP)
[06:51:32] *** Quits: erickt (etryzelaar@8C9ECD8F.3A598286.F12515B4.IP) (Ping timeout)
[07:09:07] *** Joins: alan_andrade (alan_andra@moz-8862F69E.hsd1.ca.comcast.net)
[07:10:36] *** Quits: alan_andrade (alan_andra@moz-8862F69E.hsd1.ca.comcast.net) (Input/output error)
[07:11:06] *** Joins: Tobba (Tobba@moz-462B7F7F.ias.bredband.telia.com)
[07:11:15] *** Joins: erickt (etryzelaar@8C9ECD8F.3A598286.F12515B4.IP)
[07:13:12] *** Quits: erickt (etryzelaar@8C9ECD8F.3A598286.F12515B4.IP) (Ping timeout)
[07:18:09] *** Joins: bjz_ (bjz@B398BE78.F804C29E.D35A31DF.IP)
[07:19:10] *** Quits: bjz (bjz@B398BE78.F804C29E.D35A31DF.IP) (Ping timeout)
[07:24:11] *** Quits: Tobba (Tobba@moz-462B7F7F.ias.bredband.telia.com) (Ping timeout)
[07:26:03] *** Quits: Yurume (Yurume@A826BD81.8A0DEF81.38747683.IP) (Ping timeout)
[07:30:17] *** Joins: alan_andrade (alan_andra@moz-8862F69E.hsd1.ca.comcast.net)
[07:31:33] *** Quits: alan_andrade (alan_andra@moz-8862F69E.hsd1.ca.comcast.net) (Input/output error)
[07:32:37] *** Joins: alan_andrade_ (alan_andra@moz-8862F69E.hsd1.ca.comcast.net)
[07:34:10] *** Quits: alan_andrade_ (alan_andra@moz-8862F69E.hsd1.ca.comcast.net) (Input/output error)
[07:35:15] *** Joins: alan_andrade (alan_andra@moz-8862F69E.hsd1.ca.comcast.net)
[07:36:46] *** Quits: alan_andrade (alan_andra@moz-8862F69E.hsd1.ca.comcast.net) (Input/output error)
[07:37:04] *** Quits: bjz_ (bjz@B398BE78.F804C29E.D35A31DF.IP) (Ping timeout)
[07:37:13] *** Joins: Yurume (Yurume@A826BD81.8A0DEF81.38747683.IP)
[07:37:50] *** Joins: alan_andrade_ (alan_andra@moz-8862F69E.hsd1.ca.comcast.net)
[07:39:21] *** Quits: alan_andrade_ (alan_andra@moz-8862F69E.hsd1.ca.comcast.net) (Input/output error)
[07:40:26] *** Joins: alan_andrade_ (alan_andra@moz-8862F69E.hsd1.ca.comcast.net)
[07:41:57] *** Quits: alan_andrade_ (alan_andra@moz-8862F69E.hsd1.ca.comcast.net) (Input/output error)
[07:42:10] *** Joins: alan_andrade (alan_andra@moz-8862F69E.hsd1.ca.comcast.net)
[07:43:39] *** Joins: eddyb (eddy@F8B50789.F33C1089.FB866788.IP)
[07:43:55] *** Joins: bjz (bjz@B398BE78.F804C29E.D35A31DF.IP)
[07:44:05] *** Joins: erickt (etryzelaar@8C9ECD8F.3A598286.F12515B4.IP)
[07:44:33] *** Quits: alan_andrade (alan_andra@moz-8862F69E.hsd1.ca.comcast.net) (Input/output error)
[07:46:05] *** Joins: huon (Thunderbir@moz-826BD85A.lns20.syd6.internode.on.net)
[07:46:06] *** Quits: huon (Thunderbir@moz-826BD85A.lns20.syd6.internode.on.net) (Input/output error)
[07:46:25] *** Quits: erickt (etryzelaar@8C9ECD8F.3A598286.F12515B4.IP) (Ping timeout)
[07:49:19] *** Joins: huon (Thunderbir@moz-826BD85A.lns20.syd6.internode.on.net)
[07:54:08] *** Joins: erickt (etryzelaar@8C9ECD8F.3A598286.F12515B4.IP)
[07:56:37] *** Quits: erickt (etryzelaar@8C9ECD8F.3A598286.F12515B4.IP) (Ping timeout)
[08:16:15] *** Joins: erickt (etryzelaar@8C9ECD8F.3A598286.F12515B4.IP)
[08:18:13] *** Quits: erickt (etryzelaar@8C9ECD8F.3A598286.F12515B4.IP) (Ping timeout)
[08:44:06] *** Joins: erickt (etryzelaar@8C9ECD8F.3A598286.F12515B4.IP)
[08:46:28] *** Quits: erickt (etryzelaar@8C9ECD8F.3A598286.F12515B4.IP) (Ping timeout)
[08:47:57] *** Quits: NiccosSystem (NiccosSyst@AB1AFDE.FC7B0C35.A7597CB6.IP) (Ping timeout)
[08:54:16] *** Joins: NiccosSystem (NiccosSyst@AB1AFDE.FC7B0C35.A7597CB6.IP)
[08:59:07] *** Joins: erickt (etryzelaar@8C9ECD8F.3A598286.F12515B4.IP)
[09:01:27] *** Quits: erickt (etryzelaar@8C9ECD8F.3A598286.F12515B4.IP) (Ping timeout)
[09:21:13] *** Joins: erickt (etryzelaar@8C9ECD8F.3A598286.F12515B4.IP)
[09:23:12] *** Quits: erickt (etryzelaar@8C9ECD8F.3A598286.F12515B4.IP) (Ping timeout)
[09:41:25] *** Joins: canhtak (canhtak@moz-1300C4D7.wl.t.ulaval.ca)
[09:43:02] *** Joins: erickt (etryzelaar@8C9ECD8F.3A598286.F12515B4.IP)
[09:46:20] *** Quits: erickt (etryzelaar@8C9ECD8F.3A598286.F12515B4.IP) (Ping timeout)
[10:11:59] *** Quits: summerlight (summerligh@327FC32B.2C956A45.501EFF44.IP) (Ping timeout)
[10:25:39] *** Joins: erickt (etryzelaar@8C9ECD8F.3A598286.F12515B4.IP)
[10:28:01] *** Quits: erickt (etryzelaar@8C9ECD8F.3A598286.F12515B4.IP) (Ping timeout)
[10:47:42] *** Joins: erickt (etryzelaar@8C9ECD8F.3A598286.F12515B4.IP)
[10:49:44] *** Quits: erickt (etryzelaar@8C9ECD8F.3A598286.F12515B4.IP) (Ping timeout)
[11:09:43] *** Joins: erickt (etryzelaar@8C9ECD8F.3A598286.F12515B4.IP)
[11:11:32] *** Quits: erickt (etryzelaar@8C9ECD8F.3A598286.F12515B4.IP) (Ping timeout)
[11:44:06] *** Joins: erickt (etryzelaar@8C9ECD8F.3A598286.F12515B4.IP)
[11:46:27] *** Quits: erickt (etryzelaar@8C9ECD8F.3A598286.F12515B4.IP) (Ping timeout)
[11:52:18] *** Joins: erickt (etryzelaar@8C9ECD8F.3A598286.F12515B4.IP)
[11:54:39] *** Quits: erickt (etryzelaar@8C9ECD8F.3A598286.F12515B4.IP) (Ping timeout)
[12:02:42] *** Quits: zimbabao (rajaram@47769425.AE842F9B.81C3DAA1.IP) (Ping timeout)
[12:14:26] *** Joins: erickt (etryzelaar@8C9ECD8F.3A598286.F12515B4.IP)
[12:16:29] *** Quits: erickt (etryzelaar@8C9ECD8F.3A598286.F12515B4.IP) (Ping timeout)
[12:29:08] *** Quits: NiccosSystem (NiccosSyst@AB1AFDE.FC7B0C35.A7597CB6.IP) (Ping timeout)
[12:29:20] *** Joins: NiccosSystem (NiccosSyst@AB1AFDE.FC7B0C35.A7597CB6.IP)
[12:36:10] *** Joins: erickt (etryzelaar@8C9ECD8F.3A598286.F12515B4.IP)
[12:38:03] *** Quits: erickt (etryzelaar@8C9ECD8F.3A598286.F12515B4.IP) (Ping timeout)
[12:44:06] *** Joins: erickt (etryzelaar@8C9ECD8F.3A598286.F12515B4.IP)
[12:46:29] *** Quits: erickt (etryzelaar@8C9ECD8F.3A598286.F12515B4.IP) (Ping timeout)
[12:57:18] *** Joins: erickt (etryzelaar@8C9ECD8F.3A598286.F12515B4.IP)
[12:59:40] *** Quits: erickt (etryzelaar@8C9ECD8F.3A598286.F12515B4.IP) (Ping timeout)
[13:19:25] *** Joins: erickt (etryzelaar@8C9ECD8F.3A598286.F12515B4.IP)
[13:20:39] *** Joins: zimbabao (rajaram@817E69AE.26907A.D2D1FAF0.IP)
[13:20:49] *** Joins: Tobba (Tobba@moz-462B7F7F.ias.bredband.telia.com)
[13:21:26] *** Quits: erickt (etryzelaar@8C9ECD8F.3A598286.F12515B4.IP) (Ping timeout)
[13:21:46] *** Joins: MaXYZW (MaXYZW@moz-F787D177.dk.customer.tdc.net)
[13:40:53] *** Joins: erickt (etryzelaar@8C9ECD8F.3A598286.F12515B4.IP)
[13:42:07] *** Joins: summerlight (summerligh@327FC32B.2C956A45.501EFF44.IP)
[13:43:02] *** Quits: erickt (etryzelaar@8C9ECD8F.3A598286.F12515B4.IP) (Ping timeout)
[13:47:17] *** Joins: erickt (erickt@49C4075F.3AC15C18.2321E71E.IP)
[14:02:21] *** Joins: erickt_ (etryzelaar@8C9ECD8F.3A598286.F12515B4.IP)
[14:04:42] *** Quits: erickt_ (etryzelaar@8C9ECD8F.3A598286.F12515B4.IP) (Ping timeout)
[14:08:23] *** Quits: zimbabao (rajaram@817E69AE.26907A.D2D1FAF0.IP) (Ping timeout)
[14:21:16] *** Quits: erickt (erickt@49C4075F.3AC15C18.2321E71E.IP) (Ping timeout)
[14:24:33] *** Joins: erickt (etryzelaar@8C9ECD8F.3A598286.F12515B4.IP)
[14:26:23] *** Quits: erickt (etryzelaar@8C9ECD8F.3A598286.F12515B4.IP) (Ping timeout)
[14:35:05] *** Quits: summerlight (summerligh@327FC32B.2C956A45.501EFF44.IP) (Ping timeout)
[14:45:39] *** Joins: erickt (etryzelaar@8C9ECD8F.3A598286.F12515B4.IP)
[14:48:01] *** Quits: erickt (etryzelaar@8C9ECD8F.3A598286.F12515B4.IP) (Ping timeout)
[14:48:09] *** Quits: canhtak (canhtak@moz-1300C4D7.wl.t.ulaval.ca) (Quit: canhtak)
[14:51:25] *** Joins: canhtak (canhtak@moz-1300C4D7.wl.t.ulaval.ca)
[15:00:08] *** Joins: summerlight (summerligh@327FC32B.2C956A45.501EFF44.IP)
[15:01:55] *** Quits: summerlight (summerligh@327FC32B.2C956A45.501EFF44.IP) (Ping timeout)
[15:05:41] *** Joins: summerlight (summerligh@327FC32B.2C956A45.501EFF44.IP)
[15:07:58] *** Joins: erickt (etryzelaar@8C9ECD8F.3A598286.F12515B4.IP)
[15:09:42] *** Quits: erickt (etryzelaar@8C9ECD8F.3A598286.F12515B4.IP) (Ping timeout)
[15:11:50] *** Joins: zimbabao (rajaram@817E69AE.26907A.D2D1FAF0.IP)
[15:16:05] *** Joins: brson (brson@moz-62518563.mtv2.mozilla.com)
[15:27:34] *** Quits: MaXYZW (MaXYZW@moz-F787D177.dk.customer.tdc.net) (Quit: Computer has gone to sleep.)
[15:29:19] *** Joins: erickt (etryzelaar@8C9ECD8F.3A598286.F12515B4.IP)
[15:31:23] *** Quits: erickt (etryzelaar@8C9ECD8F.3A598286.F12515B4.IP) (Ping timeout)
[15:32:28] *** Quits: Leo` (Leo@moz-83832FE2.placeholder.fr) (Ping timeout)
[15:34:56] *** Joins: MaXYZW (MaXYZW@moz-F787D177.dk.customer.tdc.net)
[15:44:05] *** Joins: erickt (etryzelaar@8C9ECD8F.3A598286.F12515B4.IP)
[15:45:53] *** Joins: Leo` (Leo@moz-83832FE2.placeholder.fr)
[15:46:25] *** Quits: erickt (etryzelaar@8C9ECD8F.3A598286.F12515B4.IP) (Ping timeout)
[15:46:44] *** Quits: MaXYZW (MaXYZW@moz-F787D177.dk.customer.tdc.net) (Quit: Computer has gone to sleep.)
[15:49:06] *** Joins: erickt (etryzelaar@8C9ECD8F.3A598286.F12515B4.IP)
[16:04:56] *** Quits: zimbabao (rajaram@817E69AE.26907A.D2D1FAF0.IP) (Ping timeout)
[16:06:21] *** Quits: summerlight (summerligh@327FC32B.2C956A45.501EFF44.IP) (Quit: 전 이만 갑니다.)
[16:06:25] *** Joins: summerlight (summerligh@327FC32B.2C956A45.501EFF44.IP)
[16:55:54] *** Joins: pcwalton (pcwalton@moz-C07D5168.p2p.sfo1.mozilla.com)
[16:58:41] *** Joins: MaXYZW (MaXYZW@moz-F787D177.dk.customer.tdc.net)
[16:59:47] *** Quits: pcwalton (pcwalton@moz-C07D5168.p2p.sfo1.mozilla.com) (Quit: pcwalton)
[17:00:29] *** Joins: pcwalton (pcwalton@moz-C07D5168.p2p.sfo1.mozilla.com)
[17:02:38] *** Quits: erickt (etryzelaar@8C9ECD8F.3A598286.F12515B4.IP) (Ping timeout)
[17:11:14] *** Quits: MaXYZW (MaXYZW@moz-F787D177.dk.customer.tdc.net) (Quit: Computer has gone to sleep.)
[17:12:40] *** Joins: mawuli (mawuli@F7A4F2ED.68EE7C48.E520B65A.IP)
[17:17:52] *** Joins: erickt (etryzelaar@8C9ECD8F.3A598286.F12515B4.IP)
[17:18:58] *** Joins: MaXYZW (MaXYZW@moz-F787D177.dk.customer.tdc.net)
[17:20:12] *** Quits: erickt (etryzelaar@8C9ECD8F.3A598286.F12515B4.IP) (Ping timeout)
[17:29:20] *** Joins: erickt (etryzelaar@8C9ECD8F.3A598286.F12515B4.IP)
[17:34:54] *** Quits: erickt (etryzelaar@8C9ECD8F.3A598286.F12515B4.IP) (Ping timeout)
[17:37:25] *** Quits: pcwalton (pcwalton@moz-C07D5168.p2p.sfo1.mozilla.com) (Quit: pcwalton)
[17:37:56] *** Joins: pcwalton (pcwalton@moz-C07D5168.p2p.sfo1.mozilla.com)
[17:38:58] *** Quits: canhtak (canhtak@moz-1300C4D7.wl.t.ulaval.ca) (Quit: canhtak)
[17:39:38] *** Joins: erickt (etryzelaar@8C9ECD8F.3A598286.F12515B4.IP)
[17:41:59] *** Quits: erickt (etryzelaar@8C9ECD8F.3A598286.F12515B4.IP) (Ping timeout)
[17:44:31] *** Quits: MaXYZW (MaXYZW@moz-F787D177.dk.customer.tdc.net) (Input/output error)
[17:52:02] *** Joins: sunfish (chatzilla@13F2CEC5.7672369.D8E68FF6.IP)
[17:54:36] *** Joins: erickt (etryzelaar@8C9ECD8F.3A598286.F12515B4.IP)
[18:38:28] *** Quits: erickt (etryzelaar@8C9ECD8F.3A598286.F12515B4.IP) (Ping timeout)
[18:45:00] *** Joins: erickt (etryzelaar@8C9ECD8F.3A598286.F12515B4.IP)
[18:47:19] *** Quits: erickt (etryzelaar@8C9ECD8F.3A598286.F12515B4.IP) (Ping timeout)
[18:50:53] *** Joins: canhtak (canhtak@moz-1300C4D7.wl.t.ulaval.ca)
[18:53:13] *** Quits: Leo` (Leo@moz-83832FE2.placeholder.fr) (Ping timeout)
[19:02:13] *** Quits: canhtak (canhtak@moz-1300C4D7.wl.t.ulaval.ca) (Quit: canhtak)
[19:07:19] *** Joins: erickt (etryzelaar@8C9ECD8F.3A598286.F12515B4.IP)
[19:10:07] *** Joins: Leo` (Leo@moz-83832FE2.placeholder.fr)
[19:10:39] *** Quits: erickt (etryzelaar@8C9ECD8F.3A598286.F12515B4.IP) (Ping timeout)
[19:29:23] *** Joins: erickt (etryzelaar@8C9ECD8F.3A598286.F12515B4.IP)
[19:30:26] *** Joins: canhtak (canhtak@moz-1300C4D7.wl.t.ulaval.ca)
[19:31:19] *** Quits: erickt (etryzelaar@8C9ECD8F.3A598286.F12515B4.IP) (Ping timeout)
[19:40:45] *** Quits: pcmattman (pcmattman@moz-D9B7D938.net) (Ping timeout)
[19:41:17] *** Joins: pcmattman (pcmattman@moz-D9B7D938.net)
[19:50:21] *** Quits: mawuli (mawuli@F7A4F2ED.68EE7C48.E520B65A.IP) (Connection reset by peer)
[19:50:47] *** Joins: erickt (etryzelaar@8C9ECD8F.3A598286.F12515B4.IP)
[19:51:12] *** Joins: mawuli (mawuli@F7A4F2ED.68EE7C48.E520B65A.IP)
[19:52:41] *** Quits: erickt (etryzelaar@8C9ECD8F.3A598286.F12515B4.IP) (Ping timeout)
[19:55:48] *** Joins: erickt (etryzelaar@8C9ECD8F.3A598286.F12515B4.IP)
[20:12:43] *** Quits: brson (brson@moz-62518563.mtv2.mozilla.com) (Quit: leaving)
[20:12:46] *** Joins: brson (brson@moz-62518563.mtv2.mozilla.com)
[20:29:39] *** Quits: erickt (etryzelaar@8C9ECD8F.3A598286.F12515B4.IP) (Ping timeout)
[20:30:35] *** Joins: erickt (etryzelaar@8C9ECD8F.3A598286.F12515B4.IP)
[20:39:11] *** Joins: strcat (strcat@moz-54F7FD49.cpe.net.cable.rogers.com)
[20:42:03] *** Quits: mawuli (mawuli@F7A4F2ED.68EE7C48.E520B65A.IP) (Ping timeout)
[20:46:56] *** Joins: mawuli (mawuli@F7A4F2ED.68EE7C48.E520B65A.IP)
[20:57:16] *** Quits: pcwalton (pcwalton@moz-C07D5168.p2p.sfo1.mozilla.com) (Quit: pcwalton)
[21:10:57] *** Joins: devbug (quassel@23AC5F12.9D950176.3655BBF5.IP)
[21:11:23] *** Quits: erickt (etryzelaar@8C9ECD8F.3A598286.F12515B4.IP) (Ping timeout)
[21:12:43] *** Joins: rusti (rusti@moz-54F7FD49.cpe.net.cable.rogers.com)
[21:12:48] *** Joins: rustilite (rustilite@moz-54F7FD49.cpe.net.cable.rogers.com)
[21:16:45] *** Joins: erickt (etryzelaar@8C9ECD8F.3A598286.F12515B4.IP)
[21:26:40] *** Quits: mawuli (mawuli@F7A4F2ED.68EE7C48.E520B65A.IP) (Ping timeout)
[21:27:36] *** Joins: mawuli (mawuli@F7A4F2ED.68EE7C48.E520B65A.IP)
[21:44:13] *** Quits: summerlight (summerligh@327FC32B.2C956A45.501EFF44.IP) (Ping timeout)
[22:01:13] *** Quits: NiccosSystem (NiccosSyst@AB1AFDE.FC7B0C35.A7597CB6.IP) (Ping timeout)
[22:05:03] *** Quits: strcat (strcat@moz-54F7FD49.cpe.net.cable.rogers.com) (Quit: brb)
[22:05:23] *** Quits: rustilite (rustilite@moz-54F7FD49.cpe.net.cable.rogers.com) (Client exited)
[22:05:23] *** Quits: rusti (rusti@moz-54F7FD49.cpe.net.cable.rogers.com) (Client exited)
[22:10:36] *** Quits: canhtak (canhtak@moz-1300C4D7.wl.t.ulaval.ca) (Quit: canhtak)
[22:17:32] *** Joins: NiccosSystem (NiccosSyst@AB1AFDE.FC7B0C35.A7597CB6.IP)
[22:22:42] *** Joins: strcat (strcat@moz-54F7FD49.cpe.net.cable.rogers.com)
[22:25:26] *** Joins: canhtak (canhtak@moz-1300C4D7.wl.t.ulaval.ca)
[22:40:21] *** Quits: sunfish (chatzilla@13F2CEC5.7672369.D8E68FF6.IP) (Ping timeout)
[22:41:35] *** Quits: NiccosSystem (NiccosSyst@AB1AFDE.FC7B0C35.A7597CB6.IP) (Quit: Leaving)
[22:56:40] *** Quits: erickt (etryzelaar@8C9ECD8F.3A598286.F12515B4.IP) (Ping timeout)
[22:57:52] *** Joins: erickt (etryzelaar@8C9ECD8F.3A598286.F12515B4.IP)
[22:59:28] *** Quits: Leo` (Leo@moz-83832FE2.placeholder.fr) (Ping timeout)
[23:07:02] *** Quits: Tobba (Tobba@moz-462B7F7F.ias.bredband.telia.com) (Ping timeout)
[23:11:43] *** Joins: Leo` (Leo@moz-83832FE2.placeholder.fr)
[23:16:23] *** Quits: brson (brson@moz-62518563.mtv2.mozilla.com) (Quit: leaving)
[23:25:58] *** Joins: pcwalton (pcwalton@moz-DA87EE4.hsd1.ca.comcast.net)
[23:34:04] *** Quits: huon (Thunderbir@moz-826BD85A.lns20.syd6.internode.on.net) (Ping timeout)
[23:39:31] *** Quits: canhtak (canhtak@moz-1300C4D7.wl.t.ulaval.ca) (Quit: canhtak)
[23:56:12] *** Joins: canhtak (canhtak@moz-1300C4D7.wl.t.ulaval.ca)
