[00:00:55] *** Quits: tobytailor (tobytailor@moz-DFAA4E15.p2p.sfo1.mozilla.com) (Quit: tobytailor)
[00:02:56] <ecr> nmatsakis: niko?
[00:08:45] <nmatsakis> ecr: sorry, one sec
[00:08:50] <ecr> k
[00:09:57] <nmatsakis> ecr: I think I had intended to add rule that lv = rv is only legal iff lv is not initialized
[00:10:26] <ecr> that makes sense. I think I had ended up there as well, but I wanted to check.
[00:10:35] <nmatsakis> ecr: and yes I think delete might be a misleading term -- or rather, deleting a ~T removes from heap, but deleting an int, not so much
[00:11:44] <ecr> hm
[00:12:50] <ecr> i'll need to think on that. i'd like for the heap space of local variables to be freed when exiting a block and i'd been doing that through delete.
[00:17:06] <ecr> nmatsakis: alright, thanks
[00:18:50] <ecr> maybe we want a 'deinit' that will delete a thing at a lv, but leave the location intact and a 'delete' that removes the location as well?
[00:18:53] <nrc> nmatsakis: how do bounds get taken into account for ty_infer variables? E.g., in `fn f<X: Sized>(x1: ~X) { let y = *x1; }` the fresh var for the type of `y` how is that associated with the `Sized` bound from `X`?
[00:20:09] <nmatsakis> nrc: it's out of band, there's (presently) a seperate pass (vtable.rs) that goes over and checks that types are met
[00:20:20] <nmatsakis> ecr: perhaps
[00:21:16] <ecr> nmatsakis: 'deinit' means something like "I'm done with this value, but I want to recycle the memory" and 'delete' means "I'm done with this memory forever".
[00:21:22] <nrc> so given a ty_infer, can I lookup the bounds it gets inferred? (After the vtable pass)
[00:21:29] *** Quits: seth_ (seth@moz-D840E602.dsl.static.sonic.net) (Ping timeout)
[00:21:54] <nmatsakis> nrc: no, you have to find the location of the call (or whatever), and then you can lookup the required bounds (sorry, in a meeting)
[00:22:23] <nrc> nmatsakis: ok, thanks!
[00:25:30] *** Quits: mccr8 (mccr8@moz-62518563.mtv2.mozilla.com) (Quit: )
[00:26:38] *** Joins: seth_ (seth@moz-D840E602.dsl.static.sonic.net)
[00:26:57] *** Quits: jet (jet@moz-79F891EE.hsd1.ca.comcast.net) (Quit: jet)
[00:29:41] *** Quits: seth_ (seth@moz-D840E602.dsl.static.sonic.net) (Quit: )
[00:32:01] *** Joins: jet (jet@moz-79F891EE.hsd1.ca.comcast.net)
[00:38:39] *** Quits: lkuper (lkuper@moz-C0CD33ED.hsd1.in.comcast.net) (Quit: lkuper)
[00:40:17] *** Joins: dherman (dherman@moz-5D310B1.static.exetel.com.au)
[00:40:18] *** ChanServ sets mode: +qo dherman dherman
[00:43:46] *** terrence is now known as terrence-afk
[00:50:59] *** Joins: tobytailor (tobytailor@2D127DCF.FD5C31A1.284344F5.IP)
[00:53:30] *** Quits: tobytailor (tobytailor@2D127DCF.FD5C31A1.284344F5.IP) (Quit: tobytailor)
[00:53:52] *** Quits: dherman (dherman@moz-5D310B1.static.exetel.com.au) (Ping timeout)
[00:56:59] *** Joins: gal (gal@A57B25CA.3A90E254.137D8827.IP)
[01:01:09] <brson> acrichto: on my windows vm I'm seeing run-pass/out-of-stack generate GUI crash reports in its subprocess
[01:01:25] *** Quits: jet (jet@moz-79F891EE.hsd1.ca.comcast.net) (Quit: jet)
[01:01:27] <brson> may not be a problem, but could be related to the hangs you are seeing
[01:01:43] <brson> wrong channel, sry
[01:03:05] <acrichto> brson: I'd believe it
[01:03:06] *** Quits: mbx (mbebenita@moz-DFAA4E15.p2p.sfo1.mozilla.com) (Quit: mbx)
[01:09:41] *** Quits: ecr (chatzilla@moz-67D6C824.dhcp4.washington.edu) (Quit: ChatZilla 0.9.90.1 [Firefox 29.0/20140403132807])
[01:10:46] *** Quits: mekki (mekki@moz-87FB69AD.dsl.teksavvy.com) (Ping timeout)
[01:11:26] *** Joins: mekki (mekki@moz-87FB69AD.dsl.teksavvy.com)
[01:12:08] *** Quits: mekki (mekki@moz-87FB69AD.dsl.teksavvy.com) (Connection reset by peer)
[01:16:44] *** Joins: dherman (dherman@moz-5D310B1.static.exetel.com.au)
[01:16:45] *** ChanServ sets mode: +qo dherman dherman
[01:24:22] *** Joins: mekki (mekki@moz-87FB69AD.dsl.teksavvy.com)
[01:30:44] *** Quits: gal (gal@A57B25CA.3A90E254.137D8827.IP) (Quit: gal)
[01:39:44] *** Quits: mekki (mekki@moz-87FB69AD.dsl.teksavvy.com) (Connection timed out)
[01:41:14] *** Joins: mekki (mekki@moz-87FB69AD.dsl.teksavvy.com)
[01:44:02] *** Joins: mbx (mbebenita@moz-DFAA4E15.p2p.sfo1.mozilla.com)
[01:44:09] *** Quits: sunfish (chatzilla@moz-62518563.mtv2.mozilla.com) (Ping timeout)
[01:44:31] *** Quits: nrc (nrc@7BE24E90.A5032A01.3CFC199D.IP) (Client exited)
[01:44:32] *** Quits: mekki (mekki@moz-87FB69AD.dsl.teksavvy.com) (Client exited)
[01:45:23] *** Joins: nrc (nrc@7BE24E90.A5032A01.3CFC199D.IP)
[02:14:32] *** Quits: mbx (mbebenita@moz-DFAA4E15.p2p.sfo1.mozilla.com) (Ping timeout)
[02:17:52] *** Joins: mbx (mbebenita@moz-DFAA4E15.p2p.sfo1.mozilla.com)
[02:53:27] *** Quits: brson (brson@moz-62518563.mtv2.mozilla.com) (Quit: leaving)
[02:53:34] *** Joins: brson (brson@981AA104.E81F12CD.76F66111.IP)
[02:53:34] *** ChanServ sets mode: +o brson
[03:04:38] *** Joins: mekki (mekki@moz-87FB69AD.dsl.teksavvy.com)
[03:06:29] *** Quits: mekki (mekki@moz-87FB69AD.dsl.teksavvy.com) (Ping timeout)
[03:08:44] *** Joins: mekki (mekki@moz-87FB69AD.dsl.teksavvy.com)
[03:10:41] *** Quits: mekki (mekki@moz-87FB69AD.dsl.teksavvy.com) (Ping timeout)
[03:11:32] *** Joins: mekki (mekki@moz-87FB69AD.dsl.teksavvy.com)
[03:12:56] *** Quits: ebryn (sid2895@moz-5F4AA75A.irccloud.com) (Ping timeout)
[03:14:53] *** Joins: ebryn (sid2895@moz-5F4AA75A.irccloud.com)
[03:20:41] *** Quits: mbx (mbebenita@moz-DFAA4E15.p2p.sfo1.mozilla.com) (Quit: mbx)
[03:22:09] *** Quits: mekki (mekki@moz-87FB69AD.dsl.teksavvy.com) (Max SendQ exceeded)
[03:24:06] *** Joins: mekki (mekki@moz-87FB69AD.dsl.teksavvy.com)
[03:26:01] *** Quits: mekki (mekki@moz-87FB69AD.dsl.teksavvy.com) (Ping timeout)
[03:26:26] *** Joins: mekki (mekki@moz-87FB69AD.dsl.teksavvy.com)
[03:38:15] *** Quits: mekki (mekki@moz-87FB69AD.dsl.teksavvy.com) (Max SendQ exceeded)
[03:39:52] *** Joins: mekki (mekki@moz-87FB69AD.dsl.teksavvy.com)
[03:41:51] *** Quits: mekki (mekki@moz-87FB69AD.dsl.teksavvy.com) (Ping timeout)
[03:42:40] *** Joins: mekki (mekki@moz-87FB69AD.dsl.teksavvy.com)
[03:47:33] *** Quits: mekki (mekki@moz-87FB69AD.dsl.teksavvy.com) (Max SendQ exceeded)
[03:49:08] *** Joins: mekki (mekki@moz-87FB69AD.dsl.teksavvy.com)
[03:51:05] *** Quits: mekki (mekki@moz-87FB69AD.dsl.teksavvy.com) (Ping timeout)
[03:51:28] *** Joins: mekki (mekki@moz-87FB69AD.dsl.teksavvy.com)
[03:51:53] *** Quits: brson (brson@981AA104.E81F12CD.76F66111.IP) (Ping timeout)
[03:53:28] *** Quits: mekki (mekki@moz-87FB69AD.dsl.teksavvy.com) (Ping timeout)
[03:55:41] *** Joins: mekki (mekki@moz-87FB69AD.dsl.teksavvy.com)
[03:58:40] *** Quits: mekki (mekki@moz-87FB69AD.dsl.teksavvy.com) (Ping timeout)
[03:59:09] *** Joins: mekki (mekki@moz-87FB69AD.dsl.teksavvy.com)
[04:01:11] *** Quits: mekki (mekki@moz-87FB69AD.dsl.teksavvy.com) (Ping timeout)
[04:02:36] *** Joins: mekki (mekki@moz-87FB69AD.dsl.teksavvy.com)
[04:03:43] *** Joins: gal (gal@moz-D6B8E762.hsd1.ca.comcast.net)
[04:06:36] *** Quits: mekki (mekki@moz-87FB69AD.dsl.teksavvy.com) (Quit: Leaving.)
[04:06:45] *** Joins: mekki (mekki@moz-87FB69AD.dsl.teksavvy.com)
[04:08:50] *** Quits: mekki (mekki@moz-87FB69AD.dsl.teksavvy.com) (Ping timeout)
[04:10:13] *** Joins: tobytailor (tobytailor@moz-CBD810C7.hsd1.ca.comcast.net)
[04:11:08] *** Joins: mekki (mekki@moz-87FB69AD.dsl.teksavvy.com)
[04:13:15] *** Quits: mekki (mekki@moz-87FB69AD.dsl.teksavvy.com) (Ping timeout)
[04:15:19] *** Joins: mekki (mekki@moz-87FB69AD.dsl.teksavvy.com)
[04:23:02] *** Quits: mekki (mekki@moz-87FB69AD.dsl.teksavvy.com) (Ping timeout)
[04:26:40] *** Joins: lkuper (lkuper@moz-C0CD33ED.hsd1.in.comcast.net)
[04:38:20] *** Joins: mekki (mekki@moz-DE20789B.dsl.teksavvy.com)
[04:40:16] *** Quits: mekki (mekki@moz-DE20789B.dsl.teksavvy.com) (Ping timeout)
[04:42:50] *** Joins: mekki (mekki@moz-DE20789B.dsl.teksavvy.com)
[04:44:47] *** Quits: mekki (mekki@moz-DE20789B.dsl.teksavvy.com) (Ping timeout)
[04:44:48] *** Joins: mbx (mbebenita@moz-B45FE61C.hsd1.ca.comcast.net)
[04:45:57] *** Joins: mekki (mekki@moz-DE20789B.dsl.teksavvy.com)
[04:47:19] *** Joins: jet (jet@moz-79F891EE.hsd1.ca.comcast.net)
[04:47:25] *** Quits: mekki (mekki@moz-DE20789B.dsl.teksavvy.com) (Max SendQ exceeded)
[04:48:44] *** Joins: mekki (mekki@moz-DE20789B.dsl.teksavvy.com)
[04:52:52] *** Quits: mekki (mekki@moz-DE20789B.dsl.teksavvy.com) (Max SendQ exceeded)
[04:54:04] *** Joins: mekki (mekki@moz-41D9BAFE.dsl.teksavvy.com)
[05:00:48] *** Quits: mekki (mekki@moz-41D9BAFE.dsl.teksavvy.com) (Ping timeout)
[05:02:31] *** Joins: mekki (mekki@moz-4C8F00CA.dsl.teksavvy.com)
[05:08:08] *** Quits: lkuper (lkuper@moz-C0CD33ED.hsd1.in.comcast.net) (Quit: lkuper)
[05:13:01] *** Quits: tobytailor (tobytailor@moz-CBD810C7.hsd1.ca.comcast.net) (Quit: tobytailor)
[05:20:59] *** Quits: klusark (klusark@moz-521DE045.dyn.novuscom.net) (Quit: )
[05:50:39] *** Quits: system64 (uid17738@moz-A42E5B7B.irccloud.com) (Quit: Connection closed for inactivity)
[06:04:14] *** Quits: copumpkin (copumpkin@moz-FC353116.dyn.optonline.net) (Ping timeout)
[06:04:49] *** Quits: gal (gal@moz-D6B8E762.hsd1.ca.comcast.net) (Quit: gal)
[06:04:57] *** Joins: copumpkin (copumpkin@moz-FC353116.dyn.optonline.net)
[06:07:18] *** Joins: gal (gal@moz-D6B8E762.hsd1.ca.comcast.net)
[06:10:29] *** Quits: gal (gal@moz-D6B8E762.hsd1.ca.comcast.net) (Quit: gal)
[06:13:20] *** Joins: gal (gal@moz-D6B8E762.hsd1.ca.comcast.net)
[06:24:47] *** Quits: gal (gal@moz-D6B8E762.hsd1.ca.comcast.net) (Quit: gal)
[06:27:38] *** Joins: till (till@moz-80ACCBBB.adsl.alicedsl.de)
[07:06:46] *** flaper87|afk is now known as flaper87
[07:14:19] *** Quits: jet (jet@moz-79F891EE.hsd1.ca.comcast.net) (Quit: jet)
[07:14:32] *** Joins: gal (gal@moz-D6B8E762.hsd1.ca.comcast.net)
[07:48:48] *** Quits: gal (gal@moz-D6B8E762.hsd1.ca.comcast.net) (Quit: gal)
[08:12:50] *** Joins: sankha93 (sankha93@7061CD01.D6BD0D91.22D41759.IP)
[09:22:32] *** Quits: dherman (dherman@moz-5D310B1.static.exetel.com.au) (Quit: dherman)
[09:27:12] *** Joins: dherman (dherman@moz-5D310B1.static.exetel.com.au)
[09:27:13] *** ChanServ sets mode: +qo dherman dherman
[09:44:53] *** Quits: dherman (dherman@moz-5D310B1.static.exetel.com.au) (Quit: dherman)
[09:45:42] *** Quits: mbx (mbebenita@moz-B45FE61C.hsd1.ca.comcast.net) (Quit: mbx)
[10:44:41] *** Joins: dherman (dherman@moz-5D310B1.static.exetel.com.au)
[10:44:41] *** ChanServ sets mode: +qo dherman dherman
[10:50:03] *** Quits: dherman (dherman@moz-5D310B1.static.exetel.com.au) (Quit: dherman)
[10:57:40] *** Quits: SimonSapin (simon@moz-9A1FE870.exyr.org) (Quit: WeeChat 0.3.8)
[11:00:35] *** Joins: SimonSapin (simon@moz-9A1FE870.exyr.org)
[11:13:23] *** Joins: pnkfelix (pnkfelix@87C1F78E.1DE10CA8.D8E68FF6.IP)
[11:26:48] *** Quits: nrc (nrc@7BE24E90.A5032A01.3CFC199D.IP) (Quit: ChatZilla 0.9.90.1 [Firefox 31.0a1/20140408030205])
[11:34:55] *** Quits: till (till@moz-80ACCBBB.adsl.alicedsl.de) (Input/output error)
[11:35:49] *** Joins: till (till@moz-80ACCBBB.adsl.alicedsl.de)
[11:55:35] *** Quits: mekki (mekki@moz-4C8F00CA.dsl.teksavvy.com) (Quit: Leaving.)
[11:57:27] *** Quits: till (till@moz-80ACCBBB.adsl.alicedsl.de) (Connection reset by peer)
[11:58:00] *** Joins: till (till@moz-80ACCBBB.adsl.alicedsl.de)
[12:35:54] *** Quits: till (till@moz-80ACCBBB.adsl.alicedsl.de) (Input/output error)
[12:36:49] *** Joins: till (till@moz-80ACCBBB.adsl.alicedsl.de)
[12:45:07] *** Joins: mchang (mchang@BE99BE02.84BCE52A.BCAEBB33.IP)
[13:10:23] *** Joins: mekki (mekki@moz-4E68B0CB.airyork.yorku.ca)
[13:37:02] *** Quits: till (till@moz-80ACCBBB.adsl.alicedsl.de) (Input/output error)
[13:45:24] *** Quits: derf (derf@moz-540E4229.washdc.fios.verizon.net) (Input/output error)
[13:54:34] *** Joins: derf (derf@moz-540E4229.washdc.fios.verizon.net)
[13:54:59] *** Joins: sunfish (chatzilla@moz-42DA0C69.dsl.dynamic.sonic.net)
[13:55:14] *** Joins: till (till@moz-80ACCBBB.adsl.alicedsl.de)
[14:07:06] <nmatsakis> oh dear god I am buried alive in e-mail
[15:10:11] *** Joins: mccr8 (mccr8@moz-62518563.mtv2.mozilla.com)
[15:25:30] *** flaper87 is now known as flaper87|afk
[15:28:15] <larsberg> I predict today will be spent fighting with google hangouts over and over again, in an interesting change from fighting with vidyo over and over again
[15:28:26] *** Joins: jet (jet@moz-79F891EE.hsd1.ca.comcast.net)
[15:43:04] *** Joins: dherman (dherman@moz-5D310B1.static.exetel.com.au)
[15:43:05] *** ChanServ sets mode: +qo dherman dherman
[15:49:51] <jack> oh god
[15:49:51] *** terrence-afk is now known as terrence
[15:49:54] <jack> i hope not
[15:50:03] <jack> google hangouts is a pain to deal with if it doesn't just work
[15:53:16] *** Quits: sunfish (chatzilla@moz-42DA0C69.dsl.dynamic.sonic.net) (Ping timeout)
[15:54:39] *** Joins: lkuper (lkuper@moz-AD4C50F5.dhcp-bl.indiana.edu)
[16:01:13] *** Quits: mekki (mekki@moz-4E68B0CB.airyork.yorku.ca) (Quit: Leaving.)
[16:18:46] *** Quits: SimonSapin (simon@moz-9A1FE870.exyr.org) (Quit: WeeChat 0.3.8)
[16:21:50] *** Joins: tobytailor (tobytailor@moz-CBD810C7.hsd1.ca.comcast.net)
[16:22:53] *** Joins: faramarz (faramarz@moz-62518563.mtv2.mozilla.com)
[16:26:22] *** Joins: SimonSapin (simon@moz-2D42A5AD.exyr.org)
[16:42:33] *** Joins: azakai (alon@moz-62518563.mtv2.mozilla.com)
[16:49:50] *** Quits: faramarz (faramarz@moz-62518563.mtv2.mozilla.com) (Quit: faramarz)
[16:50:07] *** Joins: sunfish (chatzilla@moz-62518563.mtv2.mozilla.com)
[16:53:43] *** Quits: mccr8 (mccr8@moz-62518563.mtv2.mozilla.com) (Connection reset by peer)
[16:53:52] *** Joins: mccr8 (mccr8@moz-62518563.mtv2.mozilla.com)
[16:59:30] *** Joins: faramarz (faramarz@moz-62518563.mtv2.mozilla.com)
[17:01:14] *** Joins: azita (Azita@moz-62518563.mtv2.mozilla.com)
[17:10:29] *** Quits: jet (jet@moz-79F891EE.hsd1.ca.comcast.net) (Quit: jet)
[17:11:27] *** Quits: pnkfelix (pnkfelix@87C1F78E.1DE10CA8.D8E68FF6.IP) (Quit: rcirc on GNU Emacs 24.3.1)
[17:14:36] *** Joins: azakai_ (alon@moz-24157589.mtv2.mozilla.com)
[17:34:08] *** Quits: tobytailor (tobytailor@moz-CBD810C7.hsd1.ca.comcast.net) (Quit: tobytailor)
[17:39:53] *** Quits: dherman (dherman@moz-5D310B1.static.exetel.com.au) (Ping timeout)
[17:40:28] *** Joins: dherman (dherman@moz-5D310B1.static.exetel.com.au)
[17:40:28] *** ChanServ sets mode: +qo dherman dherman
[17:41:33] *** Quits: sunfish (chatzilla@moz-62518563.mtv2.mozilla.com) (Ping timeout)
[17:42:55] *** Joins: gal (gal@moz-24157589.mtv2.mozilla.com)
[17:49:45] *** Joins: jdm (jdm@FCCEA34F.7672369.D8E68FF6.IP)
[17:56:51] *** terrence is now known as terrence-brb
[18:03:51] *** Joins: mbx (mbebenita@moz-DFAA4E15.p2p.sfo1.mozilla.com)
[18:09:35] *** Quits: gal (gal@moz-24157589.mtv2.mozilla.com) (Quit: gal)
[18:10:07] *** Joins: jet (jet@moz-DFAA4E15.p2p.sfo1.mozilla.com)
[18:13:27] *** Quits: azita (Azita@moz-62518563.mtv2.mozilla.com) (Quit: azita)
[18:14:31] *** Joins: mihai (mcirlanaru@moz-774347E3.range86-132.btcentralplus.com)
[18:15:12] *** Joins: sunfish (chatzilla@moz-62518563.mtv2.mozilla.com)
[18:16:27] *** Joins: azita (Azita@moz-24157589.mtv2.mozilla.com)
[18:18:12] *** terrence-brb is now known as terrence
[18:23:49] *** Joins: tobytailor (tobytailor@moz-CBD810C7.hsd1.ca.comcast.net)
[18:29:08] *** Joins: gal (gal@moz-24157589.mtv2.mozilla.com)
[18:45:39] *** Quits: mihai (mcirlanaru@moz-774347E3.range86-132.btcentralplus.com) (Quit: mihai)
[18:48:38] *** Quits: mbx (mbebenita@moz-DFAA4E15.p2p.sfo1.mozilla.com) (Quit: mbx)
[18:49:28] *** Joins: mbx (mbebenita@moz-DFAA4E15.p2p.sfo1.mozilla.com)
[18:58:52] *** Quits: sankha93 (sankha93@7061CD01.D6BD0D91.22D41759.IP) (Ping timeout)
[19:07:14] *** Joins: brson (brson@moz-62518563.mtv2.mozilla.com)
[19:07:14] *** ChanServ sets mode: +o brson
[19:07:51] *** Quits: till (till@moz-80ACCBBB.adsl.alicedsl.de) (Quit: out)
[19:17:48] *** Quits: mbx (mbebenita@moz-DFAA4E15.p2p.sfo1.mozilla.com) (Quit: mbx)
[19:19:09] *** Quits: azakai (alon@moz-62518563.mtv2.mozilla.com) (Quit: Ex-Chat)
[19:19:20] *** Joins: azakai (alon@moz-62518563.mtv2.mozilla.com)
[19:22:20] *** Quits: faramarz (faramarz@moz-62518563.mtv2.mozilla.com) (Quit: faramarz)
[19:29:51] *** Joins: faramarz (faramarz@moz-62518563.mtv2.mozilla.com)
[19:38:23] *** Quits: gal (gal@moz-24157589.mtv2.mozilla.com) (Quit: gal)
[19:42:07] *** Joins: gal (gal@moz-24157589.mtv2.mozilla.com)
[19:43:53] *** Quits: gal (gal@moz-24157589.mtv2.mozilla.com) (Ping timeout)
[19:50:38] *** Joins: mbx (mbebenita@moz-DFAA4E15.p2p.sfo1.mozilla.com)
[19:51:32] *** Joins: nrc (nrc@7BE24E90.A5032A01.3CFC199D.IP)
[19:54:48] *** Joins: mihai (mcirlanaru@moz-774347E3.range86-132.btcentralplus.com)
[19:57:55] *** Joins: mekki (mekki@moz-4C8F00CA.dsl.teksavvy.com)
[19:59:08] *** terrence is now known as terrence-lunch
[20:01:57] *** Quits: azita (Azita@moz-24157589.mtv2.mozilla.com) (Ping timeout)
[20:09:00] *** Joins: azita (Azita@moz-24157589.mtv2.mozilla.com)
[20:13:37] *** Quits: mekki (mekki@moz-4C8F00CA.dsl.teksavvy.com) (Connection timed out)
[20:14:31] *** Joins: mekki (mekki@moz-4C8F00CA.dsl.teksavvy.com)
[20:23:55] *** Quits: fredy (fredy@moz-E7647C0E.vm.okeanos.grnet.gr) (Ping timeout)
[20:26:21] *** Joins: fredy (fredy@moz-E7647C0E.vm.okeanos.grnet.gr)
[20:31:37] *** Quits: mekki (mekki@moz-4C8F00CA.dsl.teksavvy.com) (Connection timed out)
[20:32:24] *** Joins: mekki (mekki@moz-4C8F00CA.dsl.teksavvy.com)
[20:41:44] *** Quits: johns (johns@moz-62518563.mtv2.mozilla.com) (Ping timeout)
[20:42:24] *** Joins: johns (johns@moz-62518563.mtv2.mozilla.com)
[20:43:30] *** Quits: lkuper (lkuper@moz-AD4C50F5.dhcp-bl.indiana.edu) (Quit: lkuper)
[20:49:44] *** Quits: mekki (mekki@moz-4C8F00CA.dsl.teksavvy.com) (Connection timed out)
[20:50:10] *** Joins: mekki (mekki@moz-4C8F00CA.dsl.teksavvy.com)
[20:51:09] *** Quits: mekki (mekki@moz-4C8F00CA.dsl.teksavvy.com) (Max SendQ exceeded)
[20:52:40] *** Joins: mekki (mekki@moz-4C8F00CA.dsl.teksavvy.com)
[20:52:41] *** Joins: johns` (johns@moz-62518563.mtv2.mozilla.com)
[20:52:45] *** Quits: johns (johns@moz-62518563.mtv2.mozilla.com) (Connection reset by peer)
[20:54:27] *** Quits: mekki (mekki@moz-4C8F00CA.dsl.teksavvy.com) (Ping timeout)
[20:56:21] *** Joins: mekki (mekki@moz-4C8F00CA.dsl.teksavvy.com)
[21:03:56] *** Quits: dherman (dherman@moz-5D310B1.static.exetel.com.au) (Quit: dherman)
[21:05:14] *** Joins: dherman (dherman@moz-5D310B1.static.exetel.com.au)
[21:05:14] *** ChanServ sets mode: +qo dherman dherman
[21:05:27] *** Quits: dherman (dherman@moz-5D310B1.static.exetel.com.au) (Quit: dherman)
[21:09:38] *** Quits: jdm (jdm@FCCEA34F.7672369.D8E68FF6.IP) (Quit: Lost terminal)
[21:22:57] *** johns` is now known as johns
[21:26:06] *** Quits: azita (Azita@moz-24157589.mtv2.mozilla.com) (Quit: azita)
[21:31:26] *** Quits: faramarz (faramarz@moz-62518563.mtv2.mozilla.com) (Quit: faramarz)
[21:35:24] *** Joins: azita (Azita@moz-24157589.mtv2.mozilla.com)
[21:36:25] *** Quits: mekki (mekki@moz-4C8F00CA.dsl.teksavvy.com) (Max SendQ exceeded)
[21:36:31] *** Quits: dmajor (dmajor@34E8ECDF.DC2C3734.616A18A6.IP) (Quit: Leaving)
[21:37:40] *** Joins: mekki (mekki@moz-4C8F00CA.dsl.teksavvy.com)
[21:39:12] *** Quits: mekki (mekki@moz-4C8F00CA.dsl.teksavvy.com) (Max SendQ exceeded)
[21:39:22] *** Joins: mekki (mekki@moz-4C8F00CA.dsl.teksavvy.com)
[21:40:56] *** Joins: jdm (jdm@CAB30FBD.8F96AEA7.2D179A7D.IP)
[21:41:02] *** Quits: mekki (mekki@moz-4C8F00CA.dsl.teksavvy.com) (Ping timeout)
[21:42:15] *** Joins: faramarz (faramarz@moz-62518563.mtv2.mozilla.com)
[21:42:30] *** Quits: faramarz (faramarz@moz-62518563.mtv2.mozilla.com) (Quit: faramarz)
[21:42:37] *** Joins: faramarz (faramarz@moz-62518563.mtv2.mozilla.com)
[21:42:51] *** Joins: mekki (mekki@moz-4C8F00CA.dsl.teksavvy.com)
[21:43:51] *** Quits: mekki (mekki@moz-4C8F00CA.dsl.teksavvy.com) (Max SendQ exceeded)
[21:44:34] *** Joins: mekki (mekki@moz-4C8F00CA.dsl.teksavvy.com)
[21:50:01] *** Joins: gal (gal@moz-24157589.mtv2.mozilla.com)
[21:50:01] *** Joins: lkuper (lkuper@92BD0250.654CD82F.51B6877.IP)
[22:04:53] *** Quits: faramarz (faramarz@moz-62518563.mtv2.mozilla.com) (Quit: faramarz)
[22:07:49] *** Quits: mihai (mcirlanaru@moz-774347E3.range86-132.btcentralplus.com) (Ping timeout)
[22:10:40] *** Joins: mihai (mcirlanaru@D285323.58AFE261.5EBD1F4C.IP)
[22:14:57] *** Quits: mekki (mekki@moz-4C8F00CA.dsl.teksavvy.com) (Connection timed out)
[22:15:25] *** Joins: mekki (mekki@moz-4C8F00CA.dsl.teksavvy.com)
[22:18:14] *** terrence-lunch is now known as terrence
[22:28:53] *** Quits: mekki (mekki@moz-4C8F00CA.dsl.teksavvy.com) (Max SendQ exceeded)
[22:31:38] *** Joins: mekki (mekki@moz-4C8F00CA.dsl.teksavvy.com)
[22:32:39] *** Quits: mekki (mekki@moz-4C8F00CA.dsl.teksavvy.com) (Max SendQ exceeded)
[22:34:03] *** Joins: mekki (mekki@moz-4C8F00CA.dsl.teksavvy.com)
[22:35:44] *** Quits: azakai_ (alon@moz-24157589.mtv2.mozilla.com) (Quit: Ex-Chat)
[22:38:36] *** Quits: mihai (mcirlanaru@D285323.58AFE261.5EBD1F4C.IP) (Ping timeout)
[22:39:40] *** Joins: mihai (mcirlanaru@moz-774347E3.range86-132.btcentralplus.com)
[22:41:33] *** Joins: faramarz (faramarz@moz-62518563.mtv2.mozilla.com)
[22:44:27] *** Quits: mekki (mekki@moz-4C8F00CA.dsl.teksavvy.com) (Max SendQ exceeded)
[22:45:28] *** Joins: mekki (mekki@moz-4C8F00CA.dsl.teksavvy.com)
[22:57:53] *** Quits: mekki (mekki@moz-4C8F00CA.dsl.teksavvy.com) (Max SendQ exceeded)
[22:59:46] *** Joins: mekki (mekki@moz-4C8F00CA.dsl.teksavvy.com)
[23:00:46] *** Quits: mekki (mekki@moz-4C8F00CA.dsl.teksavvy.com) (Max SendQ exceeded)
[23:01:58] *** Joins: mekki (mekki@moz-4C8F00CA.dsl.teksavvy.com)
[23:03:55] *** Quits: mekki (mekki@moz-4C8F00CA.dsl.teksavvy.com) (Ping timeout)
[23:04:20] *** Joins: mekki (mekki@moz-4C8F00CA.dsl.teksavvy.com)
[23:05:22] *** Quits: mekki (mekki@moz-4C8F00CA.dsl.teksavvy.com) (Max SendQ exceeded)
[23:05:56] *** Joins: mekki (mekki@moz-4C8F00CA.dsl.teksavvy.com)
[23:12:21] *** Quits: mihai (mcirlanaru@moz-774347E3.range86-132.btcentralplus.com) (Quit: mihai)
[23:14:28] *** Quits: azita (Azita@moz-24157589.mtv2.mozilla.com) (Quit: azita)
[23:15:00] *** Quits: mbx (mbebenita@moz-DFAA4E15.p2p.sfo1.mozilla.com) (Quit: mbx)
[23:17:05] *** Quits: jdm (jdm@CAB30FBD.8F96AEA7.2D179A7D.IP) (Quit: Lost terminal)
[23:20:25] *** Quits: mekki (mekki@moz-4C8F00CA.dsl.teksavvy.com) (Max SendQ exceeded)
[23:22:11] *** Joins: mekki (mekki@moz-4C8F00CA.dsl.teksavvy.com)
[23:25:15] *** Joins: mbx (mbebenita@moz-DFAA4E15.p2p.sfo1.mozilla.com)
[23:31:49] *** Quits: roc (chatzilla@moz-69CDF078.bng1.tvc.orcon.net.nz) (Client exited)
[23:32:39] *** Joins: roc (chatzilla@moz-69CDF078.bng1.tvc.orcon.net.nz)
[23:36:45] *** Quits: mbx (mbebenita@moz-DFAA4E15.p2p.sfo1.mozilla.com) (Quit: mbx)
[23:38:20] *** Joins: mihai (mcirlanaru@moz-774347E3.range86-132.btcentralplus.com)
[23:38:41] *** Quits: mekki (mekki@moz-4C8F00CA.dsl.teksavvy.com) (Connection timed out)
[23:38:47] *** Quits: faramarz (faramarz@moz-62518563.mtv2.mozilla.com) (Quit: faramarz)
[23:39:03] *** Joins: mekki (mekki@moz-4C8F00CA.dsl.teksavvy.com)
[23:41:38] *** Quits: gal (gal@moz-24157589.mtv2.mozilla.com) (Quit: gal)
[23:42:46] *** Joins: faramarz (faramarz@moz-62518563.mtv2.mozilla.com)
[23:47:45] *** Joins: mbx (mbebenita@moz-DFAA4E15.p2p.sfo1.mozilla.com)
[23:51:12] *** Joins: arc (arc@moz-C07D5168.p2p.sfo1.mozilla.com)
[23:54:43] *** Quits: mekki (mekki@moz-4C8F00CA.dsl.teksavvy.com) (Connection timed out)
[23:55:52] *** Joins: mekki (mekki@moz-4C8F00CA.dsl.teksavvy.com)
[23:57:55] *** Joins: brendan (brendaneic@moz-C07D5168.p2p.sfo1.mozilla.com)
[23:59:18] *** Quits: mekki (mekki@moz-4C8F00CA.dsl.teksavvy.com) (Max SendQ exceeded)
[23:59:24] *** Joins: mekki (mekki@moz-4C8F00CA.dsl.teksavvy.com)
