[00:49:52] *** Quits: arcterus (arcterus@4AB13BDD.2A820825.9435AF77.IP) (Ping timeout)
[01:20:23] *** Joins: arcterus (arcterus@moz-F17299BA.dsl.mtry01.sbcglobal.net)
[01:26:03] *** Quits: arcterus (arcterus@moz-F17299BA.dsl.mtry01.sbcglobal.net) (Ping timeout)
[01:51:17] *** Quits: tiffany (kawaii@moz-28A8742A.dhcp.embarqhsd.net) (Ping timeout)
[02:53:27] *** Quits: brson (brson@moz-BBE3ABD.mv.mozilla.com) (Quit: leaving)
[03:24:06] *** Quits: canhtak (canhtak@moz-24F61E55.wl.t.ulaval.ca) (Quit: canhtak)
[03:52:50] *** Quits: zz_kimundi (kimundi@moz-B705BA84.dip0.t-ipconnect.de) (Ping timeout)
[03:56:31] *** Joins: zz_kimundi (kimundi@moz-E2D26A0B.dip0.t-ipconnect.de)
[03:56:32] *** zz_kimundi is now known as kimundi
[04:08:16] *** Joins: strobegen (Adium@A75B6238.EACE1F8D.A133900E.IP)
[04:21:00] *** Quits: strcat (strcat@moz-54F7FD49.cpe.net.cable.rogers.com) (Ping timeout)
[04:22:29] *** Joins: strcat (strcat@moz-54F7FD49.cpe.net.cable.rogers.com)
[06:53:37] *** Joins: eddyb (eddy@FE23D96E.F33C1089.FB866788.IP)
[07:50:47] *** Joins: Leo` (Leo@moz-83832FE2.placeholder.fr)
[07:54:52] *** Quits: eddyb9 (eddy@FE23D96E.F33C1089.FB866788.IP) (Quit: Leaving)
[08:36:06] *** kimundi is now known as zz_kimundi
[08:49:44] *** Quits: devbug (quassel@23AC5F12.9D950176.3655BBF5.IP) (Connection reset by peer)
[08:51:47] *** Quits: strcat (strcat@moz-54F7FD49.cpe.net.cable.rogers.com) (Quit: WeeChat 0.4.2)
[09:21:22] *** Quits: dbaupp (Thunderbir@moz-9879E359.lns20.syd6.internode.on.net) (Ping timeout)
[09:22:01] *** zz_kimundi is now known as kimundi
[09:22:02] *** Joins: dbaupp (Thunderbir@moz-9879E359.lns20.syd6.internode.on.net)
[10:55:23] *** kimundi is now known as zz_kimundi
[11:10:29] *** zz_kimundi is now known as kimundi
[11:57:11] *** Joins: canhtak (canhtak@moz-24F61E55.wl.t.ulaval.ca)
[12:28:22] *** Joins: pnkfelix (pnkfelix@87C1F78E.1DE10CA8.D8E68FF6.IP)
[12:35:21] *** Quits: Leo` (Leo@moz-83832FE2.placeholder.fr) (Ping timeout)
[12:39:22] *** Joins: Leo` (Leo@moz-83832FE2.placeholder.fr)
[12:53:09] *** Quits: Leo` (Leo@moz-83832FE2.placeholder.fr) (Ping timeout)
[12:57:56] *** Joins: Leo` (Leo@moz-83832FE2.placeholder.fr)
[12:58:31] *** Quits: dbaupp (Thunderbir@moz-9879E359.lns20.syd6.internode.on.net) (Ping timeout)
[13:05:04] *** Joins: dbaupp (Thunderbir@moz-9879E359.lns20.syd6.internode.on.net)
[13:07:40] *** Joins: tiffany (kawaii@moz-28A8742A.dhcp.embarqhsd.net)
[13:32:43] *** Quits: canhtak (canhtak@moz-24F61E55.wl.t.ulaval.ca) (Quit: canhtak)
[13:42:21] *** Joins: canhtak (canhtak@moz-24F61E55.wl.t.ulaval.ca)
[15:04:28] *** kimundi is now known as zz_kimundi
[15:06:08] *** zz_kimundi is now known as kimundi
[15:06:37] <KokaKiwi> Is anyone there?
[15:15:30] *** Quits: canhtak (canhtak@moz-24F61E55.wl.t.ulaval.ca) (Quit: canhtak)
[15:28:01] *** Joins: canhtak (canhtak@moz-24F61E55.wl.t.ulaval.ca)
[15:29:37] <eddyb> KokaKiwi: just some cobwebs
[15:30:36] <KokaKiwi> Hello spiders o/
[16:01:28] *** kimundi is now known as zz_kimundi
[16:16:56] *** Quits: strobegen (Adium@A75B6238.EACE1F8D.A133900E.IP) (Quit: Leaving.)
[17:37:51] *** Joins: jeffdb (jeff@moz-ED35AD97.hsd1.ca.comcast.net)
[17:44:19] *** Joins: pcwalton (pcwalton@moz-C07D5168.p2p.sfo1.mozilla.com)
[17:48:41] *** zz_kimundi is now known as kimundi
[17:55:12] *** Quits: pnkfelix (pnkfelix@87C1F78E.1DE10CA8.D8E68FF6.IP) (Quit: Leaving.)
[17:57:20] *** Quits: nielsle (nielsle@moz-C46DA772.boa.fiberby.dk) (Quit: Ex-Chat)
[18:02:06] *** Joins: brson (brson@moz-BBE3ABD.mv.mozilla.com)
[18:03:07] *** Quits: canhtak (canhtak@moz-24F61E55.wl.t.ulaval.ca) (Quit: canhtak)
[18:03:46] *** Quits: Leo` (Leo@moz-83832FE2.placeholder.fr) (Ping timeout)
[18:07:45] <mletterle> spiders are important...
[18:18:38] *** Joins: Leo` (Leo@moz-83832FE2.placeholder.fr)
[18:19:27] *** Joins: canhtak (canhtak@moz-24F61E55.wl.t.ulaval.ca)
[18:34:16] *** Joins: pnkfelix (pnkfelix@moz-43495417.fbx.proxad.net)
[19:12:08] *** Quits: pcwalton (pcwalton@moz-C07D5168.p2p.sfo1.mozilla.com) (Ping timeout)
[19:13:09] *** Joins: pcwalton (pcwalton@moz-DFAA4E15.p2p.sfo1.mozilla.com)
[19:28:15] *** Joins: geoffhill (geoffhill@moz-244CF33A.amazon.com)
[19:48:35] *** Quits: canhtak (canhtak@moz-24F61E55.wl.t.ulaval.ca) (Quit: canhtak)
[19:54:36] *** Joins: strcat (strcat@moz-54F7FD49.cpe.net.cable.rogers.com)
[19:57:28] *** Joins: canhtak (canhtak@moz-24F61E55.wl.t.ulaval.ca)
[20:08:27] *** sam113101 is now known as sam113101_afk
[20:11:31] *** Quits: canhtak (canhtak@moz-24F61E55.wl.t.ulaval.ca) (Quit: canhtak)
[20:44:22] <Leo`> /o/
[20:48:49] *** Quits: pnkfelix (pnkfelix@moz-43495417.fbx.proxad.net) (Quit: Leaving.)
[20:56:19] *** Quits: eddyb (eddy@FE23D96E.F33C1089.FB866788.IP) (Ping timeout)
[20:59:11] *** Quits: brson (brson@moz-BBE3ABD.mv.mozilla.com) (Ping timeout)
[21:01:25] *** Joins: brson (brson@moz-BBE3ABD.mv.mozilla.com)
[21:34:11] <mletterle> \o\
[21:35:07] <cmr> /o\
[21:35:53] <dbaupp> \o/
[21:43:44] *** Quits: tiffany (kawaii@moz-28A8742A.dhcp.embarqhsd.net) (Ping timeout)
[21:45:16] *** Joins: tiffany (kawaii@moz-28A8742A.dhcp.embarqhsd.net)
[21:49:45] *** Joins: devbug (quassel@2D4E172D.4C8B6099.9B57EA59.IP)
[21:49:57] *** Quits: devbug (quassel@2D4E172D.4C8B6099.9B57EA59.IP) (Quit: http://quassel-irc.org - Chat comfortably. Anywhere.)
[22:19:58] *** Joins: canhtak (canhtak@moz-24F61E55.wl.t.ulaval.ca)
[22:23:45] *** Quits: tiffany (kawaii@moz-28A8742A.dhcp.embarqhsd.net) (Ping timeout)
[22:25:29] *** Joins: tiffany (kawaii@moz-28A8742A.dhcp.embarqhsd.net)
[22:30:19] *** sam113101_afk is now known as sam113101
[22:32:22] *** Quits: tiffany (kawaii@moz-28A8742A.dhcp.embarqhsd.net) (Ping timeout)
[22:33:51] *** Joins: tiffany (kawaii@moz-28A8742A.dhcp.embarqhsd.net)
[22:40:09] *** sam113101 is now known as sam113101_afk
[22:40:23] *** sam113101_afk is now known as sam113101
[22:56:46] *** Joins: geoffhill_ (geoffhill@moz-79C8D45C.amazon.com)
[22:56:49] *** Quits: geoffhill (geoffhill@moz-244CF33A.amazon.com) (Ping timeout)
[22:56:49] *** geoffhill_ is now known as geoffhill
[23:06:32] *** Quits: jeffdb (jeff@moz-ED35AD97.hsd1.ca.comcast.net) (Ping timeout)
[23:25:13] *** sam113101 is now known as sam113101_afk
[23:26:53] *** kimundi is now known as zz_kimundi
[23:34:07] *** sam113101_afk is now known as sam113101
[23:38:41] *** sam113101 is now known as sam113101_afk
[23:43:46] *** sam113101_afk is now known as sam113101
[23:50:41] *** Joins: jeffdb (jeff@moz-ED35AD97.hsd1.ca.comcast.net)
[23:56:01] *** sam113101 is now known as sam113101_afk
[23:56:35] *** sam113101_afk is now known as sam113101
