[00:38:16] *** Quits: doomlord_ (servitor@moz-99BE89EC.range86-184.btcentralplus.com) (Ping timeout)
[00:38:29] *** Joins: doomlord_ (servitor@moz-99BE89EC.range86-184.btcentralplus.com)
[01:00:48] *** Quits: huon (Thunderbir@moz-826BD85A.lns20.syd6.internode.on.net) (Quit: huon)
[05:40:05] *** Joins: jroweboy (jrowe7@moz-18814A6B.provo.static.broadweavenetworks.net)
[07:03:15] *** Quits: jroweboy (jrowe7@moz-18814A6B.provo.static.broadweavenetworks.net) (Quit: Leaving.)
[07:12:40] *** Joins: huon (Thunderbir@moz-826BD85A.lns20.syd6.internode.on.net)
[07:12:40] *** ChanServ sets mode: +v huon
[07:25:00] *** flaper87|afk is now known as flaper87
[08:19:24] *** Quits: ChrisMorgan (chris@moz-6AC741CA.static.tpgi.com.au) (Ping timeout)
[12:43:14] *** Quits: doomlord_ (servitor@moz-99BE89EC.range86-184.btcentralplus.com) (Client exited)
[13:57:06] *** Joins: doomlord_ (servitor@moz-99BE89EC.range86-184.btcentralplus.com)
[20:49:55] *** Joins: ChrisMorgan (chris@moz-6AC741CA.static.tpgi.com.au)
[20:49:55] *** ChanServ sets mode: +qo ChrisMorgan ChrisMorgan
[21:01:49] *** Quits: huon (Thunderbir@moz-826BD85A.lns20.syd6.internode.on.net) (Ping timeout)
[21:06:45] *** Quits: ChrisMorgan (chris@moz-6AC741CA.static.tpgi.com.au) (Ping timeout)
[21:08:55] *** Joins: ChrisMorgan (chris@moz-6AC741CA.static.tpgi.com.au)
[21:08:55] *** ChanServ sets mode: +qo ChrisMorgan ChrisMorgan
[21:16:24] *** Joins: esummers_ (esummers@moz-3B015C90.wi.res.rr.com)
[21:16:36] *** Quits: esummers (esummers@moz-3B015C90.wi.res.rr.com) (Ping timeout)
[21:16:49] *** Quits: esummers_ (esummers@moz-3B015C90.wi.res.rr.com) (Connection reset by peer)
[21:17:03] *** Joins: esummers_ (esummers@moz-3B015C90.wi.res.rr.com)
[23:23:57] *** Quits: esummers_ (esummers@moz-3B015C90.wi.res.rr.com) (Connection reset by peer)
[23:23:57] *** Joins: esummers__ (esummers@moz-3B015C90.wi.res.rr.com)
[23:24:19] *** Quits: esummers__ (esummers@moz-3B015C90.wi.res.rr.com) (Connection reset by peer)
[23:24:39] *** Joins: esummers__ (esummers@moz-3B015C90.wi.res.rr.com)
