[00:03:04] *** Quits: squiddy (squiddy@moz-F847A3EE.adsl.alicedsl.de) (Quit: Leaving)
[00:09:18] *** Quits: leroux (leroux@moz-421CF1E4.dsl.bell.ca) (Ping timeout)
[00:11:22] *** Quits: ricepuddin (graham@moz-7D68765A.cable.virginm.net) (Ping timeout)
[00:12:25] *** Joins: jsonnull (Thunderbir@E86DD23.582C899D.494A0F8B.IP)
[00:12:46] *** Quits: jsonnull (Thunderbir@E86DD23.582C899D.494A0F8B.IP) (Quit: jsonnull)
[00:12:50] *** Joins: jsonnull (Thunderbir@E86DD23.582C899D.494A0F8B.IP)
[00:34:19] *** Joins: samx (sami@moz-D9DA5773.dyn.optonline.net)
[00:34:49] *** Quits: samx (sami@moz-D9DA5773.dyn.optonline.net) (Quit: This computer has gone to sleep)
[00:40:10] *** Joins: samx (sami@moz-D9DA5773.dyn.optonline.net)
[01:00:15] *** Quits: samx (sami@moz-D9DA5773.dyn.optonline.net) (Quit: This computer has gone to sleep)
[01:10:25] *** Joins: samx (sami@moz-D9DA5773.dyn.optonline.net)
[01:11:35] *** Quits: samx (sami@moz-D9DA5773.dyn.optonline.net) (Quit: This computer has gone to sleep)
[01:14:30] *** Joins: jdm (jdm@moz-AC9499B2.cable.teksavvy.com)
[01:23:51] *** Joins: samx (sami@moz-D9DA5773.dyn.optonline.net)
[01:26:04] *** Quits: patpat (patpat@moz-85F8C52A.as13285.net) (Ping timeout)
[01:26:57] *** Joins: patpat (patpat@moz-85F8C52A.as13285.net)
[01:33:05] <jsonnull> What can I use to profile a multithreaded rust application?
[01:33:38] <cmr> jsonnull: some tools you'd use to profile a C application.
[01:37:38] <dbaupp> `perf` or callgrind on linux, Instruments (?) on OSX
[01:38:03] <cmr> (pcwalton uses instruments on OS X with servo, and speaks only its praise)
[01:39:29] <jsonnull> Awesome, thanks!
[01:44:14] *** kimundi is now known as zz_kimundi
[01:50:23] *** Joins: csherratt (csherratt@moz-8D848271.cpe.teksavvy.com)
[01:57:22] *** Quits: MrByte (Dartakio@moz-81792842.chy-wy.client.bresnan.net) (Ping timeout)
[02:04:56] *** Joins: MrByte (Dartakio@moz-81792842.chy-wy.client.bresnan.net)
[02:07:18] <csherratt> bjz: are you around?
[02:12:57] *** Quits: lurk_ (chatzilla@moz-F088D030.hsd1.in.comcast.net) (Ping timeout)
[02:14:22] *** Joins: Gigimoi (Mibbit@moz-FE75FBD.client.mchsi.com)
[02:15:24] *** Joins: lurk_ (chatzilla@moz-F088D030.hsd1.in.comcast.net)
[02:30:25] *** Quits: csherratt (csherratt@moz-8D848271.cpe.teksavvy.com) (Quit: csherratt)
[02:35:31] *** Quits: tiffany (kawaii@moz-FC0DB29D.dhcp.embarqhsd.net) (Connection reset by peer)
[02:36:29] *** Joins: csherratt (csherratt@moz-8D848271.cpe.teksavvy.com)
[02:42:28] *** Quits: Gigimoi (Mibbit@moz-FE75FBD.client.mchsi.com) (Quit: http://www.mibbit.com ajax IRC Client)
[02:47:24] *** Joins: summerlight (summerligh@327FC32B.2C956A45.501EFF44.IP)
[02:47:54] *** Quits: samx (sami@moz-D9DA5773.dyn.optonline.net) (Quit: This computer has gone to sleep)
[02:52:19] *** Joins: summerlight_ (summerligh@327FC32B.2C956A45.501EFF44.IP)
[02:53:23] *** Quits: summerlight (summerligh@327FC32B.2C956A45.501EFF44.IP) (Ping timeout)
[02:54:17] *** Quits: summerlight_ (summerligh@327FC32B.2C956A45.501EFF44.IP) (Ping timeout)
[03:08:52] *** Quits: zz_kimundi (kimundi@moz-F79A61BC.dip0.t-ipconnect.de) (Ping timeout)
[03:13:05] *** Joins: zz_kimundi (kimundi@moz-AEB7B25C.dip0.t-ipconnect.de)
[03:13:07] *** zz_kimundi is now known as kimundi
[03:18:22] *** Quits: csherratt (csherratt@moz-8D848271.cpe.teksavvy.com) (Quit: csherratt)
[03:41:19] *** Quits: canhtak (canhtak@moz-6C22A50C.wl.t.ulaval.ca) (Quit: canhtak)
[03:47:14] *** Joins: canhtak (canhtak@moz-6C22A50C.wl.t.ulaval.ca)
[03:54:10] *** Joins: csherratt (csherratt@moz-8D848271.cpe.teksavvy.com)
[03:58:43] *** Joins: ssira (ssira@moz-DC71C200.kanagawa.ocn.ne.jp)
[04:03:17] *** Quits: jeaye (jeaye@moz-34FEF2BB.hsd1.ca.comcast.net) (Quit: zzz)
[04:15:38] *** Joins: summerlight_ (summerligh@327FC32B.2C956A45.501EFF44.IP)
[04:37:53] *** Joins: leroux (leroux@moz-421CF1E4.dsl.bell.ca)
[04:50:08] *** Quits: leroux (leroux@moz-421CF1E4.dsl.bell.ca) (Client exited)
[05:06:56] *** Joins: leroux (leroux@moz-421CF1E4.dsl.bell.ca)
[05:10:35] *** Quits: leroux (leroux@moz-421CF1E4.dsl.bell.ca) (Quit: Leaving)
[05:23:18] *** Joins: bjz (bjz@B398BE78.F804C29E.D35A31DF.IP)
[05:58:00] *** Joins: dmac (Adium@moz-94F55C3.hfc.comcastbusiness.net)
[05:58:45] *** Quits: summerlight_ (summerligh@327FC32B.2C956A45.501EFF44.IP) (Ping timeout)
[06:16:30] *** Joins: jensnockert (jensnocker@moz-7DC16A5F.afb.bredband2.com)
[06:18:00] *** Joins: summerlight_ (summerligh@327FC32B.2C956A45.501EFF44.IP)
[06:18:38] *** Joins: brson (brson@moz-5386576F.sd.sd.cox.net)
[06:18:48] *** Quits: dmac (Adium@moz-94F55C3.hfc.comcastbusiness.net) (Quit: Leaving.)
[06:23:58] *** Quits: jensnockert (jensnocker@moz-7DC16A5F.afb.bredband2.com) (Input/output error)
[06:25:41] *** Quits: katis (katis@40C8AF65.EFDC2270.EE6E63A5.IP) (Ping timeout)
[06:25:53] *** Joins: katis (katis@40C8AF65.EFDC2270.EE6E63A5.IP)
[06:30:00] *** Quits: bjz (bjz@B398BE78.F804C29E.D35A31DF.IP) (Ping timeout)
[06:34:13] *** Joins: bjz (bjz@B398BE78.F804C29E.D35A31DF.IP)
[06:44:29] *** Joins: dmac (Adium@moz-94F55C3.hfc.comcastbusiness.net)
[06:46:18] *** Quits: jsonnull (Thunderbir@E86DD23.582C899D.494A0F8B.IP) (Ping timeout)
[06:49:37] *** Joins: jsonnull (Thunderbir@E86DD23.582C899D.494A0F8B.IP)
[06:53:01] *** Joins: benjamin__ (benjamin@moz-93F26ABF.dip0.t-ipconnect.de)
[07:28:34] *** Joins: jensnockert (jensnocker@moz-7DC16A5F.afb.bredband2.com)
[07:32:35] *** Quits: csherratt (csherratt@moz-8D848271.cpe.teksavvy.com) (Quit: csherratt)
[07:48:43] *** Quits: jdm (jdm@moz-AC9499B2.cable.teksavvy.com) (Quit: Lost terminal)
[07:50:33] *** Quits: bjz (bjz@B398BE78.F804C29E.D35A31DF.IP) (Ping timeout)
[07:51:06] *** Joins: bjz (bjz@B398BE78.F804C29E.D35A31DF.IP)
[07:51:13] *** Quits: bjz (bjz@B398BE78.F804C29E.D35A31DF.IP) (Connection reset by peer)
[07:51:31] *** Joins: bjz (bjz@B398BE78.F804C29E.D35A31DF.IP)
[07:51:33] *** Quits: bjz (bjz@B398BE78.F804C29E.D35A31DF.IP) (Client exited)
[07:51:44] *** Joins: bjz (bjz@B398BE78.F804C29E.D35A31DF.IP)
[07:56:53] *** Quits: brson (brson@moz-5386576F.sd.sd.cox.net) (Quit: leaving)
[08:18:46] *** Joins: Ferreus (ferreus@moz-13287B95.dip0.t-ipconnect.de)
[08:20:53] *** Quits: summerlight_ (summerligh@327FC32B.2C956A45.501EFF44.IP) (Ping timeout)
[08:36:46] *** Quits: ssira (ssira@moz-DC71C200.kanagawa.ocn.ne.jp) (Client exited)
[08:38:47] *** Joins: ssira (ssira@moz-DC71C200.kanagawa.ocn.ne.jp)
[08:40:44] *** Joins: ricepuddin (graham@moz-7D68765A.cable.virginm.net)
[08:49:36] *** Quits: glennsl (textual@moz-5D7B804F.getinternet.no) (Quit: My MacBook Pro has gone to sleep. ZZZzzz…)
[08:50:13] *** Quits: ricepuddin (graham@moz-7D68765A.cable.virginm.net) (Ping timeout)
[08:55:46] *** Quits: jensnockert (jensnocker@moz-7DC16A5F.afb.bredband2.com) (Ping timeout)
[08:55:56] *** Joins: jensnockert (jensnocker@moz-7DC16A5F.afb.bredband2.com)
[09:06:28] *** Quits: canhtak (canhtak@moz-6C22A50C.wl.t.ulaval.ca) (Quit: canhtak)
[09:14:33] *** Joins: benjamin_ (benjamin@moz-F16AEFE7.dip0.t-ipconnect.de)
[09:15:17] *** Quits: benjamin__ (benjamin@moz-93F26ABF.dip0.t-ipconnect.de) (Ping timeout)
[09:32:50] *** Joins: CarpNet (ac@moz-FD24B77.sohonet.co.uk)
[09:58:34] *** Quits: dmac (Adium@moz-94F55C3.hfc.comcastbusiness.net) (Quit: Leaving.)
[10:14:33] *** Joins: summerlight (summerligh@327FC32B.2C956A45.501EFF44.IP)
[10:21:04] *** Quits: benjamin_ (benjamin@moz-F16AEFE7.dip0.t-ipconnect.de) (Ping timeout)
[10:23:02] *** Quits: lennart (lennart@moz-DE70D6F.stanford.edu) (Ping timeout)
[10:44:06] *** Joins: ricepuddin (graham@moz-D0A31D2B.wlan.ic.ac.uk)
[10:52:25] *** Quits: ricepuddin (graham@moz-D0A31D2B.wlan.ic.ac.uk) (Ping timeout)
[10:55:51] *** kimundi is now known as zz_kimundi
[10:58:41] *** Joins: dmac (Adium@moz-94F55C3.hfc.comcastbusiness.net)
[10:59:25] *** Joins: FrozenCow (FrozenCow@moz-B2DF4929.chello.nl)
[11:00:16] *** Quits: ssira (ssira@moz-DC71C200.kanagawa.ocn.ne.jp) (Client exited)
[11:00:22] *** Quits: dmac (Adium@moz-94F55C3.hfc.comcastbusiness.net) (Ping timeout)
[11:00:38] *** Joins: ssira (ssira@moz-DC71C200.kanagawa.ocn.ne.jp)
[11:02:20] *** Quits: ssira (ssira@moz-DC71C200.kanagawa.ocn.ne.jp) (Ping timeout)
[11:06:12] *** zz_kimundi is now known as kimundi
[11:35:31] *** Quits: doomlord_ (servitor@moz-D9C46C01.range86-184.btcentralplus.com) (Ping timeout)
[11:38:35] *** Joins: squiddy (squiddy@moz-5E5BFA05.adsl.alicedsl.de)
[11:38:50] *** Joins: ssira (ssira@moz-DC71C200.kanagawa.ocn.ne.jp)
[11:49:05] *** Joins: tiffany (kawaii@moz-FC0DB29D.dhcp.embarqhsd.net)
[11:58:59] *** Joins: dmac (Adium@moz-94F55C3.hfc.comcastbusiness.net)
[12:00:42] *** Quits: dmac (Adium@moz-94F55C3.hfc.comcastbusiness.net) (Ping timeout)
[12:12:23] *** Quits: Ferreus (ferreus@moz-13287B95.dip0.t-ipconnect.de) (Ping timeout)
[12:19:20] *** Joins: Ferreus (ferreus@moz-E0229F7D.dip0.t-ipconnect.de)
[12:19:35] *** Joins: jdm (jdm@moz-AC9499B2.cable.teksavvy.com)
[12:29:45] *** Joins: ricepuddin (graham@moz-D0A31D2B.wlan.ic.ac.uk)
[12:32:10] *** Quits: noct (quassel@moz-4F2CA1D7.noctal.com) (Ping timeout)
[12:32:11] *** Joins: noct (quassel@moz-4F2CA1D7.noctal.com)
[12:32:21] *** Quits: dg (dg@moz-AF6F3E94.com) (Ping timeout)
[12:32:22] *** Joins: dg (dg@moz-AF6F3E94.com)
[12:33:56] *** Quits: Leo` (Leo@moz-83832FE2.placeholder.fr) (Ping timeout)
[12:34:19] *** Joins: Leo` (Leo@moz-83832FE2.placeholder.fr)
[12:41:12] *** kimundi is now known as zz_kimundi
[12:57:48] *** Joins: bjz_ (bjz@B398BE78.F804C29E.D35A31DF.IP)
[12:57:57] *** Quits: bjz (bjz@B398BE78.F804C29E.D35A31DF.IP) (Ping timeout)
[12:59:23] *** Joins: dmac (Adium@moz-94F55C3.hfc.comcastbusiness.net)
[12:59:57] *** Quits: ricepuddin (graham@moz-D0A31D2B.wlan.ic.ac.uk) (Ping timeout)
[13:01:05] *** Quits: dmac (Adium@moz-94F55C3.hfc.comcastbusiness.net) (Ping timeout)
[13:12:10] *** Joins: canhtak (canhtak@moz-6C22A50C.wl.t.ulaval.ca)
[13:17:18] *** Joins: doomlord_ (servitor@moz-D9C46C01.range86-184.btcentralplus.com)
[13:24:54] *** Quits: Leo` (Leo@moz-83832FE2.placeholder.fr) (Ping timeout)
[13:32:47] *** Quits: jsonnull (Thunderbir@E86DD23.582C899D.494A0F8B.IP) (Ping timeout)
[13:36:10] *** Joins: jsonnull (Thunderbir@E86DD23.582C899D.494A0F8B.IP)
[13:38:52] *** Joins: Leo` (Leo@moz-83832FE2.placeholder.fr)
[13:42:26] *** Quits: canhtak (canhtak@moz-6C22A50C.wl.t.ulaval.ca) (Quit: canhtak)
[13:46:01] *** Quits: patpat (patpat@moz-85F8C52A.as13285.net) (Quit: )
[13:59:40] *** Joins: dmac (Adium@moz-94F55C3.hfc.comcastbusiness.net)
[14:01:20] *** Quits: dmac (Adium@moz-94F55C3.hfc.comcastbusiness.net) (Ping timeout)
[14:02:07] *** Joins: ricepuddin (graham@moz-D0A31D2B.wlan.ic.ac.uk)
[14:02:54] *** Joins: alex-abreu (alex@moz-7421D6C9.mc.videotron.ca)
[14:03:53] *** Quits: ricepuddin (graham@moz-D0A31D2B.wlan.ic.ac.uk) (Ping timeout)
[14:10:39] *** Joins: canhtak (canhtak@moz-6C22A50C.wl.t.ulaval.ca)
[14:12:04] *** Quits: canhtak (canhtak@moz-6C22A50C.wl.t.ulaval.ca) (Quit: canhtak)
[14:18:20] *** Joins: canhtak (canhtak@moz-6C22A50C.wl.t.ulaval.ca)
[14:24:10] *** Quits: canhtak (canhtak@moz-6C22A50C.wl.t.ulaval.ca) (Quit: canhtak)
[14:27:12] *** Quits: doomlord_ (servitor@moz-D9C46C01.range86-184.btcentralplus.com) (Connection reset by peer)
[14:28:48] *** Joins: pepper_chico (pepper_chi@moz-13107F6.dsl.telesp.net.br)
[14:30:55] *** Joins: canhtak (canhtak@moz-6C22A50C.wl.t.ulaval.ca)
[14:31:20] *** Quits: canhtak (canhtak@moz-6C22A50C.wl.t.ulaval.ca) (Quit: canhtak)
[14:58:02] *** Quits: jensnockert (jensnocker@moz-7DC16A5F.afb.bredband2.com) (Input/output error)
[14:58:34] *** Joins: jensnockert (jensnocker@moz-7DC16A5F.afb.bredband2.com)
[14:59:31] *** Quits: Leo` (Leo@moz-83832FE2.placeholder.fr) (Ping timeout)
[15:00:06] *** Joins: dmac (Adium@moz-94F55C3.hfc.comcastbusiness.net)
[15:00:17] *** Quits: jensnockert (jensnocker@moz-7DC16A5F.afb.bredband2.com) (Ping timeout)
[15:01:45] *** Quits: dmac (Adium@moz-94F55C3.hfc.comcastbusiness.net) (Ping timeout)
[15:02:52] *** Joins: Leo` (Leo@moz-83832FE2.placeholder.fr)
[15:05:54] *** Joins: canhtak (canhtak@moz-6C22A50C.wl.t.ulaval.ca)
[15:08:59] *** Joins: bjustin (bjustin@moz-8FC28563.sierrabravo.net)
[15:13:35] *** Joins: ricepuddin (graham@moz-A7384469.wlan.ic.ac.uk)
[15:16:51] *** Joins: benjamin_ (benjamin@moz-A842198B.dip0.t-ipconnect.de)
[15:18:24] *** Joins: samx (sami@moz-D9DA5773.dyn.optonline.net)
[15:22:53] *** Quits: samx (sami@moz-D9DA5773.dyn.optonline.net) (Quit: This computer has gone to sleep)
[15:24:45] *** Joins: Three33 (Mibbit@3E8E33DE.89CF7D00.27FE9102.IP)
[15:25:08] *** Quits: Three33 (Mibbit@3E8E33DE.89CF7D00.27FE9102.IP) (Quit: http://www.mibbit.com ajax IRC Client)
[15:28:32] *** Quits: bjz_ (bjz@B398BE78.F804C29E.D35A31DF.IP) (Ping timeout)
[15:28:42] *** Joins: bjz (bjz@B398BE78.F804C29E.D35A31DF.IP)
[15:32:08] *** Joins: SiegeLord (sl@moz-CAF07B4C.hsd1.ma.comcast.net)
[15:34:20] *** Quits: jdm (jdm@moz-AC9499B2.cable.teksavvy.com) (Quit: Lost terminal)
[15:37:17] *** Joins: csherratt (csherratt@moz-8D848271.cpe.teksavvy.com)
[15:38:08] *** Quits: Leo` (Leo@moz-83832FE2.placeholder.fr) (Ping timeout)
[15:39:32] *** Joins: Leo` (Leo@moz-83832FE2.placeholder.fr)
[15:47:54] *** Quits: jsonnull (Thunderbir@E86DD23.582C899D.494A0F8B.IP) (Ping timeout)
[15:51:15] *** Joins: jsonnull (Thunderbir@E86DD23.582C899D.494A0F8B.IP)
[15:54:24] *** Joins: pzol (pzol@moz-553BEE64.dynamic.chello.pl)
[15:56:30] *** Quits: ricepuddin (graham@moz-A7384469.wlan.ic.ac.uk) (Ping timeout)
[15:59:32] *** Quits: ssira (ssira@moz-DC71C200.kanagawa.ocn.ne.jp) (Client exited)
[15:59:53] *** Joins: ssira (ssira@moz-DC71C200.kanagawa.ocn.ne.jp)
[16:00:29] *** Joins: dmac (Adium@moz-94F55C3.hfc.comcastbusiness.net)
[16:01:35] *** Quits: ssira (ssira@moz-DC71C200.kanagawa.ocn.ne.jp) (Ping timeout)
[16:01:58] *** Joins: ricepuddin (graham@moz-A7384469.wlan.ic.ac.uk)
[16:02:11] *** Quits: dmac (Adium@moz-94F55C3.hfc.comcastbusiness.net) (Ping timeout)
[16:08:36] *** Joins: jdm (jdm@moz-AC9499B2.cable.teksavvy.com)
[16:12:00] *** Quits: pepper_chico (pepper_chi@moz-13107F6.dsl.telesp.net.br) (Ping timeout)
[16:12:28] *** Quits: ricepuddin (graham@moz-A7384469.wlan.ic.ac.uk) (Ping timeout)
[16:20:49] *** Joins: peeves (Mibbit@moz-54F1F273.lightspeed.hstntx.sbcglobal.net)
[16:21:00] *** Quits: Ferreus (ferreus@moz-E0229F7D.dip0.t-ipconnect.de) (Ping timeout)
[16:23:17] *** Quits: peeves (Mibbit@moz-54F1F273.lightspeed.hstntx.sbcglobal.net) (Quit: http://www.mibbit.com ajax IRC Client)
[16:35:38] *** Joins: samx (sami@moz-D9DA5773.dyn.optonline.net)
[16:38:32] *** Quits: Liam` (quassel@6265EFB3.B1CCF5AA.217C7FCC.IP) (Ping timeout)
[16:43:57] *** Quits: canhtak (canhtak@moz-6C22A50C.wl.t.ulaval.ca) (Quit: canhtak)
[16:45:26] *** Joins: Liam` (quassel@6265EFB3.B1CCF5AA.217C7FCC.IP)
[16:48:58] *** Joins: jensnockert (jensnocker@moz-7DC16A5F.afb.bredband2.com)
[16:55:25] *** Quits: FrozenCow (FrozenCow@moz-B2DF4929.chello.nl) (Ping timeout)
[16:56:01] *** Joins: jeaye (jeaye@moz-34FEF2BB.hsd1.ca.comcast.net)
[16:56:31] *** Quits: summerlight (summerligh@327FC32B.2C956A45.501EFF44.IP) (Ping timeout)
[16:59:50] *** Joins: summerlight (summerligh@327FC32B.2C956A45.501EFF44.IP)
[16:59:51] *** Joins: ricepuddin (graham@moz-EE1EF9D8.wlan.ic.ac.uk)
[17:00:43] *** Joins: dmac (Adium@moz-94F55C3.hfc.comcastbusiness.net)
[17:02:25] *** Quits: dmac (Adium@moz-94F55C3.hfc.comcastbusiness.net) (Ping timeout)
[17:06:51] *** Quits: csherratt (csherratt@moz-8D848271.cpe.teksavvy.com) (Quit: csherratt)
[17:07:43] *** Joins: glennsl (textual@moz-5D7B804F.getinternet.no)
[17:07:51] *** Quits: benjamin_ (benjamin@moz-A842198B.dip0.t-ipconnect.de) (Ping timeout)
[17:09:23] *** Joins: Ferreus (ferreus@moz-D830B08C.pools.arcor-ip.net)
[17:11:58] *** Quits: ricepuddin (graham@moz-EE1EF9D8.wlan.ic.ac.uk) (Ping timeout)
[17:15:05] *** Quits: Liam` (quassel@6265EFB3.B1CCF5AA.217C7FCC.IP) (Ping timeout)
[17:15:06] *** Joins: Liam` (quassel@6265EFB3.B1CCF5AA.217C7FCC.IP)
[17:16:15] *** Quits: jensnockert (jensnocker@moz-7DC16A5F.afb.bredband2.com) (Input/output error)
[17:16:45] *** Joins: jensnockert (jensnocker@moz-7DC16A5F.afb.bredband2.com)
[17:18:30] *** Quits: jensnockert (jensnocker@moz-7DC16A5F.afb.bredband2.com) (Ping timeout)
[17:24:26] *** Joins: brson (brson@moz-5386576F.sd.sd.cox.net)
[17:28:17] *** Quits: Liam` (quassel@6265EFB3.B1CCF5AA.217C7FCC.IP) (Ping timeout)
[17:29:56] *** Quits: Leo` (Leo@moz-83832FE2.placeholder.fr) (Ping timeout)
[17:30:32] *** Joins: Liam` (quassel@6265EFB3.B1CCF5AA.217C7FCC.IP)
[17:37:29] *** Quits: skrylar (skrylar@moz-F692F728.austin.res.rr.com) (Ping timeout)
[17:42:56] *** Joins: Leo` (Leo@moz-83832FE2.placeholder.fr)
[17:44:32] *** bstrie_nope is now known as bstrie_ng
[17:49:06] *** Quits: glennsl (textual@moz-5D7B804F.getinternet.no) (Quit: My MacBook Pro has gone to sleep. ZZZzzz…)
[18:01:06] *** Joins: dmac (Adium@moz-94F55C3.hfc.comcastbusiness.net)
[18:01:45] *** zz_kimundi is now known as kimundi
[18:02:46] *** Quits: dmac (Adium@moz-94F55C3.hfc.comcastbusiness.net) (Ping timeout)
[18:11:19] *** Quits: jdm (jdm@moz-AC9499B2.cable.teksavvy.com) (Quit: Lost terminal)
[18:13:51] *** Quits: CarpNet (ac@moz-FD24B77.sohonet.co.uk) (Quit: Leaving)
[18:24:22] *** Joins: dmac (Adium@moz-99EF2EE6.hfc.comcastbusiness.net)
[18:32:35] *** Joins: patpat (patpat@moz-1599AAE4.as13285.net)
[18:39:46] *** Quits: brson (brson@moz-5386576F.sd.sd.cox.net) (Quit: leaving)
[18:40:20] *** Joins: brson (brson@moz-5386576F.sd.sd.cox.net)
[18:41:41] *** Joins: lennart (lennart@moz-DE70D6F.stanford.edu)
[18:43:38] *** Quits: pzol (pzol@moz-553BEE64.dynamic.chello.pl) (Quit: Textual IRC Client: www.textualapp.com)
[18:58:21] *** Joins: skrylar (skrylar@moz-F692F728.austin.res.rr.com)
[18:59:00] *** Quits: brson (brson@moz-5386576F.sd.sd.cox.net) (Ping timeout)
[19:05:25] *** Joins: brson (brson@moz-5386576F.sd.sd.cox.net)
[19:09:32] *** Joins: ricepuddin (graham@moz-7D68765A.cable.virginm.net)
[19:10:22] *** Quits: summerlight (summerligh@327FC32B.2C956A45.501EFF44.IP) (Ping timeout)
[19:17:18] *** Joins: jensnockert (jensnocker@moz-7DC16A5F.afb.bredband2.com)
[19:19:07] *** Quits: jensnockert (jensnocker@moz-7DC16A5F.afb.bredband2.com) (Ping timeout)
[20:06:05] *** Joins: jensnockert (jensnocker@moz-7DC16A5F.afb.bredband2.com)
[20:07:04] *** Quits: squiddy (squiddy@moz-5E5BFA05.adsl.alicedsl.de) (Input/output error)
[20:14:47] *** Quits: bjz (bjz@B398BE78.F804C29E.D35A31DF.IP) (Connection reset by peer)
[20:17:31] *** Joins: bjz (bjz@B398BE78.F804C29E.D35A31DF.IP)
[20:18:43] *** Quits: jensnockert (jensnocker@moz-7DC16A5F.afb.bredband2.com) (Input/output error)
[20:19:11] *** Joins: jensnockert (jensnocker@moz-7DC16A5F.afb.bredband2.com)
[20:20:59] *** Quits: jensnockert (jensnocker@moz-7DC16A5F.afb.bredband2.com) (Ping timeout)
[20:33:07] *** Quits: brson (brson@moz-5386576F.sd.sd.cox.net) (Ping timeout)
[20:36:43] *** Joins: jensnockert (jensnocker@moz-7DC16A5F.afb.bredband2.com)
[20:40:23] *** Quits: samx (sami@moz-D9DA5773.dyn.optonline.net) (Quit: This computer has gone to sleep)
[20:41:49] *** Quits: luz (lucy@moz-CD18B14B.customer.cdi.no) (Input/output error)
[20:41:55] *** Joins: luz (lucy@moz-CD18B14B.customer.cdi.no)
[20:43:43] *** Quits: jensnockert (jensnocker@moz-7DC16A5F.afb.bredband2.com) (Input/output error)
[20:53:04] *** Joins: squiddy (squiddy@moz-5E5BFA05.adsl.alicedsl.de)
[21:03:05] *** Joins: canhtak (canhtak@moz-46971EF1.wl.t.ulaval.ca)
[21:11:23] *** Joins: Kjelle (karl@moz-58495553.static.spa.siw.siwnet.net)
[21:23:34] *** Joins: ofeldt (ofeldt@moz-42077DC7.dip0.t-ipconnect.de)
[21:24:35] *** Quits: ofeldt- (ofeldt@moz-CD295A79.dip0.t-ipconnect.de) (Ping timeout)
[21:33:37] *** Quits: brandonw (brandonw@moz-B334F9B.dhcp.oxfr.ma.charter.com) (Ping timeout)
[21:41:00] *** Joins: Amaranthus (travis@moz-F81BB56A.cpe.cableone.net)
[21:41:07] *** Quits: Amaranth (travis@moz-F81BB56A.cpe.cableone.net) (Ping timeout)
[21:44:29] *** Joins: brandonw (brandonw@moz-B334F9B.dhcp.oxfr.ma.charter.com)
[21:47:33] *** Joins: jensnockert (jensnocker@moz-7DC16A5F.afb.bredband2.com)
[22:02:35] *** Joins: brson (brson@moz-5386576F.sd.sd.cox.net)
[22:05:31] *** Quits: brson (brson@moz-5386576F.sd.sd.cox.net) (Quit: leaving)
[22:10:14] *** Quits: brandonw (brandonw@moz-B334F9B.dhcp.oxfr.ma.charter.com) (Quit: leaving)
[22:10:27] *** Joins: brandonw (brandonw@moz-B334F9B.dhcp.oxfr.ma.charter.com)
[22:11:33] *** Quits: brandonw (brandonw@moz-B334F9B.dhcp.oxfr.ma.charter.com) (Quit: leaving)
[22:12:20] *** Joins: brandonw (brandonw@moz-B334F9B.dhcp.oxfr.ma.charter.com)
[22:21:31] *** Quits: brandonw (brandonw@moz-B334F9B.dhcp.oxfr.ma.charter.com) (Quit: leaving)
[22:21:49] *** Joins: brandonw (brandonw@moz-B334F9B.dhcp.oxfr.ma.charter.com)
[22:26:49] *** Quits: brandonw (brandonw@moz-B334F9B.dhcp.oxfr.ma.charter.com) (Quit: leaving)
[22:27:46] *** Joins: brandonw (brandonw@moz-B334F9B.dhcp.oxfr.ma.charter.com)
[22:29:57] *** Joins: pcwalton (pcwalton@moz-DA87EE4.hsd1.ca.comcast.net)
[22:29:57] *** ChanServ sets mode: +qo pcwalton pcwalton
[22:33:16] *** Quits: Kjelle (karl@moz-58495553.static.spa.siw.siwnet.net) (Quit: )
[22:53:10] *** Quits: canhtak (canhtak@moz-46971EF1.wl.t.ulaval.ca) (Quit: canhtak)
[22:53:23] *** Joins: canhtak (canhtak@moz-46971EF1.wl.t.ulaval.ca)
[23:01:13] *** Quits: jensnockert (jensnocker@moz-7DC16A5F.afb.bredband2.com) (Input/output error)
[23:01:50] *** Joins: jensnockert (jensnocker@moz-7DC16A5F.afb.bredband2.com)
[23:10:11] *** Quits: SiegeLord (sl@moz-CAF07B4C.hsd1.ma.comcast.net) (Quit: It's a joke, it's all a joke.)
[23:16:13] *** Quits: canhtak (canhtak@moz-46971EF1.wl.t.ulaval.ca) (Quit: canhtak)
[23:24:08] *** Quits: squiddy (squiddy@moz-5E5BFA05.adsl.alicedsl.de) (Quit: Leaving)
[23:25:57] *** Joins: canhtak (canhtak@moz-46971EF1.wl.t.ulaval.ca)
[23:52:09] *** Joins: seich_ (seichMoz@E0DBF039.6AE14CEC.624CE61B.IP)
[23:55:57] *** Parts: seich_ (seichMoz@E0DBF039.6AE14CEC.624CE61B.IP) ()
[23:56:20] *** Quits: ross (r@moz-35D0ADAB.clr.io) (Quit: -)
[23:56:51] *** Quits: jensnockert (jensnocker@moz-7DC16A5F.afb.bredband2.com) (Input/output error)
[23:57:19] *** Joins: jensnockert (jensnocker@moz-7DC16A5F.afb.bredband2.com)
[23:59:08] *** Quits: jensnockert (jensnocker@moz-7DC16A5F.afb.bredband2.com) (Ping timeout)
