[00:13:54] *** Joins: brson_ (brson@moz-DFAA4E15.p2p.sfo1.mozilla.com)
[00:15:01] *** Quits: brson (brson@6A848D32.C1B840DD.76F66111.IP) (Ping timeout)
[00:22:31] *** Quits: brson_ (brson@moz-DFAA4E15.p2p.sfo1.mozilla.com) (Ping timeout)
[00:27:55] *** Joins: brson (brson@moz-DFAA4E15.p2p.sfo1.mozilla.com)
[00:51:59] *** Quits: TheHydroImpulse (TheHydroIm@moz-A9FB1B83.ed.shawcable.net) (Quit: TheHydroImpulse)
[00:56:52] *** Joins: TheHydroImpulse (TheHydroIm@moz-A9FB1B83.ed.shawcable.net)
[01:07:50] *** Quits: TheHydroImpulse (TheHydroIm@moz-A9FB1B83.ed.shawcable.net) (Quit: TheHydroImpulse)
[01:21:54] *** bstrie is now known as bstrie_test
[01:24:12] *** bstrie_test is now known as bstrie
[01:46:07] *** Joins: TheHydroImpulse (TheHydroIm@moz-F618A026.ed.shawcable.net)
[01:50:58] *** Quits: brson (brson@moz-DFAA4E15.p2p.sfo1.mozilla.com) (Quit: leaving)
[01:53:03] *** Quits: TheHydroImpulse (TheHydroIm@moz-F618A026.ed.shawcable.net) (Ping timeout)
[01:54:04] *** Joins: TheHydroImpulse (TheHydroIm@EEB3839F.1A25AF6D.E9467022.IP)
[02:37:33] *** Quits: TheHydroImpulse (TheHydroIm@EEB3839F.1A25AF6D.E9467022.IP) (Quit: TheHydroImpulse)
[05:42:13] *** Joins: TheHydroImpulse (TheHydroIm@moz-A9FB1B83.ed.shawcable.net)
[06:15:06] *** Quits: TheHydroImpulse (TheHydroIm@moz-A9FB1B83.ed.shawcable.net) (Connection reset by peer)
[06:16:57] *** Joins: TheHydroImpulse (TheHydroIm@moz-A9FB1B83.ed.shawcable.net)
[07:14:02] *** Quits: ChrisMorgan (chris@moz-6AC741CA.static.tpgi.com.au) (Ping timeout)
[08:08:33] *** Quits: TheHydroImpulse (TheHydroIm@moz-A9FB1B83.ed.shawcable.net) (Quit: TheHydroImpulse)
[09:09:43] *** Joins: TheHydroImpulse (TheHydroIm@moz-A9FB1B83.ed.shawcable.net)
[09:21:25] *** Quits: TheHydroImpulse (TheHydroIm@moz-A9FB1B83.ed.shawcable.net) (Quit: TheHydroImpulse)
[12:08:45] *** Joins: ChrisMorgan (chris@moz-6AC741CA.static.tpgi.com.au)
[13:51:33] *** Quits: ChrisMorgan (chris@moz-6AC741CA.static.tpgi.com.au) (Ping timeout)
[16:27:17] *** Joins: TheHydroImpulse (TheHydroIm@moz-A9FB1B83.ed.shawcable.net)
[16:59:01] *** Quits: TheHydroImpulse (TheHydroIm@moz-A9FB1B83.ed.shawcable.net) (Quit: TheHydroImpulse)
[18:43:55] *** Quits: bjz (bjz@B398BE78.F804C29E.D35A31DF.IP) (Ping timeout)
[18:44:18] *** Joins: bjz (bjz@B398BE78.F804C29E.D35A31DF.IP)
[19:17:18] *** Joins: TheHydroImpulse (TheHydroIm@moz-A9FB1B83.ed.shawcable.net)
[21:12:59] *** Quits: TheHydroImpulse (TheHydroIm@moz-A9FB1B83.ed.shawcable.net) (Connection reset by peer)
[21:14:54] *** Joins: TheHydroImpulse (TheHydroIm@moz-A9FB1B83.ed.shawcable.net)
[21:17:52] *** Joins: brson (brson@moz-BBE3ABD.mv.mozilla.com)
[21:22:16] *** Quits: TheHydroImpulse (TheHydroIm@moz-A9FB1B83.ed.shawcable.net) (Quit: TheHydroImpulse)
[21:31:45] *** Joins: TheHydroImpulse (TheHydroIm@moz-A9FB1B83.ed.shawcable.net)
