[00:30:40] <photex> http://prostheticknowledge.tumblr.com/post/76263478166/fish-on-wheels-a-small-fishtank-that-is-driven-by
[00:30:52] <photex> mascot proposal
[00:31:00] <photex> j/k
[00:45:16] <cmr> bahahah
[00:49:53] <_achin> are you saying our mascot should be a robotic fish?
[00:51:37] <photex> no, just a fish empowered by technology
[00:51:52] <photex> overcoming adversity and exploring the universe
[00:52:22] * photex jumps with a high five fist in the air as the frame freezes and the credits roll
[00:58:03] <_achin> :D
[01:01:39] * ChrisMorgan wonders how effectively the fish could actually control where it went
[01:02:11] * cmr wonders how confused the poor fish was
[01:04:10] <_achin> imaging all the surprises that fish had!
[02:35:18] *** Quits: jsonnull (Thunderbir@F1457BE1.3E7847E.494A0F8B.IP) (Quit: jsonnull)
[02:45:31] *** Quits: sunfish (chatzilla@moz-BBE3ABD.mv.mozilla.com) (Ping timeout)
[03:12:50] *** Joins: sunfish (chatzilla@moz-8DE7F965.dsl.dynamic.sonic.net)
[05:02:14] *** Quits: kvanb (kvanb@EE387284.30385D4F.1611EE05.IP) (Quit: kvanb)
[06:32:46] *** Quits: sunfish (chatzilla@moz-8DE7F965.dsl.dynamic.sonic.net) (Ping timeout)
[07:07:45] *** Quits: ChrisMorgan (chris@moz-6AC741CA.static.tpgi.com.au) (Ping timeout)
[11:54:35] *** Joins: kvanb (kvanb@EE387284.30385D4F.1611EE05.IP)
[13:37:22] *** Quits: kvanb (kvanb@EE387284.30385D4F.1611EE05.IP) (Quit: kvanb)
[15:23:38] *** Joins: sunfish (chatzilla@moz-8DE7F965.dsl.dynamic.sonic.net)
[17:29:13] *** Quits: sunfish (chatzilla@moz-8DE7F965.dsl.dynamic.sonic.net) (Ping timeout)
[18:32:03] *** Joins: sunfish (chatzilla@moz-BBE3ABD.mv.mozilla.com)
[18:53:10] *** Quits: sunfish (chatzilla@moz-BBE3ABD.mv.mozilla.com) (Ping timeout)
[19:22:43] *** Joins: sunfish (chatzilla@moz-BBE3ABD.mv.mozilla.com)
[20:35:28] *** Quits: sunfish (chatzilla@moz-BBE3ABD.mv.mozilla.com) (Ping timeout)
[21:18:27] *** Joins: ChrisMorgan (chris@moz-6AC741CA.static.tpgi.com.au)
[21:50:46] *** Joins: sunfish (chatzilla@moz-BBE3ABD.mv.mozilla.com)
[22:20:02] *** Joins: kvanb (kvanb@EE387284.30385D4F.1611EE05.IP)
[23:06:08] *** Quits: sunfish (chatzilla@moz-BBE3ABD.mv.mozilla.com) (Quit: ChatZilla 0.9.90.1 [Firefox 26.0/20131206145143])
[23:09:34] *** Joins: sunfish (chatzilla@moz-BBE3ABD.mv.mozilla.com)
[23:44:33] *** Quits: sunfish (chatzilla@moz-BBE3ABD.mv.mozilla.com) (Ping timeout)
