[01:52:46] *** Joins: tjc (tjc@moz-744AF7EC.tmodns.net)
[02:11:32] *** Quits: tjc (tjc@moz-744AF7EC.tmodns.net) (Quit: zzzzzzzzzz)
[06:10:50] *** Joins: tjc (tjc@moz-ACD0E477.hsd1.or.comcast.net)
[06:12:37] *** Quits: tjc (tjc@moz-ACD0E477.hsd1.or.comcast.net) (Ping timeout)
[06:15:49] *** Joins: tjc (tjc@moz-ACD0E477.hsd1.or.comcast.net)
[06:39:53] *** Quits: tjc (tjc@moz-ACD0E477.hsd1.or.comcast.net) (Quit: zzzzzzzzzz)
[06:48:09] *** Joins: tjc (tjc@moz-ACD0E477.hsd1.or.comcast.net)
[06:49:26] *** Quits: tjc (tjc@moz-ACD0E477.hsd1.or.comcast.net) (Quit: zzzzzzzzzz)
[07:01:50] *** Joins: tjc (tjc@moz-ACD0E477.hsd1.or.comcast.net)
[07:16:37] *** Quits: tjc (tjc@moz-ACD0E477.hsd1.or.comcast.net) (Quit: zzzzzzzzzz)
[15:24:20] *** Joins: tjc (tjc@moz-ACD0E477.hsd1.or.comcast.net)
[15:32:13] *** Quits: tjc (tjc@moz-ACD0E477.hsd1.or.comcast.net) (Quit: zzzzzzzzzz)
[16:10:50] *** Joins: tjc (tjc@moz-5864AB44.hsd1.or.comcast.net)
[18:11:10] *** Quits: tjc (tjc@moz-5864AB44.hsd1.or.comcast.net) (Quit: Places to go, people to annoy)
[20:25:20] *** Joins: tjc (tjc@D83289CC.8F6D08CD.3F96B88A.IP)
[21:45:45] *** Quits: tjc (tjc@D83289CC.8F6D08CD.3F96B88A.IP) (Ping timeout)
[21:51:13] *** Joins: tjc (tjc@D83289CC.8F6D08CD.3F96B88A.IP)
[22:00:20] *** Quits: tjc (tjc@D83289CC.8F6D08CD.3F96B88A.IP) (Quit: Places to go, people to annoy)
[22:42:11] *** Joins: tjc (tjc@moz-A8DE5A1A.hfc.comcastbusiness.net)
[23:22:15] *** Quits: tjc (tjc@moz-A8DE5A1A.hfc.comcastbusiness.net) (Quit: zzzzzzzzzz)
[23:30:20] *** Joins: tjc (tjc@moz-A1C344A0.war.clearwire-wmx.net)
[23:36:27] *** Quits: tjc (tjc@moz-A1C344A0.war.clearwire-wmx.net) (Connection reset by peer)
[23:41:12] *** Joins: tjc (tjc@moz-A1C344A0.war.clearwire-wmx.net)
