[00:11:44] *** Quits: jensnockert (jensnocker@moz-7DC16A5F.afb.bredband2.com) (Input/output error)
[00:22:39] *** kimundi is now known as zz_kimundi
[00:36:39] *** Quits: jdm (jdm@A7937365.8212E19F.1D05C454.IP) (Quit: Lost terminal)
[00:38:37] <bjz> cmr: got the event port thing working
[00:44:15] *** Quits: shamansir (shamansir@moz-10B8BE98.superkabel.de) (Quit: shamansir)
[00:52:27] *** Quits: brson (brson@moz-BBE3ABD.mv.mozilla.com) (Ping timeout)
[01:05:21] *** Quits: onelson (owen@18CF7301.95770028.5B6BFE7D.IP) (Input/output error)
[01:11:05] *** Joins: onelson (owen@18CF7301.95770028.5B6BFE7D.IP)
[01:15:19] <cmr> \o/
[01:18:34] <bjz> cmr: https://github.com/bjz/sdl2-rs/
[01:18:37] <bjz> oh wait
[01:19:00] <bjz> cmr: https://gist.github.com/bjz/58a4968a51f9db14b5a1
[01:19:07] <bjz> that's the one
[01:19:28] <bjz> need to do the error/monitor callback
[01:23:30] <cmr>  window.set_focus_polling(true);
[01:23:45] <cmr> / repeat 12 more times
[01:23:51] <cmr> window.poll_all() :P
[01:23:56] <cmr> or poll_all(true)
[01:24:39] <bjz> heh
[01:35:53] *** Joins: summerlight (summerligh@327FC32B.2C956A45.501EFF44.IP)
[01:38:31] *** Quits: Ferreus (ferreus@moz-3C083E18.pools.arcor-ip.net) (Quit: WeeChat 0.4.3-dev)
[01:54:09] *** Joins: dmillerw (dylan@moz-F9231FD9.eugn.qwest.net)
[02:05:20] *** Quits: squiddy (squiddy@moz-19BAE379.adsl.alicedsl.de) (Quit: Leaving)
[02:12:11] *** Quits: doomlord_ (servitor@moz-841308DB.range86-160.btcentralplus.com) (Ping timeout)
[02:12:48] *** Joins: jensnockert (jensnocker@moz-7DC16A5F.afb.bredband2.com)
[02:13:48] *** Joins: doomlord_ (servitor@moz-858B6E73.range86-148.btcentralplus.com)
[02:14:44] *** Quits: jensnockert (jensnocker@moz-7DC16A5F.afb.bredband2.com) (Ping timeout)
[02:25:29] *** Quits: onelson (owen@18CF7301.95770028.5B6BFE7D.IP) (Input/output error)
[02:27:47] *** Joins: onelson (owen@18CF7301.95770028.5B6BFE7D.IP)
[02:34:16] *** Quits: Zylinski (karl@moz-58495553.static.spa.siw.siwnet.net) (Quit: )
[02:45:09] *** Joins: brson (brson@moz-BBE3ABD.mv.mozilla.com)
[02:46:42] <dmillerw> are there any known issues with 64 bit libraries being used? Testing out rust-sfml and it can't seem to find sfml, despite the files being in /usr/lib64
[02:47:37] <canhtak> dmillerw have you install both csfml and sfml?
[02:47:42] <dmillerw> yup
[02:49:29] <canhtak> i remember that on fedora i have to put csfml + sfml lib in /usr/lib
[02:49:37] <canhtak> but i'm not sure
[02:50:01] <canhtak> what platform do you use?
[02:50:10] *** Quits: ricepuddin (graham@moz-7D68765A.cable.virginm.net) (Ping timeout)
[02:50:12] <dmillerw> I am using Fedora, so I'll give that a shot
[02:54:44] <canhtak> dmillerw: tell me if it solve your problem.
[02:55:06] <dmillerw> Ended up having to do the reverse, as they were actually in lib, but it worked :)
[02:57:15] <canhtak> great! feel free to tell me if you have any other problem with rust-sfml! (i maintains this package)
[03:09:05] *** Quits: dmillerw (dylan@moz-F9231FD9.eugn.qwest.net) (Ping timeout)
[03:09:42] *** Joins: dmillerw (dylan@moz-F9231FD9.eugn.qwest.net)
[03:17:36] *** Quits: eddyb (eddy@832D2DE5.66315F97.FB866788.IP) (Ping timeout)
[03:17:56] *** Quits: JesseH (Jesse@moz-BD21A528.mc.at.cox.net) (Ping timeout)
[03:19:05] <dmillerw> canhtak, can't seem to find the MouseMoved event, despite me having event imported
[03:22:44] <dmillerw> http://i.imgur.com/R2TSy1v.png
[03:25:01] *** Quits: zz_kimundi (kimundi@moz-CC8364D0.dip0.t-ipconnect.de) (Ping timeout)
[03:26:34] *** Joins: csherratt (csherratt@moz-7685819.cpe.teksavvy.com)
[03:28:52] <csherratt> bjz you have good timing I was going to be looking at input this weekend
[03:28:54] *** Joins: zz_kimundi (kimundi@moz-19888B08.dip0.t-ipconnect.de)
[03:28:56] *** zz_kimundi is now known as kimundi
[03:28:59] <bjz> heh
[03:29:30] <bjz> I'm looking for feedback
[03:30:39] *** Quits: summerlight (summerligh@327FC32B.2C956A45.501EFF44.IP) (Ping timeout)
[03:30:52] <csherratt> Does it work?
[03:33:03] <canhtak> dmillerw: you should match the MouseMoved event like this:
[03:33:19] <canhtak> event::MouseMoved { x, y}
[03:34:48] *** Quits: ssira (ssira@moz-DC71C200.kanagawa.ocn.ne.jp) (Client exited)
[03:35:09] *** Joins: ssira (ssira@moz-DC71C200.kanagawa.ocn.ne.jp)
[03:36:20] <dmillerw> yeah, just realized that
[03:36:36] <bjz> csherratt: it does indeed!
[03:36:56] *** Quits: ssira (ssira@moz-DC71C200.kanagawa.ocn.ne.jp) (Ping timeout)
[03:47:02] *** Quits: japaric (japaric@BA37D376.D2FA42B.95AFB88D.IP) (Ping timeout)
[03:50:45] *** Joins: ssira (ssira@moz-DC71C200.kanagawa.ocn.ne.jp)
[03:57:40] *** Joins: japaric (japaric@56FF3E09.8FD1E798.5C7588CA.IP)
[04:03:55] *** Joins: pcwalton (pcwalton@moz-DA87EE4.hsd1.ca.comcast.net)
[04:03:55] *** ChanServ sets mode: +qo pcwalton pcwalton
[04:06:15] <csherratt> bjz, flush_events reads from the event port until it is empty?
[04:06:27] <bjz> yep
[04:06:43] <bjz> doesn't block
[04:06:55] *** Quits: dmillerw (dylan@moz-F9231FD9.eugn.qwest.net) (Quit: Leaving)
[04:13:44] *** Joins: jensnockert (jensnocker@moz-988C9930.e0f8471ae7fa.afb.bredband2.com)
[04:13:56] *** Quits: pcwalton (pcwalton@moz-DA87EE4.hsd1.ca.comcast.net) (Quit: pcwalton)
[04:15:37] *** Quits: jensnockert (jensnocker@moz-988C9930.e0f8471ae7fa.afb.bredband2.com) (Ping timeout)
[04:17:55] <csherratt> so when you call flush, you are getting events in as you are processing them?
[04:18:49] <csherratt> as in, it collects from 0-16ms, I call flush_events and start reading the events. it won't stop the flow of events at when I called flush_events it will keep reading until the buffer is full.
[04:19:37] <csherratt> so if your handler is a bit slow, you could be handling events from the next frame.
[04:27:51] *** Quits: ssira (ssira@moz-DC71C200.kanagawa.ocn.ne.jp) (Client exited)
[04:28:12] *** Joins: ssira (ssira@moz-DC71C200.kanagawa.ocn.ne.jp)
[04:29:58] *** Quits: ssira (ssira@moz-DC71C200.kanagawa.ocn.ne.jp) (Ping timeout)
[04:37:09] *** Joins: mib_dqfpf8 (Mibbit@A2BF1BA0.F93A2643.971E19F6.IP)
[04:37:25] *** Quits: mib_dqfpf8 (Mibbit@A2BF1BA0.F93A2643.971E19F6.IP) (Quit: http://www.mibbit.com ajax IRC Client)
[04:45:59] <csherratt> I have no idea how to work around that.
[04:54:15] *** Quits: japaric (japaric@56FF3E09.8FD1E798.5C7588CA.IP) (Ping timeout)
[04:55:47] *** Joins: japaric1 (japaric@DDF50A2B.40EC661E.5C7588CA.IP)
[04:56:52] *** Quits: tiffany (kawaii@moz-FC0DB29D.dhcp.embarqhsd.net) (Connection reset by peer)
[04:58:18] *** Joins: tiffany (kawaii@moz-FC0DB29D.dhcp.embarqhsd.net)
[05:02:04] *** Quits: SiegeLord (sl@moz-CAF07B4C.hsd1.ma.comcast.net) (Quit: It's a joke, it's all a joke.)
[05:06:02] *** Quits: csherratt (csherratt@moz-7685819.cpe.teksavvy.com) (Ping timeout)
[05:06:41] *** Joins: csherratt (csherratt@moz-7685819.cpe.teksavvy.com)
[05:29:48] *** Quits: canhtak (canhtak@moz-9E539298.wl.t.ulaval.ca) (Quit: canhtak)
[05:30:07] *** Joins: canhtak (canhtak@moz-9E539298.wl.t.ulaval.ca)
[06:14:40] *** Joins: jensnockert (jensnocker@moz-7DC16A5F.afb.bredband2.com)
[06:14:58] *** Joins: summerlight (summerligh@327FC32B.2C956A45.501EFF44.IP)
[06:16:35] *** Quits: jensnockert (jensnocker@moz-7DC16A5F.afb.bredband2.com) (Ping timeout)
[06:22:03] *** Quits: darthdeus (darthdeus@EEC5B4DB.3B96A244.4E88690D.IP) (Quit: Leaving...)
[06:32:49] *** Joins: dmac (Adium@moz-94F55C3.hfc.comcastbusiness.net)
[06:39:58] *** Quits: summerlight (summerligh@327FC32B.2C956A45.501EFF44.IP) (Ping timeout)
[07:23:04] *** Quits: dmac (Adium@moz-94F55C3.hfc.comcastbusiness.net) (Quit: Leaving.)
[07:23:32] *** Joins: dmac (Adium@moz-94F55C3.hfc.comcastbusiness.net)
[07:25:30] *** Quits: bjz (bjz@B398BE78.F804C29E.D35A31DF.IP) (Ping timeout)
[07:25:53] *** Joins: bjz (bjz@B398BE78.F804C29E.D35A31DF.IP)
[07:26:49] *** Quits: dmac (Adium@moz-94F55C3.hfc.comcastbusiness.net) (Quit: Leaving.)
[07:30:09] *** Quits: bjz (bjz@B398BE78.F804C29E.D35A31DF.IP) (Ping timeout)
[07:31:22] *** Joins: bjz (bjz@B398BE78.F804C29E.D35A31DF.IP)
[07:56:52] *** Joins: dmac (Adium@moz-94F55C3.hfc.comcastbusiness.net)
[08:03:03] *** Quits: dmac (Adium@moz-94F55C3.hfc.comcastbusiness.net) (Ping timeout)
[08:15:36] *** Joins: jensnockert (jensnocker@moz-988C9930.e0f8471ae7fa.afb.bredband2.com)
[08:17:28] *** Quits: jensnockert (jensnocker@moz-988C9930.e0f8471ae7fa.afb.bredband2.com) (Ping timeout)
[08:18:31] *** Quits: jeaye (jeaye@moz-34FEF2BB.hsd1.ca.comcast.net) (Quit: zzz)
[08:27:35] *** Quits: rustilite (rustilite@moz-54F7FD49.cpe.net.cable.rogers.com) (Ping timeout)
[08:27:43] *** Quits: rusti (rusti@moz-54F7FD49.cpe.net.cable.rogers.com) (Ping timeout)
[08:35:00] *** Quits: Yurumechan (23f9939a@B2F514.E4420F21.EEF52F3A.IP) (Ping timeout)
[08:42:36] *** Joins: Yurumechan (23f9939a@B2F514.E4420F21.EEF52F3A.IP)
[08:43:19] *** Joins: rustilite (rustilite@moz-54F7FD49.cpe.net.cable.rogers.com)
[08:43:39] *** Joins: rusti (rusti@moz-54F7FD49.cpe.net.cable.rogers.com)
[08:48:19] *** Quits: csherratt (csherratt@moz-7685819.cpe.teksavvy.com) (Quit: csherratt)
[08:55:52] *** Quits: onelson (owen@18CF7301.95770028.5B6BFE7D.IP) (Ping timeout)
[08:56:06] *** Joins: jensnockert (jensnocker@moz-988C9930.e0f8471ae7fa.afb.bredband2.com)
[08:57:13] *** Joins: onelson (owen@18CF7301.95770028.5B6BFE7D.IP)
[08:57:57] *** Quits: jensnockert (jensnocker@moz-988C9930.e0f8471ae7fa.afb.bredband2.com) (Ping timeout)
[09:01:42] *** Joins: dmac1 (Adium@moz-94F55C3.hfc.comcastbusiness.net)
[09:03:24] *** Quits: dmac1 (Adium@moz-94F55C3.hfc.comcastbusiness.net) (Ping timeout)
[09:09:59] *** Quits: brson (brson@moz-BBE3ABD.mv.mozilla.com) (Ping timeout)
[09:22:59] *** Joins: eddyb (eddy@832D2DE5.66315F97.FB866788.IP)
[09:25:43] *** Quits: canhtak (canhtak@moz-9E539298.wl.t.ulaval.ca) (Quit: canhtak)
[09:27:26] *** Joins: csherratt (csherratt@moz-7685819.cpe.teksavvy.com)
[09:28:20] *** Quits: csherratt (csherratt@moz-7685819.cpe.teksavvy.com) (Quit: csherratt)
[09:37:24] *** Joins: shamansir (shamansir@moz-10B8BE98.superkabel.de)
[09:40:07] *** Joins: TheHydroImpulse (TheHydroIm@moz-A9FB1B83.ed.shawcable.net)
[09:41:49] *** Joins: Saj (Sajuuk@moz-840D0658.netvisao.pt)
[09:55:11] *** Joins: jdm (jdm@moz-DB4A9C19.scl3.mozilla.com)
[10:03:19] *** Joins: squiddy (squiddy@moz-9D801C8C.adsl.alicedsl.de)
[10:04:03] *** Joins: dmac1 (Adium@moz-94F55C3.hfc.comcastbusiness.net)
[10:05:46] *** Quits: dmac1 (Adium@moz-94F55C3.hfc.comcastbusiness.net) (Ping timeout)
[10:18:46] *** Joins: summerlight (summerligh@327FC32B.2C956A45.501EFF44.IP)
[10:31:45] *** Quits: rlane (rlane@moz-CE3B2899.club.cc.cmu.edu) (Ping timeout)
[10:33:21] *** Quits: jdm (jdm@moz-DB4A9C19.scl3.mozilla.com) (Quit: Lost terminal)
[10:57:15] *** Joins: jensnockert (jensnocker@moz-7DC16A5F.afb.bredband2.com)
[10:58:57] *** Quits: jensnockert (jensnocker@moz-7DC16A5F.afb.bredband2.com) (Ping timeout)
[11:01:32] *** Quits: onelson (owen@18CF7301.95770028.5B6BFE7D.IP) (Ping timeout)
[11:04:29] *** Joins: dmac1 (Adium@moz-94F55C3.hfc.comcastbusiness.net)
[11:10:26] *** Quits: dmac1 (Adium@moz-94F55C3.hfc.comcastbusiness.net) (Ping timeout)
[11:22:31] *** Quits: TheHydroImpulse (TheHydroIm@moz-A9FB1B83.ed.shawcable.net) (Connection reset by peer)
[11:24:35] *** Joins: TheHydroImpulse (TheHydroIm@moz-A9FB1B83.ed.shawcable.net)
[11:28:48] *** Joins: jsonnull (Thunderbir@26F61E6.CFD9471D.494A0F8B.IP)
[11:51:57] *** Joins: ricepuddin (graham@moz-7D68765A.cable.virginm.net)
[11:54:05] *** Joins: darthdeus (darthdeus@EEC5B4DB.3B96A244.4E88690D.IP)
[11:59:34] *** Joins: ssira (ssira@moz-DC71C200.kanagawa.ocn.ne.jp)
[12:01:11] *** Joins: Ferreus (ferreus@moz-2583F76D.pools.arcor-ip.net)
[12:03:52] *** Quits: luz (lucy@moz-CD18B14B.customer.cdi.no) (Ping timeout)
[12:05:13] *** Joins: luz (lucy@moz-CD18B14B.customer.cdi.no)
[12:09:07] *** Joins: dmac (Adium@moz-94F55C3.hfc.comcastbusiness.net)
[12:10:56] *** Quits: dmac (Adium@moz-94F55C3.hfc.comcastbusiness.net) (Ping timeout)
[12:27:27] *** Joins: csherratt (csherratt@moz-7685819.cpe.teksavvy.com)
[12:28:54] *** Quits: csherratt (csherratt@moz-7685819.cpe.teksavvy.com) (Quit: csherratt)
[12:30:45] *** Quits: ssira (ssira@moz-DC71C200.kanagawa.ocn.ne.jp) (Client exited)
[12:31:09] *** Joins: ssira (ssira@moz-DC71C200.kanagawa.ocn.ne.jp)
[12:32:55] *** Quits: ssira (ssira@moz-DC71C200.kanagawa.ocn.ne.jp) (Ping timeout)
[12:57:50] *** Joins: jensnockert (jensnocker@moz-7DC16A5F.afb.bredband2.com)
[12:59:41] *** Quits: jensnockert (jensnocker@moz-7DC16A5F.afb.bredband2.com) (Ping timeout)
[12:59:48] *** Joins: jdm (jdm@moz-DB4A9C19.scl3.mozilla.com)
[13:02:24] *** Joins: ssira (ssira@moz-DC71C200.kanagawa.ocn.ne.jp)
[13:08:00] *** Joins: SiegeLord (sl@moz-CAF07B4C.hsd1.ma.comcast.net)
[13:09:29] *** Joins: dmac (Adium@moz-94F55C3.hfc.comcastbusiness.net)
[13:11:12] *** Quits: dmac (Adium@moz-94F55C3.hfc.comcastbusiness.net) (Ping timeout)
[13:13:04] *** Joins: NiccosSystem (NiccosSyst@AB1AFDE.FC7B0C35.A7597CB6.IP)
[13:25:58] *** Quits: ssira (ssira@moz-DC71C200.kanagawa.ocn.ne.jp) (Quit: Leaving...)
[13:26:28] *** Joins: ssira (ssira@moz-DC71C200.kanagawa.ocn.ne.jp)
[13:38:45] *** Quits: ecl3ctic (Mibbit@578C64B6.F0F44EFA.76AE55C1.IP) (Quit: http://www.mibbit.com ajax IRC Client)
[14:08:00] *** Quits: TheHydroImpulse (TheHydroIm@moz-A9FB1B83.ed.shawcable.net) (Connection reset by peer)
[14:09:32] *** Joins: TheHydroImpulse (TheHydroIm@moz-A9FB1B83.ed.shawcable.net)
[14:09:46] *** Joins: dmac (Adium@moz-94F55C3.hfc.comcastbusiness.net)
[14:11:32] *** Quits: dmac (Adium@moz-94F55C3.hfc.comcastbusiness.net) (Ping timeout)
[14:12:09] *** Quits: jdm (jdm@moz-DB4A9C19.scl3.mozilla.com) (Quit: Lost terminal)
[14:16:39] *** Joins: csherratt (csherratt@moz-7685819.cpe.teksavvy.com)
[14:16:46] *** Quits: TheHydroImpulse (TheHydroIm@moz-A9FB1B83.ed.shawcable.net) (Quit: TheHydroImpulse)
[14:18:02] *** Quits: csherratt (csherratt@moz-7685819.cpe.teksavvy.com) (Quit: csherratt)
[14:18:40] *** Joins: csherratt (csherratt@moz-7685819.cpe.teksavvy.com)
[14:20:03] *** Quits: csherratt (csherratt@moz-7685819.cpe.teksavvy.com) (Quit: csherratt)
[14:20:42] *** Joins: csherratt (csherratt@moz-7685819.cpe.teksavvy.com)
[14:22:03] *** Quits: csherratt (csherratt@moz-7685819.cpe.teksavvy.com) (Quit: csherratt)
[14:22:43] *** Joins: csherratt (csherratt@moz-7685819.cpe.teksavvy.com)
[14:24:13] *** Quits: csherratt (csherratt@moz-7685819.cpe.teksavvy.com) (Quit: csherratt)
[14:27:22] *** Quits: bjz (bjz@B398BE78.F804C29E.D35A31DF.IP) (No route to host)
[14:27:37] *** Joins: bjz (bjz@B398BE78.F804C29E.D35A31DF.IP)
[14:31:23] *** Quits: NiccosSystem (NiccosSyst@AB1AFDE.FC7B0C35.A7597CB6.IP) (Client exited)
[14:50:50] *** Joins: ferminter (Mibbit@moz-C0BE57C4.dk.customer.tdc.net)
[14:50:56] <ferminter> hello
[14:51:59] *** Quits: ferminter (Mibbit@moz-C0BE57C4.dk.customer.tdc.net) (Quit: http://www.mibbit.com ajax IRC Client)
[14:59:06] *** Joins: jensnockert (jensnocker@moz-7DC16A5F.afb.bredband2.com)
[15:00:49] *** Quits: jensnockert (jensnocker@moz-7DC16A5F.afb.bredband2.com) (Ping timeout)
[15:01:31] *** Quits: tiffany (kawaii@moz-FC0DB29D.dhcp.embarqhsd.net) (Input/output error)
[15:05:53] *** Quits: SiegeLord (sl@moz-CAF07B4C.hsd1.ma.comcast.net) (Quit: It's a joke, it's all a joke.)
[15:06:00] *** Joins: SiegeLord (sl@moz-CAF07B4C.hsd1.ma.comcast.net)
[15:10:04] *** Joins: dmac (Adium@moz-94F55C3.hfc.comcastbusiness.net)
[15:11:51] *** Quits: dmac (Adium@moz-94F55C3.hfc.comcastbusiness.net) (Ping timeout)
[15:18:52] *** Joins: csherratt (csherratt@moz-7685819.cpe.teksavvy.com)
[15:20:40] *** Quits: csherratt (csherratt@moz-7685819.cpe.teksavvy.com) (Quit: csherratt)
[15:26:57] *** Joins: canhtak (canhtak@moz-8A625E1D.wl.t.ulaval.ca)
[15:27:27] *** Joins: csherratt (csherratt@moz-7685819.cpe.teksavvy.com)
[15:28:52] *** Quits: csherratt (csherratt@moz-7685819.cpe.teksavvy.com) (Quit: csherratt)
[16:02:19] *** Joins: FrozenCow (FrozenCow@moz-E69F48E.dynamic.upc.nl)
[16:10:26] *** Joins: dmac (Adium@moz-94F55C3.hfc.comcastbusiness.net)
[16:12:14] *** Quits: dmac (Adium@moz-94F55C3.hfc.comcastbusiness.net) (Ping timeout)
[16:32:34] *** Joins: csherratt (csherratt@moz-7685819.cpe.teksavvy.com)
[16:39:29] *** Quits: ssira (ssira@moz-DC71C200.kanagawa.ocn.ne.jp) (Client exited)
[16:39:50] *** Joins: ssira (ssira@moz-DC71C200.kanagawa.ocn.ne.jp)
[16:41:36] *** Quits: ssira (ssira@moz-DC71C200.kanagawa.ocn.ne.jp) (Ping timeout)
[16:54:19] *** Quits: csherratt (csherratt@moz-7685819.cpe.teksavvy.com) (Quit: csherratt)
[16:57:10] *** Quits: japaric1 (japaric@DDF50A2B.40EC661E.5C7588CA.IP) (Ping timeout)
[16:59:47] *** Joins: jensnockert (jensnocker@moz-7DC16A5F.afb.bredband2.com)
[17:01:40] *** Quits: jensnockert (jensnocker@moz-7DC16A5F.afb.bredband2.com) (Ping timeout)
[17:02:15] *** Joins: japaric1 (japaric@290150F2.C68AB816.F29ED47E.IP)
[17:10:45] *** Joins: dmac (Adium@moz-94F55C3.hfc.comcastbusiness.net)
[17:12:30] *** Quits: dmac (Adium@moz-94F55C3.hfc.comcastbusiness.net) (Ping timeout)
[17:16:31] *** Quits: rsaarelm (rsaarelm@moz-84E87CA5.kapsi.fi) (Ping timeout)
[17:19:34] *** japaric1 is now known as japaric
[17:24:36] *** Quits: summerlight (summerligh@327FC32B.2C956A45.501EFF44.IP) (Ping timeout)
[17:33:07] *** Joins: rsaarelm (rsaarelm@moz-84E87CA5.kapsi.fi)
[17:36:41] *** Joins: Zylinski (karl@moz-58495553.static.spa.siw.siwnet.net)
[17:36:50] *** Joins: NiccosSystem (NiccosSyst@AB1AFDE.FC7B0C35.A7597CB6.IP)
[17:46:32] *** Joins: jensnockert (jensnocker@moz-7DC16A5F.afb.bredband2.com)
[18:11:05] *** Joins: dmac (Adium@moz-94F55C3.hfc.comcastbusiness.net)
[18:12:05] *** Quits: alex-abreu (alex@moz-7421D6C9.mc.videotron.ca) (Client exited)
[18:12:46] *** Quits: dmac (Adium@moz-94F55C3.hfc.comcastbusiness.net) (Ping timeout)
[18:14:06] *** Quits: jensnockert (jensnocker@moz-7DC16A5F.afb.bredband2.com) (Input/output error)
[18:16:14] *** Joins: jensnockert (jensnocker@moz-7DC16A5F.afb.bredband2.com)
[18:34:36] *** Quits: jensnockert (jensnocker@moz-7DC16A5F.afb.bredband2.com) (Input/output error)
[18:50:10] *** Joins: onelson (owen@18CF7301.95770028.5B6BFE7D.IP)
[18:51:04] *** Quits: stephenmac7 (quassel@moz-F2C114C1.hsd1.fl.comcast.net) (Client exited)
[18:57:48] *** Quits: canhtak (canhtak@moz-8A625E1D.wl.t.ulaval.ca) (Quit: canhtak)
[18:57:58] *** Joins: canhtak (canhtak@moz-8A625E1D.wl.t.ulaval.ca)
[18:59:03] *** Joins: erickt (etryzelaar@8C9ECD8F.3A598286.F12515B4.IP)
[19:00:12] *** Joins: pepper_chico (pepper_chi@2E27DB8.A156809A.4D7FED01.IP)
[19:16:29] *** Quits: pepper_chico (pepper_chi@2E27DB8.A156809A.4D7FED01.IP) (Quit: WeeChat 0.4.1)
[19:17:56] *** Quits: eddyb (eddy@832D2DE5.66315F97.FB866788.IP) (Ping timeout)
[19:42:09] *** Joins: dmac (Adium@moz-94F55C3.hfc.comcastbusiness.net)
[19:43:58] *** Quits: dmac (Adium@moz-94F55C3.hfc.comcastbusiness.net) (Ping timeout)
[19:50:23] <phil> bjz: switched back to Makefile for glfw-rs?
[20:05:00] *** Joins: jensnockert (jensnocker@moz-7DC16A5F.afb.bredband2.com)
[20:05:50] *** Quits: ricepuddin (graham@moz-7D68765A.cable.virginm.net) (Ping timeout)
[20:13:09] <rsaarelm> I wonder where Tup would actually end up breaking with a big project.
[20:21:11] <yuriks> rsaarelm: what killed Tup for me was the lack of clean :P
[20:22:02] <rsaarelm> yuriks: I just do git clean -fdx.
[20:22:56] <SiegeLord> What if you want to clean with uncommitted changes?
[20:23:03] <rsaarelm> Git stash.
[20:23:27] <SiegeLord> Yeah... not a very good solution
[20:23:41] <yuriks> then I went digging in the source to see if it could be implemented using the logic it uses to generate .gitignore files somehow
[20:23:47] <rsaarelm> Also git clean won't trash changed source files that are already added to git but have uncommitted changes. Just new files that haven't even been committed.
[20:23:50] <yuriks> and found out the source was messiers than I could have imagined
[20:23:56] <rsaarelm> Ouch.
[20:29:08] *** Joins: ricepuddin (graham@moz-7D68765A.cable.virginm.net)
[20:29:18] *** Joins: jeaye (jeaye@moz-34FEF2BB.hsd1.ca.comcast.net)
[20:57:43] *** Joins: dmac (Adium@moz-94F55C3.hfc.comcastbusiness.net)
[20:59:24] *** Quits: dmac (Adium@moz-94F55C3.hfc.comcastbusiness.net) (Ping timeout)
[21:01:29] *** Joins: Takuin (AndChat680@moz-21A5F23D.ks.ks.cox.net)
[21:16:43] *** Quits: Zylinski (karl@moz-58495553.static.spa.siw.siwnet.net) (Ping timeout)
[21:21:26] *** Quits: canhtak (canhtak@moz-8A625E1D.wl.t.ulaval.ca) (Quit: canhtak)
[21:25:33] *** Joins: ofeldt (ofeldt@moz-1A2A81B5.dip0.t-ipconnect.de)
[21:26:30] *** Quits: ofeldt- (ofeldt@moz-7B3F5D4E.dip0.t-ipconnect.de) (Ping timeout)
[21:48:10] *** Quits: erickt (etryzelaar@8C9ECD8F.3A598286.F12515B4.IP) (Ping timeout)
[21:50:30] *** Quits: dbaupp (Thunderbir@moz-68C83524.lns20.syd6.internode.on.net) (Ping timeout)
[21:58:02] *** Joins: dmac (Adium@moz-94F55C3.hfc.comcastbusiness.net)
[21:59:44] *** Quits: dmac (Adium@moz-94F55C3.hfc.comcastbusiness.net) (Ping timeout)
[22:01:55] *** Joins: TheHydroImpulse (TheHydroIm@moz-A9FB1B83.ed.shawcable.net)
[22:14:01] *** Joins: rlane (rlane@moz-CE3B2899.club.cc.cmu.edu)
[22:14:44] <rlane> cmr: I added hgl-rs to rust-gamedev-kit
[22:31:55] *** Joins: dmac (Adium@moz-94F55C3.hfc.comcastbusiness.net)
[22:38:58] *** Quits: TheHydroImpulse (TheHydroIm@moz-A9FB1B83.ed.shawcable.net) (Connection reset by peer)
[22:40:28] *** Joins: TheHydroImpulse (TheHydroIm@moz-A9FB1B83.ed.shawcable.net)
[22:40:50] *** Quits: Ferreus (ferreus@moz-2583F76D.pools.arcor-ip.net) (Quit: WeeChat 0.4.3-dev)
[22:44:31] *** Quits: omnus (omnus@moz-2E009EE2.stny.res.rr.com) (Ping timeout)
[22:54:27] *** Quits: FrozenCow (FrozenCow@moz-E69F48E.dynamic.upc.nl) (Client exited)
[22:57:56] *** Quits: TheHydroImpulse (TheHydroIm@moz-A9FB1B83.ed.shawcable.net) (Quit: TheHydroImpulse)
[22:59:06] *** Quits: onelson (owen@18CF7301.95770028.5B6BFE7D.IP) (Ping timeout)
[23:00:22] *** Quits: NiccosSystem (NiccosSyst@AB1AFDE.FC7B0C35.A7597CB6.IP) (Ping timeout)
[23:05:14] <jensnockert> Has anyone here tried using Mozilla Azure for writing games?
[23:05:49] *** Joins: dbaupp (Thunderbir@2702835C.D5A1DCF.37681C44.IP)
[23:21:24] *** Joins: jdm (jdm@moz-4AA3652E.cable.virginm.net)
[23:26:38] *** Joins: rust-player (androirc@moz-6D8F4AB9.netcologne.de)
[23:27:55] <rust-player> Can someone please tell me how PLUGIN:On* is working?
[23:28:27] <dbaupp> rust-player: are you looking for information about the game called rust?
[23:28:34] <rust-player> Yep
[23:28:43] <rust-player> Ah, this is rust language?
[23:28:48] <dbaupp> yep
[23:28:53] <rust-player> xD
[23:29:27] <rust-player> Okay, sorry :-) Bye!
[23:29:51] *** Joins: tiffany (kawaii@moz-FC0DB29D.dhcp.embarqhsd.net)
[23:29:58] *** Parts: rust-player (androirc@moz-6D8F4AB9.netcologne.de) (AndroIRC - Android IRC Client ( http://www.androirc.com ))
[23:30:30] *** Quits: dbaupp (Thunderbir@2702835C.D5A1DCF.37681C44.IP) (Ping timeout)
[23:34:51] *** Quits: squiddy (squiddy@moz-9D801C8C.adsl.alicedsl.de) (Quit: Leaving)
[23:40:25] *** Quits: shamansir (shamansir@moz-10B8BE98.superkabel.de) (Quit: shamansir)
[23:44:28] *** Joins: canhtak (canhtak@moz-945C7B49.wl.t.ulaval.ca)
