[00:34:43] *** Joins: cmr (moznet@F468AD76.B3752F1D.93D630DC.IP)
[00:34:49] *** Quits: jdm (jdm@F2D29657.F60B0462.67AC9B1.IP) (Quit: Lost terminal)
[00:36:44] *** Quits: azita (Azita@moz-C1FB2A8.hsd1.ca.comcast.net) (Quit: azita)
[00:42:01] *** Quits: dherman-babyduty (dherman@moz-6CA476B1.hsd1.ca.comcast.net) (Quit: dherman-babyduty)
[01:01:12] *** Quits: tikue (tkuehn@2557E599.66715431.D25A875A.IP) (Quit: tikue)
[01:06:20] *** Quits: eatkinson (eatkinson@2557E599.66715431.D25A875A.IP) (Quit: eatkinson)
[01:08:34] *** Joins: SimonSapin (simon@5924A8D9.7F79A810.4065847B.IP)
[01:09:05] *** Joins: dzbarsky (Adium@moz-A7CDB794.dia.static.qwest.net)
[01:11:09] *** Quits: eschweic (Adium@2557E599.66715431.D25A875A.IP) (Quit: Leaving.)
[01:34:08] *** Quits: SimonSapin (simon@5924A8D9.7F79A810.4065847B.IP) (Quit: Leaving.)
[01:55:56] *** Joins: bjz_ (brendanzab@B398BE78.F804C29E.D35A31DF.IP)
[01:56:17] *** Quits: bjz (brendanzab@B398BE78.F804C29E.D35A31DF.IP) (Connection reset by peer)
[02:02:01] *** Quits: brendan (brendaneic@E9758364.9EC0A5AF.CFE928A7.IP) (Quit: brendan)
[02:03:00] *** Joins: brendan (brendaneic@E9758364.9EC0A5AF.CFE928A7.IP)
[02:04:26] *** Joins: SimonSapin (simon@5924A8D9.7F79A810.4065847B.IP)
[02:11:15] *** Joins: jack (jack@moz-F1B36F9F.hsd1.nm.comcast.net)
[02:18:18] *** Joins: reyre_ (reyre@moz-9002CDDA.cpe.net.cable.rogers.com)
[02:20:36] *** Quits: dzbarsky (Adium@moz-A7CDB794.dia.static.qwest.net) (Quit: Leaving.)
[02:21:33] *** Joins: dzbarsky (Adium@moz-A7CDB794.dia.static.qwest.net)
[02:23:11] *** Quits: dzbarsky (Adium@moz-A7CDB794.dia.static.qwest.net) (Ping timeout)
[02:31:53] <jack>  /clear
[02:56:45] *** Joins: eatkinson (eatkinson@2557E599.66715431.D25A875A.IP)
[02:58:27] *** Quits: seth (seth@2557E599.66715431.D25A875A.IP) (Input/output error)
[02:59:12] *** Quits: eatkinson (eatkinson@2557E599.66715431.D25A875A.IP) (Quit: eatkinson)
[03:07:58] *** Joins: sankha93 (Instantbir@83A1CD4B.EEA5FE15.8B6C1D65.IP)
[03:27:21] *** Quits: jrfeenst (jrfeenst@moz-F912484F.cpe.norwoodlight.com) (Quit: jrfeenst)
[03:34:41] *** Quits: pcwalton (pcwalton@2557E599.66715431.D25A875A.IP) (Quit: pcwalton)
[03:38:34] *** Quits: SimonSapin (simon@5924A8D9.7F79A810.4065847B.IP) (Quit: Leaving.)
[03:45:57] *** Joins: jrfeenst (jrfeenst@moz-F912484F.cpe.norwoodlight.com)
[03:56:50] *** Joins: SimonSapin (simon@5924A8D9.7F79A810.4065847B.IP)
[04:10:24] *** Quits: reyre_ (reyre@moz-9002CDDA.cpe.net.cable.rogers.com) (Client exited)
[04:35:44] *** Joins: sbpraveen34 (chatzilla@571389A0.DF58F48B.A3D1B221.IP)
[05:02:19] *** Joins: pcwalton (pcwalton@moz-481A040C.hsd1.ca.comcast.net)
[05:02:46] *** Quits: jrfeenst (jrfeenst@moz-F912484F.cpe.norwoodlight.com) (Quit: jrfeenst)
[05:17:31] *** Parts: pcwalton (pcwalton@moz-481A040C.hsd1.ca.comcast.net) ()
[05:20:40] *** Joins: reyre_ (reyre@moz-9002CDDA.cpe.net.cable.rogers.com)
[05:22:31] *** Quits: reyre_ (reyre@moz-9002CDDA.cpe.net.cable.rogers.com) (Ping timeout)
[05:25:08] *** Quits: brendan (brendaneic@E9758364.9EC0A5AF.CFE928A7.IP) (Quit: brendan)
[05:42:57] *** Quits: caitp (caitp@moz-9FE842F.cpe.net.cable.rogers.com) (Quit: caitp)
[05:58:00] *** Quits: nielsle (nielsle@moz-5CE8ECCD.boa.fiberby.dk) (Ping timeout)
[06:13:42] *** Joins: nielsle (nielsle@moz-5CE8ECCD.boa.fiberby.dk)
[07:40:30] *** Joins: brendan (brendaneic@E9758364.9EC0A5AF.CFE928A7.IP)
[07:59:09] *** Joins: thomaslee (thomaslee@moz-306D3DF4.hsd1.or.comcast.net)
[08:04:31] *** Quits: brendan (brendaneic@E9758364.9EC0A5AF.CFE928A7.IP) (Quit: brendan)
[08:35:04] *** Quits: SimonSapin (simon@5924A8D9.7F79A810.4065847B.IP) (Quit: Leaving.)
[08:38:42] *** Joins: SimonSapin (simon@5924A8D9.7F79A810.4065847B.IP)
[08:47:13] *** Joins: brendan (brendaneic@E9758364.9EC0A5AF.CFE928A7.IP)
[08:58:03] *** Quits: sankha93 (Instantbir@83A1CD4B.EEA5FE15.8B6C1D65.IP) (Ping timeout)
[09:02:21] *** Joins: sankha93 (Instantbir@83A1CD4B.EEA5FE15.8B6C1D65.IP)
[09:02:44] *** Quits: sbpraveen34 (chatzilla@571389A0.DF58F48B.A3D1B221.IP) (Client exited)
[09:03:42] *** Quits: brendan (brendaneic@E9758364.9EC0A5AF.CFE928A7.IP) (Quit: brendan)
[09:24:17] *** Quits: sankha93 (Instantbir@83A1CD4B.EEA5FE15.8B6C1D65.IP) (Ping timeout)
[09:28:50] *** Quits: SimonSapin (simon@5924A8D9.7F79A810.4065847B.IP) (Quit: Leaving.)
[10:28:38] *** Joins: jensnockert (jensnocker@moz-8BE55278.customer.t3.se)
[10:39:10] *** Joins: tgt (tgt@moz-D59EE478.aztw.cable.virginmedia.com)
[11:36:54] *** Joins: Adityab (Adityab@303783E5.C4D4A1E0.1A5CC7E5.IP)
[11:40:31] *** Quits: Adityab (Adityab@303783E5.C4D4A1E0.1A5CC7E5.IP) (Ping timeout)
[11:41:29] *** Joins: SimonSapin (simon@A5049320.3E93794D.61EA6C28.IP)
[11:43:25] *** Joins: Adityab (Adityab@303783E5.C4D4A1E0.1A5CC7E5.IP)
[11:57:26] *** Quits: tgt (tgt@moz-D59EE478.aztw.cable.virginmedia.com) (Connection reset by peer)
[11:57:29] *** Quits: jensnockert (jensnocker@moz-8BE55278.customer.t3.se) (Input/output error)
[11:57:48] *** Joins: tgt (tgt@moz-D59EE478.aztw.cable.virginmedia.com)
[11:58:00] *** Joins: jensnockert (jensnocker@moz-8BE55278.customer.t3.se)
[12:07:01] *** Joins: sankha93 (Instantbir@1B27BD90.7C1EA8E.8B6C1D65.IP)
[12:36:59] *** Joins: jrfeenst (jrfeenst@moz-F912484F.cpe.norwoodlight.com)
[12:41:45] *** Quits: SimonSapin (simon@A5049320.3E93794D.61EA6C28.IP) (Quit: Leaving.)
[12:43:14] *** Joins: SimonSapin (simon@A5049320.3E93794D.61EA6C28.IP)
[12:45:43] *** Quits: SimonSapin (simon@A5049320.3E93794D.61EA6C28.IP) (Quit: Leaving.)
[12:47:03] *** Joins: victorporof (victorporo@FE2F04DC.63E19875.D111398B.IP)
[12:48:54] *** Joins: SimonSapin (simon@A5049320.3E93794D.61EA6C28.IP)
[12:54:38] *** Quits: tgt (tgt@moz-D59EE478.aztw.cable.virginmedia.com) (Ping timeout)
[12:58:34] *** Quits: SimonSapin (simon@A5049320.3E93794D.61EA6C28.IP) (Quit: Leaving.)
[12:58:37] *** Joins: tgt (tgt@moz-D59EE478.aztw.cable.virginmedia.com)
[13:02:41] *** Quits: Adityab (Adityab@303783E5.C4D4A1E0.1A5CC7E5.IP) (Ping timeout)
[13:03:56] *** Joins: Adityab (Adityab@303783E5.C4D4A1E0.1A5CC7E5.IP)
[13:06:44] *** Quits: Adityab (Adityab@303783E5.C4D4A1E0.1A5CC7E5.IP) (Ping timeout)
[13:18:42] *** Quits: sankha93 (Instantbir@1B27BD90.7C1EA8E.8B6C1D65.IP) (Ping timeout)
[13:23:04] *** Joins: sankha93 (Instantbir@1B27BD90.7C1EA8E.8B6C1D65.IP)
[13:33:06] *** Quits: sankha93 (Instantbir@1B27BD90.7C1EA8E.8B6C1D65.IP) (Ping timeout)
[13:37:20] *** Quits: jrfeenst (jrfeenst@moz-F912484F.cpe.norwoodlight.com) (Quit: jrfeenst)
[13:38:16] *** Joins: sankha93 (Instantbir@E986871.E546FA5E.8B6C1D65.IP)
[13:39:54] *** Quits: sankha93 (Instantbir@E986871.E546FA5E.8B6C1D65.IP) (Ping timeout)
[13:40:21] *** Joins: sankha93 (Instantbir@2BF6F88C.4C100BA0.8B6C1D65.IP)
[13:43:48] *** Quits: sankha93 (Instantbir@2BF6F88C.4C100BA0.8B6C1D65.IP) (Ping timeout)
[13:50:42] *** Joins: jrfeenst (jrfeenst@moz-F912484F.cpe.norwoodlight.com)
[13:52:09] *** Joins: sankha93 (Instantbir@BFECE1D6.6ABDE3A6.8B6C1D65.IP)
[14:02:15] *** Quits: victorporof (victorporo@FE2F04DC.63E19875.D111398B.IP) (Ping timeout)
[14:06:31] *** Joins: victorporof (victorporo@FE2F04DC.63E19875.D111398B.IP)
[14:52:21] *** Joins: reyre_ (reyre@moz-9002CDDA.cpe.net.cable.rogers.com)
[14:54:21] *** Quits: jrfeenst (jrfeenst@moz-F912484F.cpe.norwoodlight.com) (Quit: jrfeenst)
[15:02:44] *** Quits: reyre_ (reyre@moz-9002CDDA.cpe.net.cable.rogers.com) (Client exited)
[15:21:53] *** Joins: jrfeenst (jrfeenst@moz-F912484F.cpe.norwoodlight.com)
[15:27:57] *** Quits: tgt (tgt@moz-D59EE478.aztw.cable.virginmedia.com) (Quit: Computer has gone to sleep.)
[15:39:12] *** Quits: jensnockert (jensnocker@moz-8BE55278.customer.t3.se) (Input/output error)
[15:56:51] *** Joins: askalski (akuda@moz-1BD89C3F.neoplus.adsl.tpnet.pl)
[16:02:13] *** Joins: tgt (tgt@moz-D59EE478.aztw.cable.virginmedia.com)
[16:03:15] *** Joins: jensnockert (jensnocker@moz-8BE55278.customer.t3.se)
[16:11:44] *** Quits: askalski (akuda@moz-1BD89C3F.neoplus.adsl.tpnet.pl) (Quit: Wychodzi)
[16:13:06] *** Joins: reyre_ (reyre@moz-9002CDDA.cpe.net.cable.rogers.com)
[16:14:53] *** Quits: reyre_ (reyre@moz-9002CDDA.cpe.net.cable.rogers.com) (Ping timeout)
[16:34:23] *** Joins: askalski (akuda@moz-1BD89C3F.neoplus.adsl.tpnet.pl)
[16:40:32] *** Quits: nielsle (nielsle@moz-5CE8ECCD.boa.fiberby.dk) (Ping timeout)
[16:57:03] *** Joins: caitp (caitp@moz-9FE842F.cpe.net.cable.rogers.com)
[16:57:32] *** Joins: nielsle (nielsle@moz-5CE8ECCD.boa.fiberby.dk)
[17:00:52] *** Quits: jrfeenst (jrfeenst@moz-F912484F.cpe.norwoodlight.com) (Quit: jrfeenst)
[17:14:35] *** Quits: Jesse (jruderman@moz-537BCF9.hsd1.ca.comcast.net) (Quit: Jesse)
[17:15:06] *** Joins: Jesse (jruderman@moz-537BCF9.hsd1.ca.comcast.net)
[17:35:06] *** Quits: askalski (akuda@moz-1BD89C3F.neoplus.adsl.tpnet.pl) (Quit: Wychodzi)
[17:35:55] *** Quits: thomaslee (thomaslee@moz-306D3DF4.hsd1.or.comcast.net) (Client exited)
[18:04:24] *** Joins: Adityab (Adityab@E5F69D94.DC24CC58.16E13E53.IP)
[18:16:00] *** Joins: dherman (dherman@moz-6CA476B1.hsd1.ca.comcast.net)
[18:16:00] *** ChanServ sets mode: +qo dherman dherman
[18:21:10] *** Quits: jensnockert (jensnocker@moz-8BE55278.customer.t3.se) (Input/output error)
[18:26:54] *** Joins: jensnockert (jensnocker@moz-8BE55278.customer.t3.se)
[18:56:41] *** Quits: victorporof (victorporo@FE2F04DC.63E19875.D111398B.IP) (Quit: victorporof)
[18:58:30] *** Quits: dherman (dherman@moz-6CA476B1.hsd1.ca.comcast.net) (Quit: dherman)
[19:01:47] *** Joins: askalski (akuda@moz-1BD89C3F.neoplus.adsl.tpnet.pl)
[19:03:08] *** Joins: dzbarsky (Adium@moz-A7CDB794.dia.static.qwest.net)
[19:11:15] *** Joins: dzbarsky1 (Adium@moz-A7CDB794.dia.static.qwest.net)
[19:11:20] *** Quits: dzbarsky (Adium@moz-A7CDB794.dia.static.qwest.net) (Connection reset by peer)
[19:14:18] *** Joins: dzbarsky (Adium@moz-A7CDB794.dia.static.qwest.net)
[19:14:19] *** Quits: dzbarsky1 (Adium@moz-A7CDB794.dia.static.qwest.net) (Connection reset by peer)
[19:23:38] *** Quits: askalski (akuda@moz-1BD89C3F.neoplus.adsl.tpnet.pl) (Quit: Wychodzi)
[19:27:33] *** Joins: victorporof (victorporo@FE2F04DC.63E19875.D111398B.IP)
[19:31:16] *** Joins: tikue (tkuehn@moz-CF8BEBEF.dia.static.qwest.net)
[19:32:32] *** Quits: dzbarsky (Adium@moz-A7CDB794.dia.static.qwest.net) (Quit: Leaving.)
[19:32:57] *** Quits: Adityab (Adityab@E5F69D94.DC24CC58.16E13E53.IP) (Ping timeout)
[19:33:49] *** Quits: victorporof (victorporo@FE2F04DC.63E19875.D111398B.IP) (Ping timeout)
[19:35:10] *** Joins: brson (brson@2557E599.66715431.D25A875A.IP)
[19:36:27] *** Joins: askalski (akuda@moz-1BD89C3F.neoplus.adsl.tpnet.pl)
[19:45:55] *** Joins: Adityab (Adityab@E5F69D94.DC24CC58.16E13E53.IP)
[19:47:59] *** Joins: dzbarsky (Adium@moz-A7CDB794.dia.static.qwest.net)
[20:08:43] *** Quits: sankha93 (Instantbir@BFECE1D6.6ABDE3A6.8B6C1D65.IP) (Quit: Instantbird 1.4 -- http://www.instantbird.com)
[20:12:44] *** Joins: akuda_ (akuda@moz-ECDED8BD.neoplus.adsl.tpnet.pl)
[20:13:08] *** Quits: askalski (akuda@moz-1BD89C3F.neoplus.adsl.tpnet.pl) (Ping timeout)
[20:25:06] *** Quits: dzbarsky (Adium@moz-A7CDB794.dia.static.qwest.net) (Connection reset by peer)
[20:25:09] *** Joins: dzbarsky1 (Adium@moz-A7CDB794.dia.static.qwest.net)
[20:25:41] *** Joins: jrfeenst (jrfeenst@moz-F912484F.cpe.norwoodlight.com)
[20:32:54] *** Joins: victorporof (victorporo@FE2F04DC.63E19875.D111398B.IP)
[20:34:27] *** Quits: victorporof (victorporo@FE2F04DC.63E19875.D111398B.IP) (Ping timeout)
[20:41:29] *** Quits: akuda_ (akuda@moz-ECDED8BD.neoplus.adsl.tpnet.pl) (Quit: Wychodzi)
[21:03:28] *** Joins: victorporof (victorporo@FE2F04DC.63E19875.D111398B.IP)
[21:05:25] *** Quits: victorporof (victorporo@FE2F04DC.63E19875.D111398B.IP) (Ping timeout)
[21:07:34] *** Quits: tikue (tkuehn@moz-CF8BEBEF.dia.static.qwest.net) (Quit: tikue)
[21:28:15] *** Quits: Adityab (Adityab@E5F69D94.DC24CC58.16E13E53.IP) (Ping timeout)
[21:31:04] *** Joins: Adityab (Adityab@E5F69D94.DC24CC58.16E13E53.IP)
[22:02:20] *** dzbarsky1 is now known as dzbarsky
[22:03:59] *** Joins: victorporof (victorporo@FE2F04DC.63E19875.D111398B.IP)
[22:05:04] *** Joins: eholk (eholk@moz-9AB4D52F.hsd1.ut.comcast.net)
[22:05:46] *** Quits: victorporof (victorporo@FE2F04DC.63E19875.D111398B.IP) (Ping timeout)
[22:39:19] *** Quits: eholk (eholk@moz-9AB4D52F.hsd1.ut.comcast.net) (Quit: eholk)
[23:04:27] *** Joins: victorporof (victorporo@FE2F04DC.63E19875.D111398B.IP)
[23:06:15] *** Quits: victorporof (victorporo@FE2F04DC.63E19875.D111398B.IP) (Ping timeout)
[23:23:42] *** Quits: brson (brson@2557E599.66715431.D25A875A.IP) (Quit: leaving)
[23:31:21] *** Quits: Adityab (Adityab@E5F69D94.DC24CC58.16E13E53.IP) (Ping timeout)
[23:31:44] *** Joins: Adityab (Adityab@E5F69D94.DC24CC58.16E13E53.IP)
[23:33:05] *** Quits: dzbarsky (Adium@moz-A7CDB794.dia.static.qwest.net) (Connection reset by peer)
[23:33:10] *** Joins: dzbarsky1 (Adium@moz-A7CDB794.dia.static.qwest.net)
[23:44:21] *** Quits: tgt (tgt@moz-D59EE478.aztw.cable.virginmedia.com) (Quit: Computer has gone to sleep.)
[23:51:17] *** Quits: dzbarsky1 (Adium@moz-A7CDB794.dia.static.qwest.net) (Quit: Leaving.)
[23:53:28] *** Quits: jensnockert (jensnocker@moz-8BE55278.customer.t3.se) (Input/output error)
