[00:02:30] *** jess is now known as iamjessklein-away
[00:03:13] *** Joins: ericasackin (Adium@moz-E1E0CB00.nyc.res.rr.com)
[00:03:29] *** Quits: CaptainCalliope (CaptainCal@moz-B65AF445.hfc.comcastbusiness.net) (Quit: CaptainCalliope)
[00:06:29] *** Quits: francois (francois@B112B062.FA0050BE.613E47D1.IP) (Quit: leaving)
[00:08:40] *** Quits: ericasackin (Adium@moz-E1E0CB00.nyc.res.rr.com) (Ping timeout)
[00:16:51] *** Joins: Chloe (Chloe@moz-5A251DCA.nyc.res.rr.com)
[00:18:36] *** Quits: Chloe (Chloe@moz-5A251DCA.nyc.res.rr.com) (Ping timeout)
[00:26:31] *** Joins: OpenMatt (Adium@moz-B2CDD7C8.cable.teksavvy.com)
[00:28:57] *** Joins: jforester (Adium@moz-AF3BF82D.range86-177.btcentralplus.com)
[00:31:34] *** Quits: jforester (Adium@moz-AF3BF82D.range86-177.btcentralplus.com) (Ping timeout)
[00:31:45] *** Quits: threeqube (Sunny@moz-DFAA4E15.p2p.sfo1.mozilla.com) (Quit: threeqube)
[00:33:33] *** Joins: jforester (Adium@moz-AF3BF82D.range86-177.btcentralplus.com)
[00:35:22] *** Quits: jforester (Adium@moz-AF3BF82D.range86-177.btcentralplus.com) (Quit: Leaving.)
[00:52:47] *** Quits: wex (wex@8A64BB6D.A0B1F118.844CC8E7.IP) (Quit: Leaving...)
[01:03:57] *** Quits: secretrobotron (secretrobo@moz-E9501591.members.linode.com) (Ping timeout)
[01:05:05] *** Joins: secretrobotron (secretrobo@moz-E9501591.members.linode.com)
[01:17:36] *** Joins: Chloe (Chloe@moz-5A251DCA.nyc.res.rr.com)
[01:19:27] *** Quits: Chloe (Chloe@moz-5A251DCA.nyc.res.rr.com) (Ping timeout)
[01:25:12] *** Quits: carlacasilli (carlacasil@moz-C6DF6704.lsanca.btas.verizon.net) (Quit: carlacasilli)
[01:37:15] *** Quits: TimAbraldes (quassel@125EF623.B2666F0E.66399531.IP) (Connection reset by peer)
[01:48:36] *** Joins: Chloe (Chloe@moz-5A251DCA.nyc.res.rr.com)
[01:51:00] *** atul is now known as atul-away
[02:04:37] *** Quits: Chloe (Chloe@moz-5A251DCA.nyc.res.rr.com) (Quit: Leaving.)
[02:09:31] *** Joins: megan (mkaragory@moz-35A96BF7.hsd1.dc.comcast.net)
[02:10:57] *** Quits: pragmatic (pragmatic@moz-8ACEDA29.hsd1.ca.comcast.net) (Ping timeout)
[02:15:06] *** Joins: threeqube (Sunny@moz-DFAA4E15.p2p.sfo1.mozilla.com)
[02:16:32] *** Quits: OpenMatt (Adium@moz-B2CDD7C8.cable.teksavvy.com) (Quit: Leaving.)
[02:20:03] *** Quits: megan (mkaragory@moz-35A96BF7.hsd1.dc.comcast.net) (Quit: megan)
[02:22:16] *** arhayward is now known as arhayward-away
[02:35:00] *** Joins: Chloe (Chloe@moz-5A251DCA.nyc.res.rr.com)
[02:35:05] *** Quits: threeqube (Sunny@moz-DFAA4E15.p2p.sfo1.mozilla.com) (Quit: threeqube)
[02:35:20] *** Joins: pragmatic (pragmatic@moz-8ACEDA29.hsd1.ca.comcast.net)
[02:36:45] *** Quits: Chloe (Chloe@moz-5A251DCA.nyc.res.rr.com) (Ping timeout)
[02:54:27] *** Joins: Chloe (Chloe@moz-5A251DCA.nyc.res.rr.com)
[02:56:11] *** Quits: Chloe (Chloe@moz-5A251DCA.nyc.res.rr.com) (Ping timeout)
[02:56:46] *** Joins: Chloe (Chloe@moz-5A251DCA.nyc.res.rr.com)
[03:10:50] *** Quits: Chloe (Chloe@moz-5A251DCA.nyc.res.rr.com) (Quit: Leaving.)
[03:15:09] *** Quits: dethe (delza@9D222422.D1155E2C.CFC2A289.IP) (Quit: dethe)
[03:49:26] *** Quits: brson (brson@moz-BBE3ABD.mv.mozilla.com) (Quit: leaving)
[03:56:39] *** Joins: carlacasilli (carlacasil@moz-C6DF6704.lsanca.btas.verizon.net)
[04:06:27] *** Quits: miketaylr (mtaylor@moz-8ACC7131.dyn.grandenetworks.net) (Quit: Leaving...)
[04:30:43] *** Joins: miketaylr (mtaylor@moz-8ACC7131.dyn.grandenetworks.net)
[04:31:11] *** catlee is now known as catlee-away
[04:45:10] *** Quits: carlacasilli (carlacasil@moz-C6DF6704.lsanca.btas.verizon.net) (Quit: carlacasilli)
[04:53:54] *** Joins: dethe (delza@moz-2A221A57.vc.shawcable.net)
[04:54:20] *** Joins: threeqube (Sunny@moz-191D8363.lightspeed.sntcca.sbcglobal.net)
[04:59:36] *** Joins: brson (brson@6A848D32.C1B840DD.76F66111.IP)
[05:22:16] *** Quits: miketaylr (mtaylor@moz-8ACC7131.dyn.grandenetworks.net) (Quit: Linkinus - http://linkinus.com)
[06:15:52] *** Quits: dethe (delza@moz-2A221A57.vc.shawcable.net) (Quit: dethe)
[06:25:25] *** Joins: ericasackin (Adium@moz-E1E0CB00.nyc.res.rr.com)
[06:25:29] *** Quits: ericasackin (Adium@moz-E1E0CB00.nyc.res.rr.com) (Input/output error)
[06:32:55] *** echristensen is now known as echristensen-away
[09:13:47] *** Quits: pragmatic (pragmatic@moz-8ACEDA29.hsd1.ca.comcast.net) (Quit: pragmatic)
[10:59:01] *** Quits: brson (brson@6A848D32.C1B840DD.76F66111.IP) (Ping timeout)
[11:03:25] *** Joins: brson (brson@moz-BBE3ABD.mv.mozilla.com)
[11:11:46] *** Quits: brson (brson@moz-BBE3ABD.mv.mozilla.com) (Ping timeout)
[13:53:23] *** iamjessklein-away is now known as jess
[14:28:24] *** jess is now known as iamjessklein-away
[14:42:42] *** Joins: iamjayakumars (iamjayakum@FC6C2D07.F1A58EA9.9D59D0D8.IP)
[14:48:57] *** Joins: megan (mkaragory@moz-35A96BF7.hsd1.dc.comcast.net)
[15:03:57] *** Quits: megan (mkaragory@moz-35A96BF7.hsd1.dc.comcast.net) (Quit: megan)
[15:53:43] *** Joins: Chloe (Chloe@moz-54F6695B.nyc.res.rr.com)
[15:56:05] *** Quits: Chloe (Chloe@moz-54F6695B.nyc.res.rr.com) (Quit: Leaving.)
[16:11:11] *** Joins: megan (mkaragory@moz-35A96BF7.hsd1.dc.comcast.net)
[16:21:33] *** Joins: pragmatic (pragmatic@moz-8ACEDA29.hsd1.ca.comcast.net)
[16:24:38] *** Quits: megan (mkaragory@moz-35A96BF7.hsd1.dc.comcast.net) (Quit: megan)
[16:36:12] *** Joins: Chloe (Chloe@moz-5A251DCA.nyc.res.rr.com)
[16:37:56] *** Quits: Chloe (Chloe@moz-5A251DCA.nyc.res.rr.com) (Ping timeout)
[16:40:16] *** Quits: iamjayakumars (iamjayakum@FC6C2D07.F1A58EA9.9D59D0D8.IP) (Ping timeout)
[16:44:43] *** Joins: iamjayakumars (iamjayakum@FC6C2D07.F1A58EA9.9D59D0D8.IP)
[16:56:41] *** Joins: OpenMatt (Adium@moz-B2CDD7C8.cable.teksavvy.com)
[17:36:57] *** Joins: Chloe (Chloe@moz-54F6695B.nyc.res.rr.com)
[17:38:37] *** Quits: Chloe (Chloe@moz-54F6695B.nyc.res.rr.com) (Ping timeout)
[17:56:38] *** Quits: iamjayakumars (iamjayakum@FC6C2D07.F1A58EA9.9D59D0D8.IP) (Quit: )
[18:05:05] *** Quits: threeqube (Sunny@moz-191D8363.lightspeed.sntcca.sbcglobal.net) (Quit: threeqube)
[18:05:51] *** Joins: brson (brson@moz-BBE3ABD.mv.mozilla.com)
[18:37:47] *** Joins: Chloe (Chloe@moz-5A251DCA.nyc.res.rr.com)
[18:39:29] *** Quits: Chloe (Chloe@moz-5A251DCA.nyc.res.rr.com) (Ping timeout)
[18:47:13] *** Joins: Zjab (Zjab@7D611F63.DEA970ED.ADA0C477.IP)
[18:58:32] *** Quits: Zjab (Zjab@7D611F63.DEA970ED.ADA0C477.IP) (Quit: Zjab)
[19:02:45] *** Joins: Zjab (Zjab@7D611F63.DEA970ED.ADA0C477.IP)
[19:03:09] *** Joins: WodgeyBoy (Thunderbir@AE6011B0.40100D68.B8D52E29.IP)
[19:34:31] *** Joins: Chloe (Chloe@moz-5A251DCA.nyc.res.rr.com)
[19:34:52] *** Quits: Chloe (Chloe@moz-5A251DCA.nyc.res.rr.com) (Quit: Leaving.)
[19:36:40] *** Quits: Zjab (Zjab@7D611F63.DEA970ED.ADA0C477.IP) (Quit: Zjab)
[19:36:57] *** Joins: Zjab (Zjab@7D611F63.DEA970ED.ADA0C477.IP)
[19:58:30] *** Quits: Zjab (Zjab@7D611F63.DEA970ED.ADA0C477.IP) (Quit: Zjab)
[20:05:56] *** Quits: tad (tad@moz-6BAB15E1.info) (Ping timeout)
[20:12:03] *** Joins: tad (tad@moz-6BAB15E1.info)
[20:16:08] *** Quits: tad (tad@moz-6BAB15E1.info) (Ping timeout)
[20:18:03] *** Joins: tad (tad@moz-6BAB15E1.info)
[20:18:03] *** Quits: tad (tad@moz-6BAB15E1.info) (Max SendQ exceeded)
[20:19:03] *** Joins: tad (tad@moz-6BAB15E1.info)
[20:19:03] *** Quits: tad (tad@moz-6BAB15E1.info) (Client exited)
[20:24:34] *** Joins: tad (tad@moz-6BAB15E1.info)
[20:24:34] *** Quits: tad (tad@moz-6BAB15E1.info) (Max SendQ exceeded)
[20:29:34] *** Joins: tad (tad@moz-6BAB15E1.info)
[20:29:34] *** Quits: tad (tad@moz-6BAB15E1.info) (Max SendQ exceeded)
[20:54:17] *** Joins: threeqube (Sunny@moz-191D8363.lightspeed.sntcca.sbcglobal.net)
[20:58:58] *** Quits: brson (brson@moz-BBE3ABD.mv.mozilla.com) (Quit: leaving)
[21:05:18] *** Quits: OpenMatt (Adium@moz-B2CDD7C8.cable.teksavvy.com) (Quit: Leaving.)
[21:20:29] *** Quits: threeqube (Sunny@moz-191D8363.lightspeed.sntcca.sbcglobal.net) (Quit: threeqube)
[22:00:02] *** Quits: WodgeyBoy (Thunderbir@AE6011B0.40100D68.B8D52E29.IP) (Ping timeout)
[22:08:28] *** Joins: WodgeyBoy (Thunderbir@AE6011B0.40100D68.B8D52E29.IP)
[22:15:41] *** Joins: OpenMatt (Adium@moz-B2CDD7C8.cable.teksavvy.com)
[22:51:54] *** iamjessklein-away is now known as jess
[23:16:14] *** jess is now known as iamjessklein-away
[23:19:49] *** Joins: Chloe (Chloe@moz-5A251DCA.nyc.res.rr.com)
[23:19:54] *** Quits: Chloe (Chloe@moz-5A251DCA.nyc.res.rr.com) (Quit: Chloe)
[23:20:19] *** Joins: djc (djc@moz-E26330E3.xavamedia.nl)
[23:20:37] *** Joins: Chloe (Chloe@moz-5A251DCA.nyc.res.rr.com)
[23:20:47] *** Quits: WodgeyBoy (Thunderbir@AE6011B0.40100D68.B8D52E29.IP) (Ping timeout)
[23:20:48] *** Quits: Chloe (Chloe@moz-5A251DCA.nyc.res.rr.com) (Quit: Leaving.)
[23:21:33] *** Joins: brson (brson@moz-BBE3ABD.mv.mozilla.com)
[23:29:09] <djc> I have a problem claiming a badge right now
[23:29:19] <djc> apparently, there's a problem with Persona
[23:29:27] <djc> I know that Persona works for me on other sides, though
[23:29:31] <djc> any clues?
[23:31:04] *** Joins: WodgeyBoy (Thunderbir@AE6011B0.40100D68.B8D52E29.IP)
