[00:07:08] *** Quits: canhtak (canhtak@moz-4B5B3414.wl.t.ulaval.ca) (Quit: canhtak)
[00:07:36] *** Joins: canhtak (canhtak@moz-4B5B3414.wl.t.ulaval.ca)
[00:34:06] *** Quits: deens (deens@moz-A47475CE.hsd1.ca.comcast.net) (Client exited)
[00:38:49] *** Joins: tiffany (kawaii@moz-FC0DB29D.dhcp.embarqhsd.net)
[00:38:59] *** Joins: deens (deens@moz-A47475CE.hsd1.ca.comcast.net)
[01:04:22] *** Joins: erickt (etryzelaar@8C9ECD8F.3A598286.F12515B4.IP)
[01:04:25] *** Quits: ptc (Adium@moz-8F01578B.z72-46-65.customer.algx.net) (Quit: Leaving.)
[01:30:22] *** Quits: canhtak (canhtak@moz-4B5B3414.wl.t.ulaval.ca) (Quit: canhtak)
[01:40:41] *** Joins: geoffhill (geoffhill@moz-738DC0DB.org)
[01:47:42] *** Joins: ptc (Adium@moz-8F01578B.z72-46-65.customer.algx.net)
[01:47:50] *** Quits: brson (brson@moz-BBE3ABD.mv.mozilla.com) (Quit: leaving)
[01:48:13] *** Joins: brson (brson@981AA104.E81F12CD.76F66111.IP)
[01:49:12] *** Quits: geoffhill (geoffhill@moz-738DC0DB.org) (Quit: )
[01:49:47] *** Quits: deens (deens@moz-A47475CE.hsd1.ca.comcast.net) (Client exited)
[01:49:52] *** Joins: canhtak (canhtak@moz-4B5B3414.wl.t.ulaval.ca)
[01:52:39] *** Quits: ptc (Adium@moz-8F01578B.z72-46-65.customer.algx.net) (Quit: Leaving.)
[01:52:46] *** Joins: ptc (Adium@moz-8F01578B.z72-46-65.customer.algx.net)
[01:54:29] *** Quits: ptc (Adium@moz-8F01578B.z72-46-65.customer.algx.net) (Ping timeout)
[02:18:53] *** Joins: milesrout (user@moz-7A0A3412.cable.telstraclear.net)
[02:20:10] *** Joins: deens (deens@moz-A47475CE.hsd1.ca.comcast.net)
[02:33:20] *** Joins: ptc (Adium@moz-192425C4.nyc.res.rr.com)
[02:38:55] *** Quits: pcwalton (pcwalton@moz-C07D5168.p2p.sfo1.mozilla.com) (Quit: pcwalton)
[02:39:34] *** Quits: deens (deens@moz-A47475CE.hsd1.ca.comcast.net) (Client exited)
[02:39:45] *** kimundi is now known as zz_kimundi
[02:54:34] *** Joins: Tobba (Tobba@moz-462B7F7F.ias.bredband.telia.com)
[03:14:04] *** Quits: zz_kimundi (kimundi@moz-FAACE8A8.dip0.t-ipconnect.de) (Ping timeout)
[03:14:04] *** Quits: sbalmos (quassel@CA5677B6.576D0C1.ED2EFC1B.IP) (Client exited)
[03:17:48] *** Joins: zz_kimundi (kimundi@moz-A0A35D8B.dip0.t-ipconnect.de)
[03:17:50] *** zz_kimundi is now known as kimundi
[03:19:42] *** Joins: summerlight (summerligh@327FC32B.2C956A45.501EFF44.IP)
[03:26:31] *** Quits: summerlight (summerligh@327FC32B.2C956A45.501EFF44.IP) (Ping timeout)
[03:35:31] *** Quits: strcat (strcat@moz-54F7FD49.cpe.net.cable.rogers.com) (Quit: userns!)
[03:35:37] *** Quits: rusti (rusti@moz-54F7FD49.cpe.net.cable.rogers.com) (Client exited)
[03:36:19] *** Joins: strcat (strcat@moz-54F7FD49.cpe.net.cable.rogers.com)
[03:36:26] *** Joins: rusti (rusti@moz-54F7FD49.cpe.net.cable.rogers.com)
[03:50:04] *** Joins: deens (deens@moz-A47475CE.hsd1.ca.comcast.net)
[03:51:46] *** Quits: deens (deens@moz-A47475CE.hsd1.ca.comcast.net) (Ping timeout)
[04:43:55] *** Quits: ptc (Adium@moz-192425C4.nyc.res.rr.com) (Quit: Leaving.)
[04:49:43] <milesrout> So has anyone started work on anything?
[04:51:22] *** Quits: milesrout (user@moz-7A0A3412.cable.telstraclear.net) (Quit: ERC Version 5.3 (IRC client for Emacs))
[04:52:34] *** Quits: canhtak (canhtak@moz-4B5B3414.wl.t.ulaval.ca) (Quit: canhtak)
[05:07:35] *** Joins: eddyb (eddy@EDE07015.D51DAF03.FB866788.IP)
[05:27:06] *** Quits: brson (brson@981AA104.E81F12CD.76F66111.IP) (Ping timeout)
[05:44:29] *** Joins: ptc (Adium@moz-192425C4.nyc.res.rr.com)
[05:46:14] *** Quits: ptc (Adium@moz-192425C4.nyc.res.rr.com) (Ping timeout)
[06:26:26] *** Joins: summerlight (summerligh@327FC32B.2C956A45.501EFF44.IP)
[06:39:27] *** Quits: Tobba (Tobba@moz-462B7F7F.ias.bredband.telia.com) (Ping timeout)
[06:42:20] *** Joins: canhtak (canhtak@moz-4B5B3414.wl.t.ulaval.ca)
[06:44:49] *** Joins: ptc (Adium@moz-192425C4.nyc.res.rr.com)
[06:46:37] *** Quits: ptc (Adium@moz-192425C4.nyc.res.rr.com) (Ping timeout)
[06:47:35] *** Joins: badviceman (chatzilla@FAB9F891.11DBD107.FD4497A0.IP)
[07:01:03] *** Quits: bjz (bjz@B398BE78.F804C29E.D35A31DF.IP) (Ping timeout)
[07:13:18] *** Quits: canhtak (canhtak@moz-4B5B3414.wl.t.ulaval.ca) (Quit: canhtak)
[07:32:29] *** Joins: milesrout (user@moz-7A0A3412.cable.telstraclear.net)
[07:32:39] <milesrout> mcpherrin: this might be a better place to discuss it. 
[07:33:00] <milesrout> So I'm doing rustc -c --emit-llvm baremetal.rs
[07:33:40] <milesrout> (and xas boot.asm -o boot.o, where xas is my alias for my cross-compiler to i586-elf)
[07:35:03] <milesrout> So presumably I have to turn that baremetal llvm bitcode into compiled assembly. Do you do that with just clang or with llvm-as or what?
[07:35:30] <mcpherrin> #rust still discussing so keep this one place ;)
[07:35:44] <milesrout> oh so they are, didn't realise that.
[07:45:11] *** Joins: ptc (Adium@moz-192425C4.nyc.res.rr.com)
[07:46:55] *** Quits: ptc (Adium@moz-192425C4.nyc.res.rr.com) (Ping timeout)
[08:45:33] *** Joins: ptc (Adium@moz-192425C4.nyc.res.rr.com)
[08:47:07] <lexs> milesrout: I'm not sure if you got an answer. I compile with rustc -c --target <target> <file> and then link using the cross-compiled linker 
[08:47:20] *** Quits: ptc (Adium@moz-192425C4.nyc.res.rr.com) (Ping timeout)
[08:49:09] *** Parts: strcat (strcat@moz-54F7FD49.cpe.net.cable.rogers.com) (WeeChat 0.4.2)
[08:54:14] <milesrout> lexs: problem is, there's no i586-elf target for rust. there's an i386-intel-linux one that could work though.
[08:54:52] <lexs> ah ok. I use the i386 target for both rustc and binutils
[08:55:14] <milesrout> Yeah that's what I'm thinking of perhaps doing.
[08:55:47] <milesrout> I might be back on here later.
[08:55:48] *** Parts: milesrout (user@moz-7A0A3412.cable.telstraclear.net) (ERC Version 5.3 (IRC client for Emacs))
[09:06:14] *** Quits: yuriks (yuriks@50BCCB4D.6C9AD9C4.8E0C6B01.IP) (Ping timeout)
[09:06:15] *** Joins: bjz (bjz@moz-38D46E1C.perm.iinet.net.au)
[09:07:20] *** Quits: badviceman (chatzilla@FAB9F891.11DBD107.FD4497A0.IP) (Ping timeout)
[09:09:37] *** Joins: badviceman (chatzilla@FAB9F891.11DBD107.FD4497A0.IP)
[09:23:08] *** Quits: jaeholee (uid4856@moz-31ABA2C0.irccloud.com) (Quit: )
[09:45:49] *** Joins: ptc (Adium@moz-192425C4.nyc.res.rr.com)
[09:47:33] *** Quits: ptc (Adium@moz-192425C4.nyc.res.rr.com) (Ping timeout)
[09:52:47] *** Quits: jt (quassel@moz-B994FA9E.cs.st-andrews.ac.uk) (Client exited)
[10:03:22] *** Quits: GameGamer43 (sid5533@moz-E77DEB21.irccloud.com) (Ping timeout)
[10:03:22] *** Quits: ggherdov_ (sid11402@moz-E77DEB21.irccloud.com) (Ping timeout)
[10:03:22] *** Quits: whitglint (uid15486@moz-31ABA2C0.irccloud.com) (Ping timeout)
[10:03:23] *** Quits: lexs (uid12437@moz-5F4AA75A.irccloud.com) (Ping timeout)
[10:03:23] *** Quits: geomyidae_ (uid214@moz-E77DEB21.irccloud.com) (Ping timeout)
[10:03:23] *** Quits: dbaupp (Thunderbir@moz-F3F7375F.lns20.syd6.internode.on.net) (Ping timeout)
[10:04:12] *** Quits: Leo` (Leo@moz-83832FE2.placeholder.fr) (Max SendQ exceeded)
[10:04:28] *** Joins: Leo` (Leo@moz-83832FE2.placeholder.fr)
[10:05:02] *** Joins: lexs (uid12437@moz-5F4AA75A.irccloud.com)
[10:05:37] *** Joins: dbaupp (Thunderbir@moz-F3F7375F.lns20.syd6.internode.on.net)
[10:07:50] *** Quits: bjz (bjz@moz-38D46E1C.perm.iinet.net.au) (Connection reset by peer)
[10:10:10] *** Joins: bjz (bjz@moz-38D46E1C.perm.iinet.net.au)
[10:13:31] *** Quits: summerlight (summerligh@327FC32B.2C956A45.501EFF44.IP) (Ping timeout)
[10:13:34] *** Joins: summerlight (summerligh@327FC32B.2C956A45.501EFF44.IP)
[10:14:24] *** Joins: notrusti (notrusti@moz-54F7FD49.cpe.net.cable.rogers.com)
[10:15:44] *** Quits: Gracenotes (person@EBE65A41.2EC0B472.9510F13D.IP) (Ping timeout)
[10:17:10] *** Quits: Leo` (Leo@moz-83832FE2.placeholder.fr) (Ping timeout)
[10:17:31] *** Quits: Seldaek (seld@moz-5DEA7688.ch) (Ping timeout)
[10:18:04] *** Quits: KokaKiwi (kokakiwi@moz-D674DAC6.kokakiwi.net) (Ping timeout)
[10:18:26] *** Joins: GameGamer43 (sid5533@moz-E77DEB21.irccloud.com)
[10:19:12] *** Joins: Leo` (Leo@moz-83832FE2.placeholder.fr)
[10:19:22] *** Joins: Seldaek (seld@E733C546.5464C2F1.F113998C.IP)
[10:19:44] *** Joins: Gracenotes (person@EBE65A41.2EC0B472.9510F13D.IP)
[10:21:00] *** Joins: KokaKiwi (kokakiwi@moz-D674DAC6.kokakiwi.net)
[10:23:30] *** Joins: whitglint (uid15486@moz-31ABA2C0.irccloud.com)
[10:23:30] *** Joins: ggherdov_ (sid11402@moz-E77DEB21.irccloud.com)
[10:33:44] *** Quits: summerlight (summerligh@327FC32B.2C956A45.501EFF44.IP) (Ping timeout)
[10:46:09] *** Joins: ptc (Adium@moz-192425C4.nyc.res.rr.com)
[10:47:52] *** Quits: ptc (Adium@moz-192425C4.nyc.res.rr.com) (Ping timeout)
[11:24:38] *** Joins: badviceman_ (chatzilla@FAB9F891.11DBD107.FD4497A0.IP)
[11:25:18] *** Quits: badviceman (chatzilla@FAB9F891.11DBD107.FD4497A0.IP) (Ping timeout)
[11:25:30] *** badviceman_ is now known as badviceman
[11:46:28] *** Joins: ptc (Adium@moz-192425C4.nyc.res.rr.com)
[11:48:19] *** Quits: ptc (Adium@moz-192425C4.nyc.res.rr.com) (Ping timeout)
[11:55:55] *** Quits: notrusti (notrusti@moz-54F7FD49.cpe.net.cable.rogers.com) (Client exited)
[11:58:40] *** Quits: bjz (bjz@moz-38D46E1C.perm.iinet.net.au) (Ping timeout)
[11:58:44] *** Joins: geomyidae_ (uid214@moz-E77DEB21.irccloud.com)
[12:01:46] *** Joins: binsh (binsh@moz-54F7FD49.cpe.net.cable.rogers.com)
[12:07:54] *** Quits: binsh (binsh@moz-54F7FD49.cpe.net.cable.rogers.com) (Client exited)
[12:13:00] *** Joins: binsh (binsh@moz-54F7FD49.cpe.net.cable.rogers.com)
[12:19:43] *** Quits: sigma (sigma@moz-9EAC972C.range86-184.btcentralplus.com) (Ping timeout)
[12:23:15] *** Joins: strcat (strcat@moz-54F7FD49.cpe.net.cable.rogers.com)
[12:25:43] *** Quits: binsh (binsh@moz-54F7FD49.cpe.net.cable.rogers.com) (Client exited)
[12:26:17] *** Joins: binsh (binsh@moz-54F7FD49.cpe.net.cable.rogers.com)
[12:31:45] *** Joins: sigma (sigma@moz-1C81041B.range86-184.btcentralplus.com)
[12:46:47] *** Joins: ptc (Adium@moz-192425C4.nyc.res.rr.com)
[12:48:29] *** Quits: ptc (Adium@moz-192425C4.nyc.res.rr.com) (Ping timeout)
[12:49:59] *** Joins: bjz (bjz@B398BE78.F804C29E.D35A31DF.IP)
[13:05:58] *** Joins: ptc (Adium@moz-192425C4.nyc.res.rr.com)
[13:06:50] *** Quits: ptc (Adium@moz-192425C4.nyc.res.rr.com) (Quit: Leaving.)
[13:24:44] *** Joins: canhtak (canhtak@moz-4B5B3414.wl.t.ulaval.ca)
[13:27:16] *** Quits: binsh (binsh@moz-54F7FD49.cpe.net.cable.rogers.com) (Client exited)
[13:42:21] *** Joins: Fill (Fill@moz-1107002D.kimsufi.com)
[13:48:04] *** Parts: Fill (Fill@moz-1107002D.kimsufi.com) (Leaving)
[14:04:44] *** Quits: strcat (strcat@moz-54F7FD49.cpe.net.cable.rogers.com) (Quit: WeeChat 0.4.2)
[14:10:15] *** Quits: canhtak (canhtak@moz-4B5B3414.wl.t.ulaval.ca) (Quit: canhtak)
[14:19:07] *** Joins: summerlight (summerligh@327FC32B.2C956A45.501EFF44.IP)
[14:20:12] *** Quits: bjz (bjz@B398BE78.F804C29E.D35A31DF.IP) (Ping timeout)
[14:27:12] *** Joins: canhtak (canhtak@moz-4B5B3414.wl.t.ulaval.ca)
[14:28:09] *** Joins: bjz (bjz@B398BE78.F804C29E.D35A31DF.IP)
[14:35:00] *** Quits: canhtak (canhtak@moz-4B5B3414.wl.t.ulaval.ca) (Quit: canhtak)
[14:48:21] *** Quits: bjz (bjz@B398BE78.F804C29E.D35A31DF.IP) (Client exited)
[14:48:33] *** Joins: bjz (bjz@B398BE78.F804C29E.D35A31DF.IP)
[15:05:17] *** Joins: yuriks (yuriks@50BCCB4D.6C9AD9C4.8E0C6B01.IP)
[15:14:43] *** Joins: Tobba (Tobba@moz-462B7F7F.ias.bredband.telia.com)
[15:24:13] *** Joins: canhtak (canhtak@moz-4B5B3414.wl.t.ulaval.ca)
[15:31:05] *** Joins: ptc (Adium@moz-8F01578B.z72-46-65.customer.algx.net)
[15:31:23] *** Quits: ptc (Adium@moz-8F01578B.z72-46-65.customer.algx.net) (Connection reset by peer)
[15:31:46] *** Joins: ptc (Adium@moz-8F01578B.z72-46-65.customer.algx.net)
[15:37:00] *** Quits: canhtak (canhtak@moz-4B5B3414.wl.t.ulaval.ca) (Quit: canhtak)
[15:40:54] *** Joins: canhtak (canhtak@moz-4B5B3414.wl.t.ulaval.ca)
[15:41:12] *** Quits: canhtak (canhtak@moz-4B5B3414.wl.t.ulaval.ca) (Quit: canhtak)
[16:37:51] *** Joins: brson (brson@moz-BBE3ABD.mv.mozilla.com)
[16:40:11] *** Quits: TimAbraldes (quassel@moz-7FD19BDC.hsd1.or.comcast.net) (Ping timeout)
[16:43:08] *** Joins: canhtak (canhtak@moz-4B5B3414.wl.t.ulaval.ca)
[16:43:27] *** Quits: canhtak (canhtak@moz-4B5B3414.wl.t.ulaval.ca) (Quit: canhtak)
[16:45:03] *** Joins: deens (deens@moz-A47475CE.hsd1.ca.comcast.net)
[16:51:32] *** Quits: deens (deens@moz-A47475CE.hsd1.ca.comcast.net) (Quit: Leaving...)
[16:52:24] *** Joins: TimAbraldes (quassel@moz-7FD19BDC.hsd1.or.comcast.net)
[17:08:38] *** Quits: tiffany (kawaii@moz-FC0DB29D.dhcp.embarqhsd.net) (Input/output error)
[17:34:01] *** Joins: canhtak (canhtak@moz-4B5B3414.wl.t.ulaval.ca)
[17:35:48] *** Quits: canhtak (canhtak@moz-4B5B3414.wl.t.ulaval.ca) (Quit: canhtak)
[18:41:13] *** Joins: canhtak (canhtak@moz-4B5B3414.wl.t.ulaval.ca)
[18:43:52] *** Quits: canhtak (canhtak@moz-4B5B3414.wl.t.ulaval.ca) (Quit: canhtak)
[18:45:24] *** Joins: canhtak (canhtak@moz-4B5B3414.wl.t.ulaval.ca)
[18:46:44] *** Quits: canhtak (canhtak@moz-4B5B3414.wl.t.ulaval.ca) (Quit: canhtak)
[18:49:16] *** Quits: ldunn (username@moz-94CB0FA.cyberius.net) (Ping timeout)
[18:52:44] *** Joins: ldunn (username@moz-94CB0FA.cyberius.net)
[18:54:01] *** Joins: canhtak (canhtak@moz-4B5B3414.wl.t.ulaval.ca)
[19:11:20] *** Quits: summerlight (summerligh@327FC32B.2C956A45.501EFF44.IP) (Ping timeout)
[19:11:40] *** Quits: brson (brson@moz-BBE3ABD.mv.mozilla.com) (Ping timeout)
[19:12:19] *** Joins: brson (brson@moz-BBE3ABD.mv.mozilla.com)
[19:25:03] *** Quits: canhtak (canhtak@moz-4B5B3414.wl.t.ulaval.ca) (Quit: canhtak)
[19:46:26] *** Quits: brson (brson@moz-BBE3ABD.mv.mozilla.com) (Ping timeout)
[19:47:52] *** Joins: brson (brson@moz-BBE3ABD.mv.mozilla.com)
[19:56:44] *** Joins: canhtak (canhtak@moz-4B5B3414.wl.t.ulaval.ca)
[20:07:13] *** Quits: canhtak (canhtak@moz-4B5B3414.wl.t.ulaval.ca) (Quit: canhtak)
[20:39:04] *** Joins: canhtak (canhtak@moz-4B5B3414.wl.t.ulaval.ca)
[20:46:56] *** Joins: strcat (strcat@moz-54F7FD49.cpe.net.cable.rogers.com)
[20:57:25] *** Quits: brson (brson@moz-BBE3ABD.mv.mozilla.com) (Ping timeout)
[20:57:40] *** Joins: brson (brson@moz-BBE3ABD.mv.mozilla.com)
[20:59:41] *** Quits: nielsle (nielsle@moz-C46DA772.boa.fiberby.dk) (Ping timeout)
[21:07:36] *** Quits: erickt (etryzelaar@8C9ECD8F.3A598286.F12515B4.IP) (Ping timeout)
[21:10:27] *** Joins: erickt (etryzelaar@8C9ECD8F.3A598286.F12515B4.IP)
[21:13:26] *** Quits: yuriks (yuriks@50BCCB4D.6C9AD9C4.8E0C6B01.IP) (Ping timeout)
[21:13:50] *** Joins: yuriks (yuriks@50BCCB4D.6C9AD9C4.8E0C6B01.IP)
[21:17:43] *** Quits: mcpherrin (mcpherrin@BB4DB59D.2876C283.70845BE5.IP) (Ping timeout)
[21:24:04] *** Joins: mcpherrin (mcpherrin@BB4DB59D.2876C283.70845BE5.IP)
[21:24:24] *** Quits: mcpherrin (mcpherrin@BB4DB59D.2876C283.70845BE5.IP) (Quit: Reconnecting)
[21:24:24] *** Joins: mcpherrin (mcpherrin@BB4DB59D.2876C283.70845BE5.IP)
[21:40:17] *** Quits: erickt (etryzelaar@8C9ECD8F.3A598286.F12515B4.IP) (Ping timeout)
[22:10:07] *** Quits: brson (brson@moz-BBE3ABD.mv.mozilla.com) (Ping timeout)
[22:34:05] *** bstrie is now known as bstrie_disappeared
[22:46:30] *** Joins: brson (brson@moz-BBE3ABD.mv.mozilla.com)
[22:50:50] *** Quits: ptc (Adium@moz-8F01578B.z72-46-65.customer.algx.net) (Quit: Leaving.)
[22:54:23] *** Joins: ptc (Adium@moz-8F01578B.z72-46-65.customer.algx.net)
[23:23:47] *** Quits: Tobba (Tobba@moz-462B7F7F.ias.bredband.telia.com) (Ping timeout)
[23:36:20] *** Joins: erickt (etryzelaar@8C9ECD8F.3A598286.F12515B4.IP)
[23:55:20] *** Quits: eddyb (eddy@EDE07015.D51DAF03.FB866788.IP) (Ping timeout)
