[00:20:45] *** Joins: cmr (moznet@F468AD76.B3752F1D.93D630DC.IP)
[00:23:54] *** Quits: jclements (jclements@2557E599.66715431.D25A875A.IP) (Quit: jclements)
[00:39:47] *** Quits: azakai (alon@2557E599.66715431.D25A875A.IP) (Quit: Ex-Chat)
[00:39:57] *** Joins: azakai (alon@2557E599.66715431.D25A875A.IP)
[00:48:29] *** Quits: disnet (disnet@moz-C54E0ADF.ucsc.edu) (Quit: Computer has gone to sleep.)
[00:51:48] *** Quits: graydon (Adium@A5087023.2354C43D.D8E68FF6.IP) (Quit: Leaving.)
[00:53:31] *** Quits: mbx (mbebenita@moz-C03D0C61.vlan426.asr1.sfo1.gblx.net) (Quit: mbx)
[00:53:31] *** Quits: jorendorff (jorendorff@moz-30F4FB9E.hfc.comcastbusiness.net) (Quit: jorendorff)
[00:58:02] *** Quits: gal (gal@moz-D7DEF660.cust.dsl.vodafone.it) (Quit: gal)
[01:04:03] *** Quits: tjc (tjc@A5087023.2354C43D.D8E68FF6.IP) (Quit: Places to go, people to annoy)
[01:08:11] *** Joins: int3_ (int3_@89E728B9.C181C765.20F9FC3E.IP)
[01:17:27] *** Quits: terrence (terrence@2557E599.66715431.D25A875A.IP) (Ping timeout)
[01:27:41] *** Joins: mbx (mbebenita@moz-B8B530C2.hsd1.ca.comcast.net)
[01:35:50] *** Quits: int3_ (int3_@89E728B9.C181C765.20F9FC3E.IP) (Client exited)
[01:42:57] *** Joins: disnet (disnet@moz-C74FAF2C.lightspeed.mtryca.sbcglobal.net)
[01:51:32] *** Quits: dherman (dherman@moz-6CA476B1.hsd1.ca.comcast.net) (Quit: dherman)
[02:20:26] *** Joins: lkuper (lkuper@moz-C0CD33ED.hsd1.in.comcast.net)
[02:24:40] *** Quits: mbx (mbebenita@moz-B8B530C2.hsd1.ca.comcast.net) (Quit: mbx)
[02:27:47] *** Quits: azakai (alon@2557E599.66715431.D25A875A.IP) (Ping timeout)
[02:45:45] *** Quits: pcwalton (pcwalton@43CB6079.66715431.D25A875A.IP) (Quit: pcwalton)
[03:32:32] *** Quits: brson (brson@2557E599.66715431.D25A875A.IP) (Quit: leaving)
[03:34:50] *** Quits: lkuper (lkuper@moz-C0CD33ED.hsd1.in.comcast.net) (Quit: lkuper)
[03:35:38] *** Joins: lkuper (lkuper@moz-C0CD33ED.hsd1.in.comcast.net)
[03:57:35] *** Quits: lkuper (lkuper@moz-C0CD33ED.hsd1.in.comcast.net) (Quit: lkuper)
[03:58:49] *** Joins: gal (gal@588D60B2.57A40D33.B6856485.IP)
[03:59:55] *** Joins: lkuper (lkuper@moz-C0CD33ED.hsd1.in.comcast.net)
[04:00:23] *** Quits: gal (gal@588D60B2.57A40D33.B6856485.IP) (Connection reset by peer)
[04:13:08] *** Joins: brson (brson@E9CDE21E.991753BB.CA4D1600.IP)
[04:13:08] *** ChanServ sets mode: +o brson
[04:30:24] *** Joins: mbx (mbebenita@moz-B8B530C2.hsd1.ca.comcast.net)
[05:18:10] *** Quits: lkuper (lkuper@moz-C0CD33ED.hsd1.in.comcast.net) (Quit: lkuper)
[05:21:32] *** Joins: pcwalton (pcwalton@moz-481A040C.hsd1.ca.comcast.net)
[05:21:32] *** ChanServ sets mode: +o pcwalton
[05:21:41] *** Quits: pcwalton (pcwalton@moz-481A040C.hsd1.ca.comcast.net) (Quit: .)
[05:22:13] *** Joins: pcwalton (pcwalton@moz-481A040C.hsd1.ca.comcast.net)
[05:22:13] *** ChanServ sets mode: +o pcwalton
[05:22:24] *** Quits: pcwalton (pcwalton@moz-481A040C.hsd1.ca.comcast.net) (Quit: .)
[06:47:30] *** Quits: disnet (disnet@moz-C74FAF2C.lightspeed.mtryca.sbcglobal.net) (Quit: Computer has gone to sleep.)
[06:49:04] *** Quits: brson (brson@E9CDE21E.991753BB.CA4D1600.IP) (Quit: leaving)
[07:13:23] *** Joins: mcirlanaru (mcirlanaru@moz-F816AE03.jacobs-university.de)
[07:20:43] *** Quits: mbx (mbebenita@moz-B8B530C2.hsd1.ca.comcast.net) (Quit: mbx)
[07:28:04] *** Quits: mcirlanaru (mcirlanaru@moz-F816AE03.jacobs-university.de) (Quit: mcirlanaru)
[07:41:00] *** Joins: mcirlanaru (mcirlanaru@moz-F816AE03.jacobs-university.de)
[08:43:51] *** Quits: bblum (bblum@moz-2B41ACB5.andrew.cmu.edu) (Ping timeout)
[08:48:52] *** Joins: bblum (bblum@moz-2B41ACB5.andrew.cmu.edu)
[10:19:03] *** Quits: mcirlanaru (mcirlanaru@moz-F816AE03.jacobs-university.de) (Quit: mcirlanaru)
[10:29:23] *** Quits: azakai|far (alon@moz-8D0CC798.lightspeed.sntcca.sbcglobal.net) (Ping timeout)
[12:10:20] *** Joins: mcirlanaru (mcirlanaru@moz-F816AE03.jacobs-university.de)
[12:42:25] *** Quits: mcirlanaru (mcirlanaru@moz-F816AE03.jacobs-university.de) (Ping timeout)
[12:44:14] *** Joins: mcirlanaru (mcirlanaru@moz-F816AE03.jacobs-university.de)
[12:47:40] *** Quits: mcirlanaru (mcirlanaru@moz-F816AE03.jacobs-university.de) (Ping timeout)
[12:47:51] *** Joins: lkuper (lkuper@moz-C0CD33ED.hsd1.in.comcast.net)
[12:49:54] *** Joins: mcirlanaru (mcirlanaru@moz-F816AE03.jacobs-university.de)
[12:52:36] *** Quits: mcirlanaru (mcirlanaru@moz-F816AE03.jacobs-university.de) (Ping timeout)
[12:58:27] *** Joins: mcirlanaru (mcirlanaru@moz-F816AE03.jacobs-university.de)
[13:18:09] *** Joins: pcwalton (pcwalton@moz-481A040C.hsd1.ca.comcast.net)
[13:18:09] *** ChanServ sets mode: +o pcwalton
[13:18:19] *** Quits: pcwalton (pcwalton@moz-481A040C.hsd1.ca.comcast.net) (Quit: .)
[13:19:00] *** Joins: jdm (jdm@CAB30FBD.8F96AEA7.2D179A7D.IP)
[13:39:33] *** Quits: mcirlanaru (mcirlanaru@moz-F816AE03.jacobs-university.de) (Quit: mcirlanaru)
[14:27:58] *** Joins: jorendorff (jorendorff@moz-2F32ACA3.hsd1.tn.comcast.net)
[14:48:47] *** Joins: till (till@moz-AE8BC779.dip0.t-ipconnect.de)
[14:50:38] *** Quits: till (till@moz-AE8BC779.dip0.t-ipconnect.de) (Ping timeout)
[14:52:42] *** Joins: till (till@moz-766ED618.dip0.t-ipconnect.de)
[14:57:59] *** Joins: azakai|far (alon@moz-8D0CC798.lightspeed.sntcca.sbcglobal.net)
[14:59:03] *** Joins: tobeytailor (tobeytailo@B8F5E7BF.F491DAF8.A495AFDF.IP)
[14:59:10] *** Quits: jdm (jdm@CAB30FBD.8F96AEA7.2D179A7D.IP) (Quit: Lost terminal)
[14:59:49] *** Quits: tobeytailor (tobeytailo@B8F5E7BF.F491DAF8.A495AFDF.IP) (Quit: tobeytailor)
[15:14:11] *** Joins: mekki (atriou@2ADAC4A9.3A262DB1.DC1243F8.IP)
[15:14:22] *** Quits: mekki1 (atriou@2ADAC4A9.3A262DB1.DC1243F8.IP) (Ping timeout)
[15:15:22] *** Joins: faramarz (faramarz@2557E599.66715431.D25A875A.IP)
[15:15:38] *** Quits: till (till@moz-766ED618.dip0.t-ipconnect.de) (Client exited)
[15:18:24] *** Joins: mcirlanaru (mcirlanaru@moz-CBE3A415.dip0.t-ipconnect.de)
[15:19:58] *** Joins: mccr8 (mccr8@2557E599.66715431.D25A875A.IP)
[15:20:53] *** Joins: till (till@moz-766ED618.dip0.t-ipconnect.de)
[15:24:45] *** Joins: jdm (jdm@F2D29657.F60B0462.67AC9B1.IP)
[15:53:55] *** Joins: Jesse (jruderman@moz-BE33DA21.fw1.sfo1.mozilla.net)
[16:09:14] *** Joins: azita (Azita@2557E599.66715431.D25A875A.IP)
[16:19:03] *** Joins: jclements (jclements@2557E599.66715431.D25A875A.IP)
[16:22:00] *** Joins: pcwalton (pcwalton@moz-481A040C.hsd1.ca.comcast.net)
[16:22:00] *** ChanServ sets mode: +o pcwalton
[16:22:31] *** Quits: pcwalton (pcwalton@moz-481A040C.hsd1.ca.comcast.net) (Quit: .)
[16:25:06] *** Quits: mcirlanaru (mcirlanaru@moz-CBE3A415.dip0.t-ipconnect.de) (Quit: mcirlanaru)
[16:41:52] *** Quits: till (till@moz-766ED618.dip0.t-ipconnect.de) (Client exited)
[16:42:48] *** Joins: disnet (disnet@moz-C74FAF2C.lightspeed.mtryca.sbcglobal.net)
[16:47:34] <nmatsakis> azita: ping
[16:48:20] <azita> nmatsakis: pong
[16:49:24] <nmatsakis> azita: we're doing this meeting in 15 mins?
[16:49:33] <azita> yes
[16:49:58] *** Joins: mbx (mbebenita@moz-BE33DA21.fw1.sfo1.mozilla.net)
[16:58:55] *** Quits: azita (Azita@2557E599.66715431.D25A875A.IP) (Quit: azita)
[17:01:01] *** Joins: azita (Azita@2557E599.66715431.D25A875A.IP)
[17:07:07] *** Joins: terrence (terrence@2557E599.66715431.D25A875A.IP)
[17:08:50] *** Joins: azakai (alon@2557E599.66715431.D25A875A.IP)
[17:14:34] *** Quits: azita (Azita@2557E599.66715431.D25A875A.IP) (Quit: azita)
[17:20:02] *** Joins: azita (Azita@2557E599.66715431.D25A875A.IP)
[17:22:07] *** Joins: dherman (dherman@moz-6CA476B1.hsd1.ca.comcast.net)
[17:22:07] *** ChanServ sets mode: +qo dherman dherman
[17:22:45] *** Joins: faramarz_ (faramarz@2557E599.66715431.D25A875A.IP)
[17:26:25] *** Joins: pcwalton (pcwalton@43CB6079.66715431.D25A875A.IP)
[17:26:25] *** ChanServ sets mode: +o pcwalton
[17:49:59] *** Quits: azakai (alon@2557E599.66715431.D25A875A.IP) (Quit: Ex-Chat)
[17:52:18] *** Joins: till (till@moz-766ED618.dip0.t-ipconnect.de)
[17:54:10] *** Quits: till (till@moz-766ED618.dip0.t-ipconnect.de) (Ping timeout)
[17:57:44] <dherman> azakai|far: didn't mean to monopoloize the conversation, don't be afraid to interrupt me
[18:02:21] *** Quits: disnet (disnet@moz-C74FAF2C.lightspeed.mtryca.sbcglobal.net) (Quit: Textual IRC Client: www.textualapp.com)
[18:15:37] *** Quits: dherman (dherman@moz-6CA476B1.hsd1.ca.comcast.net) (Quit: dherman)
[18:22:17] *** Joins: tjc (tjc@A5087023.2354C43D.D8E68FF6.IP)
[18:22:17] *** ChanServ sets mode: +o tjc
[18:43:59] *** Joins: mcirlanaru (mcirlanaru@moz-CBE3A415.dip0.t-ipconnect.de)
[18:45:41] *** Joins: brson (brson@2557E599.66715431.D25A875A.IP)
[18:45:41] *** ChanServ sets mode: +o brson
[19:03:20] *** Quits: faramarz_ (faramarz@2557E599.66715431.D25A875A.IP) (Quit: faramarz_)
[19:08:57] *** Joins: burg (burg@moz-A644EFFF.dyn.cs.washington.edu)
[19:52:20] *** Quits: Jesse (jruderman@moz-BE33DA21.fw1.sfo1.mozilla.net) (Quit: Jesse)
[19:53:12] *** Joins: Jesse (jruderman@moz-BE33DA21.fw1.sfo1.mozilla.net)
[19:57:15] *** Quits: Jesse (jruderman@moz-BE33DA21.fw1.sfo1.mozilla.net) (Quit: Jesse)
[20:03:01] *** Joins: azakai (alon@2557E599.66715431.D25A875A.IP)
[20:03:07] <tjc> brson nmatsakis pcwalton azita: joining us to talk about rustpkg?
[20:03:52] <nmatsakis> tjc: oh, ok, I must have misread your calendar invite. 
[20:03:59] <nmatsakis> tjc: which room (sorry)?
[20:04:11] <tjc> nmatsakis: GIGO
[20:05:20] <tjc> etherpad for rustpkg/servo meeting notes: https://etherpad.mozilla.org/LfjeGpn9mS
[20:05:47] *** Joins: graydon (Adium@A5087023.2354C43D.D8E68FF6.IP)
[20:05:48] <tjc> ignore that
[20:05:57] *** Quits: brson (brson@2557E599.66715431.D25A875A.IP) (Ping timeout)
[20:06:02] <tjc> actual etherpad: https://etherpad.mozilla.org/Rustpkg-Servo-meeting
[20:06:04] *** Joins: brson (brson@2557E599.66715431.D25A875A.IP)
[20:06:04] *** ChanServ sets mode: +o brson
[20:06:32] <pcwalton> tjc: joining
[20:06:39] *** Quits: pcwalton (pcwalton@43CB6079.66715431.D25A875A.IP) (Quit: pcwalton)
[20:07:01] <tjc> https://github.com/mozilla/rust/wiki/Bikeshed-rustpkg
[20:07:05] <tjc> https://github.com/mozilla/rust/issues?labels=A-pkg&milestone=10&page=1&state=open
[20:07:45] *** Joins: pcwalton (pcwalton@43CB6079.66715431.D25A875A.IP)
[20:07:45] *** ChanServ sets mode: +o pcwalton
[20:12:17] <jdm> servo meeting?
[20:12:31] <pcwalton> jdm: it's a rustpkg meeting
[20:12:32] <pcwalton> related to servo
[20:12:35] <jdm> got it
[20:12:36] <pcwalton> but you can join if you're interested!
[20:20:47] *** Joins: gal (gal@moz-EBE591E6.hsd1.ca.comcast.net)
[20:24:05] <brson> can somebody post the etherpad link?
[20:24:54] <azita> https://etherpad.mozilla.org/Rustpkg-Servo-meeting
[20:26:35] *** Quits: froystig (froystig@4AB93A85.352137A1.BCED17D.IP) (Ping timeout)
[20:26:36] *** Joins: froystig (froystig@4AB93A85.352137A1.BCED17D.IP)
[20:29:35] *** Quits: froystig (froystig@4AB93A85.352137A1.BCED17D.IP) (Ping timeout)
[20:31:40] *** Joins: froystig (froystig@4AB93A85.352137A1.BCED17D.IP)
[20:32:18] *** Quits: mcirlanaru (mcirlanaru@moz-CBE3A415.dip0.t-ipconnect.de) (Quit: mcirlanaru)
[20:34:55] *** Quits: froystig (froystig@4AB93A85.352137A1.BCED17D.IP) (Ping timeout)
[20:42:19] *** Joins: froystig (froystig@4AB93A85.352137A1.BCED17D.IP)
[20:44:15] *** Quits: froystig (froystig@4AB93A85.352137A1.BCED17D.IP) (Ping timeout)
[20:47:20] *** Joins: froystig (froystig@4AB93A85.352137A1.BCED17D.IP)
[20:48:30] *** Quits: azita (Azita@2557E599.66715431.D25A875A.IP) (Quit: azita)
[20:50:35] *** Quits: brson (brson@2557E599.66715431.D25A875A.IP) (Ping timeout)
[20:52:48] *** Quits: froystig (froystig@4AB93A85.352137A1.BCED17D.IP) (Ping timeout)
[20:53:05] *** Joins: froystig (froystig@4AB93A85.352137A1.BCED17D.IP)
[20:53:50] *** Joins: brson (brson@2557E599.66715431.D25A875A.IP)
[20:53:50] *** ChanServ sets mode: +o brson
[20:54:05] *** Joins: azita (Azita@2557E599.66715431.D25A875A.IP)
[20:54:09] *** Quits: pcwalton (pcwalton@43CB6079.66715431.D25A875A.IP) (Quit: pcwalton)
[20:55:01] *** Joins: pcwalton (pcwalton@43CB6079.66715431.D25A875A.IP)
[20:55:01] *** ChanServ sets mode: +o pcwalton
[20:57:46] *** Quits: froystig (froystig@4AB93A85.352137A1.BCED17D.IP) (Ping timeout)
[21:00:25] *** Joins: froystig (froystig@4AB93A85.352137A1.BCED17D.IP)
[21:01:05] *** Quits: azita (Azita@2557E599.66715431.D25A875A.IP) (Quit: azita)
[21:01:19] *** Parts: jclements (jclements@2557E599.66715431.D25A875A.IP) ()
[21:03:51] *** Quits: froystig (froystig@4AB93A85.352137A1.BCED17D.IP) (Ping timeout)
[21:06:44] *** Joins: froystig (froystig@4AB93A85.352137A1.BCED17D.IP)
[21:11:03] *** Quits: froystig (froystig@4AB93A85.352137A1.BCED17D.IP) (Ping timeout)
[21:15:26] *** Joins: samth_ (samth@moz-6BF04BE8.hsd1.in.comcast.net)
[21:15:34] *** Joins: froystig (froystig@4AB93A85.352137A1.BCED17D.IP)
[21:18:32] *** Quits: froystig (froystig@4AB93A85.352137A1.BCED17D.IP) (Ping timeout)
[21:24:33] *** Quits: burg (burg@moz-A644EFFF.dyn.cs.washington.edu) (Quit: burg)
[21:33:48] *** Joins: burg (burg@moz-69188646.dhcp4.washington.edu)
[21:33:53] *** Quits: burg (burg@moz-69188646.dhcp4.washington.edu) (Quit: burg)
[21:58:52] *** Quits: gal (gal@moz-EBE591E6.hsd1.ca.comcast.net) (Quit: gal)
[22:01:41] *** Quits: samth_ (samth@moz-6BF04BE8.hsd1.in.comcast.net) (Ping timeout)
[22:19:10] *** Joins: faramarz_ (faramarz@2557E599.66715431.D25A875A.IP)
[22:21:22] *** Joins: Jesse (jruderman@moz-BE33DA21.fw1.sfo1.mozilla.net)
[22:22:08] *** Quits: faramarz_ (faramarz@2557E599.66715431.D25A875A.IP) (Quit: faramarz_)
[22:46:01] *** jack is now known as JACK
[22:46:52] *** JACK is now known as jack
[22:52:23] *** Quits: Jesse (jruderman@moz-BE33DA21.fw1.sfo1.mozilla.net) (Quit: Jesse)
[23:05:54] *** Joins: gal (gal@2557E599.66715431.D25A875A.IP)
[23:08:37] *** Quits: gal (gal@2557E599.66715431.D25A875A.IP) (Ping timeout)
[23:08:57] *** Joins: gal (gal@2557E599.66715431.D25A875A.IP)
[23:30:32] *** Quits: gal (gal@2557E599.66715431.D25A875A.IP) (Quit: gal)
[23:31:00] *** Joins: dherman (dherman@moz-BE33DA21.fw1.sfo1.mozilla.net)
[23:31:00] *** ChanServ sets mode: +qo dherman dherman
[23:32:54] *** Joins: gal (gal@2557E599.66715431.D25A875A.IP)
[23:36:04] *** Quits: gal (gal@2557E599.66715431.D25A875A.IP) (Quit: gal)
[23:40:24] *** Quits: dherman (dherman@moz-BE33DA21.fw1.sfo1.mozilla.net) (Ping timeout)
[23:49:08] *** Quits: lkuper (lkuper@moz-C0CD33ED.hsd1.in.comcast.net) (Quit: lkuper)
