[00:13:33] *** Joins: eddyb9 (eddy@97D72B1B.9A7C5F59.4A6B528C.IP)
[00:35:51] *** Quits: eddyb9 (eddy@97D72B1B.9A7C5F59.4A6B528C.IP) (Quit: Leaving)
[00:39:24] *** Quits: eddyb (eddy@FE23D96E.F33C1089.FB866788.IP) (Ping timeout)
[01:05:30] *** Joins: jeffdb (jeff@moz-ED35AD97.hsd1.ca.comcast.net)
[01:11:05] *** Quits: bjz (bjz@B398BE78.F804C29E.D35A31DF.IP) (Quit: ZZZzzz…)
[01:11:12] *** Joins: bjz (bjz@B398BE78.F804C29E.D35A31DF.IP)
[01:45:00] *** Quits: jeffdb (jeff@moz-ED35AD97.hsd1.ca.comcast.net) (Quit: jeffdb)
[02:24:34] *** Joins: jeffdb (jeff@moz-ED35AD97.hsd1.ca.comcast.net)
[02:36:42] *** Quits: dbaupp (Thunderbir@moz-EA596755.lns20.syd6.internode.on.net) (Ping timeout)
[02:41:19] *** Joins: dbaupp (Thunderbir@moz-EA596755.lns20.syd6.internode.on.net)
[03:32:50] *** Joins: brson (brson@6A848D32.C1B840DD.76F66111.IP)
[03:36:12] *** Joins: brson_ (brson@moz-BBE3ABD.mv.mozilla.com)
[03:37:04] *** Quits: brson (brson@6A848D32.C1B840DD.76F66111.IP) (Ping timeout)
[03:37:06] *** kimundi is now known as zz_kimundi
[03:50:42] *** brson_ is now known as brson
[03:53:10] *** Quits: zz_kimundi (kimundi@moz-CEF9AA1F.dip0.t-ipconnect.de) (Ping timeout)
[03:56:36] *** Joins: zz_kimundi (kimundi@moz-B705BA84.dip0.t-ipconnect.de)
[03:56:37] *** zz_kimundi is now known as kimundi
[04:40:15] *** Quits: canhtak (canhtak@moz-A161DED8.wl.t.ulaval.ca) (Quit: canhtak)
[05:14:03] *** Quits: brson (brson@moz-BBE3ABD.mv.mozilla.com) (Ping timeout)
[05:16:39] *** Quits: jeffdb (jeff@moz-ED35AD97.hsd1.ca.comcast.net) (Quit: jeffdb)
[05:18:26] *** Joins: brson (brson@981AA104.E81F12CD.76F66111.IP)
[05:40:09] *** Quits: nielsle (nielsle@moz-C46DA772.boa.fiberby.dk) (Ping timeout)
[05:58:27] *** Joins: nielsle (nielsle@moz-C46DA772.boa.fiberby.dk)
[06:08:26] *** Joins: jeffdb (jeff@moz-ED35AD97.hsd1.ca.comcast.net)
[06:09:16] *** Quits: brson (brson@981AA104.E81F12CD.76F66111.IP) (Quit: leaving)
[06:31:26] *** Quits: tiffany (kawaii@moz-28A8742A.dhcp.embarqhsd.net) (Ping timeout)
[07:00:11] *** Joins: eddyb (eddy@FE23D96E.F33C1089.FB866788.IP)
[08:02:56] *** Quits: jeffdb (jeff@moz-ED35AD97.hsd1.ca.comcast.net) (Quit: jeffdb)
[10:02:19] *** Quits: strcat (strcat@moz-54F7FD49.cpe.net.cable.rogers.com) (Quit: WeeChat 0.4.2)
[11:23:45] *** Quits: devbug (quassel@23AC5F12.9D950176.3655BBF5.IP) (Connection reset by peer)
[11:35:19] *** Quits: dbaupp (Thunderbir@moz-EA596755.lns20.syd6.internode.on.net) (Ping timeout)
[11:35:49] *** Joins: dbaupp (Thunderbir@moz-9879E359.lns20.syd6.internode.on.net)
[12:13:53] *** Joins: Leo` (Leo@moz-83832FE2.placeholder.fr)
[12:13:57] <Leo`> join #rust-gamedev
[12:14:07] <Leo`> fu
[12:14:08] <Leo`> that fail
[12:14:22] * Leo` reconfigures its IRC client
[12:14:25] <Leo`> (hello btw
[12:14:27] <Leo`> )
[12:14:52] <eddyb> Leo`: missing a / key?
[12:14:57] <Leo`> yeah
[12:15:01] <Leo`> :p
[12:25:18] *** Quits: dbaupp (Thunderbir@moz-9879E359.lns20.syd6.internode.on.net) (Ping timeout)
[12:29:04] *** Joins: dbaupp (Thunderbir@moz-9879E359.lns20.syd6.internode.on.net)
[12:47:53] *** Quits: dbaupp (Thunderbir@moz-9879E359.lns20.syd6.internode.on.net) (Ping timeout)
[12:50:19] *** Joins: dbaupp (Thunderbir@moz-9879E359.lns20.syd6.internode.on.net)
[12:55:58] *** Joins: canhtak (canhtak@moz-24F61E55.wl.t.ulaval.ca)
[13:51:45] *** Joins: tiffany (kawaii@moz-28A8742A.dhcp.embarqhsd.net)
[17:09:58] *** Quits: nielsle (nielsle@moz-C46DA772.boa.fiberby.dk) (Ping timeout)
[17:21:38] *** Joins: nielsle (nielsle@moz-C46DA772.boa.fiberby.dk)
[18:05:47] *** Joins: jeffdb (jeff@moz-ED35AD97.hsd1.ca.comcast.net)
[18:27:48] *** Quits: Leo` (Leo@moz-83832FE2.placeholder.fr) (Ping timeout)
[18:35:26] *** Joins: Leo` (Leo@moz-83832FE2.placeholder.fr)
[18:58:20] *** Quits: Leo` (Leo@moz-83832FE2.placeholder.fr) (Ping timeout)
[19:08:27] *** Joins: Leo` (Leo@moz-83832FE2.placeholder.fr)
[19:23:47] *** Quits: eddyb (eddy@FE23D96E.F33C1089.FB866788.IP) (Ping timeout)
[19:24:21] *** Joins: eddyb (eddy@FE23D96E.F33C1089.FB866788.IP)
[19:26:25] *** Joins: strcat (strcat@moz-54F7FD49.cpe.net.cable.rogers.com)
[20:24:37] <Leo`> eddyb: can you re-send me the link with your Rust variadic templates thing ?
[20:24:44] <Leo`> i've lost some part of my logs apparently
[20:25:31] <Leo`> oh I found it
[20:25:34] <Leo`> nevermind
[20:26:03] <eddyb> you can always search on github :D
[20:28:51] <Leo`> that's what I did :p
[20:50:51] *** Quits: eddyb (eddy@FE23D96E.F33C1089.FB866788.IP) (Ping timeout)
[20:55:18] *** Quits: jeffdb (jeff@moz-ED35AD97.hsd1.ca.comcast.net) (Quit: jeffdb)
[21:10:11] *** Joins: rusti (rusti@moz-54F7FD49.cpe.net.cable.rogers.com)
[21:10:19] *** Quits: rusti (rusti@moz-54F7FD49.cpe.net.cable.rogers.com) (Client exited)
[22:05:28] *** Joins: devbug (quassel@23AC5F12.9D950176.3655BBF5.IP)
[22:21:25] *** Joins: eddyb9 (eddy@FE23D96E.F33C1089.FB866788.IP)
[22:27:05] *** Joins: arcterus (arcterus@4AB13BDD.2A820825.9435AF77.IP)
[22:29:46] *** Joins: brson (brson@moz-BBE3ABD.mv.mozilla.com)
[22:54:19] *** Quits: Leo` (Leo@moz-83832FE2.placeholder.fr) (Quit: WeeChat 0.3.8)
[23:59:48] *** kimundi is now known as zz_kimundi
