[01:10:43] *** Quits: tjc (tjc@moz-522C532A.west.biz.rr.com) (Quit: zzzzzzzzzz)
[16:13:07] *** Joins: pnkfelix (pnkfelix@87C1F78E.1DE10CA8.D8E68FF6.IP)
[16:33:35] *** Joins: tjc (tjc@moz-D530ECE9.lightspeed.irvnca.sbcglobal.net)
[16:36:04] *** Joins: pnkfelix1 (pnkfelix@87C1F78E.1DE10CA8.D8E68FF6.IP)
[16:36:21] *** Quits: pnkfelix1 (pnkfelix@87C1F78E.1DE10CA8.D8E68FF6.IP) (Connection reset by peer)
[16:36:27] *** Joins: pnkfelix2 (pnkfelix@87C1F78E.1DE10CA8.D8E68FF6.IP)
[16:36:39] *** Quits: pnkfelix (pnkfelix@87C1F78E.1DE10CA8.D8E68FF6.IP) (Ping timeout)
[16:37:21] *** pnkfelix2 is now known as pnkfelix
[16:37:54] <pnkfelix> tjc: do you know if triage mtg has been cancelled (or superseded by another larger mtg going on right now?)
[16:38:41] <tjc> pnkfelix: it's going on in The Bridge
[16:39:00] <pnkfelix> merci
[16:40:59] *** Joins: brson (brson@2557E599.66715431.D25A875A.IP)
[16:41:11] *** Joins: jclements (jclements@43CB6079.66715431.D25A875A.IP)
[16:41:57] <pnkfelix> 1497
[16:43:08] <pnkfelix> 2080
[16:45:32] <pnkfelix> 2320
[16:46:15] *** Joins: jack (jack@moz-F1B36F9F.hsd1.nm.comcast.net)
[16:48:15] <pnkfelix> 2326
[16:48:17] *** Joins: Luqman (laden@moz-DCEF6040.csclub.uwaterloo.ca)
[16:50:57] <pnkfelix> 2367
[16:52:05] <pnkfelix> 2604
[16:55:50] <pnkfelix> 2896
[16:57:21] <pnkfelix> 3358
[16:57:47] <cmr> actually that one might be well covered now that I think about it
[16:57:52] <jack> or just types="rason"
[16:59:39] <pnkfelix> 3533
[17:01:10] <pnkfelix> 3546
[17:06:11] <pnkfelix> 3597
[17:08:03] <pnkfelix> 3598
[17:11:11] <pnkfelix> 3604
[17:14:44] <pnkfelix> 3647
[17:17:38] <pnkfelix> 3667
[17:18:39] <pnkfelix> 3721
[17:19:51] <pnkfelix> 3723
[17:20:42] <pnkfelix> 3729
[17:21:40] <pnkfelix> 3742
[17:24:27] <pnkfelix> 3756
[17:28:56] <pnkfelix> 3761
[17:30:57] <pnkfelix> 3778
[17:51:30] *** Quits: tjc (tjc@moz-D530ECE9.lightspeed.irvnca.sbcglobal.net) (Quit: Places to go, people to annoy)
[17:53:48] *** Quits: jclements (jclements@43CB6079.66715431.D25A875A.IP) (Quit: jclements)
[18:01:11] *** Joins: jclements (jclements@43CB6079.66715431.D25A875A.IP)
[18:06:40] *** Quits: brson (brson@2557E599.66715431.D25A875A.IP) (Ping timeout)
[18:17:39] *** Joins: brson (brson@2557E599.66715431.D25A875A.IP)
[18:25:24] *** Parts: jack (jack@moz-F1B36F9F.hsd1.nm.comcast.net) ()
[18:28:39] *** Joins: tjc (tjc@moz-1F8E59C9.west.biz.rr.com)
[18:55:31] *** Quits: pnkfelix (pnkfelix@87C1F78E.1DE10CA8.D8E68FF6.IP) (Quit: Leaving.)
[19:58:47] *** Quits: tjc (tjc@moz-1F8E59C9.west.biz.rr.com) (Ping timeout)
[20:04:00] *** Joins: tjc (tjc@moz-1F8E59C9.west.biz.rr.com)
[20:37:03] *** Quits: tjc (tjc@moz-1F8E59C9.west.biz.rr.com) (Quit: zzzzzzzzzz)
[20:41:32] *** Quits: brson (brson@2557E599.66715431.D25A875A.IP) (sand.mozilla.org dust.mozilla.org)
[20:41:35] *** Joins: brson (brson@2557E599.66715431.D25A875A.IP)
[21:17:55] *** Joins: tjc (tjc@moz-508C89CD.lightspeed.irvnca.sbcglobal.net)
[23:16:26] *** Quits: tjc (tjc@moz-508C89CD.lightspeed.irvnca.sbcglobal.net) (Quit: zzzzzzzzzz)
[23:17:31] *** Joins: tjc (tjc@moz-508C89CD.lightspeed.irvnca.sbcglobal.net)
