[04:25:24] *** Quits: bjz (brendanzab@B398BE78.F804C29E.D35A31DF.IP) (Ping timeout)
[06:12:12] *** Joins: bjz (brendanzab@B398BE78.F804C29E.D35A31DF.IP)
[07:32:09] *** Joins: schubidu25 (schubidu25@moz-FAE37203.superkabel.de)
[07:58:37] *** flaper87|afk is now known as flaper87
[09:01:37] *** flaper87 is now known as flaper87|afk
[09:07:16] *** flaper87|afk is now known as flaper87
[11:15:26] *** flaper87 is now known as flaper87|afk
[11:32:15] *** Quits: schubidu25 (schubidu25@moz-FAE37203.superkabel.de) (Client exited)
[12:00:29] *** flaper87|afk is now known as flaper87
[12:26:30] *** Joins: dbaupp (Thunderbir@moz-B03A1B7A.pa.nsw.optusnet.com.au)
[12:57:08] *** Quits: dbaupp (Thunderbir@moz-B03A1B7A.pa.nsw.optusnet.com.au) (Ping timeout)
[12:58:57] *** flaper87 is now known as flaper87|afk
[13:18:31] *** Quits: bjz (brendanzab@B398BE78.F804C29E.D35A31DF.IP) (Ping timeout)
[13:30:20] *** flaper87|afk is now known as flaper87
[13:43:08] *** Joins: bjz (brendanzab@B398BE78.F804C29E.D35A31DF.IP)
[14:30:22] *** flaper87 is now known as flaper87|afk
[14:38:03] *** flaper87|afk is now known as flaper87
[15:44:11] *** flaper87 is now known as flaper87|afk
[15:57:59] *** Joins: bjz_ (brendanzab@B398BE78.F804C29E.D35A31DF.IP)
[15:58:00] *** Quits: bjz (brendanzab@B398BE78.F804C29E.D35A31DF.IP) (Connection reset by peer)
[16:23:08] *** Quits: acrichto (acrichto@moz-69F2E428.ugrad.cs.cmu.edu) (Ping timeout)
[16:23:28] *** Joins: acrichto (acrichto@moz-69F2E428.ugrad.cs.cmu.edu)
[16:23:29] *** Joins: [o__o] (~o__o@moz-24EBFAC7.me)
[16:32:46] *** Joins: mizar99 (onur@E08635D0.26969B75.8D47ACD1.IP)
[16:56:26] *** flaper87|afk is now known as flaper87
[17:28:29] *** Quits: mizar99 (onur@E08635D0.26969B75.8D47ACD1.IP) (Quit: Leaving)
[17:40:02] *** flaper87 is now known as flaper87|afk
