[01:49:02] *** Quits: bjz_ (brendanzab@B398BE78.F804C29E.D35A31DF.IP) (Ping timeout)
[01:49:07] *** Joins: bjz (brendanzab@B398BE78.F804C29E.D35A31DF.IP)
[05:16:29] *** Quits: Kxepal (Miranda@moz-C38F0777.pppoe.mtu-net.ru) (Ping timeout)
[05:19:48] *** Joins: Kxepal (Miranda@moz-6B9ED67C.pppoe.mtu-net.ru)
[06:46:08] *** Quits: Kxepal (Miranda@moz-6B9ED67C.pppoe.mtu-net.ru) (Quit: Kxepal)
[06:46:26] *** Joins: Kxepal (Miranda@moz-6B9ED67C.pppoe.mtu-net.ru)
[07:29:57] *** flaper87|afk is now known as flaper87
[07:43:06] *** Quits: dbaupp (Thunderbir@moz-CB11E887.lns20.syd6.internode.on.net) (Ping timeout)
[07:47:06] *** Joins: dbaupp (Thunderbir@moz-EA27E3E6.lns20.syd6.internode.on.net)
[08:17:49] *** Joins: bjz_ (brendanzab@B398BE78.F804C29E.D35A31DF.IP)
[08:18:02] *** Quits: bjz (brendanzab@B398BE78.F804C29E.D35A31DF.IP) (Connection reset by peer)
[10:53:24] *** flaper87 is now known as flaper87|afk
[11:44:20] *** flaper87|afk is now known as flaper87
[17:05:04] *** flaper87 is now known as flaper87|afk
[19:28:40] *** Quits: doomlord_ (servitor@moz-3F3192E5.range86-184.btcentralplus.com) (Quit: Leaving)
[20:47:39] *** Joins: doomlord_ (servitor@moz-3F3192E5.range86-184.btcentralplus.com)
[20:49:53] *** Quits: doomlord_ (servitor@moz-3F3192E5.range86-184.btcentralplus.com) (Ping timeout)
[20:50:43] *** Joins: doomlord_ (servitor@moz-3F3192E5.range86-184.btcentralplus.com)
[20:58:58] *** Quits: doomlord_ (servitor@moz-3F3192E5.range86-184.btcentralplus.com) (Ping timeout)
[21:01:26] *** Joins: doomlord_ (servitor@moz-3F3192E5.range86-184.btcentralplus.com)
[21:07:30] *** Quits: doomlord_ (servitor@moz-3F3192E5.range86-184.btcentralplus.com) (Ping timeout)
[21:10:06] *** Joins: doomlord_ (servitor@moz-3F3192E5.range86-184.btcentralplus.com)
[21:31:45] *** Quits: doomlord_ (servitor@moz-3F3192E5.range86-184.btcentralplus.com) (Ping timeout)
[21:33:25] *** Joins: doomlord_ (servitor@moz-3F3192E5.range86-184.btcentralplus.com)
[21:49:02] *** Quits: doomlord_ (servitor@moz-3F3192E5.range86-184.btcentralplus.com) (Quit: Leaving)
