[01:03:15] *** Quits: TheHydroImpulse (TheHydroIm@moz-A9FB1B83.ed.shawcable.net) (Quit: TheHydroImpulse)
[01:41:35] *** Joins: TheHydroImpulse (TheHydroIm@moz-A9FB1B83.ed.shawcable.net)
[02:25:12] *** Quits: brson (brson@moz-BBE3ABD.mv.mozilla.com) (Quit: leaving)
[02:25:29] *** Joins: brson (brson@6A848D32.C1B840DD.76F66111.IP)
[02:27:08] *** Joins: brson_ (brson@moz-BBE3ABD.mv.mozilla.com)
[02:28:45] *** Quits: brson (brson@6A848D32.C1B840DD.76F66111.IP) (Ping timeout)
[02:43:42] *** Quits: brson_ (brson@moz-BBE3ABD.mv.mozilla.com) (Ping timeout)
[03:24:44] *** Quits: TheHydroImpulse (TheHydroIm@moz-A9FB1B83.ed.shawcable.net) (Connection reset by peer)
[03:26:46] *** Joins: TheHydroImpulse (TheHydroIm@moz-A9FB1B83.ed.shawcable.net)
[05:14:06] *** Quits: TheHydroImpulse (TheHydroIm@moz-A9FB1B83.ed.shawcable.net) (Connection reset by peer)
[05:16:31] *** Joins: TheHydroImpulse (TheHydroIm@moz-A9FB1B83.ed.shawcable.net)
[05:31:48] *** Quits: TheHydroImpulse (TheHydroIm@moz-A9FB1B83.ed.shawcable.net) (Quit: TheHydroImpulse)
[05:58:03] *** Joins: TheHydroImpulse (TheHydroIm@moz-A9FB1B83.ed.shawcable.net)
[06:16:42] *** Quits: TheHydroImpulse (TheHydroIm@moz-A9FB1B83.ed.shawcable.net) (Connection reset by peer)
[06:17:57] *** Joins: TheHydroImpulse (TheHydroIm@moz-A9FB1B83.ed.shawcable.net)
[06:19:51] *** Quits: TheHydroImpulse (TheHydroIm@moz-A9FB1B83.ed.shawcable.net) (Quit: TheHydroImpulse)
[07:07:45] *** Quits: ChrisMorgan (chris@moz-6AC741CA.static.tpgi.com.au) (Ping timeout)
[14:31:46] *** Joins: TheHydroImpulse (TheHydroIm@moz-A9FB1B83.ed.shawcable.net)
[14:54:01] *** Quits: TheHydroImpulse (TheHydroIm@moz-A9FB1B83.ed.shawcable.net) (Quit: TheHydroImpulse)
[17:49:26] *** Joins: TheHydroImpulse (TheHydroIm@moz-A9FB1B83.ed.shawcable.net)
[17:57:21] *** Joins: brson (brson@moz-BBE3ABD.mv.mozilla.com)
[18:40:32] *** Quits: TheHydroImpulse (TheHydroIm@moz-A9FB1B83.ed.shawcable.net) (Quit: TheHydroImpulse)
[18:50:31] *** Joins: TheHydroImpulse (TheHydroIm@moz-A9FB1B83.ed.shawcable.net)
[19:03:52] *** Quits: brson (brson@moz-BBE3ABD.mv.mozilla.com) (Ping timeout)
[19:46:22] *** Joins: brson (brson@moz-BBE3ABD.mv.mozilla.com)
[21:18:27] *** Joins: ChrisMorgan (chris@moz-6AC741CA.static.tpgi.com.au)
[21:19:52] *** Quits: TheHydroImpulse (TheHydroIm@moz-A9FB1B83.ed.shawcable.net) (Connection reset by peer)
[21:21:12] *** Joins: TheHydroImpulse (TheHydroIm@moz-A9FB1B83.ed.shawcable.net)
[21:37:09] *** Quits: TheHydroImpulse (TheHydroIm@moz-A9FB1B83.ed.shawcable.net) (Quit: TheHydroImpulse)
[22:00:46] *** Quits: brson (brson@moz-BBE3ABD.mv.mozilla.com) (Ping timeout)
[22:03:15] *** Joins: brson (brson@moz-BBE3ABD.mv.mozilla.com)
[22:05:03] *** Quits: brson (brson@moz-BBE3ABD.mv.mozilla.com) (Ping timeout)
[22:19:07] *** Joins: TheHydroImpulse (TheHydroIm@moz-A9FB1B83.ed.shawcable.net)
[22:23:27] *** Joins: brson (brson@moz-BBE3ABD.mv.mozilla.com)
[23:05:13] *** Quits: TheHydroImpulse (TheHydroIm@moz-A9FB1B83.ed.shawcable.net) (Connection reset by peer)
[23:06:37] *** Joins: TheHydroImpulse (TheHydroIm@moz-A9FB1B83.ed.shawcable.net)
[23:15:04] *** Quits: TheHydroImpulse (TheHydroIm@moz-A9FB1B83.ed.shawcable.net) (Quit: TheHydroImpulse)
