[00:06:14] *** Quits: pcwalton (pcwalton@moz-7B0110AD.mv.mozilla.com) (Quit: pcwalton)
[00:07:23] <canhtak> hi rust devs
[00:08:07] <canhtak> I'm trying to turn off vsync using glw::set_swap_interval but it don't work
[00:09:09] <canhtak> is there a bug about this function?
[00:09:28] <canhtak> my fps stay at 60
[00:10:30] <dmz> it doesn't sound like a rust issue at all to me
[00:10:55] <canhtak> to me too
[00:11:02] <canhtak> the ffi is good
[00:11:02] <dmz> you can check glfw issues (not glfw-rs) if set_swap_interval is mentioned there
[00:11:32] <canhtak> but maybe someone know if this glw function don't work
[00:12:23] <dmz> are you on Vista/Win7/Win8?
[00:12:29] <canhtak> mac os
[00:12:35] <bjz> canhtak: it might be mentioned in the glfw docs http://www.glfw.org/documentation.html
[00:13:52] <canhtak> yes it's mentioned
[00:13:58] <dmz> http://www.glfw.org/faq.html#33__why_doesnt_glfwswapinterval_work
[00:14:19] <canhtak> but the problem is that the doc said that it can be enable by default at the glfw compilation
[00:14:28] <canhtak> but i haven't set any flag.
[00:14:36] <bjz> hm
[00:14:38] <canhtak> that why i ask
[00:15:02] <bjz> you mean when you build glfw itself?
[00:15:11] <bjz> it might be a CMake option
[00:15:38] <canhtak> yes
[00:19:31] *** Joins: ChristopherBurg (Christophe@moz-2C03E71B.hfc.comcastbusiness.net)
[00:22:57] *** Quits: jdm (jdm@CC0122E6.8F96AEA7.2D179A7D.IP) (Quit: Lost terminal)
[00:25:58] *** Quits: doomlord_ (servitor@moz-CA917A47.range86-184.btcentralplus.com) (Quit: Leaving)
[00:36:55] *** Quits: jeaye (Jeaye@moz-34FEF2BB.hsd1.ca.comcast.net) (Ping timeout)
[00:43:07] *** Joins: jeaye (Jeaye@moz-34FEF2BB.hsd1.ca.comcast.net)
[00:57:48] *** Joins: samx (sami@moz-D9DA5773.dyn.optonline.net)
[01:02:52] *** Joins: malm (malm@moz-56546B0C.edstud.chalmers.se)
[01:16:19] *** Quits: bjustin (bjustin@moz-8FC28563.sierrabravo.net) (Ping timeout)
[01:27:12] *** Quits: erickt (etryzelaar@8C9ECD8F.3A598286.F12515B4.IP) (Ping timeout)
[01:34:59] *** Quits: canhtak (canhtak@moz-DB18D73D.wl.t.ulaval.ca) (Quit: canhtak)
[01:43:23] *** Quits: samx (sami@moz-D9DA5773.dyn.optonline.net) (Quit: This computer has gone to sleep)
[01:46:56] *** Joins: pcwalton (pcwalton@moz-7B0110AD.mv.mozilla.com)
[01:46:57] *** ChanServ sets mode: +qo pcwalton pcwalton
[01:55:22] *** Joins: mib_fj7d88 (Mibbit@moz-C4187E8D.hsd1.il.comcast.net)
[02:10:18] *** Quits: MrByte (Dartakio@moz-81792842.chy-wy.client.bresnan.net) (Ping timeout)
[02:10:46] *** Joins: MrByte (Dartakio@moz-81792842.chy-wy.client.bresnan.net)
[02:11:11] *** Joins: erickt (etryzelaar@moz-D455C143.public.wayport.net)
[02:13:27] *** Joins: samx (sami@moz-D9DA5773.dyn.optonline.net)
[02:15:23] *** Quits: samx (sami@moz-D9DA5773.dyn.optonline.net) (Quit: This computer has gone to sleep)
[02:18:37] *** Quits: erickt (etryzelaar@moz-D455C143.public.wayport.net) (Ping timeout)
[02:33:31] *** Joins: csherratt (csherratt@moz-8D848271.cpe.teksavvy.com)
[02:35:02] *** Joins: samx (sami@moz-D9DA5773.dyn.optonline.net)
[02:38:58] *** zz_kimundi is now known as kimundi
[02:41:19] *** Joins: canhtak (canhtak@moz-DB18D73D.wl.t.ulaval.ca)
[02:46:59] *** Joins: summerlight (summerligh@327FC32B.2C956A45.501EFF44.IP)
[02:48:02] *** Quits: csherratt (csherratt@moz-8D848271.cpe.teksavvy.com) (Ping timeout)
[02:50:38] *** Joins: csherratt (csherratt@moz-8D848271.cpe.teksavvy.com)
[02:52:34] *** Quits: codyc (Mibbit@moz-AD3A2872.carolina.res.rr.com) (Quit: http://www.mibbit.com ajax IRC Client)
[03:06:53] *** Quits: brson (brson@moz-BBE3ABD.mv.mozilla.com) (Quit: Lost terminal)
[03:08:24] *** Joins: brson (brson@moz-BBE3ABD.mv.mozilla.com)
[03:13:04] *** Quits: kzzch (kzzch@moz-BB97B490.washdc.fios.verizon.net) (Quit: WeeChat 0.4.1)
[03:15:02] *** Quits: mib_fj7d88 (Mibbit@moz-C4187E8D.hsd1.il.comcast.net) (Quit: http://www.mibbit.com ajax IRC Client)
[03:18:28] *** Quits: SiegeLord (sl@moz-CAF07B4C.hsd1.ma.comcast.net) (Quit: It's a joke, it's all a joke.)
[03:23:01] *** Joins: kimundi_ (kimundi@moz-9888D3CE.dip0.t-ipconnect.de)
[03:24:12] *** Quits: kimundi (kimundi@moz-87973BE2.dip0.t-ipconnect.de) (Ping timeout)
[03:24:13] *** kimundi_ is now known as kimundi
[03:27:25] *** Quits: pcwalton (pcwalton@moz-7B0110AD.mv.mozilla.com) (Quit: pcwalton)
[03:32:24] *** kimundi is now known as zz_kimundi
[03:39:29] *** zz_kimundi is now known as kimundi
[04:57:27] *** Quits: samx (sami@moz-D9DA5773.dyn.optonline.net) (Quit: This computer has gone to sleep)
[04:58:56] *** Joins: jdm (jdm@moz-3FFA85CA.dsl.teksavvy.com)
[05:18:27] *** Quits: jeaye (Jeaye@moz-34FEF2BB.hsd1.ca.comcast.net) (Quit: movie)
[05:41:32] *** Quits: ChristopherBurg (Christophe@moz-2C03E71B.hfc.comcastbusiness.net) (Quit: NO CARRIER)
[05:55:14] *** Quits: csherratt (csherratt@moz-8D848271.cpe.teksavvy.com) (Ping timeout)
[05:55:52] *** Joins: csherratt (csherratt@moz-8D848271.cpe.teksavvy.com)
[06:17:14] *** Quits: bjz (bjz@B398BE78.F804C29E.D35A31DF.IP) (Ping timeout)
[06:17:46] *** Joins: bjz (bjz@B398BE78.F804C29E.D35A31DF.IP)
[06:18:42] *** Joins: benjamin_ (benjamin@moz-CC1E7FA.dip0.t-ipconnect.de)
[06:28:12] *** Quits: csherratt (csherratt@moz-8D848271.cpe.teksavvy.com) (Quit: csherratt)
[06:29:27] *** Joins: csherratt (csherratt@moz-8D848271.cpe.teksavvy.com)
[06:39:00] *** Joins: pcwalton (pcwalton@moz-DA87EE4.hsd1.ca.comcast.net)
[06:39:00] *** ChanServ sets mode: +qo pcwalton pcwalton
[06:39:32] *** Quits: jdm (jdm@moz-3FFA85CA.dsl.teksavvy.com) (Quit: Lost terminal)
[06:48:33] *** Quits: brson (brson@moz-BBE3ABD.mv.mozilla.com) (Quit: leaving)
[06:52:26] *** Parts: pcwalton (pcwalton@moz-DA87EE4.hsd1.ca.comcast.net) ()
[07:15:45] *** Quits: canhtak (canhtak@moz-DB18D73D.wl.t.ulaval.ca) (Quit: canhtak)
[07:29:38] *** Joins: pzol (pzol@322A273C.DEB41A6D.AADC76B.IP)
[08:16:06] *** Quits: tiffany (kawaii@moz-FC0DB29D.dhcp.embarqhsd.net) (Input/output error)
[08:24:44] *** Joins: Ferreus (ferreus@moz-A64646C9.dip0.t-ipconnect.de)
[08:29:42] *** Quits: rusti (rusti@moz-54F7FD49.cpe.net.cable.rogers.com) (Ping timeout)
[08:35:53] *** Joins: benjamin__ (benjamin@moz-2D6D1ED1.dip0.t-ipconnect.de)
[08:36:29] *** Quits: benjamin_ (benjamin@moz-CC1E7FA.dip0.t-ipconnect.de) (Ping timeout)
[08:42:54] *** Joins: ecl3ctic (Mibbit@moz-E1FAD64C.wzfv1.vic.bigpond.net.au)
[08:46:39] *** Joins: rusti (rusti@moz-54F7FD49.cpe.net.cable.rogers.com)
[08:49:58] *** Quits: cantsin (cantsin@moz-F99612CC.members.linode.com) (Ping timeout)
[08:50:04] *** Quits: csherratt (csherratt@moz-8D848271.cpe.teksavvy.com) (Quit: csherratt)
[08:50:52] *** Joins: cantsin (cantsin@moz-F99612CC.members.linode.com)
[09:33:26] *** Joins: CarpNet (ac@moz-FD24B77.sohonet.co.uk)
[09:48:34] *** Joins: mib_skpx7p (Mibbit@moz-25F8FE72.eduroam.dynamic.rbg.tum.de)
[09:49:08] *** Quits: mib_skpx7p (Mibbit@moz-25F8FE72.eduroam.dynamic.rbg.tum.de) (Quit: http://www.mibbit.com ajax IRC Client)
[09:58:22] *** Joins: FrozenCow (FrozenCow@moz-B2DF4929.chello.nl)
[10:16:22] *** Joins: darthdeu (darthdeus@62EE3073.3B96A244.4E88690D.IP)
[10:16:22] *** Quits: darthdeus (darthdeus@62EE3073.3B96A244.4E88690D.IP) (Connection reset by peer)
[10:30:03] *** malm is now known as Malm
[10:58:45] *** Quits: dbaupp (Thunderbir@moz-EB2EFE6F.lns20.syd6.internode.on.net) (Ping timeout)
[11:02:23] *** Joins: dbaupp (Thunderbir@moz-BB237A70.lns20.syd6.internode.on.net)
[11:29:50] *** Quits: benjamin__ (benjamin@moz-2D6D1ED1.dip0.t-ipconnect.de) (Ping timeout)
[11:32:58] *** Joins: ofeldt- (ofeldt@moz-C6A1CDAA.dip0.t-ipconnect.de)
[11:33:57] *** Quits: ofeldt (ofeldt@moz-C8402E36.dip0.t-ipconnect.de) (Ping timeout)
[11:58:57] *** Quits: Ferreus (ferreus@moz-A64646C9.dip0.t-ipconnect.de) (Ping timeout)
[11:59:05] *** Quits: ecl3ctic (Mibbit@moz-E1FAD64C.wzfv1.vic.bigpond.net.au) (Quit: http://www.mibbit.com ajax IRC Client)
[12:01:45] *** Joins: luz (lucy@moz-CD18B14B.customer.cdi.no)
[12:13:57] *** Joins: Ferreus (ferreus@moz-8FF65811.dip0.t-ipconnect.de)
[13:01:55] *** Quits: Ferreus (ferreus@moz-8FF65811.dip0.t-ipconnect.de) (Quit: WeeChat 0.4.2)
[13:02:00] *** Joins: Ferreus (ferreus@moz-8FF65811.dip0.t-ipconnect.de)
[13:09:55] *** Joins: summerlight_ (summerligh@327FC32B.2C956A45.501EFF44.IP)
[13:10:36] *** Quits: summerlight (summerligh@327FC32B.2C956A45.501EFF44.IP) (Ping timeout)
[13:14:21] *** Joins: benjamin__ (benjamin@moz-2D6D1ED1.dip0.t-ipconnect.de)
[13:26:39] *** Joins: canhtak (canhtak@moz-DB18D73D.wl.t.ulaval.ca)
[13:58:20] *** Quits: rusti (rusti@moz-54F7FD49.cpe.net.cable.rogers.com) (Ping timeout)
[13:58:39] *** Joins: rusti (rusti@moz-54F7FD49.cpe.net.cable.rogers.com)
[14:00:21] *** Quits: rusti (rusti@moz-54F7FD49.cpe.net.cable.rogers.com) (Ping timeout)
[14:00:40] *** Joins: rusti (rusti@moz-54F7FD49.cpe.net.cable.rogers.com)
[14:08:20] *** Joins: ChristopherBurg (Christophe@moz-2C03E71B.hfc.comcastbusiness.net)
[14:33:49] *** Joins: jpoirier_ (jpoirier@moz-150F5176.dhcp.ftwo.tx.charter.com)
[14:33:49] *** Quits: jpoirier (jpoirier@moz-150F5176.dhcp.ftwo.tx.charter.com) (Connection reset by peer)
[14:53:34] *** Joins: jhasse (jhasse@moz-930A1FAF.ewe-ip-backbone.de)
[14:57:23] *** Joins: jdm (jdm@CC0122E6.8F96AEA7.2D179A7D.IP)
[15:04:03] *** Joins: bjustin (bjustin@moz-8FC28563.sierrabravo.net)
[15:24:04] *** Quits: pzol (pzol@322A273C.DEB41A6D.AADC76B.IP) (Quit: My MacBook Pro has gone to sleep. ZZZzzz…)
[15:32:20] *** Parts: canhtak (canhtak@moz-DB18D73D.wl.t.ulaval.ca) ()
[16:05:00] *** Quits: jdm (jdm@CC0122E6.8F96AEA7.2D179A7D.IP) (Quit: Lost terminal)
[16:11:02] *** Quits: summerlight_ (summerligh@327FC32B.2C956A45.501EFF44.IP) (Ping timeout)
[16:12:51] *** Quits: TimAbraldes (quassel@moz-7FD19BDC.hsd1.or.comcast.net) (Connection reset by peer)
[16:13:38] *** Joins: TimAbraldes (quassel@moz-7FD19BDC.hsd1.or.comcast.net)
[16:18:45] *** Joins: erickt (etryzelaar@8C9ECD8F.3A598286.F12515B4.IP)
[16:24:53] *** Joins: summerlight (summerligh@327FC32B.2C956A45.501EFF44.IP)
[16:57:54] *** Joins: jeaye (jeaye@moz-34FEF2BB.hsd1.ca.comcast.net)
[16:58:41] *** Joins: csherratt (csherratt@moz-8D848271.cpe.teksavvy.com)
[17:06:34] *** Quits: Ferreus (ferreus@moz-8FF65811.dip0.t-ipconnect.de) (Ping timeout)
[17:37:44] *** Joins: bytewise (bytewise@moz-B0382145.adsl.alicedsl.de)
[17:48:01] *** Quits: csherratt (csherratt@moz-8D848271.cpe.teksavvy.com) (Quit: csherratt)
[17:51:57] *** Quits: summerlight (summerligh@327FC32B.2C956A45.501EFF44.IP) (Ping timeout)
[17:54:00] *** Quits: jhasse (jhasse@moz-930A1FAF.ewe-ip-backbone.de) (Quit: Verlassend)
[17:54:25] *** Joins: brson (brson@moz-BBE3ABD.mv.mozilla.com)
[17:55:41] *** Quits: benjamin__ (benjamin@moz-2D6D1ED1.dip0.t-ipconnect.de) (Ping timeout)
[18:00:31] *** Joins: pcwalton (pcwalton@moz-DA87EE4.hsd1.ca.comcast.net)
[18:00:31] *** ChanServ sets mode: +qo pcwalton pcwalton
[18:01:53] *** Joins: csherratt (csherratt@moz-8D848271.cpe.teksavvy.com)
[18:18:56] *** Quits: csherratt (csherratt@moz-8D848271.cpe.teksavvy.com) (Quit: csherratt)
[18:22:09] *** Quits: erickt (etryzelaar@8C9ECD8F.3A598286.F12515B4.IP) (Ping timeout)
[18:27:08] *** Joins: erickt (etryzelaar@8C9ECD8F.3A598286.F12515B4.IP)
[18:28:03] *** Joins: jdm (jdm@13F2CEC5.7672369.D8E68FF6.IP)
[18:57:08] *** Joins: Kjelle (karl@moz-58495553.static.spa.siw.siwnet.net)
[18:58:10] *** Kjelle is now known as Zylinski
[19:02:30] *** Joins: canhtak (canhtak@moz-DB18D73D.wl.t.ulaval.ca)
[19:06:29] *** Joins: Ferreus (ferreus@moz-D0C499AD.pools.arcor-ip.net)
[19:12:50] *** Joins: pzol (pzol@moz-553BEE64.dynamic.chello.pl)
[19:14:58] *** Quits: pcwalton (pcwalton@moz-DA87EE4.hsd1.ca.comcast.net) (Quit: pcwalton)
[19:40:17] *** Joins: mib_hwssjf (Mibbit@moz-27ACF944.phlapa.fios.verizon.net)
[19:40:29] *** Quits: mib_hwssjf (Mibbit@moz-27ACF944.phlapa.fios.verizon.net) (Quit: http://www.mibbit.com ajax IRC Client)
[19:53:13] *** Quits: rusti (rusti@moz-54F7FD49.cpe.net.cable.rogers.com) (Client exited)
[20:00:47] <Zylinski> Just getting started with rust. Gonna try making a game engine with GL or a 2D top down game or something :)
[20:04:41] *** Joins: pcwalton (pcwalton@moz-C07D5168.p2p.sfo1.mozilla.com)
[20:04:41] *** ChanServ sets mode: +qo pcwalton pcwalton
[20:05:40] <jeaye> Glad to hear it, Zylinski.
[20:05:42] <jeaye> Best of luck.
[20:17:34] <rsaarelm> So I guess 0.9 release is incoming.
[20:17:56] <rsaarelm> Is there a lot of roadmap left before 1.0?
[20:18:38] <zokier`> afaik 0.9 is not really significantly close to 1.0, 0.10 etc are anticipated
[20:19:11] *** Joins: tiffany (kawaii@moz-FC0DB29D.dhcp.embarqhsd.net)
[20:30:04] *** Quits: bytewise (bytewise@moz-B0382145.adsl.alicedsl.de) (Quit: Leaving)
[20:33:39] <dmz> this one (0.9) breaked my previous record on the time needed to update the project code...
[20:33:49] <dmz> removal of @mut is just killing me....
[20:34:22] <dmz> I'm not against it, but the alternative is to write borrow().borrow_mut().get() on each access is something I barely cope with
[20:34:39] <zokier`> yeah, i'll need to purge @mut from my codebase too. but I think it will be better for it
[20:35:00] <dmz> one thing I still don't get though
[20:35:18] <dmz> we used to be able to @ case: @T as @A if T is an object that implements A
[20:35:31] <dmz> how do we do that with Rc<RefCell<T>> now?
[20:36:28] <zokier`> i believe that is related to the dst-stuff, but admittedly it goes bit above my head still
[20:39:25] <brson> eventually som of the borrow()'s will go away when we have overloadable dereference
[20:39:54] <dmz> brson: any estimation on that date? I mean, should I consider waiting for it?
[20:40:15] <dmz> also, how is this supposed to work in future?
[20:40:17] <zokier`> overall I'll be attempting to replace @muts with ~muts, they were a kludge to begin with in my code
[20:40:40] <brson> dmz: don't wait. it will be a while
[20:40:50] <dmz> zokier`: heh, if you can do that, why used @mut in the first place? :)
[20:41:18] <brson> Rc<Trait> will work after DST is implemented
[20:41:27] <zokier`> dmz, as i said, a kludge. besides I didn't know rust at the time (or even currently) very well
[20:42:02] <dmz> sorry, I sometimes ignore words that I don't understand/never seen before
[20:42:12] * dmz looking at kludge definition
[20:42:59] <dmz> this just doesn't seem like an english word to me, more like a german one
[20:43:24] <zokier`> something along lines "the compiler is complaining something weird about ownership, fuck it, lets make everything @mut, thatll fix it"
[20:43:32] <dmz> heh
[20:43:53] <dmz> you know, I got more of those weird complaints when actually used @mut extensively
[20:44:11] <dmz> I had only those @mut left, where I intended shared mutable ownership
[20:44:39] <dmz> and it has still been taking me several days to port... and it's not done yet :(
[20:45:42] <dmz> brson: how does "@mut A as @mut B" cast translate to today's Rc/Gc/RefCell language?
[20:48:41] <brson> dmz: that's pretty tricky. probably the easiest is something like `Rc::new(RefCell::new(~A as ~B))`, introducing an extra allocation through the ~.
[20:48:45] <brson> pcwalton may have better ideas
[20:49:24] <dmz> I'm a bit scared that this requires a new RefCell. I thought the idea is that a single RefCell is shared by multiple Rc instances
[20:50:22] <brson> that RefCell would be shared by all clones of the Rc
[20:50:32] <brson> it would be an Rc<RefCell<~B>>
[20:51:36] <dmz> ok, let me put it another way. let's say A implements B. I have Rc<RefCell<A>>. I need to pass it somewhere as Rc<RefCell<B>>
[20:51:46] <dmz> previously, it was just "a as @mut B"
[20:52:42] <dmz> logically, it should be the same Cell (at least, the same counter inside)
[21:05:09] *** Joins: SiegeLord (sl@moz-CAF07B4C.hsd1.ma.comcast.net)
[21:12:33] <dmz> wow, 0.9 is here!
[21:13:23] * dmz is eager to see HN crowd reaction
[21:20:51] <rsaarelm> Hm. The Any type looks like a thing whose absence I was lamenting a while back.
[21:21:54] <rsaarelm> Dunno if you can use it as "this Any object is something implementing trait Foo?" instead of just "this Any object is of concrete type Bar?"...
[21:35:31] *** Quits: Zylinski (karl@moz-58495553.static.spa.siw.siwnet.net) (Quit: )
[21:49:06] <kimundi> rsaarelm: Nope, only the latter for now - though the former is certianly something that would be nice to support too
[21:49:49] <kimundi> But everytime I think about how to implement it I get a headache or reach the conclusion that its impossible :P
[22:43:36] *** Quits: pzol (pzol@moz-553BEE64.dynamic.chello.pl) (Quit: My MacBook Pro has gone to sleep. ZZZzzz…)
[22:46:47] *** Quits: jdm (jdm@13F2CEC5.7672369.D8E68FF6.IP) (Quit: Lost terminal)
[22:52:19] *** Joins: whidgle (Mibbit@moz-8C26CD99.jetstream.xtra.co.nz)
[22:52:36] *** Quits: whidgle (Mibbit@moz-8C26CD99.jetstream.xtra.co.nz) (Quit: http://www.mibbit.com ajax IRC Client)
[22:53:03] *** Quits: ChristopherBurg (Christophe@moz-2C03E71B.hfc.comcastbusiness.net) (Ping timeout)
[22:55:42] *** Joins: bitcrusher (Mibbit@moz-9148CDF7.hsd1.wa.comcast.net)
[23:13:26] *** Quits: bjustin (bjustin@moz-8FC28563.sierrabravo.net) (Quit: Textual IRC Client: www.textualapp.com)
[23:23:00] *** Joins: zucchini (Mibbit@moz-E891F31B.dynamic.telemach.ba)
[23:25:54] *** Joins: ecl3ctic (Mibbit@moz-E1FAD64C.wzfv1.vic.bigpond.net.au)
[23:32:51] *** Joins: HeroesGrave (Mibbit@moz-41A7FD02.dyn.cust.vf.net.nz)
[23:34:14] *** Joins: jhasse (jhass_000@moz-930A1FAF.ewe-ip-backbone.de)
[23:37:06] *** Quits: HeroesGrave (Mibbit@moz-41A7FD02.dyn.cust.vf.net.nz) (Quit: http://www.mibbit.com ajax IRC Client)
[23:44:36] *** Quits: canhtak (canhtak@moz-DB18D73D.wl.t.ulaval.ca) (Quit: canhtak)
[23:49:04] *** Quits: Ferreus (ferreus@moz-D0C499AD.pools.arcor-ip.net) (Quit: WeeChat 0.4.2)
[23:56:56] *** Quits: erickt (etryzelaar@8C9ECD8F.3A598286.F12515B4.IP) (Ping timeout)
