[01:34:41] *** Joins: TheHydroImpulse (TheHydroIm@moz-A9FB1B83.ed.shawcable.net)
[02:27:29] *** Quits: TheHydroImpulse (TheHydroIm@moz-A9FB1B83.ed.shawcable.net) (Connection reset by peer)
[02:29:18] *** Joins: TheHydroImpulse (TheHydroIm@moz-A9FB1B83.ed.shawcable.net)
[03:24:37] *** Quits: TheHydroImpulse (TheHydroIm@moz-A9FB1B83.ed.shawcable.net) (Quit: TheHydroImpulse)
[05:23:18] *** Joins: bjz (bjz@B398BE78.F804C29E.D35A31DF.IP)
[06:18:38] *** Joins: brson (brson@moz-5386576F.sd.sd.cox.net)
[06:30:00] *** Quits: bjz (bjz@B398BE78.F804C29E.D35A31DF.IP) (Ping timeout)
[06:34:13] *** Joins: bjz (bjz@B398BE78.F804C29E.D35A31DF.IP)
[07:50:33] *** Quits: bjz (bjz@B398BE78.F804C29E.D35A31DF.IP) (Ping timeout)
[07:51:06] *** Joins: bjz (bjz@B398BE78.F804C29E.D35A31DF.IP)
[07:51:13] *** Quits: bjz (bjz@B398BE78.F804C29E.D35A31DF.IP) (Connection reset by peer)
[07:51:31] *** Joins: bjz (bjz@B398BE78.F804C29E.D35A31DF.IP)
[07:51:33] *** Quits: bjz (bjz@B398BE78.F804C29E.D35A31DF.IP) (Client exited)
[07:51:44] *** Joins: bjz (bjz@B398BE78.F804C29E.D35A31DF.IP)
[07:56:53] *** Quits: brson (brson@moz-5386576F.sd.sd.cox.net) (Quit: leaving)
[09:15:08] *** Joins: TheHydroImpulse (TheHydroIm@moz-A9FB1B83.ed.shawcable.net)
[09:24:12] *** Quits: TheHydroImpulse (TheHydroIm@moz-A9FB1B83.ed.shawcable.net) (Quit: TheHydroImpulse)
[12:57:48] *** Joins: bjz_ (bjz@B398BE78.F804C29E.D35A31DF.IP)
[12:57:57] *** Quits: bjz (bjz@B398BE78.F804C29E.D35A31DF.IP) (Ping timeout)
[15:22:27] *** Quits: ChrisMorgan (chris@moz-6AC741CA.static.tpgi.com.au) (Ping timeout)
[15:28:32] *** Quits: bjz_ (bjz@B398BE78.F804C29E.D35A31DF.IP) (Ping timeout)
[15:28:42] *** Joins: bjz (bjz@B398BE78.F804C29E.D35A31DF.IP)
[17:24:26] *** Joins: brson (brson@moz-5386576F.sd.sd.cox.net)
[17:44:32] *** bstrie_nope is now known as bstrie_ng
[18:00:38] *** Joins: wycats (sid79@moz-5F4AA75A.irccloud.com)
[18:00:44] <wycats> such many channels
[18:00:51] <wycats> follow the white cmr rabbi
[18:00:53] <wycats> rabbit*
[18:04:14] <cmr> yes.
[18:04:25] <cmr> more like *you* follow the white rabbit ;P
[18:39:46] *** Quits: brson (brson@moz-5386576F.sd.sd.cox.net) (Quit: leaving)
[18:40:20] *** Joins: brson (brson@moz-5386576F.sd.sd.cox.net)
[18:59:00] *** Quits: brson (brson@moz-5386576F.sd.sd.cox.net) (Ping timeout)
[19:05:25] *** Joins: brson (brson@moz-5386576F.sd.sd.cox.net)
[20:14:47] *** Quits: bjz (bjz@B398BE78.F804C29E.D35A31DF.IP) (Connection reset by peer)
[20:17:31] *** Joins: bjz (bjz@B398BE78.F804C29E.D35A31DF.IP)
[20:33:07] *** Quits: brson (brson@moz-5386576F.sd.sd.cox.net) (Ping timeout)
[22:02:35] *** Joins: brson (brson@moz-5386576F.sd.sd.cox.net)
[22:05:31] *** Quits: brson (brson@moz-5386576F.sd.sd.cox.net) (Quit: leaving)
[22:06:38] *** Joins: TheHydroImpulse (TheHydroIm@moz-A9FB1B83.ed.shawcable.net)
[22:17:29] *** Quits: TheHydroImpulse (TheHydroIm@moz-A9FB1B83.ed.shawcable.net) (Connection reset by peer)
[22:19:11] *** Joins: TheHydroImpulse (TheHydroIm@moz-A9FB1B83.ed.shawcable.net)
[22:48:57] *** Joins: ChrisMorgan (chris@moz-6AC741CA.static.tpgi.com.au)
