[00:02:35] *** Quits: dbaupp (Thunderbir@moz-4CA0D523.lns20.syd6.internode.on.net) (Ping timeout)
[00:03:18] *** Joins: dbaupp (Thunderbir@moz-4CA0D523.lns20.syd6.internode.on.net)
[00:03:41] *** Joins: canhtak (canhtak@moz-6F820ACE.wl.t.ulaval.ca)
[00:06:12] *** Quits: bjz (bjz@1009100.A27A8065.D3BA2C17.IP) (Ping timeout)
[00:06:48] *** Quits: tiffany (kawaii@moz-28A8742A.dhcp.embarqhsd.net) (Input/output error)
[00:09:50] *** Quits: mark_edward (AndChat806@moz-DCB0B750.lightspeed.cicril.sbcglobal.net) (Ping timeout)
[00:10:18] *** Joins: mark_edward (AndChat806@moz-DCB0B750.lightspeed.cicril.sbcglobal.net)
[00:35:15] *** Quits: CarpNet (Alasdair@moz-25C796BC.cable.virginm.net) (Quit: Leaving)
[00:36:21] *** Joins: jdm (jdm@883B1788.FA8F8F63.51315CC9.IP)
[00:50:01] *** Quits: Ferreus (ferreus@moz-D75F5224.pools.arcor-ip.net) (Quit: WeeChat 0.4.2)
[00:53:41] *** Quits: jeffdb_ (jeff@moz-ED35AD97.hsd1.ca.comcast.net) (Quit: jeffdb_)
[01:04:56] *** Joins: quvarxa (chatzilla@moz-978E4C31.static.tpgi.com.au)
[01:06:30] <dg> FYI, if anyone's having rust-sfml issues on Linux using ppa:sonkun/sfml-stable, try using ppa:sonkun/sfml-development
[01:11:04] *** kimundi is now known as zz_kimundi
[01:19:03] *** Joins: dune (chatzilla@moz-FB978642.dial.eltopia.net)
[01:22:06] *** Parts: dune (chatzilla@moz-FB978642.dial.eltopia.net) ()
[01:42:12] *** Quits: jdm (jdm@883B1788.FA8F8F63.51315CC9.IP) (Quit: Lost terminal)
[01:57:06] *** Joins: jensnockert (jensnocker@moz-7DC16A5F.afb.bredband2.com)
[01:58:56] *** Quits: jensnockert (jensnocker@moz-7DC16A5F.afb.bredband2.com) (Ping timeout)
[02:05:54] *** Joins: brson (brson@moz-BBE3ABD.mv.mozilla.com)
[02:08:56] *** Quits: ricepuddin (graham@moz-7D68765A.cable.virginm.net) (Ping timeout)
[02:11:03] *** Joins: brson_ (brson@981AA104.E81F12CD.76F66111.IP)
[02:11:47] *** Joins: jensnockert (jensnocker@moz-7DC16A5F.afb.bredband2.com)
[02:12:16] *** Quits: brson (brson@moz-BBE3ABD.mv.mozilla.com) (Ping timeout)
[02:20:01] *** Quits: brson_ (brson@981AA104.E81F12CD.76F66111.IP) (Quit: leaving)
[02:20:06] *** Joins: brson (brson@981AA104.E81F12CD.76F66111.IP)
[02:43:02] *** Quits: jensnockert (jensnocker@moz-7DC16A5F.afb.bredband2.com) (Input/output error)
[02:43:30] *** Joins: jensnockert (jensnocker@moz-7DC16A5F.afb.bredband2.com)
[02:45:17] *** Quits: jensnockert (jensnocker@moz-7DC16A5F.afb.bredband2.com) (Ping timeout)
[02:59:27] *** Joins: jeffdb_ (jeff@moz-ED35AD97.hsd1.ca.comcast.net)
[03:11:05] *** Joins: jlong (jlong@moz-6DFDE846.socal.res.rr.com)
[03:27:30] *** Quits: zz_kimundi (kimundi@moz-A6DB8B95.dip0.t-ipconnect.de) (Ping timeout)
[03:31:08] *** Joins: zz_kimundi (kimundi@moz-7ED39474.dip0.t-ipconnect.de)
[03:31:10] *** zz_kimundi is now known as kimundi
[03:49:58] *** Quits: dbaupp (Thunderbir@moz-4CA0D523.lns20.syd6.internode.on.net) (Ping timeout)
[03:53:22] *** Joins: dbaupp (Thunderbir@moz-3BE4086E.lns20.syd6.internode.on.net)
[03:58:46] *** Joins: summerlight (summerligh@327FC32B.2C956A45.501EFF44.IP)
[04:08:43] *** Quits: jeffdb_ (jeff@moz-ED35AD97.hsd1.ca.comcast.net) (Quit: jeffdb_)
[04:13:39] *** Quits: canhtak (canhtak@moz-6F820ACE.wl.t.ulaval.ca) (Quit: canhtak)
[05:18:46] *** Quits: rusti (rusti@moz-54F7FD49.cpe.net.cable.rogers.com) (Ping timeout)
[05:19:06] *** Joins: rusti (rusti@moz-54F7FD49.cpe.net.cable.rogers.com)
[06:30:54] *** Quits: mark_edward (AndChat806@moz-DCB0B750.lightspeed.cicril.sbcglobal.net) (Ping timeout)
[06:31:07] *** Joins: mark_edward (AndChat806@moz-DCB0B750.lightspeed.cicril.sbcglobal.net)
[06:41:40] *** Joins: Axord (xord@moz-C0D5F15A.lsanca.dsl-w.verizon.net)
[06:48:16] *** Quits: brson (brson@981AA104.E81F12CD.76F66111.IP) (Quit: leaving)
[06:52:21] *** Quits: quvarxa (chatzilla@moz-978E4C31.static.tpgi.com.au) (Ping timeout)
[06:52:31] *** Joins: quvarxa (chatzilla@moz-978E4C31.static.tpgi.com.au)
[07:39:00] *** Joins: bjz (bjz@1009100.A27A8065.D3BA2C17.IP)
[07:41:25] *** Quits: bjz (bjz@1009100.A27A8065.D3BA2C17.IP) (Ping timeout)
[07:45:41] *** Quits: jeaye (Jeaye@moz-34FEF2BB.hsd1.ca.comcast.net) (Quit: zzz)
[08:26:48] *** Quits: rusti (rusti@moz-54F7FD49.cpe.net.cable.rogers.com) (Ping timeout)
[08:43:46] *** Joins: rusti (rusti@moz-54F7FD49.cpe.net.cable.rogers.com)
[08:50:47] *** Joins: tiffany (kawaii@moz-28A8742A.dhcp.embarqhsd.net)
[09:08:06] *** Joins: jeffdb_ (jeff@moz-ED35AD97.hsd1.ca.comcast.net)
[09:10:23] *** Joins: glennsl (textual@moz-6822C772.customer.cdi.no)
[10:09:51] *** Quits: jeffdb_ (jeff@moz-ED35AD97.hsd1.ca.comcast.net) (Quit: jeffdb_)
[10:20:49] *** Joins: jensnockert (jensnocker@moz-7DC16A5F.afb.bredband2.com)
[10:41:40] *** Quits: jensnockert (jensnocker@moz-7DC16A5F.afb.bredband2.com) (Input/output error)
[10:42:13] *** Joins: jensnockert (jensnocker@moz-7DC16A5F.afb.bredband2.com)
[10:43:59] *** Quits: jensnockert (jensnocker@moz-7DC16A5F.afb.bredband2.com) (Ping timeout)
[11:13:14] *** Joins: ricepuddin (graham@moz-7D68765A.cable.virginm.net)
[11:13:20] *** Joins: jensnockert (jensnocker@moz-7DC16A5F.afb.bredband2.com)
[11:23:03] *** Joins: asgerf (Mibbit@moz-8F9CBD53.home.otenet.gr)
[11:23:30] *** Quits: asgerf (Mibbit@moz-8F9CBD53.home.otenet.gr) (Quit: http://www.mibbit.com ajax IRC Client)
[11:48:39] *** Quits: jensnockert (jensnocker@moz-7DC16A5F.afb.bredband2.com) (Input/output error)
[11:49:35] *** Quits: quvarxa (chatzilla@moz-978E4C31.static.tpgi.com.au) (Ping timeout)
[11:50:12] *** Joins: quvarxa (chatzilla@moz-978E4C31.static.tpgi.com.au)
[11:52:40] *** Joins: jensnockert (jensnocker@moz-7DC16A5F.afb.bredband2.com)
[11:56:13] *** Quits: quvarxa (chatzilla@moz-978E4C31.static.tpgi.com.au) (Quit: ChatZilla 0.9.90.1 [Firefox 26.0/20131118212339])
[12:26:26] *** Joins: ofeldt- (ofeldt@moz-CBEAEFD1.dip0.t-ipconnect.de)
[12:27:06] *** Quits: ofeldt (ofeldt@moz-AC8454BD.dip0.t-ipconnect.de) (Ping timeout)
[12:34:30] *** Joins: Ferreus (ferreus@moz-B99D3D4F.pools.arcor-ip.net)
[13:04:30] *** Quits: glennsl (textual@moz-6822C772.customer.cdi.no) (Quit: My MacBook Pro has gone to sleep. ZZZzzz…)
[13:11:05] *** Joins: glennsl (textual@moz-6822C772.customer.cdi.no)
[13:20:45] *** Joins: FrozenCow (FrozenCow@moz-B2DF4929.chello.nl)
[14:19:35] *** Joins: jdm (jdm@883B1788.FA8F8F63.51315CC9.IP)
[14:25:24] *** Quits: jdm (jdm@883B1788.FA8F8F63.51315CC9.IP) (Input/output error)
[14:25:27] *** Joins: jdm (jdm@883B1788.FA8F8F63.51315CC9.IP)
[14:33:14] *** Joins: canhtak (canhtak@moz-6F820ACE.wl.t.ulaval.ca)
[14:36:05] *** Joins: CarpNet (Alasdair@moz-25C796BC.cable.virginm.net)
[15:23:15] *** Quits: jensnockert (jensnocker@moz-7DC16A5F.afb.bredband2.com) (Input/output error)
[15:45:58] *** Quits: jlong (jlong@moz-6DFDE846.socal.res.rr.com) (Quit: My MacBook Pro has gone to sleep. ZZZzzz…)
[16:00:30] *** Joins: ferminter (Mibbit@539D6F02.8239D6FF.DDE5D3F6.IP)
[16:03:00] *** Quits: ferminter (Mibbit@539D6F02.8239D6FF.DDE5D3F6.IP) (Quit: http://www.mibbit.com ajax IRC Client)
[16:12:57] *** Joins: jlong (jlong@moz-6DFDE846.socal.res.rr.com)
[16:52:30] *** Quits: glennsl (textual@moz-6822C772.customer.cdi.no) (Quit: My MacBook Pro has gone to sleep. ZZZzzz…)
[16:58:59] *** Quits: jdm (jdm@883B1788.FA8F8F63.51315CC9.IP) (Ping timeout)
[16:59:12] *** Joins: jdm_ (jdm@75CE855F.FA8F8F63.51315CC9.IP)
[17:01:01] *** Joins: jdm (jdm@883B1788.FA8F8F63.51315CC9.IP)
[17:02:28] *** Quits: jdm_ (jdm@75CE855F.FA8F8F63.51315CC9.IP) (Ping timeout)
[17:21:40] *** Quits: mark_edward (AndChat806@moz-DCB0B750.lightspeed.cicril.sbcglobal.net) (Ping timeout)
[17:37:29] *** Joins: mark_edward (AndChat806@moz-DCB0B750.lightspeed.cicril.sbcglobal.net)
[17:37:42] *** Quits: canhtak (canhtak@moz-6F820ACE.wl.t.ulaval.ca) (Quit: canhtak)
[17:39:25] *** Joins: canhtak (canhtak@moz-6F820ACE.wl.t.ulaval.ca)
[17:59:31] *** Quits: jlong (jlong@moz-6DFDE846.socal.res.rr.com) (Quit: My MacBook Pro has gone to sleep. ZZZzzz…)
[18:15:10] *** Joins: jeaye (Jeaye@moz-34FEF2BB.hsd1.ca.comcast.net)
[18:18:08] *** Quits: mark_edward (AndChat806@moz-DCB0B750.lightspeed.cicril.sbcglobal.net) (Ping timeout)
[18:19:32] *** Joins: mark_edward (AndChat806@moz-DCB0B750.lightspeed.cicril.sbcglobal.net)
[18:22:01] *** Quits: mark_edward (AndChat806@moz-DCB0B750.lightspeed.cicril.sbcglobal.net) (Ping timeout)
[18:22:23] *** Joins: mark_edward (AndChat806@moz-DCB0B750.lightspeed.cicril.sbcglobal.net)
[18:26:23] *** Quits: mark_edward (AndChat806@moz-DCB0B750.lightspeed.cicril.sbcglobal.net) (Ping timeout)
[18:27:29] *** Joins: mark_edward (AndChat806@moz-DCB0B750.lightspeed.cicril.sbcglobal.net)
[18:29:12] *** Joins: jensnockert (jensnocker@moz-7DC16A5F.afb.bredband2.com)
[18:32:37] *** Joins: jeffdb_ (jeff@moz-ED35AD97.hsd1.ca.comcast.net)
[18:42:23] *** Quits: jensnockert (jensnocker@moz-7DC16A5F.afb.bredband2.com) (Input/output error)
[18:52:25] *** Quits: canhtak (canhtak@moz-6F820ACE.wl.t.ulaval.ca) (Quit: canhtak)
[18:57:04] *** Joins: jensnockert (jensnocker@moz-7DC16A5F.afb.bredband2.com)
[19:08:03] *** Quits: FrozenCow (FrozenCow@moz-B2DF4929.chello.nl) (Client exited)
[19:08:39] *** Joins: canhtak (canhtak@moz-6F820ACE.wl.t.ulaval.ca)
[19:10:00] *** Quits: jdm (jdm@883B1788.FA8F8F63.51315CC9.IP) (Ping timeout)
[19:12:16] *** Quits: summerlight (summerligh@327FC32B.2C956A45.501EFF44.IP) (Ping timeout)
[19:24:52] *** Quits: bodie (bodie@moz-9A1A7949.cmdnnj.fios.verizon.net) (Ping timeout)
[19:26:25] *** Quits: canhtak (canhtak@moz-6F820ACE.wl.t.ulaval.ca) (Quit: canhtak)
[19:32:36] *** Joins: bodie (bodie@moz-9A1A7949.cmdnnj.fios.verizon.net)
[19:32:58] *** Quits: mark_edward (AndChat806@moz-DCB0B750.lightspeed.cicril.sbcglobal.net) (Ping timeout)
[19:33:08] *** Quits: jensnockert (jensnocker@moz-7DC16A5F.afb.bredband2.com) (Input/output error)
[19:33:19] *** Joins: jensnockert (jensnocker@moz-7DC16A5F.afb.bredband2.com)
[19:33:57] *** Quits: jensnockert (jensnocker@moz-7DC16A5F.afb.bredband2.com) (Quit: Leaving...)
[19:52:38] *** Joins: mark_edward (AndChat806@moz-DCB0B750.lightspeed.cicril.sbcglobal.net)
[20:11:27] *** Joins: jdm (jdm@883B1788.FA8F8F63.51315CC9.IP)
[20:20:42] *** Quits: Axord (xord@moz-C0D5F15A.lsanca.dsl-w.verizon.net) (Ping timeout)
[20:34:32] *** Quits: mark_edward (AndChat806@moz-DCB0B750.lightspeed.cicril.sbcglobal.net) (Ping timeout)
[20:34:54] *** Joins: mark_edward (AndChat806@moz-DCB0B750.lightspeed.cicril.sbcglobal.net)
[20:36:09] *** Joins: Axord (xord@moz-C0D5F15A.lsanca.dsl-w.verizon.net)
[20:46:33] *** Quits: jdm (jdm@883B1788.FA8F8F63.51315CC9.IP) (Quit: Lost terminal)
[20:52:29] *** Quits: Axord (xord@moz-C0D5F15A.lsanca.dsl-w.verizon.net) (Quit: I'm sure it's perfectly safe)
[20:55:09] *** Joins: glennsl (textual@moz-5D7B804F.getinternet.no)
[21:37:22] *** Quits: mark_edward (AndChat806@moz-DCB0B750.lightspeed.cicril.sbcglobal.net) (Ping timeout)
[21:49:49] *** Joins: bjz (bjz@moz-6AF19015.lnse4.cha.bigpond.net.au)
[21:58:10] *** Joins: mark_edward_ (AndChat806@moz-DCB0B750.lightspeed.cicril.sbcglobal.net)
[22:00:17] *** Joins: wikkit (Mibbit@moz-24A8D406.hsd1.va.comcast.net)
[22:13:09] *** Quits: mark_edward_ (AndChat806@moz-DCB0B750.lightspeed.cicril.sbcglobal.net) (Ping timeout)
[22:14:58] *** Quits: Ferreus (ferreus@moz-B99D3D4F.pools.arcor-ip.net) (Quit: WeeChat 0.4.2)
[22:15:03] *** Joins: mark_edward (AndChat806@moz-DCB0B750.lightspeed.cicril.sbcglobal.net)
[22:17:10] *** Quits: glennsl (textual@moz-5D7B804F.getinternet.no) (Quit: My MacBook Pro has gone to sleep. ZZZzzz…)
[22:20:31] *** Quits: dbaupp (Thunderbir@moz-3BE4086E.lns20.syd6.internode.on.net) (Ping timeout)
[22:26:53] *** Quits: mark_edward (AndChat806@moz-DCB0B750.lightspeed.cicril.sbcglobal.net) (Ping timeout)
[22:27:43] *** Joins: mark_edward (AndChat806@moz-DCB0B750.lightspeed.cicril.sbcglobal.net)
[22:30:06] *** Quits: mark_edward (AndChat806@moz-DCB0B750.lightspeed.cicril.sbcglobal.net) (Ping timeout)
[22:34:11] *** Joins: mark_edward (AndChat806@moz-DCB0B750.lightspeed.cicril.sbcglobal.net)
[22:36:14] *** Quits: mark_edward (AndChat806@moz-DCB0B750.lightspeed.cicril.sbcglobal.net) (Ping timeout)
[22:36:30] *** Joins: mark_edward (AndChat806@moz-DCB0B750.lightspeed.cicril.sbcglobal.net)
[22:40:15] *** Joins: brson (brson@moz-7B0110AD.mv.mozilla.com)
[22:40:21] *** Quits: brson (brson@moz-7B0110AD.mv.mozilla.com) (Quit: brson)
[22:41:21] *** Joins: brson (brson@EDE430AA.CB84766B.D1E74241.IP)
[22:48:31] *** Joins: jdm (jdm@moz-C9C12F65.dynamic.hinet.net)
[22:54:27] *** Joins: mark_edward_ (quassel@moz-DCB0B750.lightspeed.cicril.sbcglobal.net)
[22:54:50] *** Quits: mark_edward (AndChat806@moz-DCB0B750.lightspeed.cicril.sbcglobal.net) (Quit: Bye)
[22:55:37] *** Quits: mark_edward_ (quassel@moz-DCB0B750.lightspeed.cicril.sbcglobal.net) (Client exited)
[22:56:36] *** Joins: mark_edward (mark@moz-DCB0B750.lightspeed.cicril.sbcglobal.net)
[23:01:47] *** Quits: bjz (bjz@moz-6AF19015.lnse4.cha.bigpond.net.au) (Ping timeout)
[23:03:07] *** Quits: wikkit (Mibbit@moz-24A8D406.hsd1.va.comcast.net) (Quit: http://www.mibbit.com ajax IRC Client)
[23:04:51] *** Joins: quvarxa (chatzilla@moz-978E4C31.static.tpgi.com.au)
[23:09:20] *** Joins: bjz (bjz@moz-6AF19015.lnse4.cha.bigpond.net.au)
[23:11:40] *** Quits: bjz (bjz@moz-6AF19015.lnse4.cha.bigpond.net.au) (Ping timeout)
[23:23:45] *** Quits: CarpNet (Alasdair@moz-25C796BC.cable.virginm.net) (Quit: Leaving)
[23:27:34] *** Quits: tiffany (kawaii@moz-28A8742A.dhcp.embarqhsd.net) (Input/output error)
[23:56:07] *** Joins: bjz (bjz@moz-6AF19015.lnse4.cha.bigpond.net.au)
