[00:03:36] *** Quits: TheHydroImpulse (TheHydroIm@moz-A9FB1B83.ed.shawcable.net) (Quit: TheHydroImpulse)
[00:31:17] *** Quits: bjz (bjz@B398BE78.F804C29E.D35A31DF.IP) (Connection reset by peer)
[00:31:25] *** Joins: bjz (bjz@B398BE78.F804C29E.D35A31DF.IP)
[05:19:51] *** Joins: TheHydroImpulse (TheHydroIm@moz-A9FB1B83.ed.shawcable.net)
[06:03:28] <TheHydroImpulse> bjz check out the examples: http://www.gitbook.io/
[06:04:10] <cmr> eugh but markdown is such a bad format
[06:04:17] <cmr> (to be using for authoring a book)
[06:04:27] <cmr> the output is *very* nice though
[06:04:32] <TheHydroImpulse> yeah, perhaps not the best format
[06:04:33] <cmr> (of gitbook)
[06:05:11] <TheHydroImpulse> yep. It feels a little bit crowded, but not much.
[06:42:18] *** Quits: ChrisMorgan (chris@moz-8DCBEA52.vic.adsl.internode.on.net) (Ping timeout)
[07:28:52] *** Quits: TheHydroImpulse (TheHydroIm@moz-A9FB1B83.ed.shawcable.net) (Quit: TheHydroImpulse)
[17:35:07] *** Joins: TheHydroImpulse (TheHydroIm@moz-A9FB1B83.ed.shawcable.net)
[18:10:21] *** Quits: TheHydroImpulse (TheHydroIm@moz-A9FB1B83.ed.shawcable.net) (Connection reset by peer)
[18:12:27] *** Joins: TheHydroImpulse (TheHydroIm@moz-A9FB1B83.ed.shawcable.net)
[19:43:16] *** Quits: TheHydroImpulse (TheHydroIm@moz-A9FB1B83.ed.shawcable.net) (Connection reset by peer)
[19:45:05] *** Joins: TheHydroImpulse (TheHydroIm@moz-A9FB1B83.ed.shawcable.net)
[21:59:03] *** Quits: TheHydroImpulse (TheHydroIm@moz-A9FB1B83.ed.shawcable.net) (Connection reset by peer)
[22:01:17] *** Joins: TheHydroImpulse (TheHydroIm@moz-A9FB1B83.ed.shawcable.net)
[23:51:24] *** Joins: ChrisMorgan (chris@moz-6AC741CA.static.tpgi.com.au)
