[00:01:32] *** Quits: brson (brson@moz-62518563.mtv2.mozilla.com) (Ping timeout)
[00:08:00] *** kimundi is now known as zz_kimundi
[00:19:43] *** Quits: canhtak (canhtak@moz-805AE185.wl.t.ulaval.ca) (Quit: canhtak)
[00:23:49] *** Joins: zimbabao (rajaram@4D42D14A.690944A8.BE4CF869.IP)
[00:29:17] *** Joins: erickt (etryzelaar@8C9ECD8F.3A598286.F12515B4.IP)
[00:30:21] *** Joins: canhtak (canhtak@moz-805AE185.wl.t.ulaval.ca)
[00:31:46] *** Quits: erickt (etryzelaar@8C9ECD8F.3A598286.F12515B4.IP) (Ping timeout)
[00:44:06] *** Joins: erickt (etryzelaar@8C9ECD8F.3A598286.F12515B4.IP)
[00:46:30] *** Quits: erickt (etryzelaar@8C9ECD8F.3A598286.F12515B4.IP) (Ping timeout)
[00:50:57] *** Joins: erickt (etryzelaar@8C9ECD8F.3A598286.F12515B4.IP)
[00:53:00] *** Joins: alan_andrade (alan_andra@moz-8862F69E.hsd1.ca.comcast.net)
[00:53:20] *** Quits: erickt (etryzelaar@8C9ECD8F.3A598286.F12515B4.IP) (Ping timeout)
[01:13:03] *** Joins: erickt (etryzelaar@8C9ECD8F.3A598286.F12515B4.IP)
[01:15:03] *** Quits: erickt (etryzelaar@8C9ECD8F.3A598286.F12515B4.IP) (Ping timeout)
[01:22:17] *** Joins: brson (brson@moz-24157589.mtv2.mozilla.com)
[01:22:38] *** Quits: strcat (strcat@moz-54F7FD49.cpe.net.cable.rogers.com) (Quit: WeeChat 0.4.3)
[01:25:44] *** Quits: zimbabao (rajaram@4D42D14A.690944A8.BE4CF869.IP) (Ping timeout)
[01:44:06] *** Joins: erickt (etryzelaar@8C9ECD8F.3A598286.F12515B4.IP)
[01:46:35] *** Quits: erickt (etryzelaar@8C9ECD8F.3A598286.F12515B4.IP) (Ping timeout)
[01:55:57] *** Joins: erickt (etryzelaar@8C9ECD8F.3A598286.F12515B4.IP)
[01:55:58] *** Joins: zimbabao (rajaram@4D42D14A.690944A8.BE4CF869.IP)
[01:58:27] *** Quits: erickt (etryzelaar@8C9ECD8F.3A598286.F12515B4.IP) (Ping timeout)
[02:00:21] *** Quits: Tobba (Tobba@moz-462B7F7F.ias.bredband.telia.com) (Ping timeout)
[02:01:22] *** Quits: zimbabao (rajaram@4D42D14A.690944A8.BE4CF869.IP) (Ping timeout)
[02:01:33] *** Quits: eddyb (eddy@F8B50789.F33C1089.FB866788.IP) (Ping timeout)
[02:14:29] *** Joins: brson_ (brson@moz-62518563.mtv2.mozilla.com)
[02:14:37] *** Quits: brson (brson@moz-24157589.mtv2.mozilla.com) (Ping timeout)
[02:17:11] *** Quits: brson_ (brson@moz-62518563.mtv2.mozilla.com) (Ping timeout)
[02:18:09] *** Joins: erickt (etryzelaar@8C9ECD8F.3A598286.F12515B4.IP)
[02:19:16] *** Joins: brson (brson@moz-62518563.mtv2.mozilla.com)
[02:20:03] *** Quits: erickt (etryzelaar@8C9ECD8F.3A598286.F12515B4.IP) (Ping timeout)
[02:44:20] *** Joins: erickt (etryzelaar@8C9ECD8F.3A598286.F12515B4.IP)
[02:46:37] *** Quits: erickt (etryzelaar@8C9ECD8F.3A598286.F12515B4.IP) (Ping timeout)
[03:00:57] *** Joins: erickt (etryzelaar@8C9ECD8F.3A598286.F12515B4.IP)
[03:03:21] *** Quits: erickt (etryzelaar@8C9ECD8F.3A598286.F12515B4.IP) (Ping timeout)
[03:21:10] *** Quits: brson (brson@moz-62518563.mtv2.mozilla.com) (Ping timeout)
[03:23:15] *** Joins: erickt (etryzelaar@8C9ECD8F.3A598286.F12515B4.IP)
[03:27:12] *** Quits: erickt (etryzelaar@8C9ECD8F.3A598286.F12515B4.IP) (Ping timeout)
[03:42:06] *** Joins: erickt (etryzelaar@8C9ECD8F.3A598286.F12515B4.IP)
[03:45:43] *** Quits: erickt (etryzelaar@8C9ECD8F.3A598286.F12515B4.IP) (Ping timeout)
[03:52:02] *** Quits: zz_kimundi (kimundi@moz-5822FC56.dip0.t-ipconnect.de) (Ping timeout)
[03:56:07] *** Joins: zz_kimundi (kimundi@moz-2E6F4AE4.dip0.t-ipconnect.de)
[03:56:08] *** zz_kimundi is now known as kimundi
[04:27:39] *** Joins: erickt (etryzelaar@8C9ECD8F.3A598286.F12515B4.IP)
[04:29:58] *** Quits: erickt (etryzelaar@8C9ECD8F.3A598286.F12515B4.IP) (Ping timeout)
[04:44:06] *** Joins: erickt (etryzelaar@8C9ECD8F.3A598286.F12515B4.IP)
[04:46:33] *** Quits: erickt (etryzelaar@8C9ECD8F.3A598286.F12515B4.IP) (Ping timeout)
[04:49:19] *** Joins: erickt (etryzelaar@8C9ECD8F.3A598286.F12515B4.IP)
[04:51:44] *** Quits: erickt (etryzelaar@8C9ECD8F.3A598286.F12515B4.IP) (Ping timeout)
[05:11:25] *** Joins: erickt (etryzelaar@8C9ECD8F.3A598286.F12515B4.IP)
[05:13:28] *** Quits: erickt (etryzelaar@8C9ECD8F.3A598286.F12515B4.IP) (Ping timeout)
[05:24:09] *** Joins: pczarn (pczarn@moz-69A55FA.izacom.pl)
[05:27:56] *** Quits: canhtak (canhtak@moz-805AE185.wl.t.ulaval.ca) (Quit: canhtak)
[05:32:55] *** Joins: erickt (etryzelaar@8C9ECD8F.3A598286.F12515B4.IP)
[05:35:09] *** Quits: erickt (etryzelaar@8C9ECD8F.3A598286.F12515B4.IP) (Ping timeout)
[05:44:05] *** Joins: erickt (etryzelaar@8C9ECD8F.3A598286.F12515B4.IP)
[05:46:25] *** Quits: erickt (etryzelaar@8C9ECD8F.3A598286.F12515B4.IP) (Ping timeout)
[05:54:19] *** Joins: erickt (etryzelaar@8C9ECD8F.3A598286.F12515B4.IP)
[05:56:44] *** Quits: erickt (etryzelaar@8C9ECD8F.3A598286.F12515B4.IP) (Ping timeout)
[06:16:28] *** Joins: erickt (etryzelaar@8C9ECD8F.3A598286.F12515B4.IP)
[06:18:32] *** Quits: erickt (etryzelaar@8C9ECD8F.3A598286.F12515B4.IP) (Ping timeout)
[06:38:02] *** Joins: erickt (etryzelaar@8C9ECD8F.3A598286.F12515B4.IP)
[06:40:05] *** Quits: erickt (etryzelaar@8C9ECD8F.3A598286.F12515B4.IP) (Ping timeout)
[06:44:05] *** Joins: erickt (etryzelaar@8C9ECD8F.3A598286.F12515B4.IP)
[06:46:28] *** Quits: erickt (etryzelaar@8C9ECD8F.3A598286.F12515B4.IP) (Ping timeout)
[06:59:20] *** Joins: erickt (etryzelaar@8C9ECD8F.3A598286.F12515B4.IP)
[07:01:48] *** Quits: erickt (etryzelaar@8C9ECD8F.3A598286.F12515B4.IP) (Ping timeout)
[07:19:19] *** Joins: summerlight (summerligh@327FC32B.2C956A45.501EFF44.IP)
[07:21:28] *** Joins: erickt (etryzelaar@8C9ECD8F.3A598286.F12515B4.IP)
[07:22:25] *** Joins: strcat (strcat@moz-54F7FD49.cpe.net.cable.rogers.com)
[07:23:37] *** Quits: erickt (etryzelaar@8C9ECD8F.3A598286.F12515B4.IP) (Ping timeout)
[07:43:20] *** Joins: erickt (etryzelaar@8C9ECD8F.3A598286.F12515B4.IP)
[07:46:56] *** Quits: erickt (etryzelaar@8C9ECD8F.3A598286.F12515B4.IP) (Ping timeout)
[08:21:24] *** Joins: eddyb (eddy@F8B50789.F33C1089.FB866788.IP)
[08:25:58] *** Joins: erickt (etryzelaar@8C9ECD8F.3A598286.F12515B4.IP)
[08:28:18] *** Quits: erickt (etryzelaar@8C9ECD8F.3A598286.F12515B4.IP) (Ping timeout)
[08:44:44] *** Joins: erickt (etryzelaar@8C9ECD8F.3A598286.F12515B4.IP)
[08:46:35] *** Quits: erickt (etryzelaar@8C9ECD8F.3A598286.F12515B4.IP) (Ping timeout)
[09:09:18] *** Joins: erickt (etryzelaar@8C9ECD8F.3A598286.F12515B4.IP)
[09:13:46] *** Quits: erickt (etryzelaar@8C9ECD8F.3A598286.F12515B4.IP) (Ping timeout)
[09:25:47] *** Quits: alan_andrade (alan_andra@moz-8862F69E.hsd1.ca.comcast.net) (Input/output error)
[09:35:31] *** Quits: bjz (bjz@B398BE78.F804C29E.D35A31DF.IP) (Ping timeout)
[09:35:32] *** Joins: bjz (bjz@B398BE78.F804C29E.D35A31DF.IP)
[09:44:06] *** Joins: erickt (etryzelaar@8C9ECD8F.3A598286.F12515B4.IP)
[09:46:30] *** Quits: erickt (etryzelaar@8C9ECD8F.3A598286.F12515B4.IP) (Ping timeout)
[09:47:04] *** Quits: devbug (quassel@23AC5F12.9D950176.3655BBF5.IP) (Connection reset by peer)
[09:52:40] *** Joins: erickt (etryzelaar@8C9ECD8F.3A598286.F12515B4.IP)
[09:55:00] *** Quits: erickt (etryzelaar@8C9ECD8F.3A598286.F12515B4.IP) (Ping timeout)
[09:58:04] *** Joins: alan_andrade (alan_andra@moz-8862F69E.hsd1.ca.comcast.net)
[10:00:28] *** Quits: alan_andrade (alan_andra@moz-8862F69E.hsd1.ca.comcast.net) (Ping timeout)
[10:14:49] *** Joins: erickt (etryzelaar@8C9ECD8F.3A598286.F12515B4.IP)
[10:16:43] *** Quits: erickt (etryzelaar@8C9ECD8F.3A598286.F12515B4.IP) (Ping timeout)
[10:44:06] *** Joins: erickt (etryzelaar@8C9ECD8F.3A598286.F12515B4.IP)
[10:46:27] *** Quits: erickt (etryzelaar@8C9ECD8F.3A598286.F12515B4.IP) (Ping timeout)
[10:57:41] *** Joins: erickt (etryzelaar@8C9ECD8F.3A598286.F12515B4.IP)
[11:00:00] *** Quits: erickt (etryzelaar@8C9ECD8F.3A598286.F12515B4.IP) (Ping timeout)
[11:04:12] *** Joins: Tobba (Tobba@moz-462B7F7F.ias.bredband.telia.com)
[11:19:47] *** Joins: erickt (etryzelaar@8C9ECD8F.3A598286.F12515B4.IP)
[11:21:50] *** Quits: erickt (etryzelaar@8C9ECD8F.3A598286.F12515B4.IP) (Ping timeout)
[11:34:37] *** Quits: gsathya (gsathya@moz-5068C8E5.gsathya.in) (Ping timeout)
[11:35:31] *** Quits: summerlight (summerligh@327FC32B.2C956A45.501EFF44.IP) (Ping timeout)
[11:44:05] *** Joins: erickt (etryzelaar@8C9ECD8F.3A598286.F12515B4.IP)
[11:46:26] *** Quits: erickt (etryzelaar@8C9ECD8F.3A598286.F12515B4.IP) (Ping timeout)
[11:59:41] *** Joins: alan_andrade (alan_andra@moz-8862F69E.hsd1.ca.comcast.net)
[12:01:52] *** Quits: alan_andrade (alan_andra@moz-8862F69E.hsd1.ca.comcast.net) (Ping timeout)
[12:03:20] *** Joins: erickt (etryzelaar@8C9ECD8F.3A598286.F12515B4.IP)
[12:04:36] *** Joins: gsathya (gsathya@moz-5068C8E5.gsathya.in)
[12:05:10] *** Quits: erickt (etryzelaar@8C9ECD8F.3A598286.F12515B4.IP) (Ping timeout)
[12:22:40] *** Quits: strcat (strcat@moz-54F7FD49.cpe.net.cable.rogers.com) (Quit: WeeChat 0.4.3)
[12:22:49] *** Joins: zimbabao (rajaram@817E69AE.26907A.D2D1FAF0.IP)
[12:26:36] *** Quits: rusti (rusti@moz-54F7FD49.cpe.net.cable.rogers.com) (Ping timeout)
[12:27:54] *** Joins: rusti (rusti@moz-54F7FD49.cpe.net.cable.rogers.com)
[13:00:44] *** Quits: sunfish (chatzilla@moz-42DA0C69.dsl.dynamic.sonic.net) (Ping timeout)
[13:07:40] *** Joins: erickt (etryzelaar@8C9ECD8F.3A598286.F12515B4.IP)
[13:10:04] *** Quits: erickt (etryzelaar@8C9ECD8F.3A598286.F12515B4.IP) (Ping timeout)
[13:30:01] *** Joins: erickt (etryzelaar@8C9ECD8F.3A598286.F12515B4.IP)
[13:31:47] *** Quits: erickt (etryzelaar@8C9ECD8F.3A598286.F12515B4.IP) (Ping timeout)
[13:44:05] *** Joins: erickt (etryzelaar@8C9ECD8F.3A598286.F12515B4.IP)
[13:46:28] *** Quits: erickt (etryzelaar@8C9ECD8F.3A598286.F12515B4.IP) (Ping timeout)
[13:50:12] *** Joins: canhtak (canhtak@moz-1300C4D7.wl.t.ulaval.ca)
[13:51:00] *** Joins: erickt (etryzelaar@8C9ECD8F.3A598286.F12515B4.IP)
[13:53:24] *** Quits: erickt (etryzelaar@8C9ECD8F.3A598286.F12515B4.IP) (Ping timeout)
[14:01:28] *** Joins: alan_andrade (alan_andra@moz-8862F69E.hsd1.ca.comcast.net)
[14:03:24] *** Quits: alan_andrade (alan_andra@moz-8862F69E.hsd1.ca.comcast.net) (Ping timeout)
[14:13:08] *** Joins: erickt (etryzelaar@8C9ECD8F.3A598286.F12515B4.IP)
[14:15:05] *** Quits: erickt (etryzelaar@8C9ECD8F.3A598286.F12515B4.IP) (Ping timeout)
[14:44:05] *** Joins: erickt (etryzelaar@8C9ECD8F.3A598286.F12515B4.IP)
[14:46:28] *** Quits: erickt (etryzelaar@8C9ECD8F.3A598286.F12515B4.IP) (Ping timeout)
[14:55:58] *** Joins: erickt (etryzelaar@8C9ECD8F.3A598286.F12515B4.IP)
[14:58:25] *** Quits: erickt (etryzelaar@8C9ECD8F.3A598286.F12515B4.IP) (Ping timeout)
[15:00:01] *** Joins: erickt (erickt@49C4075F.3AC15C18.2321E71E.IP)
[15:00:06] *** Joins: summerlight (summerligh@327FC32B.2C956A45.501EFF44.IP)
[15:01:55] *** Quits: summerlight (summerligh@327FC32B.2C956A45.501EFF44.IP) (Ping timeout)
[15:16:19] *** Joins: summerlight (summerligh@327FC32B.2C956A45.501EFF44.IP)
[15:18:08] *** Joins: erickt_ (etryzelaar@8C9ECD8F.3A598286.F12515B4.IP)
[15:20:04] *** Quits: erickt_ (etryzelaar@8C9ECD8F.3A598286.F12515B4.IP) (Ping timeout)
[15:22:28] *** Quits: pczarn (pczarn@moz-69A55FA.izacom.pl) (Input/output error)
[15:38:29] *** Quits: canhtak (canhtak@moz-1300C4D7.wl.t.ulaval.ca) (Quit: canhtak)
[15:39:42] *** Joins: erickt_ (etryzelaar@8C9ECD8F.3A598286.F12515B4.IP)
[15:41:41] *** Quits: erickt_ (etryzelaar@8C9ECD8F.3A598286.F12515B4.IP) (Ping timeout)
[15:44:44] *** Joins: erickt_ (etryzelaar@8C9ECD8F.3A598286.F12515B4.IP)
[15:46:33] *** Quits: erickt_ (etryzelaar@8C9ECD8F.3A598286.F12515B4.IP) (Ping timeout)
[15:51:22] *** Quits: zimbabao (rajaram@817E69AE.26907A.D2D1FAF0.IP) (Ping timeout)
[16:00:56] *** Joins: erickt_ (etryzelaar@8C9ECD8F.3A598286.F12515B4.IP)
[16:03:24] *** Quits: erickt_ (etryzelaar@8C9ECD8F.3A598286.F12515B4.IP) (Ping timeout)
[16:08:29] *** Joins: alan_andrade (alan_andra@moz-8862F69E.hsd1.ca.comcast.net)
[16:16:49] *** Quits: erickt (erickt@49C4075F.3AC15C18.2321E71E.IP) (Ping timeout)
[16:18:11] *** Joins: canhtak (canhtak@moz-1300C4D7.wl.t.ulaval.ca)
[16:21:34] *** Quits: alan_andrade (alan_andra@moz-8862F69E.hsd1.ca.comcast.net) (Input/output error)
[16:21:59] *** Joins: alan_andrade (alan_andra@moz-8862F69E.hsd1.ca.comcast.net)
[16:23:11] *** Joins: erickt (etryzelaar@8C9ECD8F.3A598286.F12515B4.IP)
[16:23:50] *** Quits: alan_andrade (alan_andra@moz-8862F69E.hsd1.ca.comcast.net) (Ping timeout)
[16:25:03] *** Quits: erickt (etryzelaar@8C9ECD8F.3A598286.F12515B4.IP) (Ping timeout)
[16:30:50] *** Joins: j3rky (gmpreussne@moz-97180B8B.nc.res.rr.com)
[16:43:43] *** Joins: pczarn (pczarn@moz-69A55FA.izacom.pl)
[17:05:53] *** Joins: erickt (etryzelaar@8C9ECD8F.3A598286.F12515B4.IP)
[17:08:16] *** Quits: erickt (etryzelaar@8C9ECD8F.3A598286.F12515B4.IP) (Ping timeout)
[17:26:58] *** Quits: summerlight (summerligh@327FC32B.2C956A45.501EFF44.IP) (Ping timeout)
[17:28:10] *** Joins: erickt (etryzelaar@8C9ECD8F.3A598286.F12515B4.IP)
[17:30:01] *** Quits: erickt (etryzelaar@8C9ECD8F.3A598286.F12515B4.IP) (Ping timeout)
[17:44:04] *** Joins: erickt (etryzelaar@8C9ECD8F.3A598286.F12515B4.IP)
[17:46:25] *** Quits: erickt (etryzelaar@8C9ECD8F.3A598286.F12515B4.IP) (Ping timeout)
[17:49:12] *** Joins: erickt (etryzelaar@8C9ECD8F.3A598286.F12515B4.IP)
[17:51:33] *** Quits: erickt (etryzelaar@8C9ECD8F.3A598286.F12515B4.IP) (Ping timeout)
[18:11:25] *** Joins: erickt (etryzelaar@8C9ECD8F.3A598286.F12515B4.IP)
[18:13:19] *** Quits: erickt (etryzelaar@8C9ECD8F.3A598286.F12515B4.IP) (Ping timeout)
[18:22:04] *** Joins: devbug (quassel@23AC5F12.9D950176.3655BBF5.IP)
[18:44:05] *** Joins: erickt (etryzelaar@8C9ECD8F.3A598286.F12515B4.IP)
[18:46:33] *** Quits: erickt (etryzelaar@8C9ECD8F.3A598286.F12515B4.IP) (Ping timeout)
[18:54:13] *** Joins: erickt (etryzelaar@8C9ECD8F.3A598286.F12515B4.IP)
[18:56:35] *** Quits: erickt (etryzelaar@8C9ECD8F.3A598286.F12515B4.IP) (Ping timeout)
[19:16:19] *** Joins: erickt (etryzelaar@8C9ECD8F.3A598286.F12515B4.IP)
[19:18:19] *** Quits: erickt (etryzelaar@8C9ECD8F.3A598286.F12515B4.IP) (Ping timeout)
[19:44:06] *** Joins: erickt (etryzelaar@8C9ECD8F.3A598286.F12515B4.IP)
[19:45:12] *** Joins: phil__ (phil@moz-32D60383.customers.d1-online.com)
[19:46:28] *** Quits: erickt (etryzelaar@8C9ECD8F.3A598286.F12515B4.IP) (Ping timeout)
[19:51:27] *** Quits: phil__ (phil@moz-32D60383.customers.d1-online.com) (Quit: Colloquy for iPhone - http://colloquy.mobi)
[19:59:13] *** Joins: erickt (etryzelaar@8C9ECD8F.3A598286.F12515B4.IP)
[20:01:35] *** Quits: erickt (etryzelaar@8C9ECD8F.3A598286.F12515B4.IP) (Ping timeout)
[20:21:19] *** Joins: erickt (etryzelaar@8C9ECD8F.3A598286.F12515B4.IP)
[20:23:19] *** Quits: erickt (etryzelaar@8C9ECD8F.3A598286.F12515B4.IP) (Ping timeout)
[20:27:20] *** Quits: huon (Thunderbir@moz-826BD85A.lns20.syd6.internode.on.net) (Ping timeout)
[20:42:47] *** Joins: erickt (etryzelaar@8C9ECD8F.3A598286.F12515B4.IP)
[20:45:30] *** Quits: pczarn (pczarn@moz-69A55FA.izacom.pl) (Input/output error)
[20:46:00] *** Quits: erickt (etryzelaar@8C9ECD8F.3A598286.F12515B4.IP) (Ping timeout)
[21:05:35] *** Joins: NiccosSystem (NiccosSyst@AB1AFDE.FC7B0C35.A7597CB6.IP)
[21:25:51] *** Joins: erickt (etryzelaar@8C9ECD8F.3A598286.F12515B4.IP)
[21:28:11] *** Quits: erickt (etryzelaar@8C9ECD8F.3A598286.F12515B4.IP) (Ping timeout)
[21:33:16] *** Joins: strcat (strcat@moz-54F7FD49.cpe.net.cable.rogers.com)
[21:44:43] *** Joins: erickt (etryzelaar@8C9ECD8F.3A598286.F12515B4.IP)
[21:46:36] *** Quits: erickt (etryzelaar@8C9ECD8F.3A598286.F12515B4.IP) (Ping timeout)
[22:01:24] *** Quits: NiccosSystem (NiccosSyst@AB1AFDE.FC7B0C35.A7597CB6.IP) (Ping timeout)
[22:09:12] *** Joins: erickt (etryzelaar@8C9ECD8F.3A598286.F12515B4.IP)
[22:11:34] *** Quits: erickt (etryzelaar@8C9ECD8F.3A598286.F12515B4.IP) (Ping timeout)
[22:16:07] *** Joins: NiccosSystem (NiccosSyst@AB1AFDE.FC7B0C35.A7597CB6.IP)
[22:31:29] *** Joins: erickt (etryzelaar@8C9ECD8F.3A598286.F12515B4.IP)
[22:33:14] *** Quits: erickt (etryzelaar@8C9ECD8F.3A598286.F12515B4.IP) (Ping timeout)
[22:44:04] *** Joins: erickt (etryzelaar@8C9ECD8F.3A598286.F12515B4.IP)
[22:46:30] *** Quits: erickt (etryzelaar@8C9ECD8F.3A598286.F12515B4.IP) (Ping timeout)
[22:52:31] *** Joins: erickt (etryzelaar@8C9ECD8F.3A598286.F12515B4.IP)
[22:54:51] *** Quits: erickt (etryzelaar@8C9ECD8F.3A598286.F12515B4.IP) (Ping timeout)
[22:56:24] *** Quits: NiccosSystem (NiccosSyst@AB1AFDE.FC7B0C35.A7597CB6.IP) (Quit: Leaving)
[23:14:37] *** Joins: erickt (etryzelaar@8C9ECD8F.3A598286.F12515B4.IP)
[23:16:33] *** Quits: erickt (etryzelaar@8C9ECD8F.3A598286.F12515B4.IP) (Ping timeout)
[23:36:07] *** Joins: erickt (etryzelaar@8C9ECD8F.3A598286.F12515B4.IP)
[23:38:16] *** Quits: erickt (etryzelaar@8C9ECD8F.3A598286.F12515B4.IP) (Ping timeout)
[23:40:04] *** Joins: brson (brson@moz-62518563.mtv2.mozilla.com)
[23:44:06] *** Joins: erickt (etryzelaar@8C9ECD8F.3A598286.F12515B4.IP)
[23:46:32] *** Quits: erickt (etryzelaar@8C9ECD8F.3A598286.F12515B4.IP) (Ping timeout)
[23:52:09] *** Quits: canhtak (canhtak@moz-1300C4D7.wl.t.ulaval.ca) (Quit: canhtak)
[23:57:34] *** Joins: erickt (etryzelaar@8C9ECD8F.3A598286.F12515B4.IP)
[23:59:21] *** Quits: brson (brson@moz-62518563.mtv2.mozilla.com) (Client exited)
