[00:25:01] *** Quits: jsonnull (Thunderbir@26F61E6.CFD9471D.494A0F8B.IP) (Quit: jsonnull)
[00:34:21] *** Joins: ChrisMorgan (chris@moz-6AC741CA.static.tpgi.com.au)
[01:11:07] *** Joins: Denommus (AndChat671@moz-E71FC99A.user.veloxzone.com.br)
[01:25:50] *** Quits: Denommus (AndChat671@moz-E71FC99A.user.veloxzone.com.br) (Ping timeout)
[01:26:46] *** Joins: Denommus (AndChat671@moz-E71FC99A.user.veloxzone.com.br)
[01:50:44] *** Joins: kvanb (kvanb@moz-2D0996C9.lnse5.win.bigpond.net.au)
[01:54:26] *** Quits: Denommus (AndChat671@moz-E71FC99A.user.veloxzone.com.br) (Ping timeout)
[01:56:08] *** Joins: Denommus (AndChat671@moz-E71FC99A.user.veloxzone.com.br)
[04:10:30] *** Quits: Denommus (AndChat671@moz-E71FC99A.user.veloxzone.com.br) (Quit: Bye)
[04:23:29] *** Quits: geomyidae (quassel@DD6F7E3A.21468E9A.30200F38.IP) (Client exited)
[04:24:42] *** Joins: geomyidae (quassel@DD6F7E3A.21468E9A.30200F38.IP)
[04:33:57] *** Quits: kvanb (kvanb@moz-2D0996C9.lnse5.win.bigpond.net.au) (Quit: kvanb)
[04:34:02] *** Joins: kvanb (kvanb@moz-2D0996C9.lnse5.win.bigpond.net.au)
[04:34:24] *** Quits: kvanb (kvanb@moz-2D0996C9.lnse5.win.bigpond.net.au) (Quit: kvanb)
[04:34:57] *** Quits: geomyidae (quassel@DD6F7E3A.21468E9A.30200F38.IP) (Client exited)
[04:36:11] *** Joins: geomyidae (quassel@DD6F7E3A.21468E9A.30200F38.IP)
[04:36:23] *** Joins: kvanb (kvanb@moz-2D0996C9.lnse5.win.bigpond.net.au)
[05:30:58] *** Quits: kvanb (kvanb@moz-2D0996C9.lnse5.win.bigpond.net.au) (Quit: kvanb)
[05:31:05] *** Joins: kvanb (kvanb@moz-2D0996C9.lnse5.win.bigpond.net.au)
[07:51:38] *** Joins: dbaupp (Thunderbir@moz-25BBAF91.lns20.syd6.internode.on.net)
[08:04:52] *** Quits: bjz (bjz@B398BE78.F804C29E.D35A31DF.IP) (Ping timeout)
[08:05:16] *** Joins: bjz (bjz@B398BE78.F804C29E.D35A31DF.IP)
[09:24:33] *** Quits: nielsle (nielsle@moz-C46DA772.boa.fiberby.dk) (Ping timeout)
[09:28:34] *** Quits: bjz (bjz@B398BE78.F804C29E.D35A31DF.IP) (Connection reset by peer)
[09:28:34] *** Joins: bjz_ (bjz@B398BE78.F804C29E.D35A31DF.IP)
[09:49:31] *** Joins: jsonnull (Thunderbir@26F61E6.CFD9471D.494A0F8B.IP)
[10:02:59] *** Joins: bjz (bjz@B398BE78.F804C29E.D35A31DF.IP)
[10:03:51] *** Quits: bjz_ (bjz@B398BE78.F804C29E.D35A31DF.IP) (Ping timeout)
[10:30:15] *** Quits: kvanb (kvanb@moz-2D0996C9.lnse5.win.bigpond.net.au) (Ping timeout)
[10:31:41] *** Joins: kvanb (kvanb@moz-C2012642.lnse4.win.bigpond.net.au)
[10:32:48] *** Quits: ChrisMorgan (chris@moz-6AC741CA.static.tpgi.com.au) (Ping timeout)
[10:34:50] *** Joins: ChrisMorgan (chris@moz-6AC741CA.static.tpgi.com.au)
[10:40:57] *** Joins: nielsle (nielsle@moz-C46DA772.boa.fiberby.dk)
[11:23:22] *** Quits: kvanb (kvanb@moz-C2012642.lnse4.win.bigpond.net.au) (Ping timeout)
[11:29:55] *** Joins: kvanb (kvanb@moz-4300E235.lnse1.win.bigpond.net.au)
[12:52:53] *** Quits: nielsle (nielsle@moz-C46DA772.boa.fiberby.dk) (Ping timeout)
[13:16:39] *** Parts: kvanb (kvanb@moz-4300E235.lnse1.win.bigpond.net.au) ()
[13:22:19] *** Quits: dbaupp (Thunderbir@moz-25BBAF91.lns20.syd6.internode.on.net) (Ping timeout)
[13:22:38] *** Joins: nielsle (nielsle@moz-C46DA772.boa.fiberby.dk)
[13:50:41] *** Quits: jsonnull (Thunderbir@26F61E6.CFD9471D.494A0F8B.IP) (Quit: jsonnull)
[13:56:28] *** Quits: anasyrma (x@moz-DE175E38.caltech.edu) (Ping timeout)
[13:58:26] *** Joins: anasyrma (x@moz-DE175E38.caltech.edu)
[14:04:26] *** Quits: bjz (bjz@B398BE78.F804C29E.D35A31DF.IP) (Quit: Textual IRC Client: www.textualapp.com)
[14:04:34] *** Joins: bjz (bjz@B398BE78.F804C29E.D35A31DF.IP)
[18:03:38] *** Quits: sunfish (chatzilla@moz-8DE7F965.dsl.dynamic.sonic.net) (Ping timeout)
[19:47:32] *** Joins: sunfish (chatzilla@moz-BBE3ABD.mv.mozilla.com)
[19:51:08] *** Joins: _Y_ (chatzilla@moz-6DE2BADB.dynamic.isp.telekom.rs)
[19:51:59] <_Y_> Hi people
[19:52:19] <_Y_> can we ask misc. questions here?
[19:53:36] <_achin> go ahead and ask!  we'll find out!
[19:55:39] <_Y_> I've been running into a lot of  " warning: code is never used: `run_fmt` " errors in macro expansions
[19:56:23] <_Y_> And I kinda want to get rid of them
[19:56:30] <_Y_> but I can't seem to find out how?
[19:59:22] <_achin> this sounds fairly ontopic.  i'd try asking in #rust
[19:59:41] <_Y_> ah, thanks :)
[22:03:48] *** Joins: kvanb (kvanb@moz-4300E235.lnse1.win.bigpond.net.au)
