[01:02:37] *** Quits: pcwalton (pcwalton@moz-24157589.mtv2.mozilla.com) (Quit: pcwalton)
[01:31:54] *** Joins: jensnockert (jensnocker@moz-9353D75F.e0f8471ae7fa.afb.bredband2.com)
[01:33:53] *** Quits: jensnockert (jensnocker@moz-9353D75F.e0f8471ae7fa.afb.bredband2.com) (Ping timeout)
[03:32:47] *** Joins: jensnockert (jensnocker@moz-9353D75F.e0f8471ae7fa.afb.bredband2.com)
[03:34:41] *** Quits: jensnockert (jensnocker@moz-9353D75F.e0f8471ae7fa.afb.bredband2.com) (Ping timeout)
[05:33:53] *** Joins: jensnockert (jensnocker@moz-9353D75F.e0f8471ae7fa.afb.bredband2.com)
[05:35:46] *** Quits: jensnockert (jensnocker@moz-9353D75F.e0f8471ae7fa.afb.bredband2.com) (Ping timeout)
[06:57:59] *** Joins: pcwalton (pcwalton@moz-DA87EE4.hsd1.ca.comcast.net)
[06:58:04] *** Quits: pcwalton (pcwalton@moz-DA87EE4.hsd1.ca.comcast.net) (Quit: pcwalton)
[17:54:54] *** Joins: pcwalton (pcwalton@moz-C07D5168.p2p.sfo1.mozilla.com)
[17:56:05] *** Joins: jensnockert (jensnocker@moz-9353D75F.e0f8471ae7fa.afb.bredband2.com)
[20:00:35] *** Quits: pcwalton (pcwalton@moz-C07D5168.p2p.sfo1.mozilla.com) (Quit: pcwalton)
[20:02:38] *** Joins: pnkfelix (pnkfelix@moz-43495417.fbx.proxad.net)
[20:02:39] *** Joins: pcwalton (pcwalton@moz-C07D5168.p2p.sfo1.mozilla.com)
[20:03:37] *** Joins: acrichto (acrichto@moz-B63D64BD.res.cmu.edu)
[20:05:02] <pnkfelix> cmr: hey are you going to connect to vidyo ?
[20:06:12] <pnkfelix> 6996
[20:08:40] <pnkfelix> 11896
[20:09:58] <pnkfelix> 12643
[20:11:16] <pnkfelix> 12876
[20:14:02] <pnkfelix> 12898
[20:14:49] <pnkfelix> 12938
[20:17:23] <pnkfelix> 6250
[20:19:08] <pnkfelix> 6268
[20:20:29] <pnkfelix> 6444
[20:22:35] <pnkfelix> 6449
[20:24:44] <pnkfelix> 6691
[20:25:23] <pnkfelix> 6816
[20:25:54] <pnkfelix> 6830
[20:26:41] <pnkfelix> 6994
[20:27:30] <pnkfelix> 7030
[20:29:36] <pnkfelix> 7043
[20:31:03] <pnkfelix> 7092
[20:32:18] <pnkfelix> 7196
[20:32:52] <pnkfelix> 7211
[20:34:52] <pnkfelix> 7268
[20:36:09] <pnkfelix> 7538
[20:36:35] <pnkfelix> 7575
[20:36:43] *** Quits: jensnockert (jensnocker@moz-9353D75F.e0f8471ae7fa.afb.bredband2.com) (Input/output error)
[20:37:13] <pnkfelix> 7610
[20:37:15] *** Joins: jensnockert (jensnocker@moz-9353D75F.e0f8471ae7fa.afb.bredband2.com)
[20:38:57] *** Quits: jensnockert (jensnocker@moz-9353D75F.e0f8471ae7fa.afb.bredband2.com) (Ping timeout)
[20:39:05] <pnkfelix> 7762
[20:39:08] *** Joins: nrc (nrc@7BE24E90.A5032A01.3CFC199D.IP)
[20:39:33] <nrc> curses, I forgot about DST and missed this meeting :-(
[20:41:33] <pnkfelix> 8064
[20:42:40] <pnkfelix> 8521
[20:43:18] <pnkfelix> 8675
[20:45:04] <pnkfelix> 9620
[20:45:18] <pnkfelix> 10383
[20:47:05] <nmatsakis> nrc: naturally I parsed this as "I forgot about dynamically sized types..."
[20:47:09] <nmatsakis> ...and I didn't understand
[20:47:28] <nrc> :-p
[20:52:56] *** Quits: pcwalton (pcwalton@moz-C07D5168.p2p.sfo1.mozilla.com) (Quit: pcwalton)
[20:54:07] *** Joins: pcwalton (pcwalton@moz-C07D5168.p2p.sfo1.mozilla.com)
[20:54:29] *** Parts: acrichto (acrichto@moz-B63D64BD.res.cmu.edu) ()
[21:01:08] *** Parts: nrc (nrc@7BE24E90.A5032A01.3CFC199D.IP) ()
[21:03:13] *** Quits: pnkfelix (pnkfelix@moz-43495417.fbx.proxad.net) (Ping timeout)
[21:13:30] *** Quits: pcwalton (pcwalton@moz-C07D5168.p2p.sfo1.mozilla.com) (Quit: pcwalton)
[21:14:33] *** Joins: pcwalton (pcwalton@moz-C07D5168.p2p.sfo1.mozilla.com)
[22:27:42] *** Joins: jensnockert (jensnocker@moz-9353D75F.e0f8471ae7fa.afb.bredband2.com)
[22:29:24] *** Quits: jensnockert (jensnocker@moz-9353D75F.e0f8471ae7fa.afb.bredband2.com) (Input/output error)
