[00:11:24] *** Parts: doomlord_ (servitor@moz-6732E9D4.range86-184.btcentralplus.com) (Leaving)
[00:17:36] *** Joins: doomlord_ (servitor@moz-6732E9D4.range86-184.btcentralplus.com)
[00:17:58] *** Quits: doomlord_ (servitor@moz-6732E9D4.range86-184.btcentralplus.com) (Client exited)
[00:18:02] *** Joins: doomlord_ (servitor@moz-6732E9D4.range86-184.btcentralplus.com)
[01:39:19] *** Quits: dbaupp (Thunderbir@moz-54ADD9F4.lns20.syd6.internode.on.net) (Ping timeout)
[04:04:03] *** Quits: doomlord_ (servitor@moz-6732E9D4.range86-184.btcentralplus.com) (Ping timeout)
[05:00:15] *** Joins: dbaupp (Thunderbir@moz-54ADD9F4.lns20.syd6.internode.on.net)
[05:12:23] *** Quits: Kxepal (Miranda@moz-10B83CD2.pppoe.mtu-net.ru) (Ping timeout)
[05:12:46] *** Quits: dbaupp (Thunderbir@moz-54ADD9F4.lns20.syd6.internode.on.net) (Ping timeout)
[05:15:31] *** Joins: Kxepal (Miranda@moz-2EDC98B.pppoe.mtu-net.ru)
[05:24:11] *** Joins: dbaupp (Thunderbir@moz-54ADD9F4.lns20.syd6.internode.on.net)
[07:30:10] *** flaper87|afk is now known as flaper87
[08:28:13] *** flaper87 is now known as flaper87|afk
[08:51:37] *** flaper87|afk is now known as flaper87
[10:40:51] *** flaper87 is now known as flaper87|afk
[12:21:19] *** flaper87|afk is now known as flaper87
[14:43:33] *** flaper87 is now known as flaper87|afk
[15:01:53] *** flaper87|afk is now known as flaper87
[15:04:52] *** Joins: doomlord_ (servitor@moz-6732E9D4.range86-184.btcentralplus.com)
[16:26:02] *** flaper87 is now known as flaper87|afk
[20:49:59] *** Quits: acrichto (acrichto@moz-69F2E428.ugrad.cs.cmu.edu) (Quit: leaving)
