[00:08:56] *** catlee is now known as catlee-away
[00:17:17] *** Quits: Emgollie (Adium@moz-DFAA4E15.p2p.sfo1.mozilla.com) (Quit: Leaving.)
[00:25:48] *** Joins: Zjab (Zjab@moz-6CE596A8.nycmny.fios.verizon.net)
[00:29:54] *** Quits: pragmatic (pragmatic@moz-8ACEDA29.hsd1.ca.comcast.net) (Ping timeout)
[00:30:14] *** Joins: Emgollie (Adium@moz-DFAA4E15.p2p.sfo1.mozilla.com)
[00:35:01] *** Quits: rbillings (rbillings@moz-3FBEA2B2.hsd1.ca.comcast.net) (Quit: )
[00:43:53] *** Joins: ericasackin (Adium@moz-E1E0CB00.nyc.res.rr.com)
[00:45:37] *** Quits: ericasackin (Adium@moz-E1E0CB00.nyc.res.rr.com) (Ping timeout)
[00:47:37] *** Joins: pragmatic (pragmatic@moz-8ACEDA29.hsd1.ca.comcast.net)
[00:49:28] *** Quits: threeqube (Sunny@moz-88ECF376.socal.res.rr.com) (Quit: threeqube)
[00:54:14] *** Quits: tantek_ (tantek@moz-DFAA4E15.p2p.sfo1.mozilla.com) (Quit: tantek_)
[01:10:50] *** Quits: carlacasilli (carlacasil@moz-EBB8AF9F.lsanca.btas.verizon.net) (Quit: carlacasilli)
[01:16:31] *** Joins: carlacasilli (carlacasil@moz-EBB8AF9F.lsanca.btas.verizon.net)
[01:18:18] *** Joins: mari (marimoresh@moz-B2ED4CB0.cpe.teksavvy.com)
[01:19:34] *** Quits: r1cky (r1cky@moz-5351E215.slicehost.net) (Quit: Bye!)
[01:20:26] *** iamjessklein-away is now known as jess
[01:23:48] *** Quits: Zjab (Zjab@moz-6CE596A8.nycmny.fios.verizon.net) (Quit: Zjab)
[01:31:45] *** Quits: mari (marimoresh@moz-B2ED4CB0.cpe.teksavvy.com) (Quit: mari)
[01:37:00] *** Quits: CaptainCalliope (CaptainCal@moz-B65AF445.hfc.comcastbusiness.net) (Quit: CaptainCalliope)
[01:40:19] *** Joins: gasolin (chatzilla@moz-99690620.hinet-ip.hinet.net)
[01:44:29] *** Joins: ericasackin (Adium@moz-E1E0CB00.nyc.res.rr.com)
[01:46:17] *** Quits: ericasackin (Adium@moz-E1E0CB00.nyc.res.rr.com) (Ping timeout)
[01:47:31] *** Quits: Emgollie (Adium@moz-DFAA4E15.p2p.sfo1.mozilla.com) (Quit: Leaving.)
[01:54:57] *** Joins: Emgollie (Adium@moz-DFAA4E15.p2p.sfo1.mozilla.com)
[01:56:20] *** jess is now known as iamjessklein-away
[01:59:28] *** Quits: carlacasilli (carlacasil@moz-EBB8AF9F.lsanca.btas.verizon.net) (Quit: carlacasilli)
[01:59:41] *** Quits: Emgollie (Adium@moz-DFAA4E15.p2p.sfo1.mozilla.com) (Quit: Leaving.)
[02:06:55] *** Joins: carlacasilli (carlacasil@moz-EBB8AF9F.lsanca.btas.verizon.net)
[02:10:19] *** Quits: francois (francois@34E8ECDF.DC2C3734.616A18A6.IP) (Quit: leaving)
[02:12:50] *** Joins: francois (francois@34E8ECDF.DC2C3734.616A18A6.IP)
[02:14:35] *** Quits: davida (sid14473@moz-E77DEB21.irccloud.com) (Ping timeout)
[02:16:08] *** Joins: davida (sid14473@moz-E77DEB21.irccloud.com)
[02:22:05] *** Quits: carlacasilli (carlacasil@moz-EBB8AF9F.lsanca.btas.verizon.net) (Quit: carlacasilli)
[02:25:12] *** Quits: brson (brson@moz-BBE3ABD.mv.mozilla.com) (Quit: leaving)
[02:25:29] *** Joins: brson (brson@6A848D32.C1B840DD.76F66111.IP)
[02:27:08] *** Joins: brson_ (brson@moz-BBE3ABD.mv.mozilla.com)
[02:28:45] *** Quits: brson (brson@6A848D32.C1B840DD.76F66111.IP) (Ping timeout)
[02:29:17] *** Joins: mari (marimoresh@moz-B2ED4CB0.cpe.teksavvy.com)
[02:32:00] *** atul is now known as atul-away
[02:36:49] *** Quits: francois (francois@34E8ECDF.DC2C3734.616A18A6.IP) (Ping timeout)
[02:38:01] *** Quits: mari (marimoresh@moz-B2ED4CB0.cpe.teksavvy.com) (Quit: mari)
[02:40:12] *** Joins: francois (francois@34E8ECDF.DC2C3734.616A18A6.IP)
[02:43:42] *** Quits: brson_ (brson@moz-BBE3ABD.mv.mozilla.com) (Ping timeout)
[02:45:02] *** Joins: ericasackin (Adium@moz-E1E0CB00.nyc.res.rr.com)
[02:46:46] *** Quits: ericasackin (Adium@moz-E1E0CB00.nyc.res.rr.com) (Ping timeout)
[02:58:17] *** Joins: carlacasilli (carlacasil@moz-EBB8AF9F.lsanca.btas.verizon.net)
[03:01:26] <carlacasilli> is zimbra down?
[03:14:07] *** Joins: CaptainCalliope (CaptainCal@moz-E5B6D66B.hsd1.ma.comcast.net)
[03:14:59] *** Joins: threeqube (Sunny@moz-682E30C4.static.lsan.ca.charter.com)
[03:15:19] *** Quits: carlacasilli (carlacasil@moz-EBB8AF9F.lsanca.btas.verizon.net) (Quit: carlacasilli)
[03:19:04] *** Joins: ericasackin (Adium@moz-E1E0CB00.nyc.res.rr.com)
[03:29:59] *** Quits: CaptainCalliope (CaptainCal@moz-E5B6D66B.hsd1.ma.comcast.net) (Quit: CaptainCalliope)
[04:13:20] *** Quits: pragmatic (pragmatic@moz-8ACEDA29.hsd1.ca.comcast.net) (Ping timeout)
[04:21:59] *** Quits: gasolin (chatzilla@moz-99690620.hinet-ip.hinet.net) (Ping timeout)
[04:24:30] *** Quits: ericasackin (Adium@moz-E1E0CB00.nyc.res.rr.com) (Quit: Leaving.)
[04:28:13] *** Joins: gasolin (chatzilla@moz-99690620.hinet-ip.hinet.net)
[04:32:50] *** Quits: gasolin (chatzilla@moz-99690620.hinet-ip.hinet.net) (Ping timeout)
[04:54:40] *** Joins: ericasackin (Adium@moz-E1E0CB00.nyc.res.rr.com)
[04:56:25] *** Quits: ericasackin (Adium@moz-E1E0CB00.nyc.res.rr.com) (Ping timeout)
[05:30:19] *** Joins: gasolin (chatzilla@moz-99690620.hinet-ip.hinet.net)
[05:44:39] *** Quits: threeqube (Sunny@moz-682E30C4.static.lsan.ca.charter.com) (Quit: threeqube)
[05:55:19] *** Joins: ericasackin (Adium@moz-E1E0CB00.nyc.res.rr.com)
[05:57:01] *** Quits: ericasackin (Adium@moz-E1E0CB00.nyc.res.rr.com) (Ping timeout)
[05:58:38] *** Quits: gasolin (chatzilla@moz-99690620.hinet-ip.hinet.net) (Ping timeout)
[06:09:44] *** Joins: pragmatic (pragmatic@moz-8ACEDA29.hsd1.ca.comcast.net)
[06:11:58] *** iamjessklein-away is now known as jess
[06:18:14] *** Joins: gasolin (chatzilla@moz-99690620.hinet-ip.hinet.net)
[06:51:47] *** jess is now known as iamjessklein-away
[06:53:50] *** Quits: pragmatic (pragmatic@moz-8ACEDA29.hsd1.ca.comcast.net) (Ping timeout)
[06:55:49] *** Joins: ericasackin (Adium@moz-E1E0CB00.nyc.res.rr.com)
[06:57:30] *** Quits: ericasackin (Adium@moz-E1E0CB00.nyc.res.rr.com) (Ping timeout)
[07:06:06] *** Joins: pragmatic (pragmatic@moz-8ACEDA29.hsd1.ca.comcast.net)
[07:30:52] *** Quits: pragmatic (pragmatic@moz-8ACEDA29.hsd1.ca.comcast.net) (Quit: pragmatic)
[07:37:46] *** Joins: ericasackin (Adium@moz-E1E0CB00.nyc.res.rr.com)
[07:44:18] *** Quits: ericasackin (Adium@moz-E1E0CB00.nyc.res.rr.com) (Quit: Leaving.)
[07:53:53] *** Joins: pragmatic (pragmatic@moz-8ACEDA29.hsd1.ca.comcast.net)
[07:58:02] *** Quits: pragmatic (pragmatic@moz-8ACEDA29.hsd1.ca.comcast.net) (Quit: pragmatic)
[08:44:50] *** Joins: WodgeyBoy (Thunderbir@C01EF007.D7FABF52.2567F73E.IP)
[09:04:49] *** Quits: WodgeyBoy (Thunderbir@C01EF007.D7FABF52.2567F73E.IP) (Ping timeout)
[09:29:01] *** Quits: francois (francois@34E8ECDF.DC2C3734.616A18A6.IP) (Quit: leaving)
[10:09:26] *** Quits: gasolin (chatzilla@moz-99690620.hinet-ip.hinet.net) (Ping timeout)
[10:12:55] *** Joins: WodgeyBoy (Thunderbir@C01EF007.D7FABF52.2567F73E.IP)
[10:32:40] *** Quits: WodgeyBoy (Thunderbir@C01EF007.D7FABF52.2567F73E.IP) (Ping timeout)
[10:37:49] *** Joins: WodgeyBoy (Thunderbir@C161781C.E7DCDBDA.F78F1166.IP)
[10:50:21] *** Quits: WodgeyBoy (Thunderbir@C161781C.E7DCDBDA.F78F1166.IP) (Ping timeout)
[10:55:09] *** Joins: WodgeyBoy (Thunderbir@CA78C64.8C2568FE.B8D52E29.IP)
[11:15:08] *** Quits: WodgeyBoy (Thunderbir@CA78C64.8C2568FE.B8D52E29.IP) (Ping timeout)
[11:34:48] *** Joins: WodgeyBoy (Thunderbir@AA8B3B3D.5429EE8C.B8D52E29.IP)
[11:51:40] *** iamjessklein-away is now known as jess
[12:40:52] *** Quits: WodgeyBoy (Thunderbir@AA8B3B3D.5429EE8C.B8D52E29.IP) (Ping timeout)
[12:45:22] *** atul-away is now known as atul
[12:59:05] *** jp-offline is now known as jp-ruhroh
[12:59:07] *** jp-ruhroh is now known as jp
[13:17:22] *** Joins: mari (marimoresh@13F2CEC5.7672369.D8E68FF6.IP)
[13:18:35] *** jess is now known as iamjessklein-away
[13:25:05] *** Joins: threeqube (Sunny@moz-682E30C4.static.lsan.ca.charter.com)
[13:29:49] *** catlee-away is now known as catlee
[13:30:04] *** atul is now known as atul-away
[13:38:52] *** Joins: gasolin (chatzilla@moz-1099077.dynamic.hinet.net)
[13:47:09] *** iamjessklein-away is now known as jess
[13:55:56] *** Quits: mari (marimoresh@13F2CEC5.7672369.D8E68FF6.IP) (Quit: mari)
[13:58:17] *** jp is now known as jp-food
[13:59:39] *** atul-away is now known as atul
[14:00:24] *** atul is now known as atul-away
[14:11:33] *** Joins: ericasackin (Adium@moz-E1E0CB00.nyc.res.rr.com)
[14:35:53] *** jp-food is now known as jp
[14:37:42] *** Joins: WodgeyBoy (Thunderbir@AA8B3B3D.5429EE8C.B8D52E29.IP)
[14:43:37] *** Joins: r1cky (r1cky@moz-5351E215.slicehost.net)
[14:44:02] *** Quits: WodgeyBoy (Thunderbir@AA8B3B3D.5429EE8C.B8D52E29.IP) (Ping timeout)
[14:50:33] *** Joins: mattheww (mattheww@moz-1406FB60.dyn.optonline.net)
[14:50:46] *** atul-away is now known as atul
[14:52:40] *** atul is now known as atul-away
[14:57:14] *** Quits: mattheww (mattheww@moz-1406FB60.dyn.optonline.net) (Quit: mattheww)
[14:58:34] *** Joins: mattheww (mattheww@moz-1406FB60.dyn.optonline.net)
[15:00:36] *** Quits: mattheww (mattheww@moz-1406FB60.dyn.optonline.net) (Quit: mattheww)
[15:13:27] *** Joins: mattheww (mattheww@moz-1406FB60.dyn.optonline.net)
[15:15:00] *** Joins: rbillings (rbillings@moz-3FBEA2B2.hsd1.ca.comcast.net)
[15:15:18] *** Quits: mattheww (mattheww@moz-1406FB60.dyn.optonline.net) (Quit: mattheww)
[15:15:36] *** atul-away is now known as atul
[15:15:47] *** Joins: mattheww (mattheww@moz-1406FB60.dyn.optonline.net)
[15:15:57] *** atul is now known as atul-away
[15:17:40] *** Joins: WodgeyBoy (Thunderbir@AA8B3B3D.5429EE8C.B8D52E29.IP)
[15:20:33] *** gregglind_away is now known as gregglind
[15:21:11] *** Joins: Zjab (Zjab@moz-6CE596A8.nycmny.fios.verizon.net)
[15:22:06] *** Joins: cmcavoy (cmcavoy@moz-90D8C1A3.hsd1.il.comcast.net)
[15:25:07] *** Joins: iamjayakumars (iamjayakum@F8B09507.C06F87EE.73686190.IP)
[15:33:25] *** Joins: Emgollie (Adium@moz-A2F41E64.lightspeed.sntcca.sbcglobal.net)
[15:38:45] *** Joins: carlacasilli (carlacasil@moz-EBB8AF9F.lsanca.btas.verizon.net)
[15:49:22] <cmcavoy> going offline for the day folks, email if you need my expert help.
[15:49:29] *** Quits: cmcavoy (cmcavoy@moz-90D8C1A3.hsd1.il.comcast.net) (Quit: Leaving)
[15:50:40] *** mlarsson-away33 is now known as mlarsson
[15:53:07] *** Quits: carlacasilli (carlacasil@moz-EBB8AF9F.lsanca.btas.verizon.net) (Quit: carlacasilli)
[15:58:04] *** Quits: gasolin (chatzilla@moz-1099077.dynamic.hinet.net) (Ping timeout)
[16:05:30] *** atul-away is now known as atul
[16:05:51] *** Quits: mattheww (mattheww@moz-1406FB60.dyn.optonline.net) (Quit: mattheww)
[16:07:47] *** Quits: WodgeyBoy (Thunderbir@AA8B3B3D.5429EE8C.B8D52E29.IP) (Ping timeout)
[16:08:13] *** jess is now known as iamjessklein-away
[16:08:53] *** Joins: mattheww (mattheww@moz-1406FB60.dyn.optonline.net)
[16:11:30] <mattheww> echristensen: want to talk thru the visual spec?
[16:11:41] <echristensen> Sure!
[16:17:02] *** atul is now known as atul-away
[16:17:11] *** atul-away is now known as atul
[16:24:07] *** Joins: gasolin (chatzilla@moz-1099077.dynamic.hinet.net)
[16:28:30] *** Joins: kayaelle (kayaelle@A57B25CA.3A90E254.137D8827.IP)
[16:29:50] *** Joins: carlacasilli (carlacasil@moz-EBB8AF9F.lsanca.btas.verizon.net)
[16:33:46] *** Quits: kayaelle (kayaelle@A57B25CA.3A90E254.137D8827.IP) (Ping timeout)
[16:43:37] *** iamjessklein-away is now known as jess
[16:53:03] *** Quits: gasolin (chatzilla@moz-1099077.dynamic.hinet.net) (Ping timeout)
[16:56:57] *** Joins: gasolin (chatzilla@moz-1099077.dynamic.hinet.net)
[16:57:32] *** Quits: carlacasilli (carlacasil@moz-EBB8AF9F.lsanca.btas.verizon.net) (Quit: carlacasilli)
[17:05:45] *** Joins: pragmatic (pragmatic@moz-8ACEDA29.hsd1.ca.comcast.net)
[17:07:06] *** Joins: carlacasilli (carlacasil@moz-EBB8AF9F.lsanca.btas.verizon.net)
[17:10:39] *** Joins: CaptainCalliope (CaptainCal@moz-E5B6D66B.hsd1.ma.comcast.net)
[17:18:48] *** Quits: gasolin (chatzilla@moz-1099077.dynamic.hinet.net) (Ping timeout)
[17:22:12] *** Quits: carlacasilli (carlacasil@moz-EBB8AF9F.lsanca.btas.verizon.net) (Quit: carlacasilli)
[17:23:29] *** Quits: Zjab (Zjab@moz-6CE596A8.nycmny.fios.verizon.net) (Quit: Zjab)
[17:30:44] *** jess is now known as iamjessklein-away
[17:30:47] *** Quits: Emgollie (Adium@moz-A2F41E64.lightspeed.sntcca.sbcglobal.net) (Quit: Leaving.)
[17:32:06] *** Joins: carlacasilli (carlacasil@moz-EBB8AF9F.lsanca.btas.verizon.net)
[17:32:40] *** Quits: mattheww (mattheww@moz-1406FB60.dyn.optonline.net) (Quit: mattheww)
[17:33:33] *** Joins: mattheww (mattheww@moz-1406FB60.dyn.optonline.net)
[17:35:19] *** Quits: mattheww (mattheww@moz-1406FB60.dyn.optonline.net) (Quit: mattheww)
[17:35:59] *** Joins: mattheww (mattheww@moz-1406FB60.dyn.optonline.net)
[17:37:46] *** Quits: mattheww (mattheww@moz-1406FB60.dyn.optonline.net) (Quit: mattheww)
[17:38:57] *** Joins: mattheww (mattheww@moz-1406FB60.dyn.optonline.net)
[17:45:19] *** Joins: WodgeyBoy (Thunderbir@AE7B6306.4AAC3CC0.481058E9.IP)
[17:45:20] *** gregglind is now known as gregglind_afk
[17:57:21] *** Joins: brson (brson@moz-BBE3ABD.mv.mozilla.com)
[18:01:55] *** Joins: tabraldes (quassel@moz-7FD19BDC.hsd1.or.comcast.net)
[18:01:59] <threeqube> mlarsson: ping
[18:02:06] <mlarsson> threeqube pong
[18:02:20] <threeqube> mlarsson: will you be joining for triage?
[18:02:26] <threeqube> if so chloe's running a tad late
[18:02:34] <mlarsson> yep!
[18:02:39] <mlarsson> ok
[18:02:49] *** Quits: tabraldes (quassel@moz-7FD19BDC.hsd1.or.comcast.net) (Input/output error)
[18:03:18] <threeqube> mlarsson: cool cool
[18:03:25] <threeqube> will ping when chloe's ready
[18:03:26] <threeqube> thanks!
[18:09:38] *** Joins: Chloe (Chloe@moz-BDD802ED.hfc.comcastbusiness.net)
[18:10:26] <threeqube> mlarsson: can you join Skype?
[18:10:30] <threeqube> chloe's vidyo is wonky
[18:12:28] *** Quits: WodgeyBoy (Thunderbir@AE7B6306.4AAC3CC0.481058E9.IP) (Ping timeout)
[18:16:35] *** iamjessklein-away is now known as jess
[18:17:43] *** Joins: WodgeyBoy (Thunderbir@F0CD2ACD.ED047EC5.C23BFA2.IP)
[18:28:46] *** Quits: iamjayakumars (iamjayakum@F8B09507.C06F87EE.73686190.IP) (Quit: )
[18:36:02] *** Quits: WodgeyBoy (Thunderbir@F0CD2ACD.ED047EC5.C23BFA2.IP) (Ping timeout)
[18:40:01] *** Quits: pragmatic (pragmatic@moz-8ACEDA29.hsd1.ca.comcast.net) (Ping timeout)
[18:44:58] *** Joins: WodgeyBoy (Thunderbir@572DB1A2.DF49C415.5872C891.IP)
[18:46:46] *** Quits: WodgeyBoy (Thunderbir@572DB1A2.DF49C415.5872C891.IP) (Ping timeout)
[18:59:14] *** Quits: mattheww (mattheww@moz-1406FB60.dyn.optonline.net) (Quit: mattheww)
[19:03:13] *** Joins: mattheww (mattheww@moz-1406FB60.dyn.optonline.net)
[19:03:52] *** Quits: brson (brson@moz-BBE3ABD.mv.mozilla.com) (Ping timeout)
[19:09:25] *** gregglind_afk is now known as gregglind
[19:14:24] *** Joins: Zjab (Zjab@moz-6CE596A8.nycmny.fios.verizon.net)
[19:19:25] *** Joins: WodgeyBoy (Thunderbir@moz-28BDE309.dyn.plus.net)
[19:23:00] *** Joins: pragmatic (pragmatic@moz-8ACEDA29.hsd1.ca.comcast.net)
[19:23:33] *** Quits: threeqube (Sunny@moz-682E30C4.static.lsan.ca.charter.com) (Ping timeout)
[19:30:28] *** Quits: WodgeyBoy (Thunderbir@moz-28BDE309.dyn.plus.net) (Quit: WodgeyBoy)
[19:46:22] *** Joins: brson (brson@moz-BBE3ABD.mv.mozilla.com)
[19:48:15] *** Quits: Chloe (Chloe@moz-BDD802ED.hfc.comcastbusiness.net) (Quit: Leaving.)
[19:57:43] *** Quits: carlacasilli (carlacasil@moz-EBB8AF9F.lsanca.btas.verizon.net) (Quit: carlacasilli)
[20:04:19] *** Joins: dethe (delza@A6CF435B.D1155E2C.CFC2A289.IP)
[20:12:29] *** Quits: dethe (delza@A6CF435B.D1155E2C.CFC2A289.IP) (Quit: dethe)
[20:28:58] *** jess is now known as iamjessklein-away
[20:39:16] *** Joins: Chloe (Chloe@moz-C07D5168.p2p.sfo1.mozilla.com)
[20:39:30] *** iamjessklein-away is now known as jess
[20:58:54] *** Joins: francois (francois@B112B062.FA0050BE.613E47D1.IP)
[21:04:50] <Chloe> threeqube : mlarsson : heading to mi riiiim  ==> http://www.youtube.com/watch?v=dc_Ycnqm1Cc
[21:26:08] *** Quits: Chloe (Chloe@moz-C07D5168.p2p.sfo1.mozilla.com) (Quit: Leaving.)
[21:28:11] *** Joins: Chloe (Chloe@moz-C07D5168.p2p.sfo1.mozilla.com)
[21:31:58] *** Joins: Emgollie (Adium@moz-DFAA4E15.p2p.sfo1.mozilla.com)
[21:35:05] *** Joins: dethe (delza@9D222422.D1155E2C.CFC2A289.IP)
[21:36:23] *** Quits: Emgollie (Adium@moz-DFAA4E15.p2p.sfo1.mozilla.com) (Quit: Leaving.)
[21:37:38] *** Joins: Emgollie (Adium@moz-DFAA4E15.p2p.sfo1.mozilla.com)
[21:44:48] *** Quits: dethe (delza@9D222422.D1155E2C.CFC2A289.IP) (Ping timeout)
[21:46:22] *** Quits: CaptainCalliope (CaptainCal@moz-E5B6D66B.hsd1.ma.comcast.net) (Quit: CaptainCalliope)
[21:49:07] *** Joins: CaptainCalliope (CaptainCal@moz-E5B6D66B.hsd1.ma.comcast.net)
[21:50:31] *** Joins: dethe (delza@A6CF435B.D1155E2C.CFC2A289.IP)
[21:55:36] *** echristensen is now known as echristensen-away
[22:00:46] *** Quits: brson (brson@moz-BBE3ABD.mv.mozilla.com) (Ping timeout)
[22:03:15] *** Joins: brson (brson@moz-BBE3ABD.mv.mozilla.com)
[22:05:03] *** Quits: brson (brson@moz-BBE3ABD.mv.mozilla.com) (Ping timeout)
[22:12:10] *** Joins: hashvisser (hashvisser@moz-935A9C7F.stny.res.rr.com)
[22:12:56] *** Quits: dmills_ (dmills@moz-5171A1FC.us-west-1.compute.amazonaws.com) (Quit: Changing server)
[22:23:27] *** Joins: brson (brson@moz-BBE3ABD.mv.mozilla.com)
[22:42:00] *** Quits: CaptainCalliope (CaptainCal@moz-E5B6D66B.hsd1.ma.comcast.net) (Quit: CaptainCalliope)
[22:42:13] *** Joins: WodgeyBoy (Thunderbir@572DB1A2.DF49C415.5872C891.IP)
[22:45:13] *** echristensen-away is now known as echristensen
[23:01:32] *** gregglind is now known as gregglind_afk
[23:02:05] *** atul is now known as atul-away
[23:21:36] *** Quits: mattheww (mattheww@moz-1406FB60.dyn.optonline.net) (Quit: mattheww)
[23:24:26] *** catlee is now known as catlee-away
[23:41:53] *** Quits: WodgeyBoy (Thunderbir@572DB1A2.DF49C415.5872C891.IP) (Ping timeout)
[23:51:43] *** Quits: Emgollie (Adium@moz-DFAA4E15.p2p.sfo1.mozilla.com) (Quit: Leaving.)
[23:53:39] *** atul-away is now known as atul
[23:56:49] *** atul is now known as atul-away
[23:57:06] *** atul-away is now known as atul
[23:57:27] *** Joins: CaptainCalliope (CaptainCal@moz-42114FAF.cictr.com)
