[08:46:53] *** Quits: tjc (tjc@moz-BBE3ABD.mv.mozilla.com) (Quit: Places to go, people to annoy)
[09:20:23] *** Joins: jensnockert (jensnocker@moz-5D53B643.cust.bredband2.com)
[09:52:18] *** Quits: jensnockert (jensnocker@moz-5D53B643.cust.bredband2.com) (Input/output error)
[10:26:11] *** Joins: jensnockert (jensnocker@moz-7DC16A5F.afb.bredband2.com)
[10:52:20] *** Quits: jensnockert (jensnocker@moz-7DC16A5F.afb.bredband2.com) (Input/output error)
[15:41:46] *** Joins: jensnockert (jensnocker@moz-7DC16A5F.afb.bredband2.com)
[15:54:40] *** Quits: jensnockert (jensnocker@moz-7DC16A5F.afb.bredband2.com) (Input/output error)
[16:07:08] *** Joins: jensnockert (jensnocker@moz-7DC16A5F.afb.bredband2.com)
[16:24:29] *** Quits: jensnockert (jensnocker@moz-7DC16A5F.afb.bredband2.com) (Input/output error)
[16:26:12] *** Joins: jensnockert (jensnocker@moz-7DC16A5F.afb.bredband2.com)
[18:10:27] *** Quits: jensnockert (jensnocker@moz-7DC16A5F.afb.bredband2.com) (Input/output error)
[18:27:48] *** Joins: jensnockert (jensnocker@moz-7DC16A5F.afb.bredband2.com)
[19:34:13] *** Quits: jensnockert (jensnocker@moz-7DC16A5F.afb.bredband2.com) (Input/output error)
[19:59:50] *** Joins: tjc (tjc@moz-BBE3ABD.mv.mozilla.com)
[20:15:01] *** Quits: tjc (tjc@moz-BBE3ABD.mv.mozilla.com) (Quit: zzzzzzzzzz)
[21:27:58] *** Joins: tjc (tjc@moz-BBE3ABD.mv.mozilla.com)
[21:47:02] *** Quits: tjc (tjc@moz-BBE3ABD.mv.mozilla.com) (Quit: Places to go, people to annoy)
[22:32:07] *** Joins: tjc (tjc@8977BF93.FD5C31A1.284344F5.IP)
[22:41:59] *** Quits: tjc (tjc@8977BF93.FD5C31A1.284344F5.IP) (Ping timeout)
[22:45:28] *** Joins: tjc (tjc@8977BF93.FD5C31A1.284344F5.IP)
[22:50:29] *** Quits: tjc (tjc@8977BF93.FD5C31A1.284344F5.IP) (Ping timeout)
[22:52:14] *** Joins: tjc (tjc@8977BF93.FD5C31A1.284344F5.IP)
[23:38:55] *** Quits: tjc (tjc@8977BF93.FD5C31A1.284344F5.IP) (Quit: zzzzzzzzzz)
