[00:14:39] *** Quits: p32blo (p32blo@moz-j3o3n4.public.utexas.edu) (Ping timeout: 121 seconds)
[00:15:23] *** Quits: brson (brson@moz-cfhap5.mtv2.mozilla.com) (Connection closed)
[00:23:02] *** Quits: shadower (shadower@moz-5pj.v7v.132.209.IP) (A TLS packet with unexpected length was received.)
[00:23:08] *** Joins: shadower (shadower@moz-3ah4n5.osop.rhcloud.com)
[00:47:39] *** Quits: Andoriyu (Andoriyu@moz-a9o6ej.res.rr.com) (Quit: My MacBook Pro has gone to sleep. ZZZzzz…)
[00:48:27] *** Joins: Andoriyu (Andoriyu@moz-a9o6ej.res.rr.com)
[00:56:22] *** Joins: neal (neal@moz-of66u9.ca.comcast.net)
[00:57:54] *** Joins: Shackra (Jorge@moz-7bh.ng6.177.186.IP)
[01:00:55] *** Quits: Andoriyu (Andoriyu@moz-a9o6ej.res.rr.com) (Quit: My MacBook Pro has gone to sleep. ZZZzzz…)
[01:10:25] *** Joins: chills42 (chills42@moz-8h00jl.res.bhn.net)
[01:17:46] *** Quits: neal (neal@moz-of66u9.ca.comcast.net) (Quit: My Mac has gone to sleep. ZZZzzz…)
[01:23:27] *** Quits: chills42 (chills42@moz-8h00jl.res.bhn.net) (Connection closed)
[01:42:15] *** Quits: swgillespie (swgillespie@moz-qb3.04d.220.167.IP) (Quit: My MacBook Pro has gone to sleep. ZZZzzz…)
[01:46:51] *** Joins: Andoriyu (Andoriyu@moz-a9o6ej.res.rr.com)
[01:52:58] *** Quits: Andoriyu (Andoriyu@moz-a9o6ej.res.rr.com) (Quit: My MacBook Pro has gone to sleep. ZZZzzz…)
[01:57:09] *** Joins: Andoriyu (Andoriyu@moz-a9o6ej.res.rr.com)
[01:59:51] *** Quits: Andoriyu (Andoriyu@moz-a9o6ej.res.rr.com) (Quit: My MacBook Pro has gone to sleep. ZZZzzz…)
[02:02:42] *** Joins: Andoriyu (Andoriyu@moz-a9o6ej.res.rr.com)
[02:11:32] *** Quits: pcwalton (pcwalton@moz-l8ebtf.sfo1.mozilla.com) (Client exited)
[02:13:42] *** Joins: JanC_ (janc@moz-l2kgd9.dsl.scarlet.be)
[02:16:29] *** Quits: JanC (janc@moz-l2kgd9.dsl.scarlet.be) (Ping timeout: 121 seconds)
[02:45:43] *** Quits: Andoriyu (Andoriyu@moz-a9o6ej.res.rr.com) (Quit: My MacBook Pro has gone to sleep. ZZZzzz…)
[03:02:28] *** Joins: p1start (p1start@moz-nftjhe.org)
[03:10:59] *** Joins: Andoriyu (Andoriyu@moz-a9o6ej.res.rr.com)
[03:13:04] *** Quits: Andoriyu (Andoriyu@moz-a9o6ej.res.rr.com) (Quit: My MacBook Pro has gone to sleep. ZZZzzz…)
[03:16:10] *** Joins: Andoriyu (Andoriyu@moz-a9o6ej.res.rr.com)
[03:21:51] *** Quits: eckhardt (eckhardt@moz-qsmcm5.hq.squareup.com) (Quit: Leaving...)
[03:22:57] *** Joins: p32blo (p32blo@moz-q4be0s.public.wayport.net)
[03:34:06] *** Quits: Andoriyu (Andoriyu@moz-a9o6ej.res.rr.com) (Quit: My MacBook Pro has gone to sleep. ZZZzzz…)
[03:48:17] *** Joins: Quxxy (chatzilla@moz-0nv.jkp.167.59.IP)
[03:48:47] *** Quits: p1start (p1start@moz-nftjhe.org) (Ping timeout: 121 seconds)
[03:50:52] *** Joins: Andoriyu (Andoriyu@moz-a9o6ej.res.rr.com)
[04:08:43] *** Quits: Andoriyu (Andoriyu@moz-a9o6ej.res.rr.com) (Quit: My MacBook Pro has gone to sleep. ZZZzzz…)
[04:10:04] *** Quits: dlight (dlight@moz-khd.48v.135.177.IP) (Ping timeout: 121 seconds)
[04:14:36] *** Joins: eckhardt (eckhardt@moz-0b0.bm2.248.98.IP)
[04:16:18] *** Joins: Kingsquee (kingsley@moz-k72lip.bchsia.telus.net)
[04:24:38] *** Joins: Andoriyu (Andoriyu@moz-a9o6ej.res.rr.com)
[04:30:41] *** Joins: pcwalton (pcwalton@moz-6kjabm.ca.comcast.net)
[04:31:11] *** Quits: pcwalton (pcwalton@moz-6kjabm.ca.comcast.net) (Client exited)
[04:33:49] *** Quits: Andoriyu (Andoriyu@moz-a9o6ej.res.rr.com) (Quit: My MacBook Pro has gone to sleep. ZZZzzz…)
[04:43:23] *** Quits: Shackra (Jorge@moz-7bh.ng6.177.186.IP) (Ping timeout: 121 seconds)
[04:49:00] *** Joins: Andoriyu (Andoriyu@moz-a9o6ej.res.rr.com)
[05:04:53] *** Quits: O01eg (o01eg@moz-9j5moc.guco.qgre.2698.2a02.IP) (Client exited)
[05:23:52] *** Quits: Andoriyu (Andoriyu@moz-a9o6ej.res.rr.com) (Quit: My MacBook Pro has gone to sleep. ZZZzzz…)
[05:28:51] *** Joins: p1start (p1start@moz-nftjhe.org)
[05:30:09] *** Quits: panicbit (panicbit@moz-nruh6i.dip0.t-ipconnect.de) (Ping timeout: 121 seconds)
[05:31:42] *** Joins: panicbit (panicbit@moz-nruh6i.dip0.t-ipconnect.de)
[05:35:14] *** Joins: Andoriyu (Andoriyu@moz-a9o6ej.res.rr.com)
[05:44:40] *** Quits: p1start (p1start@moz-nftjhe.org) (Ping timeout: 121 seconds)
[05:45:42] *** Quits: Andoriyu (Andoriyu@moz-a9o6ej.res.rr.com) (Quit: My MacBook Pro has gone to sleep. ZZZzzz…)
[05:50:03] *** Joins: Andoriyu (Andoriyu@moz-a9o6ej.res.rr.com)
[05:50:06] *** Quits: Andoriyu (Andoriyu@moz-a9o6ej.res.rr.com) (Quit: Textual IRC Client: www.textualapp.com)
[05:51:16] *** Joins: zyphrus (David@moz-ba5.pas.98.101.IP)
[06:12:15] *** Quits: Tobba (Tobba@moz-o13d22.bredband.telia.com) (Ping timeout: 121 seconds)
[06:16:37] *** Joins: p1start (p1start@moz-nftjhe.org)
[06:17:50] *** Joins: Pierre_M (Pierre_M@moz-b84gag.slkc.qwest.net)
[06:24:59] *** Quits: p32blo (p32blo@moz-q4be0s.public.wayport.net) (Ping timeout: 121 seconds)
[06:28:45] *** Joins: bgamari (bgamari@moz-lflj1l.hsi7.kabel-badenwuerttemberg.de)
[06:31:56] *** Joins: swgillespie (swgillespie@moz-rn1.vmq.232.104.IP)
[06:36:48] *** Quits: bgamari (bgamari@moz-lflj1l.hsi7.kabel-badenwuerttemberg.de) (Quit: ZNC - http://znc.in)
[06:53:29] *** Quits: Pierre_M (Pierre_M@moz-b84gag.slkc.qwest.net) (Ping timeout: 121 seconds)
[06:59:24] *** Joins: p32blo (p32blo@moz-q4be0s.public.wayport.net)
[07:15:08] *** Quits: eckhardt (eckhardt@moz-0b0.bm2.248.98.IP) (Connection closed)
[07:21:29] *** Joins: bjz (bjz@moz-0j4.2c9.87.203.IP)
[07:24:23] *** Joins: bgamari (bgamari@moz-lflj1l.hsi7.kabel-badenwuerttemberg.de)
[07:31:42] *** Quits: swgillespie (swgillespie@moz-rn1.vmq.232.104.IP) (Quit: My MacBook Pro has gone to sleep. ZZZzzz…)
[07:42:26] *** Quits: tyoverby (tyoverby@moz-6j5btl.5757.jufb.0602.2601.IP) (Ping timeout: 121 seconds)
[07:47:07] *** Joins: dlight (dlight@moz-rf6.ba6.135.177.IP)
[07:53:23] *** Joins: gleb (gleb@moz-3u1drv.rusanovka-net.kiev.ua)
[08:10:07] *** Joins: O01eg (o01eg@moz-lck.38l.112.37.IP)
[08:26:00] *** Quits: bjz (bjz@moz-0j4.2c9.87.203.IP) (Quit: My Mac has gone to sleep. ZZZzzz…)
[08:27:08] *** Joins: bjz (bjz@moz-0j4.2c9.87.203.IP)
[08:29:27] *** Quits: bjz (bjz@moz-0j4.2c9.87.203.IP) (Quit: My Mac has gone to sleep. ZZZzzz…)
[08:39:32] *** Joins: killercup (killercup@moz-4u70ka.dip0.t-ipconnect.de)
[09:24:57] *** Quits: O01eg (o01eg@moz-lck.38l.112.37.IP) (A TLS packet with unexpected length was received.)
[09:31:58] *** Joins: bjz (bjz@moz-puppgq.tpgi.com.au)
[10:48:12] *** Joins: O01eg (o01eg@moz-hiuuaa.c1k8.qgre.2698.2a02.IP)
[10:50:03] *** Joins: FerrousOxide_ (FerrousOxid@moz-c9q.l3k.113.74.IP)
[10:52:57] *** Quits: FerrousOxide (FerrousOxid@moz-c9q.l3k.113.74.IP) (Ping timeout: 121 seconds)
[11:03:42] *** Quits: zyphrus (David@moz-ba5.pas.98.101.IP) (Ping timeout: 121 seconds)
[11:04:20] *** Joins: chills42 (chills42@moz-hh7e7a.hfc.comcastbusiness.net)
[11:04:54] *** Quits: p1start (p1start@moz-nftjhe.org) (Ping timeout: 121 seconds)
[11:05:26] *** Quits: chills42 (chills42@moz-hh7e7a.hfc.comcastbusiness.net) (Connection closed)
[11:05:34] *** Joins: chills42 (chills42@moz-hh7e7a.hfc.comcastbusiness.net)
[11:42:10] *** Joins: ijks (ijks@moz-5rif0h.dynamic.ziggo.nl)
[11:55:14] *** Joins: p1start (p1start@moz-nftjhe.org)
[11:59:52] *** Quits: p1start (p1start@moz-nftjhe.org) (Ping timeout: 121 seconds)
[12:20:25] *** Joins: duncan (pwoolcock@moz-dst.ms6.225.173.IP)
[12:25:54] *** Joins: Tobba (Tobba@moz-o13d22.bredband.telia.com)
[13:09:35] *** Joins: tyoverby (tyoverby@moz-3tasd2.5757.jufb.0602.2601.IP)
[13:39:22] *** Quits: Kingsquee (kingsley@moz-k72lip.bchsia.telus.net) (Quit: Konversation terminated!)
[13:43:13] *** Quits: dlight (dlight@moz-rf6.ba6.135.177.IP) (A TLS packet with unexpected length was received.)
[13:57:37] *** Joins: barosl (barosl@moz-tmp.qma.67.220.IP)
[14:02:51] *** Quits: dustinm` (dustinm@moz-1c1j82.fu2o.sj0n.5300.2607.IP) (Ping timeout: 121 seconds)
[14:03:43] *** Quits: Siyo (Siyo@moz-dm4.ko9.32.178.IP) (Ping timeout: 121 seconds)
[14:04:18] *** Quits: andor (andor@moz-vmf87u.aft4.r2sr.41d0.2001.IP) (Ping timeout: 121 seconds)
[14:04:52] *** Quits: SaberUK (saberuk@moz-ojjikv.testificate.com) (Ping timeout: 121 seconds)
[14:04:56] *** Quits: Fill (Fill@moz-6ugdjj.kimsufi.com) (Ping timeout: 121 seconds)
[14:05:31] *** Quits: kaeso (kaeso@moz-5in.hgi.31.176.IP) (Ping timeout: 121 seconds)
[14:06:20] *** Joins: kaeso (kaeso@moz-jetf3a.unstable.it)
[14:06:20] *** Joins: Fill (Fill@moz-52u.6gg.187.37.IP)
[14:06:23] *** Joins: Siyo (Siyo@moz-dm4.ko9.32.178.IP)
[14:06:25] *** Quits: KokaKiwi (kokakiwi@moz-cagds5.kokakiwi.net) (Ping timeout: 121 seconds)
[14:06:53] *** Joins: andor (andor@moz-tr8hdg.neferty.me)
[14:06:59] *** Joins: SaberUK (saberuk@moz-ojjikv.testificate.com)
[14:07:22] *** Joins: Pierre_M (Pierre_M@moz-g3a.5hf.152.12.IP)
[14:07:29] *** Joins: KokaKiwi (kokakiwi@moz-b3f.f4b.39.5.IP)
[14:08:27] *** Joins: Pierre_M_ (Pierre_M@moz-b84gag.slkc.qwest.net)
[14:09:40] *** Quits: chills42 (chills42@moz-hh7e7a.hfc.comcastbusiness.net) (Connection closed)
[14:11:26] *** Quits: Pierre_M (Pierre_M@moz-g3a.5hf.152.12.IP) (Ping timeout: 121 seconds)
[14:26:12] *** Quits: p32blo (p32blo@moz-q4be0s.public.wayport.net) (Ping timeout: 121 seconds)
[14:30:55] *** Quits: ijks (ijks@moz-5rif0h.dynamic.ziggo.nl) (Connection closed)
[14:44:11] *** Joins: chills42 (chills42@moz-hh7e7a.hfc.comcastbusiness.net)
[14:50:47] *** Joins: neal (neal@moz-of66u9.ca.comcast.net)
[14:54:48] *** Joins: dustinm` (dustinm@moz-es6jb7.ip-167-114-152.net)
[14:56:28] *** Quits: tyoverby (tyoverby@moz-3tasd2.5757.jufb.0602.2601.IP) (Ping timeout: 121 seconds)
[15:02:06] *** Quits: iamstef (sid12605@moz-4gn2ib.highgate.irccloud.com) (Connection closed)
[15:02:07] *** Quits: dherman (sid7996@moz-8ucipu.highgate.irccloud.com) (Connection closed)
[15:02:07] *** Quits: rdgawdzi (sid91768@moz-mt7qcd.highgate.irccloud.com) (Connection closed)
[15:02:07] *** Quits: fpauser (sid44549@moz-k05e10.highgate.irccloud.com) (Connection closed)
[15:30:38] *** Quits: killercup (killercup@moz-4u70ka.dip0.t-ipconnect.de) (Quit: My Mac has gone to sleep. ZZZzzz…)
[15:36:49] *** Joins: brson (brson@moz-u3dg2t.sfo1.mozilla.com)
[15:39:53] *** Joins: Shackra (Jorge@moz-7bh.ng6.177.186.IP)
[15:44:50] *** Quits: Quxxy (chatzilla@moz-0nv.jkp.167.59.IP) (Connection closed)
[15:46:06] *** Joins: Quxxy (chatzilla@moz-efh10q.internode.on.net)
[15:52:31] *** Joins: dherman (sid7996@moz-8ucipu.highgate.irccloud.com)
[16:03:08] *** Quits: Soni (SoniEx2@moz-732.fod.29.189.IP) (Quit: Leaving)
[16:07:43] *** Joins: iamstef (sid12605@moz-4gn2ib.highgate.irccloud.com)
[16:13:22] *** Quits: cstrahan (sid36118@moz-emm743.tooting.irccloud.com) (A TLS packet with unexpected length was received.)
[16:13:22] *** Quits: kamalmarhubi (sid26581@moz-ugbe40.tooting.irccloud.com) (Connection closed)
[16:13:22] *** Quits: jack (sid19593@moz-81tj3u.tooting.irccloud.com) (Connection closed)
[16:18:01] *** Quits: chills42 (chills42@moz-hh7e7a.hfc.comcastbusiness.net) (Connection closed)
[16:19:47] *** Joins: chills42 (chills42@moz-hh7e7a.hfc.comcastbusiness.net)
[16:31:06] *** Joins: jack (sid19593@moz-81tj3u.tooting.irccloud.com)
[16:33:22] *** Quits: WindowsBunny (Peter@moz-vlal7g.east.verizon.net) (Ping timeout: 121 seconds)
[16:37:41] *** Joins: WindowsBunny (Peter@moz-vlal7g.east.verizon.net)
[16:40:18] *** Joins: fpauser (sid44549@moz-k05e10.highgate.irccloud.com)
[16:40:53] *** Joins: kamalmarhubi (sid26581@moz-ugbe40.tooting.irccloud.com)
[16:45:32] *** Joins: cstrahan (sid36118@moz-emm743.tooting.irccloud.com)
[17:05:13] *** Quits: neal (neal@moz-of66u9.ca.comcast.net) (Quit: My Mac has gone to sleep. ZZZzzz…)
[17:08:28] *** Joins: p32blo (p32blo@moz-q4be0s.public.wayport.net)
[17:09:52] *** Joins: eckhardt (eckhardt@moz-qsmcm5.hq.squareup.com)
[17:09:58] *** Quits: eckhardt (eckhardt@moz-qsmcm5.hq.squareup.com) (Connection closed)
[17:10:04] *** Joins: eckhardt (eckhardt@moz-qsmcm5.hq.squareup.com)
[17:10:09] *** Joins: rdgawdzi (sid91768@moz-mt7qcd.highgate.irccloud.com)
[17:15:35] *** Quits: chills42 (chills42@moz-hh7e7a.hfc.comcastbusiness.net) (Connection closed)
[17:15:52] *** Joins: chills42 (chills42@moz-hh7e7a.hfc.comcastbusiness.net)
[17:17:46] *** Joins: pcwalton (pcwalton@moz-l8ebtf.sfo1.mozilla.com)
[17:22:34] *** Joins: filsmick (filsmick@moz-q1f2v0.abo.wanadoo.fr)
[17:24:50] *** Quits: p32blo (p32blo@moz-q4be0s.public.wayport.net) (Ping timeout: 121 seconds)
[17:34:47] *** Quits: filsmick (filsmick@moz-q1f2v0.abo.wanadoo.fr) (Quit: )
[17:51:08] *** Quits: chills42 (chills42@moz-hh7e7a.hfc.comcastbusiness.net) (Connection closed)
[17:59:52] *** Joins: chills42 (chills42@moz-hh7e7a.hfc.comcastbusiness.net)
[18:07:46] *** Quits: barosl (barosl@moz-tmp.qma.67.220.IP) (Quit: Leaving)
[18:33:22] *** Joins: barosl (barosl@moz-tmp.qma.67.220.IP)
[18:38:53] *** Quits: Quxxy (chatzilla@moz-efh10q.internode.on.net) (Ping timeout: 121 seconds)
[18:43:36] <chills42> Is it possible to ask cargo to run tests for all of your dependencies as well as your project?
[18:44:09] <chills42> I was hoping to find something like cargo test --all
[18:48:43] <mbrubeck> chills42: You can do `cargo test -p foo` to test one of your dependencies, but there's no built-in way to do all of them at once, as far as I know.
[18:50:30] <chills42> hmm, that's not too bad, I'd love to have a complete test... it could be a great sanity check if something breaks after an update.
[18:55:22] *** Joins: tyoverby (tyoverby@moz-3tasd2.5757.jufb.0602.2601.IP)
[18:55:59] *** Joins: p32blo (p32blo@moz-j3o3n4.public.utexas.edu)
[19:01:30] *** Joins: swgillespie (swgillespie@moz-qb3.04d.220.167.IP)
[19:04:46] *** Quits: brson (brson@moz-u3dg2t.sfo1.mozilla.com) (Quit: leaving)
[19:05:28] *** Joins: Guest8 (textual@moz-of66u9.ca.comcast.net)
[19:05:45] *** Parts: duncan (pwoolcock@moz-dst.ms6.225.173.IP) ()
[19:12:19] *** Quits: p32blo (p32blo@moz-j3o3n4.public.utexas.edu) (Ping timeout: 121 seconds)
[19:15:50] *** Joins: qrlpx (smuxi@moz-n7t.3nb.211.95.IP)
[19:31:17] *** Joins: p1start (p1start@moz-nftjhe.org)
[19:37:13] *** Joins: p32blo (p32blo@moz-jsut19.public.utexas.edu)
[19:46:04] *** Quits: p1start (p1start@moz-nftjhe.org) (Ping timeout: 121 seconds)
[19:48:29] *** Joins: Pierre_M__ (Pierre_M@moz-g3a.5hf.152.12.IP)
[19:52:00] *** Quits: Pierre_M_ (Pierre_M@moz-b84gag.slkc.qwest.net) (Ping timeout: 121 seconds)
[19:58:17] *** Quits: pcwalton (pcwalton@moz-l8ebtf.sfo1.mozilla.com) (Client exited)
[19:59:00] *** Joins: brson (brson@moz-u3dg2t.sfo1.mozilla.com)
[20:05:56] *** Quits: swgillespie (swgillespie@moz-qb3.04d.220.167.IP) (Quit: My MacBook Pro has gone to sleep. ZZZzzz…)
[20:08:00] *** Quits: chills42 (chills42@moz-hh7e7a.hfc.comcastbusiness.net) (Connection closed)
[20:18:33] *** Joins: ijks (ijks@moz-5rif0h.dynamic.ziggo.nl)
[20:20:42] *** Joins: neal (neal@moz-of66u9.ca.comcast.net)
[20:20:58] *** Quits: ijks (ijks@moz-5rif0h.dynamic.ziggo.nl) (Quit: Leaving)
[20:21:10] *** Joins: ijks (ijks@moz-5rif0h.dynamic.ziggo.nl)
[20:24:34] *** Quits: ijks (ijks@moz-5rif0h.dynamic.ziggo.nl) (Quit: Leaving)
[20:24:38] *** Joins: ijks (ijks@moz-5rif0h.dynamic.ziggo.nl)
[20:38:01] *** Quits: neal (neal@moz-of66u9.ca.comcast.net) (Quit: My Mac has gone to sleep. ZZZzzz…)
[20:43:31] *** Joins: Pierre_M_ (Pierre_M@moz-b84gag.slkc.qwest.net)
[20:46:26] *** Quits: Pierre_M__ (Pierre_M@moz-g3a.5hf.152.12.IP) (Ping timeout: 121 seconds)
[20:49:04] *** Joins: neal (neal@moz-of66u9.ca.comcast.net)
[21:03:31] *** Quits: neal (neal@moz-of66u9.ca.comcast.net) (Quit: My Mac has gone to sleep. ZZZzzz…)
[21:03:33] *** Joins: zyphrus (David@moz-ba5.pas.98.101.IP)
[21:40:47] *** Joins: swgillespie (swgillespie@moz-qb3.04d.220.167.IP)
[21:49:01] *** Joins: neal (neal@moz-of66u9.ca.comcast.net)
[21:52:18] *** Quits: Guest8 (textual@moz-of66u9.ca.comcast.net) (Connection closed)
[21:52:18] *** Quits: neal (neal@moz-of66u9.ca.comcast.net) (Connection closed)
[21:52:47] *** Joins: Guest8 (textual@moz-of66u9.ca.comcast.net)
[22:20:11] *** Quits: swgillespie (swgillespie@moz-qb3.04d.220.167.IP) (Quit: My MacBook Pro has gone to sleep. ZZZzzz…)
[22:23:07] *** Quits: brson (brson@moz-u3dg2t.sfo1.mozilla.com) (Quit: leaving)
[22:43:52] *** Quits: gleb (gleb@moz-3u1drv.rusanovka-net.kiev.ua) (Ping timeout: 121 seconds)
[22:48:18] *** Joins: killercup (killercup@moz-4u70ka.dip0.t-ipconnect.de)
[22:49:27] *** Quits: tyoverby (tyoverby@moz-3tasd2.5757.jufb.0602.2601.IP) (Ping timeout: 121 seconds)
[22:50:03] *** Joins: pcwalton (pcwalton@moz-l8ebtf.sfo1.mozilla.com)
[22:56:43] *** Quits: bjz (bjz@moz-puppgq.tpgi.com.au) (Quit: My Mac has gone to sleep. ZZZzzz…)
[23:05:36] *** Quits: nonsensickle_ (nonsensickl@moz-4v0.gkd.16.182.IP) (Connection closed)
[23:07:20] *** Joins: nonsensickle (nonsensickl@moz-4v0.gkd.16.182.IP)
[23:09:13] *** Quits: zyphrus (David@moz-ba5.pas.98.101.IP) (Ping timeout: 121 seconds)
[23:09:55] *** Joins: swgillespie (swgillespie@moz-qb3.04d.220.167.IP)
[23:18:53] *** Quits: ijks (ijks@moz-5rif0h.dynamic.ziggo.nl) (Connection closed)
[23:21:42] *** Joins: zyphrus (David@moz-ba5.pas.98.101.IP)
[23:25:39] *** Quits: killercup (killercup@moz-4u70ka.dip0.t-ipconnect.de) (Quit: Bye)
[23:27:56] *** Quits: swgillespie (swgillespie@moz-qb3.04d.220.167.IP) (Quit: My MacBook Pro has gone to sleep. ZZZzzz…)
[23:28:36] *** Quits: Pierre_M_ (Pierre_M@moz-b84gag.slkc.qwest.net) (Quit: Leaving)
[23:42:13] *** Joins: swgillespie (swgillespie@moz-qb3.04d.220.167.IP)
[23:48:02] *** Quits: swgillespie (swgillespie@moz-qb3.04d.220.167.IP) (Quit: Textual IRC Client: www.textualapp.com)
[23:55:24] *** Quits: FerrousOxide_ (FerrousOxid@moz-c9q.l3k.113.74.IP) (Quit: Leaving)
