[00:14:28] <cmr> edunham: what's your preferred config managment tool?
[00:16:08] *** Quits: Tobba (Tobba@moz-o13d22.bredband.telia.com) (Ping timeout: 121 seconds)
[00:18:48] *** Joins: Tobba (Tobba@moz-o13d22.bredband.telia.com)
[00:45:46] <edunham> cmr: depends on the context. I've been quite enamoured with Ansible for simple stuff lately, but there are benefits to its more mature competitors as well
[00:46:10] <cmr> I've also been on an Ansible bent.
[00:46:24] <cmr> The CS labs here desparately need config management and I'm trying to push Ansible through
[00:46:42] <edunham> nice :)
[00:47:27] <edunham> I imagine it'd be a bit easier to sell to an old-school sysadmin with the exaplanation of "you just automated the commands for which you used to manually remote in" vs convincing them to add a daemon to all the hosts
[00:47:57] <edunham> I mean, technically Ansible wants Python >2.5ish installed, but I rarely encounter machines that didn't already need a recent Python for something anyway
[00:53:38] <edunham> I'm actually looking at which tool would be best for the Rust infrastructure and it's basically down to Ansible vs Salt, because "easy for new contributors to learn" and "relatively readable source, just in case" are high on my list of priorities
[01:30:30] *** Quits: Tobba (Tobba@moz-o13d22.bredband.telia.com) (Connection closed)
[01:31:31] *** Joins: Tobba (Tobba@moz-o13d22.bredband.telia.com)
[02:02:34] *** Quits: Tobba (Tobba@moz-o13d22.bredband.telia.com) (Ping timeout: 121 seconds)
[04:32:55] *** Joins: achanda (achanda@moz-6gu.gg6.21.113.IP)
[04:55:00] *** Quits: achanda (achanda@moz-6gu.gg6.21.113.IP) (Connection closed)
[05:13:08] *** Joins: achanda (achanda@moz-u9n.81o.66.182.IP)
[05:22:27] *** Joins: achanda_ (achanda@moz-u9n.81o.66.182.IP)
[05:22:33] *** Quits: achanda (achanda@moz-u9n.81o.66.182.IP) (Connection closed)
[05:26:41] *** Quits: achanda_ (achanda@moz-u9n.81o.66.182.IP) (Ping timeout: 121 seconds)
[06:18:53] *** Joins: achanda (achanda@moz-u9n.81o.66.182.IP)
[07:02:23] *** Quits: achanda (achanda@moz-u9n.81o.66.182.IP) (Connection closed)
[07:06:45] *** Joins: Viewtiful (Viewtiful@moz-eub.afi.30.89.IP)
[07:11:07] *** Joins: achanda (achanda@moz-6gu.gg6.21.113.IP)
[07:17:39] *** Quits: achanda (achanda@moz-6gu.gg6.21.113.IP) (Connection closed)
[07:42:01] *** Joins: bluss (bluss@moz-ec5o68.cust.bredbandsbolaget.se)
[08:09:01] *** Joins: gleb (gleb@moz-3u1drv.rusanovka-net.kiev.ua)
[08:14:39] *** Joins: achanda (achanda@moz-6gu.gg6.21.113.IP)
[08:27:53] *** Quits: gleb (gleb@moz-3u1drv.rusanovka-net.kiev.ua) (Connection closed)
[08:29:42] *** Quits: achanda (achanda@moz-6gu.gg6.21.113.IP) (Connection closed)
[08:30:07] *** Joins: achanda (achanda@moz-goj.qjv.66.182.IP)
[08:31:21] *** Joins: gleb (gleb@moz-3u1drv.rusanovka-net.kiev.ua)
[08:34:26] *** Quits: achanda (achanda@moz-goj.qjv.66.182.IP) (Ping timeout: 121 seconds)
[08:45:47] *** Quits: Viewtiful (Viewtiful@moz-eub.afi.30.89.IP) (Connection closed)
[08:48:57] *** Joins: achanda (achanda@moz-5av.06e.66.182.IP)
[08:56:07] *** Quits: achanda (achanda@moz-5av.06e.66.182.IP) (Ping timeout: 121 seconds)
[08:57:28] *** Joins: achanda (achanda@moz-5av.06e.66.182.IP)
[09:01:05] *** Joins: Viewtiful (Viewtiful@moz-eub.afi.30.89.IP)
[09:03:30] *** Quits: achanda (achanda@moz-5av.06e.66.182.IP) (Ping timeout: 121 seconds)
[09:31:29] *** Joins: achanda (achanda@moz-5av.06e.66.182.IP)
[09:34:01] *** Quits: achanda (achanda@moz-5av.06e.66.182.IP) (Connection closed)
[09:37:44] *** Joins: achanda (achanda@moz-6gu.gg6.21.113.IP)
[09:53:47] *** Quits: achanda (achanda@moz-6gu.gg6.21.113.IP) (Ping timeout: 121 seconds)
[09:55:57] *** Joins: achanda (achanda@moz-6gu.gg6.21.113.IP)
[10:25:49] *** Quits: Viewtiful (Viewtiful@moz-eub.afi.30.89.IP) (Connection closed)
[10:28:00] *** Quits: achanda (achanda@moz-6gu.gg6.21.113.IP) (Ping timeout: 121 seconds)
[10:33:21] *** Joins: achanda (achanda@moz-6gu.gg6.21.113.IP)
[10:38:16] *** Joins: Viewtiful (Viewtiful@moz-eub.afi.30.89.IP)
[10:42:24] *** Quits: achanda (achanda@moz-6gu.gg6.21.113.IP) (Ping timeout: 121 seconds)
[10:43:32] *** Joins: achanda (achanda@moz-6gu.gg6.21.113.IP)
[10:52:10] *** Quits: achanda (achanda@moz-6gu.gg6.21.113.IP) (Connection closed)
[12:27:29] *** Joins: Tobba (Tobba@moz-o13d22.bredband.telia.com)
[12:54:29] *** Joins: achanda (achanda@moz-6gu.gg6.21.113.IP)
[13:19:39] *** Quits: achanda (achanda@moz-6gu.gg6.21.113.IP) (Ping timeout: 121 seconds)
[13:20:47] *** Joins: achanda (achanda@moz-jgn.23m.66.182.IP)
[13:25:02] *** Quits: achanda (achanda@moz-jgn.23m.66.182.IP) (Ping timeout: 121 seconds)
[13:46:37] *** Parts: bluss (bluss@moz-ec5o68.cust.bredbandsbolaget.se) ()
[14:12:08] *** Joins: achanda (achanda@moz-jgn.23m.66.182.IP)
[14:18:26] *** Quits: achanda (achanda@moz-jgn.23m.66.182.IP) (Connection closed)
[14:56:08] *** Joins: achanda (achanda@moz-qo1.5g1.66.182.IP)
[15:01:12] *** Quits: achanda (achanda@moz-qo1.5g1.66.182.IP) (Ping timeout: 121 seconds)
[15:46:05] *** Joins: brson (brson@moz-cfhap5.mtv2.mozilla.com)
[15:46:05] *** ChanServ sets mode: +ao brson brson
[15:56:50] *** Quits: Viewtiful (Viewtiful@moz-eub.afi.30.89.IP) (Connection closed)
[16:06:45] *** Joins: Viewtiful (Viewtiful@moz-eub.afi.30.89.IP)
[16:16:06] *** Joins: achanda (achanda@moz-qo1.5g1.66.182.IP)
[16:41:06] *** Quits: achanda (achanda@moz-qo1.5g1.66.182.IP) (Connection closed)
[16:45:34] *** Joins: achanda (achanda@moz-6gu.gg6.21.113.IP)
[17:28:02] *** Quits: Viewtiful (Viewtiful@moz-eub.afi.30.89.IP) (Connection closed)
[17:59:19] *** Joins: achanda_ (achanda@moz-krs.qjv.66.182.IP)
[18:01:36] *** Quits: achanda (achanda@moz-6gu.gg6.21.113.IP) (Ping timeout: 121 seconds)
[18:26:00] <brson> acrichto: aws admins should be able to see billing info now
[18:32:23] *** Quits: achanda_ (achanda@moz-krs.qjv.66.182.IP) (Ping timeout: 121 seconds)
[18:41:03] *** Joins: achanda (achanda@moz-krs.qjv.66.182.IP)
[18:45:18] *** Quits: achanda (achanda@moz-krs.qjv.66.182.IP) (Ping timeout: 121 seconds)
[20:50:52] *** Joins: achanda (achanda@moz-krs.qjv.66.182.IP)
[20:56:00] *** Quits: achanda (achanda@moz-krs.qjv.66.182.IP) (Ping timeout: 121 seconds)
[21:25:26] *** Quits: mib_q9jp5e (Mibbit@moz-g6k.oht.161.46.IP) (Quit: http://www.mibbit.com ajax IRC Client)
[21:31:49] <acrichto> brson: oh excellent
[21:51:30] *** Joins: achanda (achanda@moz-krs.qjv.66.182.IP)
[21:56:34] *** Quits: achanda (achanda@moz-krs.qjv.66.182.IP) (Ping timeout: 121 seconds)
[21:59:03] *** Joins: achanda (achanda@moz-krs.qjv.66.182.IP)
[22:08:27] *** Quits: achanda (achanda@moz-krs.qjv.66.182.IP) (Connection closed)
[23:02:32] *** Quits: gleb (gleb@moz-3u1drv.rusanovka-net.kiev.ua) (Ping timeout: 121 seconds)
[23:06:15] *** Quits: brson (brson@moz-cfhap5.mtv2.mozilla.com) (Quit: leaving)
[23:06:44] *** Joins: brson (brson@moz-esl.4cu.229.94.IP)
[23:06:44] *** ChanServ sets mode: +ao brson brson
