[00:00:48] *** Joins: reem (reem@moz-rnqk15.ca.comcast.net)
[00:02:53] *** Joins: reem_ (reem@moz-rnqk15.ca.comcast.net)
[00:04:15] *** Quits: reem (reem@moz-rnqk15.ca.comcast.net) (Connection closed)
[00:11:23] *** Quits: brson (brson@moz-cfhap5.mtv2.mozilla.com) (Quit: leaving)
[00:11:52] *** Joins: brson (brson@moz-o67.m43.48.37.IP)
[00:21:36] *** Quits: reem_ (reem@moz-rnqk15.ca.comcast.net) (Connection closed)
[00:22:32] *** Joins: reem (reem@moz-2icmmi.ca.comcast.net)
[00:23:50] *** Joins: dougxxx (dougxxx@moz-0js00c.iinet.net.au)
[00:26:34] *** Quits: reem (reem@moz-2icmmi.ca.comcast.net) (Ping timeout: 121 seconds)
[00:29:52] *** Quits: c74d (c74d3a4ebb6@moz-0ersgu.oc.cox.net) (Ping timeout: 121 seconds)
[00:33:51] *** Joins: qrlpx (smuxi@moz-d3udu6.dip0.t-ipconnect.de)
[00:33:52] *** Quits: qrlpx_ (smuxi@moz-j7phbl.dip0.t-ipconnect.de) (Ping timeout: 121 seconds)
[00:41:51] *** Joins: {-}grant ({0}grant@moz-63ubas.in.charter.com)
[00:42:03] *** Quits: JanC__ (janc@moz-jfppkm.dsl.scarlet.be) (Ping timeout: 121 seconds)
[00:54:13] *** Quits: pcwalton (pcwalton@moz-6kjabm.ca.comcast.net) (Client exited)
[00:56:04] *** Joins: JanC__ (janc@moz-bn6ma6.dsl.scarlet.be)
[00:57:21] *** Joins: panicbit (panicbit@moz-gg7i2b.dip0.t-ipconnect.de)
[00:58:48] *** Quits: brson (brson@moz-o67.m43.48.37.IP) (Quit: leaving)
[01:00:38] *** Joins: Johannes_ (Johannes@moz-4et8d7.ocn.ne.jp)
[01:03:12] *** Quits: Manishearth (manishearth@moz-8puj7k.net) (Quit: Lost terminal)
[01:04:15] *** Quits: Johannes (Johannes@moz-4et8d7.ocn.ne.jp) (Ping timeout: 121 seconds)
[01:05:03] *** Quits: swgillespie (swgillespie@moz-upj.3un.220.167.IP) (Quit: My MacBook Pro has gone to sleep. ZZZzzz…)
[01:06:54] *** Joins: Manishearth (manishearth@moz-8puj7k.net)
[01:20:44] *** Quits: {-}grant ({0}grant@moz-63ubas.in.charter.com) (Connection closed)
[01:21:19] *** Joins: {-}grant ({0}grant@moz-63ubas.in.charter.com)
[01:24:21] *** Joins: reem (reem@moz-o83ume.coob.q2h1.0009.2601.IP)
[01:39:59] *** Quits: Rym_ (y@moz-859.d1r.39.217.IP) (Connection closed)
[01:40:18] *** Joins: Rym_ (y@moz-859.d1r.39.217.IP)
[01:55:25] *** Quits: eibwen (eibwen@moz-eknsl2.dip0.t-ipconnect.de) (Ping timeout: 121 seconds)
[02:00:36] *** Joins: Torun (Torun@moz-3kfsot.dip0.t-ipconnect.de)
[02:07:31] *** Joins: Rym (y@moz-859.d1r.39.217.IP)
[02:08:01] *** Quits: Rym_ (y@moz-859.d1r.39.217.IP) (Connection closed)
[02:12:21] *** Joins: larsberg (sid16141@moz-fnneme.uxbridge.irccloud.com)
[02:30:35] *** Quits: Johannes_ (Johannes@moz-4et8d7.ocn.ne.jp) (Connection closed)
[02:30:57] *** Joins: Johannes (Johannes@moz-4et8d7.ocn.ne.jp)
[02:41:46] *** Joins: dcb (textual@moz-j72nfe.ca.comcast.net)
[02:44:14] *** Quits: panicbit (panicbit@moz-gg7i2b.dip0.t-ipconnect.de) (Ping timeout: 121 seconds)
[03:06:34] *** Joins: brson (brson@moz-9bc.c9m.56.172.IP)
[03:23:56] *** Joins: pcwalton (pcwalton@moz-6kjabm.ca.comcast.net)
[03:25:15] *** Joins: ytain (ytain@moz-44k.q8p.140.24.IP)
[03:29:56] *** Quits: pcwalton (pcwalton@moz-6kjabm.ca.comcast.net) (Ping timeout: 121 seconds)
[03:33:17] *** Quits: kimundi (kimundi@moz-r03hcq.dip0.t-ipconnect.de) (Ping timeout: 121 seconds)
[03:33:28] *** Joins: TorunR (Torun@moz-nnfvre.dip0.t-ipconnect.de)
[03:34:46] *** Joins: kimundi (kimundi@moz-51c9op.dip0.t-ipconnect.de)
[03:35:30] *** Joins: c74d (c74d3a4ebb6@moz-0ersgu.oc.cox.net)
[03:36:45] *** Quits: Torun (Torun@moz-3kfsot.dip0.t-ipconnect.de) (Ping timeout: 121 seconds)
[03:38:28] *** Quits: brson (brson@moz-9bc.c9m.56.172.IP) (Quit: leaving)
[03:38:46] *** kimundi is now known as zz_kimundi
[03:43:20] *** Joins: tWS (Jones@moz-tfq3hj.albq.qwest.net)
[03:45:06] *** Joins: pcwalton (pcwalton@moz-6kjabm.ca.comcast.net)
[03:45:40] *** zz_kimundi is now known as kimundi
[03:46:41] *** Quits: psd (psd@moz-acc.mpg.78.202.IP) (Ping timeout: 121 seconds)
[03:51:07] *** Quits: pcwalton (pcwalton@moz-6kjabm.ca.comcast.net) (Ping timeout: 121 seconds)
[03:52:17] *** Joins: pcwalton (pcwalton@moz-6kjabm.ca.comcast.net)
[04:09:24] *** Quits: reem (reem@moz-o83ume.coob.q2h1.0009.2601.IP) (Connection closed)
[04:13:32] *** Joins: reem (reem@moz-o83ume.coob.q2h1.0009.2601.IP)
[04:21:49] *** Quits: qrlpx (smuxi@moz-d3udu6.dip0.t-ipconnect.de) (Connection closed)
[04:23:59] *** Joins: psd (psd@moz-acc.mpg.78.202.IP)
[04:39:23] *** Quits: dcb (textual@moz-j72nfe.ca.comcast.net) (Connection closed)
[04:49:19] *** Quits: ytain (ytain@moz-44k.q8p.140.24.IP) (Quit: Textual IRC Client: www.textualapp.com)
[05:05:01] *** Quits: reem (reem@moz-o83ume.coob.q2h1.0009.2601.IP) (Connection closed)
[05:07:29] *** Joins: reem (reem@moz-o83ume.coob.q2h1.0009.2601.IP)
[05:36:59] *** Quits: O01eg (o01eg@moz-vnl.it5.194.109.IP) (Client exited)
[06:38:32] *** Quits: Gankro (uid71432@moz-sc2bd6.charlton.irccloud.com) (Quit: Connection closed for inactivity)
[06:46:35] *** Joins: killercup (killercup@moz-edmf2j.dip0.t-ipconnect.de)
[06:54:55] *** Quits: killercup (killercup@moz-edmf2j.dip0.t-ipconnect.de) (Ping timeout: 121 seconds)
[07:02:32] *** Joins: _td (tatterdemal@moz-0r62p5.sd.cox.net)
[07:03:31] <_td> Hey. :-) rustc wants me to pass a --explain flag to get a detailed explanation of a bug; is there a way to do this through cargo currently?
[07:05:20] <_td> Oh, well I managed to rustc the code directly and that --explain flag is not actually very useful.
[07:09:28] <Ilari> _td: Yeah, only very few errors seem to have explanations.
[07:10:10] <Yurume> _td: --explain does not need an additional argument, so you can just use rustc.
[07:10:11] <passcod> _td: as a tip, if you cargo with --verbose, you can see the rustc command it runs and then copy it to run yourself. Saves a lot of time :)
[07:10:34] <_td> The error was an unreachable pattern; I thought it would explain why it was unreachable but instead it just explained what an unreachable pattern is.
[07:11:06] <_td> I did end up just running rustc directly.
[07:11:26] <_td> It seemed a lot more valuable to be able to pass --explain from cargo before I found out what the explanation was :)
[07:11:30] <Yurume> we need --explain initiative
[07:37:00] *** Joins: SneakySnake (nya@moz-i9is4u.pool.telekom.hu)
[07:41:09] *** Quits: SneakySnake (nya@moz-i9is4u.pool.telekom.hu) (Quit: Leaving)
[07:42:13] *** Joins: SneakySnake (nya@moz-i9is4u.pool.telekom.hu)
[07:49:08] *** Quits: Shackra (Jorge@moz-7bh.ng6.177.186.IP) (Ping timeout: 121 seconds)
[07:51:00] *** Quits: pcwalton (pcwalton@moz-6kjabm.ca.comcast.net) (Client exited)
[08:07:16] *** Quits: TorunR (Torun@moz-nnfvre.dip0.t-ipconnect.de) (Ping timeout: 121 seconds)
[08:16:54] *** Quits: Rym (y@moz-859.d1r.39.217.IP) (Ping timeout: 121 seconds)
[08:21:37] *** Joins: killercup (killercup@moz-4udt1b.dip0.t-ipconnect.de)
[08:45:06] *** Joins: Rym (y@moz-859.d1r.39.217.IP)
[08:49:31] *** Quits: Rym (y@moz-859.d1r.39.217.IP) (Ping timeout: 121 seconds)
[09:02:37] *** Quits: dougxxx (dougxxx@moz-0js00c.iinet.net.au) (Quit: Leaving...)
[09:11:01] *** Quits: apoelstra (username@moz-pvbasl.net) (Ping timeout: 121 seconds)
[09:14:08] *** Joins: aepsil0n (eduard@moz-s4dovi.73sq.ctqi.8071.2a02.IP)
[09:18:43] *** Quits: reem (reem@moz-o83ume.coob.q2h1.0009.2601.IP) (Connection closed)
[09:22:55] *** Joins: apoelstra (username@moz-pvbasl.net)
[09:39:17] *** Joins: Rym (y@moz-859.d1r.39.217.IP)
[09:43:41] *** Quits: Rym (y@moz-859.d1r.39.217.IP) (Ping timeout: 121 seconds)
[10:01:18] *** Quits: tWS (Jones@moz-tfq3hj.albq.qwest.net) (Ping timeout: 121 seconds)
[10:33:24] *** Joins: Rym (y@moz-859.d1r.39.217.IP)
[10:37:50] *** Quits: Rym (y@moz-859.d1r.39.217.IP) (Ping timeout: 121 seconds)
[11:00:47] *** Joins: DoomBoom (DoomBoom@moz-8j1.k77.252.141.IP)
[11:05:26] *** Joins: Rym (y@moz-859.d1r.39.217.IP)
[11:09:50] *** Quits: Rym (y@moz-859.d1r.39.217.IP) (Ping timeout: 121 seconds)
[11:17:29] *** Quits: _td (tatterdemal@moz-0r62p5.sd.cox.net) (Quit: Leaving)
[11:54:27] *** Joins: bjz (bjz@moz-puppgq.tpgi.com.au)
[11:58:23] *** Quits: killercup (killercup@moz-4udt1b.dip0.t-ipconnect.de) (Quit: Bye)
[11:59:37] *** Joins: Rym (y@moz-859.d1r.39.217.IP)
[12:02:59] *** Quits: psd (psd@moz-acc.mpg.78.202.IP) (Ping timeout: 121 seconds)
[12:04:00] *** Quits: Rym (y@moz-859.d1r.39.217.IP) (Ping timeout: 121 seconds)
[12:07:44] *** Joins: eibwen (eibwen@moz-044opj.dip0.t-ipconnect.de)
[12:19:06] *** Joins: reem (reem@moz-2icmmi.ca.comcast.net)
[12:20:04] *** Joins: psd (psd@moz-02k.av5.215.180.IP)
[12:23:31] *** Quits: reem (reem@moz-2icmmi.ca.comcast.net) (Ping timeout: 121 seconds)
[12:28:13] *** Quits: doener (doener@moz-cpsld2.hsi08.unitymediagroup.de) (Connection closed)
[12:40:33] *** Joins: panicbit (panicbit@moz-gg7i2b.dip0.t-ipconnect.de)
[12:53:34] *** Quits: SneakySnake (nya@moz-i9is4u.pool.telekom.hu) (Quit: Leaving)
[12:53:41] *** Joins: SneakySnake (nya@moz-i9is4u.pool.telekom.hu)
[12:53:44] *** Joins: Rym (y@moz-859.d1r.39.217.IP)
[12:55:40] *** Quits: aepsil0n (eduard@moz-s4dovi.73sq.ctqi.8071.2a02.IP) (Quit: Leaving.)
[12:58:12] *** Quits: Rym (y@moz-859.d1r.39.217.IP) (Ping timeout: 121 seconds)
[13:10:35] *** Quits: psd (psd@moz-02k.av5.215.180.IP) (Ping timeout: 121 seconds)
[13:13:18] *** Joins: ytain (ytain@moz-44k.q8p.140.24.IP)
[13:35:22] *** Joins: psd (psd@moz-acc.mpg.78.202.IP)
[13:47:53] *** Joins: Rym (y@moz-859.d1r.39.217.IP)
[13:52:19] *** Quits: Rym (y@moz-859.d1r.39.217.IP) (Ping timeout: 121 seconds)
[13:56:07] *** Quits: DoomBoom (DoomBoom@moz-8j1.k77.252.141.IP) (Quit: Leaving)
[14:22:36] *** Joins: Gankro (uid71432@moz-sc2bd6.charlton.irccloud.com)
[14:42:02] *** Joins: Rym (y@moz-859.d1r.39.217.IP)
[14:45:26] *** Joins: doener (doener@moz-929cn9.unity-media.net)
[14:46:28] *** Quits: Rym (y@moz-859.d1r.39.217.IP) (Ping timeout: 121 seconds)
[14:52:15] *** Quits: psd (psd@moz-acc.mpg.78.202.IP) (Ping timeout: 121 seconds)
[15:03:46] *** Quits: ytain (ytain@moz-44k.q8p.140.24.IP) (Quit: Textual IRC Client: www.textualapp.com)
[15:06:23] *** Joins: reem (reem@moz-2icmmi.ca.comcast.net)
[15:12:00] *** Joins: pcwalton (pcwalton@moz-6kjabm.ca.comcast.net)
[15:12:19] *** Quits: hebz0rl (hebz0rl@moz-cfcrtj.static.qsc.de) (Connection closed)
[15:12:59] *** Joins: hebz0rl (hebz0rl@moz-cfcrtj.static.qsc.de)
[15:18:58] *** Joins: brson (brson@moz-u3dg2t.sfo1.mozilla.com)
[15:35:31] *** Joins: psd (psd@moz-koo.rh9.203.116.IP)
[15:36:11] *** Joins: Rym (y@moz-859.d1r.39.217.IP)
[15:36:39] *** Joins: O01eg (o01eg@moz-jnir55.0tnt.4n8f.2698.2a02.IP)
[15:40:38] *** Quits: Rym (y@moz-859.d1r.39.217.IP) (Ping timeout: 121 seconds)
[15:49:02] *** Joins: Rym (y@moz-859.d1r.39.217.IP)
[15:55:41] *** Quits: pcwalton (pcwalton@moz-6kjabm.ca.comcast.net) (Client exited)
[15:57:00] *** Joins: StarBrilliant (StarBrillia@moz-0an.l8c.57.36.IP)
[15:57:56] *** Quits: psd (psd@moz-koo.rh9.203.116.IP) (Quit: Leaving)
[15:58:23] *** Quits: StarBrilliant (StarBrillia@moz-0an.l8c.57.36.IP) (Quit: Leaving)
[15:58:34] *** Joins: killercup (killercup@moz-4udt1b.dip0.t-ipconnect.de)
[15:59:34] *** Joins: pcwalton (pcwalton@moz-6kjabm.ca.comcast.net)
[16:11:31] *** Quits: hebz0rl (hebz0rl@moz-cfcrtj.static.qsc.de) (Quit: Leaving)
[16:17:25] *** Joins: glennpratt (glennpratt@moz-neq2gf.dsl-w.verizon.net)
[16:26:53] *** Quits: killercup (killercup@moz-4udt1b.dip0.t-ipconnect.de) (Quit: My Mac has gone to sleep. ZZZzzz…)
[16:29:55] *** Quits: Rym (y@moz-859.d1r.39.217.IP) (Ping timeout: 121 seconds)
[16:56:27] *** Joins: Rym (y@moz-859.d1r.39.217.IP)
[16:59:39] *** Quits: pcwalton (pcwalton@moz-6kjabm.ca.comcast.net) (Client exited)
[17:00:51] *** Quits: Rym (y@moz-859.d1r.39.217.IP) (Ping timeout: 121 seconds)
[17:03:00] *** Joins: pcwalton (pcwalton@moz-6kjabm.ca.comcast.net)
[17:03:55] *** Joins: ytain (ytain@moz-44k.q8p.140.24.IP)
[17:17:21] *** Quits: pcwalton (pcwalton@moz-6kjabm.ca.comcast.net) (Client exited)
[17:22:00] *** Quits: reem (reem@moz-2icmmi.ca.comcast.net) (Connection closed)
[17:22:25] *** Joins: reem (reem@moz-2icmmi.ca.comcast.net)
[17:26:49] *** Quits: reem (reem@moz-2icmmi.ca.comcast.net) (Ping timeout: 121 seconds)
[17:31:31] *** Joins: dudel (dud@moz-55rvi2.dclient.hispeed.ch)
[17:38:16] *** Joins: killercup (killercup@moz-edmf2j.dip0.t-ipconnect.de)
[17:39:30] *** Joins: pcwalton (pcwalton@moz-msl7jr.static-ip.telepacific.net)
[17:50:36] *** Joins: Rym (y@moz-859.d1r.39.217.IP)
[17:55:00] *** Quits: Rym (y@moz-859.d1r.39.217.IP) (Ping timeout: 121 seconds)
[17:58:59] *** Quits: ytain (ytain@moz-44k.q8p.140.24.IP) (Quit: Textual IRC Client: www.textualapp.com)
[18:01:17] *** Joins: Torun (Torun@moz-nnfvre.dip0.t-ipconnect.de)
[18:05:48] *** Joins: reem (reem@moz-gnnetp.coob.q2h1.0009.2601.IP)
[18:12:11] <rovar> is there a section in cargo.toml that allows me to pass flags to the compiler?
[18:19:58] *** Quits: SneakySnake (nya@moz-i9is4u.pool.telekom.hu) (Quit: Leaving)
[18:21:14] <larsberg> rovar: no - https://github.com/rust-lang/cargo/issues/544
[18:21:27] <larsberg> though we might get a 'cargo rustc' command that would let you do it one-off in the future: https://github.com/rust-lang/cargo/issues/595
[18:22:53] <rovar> larsberg, and -C doesn't really exist
[18:24:00] <larsberg> rovar: we (servo and rust devs) tend to replace rustc itself with a shell script so that we can add commands if it's just for one-off stuff
[18:24:23] <larsberg> if it's stuff for the build system, we've worked around the most critical stuff by overriding the linker to be a shell script
[18:24:56] <rovar> oy
[18:25:06] <larsberg> for other flags we want to integrate, we open an individual issue for that flag and see if it is OK to add to cargo
[18:25:28] <rovar> it seems trivial to support a -C at the very least, why the reticence?
[18:26:07] <larsberg> from #544, it sounds like -C should be supported, but not if it allows "-C link-args" which violates some cargo design goals
[18:30:02] *** Quits: pcwalton (pcwalton@moz-msl7jr.static-ip.telepacific.net) (Client exited)
[18:35:47] <Ilari> Then there are unfortunately crates that just don't work properly with debug assertions enabled (due to integer overflow stuff).
[18:44:43] *** Joins: Rym (y@moz-859.d1r.39.217.IP)
[18:49:11] *** Quits: Rym (y@moz-859.d1r.39.217.IP) (Ping timeout: 121 seconds)
[18:53:12] *** Joins: SneakySnake (nya@moz-i9is4u.pool.telekom.hu)
[18:54:02] *** Joins: Rym (y@moz-859.d1r.39.217.IP)
[18:56:01] *** Quits: Torun (Torun@moz-nnfvre.dip0.t-ipconnect.de) (Ping timeout: 121 seconds)
[19:09:51] *** Quits: reem (reem@moz-gnnetp.coob.q2h1.0009.2601.IP) (Connection closed)
[19:16:03] *** Joins: tWS (tws@moz-tfq3hj.albq.qwest.net)
[19:16:28] *** Joins: reem (reem@moz-2icmmi.ca.comcast.net)
[19:16:30] *** Joins: pcwalton (pcwalton@moz-l8ebtf.sfo1.mozilla.com)
[19:16:53] *** Quits: dudel (dud@moz-55rvi2.dclient.hispeed.ch) (Quit: Leaving)
[19:16:57] *** Joins: psd (psd@moz-acc.mpg.78.202.IP)
[19:18:00] *** Joins: swgillespie (swgillespie@moz-upj.3un.220.167.IP)
[19:27:16] *** Quits: brson (brson@moz-u3dg2t.sfo1.mozilla.com) (Quit: leaving)
[19:50:12] *** Quits: {-}grant ({0}grant@moz-63ubas.in.charter.com) (Ping timeout: 121 seconds)
[20:24:00] *** Quits: swgillespie (swgillespie@moz-upj.3un.220.167.IP) (Quit: My MacBook Pro has gone to sleep. ZZZzzz…)
[20:25:30] *** Joins: Shackra (Jorge@moz-7bh.ng6.177.186.IP)
[20:26:46] *** Joins: swgillespie (swgillespie@moz-upj.3un.220.167.IP)
[20:37:07] *** Joins: edlothiol (user@moz-n7m9to.unity-media.net)
[20:45:25] *** Quits: Rym (y@moz-859.d1r.39.217.IP) (Ping timeout: 121 seconds)
[20:55:15] *** Quits: tWS (tws@moz-tfq3hj.albq.qwest.net) (Quit: Leaving)
[20:55:39] *** Joins: glennpra_ (glennpratt@moz-neq2gf.dsl-w.verizon.net)
[20:58:26] *** Quits: glennpratt (glennpratt@moz-neq2gf.dsl-w.verizon.net) (Ping timeout: 121 seconds)
[21:01:54] *** Joins: brson (brson@moz-u3dg2t.sfo1.mozilla.com)
[21:04:45] *** Quits: pcwalton (pcwalton@moz-l8ebtf.sfo1.mozilla.com) (Client exited)
[21:05:50] *** Quits: Shackra (Jorge@moz-7bh.ng6.177.186.IP) (Connection closed)
[21:06:04] *** Joins: pcwalton (pcwalton@moz-l8ebtf.sfo1.mozilla.com)
[21:08:18] *** Joins: Shackra (Jorge@moz-7bh.ng6.177.186.IP)
[21:11:59] <rovar> is there a way in cargo to dictate that a dependency be built in release mode only?
[21:12:14] <rovar> (but not rest of the project)
[21:13:10] <sfackler> what do you want to do with that?
[21:14:29] *** Quits: killercup (killercup@moz-edmf2j.dip0.t-ipconnect.de) (Quit: My Mac has gone to sleep. ZZZzzz…)
[21:14:29] <rovar> currently I depend on xxhash, which relies on arithmetic overflow
[21:14:32] <rovar> extensively :)
[21:14:43] <rovar> so I want to build it in release mode :)
[21:15:01] <rovar> whereas while I'm coding, I want the rest of the project in debug
[21:18:08] *** Quits: blaenk (blaenkdenum@moz-em283u.res.rr.com) (Connection closed)
[21:18:33] *** Joins: blaenk (blaenkdenum@moz-em283u.res.rr.com)
[21:21:24] *** Joins: blaenk_ (blaenkdenum@moz-em283u.res.rr.com)
[21:22:38] *** Quits: blaenk (blaenkdenum@moz-em283u.res.rr.com) (Ping timeout: 121 seconds)
[21:24:10] *** Quits: blaenk_ (blaenkdenum@moz-em283u.res.rr.com) (Connection closed)
[21:25:03] *** Joins: blaenk (blaenkdenum@moz-em283u.res.rr.com)
[21:30:15] *** Quits: blaenk (blaenkdenum@moz-em283u.res.rr.com) (Connection closed)
[21:30:44] *** Joins: blaenk (blaenkdenum@moz-em283u.res.rr.com)
[21:43:00] *** Quits: blaenk (blaenkdenum@moz-em283u.res.rr.com) (Connection closed)
[21:43:55] *** Joins: blaenk (blaenkdenum@moz-em283u.res.rr.com)
[21:57:39] *** Joins: {-}grant ({0}grant@moz-63ubas.in.charter.com)
[22:00:12] *** Quits: blaenk (blaenkdenum@moz-em283u.res.rr.com) (Connection closed)
[22:00:54] *** Joins: blaenk (blaenkdenum@moz-em283u.res.rr.com)
[22:04:31] *** Quits: swgillespie (swgillespie@moz-upj.3un.220.167.IP) (Quit: My MacBook Pro has gone to sleep. ZZZzzz…)
[22:07:28] *** Quits: blaenk (blaenkdenum@moz-em283u.res.rr.com) (Connection closed)
[22:08:05] *** Joins: blaenk (blaenkdenum@moz-em283u.res.rr.com)
[22:18:17] *** Quits: bjz (bjz@moz-puppgq.tpgi.com.au) (Quit: My Mac has gone to sleep. ZZZzzz…)
[22:25:31] *** Quits: SneakySnake (nya@moz-i9is4u.pool.telekom.hu) (Quit: Leaving)
[22:34:55] *** Quits: brson (brson@moz-u3dg2t.sfo1.mozilla.com) (Ping timeout: 121 seconds)
[22:43:17] *** Quits: blaenk (blaenkdenum@moz-em283u.res.rr.com) (Quit: Leaving)
[22:48:56] *** Joins: swgillespie (swgillespie@moz-upj.3un.220.167.IP)
[23:31:05] *** Quits: ebfull (ebfull@moz-2hf06a.co.comcast.net) (Ping timeout: 121 seconds)
[23:34:40] *** Quits: pcwalton (pcwalton@moz-l8ebtf.sfo1.mozilla.com) (Client exited)
[23:35:02] *** Joins: pcwalton (pcwalton@moz-l8ebtf.sfo1.mozilla.com)
[23:44:35] *** Joins: blaenk (blaenkdenum@moz-em283u.res.rr.com)
[23:48:46] *** Quits: Shackra (Jorge@moz-7bh.ng6.177.186.IP) (Ping timeout: 121 seconds)
[23:49:27] *** Joins: Shackra (Jorge@moz-7bh.ng6.177.186.IP)
[23:51:53] *** Quits: edlothiol (user@moz-n7m9to.unity-media.net) (Ping timeout: 121 seconds)
