[01:10:39] *** Quits: acrichto (acrichto@moz-u3dg2t.sfo1.mozilla.com) (Server shutdown)
[01:10:39] *** Quits: Eridius (kevin@moz-6opvqs.us) (Server shutdown)
[01:10:39] *** Quits: bpugh (bpugh@moz-715e47.ca.comcast.net) (Server shutdown)
[01:10:39] *** Quits: c74d (c74d3a4ebb6@moz-0ersgu.oc.cox.net) (Server shutdown)
[01:10:40] *** Quits: Luqman (laden@moz-qhp202.csclub.uwaterloo.ca) (Server shutdown)
[01:10:40] *** Quits: nmatsakis (sid381@moz-32a8b5.0j4i.jtu0.0101.2620.IP) (*.net *.split)
[01:10:40] *** Quits: aturon (sid379@moz-hhfc8n.0j4i.jtu0.0101.2620.IP) (*.net *.split)
[01:10:40] *** Quits: seancorfield (sid45586@moz-lphn72.highgate.irccloud.com) (*.net *.split)
[01:10:40] *** Quits: huon (huon@moz-hj272o.8rnv.rggd.6180.2400.IP) (*.net *.split)
[01:10:40] *** Quits: spastorino (sid27384@moz-i6sgse.brockwell.irccloud.com) (*.net *.split)
[01:10:40] *** Quits: pnkfelix (sid344@moz-nnnecs.0j4i.jtu0.0101.2620.IP) (*.net *.split)
[01:10:40] *** Quits: frewsxcv (sid86219@moz-dneii9.brockwell.irccloud.com) (*.net *.split)
[01:10:40] *** Quits: nrc (sid365@moz-3taf2s.0j4i.jtu0.0101.2620.IP) (*.net *.split)
[01:10:40] *** Quits: WindowsBunny (Peter@moz-vlal7g.east.verizon.net) (*.net *.split)
[01:10:40] *** Quits: blank_name (blank_name@moz-p4egrb.mi.frontiernet.net) (*.net *.split)
[01:10:40] *** Quits: JustAPerson (JustAPerson@moz-un628q.moe) (*.net *.split)
[01:10:40] *** Quits: sfackler (sfackler@moz-23t.qf9.243.162.IP) (*.net *.split)
[01:10:42] *** Joins: Eridius (kevin@moz-6opvqs.us)
[01:10:46] *** Quits: Eridius (kevin@moz-6opvqs.us) (Server shutdown)
[01:10:46] *** Quits: barosl (barosl@moz-tmp.qma.67.220.IP) (Server shutdown)
[01:11:22] *** Joins: cmr (cmr@moz-35s2fm.members.linode.com)
[01:11:23] *** fripp.mozilla.org sets mode: -not cmr
[01:11:23] *** belew.mozilla.org sets mode: +nt 
[01:11:23] *** Joins: sfackler (sfackler@moz-ko8uu1.com)
[01:11:23] *** belew.mozilla.org sets mode: +o sfackler
[01:11:26] *** sfackler sets mode: +s 
[01:11:39] *** Joins: JustAPerson (JustAPerson@moz-un628q.moe)
[01:11:40] *** Joins: bpugh (bpugh@moz-715e47.ca.comcast.net)
[01:11:43] *** Joins: WindowsBunny (Peter@moz-vlal7g.east.verizon.net)
[01:11:44] *** Joins: huon (huon@moz-hj272o.8rnv.rggd.6180.2400.IP)
[01:11:54] *** fripp.mozilla.org sets mode: -nost sfackler
[01:11:54] *** ircservices.mozilla.org sets mode: +nst 
[01:11:54] *** ChanServ sets mode: +r 
[01:12:30] *** Joins: frewsxcv (sid86219@moz-dneii9.brockwell.irccloud.com)
[01:12:40] *** Joins: seancorfield (sid45586@moz-lphn72.highgate.irccloud.com)
[01:13:10] *** Joins: barosl (barosl@moz-tmp.qma.67.220.IP)
[01:13:23] *** Joins: spastorino (sid27384@moz-i6sgse.brockwell.irccloud.com)
[01:15:43] *** Joins: Eridius (kevin@moz-6opvqs.us)
[01:15:43] *** Joins: acrichto (acrichto@moz-u3dg2t.sfo1.mozilla.com)
[01:15:45] *** Joins: Luqman (laden@moz-qhp202.csclub.uwaterloo.ca)
[01:15:51] *** Joins: blank_name (blank_name@moz-p4egrb.mi.frontiernet.net)
[01:18:58] *** Joins: nmatsakis (sid381@moz-32a8b5.0j4i.jtu0.0101.2620.IP)
[01:20:04] *** Joins: pnkfelix (sid344@moz-nnnecs.0j4i.jtu0.0101.2620.IP)
[01:21:08] *** Joins: aturon (sid379@moz-hhfc8n.0j4i.jtu0.0101.2620.IP)
[01:21:18] *** Joins: nrc (sid365@moz-3taf2s.0j4i.jtu0.0101.2620.IP)
[01:21:29] *** Joins: c74d (c74d3a4ebb6@moz-0ersgu.oc.cox.net)
[01:25:03] *** Joins: vky (vky@moz-fqci96.ca.comcast.net)
[01:53:49] *** Joins: Tobba (Tobba@moz-o13d22.bredband.telia.com)
[02:25:17] *** Quits: Tobba (Tobba@moz-o13d22.bredband.telia.com) (Connection closed)
[02:27:37] *** Joins: Tobba (Tobba@moz-o13d22.bredband.telia.com)
[02:40:36] *** Quits: Tobba (Tobba@moz-o13d22.bredband.telia.com) (Ping timeout: 121 seconds)
[02:56:13] *** Quits: vky (vky@moz-fqci96.ca.comcast.net) (Ping timeout: 121 seconds)
[03:22:38] *** Joins: Tobba (Tobba@moz-o13d22.bredband.telia.com)
[03:49:48] *** Joins: vky (vky@moz-fqci96.ca.comcast.net)
[04:20:54] *** Quits: vky (vky@moz-fqci96.ca.comcast.net) (Ping timeout: 121 seconds)
[05:42:32] *** Quits: barosl (barosl@moz-tmp.qma.67.220.IP) (Connection closed)
[06:11:57] *** Joins: whitequark (whitequark@moz-aupkjt.whitequark.org)
[06:12:02] *** Parts: whitequark (whitequark@moz-aupkjt.whitequark.org) ()
[07:17:16] *** Quits: Tobba (Tobba@moz-o13d22.bredband.telia.com) (Ping timeout: 121 seconds)
[07:17:26] *** Joins: echo`division (igor.lacara@moz-02q.91l.117.82.IP)
[11:16:59] *** Joins: Tobba (Tobba@moz-o13d22.bredband.telia.com)
[17:49:40] *** Quits: echo`division (igor.lacara@moz-02q.91l.117.82.IP) (Quit: Poof,gone.)
[21:29:47] *** Joins: Brochacho (alberto@moz-b2ovno.cable.rcn.com)
[21:29:57] *** Parts: Brochacho (alberto@moz-b2ovno.cable.rcn.com) ()
