[01:27:14] *** Joins: Elaine (Elaine@moz-35s2fm.members.linode.com)
[01:34:02] *** Joins: code_crimes (code_crimes@moz-5rmsk2.fios.verizon.net)
[02:48:50] *** Quits: barosl (barosl@moz-tmp.qma.67.220.IP) (Quit: Leaving)
[02:51:57] *** Quits: kimundi (kimundi@moz-bsafd4.bs4k.bqfc.57bc.2002.IP) (Ping timeout: 121 seconds)
[02:55:54] *** Joins: kimundi (kimundi@moz-k57ctm.dip0.t-ipconnect.de)
[03:42:33] *** Joins: barosl (barosl@moz-tmp.qma.67.220.IP)
[05:47:21] *** Quits: Tobba (Tobba@moz-o13d22.bredband.telia.com) (Connection closed)
[06:10:51] *** Joins: laumann (thomas@moz-n9e72h.0.fullrate.dk)
[07:02:53] *** Quits: Rym (uid91135@moz-n2i7qm.charlton.irccloud.com) (Quit: Connection closed for inactivity)
[07:16:20] *** Quits: laumann (thomas@moz-n9e72h.0.fullrate.dk) (Ping timeout: 121 seconds)
[07:22:15] *** Joins: nagisa (nagisa@moz-8t068g.static.zebra.lt)
[07:45:11] *** Joins: laumann (thomas@moz-n9e72h.0.fullrate.dk)
[07:46:45] *** Quits: laumann (thomas@moz-n9e72h.0.fullrate.dk) (Quit: leaving)
[07:46:48] *** Joins: laumann (thomas@moz-n9e72h.0.fullrate.dk)
[09:18:46] *** Quits: laumann (thomas@moz-n9e72h.0.fullrate.dk) (Ping timeout: 121 seconds)
[09:39:19] *** Joins: marcusklaas (marcus@moz-1risto.dynamic.ziggo.nl)
[10:43:35] *** Joins: sigma (sigma@moz-92585k.range217-44.btcentralplus.com)
[11:27:09] *** Quits: stl (stl@moz-al5.8pf.15.176.IP) (Ping timeout: 121 seconds)
[11:51:22] *** Joins: arielb1 (Ariel@moz-b95g78.red.bezeqint.net)
[13:32:41] *** Quits: sigma (sigma@moz-92585k.range217-44.btcentralplus.com) (Ping timeout: 121 seconds)
[13:40:26] *** Joins: stl (stl@moz-al5.8pf.15.176.IP)
[14:00:04] *** Joins: Tobba (Tobba@moz-o13d22.bredband.telia.com)
[14:16:10] *** Quits: acrichto (acrichto@moz-u3dg2t.sfo1.mozilla.com) (Ping timeout: 121 seconds)
[14:17:31] *** Joins: acrichto (acrichto@moz-u3dg2t.sfo1.mozilla.com)
[14:17:31] *** ChanServ sets mode: +qo acrichto acrichto
[14:23:49] *** Quits: eddyb (eddyb@moz-0op.2f0.121.86.IP) (Ping timeout: 121 seconds)
[14:25:17] *** Joins: eddyb (eddyb@moz-042.8f9.121.86.IP)
[14:33:35] *** Quits: rdgawdzi (sid91768@moz-36ps68.ealing.irccloud.com) (*.net *.split)
[14:33:35] *** Quits: jroesch (sid26078@moz-o13a59.charlton.irccloud.com) (*.net *.split)
[14:33:35] *** Quits: mystor (sid79584@moz-761b3h.charlton.irccloud.com) (*.net *.split)
[14:33:35] *** Quits: nmatsakis (sid381@moz-32a8b5.0j4i.jtu0.0101.2620.IP) (*.net *.split)
[14:33:35] *** Quits: aturon (sid379@moz-hhfc8n.0j4i.jtu0.0101.2620.IP) (*.net *.split)
[14:33:35] *** Quits: richo (richo@moz-slrmp8.fs1g.619c.a880.2604.IP) (*.net *.split)
[14:33:35] *** Quits: huon (huon@moz-hj272o.8rnv.rggd.6180.2400.IP) (*.net *.split)
[14:33:35] *** Quits: pnkfelix (sid344@moz-nnnecs.0j4i.jtu0.0101.2620.IP) (*.net *.split)
[14:33:35] *** Quits: reem (sid78397@moz-octfcu.brockwell.irccloud.com) (*.net *.split)
[14:33:35] *** Quits: frewsxcv (sid86219@moz-dneii9.brockwell.irccloud.com) (*.net *.split)
[14:33:35] *** Quits: nrc (sid365@moz-3taf2s.0j4i.jtu0.0101.2620.IP) (*.net *.split)
[14:34:09] *** Joins: jroesch (sid26078@moz-o13a59.charlton.irccloud.com)
[14:34:09] *** Joins: huon (huon@moz-hj272o.8rnv.rggd.6180.2400.IP)
[14:34:09] *** Joins: richo (richo@moz-slrmp8.fs1g.619c.a880.2604.IP)
[14:34:09] *** Joins: frewsxcv (sid86219@moz-dneii9.brockwell.irccloud.com)
[14:34:09] *** Joins: nrc (sid365@moz-3taf2s.0j4i.jtu0.0101.2620.IP)
[14:34:09] *** Joins: nmatsakis (sid381@moz-32a8b5.0j4i.jtu0.0101.2620.IP)
[14:34:09] *** Joins: pnkfelix (sid344@moz-nnnecs.0j4i.jtu0.0101.2620.IP)
[14:34:09] *** Joins: reem (sid78397@moz-octfcu.brockwell.irccloud.com)
[14:34:09] *** Joins: rdgawdzi (sid91768@moz-36ps68.ealing.irccloud.com)
[14:34:09] *** Joins: aturon (sid379@moz-hhfc8n.0j4i.jtu0.0101.2620.IP)
[14:34:09] *** Joins: mystor (sid79584@moz-761b3h.charlton.irccloud.com)
[14:34:09] *** bruford.mozilla.org sets mode: +qoqooo huon huon nrc nrc nmatsakis aturon
[14:35:05] *** Quits: rdgawdzi (sid91768@moz-36ps68.ealing.irccloud.com) (Ping timeout: 121 seconds)
[14:35:06] *** Quits: mystor (sid79584@moz-761b3h.charlton.irccloud.com) (Ping timeout: 121 seconds)
[14:35:06] *** Quits: huon (huon@moz-hj272o.8rnv.rggd.6180.2400.IP) (Ping timeout: 121 seconds)
[14:37:00] *** Joins: mystor (sid79584@moz-761b3h.charlton.irccloud.com)
[14:37:02] *** Joins: rdgawdzi (sid91768@moz-36ps68.ealing.irccloud.com)
[14:37:04] *** Joins: huon (huon@moz-hj272o.8rnv.rggd.6180.2400.IP)
[14:37:04] *** ChanServ sets mode: +qo huon huon
[15:13:05] *** Joins: laumann (thomas@moz-3m6.3kq.109.2.IP)
[15:18:52] <doener> pnkfelix: Thanks for that reduced testcase, it was really helpful in actually understanding the debuginfo assertion failure. Got a minimal testcase now.
[15:20:31] <pnkfelix> doener: glad it helped.  I may well try to add the other rustc changes that helped me find it
[15:24:25] <doener> pnkfelix: https://gist.github.com/dotdash/340148de31f10859f6d6 -- the key is that because _f is a function argument, we ask LLVM to preserve the debug info even though it's completely optimized away. So it tries to create debuginfo for "_f" (which is the closure _environment_) trying to say "hey, we set this to a 0" (the captured value for "cond". But because we created wrong debuginfo that said that _f is a
[15:24:32] <doener>  subroutine and not a tuple/struct, it barfed
[15:25:23] *** Quits: laumann (thomas@moz-3m6.3kq.109.2.IP) (Ping timeout: 121 seconds)
[15:34:09] *** Joins: Elaine (Elaine@moz-35s2fm.members.linode.com)
[15:42:46] *** Joins: sigma (sigma@moz-92585k.range217-44.btcentralplus.com)
[16:12:35] *** Quits: arielb1 (Ariel@moz-b95g78.red.bezeqint.net) (Quit: Ex-Chat)
[16:41:33] *** Quits: sigma (sigma@moz-92585k.range217-44.btcentralplus.com) (Ping timeout: 121 seconds)
[16:51:02] *** Quits: doener (doener@moz-fnh.n4j.147.5.IP) (Quit: leaving)
[18:09:54] *** Quits: Tobba (Tobba@moz-o13d22.bredband.telia.com) (Ping timeout: 121 seconds)
[18:26:00] *** Joins: Tobba (Tobba@moz-o13d22.bredband.telia.com)
[18:29:22] *** Quits: barosl (barosl@moz-tmp.qma.67.220.IP) (Quit: Leaving)
[18:31:35] *** Joins: barosl (barosl@moz-tmp.qma.67.220.IP)
[18:50:39] *** Quits: Tobba (Tobba@moz-o13d22.bredband.telia.com) (Connection closed)
[19:38:15] *** Joins: Tobba (Tobba@moz-o13d22.bredband.telia.com)
[19:53:28] *** Joins: laumann (thomas@moz-n9e72h.0.fullrate.dk)
[22:25:23] *** Quits: Tobba (Tobba@moz-o13d22.bredband.telia.com) (Connection closed)
[22:35:36] *** Quits: marcusklaas (marcus@moz-1risto.dynamic.ziggo.nl) (Client exited)
[23:21:27] *** Joins: brson (brson@moz-f0v.335.39.84.IP)
[23:21:27] *** ChanServ sets mode: +qo brson brson
[23:22:18] *** Quits: laumann (thomas@moz-n9e72h.0.fullrate.dk) (Ping timeout: 121 seconds)
