[03:02:49] *** Quits: Tobba (Tobba@moz-o13d22.bredband.telia.com) (Quit: Leaving)
[03:02:56] *** Joins: Tobba (Tobba@moz-o13d22.bredband.telia.com)
[04:59:15] *** Quits: acrichto (acrichto@moz-u3dg2t.sfo1.mozilla.com) (Quit: leaving)
[04:59:54] *** Joins: acrichto (acrichto@moz-u3dg2t.sfo1.mozilla.com)
[04:59:54] *** ChanServ sets mode: +qo acrichto acrichto
[07:17:27] *** Quits: vadimcn (uid46608@moz-0d43u8.highgate.irccloud.com) (Quit: Connection closed for inactivity)
[08:51:36] *** Joins: vadimcn (uid46608@moz-0d43u8.highgate.irccloud.com)
[08:51:36] *** ChanServ sets mode: +ao vadimcn vadimcn
[09:11:57] *** Joins: gleb (gleb@moz-3u1drv.rusanovka-net.kiev.ua)
[09:48:08] *** Joins: Viewtiful (Viewtiful@moz-eub.afi.30.89.IP)
[10:36:33] *** Quits: Viewtiful (Viewtiful@moz-eub.afi.30.89.IP) (Connection closed)
[10:50:55] *** Joins: Viewtiful (Viewtiful@moz-eub.afi.30.89.IP)
[10:50:55] *** Quits: Viewtiful (Viewtiful@moz-eub.afi.30.89.IP) (Connection closed)
[10:50:56] *** Joins: Viewtiful (Viewtiful@moz-eub.afi.30.89.IP)
[11:11:15] *** Quits: Viewtiful (Viewtiful@moz-eub.afi.30.89.IP) (Connection closed)
[11:14:44] *** Joins: Viewtiful (Viewtiful@moz-eub.afi.30.89.IP)
[11:14:47] *** Quits: Viewtiful (Viewtiful@moz-eub.afi.30.89.IP) (Connection closed)
[11:14:49] *** Joins: Viewtiful (Viewtiful@moz-eub.afi.30.89.IP)
[14:09:34] *** Quits: Viewtiful (Viewtiful@moz-eub.afi.30.89.IP) (Connection closed)
[14:15:22] *** Joins: Viewtiful (Viewtiful@moz-eub.afi.30.89.IP)
[14:15:24] *** Quits: Viewtiful (Viewtiful@moz-eub.afi.30.89.IP) (Connection closed)
[14:15:25] *** Joins: Viewtiful (Viewtiful@moz-eub.afi.30.89.IP)
[16:00:29] *** Quits: Viewtiful (Viewtiful@moz-eub.afi.30.89.IP) (Connection closed)
[16:07:36] *** Joins: Viewtiful (Viewtiful@moz-eub.afi.30.89.IP)
[16:07:39] *** Quits: Viewtiful (Viewtiful@moz-eub.afi.30.89.IP) (Connection closed)
[16:07:40] *** Joins: Viewtiful (Viewtiful@moz-eub.afi.30.89.IP)
[16:22:05] *** Quits: Viewtiful (Viewtiful@moz-eub.afi.30.89.IP) (Connection closed)
[16:53:09] *** Joins: brson (brson@moz-cfhap5.mtv2.mozilla.com)
[16:53:09] *** ChanServ sets mode: +ao brson brson
[17:46:50] *** Quits: nrc (sid365@moz-3taf2s.0j4i.jtu0.0101.2620.IP) (A TLS packet with unexpected length was received.)
[17:46:51] *** Quits: aturon (sid379@moz-hhfc8n.0j4i.jtu0.0101.2620.IP) (Connection closed)
[18:02:27] *** Joins: nrc (sid365@moz-3taf2s.0j4i.jtu0.0101.2620.IP)
[18:02:27] *** ChanServ sets mode: +ao nrc nrc
[18:03:12] *** Joins: aturon_ (sid379@moz-hhfc8n.0j4i.jtu0.0101.2620.IP)
[18:03:17] *** Quits: aturon_ (sid379@moz-hhfc8n.0j4i.jtu0.0101.2620.IP) (Quit: )
[18:03:33] *** Joins: aturon_ (sid379@moz-hhfc8n.0j4i.jtu0.0101.2620.IP)
[18:03:38] *** aturon_ is now known as aturon
[20:12:57] *** Joins: Viewtiful (Viewtiful@moz-54q.gak.250.78.IP)
[20:46:02] *** Quits: Viewtiful (Viewtiful@moz-54q.gak.250.78.IP) (Ping timeout: 121 seconds)
[23:20:38] *** Quits: gleb (gleb@moz-3u1drv.rusanovka-net.kiev.ua) (Ping timeout: 121 seconds)
[23:30:36] *** Quits: barosl (barosl@moz-tmp.qma.67.220.IP) (Connection closed)
[23:53:56] *** Joins: barosl (barosl@moz-tmp.qma.67.220.IP)
