[00:15:01] *** Quits: Rym_ (y@moz-rmaga4.range86-187.btcentralplus.com) (Ping timeout: 121 seconds)
[00:17:09] *** Quits: gleb (gleb@moz-3u1drv.rusanovka-net.kiev.ua) (Ping timeout: 121 seconds)
[00:24:20] *** Joins: dsantiago (santiago@moz-5dsjre.dsl-w.verizon.net)
[00:25:56] *** Quits: santiago (santiago@moz-5dsjre.dsl-w.verizon.net) (Ping timeout: 121 seconds)
[00:27:22] *** Quits: erickt (erickt@moz-4hh.6p3.217.74.IP) (Ping timeout: 121 seconds)
[00:30:43] *** Quits: dsantiago (santiago@moz-5dsjre.dsl-w.verizon.net) (Quit: Computer has gone to sleep.)
[00:38:39] *** Joins: erickt (erickt@moz-4hh.6p3.217.74.IP)
[00:43:54] *** Quits: brson (brson@moz-0i1.c9m.56.172.IP) (Quit: leaving)
[00:44:04] *** Quits: Shackra (Jorge@moz-7bh.ng6.177.186.IP) (Ping timeout: 121 seconds)
[00:44:18] *** Joins: Rym_ (y@moz-rmaga4.range86-187.btcentralplus.com)
[00:44:45] *** Joins: Shackra (Jorge@moz-7bh.ng6.177.186.IP)
[00:46:13] *** Joins: santiago (santiago@moz-ro2mm9.res.rr.com)
[00:47:22] *** Quits: ytain (ytain@moz-ge9fgi.dsl.teksavvy.com) (Connection closed)
[00:47:24] *** Joins: harrisonclarke (harrisoncla@moz-uur7pt.eastlink.ca)
[00:53:53] <harrisonclarke> is there a way to get cargo new to create the project in an existing folder, rather than creating one?
[01:03:21] *** Quits: pcwalton (pcwalton@moz-l8ebtf.sfo1.mozilla.com) (Client exited)
[01:09:12] *** Quits: erickt (erickt@moz-4hh.6p3.217.74.IP) (Ping timeout: 121 seconds)
[01:12:41] *** Quits: Rym_ (y@moz-rmaga4.range86-187.btcentralplus.com) (Connection closed)
[01:14:01] *** Joins: Rym_ (y@moz-rmaga4.range86-187.btcentralplus.com)
[01:32:22] <huon> harrisonclarke: not yet, https://github.com/rust-lang/cargo/issues/21
[01:34:56] *** Joins: ascarter (ascarter@moz-i0dnmd.wa.comcast.net)
[01:39:39] *** Quits: ascarter (ascarter@moz-i0dnmd.wa.comcast.net) (Ping timeout: 121 seconds)
[01:41:35] *** Quits: swgillespie (swgillespie@moz-1i5.3un.220.167.IP) (Quit: My MacBook Pro has gone to sleep. ZZZzzz…)
[01:46:39] *** Joins: ascarter (ascarter@moz-htsn14.wa.comcast.net)
[01:58:37] *** Quits: ascarter (ascarter@moz-htsn14.wa.comcast.net) (Quit: My Mac has gone to sleep. ZZZzzz…)
[02:08:26] *** Quits: harrisonclarke (harrisoncla@moz-uur7pt.eastlink.ca) (Connection closed)
[02:09:24] *** Joins: harrisonclarke (harrisoncla@moz-uur7pt.eastlink.ca)
[02:10:04] *** Quits: kimundi (kimundi@moz-qie1ht.dip0.t-ipconnect.de) (Ping timeout: 121 seconds)
[02:11:21] *** Joins: kimundi (kimundi@moz-al1nvt.dip0.t-ipconnect.de)
[02:12:23] *** Joins: jtdowney (jtdowney@moz-obnifk.il.comcast.net)
[02:12:37] *** Quits: harrisonclarke (harrisoncla@moz-uur7pt.eastlink.ca) (Connection closed)
[02:13:51] *** Joins: ascarter (ascarter@moz-705hf8.wa.comcast.net)
[02:15:32] *** kimundi is now known as zz_kimundi
[02:16:24] *** Joins: ascarter_ (ascarter@moz-705hf8.wa.comcast.net)
[02:19:35] *** Quits: ascarter (ascarter@moz-705hf8.wa.comcast.net) (Ping timeout: 121 seconds)
[02:22:03] *** zz_kimundi is now known as kimundi
[02:30:18] *** Quits: ascarter_ (ascarter@moz-705hf8.wa.comcast.net) (Quit: My Mac has gone to sleep. ZZZzzz…)
[02:58:36] *** Joins: p1start (p1start@moz-nftjhe.org)
[03:02:52] *** Quits: Rym_ (y@moz-rmaga4.range86-187.btcentralplus.com) (Ping timeout: 121 seconds)
[03:13:10] *** Quits: erz (erz@moz-n2p94l.broadband.corbina.ru) (Quit: My Mac has gone to sleep. ZZZzzz…)
[03:29:23] *** Joins: Rym_ (y@moz-rmaga4.range86-187.btcentralplus.com)
[03:33:55] *** Quits: Rym_ (y@moz-rmaga4.range86-187.btcentralplus.com) (Ping timeout: 121 seconds)
[03:51:16] *** Quits: p1start (p1start@moz-nftjhe.org) (Ping timeout: 121 seconds)
[03:56:19] *** Joins: ascarter_ (ascarter@moz-705hf8.wa.comcast.net)
[04:01:11] *** Joins: swgillespie (swgillespie@moz-rn1.vmq.232.104.IP)
[04:14:28] *** Joins: mzabaluev (Thunderbird@moz-3bijqs.bb.dnainternet.fi)
[04:18:30] *** Quits: mzabaluev (Thunderbird@moz-3bijqs.bb.dnainternet.fi) (Ping timeout: 121 seconds)
[04:20:53] *** Joins: ascarter (ascarter@moz-705hf8.wa.comcast.net)
[04:23:34] *** Joins: Rym_ (y@moz-rmaga4.range86-187.btcentralplus.com)
[04:24:02] *** Quits: ascarter_ (ascarter@moz-705hf8.wa.comcast.net) (Ping timeout: 121 seconds)
[04:27:58] *** Quits: Rym_ (y@moz-rmaga4.range86-187.btcentralplus.com) (Ping timeout: 121 seconds)
[04:34:07] *** Joins: erickt (erickt@moz-njt.vqi.14.76.IP)
[04:35:28] *** Joins: ascarter_ (ascarter@moz-705hf8.wa.comcast.net)
[04:35:35] *** Quits: ascarter (ascarter@moz-705hf8.wa.comcast.net) (Ping timeout: 121 seconds)
[05:03:18] *** Quits: JanC (janc@moz-gepctk.dsl.scarlet.be) (Ping timeout: 121 seconds)
[05:13:59] *** Joins: ascarter (ascarter@moz-705hf8.wa.comcast.net)
[05:16:15] *** Joins: JanC (janc@moz-aks3pg.dsl.scarlet.be)
[05:16:40] *** Quits: ascarter_ (ascarter@moz-705hf8.wa.comcast.net) (Ping timeout: 121 seconds)
[05:17:43] *** Joins: Rym_ (y@moz-rmaga4.range86-187.btcentralplus.com)
[05:19:49] *** Joins: p1start (p1start@moz-nftjhe.org)
[05:22:08] *** Quits: Rym_ (y@moz-rmaga4.range86-187.btcentralplus.com) (Ping timeout: 121 seconds)
[05:31:54] *** Quits: O01eg (o01eg@moz-vdhhdg.f0so.4n8f.2698.2a02.IP) (Client exited)
[05:32:51] *** Joins: eibwen (eibwen@moz-oora8v.dip0.t-ipconnect.de)
[05:33:22] *** Joins: SneakySnake (nya@moz-i9is4u.pool.telekom.hu)
[05:37:55] *** Quits: doener (doener@moz-929cn9.unity-media.net) (Connection closed)
[05:39:33] *** Quits: erickt (erickt@moz-njt.vqi.14.76.IP) (Ping timeout: 121 seconds)
[05:56:08] *** Quits: ebfull (ebfull@moz-2hf06a.co.comcast.net) (Quit: Konversation terminated!)
[05:56:14] *** Joins: ebfull (ebfull@moz-2hf06a.co.comcast.net)
[06:11:51] *** Joins: Rym_ (y@moz-rmaga4.range86-187.btcentralplus.com)
[06:16:19] *** Quits: Rym_ (y@moz-rmaga4.range86-187.btcentralplus.com) (Ping timeout: 121 seconds)
[06:20:26] *** Quits: passcod (passcod@moz-p68.ijk.131.104.IP) (A TLS packet with unexpected length was received.)
[06:21:09] *** Joins: passcod (passcod@moz-p68.ijk.131.104.IP)
[06:22:29] *** Joins: sonder (chatzilla@moz-nt8r49.idi.ntnu.no)
[06:57:11] *** Joins: hebz0rl (hebz0rl@moz-cfcrtj.static.qsc.de)
[07:06:03] *** Joins: Rym_ (y@moz-rmaga4.range86-187.btcentralplus.com)
[07:10:28] *** Quits: Rym_ (y@moz-rmaga4.range86-187.btcentralplus.com) (Ping timeout: 121 seconds)
[07:15:11] *** Quits: jtdowney (jtdowney@moz-obnifk.il.comcast.net) (Ping timeout: 121 seconds)
[07:16:17] *** Joins: jtdowney (jtdowney@moz-obnifk.il.comcast.net)
[07:19:21] *** Joins: jtdowney_ (jtdowney@moz-obnifk.il.comcast.net)
[07:21:13] *** Quits: jtdowney (jtdowney@moz-obnifk.il.comcast.net) (Ping timeout: 121 seconds)
[07:42:22] *** Joins: mzabaluev (Thunderbird@moz-3bijqs.bb.dnainternet.fi)
[07:49:49] *** Quits: swgillespie (swgillespie@moz-rn1.vmq.232.104.IP) (Quit: My MacBook Pro has gone to sleep. ZZZzzz…)
[08:00:11] *** Joins: Rym_ (y@moz-rmaga4.range86-187.btcentralplus.com)
[08:04:37] *** Quits: Rym_ (y@moz-rmaga4.range86-187.btcentralplus.com) (Ping timeout: 121 seconds)
[08:04:40] *** Quits: kalail (uid62296@moz-5ck9vu.charlton.irccloud.com) (Quit: Connection closed for inactivity)
[08:09:53] *** Joins: doener (doener@moz-929cn9.unity-media.net)
[08:18:40] *** Quits: mzabaluev (Thunderbird@moz-3bijqs.bb.dnainternet.fi) (Ping timeout: 121 seconds)
[08:29:11] *** Quits: ascarter (ascarter@moz-705hf8.wa.comcast.net) (Ping timeout: 121 seconds)
[08:38:21] *** Quits: Shackra (Jorge@moz-7bh.ng6.177.186.IP) (Ping timeout: 121 seconds)
[08:38:55] *** Joins: Shackra (Jorge@moz-7bh.ng6.177.186.IP)
[08:54:20] *** Joins: Rym_ (y@moz-rmaga4.range86-187.btcentralplus.com)
[08:57:43] *** Joins: edlothiol (user@moz-chhfor.hsi02.unitymediagroup.de)
[08:58:48] *** Quits: Rym_ (y@moz-rmaga4.range86-187.btcentralplus.com) (Ping timeout: 121 seconds)
[09:03:56] *** Quits: spastorino (sid27384@moz-2ij.vkt.184.192.IP) (Ping timeout: 121 seconds)
[09:05:39] *** Joins: spastorino (sid27384@moz-i6sgse.brockwell.irccloud.com)
[09:10:46] *** Joins: aepsil0n (eduard@moz-6491ha.mv2h.pepi.8071.2a02.IP)
[09:24:36] *** Quits: Shackra (Jorge@moz-7bh.ng6.177.186.IP) (Connection closed)
[09:47:03] *** kimundi is now known as zz_kimundi
[09:48:29] *** Joins: Rym_ (y@moz-rmaga4.range86-187.btcentralplus.com)
[09:52:56] *** Quits: Rym_ (y@moz-rmaga4.range86-187.btcentralplus.com) (Ping timeout: 121 seconds)
[10:18:02] *** Quits: aepsil0n (eduard@moz-6491ha.mv2h.pepi.8071.2a02.IP) (Connection closed)
[10:32:50] *** Quits: Kingsquee (kingsley@moz-qq7ns6.bchsia.telus.net) (Quit: Konversation terminated!)
[10:42:39] *** Joins: Rym_ (y@moz-rmaga4.range86-187.btcentralplus.com)
[10:44:09] *** Quits: sonder (chatzilla@moz-nt8r49.idi.ntnu.no) (Ping timeout: 121 seconds)
[10:47:05] *** Quits: Rym_ (y@moz-rmaga4.range86-187.btcentralplus.com) (Ping timeout: 121 seconds)
[10:55:10] *** Joins: ptalbot (ptalbot@moz-l1t9t8.fbx.proxad.net)
[10:58:49] *** Joins: sonder (chatzilla@moz-nt8r49.idi.ntnu.no)
[11:15:35] *** Joins: ytain (ytain@moz-ge9fgi.dsl.teksavvy.com)
[11:19:03] *** Joins: ascarter (ascarter@moz-705hf8.wa.comcast.net)
[11:23:19] *** Quits: ascarter (ascarter@moz-705hf8.wa.comcast.net) (Quit: My Mac has gone to sleep. ZZZzzz…)
[11:32:22] *** Joins: duncan (paul@moz-dst.ms6.225.173.IP)
[11:36:49] *** Joins: Rym_ (y@moz-rmaga4.range86-187.btcentralplus.com)
[11:41:15] *** Quits: Rym_ (y@moz-rmaga4.range86-187.btcentralplus.com) (Ping timeout: 121 seconds)
[11:41:36] *** Joins: panicbit (panicbit@moz-r4ks4s.dip0.t-ipconnect.de)
[11:51:48] *** Joins: Rym_ (y@moz-rmaga4.range86-187.btcentralplus.com)
[12:00:19] *** Joins: erz (erz@moz-efrhus.broadband.corbina.ru)
[12:09:52] *** Quits: ptalbot (ptalbot@moz-l1t9t8.fbx.proxad.net) (Ping timeout: 121 seconds)
[12:11:18] *** Joins: gleb (gleb@moz-3u1drv.rusanovka-net.kiev.ua)
[12:14:29] *** Quits: scott (uid25790@moz-e5ok1n.brockwell.irccloud.com) (Quit: Connection closed for inactivity)
[12:25:07] *** Joins: ptalbot (ptalbot@moz-p7j122.hk46.a8t0.0e35.2a01.IP)
[12:43:55] *** Joins: ytain_ (ytain@moz-trdbtq.dsl.teksavvy.com)
[12:44:32] *** Quits: jtdowney_ (jtdowney@moz-obnifk.il.comcast.net) (Quit: My Mac has gone to sleep. ZZZzzz…)
[12:46:54] *** Joins: harrisonclarke (harrisoncla@moz-uur7pt.eastlink.ca)
[12:46:57] *** Quits: ytain (ytain@moz-ge9fgi.dsl.teksavvy.com) (Ping timeout: 121 seconds)
[12:49:03] *** Quits: p1start (p1start@moz-nftjhe.org) (Ping timeout: 121 seconds)
[12:52:40] *** Quits: Rym_ (y@moz-rmaga4.range86-187.btcentralplus.com) (Ping timeout: 121 seconds)
[13:18:59] *** Joins: Rym_ (y@moz-rmaga4.range86-187.btcentralplus.com)
[13:23:22] *** Quits: Rym_ (y@moz-rmaga4.range86-187.btcentralplus.com) (Ping timeout: 121 seconds)
[13:31:56] *** Joins: Rym_ (y@moz-rmaga4.range86-187.btcentralplus.com)
[13:46:01] *** Joins: jtdowney (jtdowney@moz-gh1isj.static.twtelecom.net)
[13:49:34] *** Quits: Rym_ (y@moz-rmaga4.range86-187.btcentralplus.com) (Ping timeout: 121 seconds)
[13:54:09] *** zz_kimundi is now known as kimundi
[14:07:01] *** Quits: JanC (janc@moz-aks3pg.dsl.scarlet.be) (Ping timeout: 121 seconds)
[14:19:30] *** Joins: JanC (janc@moz-a7ku8n.dsl.scarlet.be)
[14:37:02] *** Joins: Rym_ (y@moz-rmaga4.range86-187.btcentralplus.com)
[14:41:28] *** Quits: Rym_ (y@moz-rmaga4.range86-187.btcentralplus.com) (Ping timeout: 121 seconds)
[14:47:05] *** Quits: harrisonclarke (harrisoncla@moz-uur7pt.eastlink.ca) (Connection closed)
[14:49:21] *** Joins: Rym_ (y@moz-rmaga4.range86-187.btcentralplus.com)
[14:49:22] *** Joins: harrisonclarke (harrisoncla@moz-uur7pt.eastlink.ca)
[14:53:47] *** Quits: Rym_ (y@moz-rmaga4.range86-187.btcentralplus.com) (Ping timeout: 121 seconds)
[14:53:47] *** Joins: eataix (eataix@moz-um7.336.116.50.IP)
[14:56:27] *** Joins: erickt (erickt@moz-njt.vqi.14.76.IP)
[15:03:01] <erickt> acrichto: ping
[15:03:52] *** Joins: bytewise (bytewise@moz-he6t2a.eduroam.rwth-aachen.de)
[15:08:11] <acrichto> erickt: pong
[15:08:33] <erickt> acrichto: howdy! got cargo/syntex questions!
[15:09:13] <acrichto> sure!
[15:09:47] <erickt> acrichto: first off, is there anything I can do to get cargo to rerun my build.rs script if a foo.rs.in file changes?
[15:10:11] <acrichto> cargo should automatically rerun the build script if any file in the repo changes (by default)
[15:10:49] <erickt> oh, must have missed that. maybe something else happened
[15:10:50] <erickt> anyway
[15:12:05] <erickt> second, as of right now I could have a crate target either syntex or libsyntax, but I'm having trouble with the plugin=true Cargo.toml option
[15:12:37] <erickt> with it set, I can use the crate as a proper plugin, but for some reason I can't link the crate in normally
[15:12:44] <erickt> so I need to unset it for syntex
[15:12:52] <acrichto> you should probably only use `plugin = true` when someone's gonna do #![plugin(sytnex)]
[15:12:55] <acrichto> which I don't think anyone will, right?
[15:13:32] <erickt> well so I guess philosophically speaking, my 3rd question is if it's ultimately worthwhile trying to support syntex and libsyntax at the same time
[15:13:40] <erickt> eventually the two codebases will diverge
[15:13:49] <erickt> until I do a new syntex version
[15:14:18] <acrichto> isn't syntex supposed to be part of a build script?
[15:14:32] <acrichto> or basically transitively used from a build script at some point
[15:14:57] <erickt> for end users it's supposed to be used in the build script
[15:15:13] <erickt> this is more for syntax extension writers
[15:15:39] *** Quits: hebz0rl (hebz0rl@moz-cfcrtj.static.qsc.de) (Quit: Leaving)
[15:15:44] <acrichto> well ok, so my recommendtation is to not have `plugin = true` at all
[15:15:51] <acrichto> and I'm not so sure about the syntex/syntax stuff
[15:16:50] <erickt> so the scenario I'm thinking of is for, say, phf and servo. I know servo wants to roughly track nightly for now instead of stable
[15:17:54] <erickt> so if I ported phf to only use syntex, then servo also have to use syntex to do codegen
[15:18:55] <erickt> unfortunately I haven't yet written up my `set_loc!(file, line, col)` rfc, so the error messages in syntex-codegen code point at the codegen file not the source
[15:19:00] <erickt> which is inconvenient
[15:19:31] <acrichto> yeah that makes sense (syntex/syntax), but that seems like a cargo-feature kinda problem?
[15:20:10] <erickt> there's also of course the performance hit, but it's probably comparatively noise in light of llvm
[15:20:41] <erickt> so treating it as cargo-feature brings me back to this plugin=true issue :)
[15:21:17] <acrichto> ?
[15:21:18] <erickt> I suppose what we could do is have two crates that share the same underlying library
[15:21:31] <acrichto> I think that there's a misunderstanding about what plugin=true means
[15:21:37] <erickt> what does it do?
[15:21:49] <acrichto> you should never need plugin=true unless your crate is deirectly being loaded as a plugin
[15:22:01] <acrichto> it forces comilation for the host architecture and also builds it as a dynamic library
[15:22:06] <acrichto> (e.g. what a plugin needs to be)
[15:26:44] <erickt> ok makes sense. let me write this up...
[15:31:43] *** Quits: bytewise (bytewise@moz-he6t2a.eduroam.rwth-aachen.de) (Quit: Quit)
[15:33:15] <erickt> acrichto: so maybe something like this: https://gist.github.com/erickt/458f8db7cb5241fcf397
[15:33:54] <acrichto> erickt: yeah basically
[15:33:56] <acrichto> (I think)
[15:34:52] <erickt> ok, I'll run it by the other syntax extension writers
[15:34:54] <erickt> sfackler: ping
[15:35:01] <erickt> speaking of phf :)
[15:36:17] <erickt> acrichto: on another subject, it would make me so very happy on my commute if there was a cargo flag that skipped the index update
[15:36:20] *** Joins: filsmick (filsmick@moz-bar7fk.abo.wanadoo.fr)
[15:36:58] <acrichto> erickt: once a Cargo.lock exists and if Cargo.toml didn't change the index should never be updated
[15:37:01] <acrichto> if it is though then that's a bug
[15:37:34] <erickt> but I am changing the Cargo.toml to point at a local path dependency :)
[15:37:58] <erickt> I'm not positive exactly what triggers this condition
[15:38:05] <acrichto> it may be a little aggressive but it in theory shouldn't be that aggressive
[15:38:50] <erickt> maybe I add a dependency, run cargo which tries to fetch the dependency and fails, so I try to point it at a local copy but sometimes it doesn't work
[15:39:31] *** Quits: harrisonclarke (harrisoncla@moz-uur7pt.eastlink.ca) (Connection closed)
[15:39:55] <sonder> acrichto: Hi. I've paid interest to cargo/issues#595 for a while, and I see that a few others have as well. What's the status of this? 
[15:40:23] <sonder> acrichto: https://github.com/rust-lang/cargo/issues/595
[15:40:39] <acrichto> sonder: unfortunately I haven't had the time to prototype it, it's kinda just an idea that's been at the back of my head for awhile
[15:41:01] <acrichto> I think that the spec is basically what we'd want though
[15:41:05] <sonder> acrichto: Ok. You see, I started doing a little on it myself last night
[15:41:33] <sonder> acrichto: But I'm not really that known with Cargo and it's internals
[15:41:34] <acrichto> sonder: aha! we're always willing for contributions :)
[15:41:43] <acrichto> sonder: if you have any questions, feel free to ask me!
[15:42:03] <sonder> acrichto: Is this a good use for the ExecEngine trait, and add it to the CompileOptions?
[15:42:25] <acrichto> sonder: hm, this would probably be a modification of CompileOptions
[15:42:41] <acrichto> to specify that an exact target should be built with an extra Vec<String> of options
[15:43:28] *** Joins: Rym_ (y@moz-rmaga4.range86-187.btcentralplus.com)
[15:43:40] <sonder> acrichto: I see. Cause I did run into the issue that once in the exec-engine I could only filter out based on the crate-name and the rest of the command
[15:47:56] *** Quits: Rym_ (y@moz-rmaga4.range86-187.btcentralplus.com) (Ping timeout: 121 seconds)
[15:49:49] <sonder> acrichto: Also. Would this target include the `src/lib.rs`, `src/main.rs`, `examples/*.rs` and `src/bin/*.rs`?
[15:50:15] <acrichto> sonder: hm, what do you mean?
[15:50:22] <acrichto> e.g. what's "this target" and what do you mean by include?
[15:51:36] *** Joins: harrisonclarke (harrisoncla@moz-uur7pt.eastlink.ca)
[15:52:07] <sonder> acrichto: Heh. this target would be the package to be compile, or as you said over "to specify that an exact target...". By include, I meant that every binary + library that would be present in the package
[15:52:49] <acrichto> sonder: oh I mean the literal Target structure in Cargo itself, and the package being compiled is implicitly passed at the top-level already
[15:54:32] <sonder> Ok. So by including the Target struct for the package in the CompileOptions it should be possible to append the `opts` when this target is compiled. Right?
[15:57:02] <acrichto> sonder: oh ok sorry I was misinterpreting what CompileOptions was, yeah you'll probably just want to add an extra Vec<String> field to that structure
[15:57:36] <acrichto> sonder: you'll probably then also modify BuildConfig in cargo_rustc to take those options
[15:57:58] <acrichto> sonder: and for now it's probably best to ensure that there's only one target being built (e.g. the list of targets to compile_targets is of length 1)
[16:00:19] <sonder> acrichto: Okay. Just to clarify what an actual `Target` is; is it the whole package, meaning any library, binaries and examples that it might have?
[16:00:43] *** Quits: jtdowney (jtdowney@moz-gh1isj.static.twtelecom.net) (Quit: My Mac has gone to sleep. ZZZzzz…)
[16:00:47] <acrichto> sonder: it's just one specific thing to build, for example a library, a binary, an example, etc
[16:00:53] <acrichto> packages can have many targets
[16:00:57] <acrichto> e.g. many binaries, many examlpes, (but at most one lib)
[16:01:01] <acrichto> tests also count as a target
[16:01:10] <acrichto> it's roughly analgous to the [[bin]] and [[example]] sections of Cargo.toml
[16:01:14] <acrichto> (and [lib]/[[test]])
[16:01:47] <sonder> acrichto: Thanks, that's what I though, but I wasn't sure.
[16:03:19] *** Joins: jtdowney (jtdowney@moz-gh1isj.static.twtelecom.net)
[16:04:24] <sonder> acrichto: Would this also mean that only _either_ the [[lib]] or the [[bin]] can be invoked with the `cargo rustc` command?
[16:09:15] <sonder> acrichto: Sorry, got to go, but I'd love to take a look at the issue if I have some extra time on my hands!
[16:12:12] *** Quits: jtdowney (jtdowney@moz-gh1isj.static.twtelecom.net) (Quit: Textual IRC Client: www.textualapp.com)
[16:19:02] *** Joins: Rym_ (y@moz-rmaga4.range86-187.btcentralplus.com)
[16:22:08] <acrichto> sonder: ah sorry stepped out for a bit as well, but I think this just means that we'll want the normal filters on all the cargo commands
[16:22:20] <acrichto> on teh `cargo rustc` command that is, e.g. --test <foo>, --bin <foo>, --lib, etc
[16:22:27] *** Quits: sonder (chatzilla@moz-nt8r49.idi.ntnu.no) (Ping timeout: 121 seconds)
[16:23:28] *** Quits: Rym_ (y@moz-rmaga4.range86-187.btcentralplus.com) (Ping timeout: 121 seconds)
[16:25:18] *** Quits: filsmick (filsmick@moz-bar7fk.abo.wanadoo.fr) (Connection closed)
[16:25:39] *** Joins: filsmick (filsmick@moz-bar7fk.abo.wanadoo.fr)
[16:27:43] *** Quits: filsmick (filsmick@moz-bar7fk.abo.wanadoo.fr) (Connection closed)
[16:27:44] *** Joins: filsmick (filsmick@moz-bar7fk.abo.wanadoo.fr)
[16:28:06] *** Quits: gleb (gleb@moz-3u1drv.rusanovka-net.kiev.ua) (Connection closed)
[16:28:59] *** Quits: filsmick (filsmick@moz-bar7fk.abo.wanadoo.fr) (Connection closed)
[16:29:20] *** Joins: filsmick (filsmick@moz-bar7fk.abo.wanadoo.fr)
[16:31:59] *** Joins: gleb (gleb@moz-3u1drv.rusanovka-net.kiev.ua)
[16:40:44] *** Quits: ptalbot (ptalbot@moz-p7j122.hk46.a8t0.0e35.2a01.IP) (Ping timeout: 121 seconds)
[17:05:09] <sfackler> erickt: pong
[17:05:23] <erickt> sfackler: howdy!
[17:05:49] <erickt> sfackler: so I was thinking through how to do syntex crates while maintaining compatibility with libsyntax plugins
[17:05:57] <erickt> I was toying around with something like this: https://gist.github.com/erickt/458f8db7cb5241fcf397
[17:06:24] <erickt> figured since you've got a couple syntax extension libraries, you might be a good person to run the idea by :)
[17:06:35] *** Joins: scott (uid25790@moz-e5ok1n.brockwell.irccloud.com)
[17:07:38] <erickt> the idea is to have one crate that has the actual syntax extension libraries and use #[cfg(feature = "syntex")] or #[cfg(not(feature = "syntex"))] to pull in syntex_syntax or syntax respectively
[17:08:21] <erickt> then to have a plugin module is the libsyntax plugin and it just uses a feature flag to disable syntex
[17:08:44] <erickt> and depend on the crate that actually has the main body of the code
[17:08:47] *** Joins: Torun (Torun@moz-34f2ia.dip0.t-ipconnect.de)
[17:09:38] <sfackler> that seems like it makes sense
[17:10:00] *** Joins: ascarter (ascarter@moz-705hf8.wa.comcast.net)
[17:11:00] <erickt> sfackler: cool
[17:13:11] *** Joins: Rym_ (y@moz-rmaga4.range86-187.btcentralplus.com)
[17:15:15] <erickt> sfackler: what do you think about changing the convention of these plugin crates to "serde-plugin", "serde-syntex" for syntex-driven extensions, and "serde" for the runtime/non-codegen crates?
[17:16:19] <erickt> Or we could keep the established "serde-macros" for the plugins, and create separate "serde-syntex" crates?
[17:17:02] <erickt> hm. maybe "serde-codegen" would be more appropriate, since the serde-plugin/macros would end up depending on it in this scheme
[17:17:26] <sfackler> so I use phf_macros for the syntax extension crate and phf_codegen for the crate you use in a build.rs script
[17:19:16] <erickt> I can get behind that. Did we ever establish the community preferences for "_" vs "-"? I think I've been seeing more crates with "-" recently
[17:20:27] <sfackler> I think the convention is "always use -"
[17:20:37] <sfackler> since - will be translated to _ when you import the crate
[17:20:58] <sfackler> so you depend on 'foo-bar' and then do 'extern crate foo_bar;"
[17:21:48] <erickt> Fair enough. I suppose I'll rename the syntex crates before they grow too many dependencies :)
[17:22:27] <steveklabnik> sfackler: erickt yes, that seems to be the preference, which i cry over, but i'm sure i'll get over it :)
[17:24:13] <erickt> Oh neat, crates.io automatically routes "text-io" to the "text_io" crate.
[17:24:28] *** Quits: ascarter (ascarter@moz-705hf8.wa.comcast.net) (Quit: My Mac has gone to sleep. ZZZzzz…)
[17:25:07] <erickt> I guess that means we can rename the crate without breaking any dependencies
[17:26:17] *** Joins: killercup (killercup@moz-gpufip.dip0.t-ipconnect.de)
[17:33:34] *** Quits: filsmick (filsmick@moz-bar7fk.abo.wanadoo.fr) (Connection closed)
[17:33:35] *** Joins: filsmick (filsmick@moz-bar7fk.abo.wanadoo.fr)
[17:36:59] *** Quits: filsmick (filsmick@moz-bar7fk.abo.wanadoo.fr) (Connection closed)
[17:37:31] *** Joins: filsmick (filsmick@moz-bar7fk.abo.wanadoo.fr)
[17:43:44] *** Quits: filsmick (filsmick@moz-bar7fk.abo.wanadoo.fr) (Connection closed)
[17:43:45] *** Joins: filsmick (filsmick@moz-bar7fk.abo.wanadoo.fr)
[17:45:06] *** Joins: pcwalton (pcwalton@moz-l8ebtf.sfo1.mozilla.com)
[17:51:17] *** Quits: erz (erz@moz-efrhus.broadband.corbina.ru) (Connection closed)
[17:51:37] *** Joins: erz (erz@moz-efrhus.broadband.corbina.ru)
[17:55:05] *** Quits: filsmick (filsmick@moz-bar7fk.abo.wanadoo.fr) (Connection closed)
[17:55:31] *** Joins: filsmick (filsmick@moz-bar7fk.abo.wanadoo.fr)
[17:57:24] *** Quits: filsmick (filsmick@moz-bar7fk.abo.wanadoo.fr) (Connection closed)
[17:57:25] *** Joins: filsmick (filsmick@moz-bar7fk.abo.wanadoo.fr)
[18:03:33] *** Quits: SneakySnake (nya@moz-i9is4u.pool.telekom.hu) (Quit: Leaving)
[18:04:40] *** Joins: SneakySnake (nya@moz-i9is4u.pool.telekom.hu)
[18:19:47] *** Quits: killercup (killercup@moz-gpufip.dip0.t-ipconnect.de) (Quit: My Mac has gone to sleep. ZZZzzz…)
[18:25:23] *** Quits: Rym_ (y@moz-rmaga4.range86-187.btcentralplus.com) (Ping timeout: 121 seconds)
[18:25:53] *** Joins: brson (brson@moz-cfhap5.mtv2.mozilla.com)
[18:31:22] *** Quits: filsmick (filsmick@moz-bar7fk.abo.wanadoo.fr) (Connection closed)
[18:31:53] *** Joins: filsmick (filsmick@moz-bar7fk.abo.wanadoo.fr)
[18:33:25] *** Quits: edlothiol (user@moz-chhfor.hsi02.unitymediagroup.de) (Connection closed)
[18:34:51] *** Quits: filsmick (filsmick@moz-bar7fk.abo.wanadoo.fr) (Connection closed)
[18:34:52] *** Joins: filsmick (filsmick@moz-bar7fk.abo.wanadoo.fr)
[18:36:52] *** Quits: filsmick (filsmick@moz-bar7fk.abo.wanadoo.fr) (Connection closed)
[18:37:21] *** Joins: filsmick (filsmick@moz-bar7fk.abo.wanadoo.fr)
[18:39:46] *** Quits: filsmick (filsmick@moz-bar7fk.abo.wanadoo.fr) (Connection closed)
[18:39:47] *** Joins: filsmick (filsmick@moz-bar7fk.abo.wanadoo.fr)
[18:41:18] *** Joins: swgillespie (swgillespie@moz-1i5.3un.220.167.IP)
[18:41:45] *** Quits: filsmick (filsmick@moz-bar7fk.abo.wanadoo.fr) (Connection closed)
[18:42:11] *** Joins: filsmick (filsmick@moz-bar7fk.abo.wanadoo.fr)
[18:56:32] *** Quits: filsmick (filsmick@moz-bar7fk.abo.wanadoo.fr) (Connection closed)
[18:56:33] *** Joins: filsmick (filsmick@moz-bar7fk.abo.wanadoo.fr)
[19:00:05] *** Joins: ptalbot (ptalbot@moz-j4gnuh.fbx.proxad.net)
[19:01:39] *** Quits: filsmick (filsmick@moz-bar7fk.abo.wanadoo.fr) (Connection closed)
[19:02:10] *** Joins: filsmick (filsmick@moz-bar7fk.abo.wanadoo.fr)
[19:05:42] *** Parts: duncan (paul@moz-dst.ms6.225.173.IP) ()
[19:10:44] *** Joins: killercup (killercup@moz-gpufip.dip0.t-ipconnect.de)
[19:14:43] *** Joins: Rym_ (y@moz-rmaga4.range86-187.btcentralplus.com)
[19:16:21] *** Joins: Shackra (Jorge@moz-7bh.ng6.177.186.IP)
[19:19:07] *** Quits: Rym_ (y@moz-rmaga4.range86-187.btcentralplus.com) (Ping timeout: 121 seconds)
[19:27:30] *** Joins: O01eg (o01eg@moz-9um173.bvrr.4n8f.2698.2a02.IP)
[19:29:24] *** Joins: Rym_ (y@moz-rmaga4.range86-187.btcentralplus.com)
[19:37:12] *** Joins: mzabaluev (Thunderbird@moz-3bijqs.bb.dnainternet.fi)
[19:38:41] *** Quits: filsmick (filsmick@moz-bar7fk.abo.wanadoo.fr) (Connection closed)
[19:38:42] *** Joins: filsmick (filsmick@moz-bar7fk.abo.wanadoo.fr)
[19:39:07] *** Quits: filsmick (filsmick@moz-bar7fk.abo.wanadoo.fr) (Quit: )
[19:40:11] *** Joins: Kingsquee (kingsley@moz-qq7ns6.bchsia.telus.net)
[20:06:00] *** Joins: imperio (Mibbit@moz-8otf3a.fbx.proxad.net)
[20:06:10] <imperio> hi, I have an issue with cargo package
[20:06:49] <imperio> when I set a relative path (since there is a sub cargo.toml file), it says that it failed to verify tarball
[20:06:52] <imperio> is that normal ?
[20:06:59] <imperio> when I give the same git url, it's ok
[20:07:04] <imperio> but not with the path
[20:15:53] *** Joins: TorunR (Torun@moz-34f2ia.dip0.t-ipconnect.de)
[20:16:34] <imperio> someone's here ? :'(
[20:18:47] *** Quits: Torun (Torun@moz-34f2ia.dip0.t-ipconnect.de) (Ping timeout: 121 seconds)
[20:28:16] *** Quits: Rym_ (y@moz-rmaga4.range86-187.btcentralplus.com) (Ping timeout: 121 seconds)
[20:29:41] <Dabo> imperio, er, do you have all changes committed to git?
[20:29:42] *** Joins: Rym_ (y@moz-rmaga4.range86-187.btcentralplus.com)
[20:30:03] <Dabo> I seem to remember someone having that fix things for a similar issue here before
[20:30:39] <Dabo> imperio, cargo will also ignore anything in .gitignore by default, so make sure you aren't ignoring any source directories or sub-packages
[20:31:01] <Dabo> Someone will probably be here with a more complete answer, but I think that's at least one reason why cargo might do that
[20:33:42] <imperio> Dabo: there is no ignored file
[20:33:50] <imperio> I opened an issue
[20:34:02] <imperio> you'll have full details in there
[20:34:05] <Dabo> ok
[20:34:16] <imperio> however I'll add my repo url, just in case
[20:35:57] <Ilari> imperio: Published crates are not allowed to have git dependicies.
[20:36:25] <imperio> Ilari: seems logical, I tried it after the path failed
[20:36:40] <imperio> since the glib-sys is a part of the glib, I thought it could pass
[20:37:04] <imperio> the fact it didn't proved I was wrong :p
[20:37:08] <Dabo> imperio, could you include the error message from cargo package when you used ./glib-sys ?
[20:37:28] <imperio> Dabo: That's the title
[20:37:34] *** Quits: Rym_ (y@moz-rmaga4.range86-187.btcentralplus.com) (Ping timeout: 121 seconds)
[20:37:39] <Dabo> ah, ok
[20:37:44] <Dabo> imperio, it didn't give any better detail?
[20:37:45] <imperio> but I can rewrite it in the message if you want
[20:37:51] <imperio> let me look again
[20:38:08] <imperio> oh right, I add what's missing
[20:38:10] <Dabo> The issue itself doesn't really make it clear what the issue was when using a path dependency, that's all it is
[20:38:13] <Ilari> And that command doesn't take --verbose or anything like that?
[20:39:03] <imperio> Ilari: I try it
[20:39:10] <imperio> Dabo: I updated without --verbose
[20:39:37] <imperio> Ilari: same error, no more detail (but it shows the build)
[20:40:21] <Dabo> ah, ok - imperio, it seems like it is indeed disallowing path dependencies as well for crates.io
[20:40:38] <imperio> that's very annoying
[20:40:40] <Dabo> I would think it should allow path dependencies if they are in a sub-directory, but I guess not
[20:40:54] <Dabo> imperio, you won't need to make any changes to the Cargo.toml if you just publish the sub-crate as well
[20:40:55] <imperio> that's what it's said in crates.io guide
[20:41:00] <Dabo> which part in particular?
[20:41:26] <imperio> hold on I find it again (I was on vm when looking at it...)
[20:41:31] <Dabo> ok
[20:42:10] <imperio> http://doc.crates.io/manifest.html#the-[dependencies.*]-sections
[20:42:19] <imperio> ctrl-f "path"
[20:42:28] <Dabo> imperio, it is definitely supported, I guess just not for publishing
[20:42:42] <imperio> I know it's supported, I just it for months now
[20:42:58] <Dabo> I mean if you have a path dependency, it will use the local version when building locally and the crates.io version of the package when publishing
[20:43:01] <imperio> I'm just very disappointing we cannot publish it like that, it doesn't make sense
[20:43:23] <imperio> we splitted out all gnome libraries like this one
[20:43:26] *** Joins: Rym_ (y@moz-rmaga4.range86-187.btcentralplus.com)
[20:43:36] <imperio> glib-sys is useless and glib can't work without glib
[20:43:53] <imperio> we can't split the "-sys" part and the main part
[20:45:27] <SimonSapin> I’m getting "failed to prepare local package for uploading" , with --versbose not being more informative. What could it be?
[20:45:43] <SimonSapin> acrichto: ↑
[20:46:11] <Dabo> imperio, yeah, it makes sense to disallow path dependencies out of the current directory, but not to disallow them in subdirectories
[20:46:27] <imperio> Dabo: so we agree !
[20:46:35] <Dabo> It might be some limitation of the crates.io system, with all dependencies being required on crates.io as well, but I'm not sure
[20:46:41] <imperio> SimonSapin: what crates do you wanna publish ?
[20:46:51] <acrichto> SimonSapin: do you have some logs or a package I could look at/
[20:46:52] <SimonSapin> imperio: https://github.com/servo/string-cache
[20:47:09] <SimonSapin> The last line before the error is Archiving README.md
[20:47:34] <SimonSapin> imperio: https://gist.github.com/anonymous/7497c36f87bdac9bf581
[20:48:17] <acrichto> SimonSapin: perhaps a `git add` is in order?
[20:48:23] <acrichto> SimonSapin: it didn't archive anything in `src` I think
[20:48:41] <acrichto> SimonSapin: also, are you publishing the master branch of that repo?
[20:48:58] <SimonSapin> acrichto: master, with some changes I’m about to push
[20:49:13] <acrichto> SimonSapin: what's the diff on Cargo.toml?
[20:49:16] <Dabo> SimonSapin, using `cargo package` on master works fine for me, could you possibly push changes to a branch so we could check that out?
[20:49:41] <SimonSapin> acrichto: Indeed, `git add` for a file that I just moved helped
[20:50:23] <acrichto> SimonSapin: in that case it may just be https://github.com/rust-lang/cargo/issues/797
[20:50:40] *** Quits: erickt (erickt@moz-njt.vqi.14.76.IP) (Ping timeout: 121 seconds)
[20:50:48] <SimonSapin> maybe
[20:51:00] <SimonSapin> I’m surprised that the git index is relevant at all to cargo package
[20:51:53] <acrichto> SimonSapin: if I have a git repo I would also be very surprised if .gitignore weren't respected by default
[20:52:44] <SimonSapin> now `cargo test` works, but `cargo package` gives error: couldn't read "target/package/string_cache-0.1.0/src/atom/../../plugin/src/atom/repr.rs": No such file or directory (os error 2)
[20:53:04] <SimonSapin> repr.rs (used to be in shared/) is also in the string_cache_plugin crate
[20:53:22] <acrichto> yes cargo package doesn't cross package boundaries
[20:53:23] <SimonSapin> #[path="../../plugin/src/atom/repr.rs"] pub mod repr;
[20:53:29] <acrichto> it can't deal withs omething like that
[20:53:37] <acrichto> it needs a root directory to create a tarball from
[20:53:42] <SimonSapin> no way at all to have the same file in two crates?
[20:54:00] <SimonSapin> note that one is "below" the root of the other
[20:54:13] <acrichto> not currently, no
[20:54:15] <Dabo> SimonSapin, not really, with packaging at least
[20:54:28] <Dabo> you could probably do a hardlink on your computer, but that would only affect you locally
[20:54:41] <imperio> well
[20:54:53] <SimonSapin> Dabo: let’s… not go there :)
[20:55:01] <imperio> even if it has a root directory, it's not always happy haha
[20:55:01] <Dabo> SimonSapin, hardlinks aren't all that bad .-.
[20:55:07] <Ilari> Git can handle symlinks on Unix...
[20:55:17] <Dabo> true
[20:55:38] <SimonSapin> Dabo: my laptop is irrelevant, the git repo is the source of truth
[20:55:46] <Dabo> yeah
[20:56:19] <Dabo> SimonSapin, it's always possible to make a mini-crate which both depend on 
[20:56:41] <Dabo> I think that's the standard solution for sharing code between two projects, even if it is just a little bit
[20:57:14] <Ilari> (Just don't use git submodules the way I do...) :->
[20:57:30] <SimonSapin> how does Cargo deal with symlinks?
[20:57:59] <SimonSapin> for .rs files
[20:58:01] <Dabo> that, I don't know
[20:58:22] <Ilari> (Probably depends on how "smart" it tries to be)
[21:01:06] <imperio> and so, for my problem ? No idea ?
[21:01:08] <Dabo> SimonSapin, it seems to handle them ok when packaging a crate
[21:01:50] <Dabo> imperio, I think it'd be a good idea to create an issue specifically for allowing path dependencies in sub-directories on crates.io
[21:02:11] <imperio> like I did I guess ?
[21:02:14] <imperio> erf...
[21:02:25] <imperio> I wanted to publish all rust-gnome libraries
[21:02:29] <imperio> not today I guess
[21:02:53] <Dabo> imperio, yeah, I just mean submitting it as a feature request rather than a bug report
[21:03:06] <imperio> It can't do both ?
[21:03:22] <Dabo> well yes, I just thought it might be a good idea
[21:03:43] *** Quits: pcwalton (pcwalton@moz-l8ebtf.sfo1.mozilla.com) (Client exited)
[21:03:46] <imperio> however I suppose you want me to add some things, no ?
[21:04:17] *** Quits: harrisonclarke (harrisoncla@moz-uur7pt.eastlink.ca) (Connection closed)
[21:04:27] <Dabo> imperio, it doesn't seem like the tutorial at all states that path dependencies are supported for crates.io uploads, so making it clear that you want to have cargo support that might be useful
[21:04:38] *** Joins: harrisonclarke (harrisoncla@moz-uur7pt.eastlink.ca)
[21:05:04] <imperio> okay, I add a new message then
[21:05:16] <Dabo> Having the issue be "Add support for path dependencies in crates.io uploads" titled might be helpful :P
[21:05:36] <Dabo> I'm not saying it's required or anything, and i'm not official with this at all, I just think it might be useful to state that as a clear intention
[21:05:40] <imperio> I change the title too ! (nothing can stop mouhaha... *hem hem*
[21:05:54] *** Joins: pcwalton (pcwalton@moz-l8ebtf.sfo1.mozilla.com)
[21:06:02] <imperio> no worries, that's not the first time I ask something for cargo
[21:06:03] *** Quits: pcwalton (pcwalton@moz-l8ebtf.sfo1.mozilla.com) (Client exited)
[21:06:09] *** Joins: pcwalton (pcwalton@moz-l8ebtf.sfo1.mozilla.com)
[21:06:18] <imperio> the last time it was about specify a license ffile instead of a license name
[21:06:39] <imperio> but it's always nice to have someone else's opinion, so thanks ^^
[21:07:11] <Dabo> yeah, no problem
[21:08:49] <imperio> done
[21:08:56] <imperio> now let's wait and see
[21:18:47] *** Quits: doener (doener@moz-929cn9.unity-media.net) (Quit: leaving)
[21:42:43] *** Quits: killercup (killercup@moz-gpufip.dip0.t-ipconnect.de) (Quit: Bye)
[21:47:43] *** Quits: SneakySnake (nya@moz-i9is4u.pool.telekom.hu) (Connection closed)
[21:48:21] *** Quits: pcwalton (pcwalton@moz-l8ebtf.sfo1.mozilla.com) (Client exited)
[21:51:50] *** Joins: pcwalton (pcwalton@moz-l8ebtf.sfo1.mozilla.com)
[21:53:22] *** Joins: killercup (killercup@moz-gpufip.dip0.t-ipconnect.de)
[21:53:25] *** Quits: killercup (killercup@moz-gpufip.dip0.t-ipconnect.de) (Connection closed)
[22:08:40] *** Quits: eibwen (eibwen@moz-oora8v.dip0.t-ipconnect.de) (Ping timeout: 121 seconds)
[22:12:03] *** Quits: santiago (santiago@moz-ro2mm9.res.rr.com) (Quit: Computer has gone to sleep.)
[22:13:43] *** Quits: swgillespie (swgillespie@moz-1i5.3un.220.167.IP) (Quit: My MacBook Pro has gone to sleep. ZZZzzz…)
[22:14:24] *** Quits: imperio (Mibbit@moz-8otf3a.fbx.proxad.net) (Quit: http://www.mibbit.com ajax IRC Client)
[22:14:54] *** Quits: harrisonclarke (harrisoncla@moz-uur7pt.eastlink.ca) (Connection closed)
[22:26:45] *** Joins: Torun (Torun@moz-34f2ia.dip0.t-ipconnect.de)
[22:27:00] *** Quits: Torun (Torun@moz-34f2ia.dip0.t-ipconnect.de) (Connection closed)
[22:29:54] *** Quits: TorunR (Torun@moz-34f2ia.dip0.t-ipconnect.de) (Ping timeout: 121 seconds)
[22:30:50] *** Quits: pcwalton (pcwalton@moz-l8ebtf.sfo1.mozilla.com) (Client exited)
[22:47:23] *** Joins: erickt (erickt@moz-njt.vqi.14.76.IP)
[22:54:39] *** Quits: ptalbot (ptalbot@moz-j4gnuh.fbx.proxad.net) (Ping timeout: 121 seconds)
[23:03:39] *** Quits: panicbit (panicbit@moz-r4ks4s.dip0.t-ipconnect.de) (Ping timeout: 121 seconds)
[23:10:33] *** Quits: gleb (gleb@moz-3u1drv.rusanovka-net.kiev.ua) (Ping timeout: 121 seconds)
[23:18:31] *** Joins: swgillespie (swgillespie@moz-1i5.3un.220.167.IP)
[23:26:59] *** Joins: pcwalton (pcwalton@moz-l8ebtf.sfo1.mozilla.com)
[23:39:58] *** Quits: Siosm (quassel@moz-hkaoqt.fr) (A TLS packet with unexpected length was received.)
[23:40:07] *** Joins: Siosm (quassel@moz-hkaoqt.fr)
[23:48:13] *** Quits: ytain_ (ytain@moz-trdbtq.dsl.teksavvy.com) (Quit: Textual IRC Client: www.textualapp.com)
