[00:18:39] *** Quits: brson (brson@moz-cfhap5.mtv2.mozilla.com) (Ping timeout: 121 seconds)
[00:50:32] *** Quits: simukis (nagisa@moz-8t068g.static.zebra.lt) (Ping timeout: 121 seconds)
[01:28:40] *** Quits: Rym (y@moz-g4dip9.range86-187.btcentralplus.com) (Ping timeout: 121 seconds)
[01:34:27] *** Joins: Rym (y@moz-g4dip9.range86-187.btcentralplus.com)
[01:46:26] *** Quits: Rym (y@moz-g4dip9.range86-187.btcentralplus.com) (Connection closed)
[01:47:56] *** Joins: Rym (y@moz-g4dip9.range86-187.btcentralplus.com)
[02:08:45] *** Quits: Rym (y@moz-g4dip9.range86-187.btcentralplus.com) (Ping timeout: 121 seconds)
[02:35:57] *** Joins: Rym (y@moz-g4dip9.range86-187.btcentralplus.com)
[02:37:28] *** Quits: zz_kimundi (kimundi@moz-j9v5l3.dip0.t-ipconnect.de) (Ping timeout: 121 seconds)
[02:39:44] *** Joins: zz_kimundi (kimundi@moz-nr28ki.dip0.t-ipconnect.de)
[02:39:45] *** zz_kimundi is now known as kimundi
[02:40:07] *** Quits: Rym (y@moz-g4dip9.range86-187.btcentralplus.com) (Ping timeout: 121 seconds)
[03:50:08] *** Quits: annodomini (lambda@moz-hceqmj.hfc.comcastbusiness.net) (Client exited)
[04:06:36] *** Quits: blank_name (blank_name@moz-sct.ivp.36.50.IP) (Quit: leaving)
[04:11:31] *** Joins: annodomini (lambda@moz-hceqmj.hfc.comcastbusiness.net)
[04:18:03] *** Quits: annodomini (lambda@moz-hceqmj.hfc.comcastbusiness.net) (Client exited)
[04:20:10] *** Joins: annodomini (lambda@moz-hceqmj.hfc.comcastbusiness.net)
[04:28:30] <Gankro> aturon: As far as I can tell the only motivation for AddAssign being distinct from Add is for types that want to only support AddAssign (e.g. to support libraries that want to abuse `+=` for special ops).
[04:29:10] <aturon> Gankro: hmmm, i must've missed some of the discussion then
[04:29:31] <Gankro> C# events was mentionned as a thing that does this
[04:29:54] <aturon> ahhhh ok
[04:30:32] <Gankro> aturon: https://github.com/rust-lang/rfcs/pull/953#issuecomment-77837120
[04:31:41] <Gankro> ultimately I think it's fine to just say "nah screw that"
[04:31:47] <aturon> Gankro: https://github.com/rust-lang/rfcs/pull/953#issuecomment-93184087
[04:31:49] <aturon> thanks
[04:31:55] <aturon> yeah... that's more or less my feeling
[04:32:36] <Gankro> Especially since there's rumblings of Op traits getting steamrolled for more general mechanisms
[04:33:00] <Gankro> Not that I expect such a thing in any kind of shortterm
[05:03:40] <aturon> Gankro: what's this steamrolling?
[05:03:48] * aturon is scared
[05:04:24] <Gankro> aturon: haha
[05:04:55] <Gankro> There's certainly a desire to be able to impl ops unsafely. And of course the haskeller contingent of "I must override all the sigils"
[05:05:39] <Gankro> aturon: Personally I find it weird that PartialEq has requirements
[05:05:43] <aturon> Gankro: ah ok, both fears i already had
[05:05:48] <aturon> ;-)
[05:05:59] <aturon> yes, i regret PartialEq/Eq
[05:06:09] <aturon> well, not "regret" i guess -- it was decided before i started
[05:06:26] <aturon> i think the distinction doesn't carry its weight
[05:06:47] <aturon> Gankro: btw, on my agenda for the next couple of months: RFC for specialization :)
[05:07:11] <Gankro> I'm fine with the distinction, it's just weird that that operators (partialeq, partialord) have any kind of requirements (it seems reasonable to have stronger requirements for actual generic bounds)
[05:07:17] <Gankro> Oh nice!
[05:07:41] *** Joins: Rym (y@moz-g4dip9.range86-187.btcentralplus.com)
[05:09:10] <Gankro> aturon: got a sketch of what it would be like?
[05:11:00] <aturon> Gankro: not yet :) mostly a list of pitfalls to try to avoid
[05:11:17] <aturon> (i haven't really started working on it, i'm just wrapping up a big governance RFC)
[05:11:53] <Gankro> aturon: Would you consider it possibly to have specialization on concrete impls without needing to make/impl traits?
[05:11:55] *** Quits: Rym (y@moz-g4dip9.range86-187.btcentralplus.com) (Ping timeout: 121 seconds)
[05:13:13] <aturon> Gankro: hm, i'm not sure i know what you mean, but i have a guess: you want to write some generic `fn foo<T>(t: T)` and just do "ad hoc" specialization on T right there?
[05:13:22] <aturon> (without putting `foo` on a trait)
[05:13:29] <Gankro> aturon: Yeah
[05:13:52] <Gankro> There's a lot of things you can do only with traits which is kinda annoying
[05:14:01] <Gankro> Sorta like the Java curse of "have to make a class"
[05:15:17] <aturon> yeah
[05:15:26] <aturon> i mean, that's kind of akin to allowing "normal" overloading
[05:15:33] <aturon> whereas right now all overloading goes through traits
[05:17:11] <Gankro> Worst-case we can use the same hacks Java does where you can make anonymous traits :P
[05:17:17] <aturon> nooooooo
[05:17:25] <aturon> worst of all worlds
[05:18:00] <aturon> some kind of inherent traits might be able to bridge the gap
[05:19:02] <Gankro> What like impl Self for Foo ?
[05:19:39] <aturon> sorry gtg
[05:19:45] <aturon> another time :)
[05:19:52] <Gankro> curse your reasonable family life!
[05:21:41] <cmr> ^
[05:52:25] <Gankro> acrichto: Wow! New rustdoc looks great!
[05:53:02] *** Joins: p1start (p1start@moz-nftjhe.org)
[05:53:05] <acrichto> Gankro: <3
[05:59:52] *** Quits: annodomini (lambda@moz-hceqmj.hfc.comcastbusiness.net) (Client exited)
[06:12:13] <bstrie> aturon: question from #rust, why is there no printf in libc
[06:13:13] <bstrie> acrichto: maybe you know as well?
[06:13:26] <klutzy> I guess liblibc just contains some functions used in std without any curation
[06:13:44] <bstrie> I thought we were autogenerating libc bindings, or something
[06:14:20] <huon> I believe graydon (partially?) autogenerated them originally, but they're hand maintained now
[06:15:45] <klutzy> https://github.com/rust-lang/rust/issues/17547
[06:15:54] <klutzy>  refactor liblibc into finer-grained crates #17547
[06:16:16] <klutzy> (which also discusses autognerating it)
[06:17:54] <acrichto> bstrie: yeah liblibc is by no means exhaustive
[06:18:01] <acrichto> nor does it strive to be
[06:19:33] <klutzy> I think we should maintain basic types in liblibc and remove all complex structs or functions
[06:21:44] <klutzy> btw, is it expected to use liblibc from crates.io rather than in-tree?
[06:21:58] <huon> yes
[06:22:19] <huon> (the in-tree one is "secret" compiler internals)
[06:23:27] <klutzy> I was using crates.io one, and found std::File::as_raw_handle() returns libc::HANDLE from in-tree
[06:24:07] <klutzy> on windows
[06:25:06] <klutzy> so I had to cast libc::HANDLE as libc::HANDLE (in-tree one as crates.io one)
[06:26:30] <huon> :(
[06:26:38] <huon> probably worth filing a bug?
[06:29:56] <klutzy> ah! HANDLE is *mut c_void, and c_void is defined as an enum (misthought it's ())
[06:30:03] <klutzy> so two enums differ
[06:30:35] <klutzy> was curious why unix' .as_raw_fd() doesn't make error
[06:31:40] <klutzy> I'll file an issue soon
[06:56:06] *** Joins: Rym (y@moz-g4dip9.range86-187.btcentralplus.com)
[07:00:13] *** Quits: Rym (y@moz-g4dip9.range86-187.btcentralplus.com) (Ping timeout: 121 seconds)
[07:12:29] <klutzy> filed https://github.com/rust-lang/rust/issues/24450
[07:50:10] *** Joins: Rym (y@moz-g4dip9.range86-187.btcentralplus.com)
[07:54:21] *** Quits: Rym (y@moz-g4dip9.range86-187.btcentralplus.com) (Ping timeout: 121 seconds)
[08:27:10] *** Joins: proc (proc@moz-glfmoo.dip0.t-ipconnect.de)
[08:39:37] *** Joins: simukis (nagisa@moz-8t068g.static.zebra.lt)
[08:44:16] *** Joins: Rym (y@moz-g4dip9.range86-187.btcentralplus.com)
[08:48:30] *** Quits: Rym (y@moz-g4dip9.range86-187.btcentralplus.com) (Ping timeout: 121 seconds)
[09:32:42] *** kimundi is now known as zz_kimundi
[09:38:28] *** Joins: Rym (y@moz-g4dip9.range86-187.btcentralplus.com)
[09:41:46] *** Quits: simukis (nagisa@moz-8t068g.static.zebra.lt) (Quit: Leaving.)
[09:42:41] *** Quits: Rym (y@moz-g4dip9.range86-187.btcentralplus.com) (Ping timeout: 121 seconds)
[10:07:48] *** zz_kimundi is now known as kimundi
[10:08:19] *** Joins: simukis (nagisa@moz-8t068g.static.zebra.lt)
[10:21:08] *** Quits: nrc (nrc@moz-4bhi2i.xtra.co.nz) (Ping timeout: 121 seconds)
[10:52:57] *** Quits: pnkfelix (pnkfelix@moz-eljppb.fbx.proxad.net) (Quit: rcirc on GNU Emacs 24.3.92.1)
[11:35:32] *** kimundi is now known as zz_kimundi
[12:11:25] *** Quits: WindowsBunny (Peter@moz-ubruqj.east.verizon.net) (*.net *.split)
[12:11:25] *** Quits: steveklabnik (root@moz-fft.uo8.55.45.IP) (*.net *.split)
[12:11:25] *** Quits: JustAPerson (JustAPerson@moz-un628q.moe) (*.net *.split)
[12:11:25] *** Quits: [o__o] ([o__o]@moz-4s2t5k.compute-1.amazonaws.com) (*.net *.split)
[12:11:25] *** Quits: Sergio (Sergio@moz-23roph.bz) (*.net *.split)
[12:11:25] *** Quits: frewsxcv (frewsxcv@moz-lr4.h2r.241.192.IP) (*.net *.split)
[12:11:26] *** Quits: bstrie (ben@moz-avu3ju.members.linode.com) (*.net *.split)
[12:11:32] *** Joins: bstrie (ben@moz-avu3ju.members.linode.com)
[12:11:32] *** Joins: Sergio (Sergio@moz-23roph.bz)
[12:11:32] *** Joins: WindowsBunny (Peter@moz-ubruqj.east.verizon.net)
[12:11:32] *** Joins: steveklabnik (root@moz-fft.uo8.55.45.IP)
[12:11:32] *** Joins: JustAPerson (JustAPerson@moz-un628q.moe)
[12:11:32] *** Joins: [o__o] ([o__o]@moz-4s2t5k.compute-1.amazonaws.com)
[12:11:32] *** Joins: frewsxcv (frewsxcv@moz-lr4.h2r.241.192.IP)
[12:11:32] *** levin.mozilla.org sets mode: +o steveklabnik
[12:20:57] *** Joins: Rym (y@moz-g4dip9.range86-187.btcentralplus.com)
[12:22:05] *** Quits: WindowsBunny (Peter@moz-ubruqj.east.verizon.net) (*.net *.split)
[12:22:05] *** Quits: steveklabnik (root@moz-fft.uo8.55.45.IP) (*.net *.split)
[12:22:05] *** Quits: JustAPerson (JustAPerson@moz-un628q.moe) (*.net *.split)
[12:22:05] *** Quits: [o__o] ([o__o]@moz-4s2t5k.compute-1.amazonaws.com) (*.net *.split)
[12:22:05] *** Quits: Sergio (Sergio@moz-23roph.bz) (*.net *.split)
[12:22:05] *** Quits: frewsxcv (frewsxcv@moz-lr4.h2r.241.192.IP) (*.net *.split)
[12:22:05] *** Quits: bstrie (ben@moz-avu3ju.members.linode.com) (*.net *.split)
[12:22:32] *** Joins: bstrie (ben@moz-avu3ju.members.linode.com)
[12:22:32] *** Joins: Sergio (Sergio@moz-23roph.bz)
[12:22:32] *** Joins: WindowsBunny (Peter@moz-ubruqj.east.verizon.net)
[12:22:32] *** Joins: steveklabnik (root@moz-fft.uo8.55.45.IP)
[12:22:32] *** Joins: JustAPerson (JustAPerson@moz-un628q.moe)
[12:22:32] *** Joins: [o__o] ([o__o]@moz-4s2t5k.compute-1.amazonaws.com)
[12:22:32] *** Joins: frewsxcv (frewsxcv@moz-lr4.h2r.241.192.IP)
[12:22:32] *** levin.mozilla.org sets mode: +o steveklabnik
[12:25:07] *** Quits: Rym (y@moz-g4dip9.range86-187.btcentralplus.com) (Ping timeout: 121 seconds)
[12:28:20] *** Quits: p1start (p1start@moz-nftjhe.org) (Ping timeout: 121 seconds)
[12:47:56] *** Quits: simukis (nagisa@moz-8t068g.static.zebra.lt) (Ping timeout: 121 seconds)
[13:05:31] *** Joins: simukis (nagisa@moz-8t068g.static.zebra.lt)
[13:15:01] *** Joins: Rym (y@moz-g4dip9.range86-187.btcentralplus.com)
[13:19:17] *** Quits: Rym (y@moz-g4dip9.range86-187.btcentralplus.com) (Ping timeout: 121 seconds)
[13:45:26] *** zz_kimundi is now known as kimundi
[14:38:14] *** Joins: pnkfelix (pnkfelix@moz-6v5.3nd.202.89.IP)
[14:38:15] *** ChanServ sets mode: +o pnkfelix
[15:00:04] *** Joins: gleb (gleb@moz-3u1drv.rusanovka-net.kiev.ua)
[15:10:56] *** Joins: annodomini (lambda@moz-hceqmj.hfc.comcastbusiness.net)
[15:57:30] *** Joins: brson (brson@moz-cfhap5.mtv2.mozilla.com)
[15:57:30] *** ChanServ sets mode: +qo brson brson
[16:00:20] *** Quits: [o__o] ([o__o]@moz-4s2t5k.compute-1.amazonaws.com) (A TLS packet with unexpected length was received.)
[16:05:23] *** Joins: [o__o] ([o__o]@moz-4s2t5k.compute-1.amazonaws.com)
[16:07:24] *** Quits: [o__o] ([o__o]@moz-4s2t5k.compute-1.amazonaws.com) (A TLS packet with unexpected length was received.)
[16:07:41] *** Joins: [o__o] ([o__o]@moz-4s2t5k.compute-1.amazonaws.com)
[16:42:33] *** Quits: pnkfelix (pnkfelix@moz-6v5.3nd.202.89.IP) (Quit: rcirc on GNU Emacs 24.3.92.1)
[17:04:59] *** kimundi is now known as zz_kimundi
[17:21:29] *** Joins: blank_name (blank_name@moz-sct.ivp.36.50.IP)
[17:34:47] *** Joins: erickt (erickt@moz-njt.vqi.14.76.IP)
[17:35:02] <erickt> Gankro: oh right, I suppose not #rust-internals :)
[17:35:46] <erickt> Gankro: so anyway, the short of it is that I thought we could get further if we were collaborating instead of just each of us having our own toy libraries
[17:36:37] <Gankro> erickt: Totally. I just think we need a heavy consumer to motivate design.
[17:37:00] <Gankro> If you're writing rust-pandas, then that seems like it'd work
[17:37:07] <erickt> definitely
[17:37:27] <erickt> but sadly I must run to a dentist appointment
[17:41:20] <Gankro> erickt: cya!
[18:04:47] *** Quits: erickt (erickt@moz-njt.vqi.14.76.IP) (Ping timeout: 121 seconds)
[18:40:13] *** Joins: Rym (y@moz-g4dip9.range86-187.btcentralplus.com)
[18:44:27] *** Quits: Rym (y@moz-g4dip9.range86-187.btcentralplus.com) (Ping timeout: 121 seconds)
[18:54:12] *** Joins: erickt (erickt@moz-njt.vqi.14.76.IP)
[19:01:23] *** Joins: sigma (sigma@moz-ohog4c.range86-135.btcentralplus.com)
[19:06:12] *** Joins: nrc (nrc@moz-4bhi2i.xtra.co.nz)
[19:06:12] *** ChanServ sets mode: +qo nrc nrc
[19:44:53] *** Joins: carllerche (sid50851@moz-2ij.vkt.184.192.IP)
[20:00:42] *** Joins: rumpler (Mibbit@moz-b30.tso.126.77.IP)
[20:01:29] *** Quits: erickt (erickt@moz-njt.vqi.14.76.IP) (Ping timeout: 121 seconds)
[20:01:31] *** Joins: p1start (p1start@moz-nftjhe.org)
[20:19:37] *** Quits: p1start (p1start@moz-nftjhe.org) (Ping timeout: 121 seconds)
[20:48:35] *** Joins: p1start (p1start@moz-nftjhe.org)
[20:48:48] *** Joins: WindowsBunny1 (Peter@moz-r1n9v0.east.verizon.net)
[20:49:28] *** Quits: WindowsBunny (Peter@moz-ubruqj.east.verizon.net) (Connection closed)
[20:54:39] *** Joins: erickt (erickt@moz-njt.vqi.14.76.IP)
[21:15:58] *** Joins: mcpherrin (mcpherrin@moz-fl0kt2.ca.comcast.net)
[21:25:49] *** zz_kimundi is now known as kimundi
[21:32:07] *** Quits: p1start (p1start@moz-nftjhe.org) (Ping timeout: 121 seconds)
[21:32:21] <erickt> Gankro: yo
[21:32:30] <Gankro> erickt: pong
[21:33:03] <erickt> any chance you implemented all my relational algebraic primitives since we last talked?
[21:34:21] <erickt> I mean what else did you have to do today?
[21:35:18] <Gankro> erickt: Nah I spent most of the day weeping over the death of guaranteed drop and getting motion sickness from some guys oculus rift honours project
[21:35:42] <erickt> guaranteed drop died?
[21:35:43] <erickt> :/
[21:40:49] <reem> well it’s not definitely dead yet, but possibly
[21:41:19] <erickt> is this pnkfelix's statically determined drop rfc?
[21:41:36] <erickt> because I was hoping we'd get rid of that hidden bit :(
[21:44:08] <Gankro> erickt: No, RefCell + Rc lets you implement mem::forget in safe code
[21:56:47] <erickt> that feels like it'd be handy
[21:59:16] *** Joins: LinuxBunny (Retep998@moz-r1n9v0.east.verizon.net)
[22:06:02] *** Quits: WindowsBunny1 (Peter@moz-r1n9v0.east.verizon.net) (Ping timeout: 121 seconds)
[22:25:58] *** Quits: simukis (nagisa@moz-8t068g.static.zebra.lt) (Ping timeout: 121 seconds)
[22:40:40] *** kimundi is now known as zz_kimundi
[22:53:46] *** Joins: c74d3 (c74d3a4ebb6@moz-0ersgu.oc.cox.net)
[22:54:00] *** Quits: c74d (c74d3a4ebb6@moz-0ersgu.oc.cox.net) (Ping timeout: 121 seconds)
[22:57:23] *** c74d3 is now known as c74d
[23:46:07] *** Joins: Rym (y@moz-4vn.8i0.144.109.IP)
[23:47:04] *** Quits: proc (proc@moz-glfmoo.dip0.t-ipconnect.de) (Quit: Gotta eat my pizza)
[23:49:12] *** Quits: brson (brson@moz-cfhap5.mtv2.mozilla.com) (Quit: leaving)
