[00:06:08] *** Quits: harrisonclarke (harrisoncla@moz-g1kp2c.ns.bellaliant.net) (Connection closed)
[00:14:32] *** Quits: tomaka (Pierre@moz-42vh99.abo.wanadoo.fr) (Ping timeout: 121 seconds)
[00:26:34] *** Joins: tomaka (Pierre@moz-kqs9pc.abo.wanadoo.fr)
[00:30:46] *** Quits: brson (brson@moz-cfhap5.mtv2.mozilla.com) (Quit: leaving)
[00:35:44] *** Joins: harrisonclarke (harrisoncla@moz-u86l8v.eastlink.ca)
[00:46:47] *** Quits: harrisonclarke (harrisoncla@moz-u86l8v.eastlink.ca) (Quit: )
[01:11:38] *** Quits: durka42 (Adium@moz-8sv9fs.o2oh.k96e.f470.2607.IP) (Quit: Leaving.)
[01:23:15] *** Joins: fkaa (tundmatu@moz-501od2.business.telia.com)
[01:24:46] *** Quits: swgillespie (swgillespie@moz-rn1.vmq.232.104.IP) (Quit: My MacBook Pro has gone to sleep. ZZZzzz…)
[02:00:01] *** Quits: dpc (dpc@moz-t6gr4b.ca.comcast.net) (Ping timeout: 121 seconds)
[02:06:31] *** Joins: A205B064 (A205B064@moz-9s9nhk.nap.wideopenwest.com)
[02:14:39] *** Joins: durka42 (Adium@moz-qsuual.pa.comcast.net)
[02:14:58] *** Quits: iu (iu@moz-6263qv.cc.cmu.edu) (Quit: )
[02:15:07] *** Quits: bjz (bjz@moz-puppgq.tpgi.com.au) (Quit: My Mac has gone to sleep. ZZZzzz…)
[02:29:15] *** kimundi is now known as zz_kimundi
[02:33:18] *** Joins: brson (brson@moz-cfhap5.mtv2.mozilla.com)
[02:40:36] *** Quits: burntsushi (burntsushi@moz-t92kn9.ma.charter.com) (Connection closed)
[02:40:43] *** Quits: brson (brson@moz-cfhap5.mtv2.mozilla.com) (Quit: leaving)
[02:40:47] *** Quits: Quxxy (chatzilla@moz-efh10q.internode.on.net) (Quit: ChatZilla 0.9.91.1 [Firefox 38.0.5/20150525141253])
[02:40:52] *** Joins: brson (brson@moz-cfhap5.mtv2.mozilla.com)
[02:40:56] *** Joins: burntsushi (burntsushi@moz-t92kn9.ma.charter.com)
[02:40:59] *** Quits: qrlpx (smuxi@moz-n7t.3nb.211.95.IP) (Connection closed)
[02:41:02] *** Joins: Quxxy (chatzilla@moz-0nv.jkp.167.59.IP)
[02:41:16] *** Quits: Kingsquee (kingsley@moz-3fm07c.bchsia.telus.net) (Connection closed)
[02:41:37] *** Quits: mystor (sid79584@moz-761b3h.charlton.irccloud.com) (Quit: )
[02:41:41] *** Quits: burntsushi (burntsushi@moz-t92kn9.ma.charter.com) (Connection closed)
[02:41:45] *** Quits: durka42 (Adium@moz-qsuual.pa.comcast.net) (Quit: Leaving.)
[02:41:47] *** Quits: Quxxy (chatzilla@moz-0nv.jkp.167.59.IP) (Quit: ChatZilla 0.9.91.1 [Firefox 38.0.5/20150525141253])
[02:42:06] *** Quits: locks (sid130@moz-11300h.brockwell.irccloud.com) (Quit: )
[02:42:15] *** Quits: MetaCosm (sid514@moz-2jv0oc.highgate.irccloud.com) (Quit: )
[02:43:04] *** Quits: tilpner (tilpner@moz-6vhgm3.de) (RecvQ exceeded)
[02:43:18] *** Joins: durka42 (Adium@moz-qsuual.pa.comcast.net)
[02:43:29] *** Quits: p1start (p1start@moz-nftjhe.org) (Quit: leaving)
[02:43:36] *** Joins: p1start (p1start@moz-nftjhe.org)
[02:43:47] *** Quits: dcuddeback (textual@moz-ilr344.ca.comcast.net) (RecvQ exceeded)
[02:44:03] *** Quits: p1start (p1start@moz-nftjhe.org) (Quit: leaving)
[02:44:11] *** Quits: [dmp] (dennis@moz-tjonjm.d75.net) (Ping timeout: 121 seconds)
[02:44:12] *** Quits: durka42 (Adium@moz-qsuual.pa.comcast.net) (Quit: Leaving.)
[02:44:39] *** Joins: tilpner (tilpner@moz-6vhgm3.de)
[02:44:43] *** Quits: Dabo (dabo@znc.dabo.guru) (RecvQ exceeded)
[02:44:58] *** Quits: santiago (santiago@moz-ro2mm9.res.rr.com) (RecvQ exceeded)
[02:45:19] *** Joins: santiago (santiago@moz-ro2mm9.res.rr.com)
[02:45:25] *** Quits: zyphrus (David@moz-3h0.d1d.98.101.IP) (Quit: Bye bye)
[02:45:44] *** Joins: zyphrus (David@moz-3h0.d1d.98.101.IP)
[02:46:00] *** Quits: ebfull (ebfull@moz-2hf06a.co.comcast.net) (Connection closed)
[02:46:12] *** Quits: brson (brson@moz-cfhap5.mtv2.mozilla.com) (Quit: leaving)
[02:46:14] *** Quits: bpugh (bpugh@moz-715e47.ca.comcast.net) (Quit: leaving)
[02:46:14] *** Joins: ebfull (ebfull@moz-2hf06a.co.comcast.net)
[02:46:18] *** Joins: durka42 (Adium@moz-qsuual.pa.comcast.net)
[02:46:21] *** Joins: brson (brson@moz-cfhap5.mtv2.mozilla.com)
[02:46:29] *** Quits: santiago (santiago@moz-ro2mm9.res.rr.com) (RecvQ exceeded)
[02:46:50] *** Joins: santiago (santiago@moz-ro2mm9.res.rr.com)
[02:46:59] *** Quits: fkaa (tundmatu@moz-501od2.business.telia.com) (RecvQ exceeded)
[02:47:03] *** Joins: p1start (p1start@moz-nftjhe.org)
[02:47:23] *** Joins: fkaa (tundmatu@moz-501od2.business.telia.com)
[02:47:31] *** Quits: santiago (santiago@moz-ro2mm9.res.rr.com) (RecvQ exceeded)
[02:47:47] *** Quits: tilpner (tilpner@moz-6vhgm3.de) (RecvQ exceeded)
[02:47:58] *** Joins: Dabo (dabo@znc.dabo.guru)
[02:47:59] *** Joins: santiago (santiago@moz-vsm.f11.175.104.IP)
[02:48:22] *** Joins: tilpner (tilpner@moz-6vhgm3.de)
[02:48:40] *** Joins: reem_ (reem@moz-2icmmi.ca.comcast.net)
[02:48:50] *** Quits: santiago (santiago@moz-vsm.f11.175.104.IP) (RecvQ exceeded)
[02:49:04] *** Quits: fkaa (tundmatu@moz-501od2.business.telia.com) (RecvQ exceeded)
[02:49:15] *** Joins: santiago (santiago@moz-ro2mm9.res.rr.com)
[02:49:17] *** Quits: phaylon (phaylon@moz-t987n8.scsys.co.uk) (Connection closed)
[02:49:26] *** Joins: fkaa (tundmatu@moz-501od2.business.telia.com)
[02:49:55] *** Quits: santiago (santiago@moz-ro2mm9.res.rr.com) (RecvQ exceeded)
[02:50:05] *** Quits: Mutabah (tpg@moz-hklpnj.mutabah.net) (Quit: Fuck this- Restarting to clear spam)
[02:50:19] *** Joins: santiago (santiago@moz-ro2mm9.res.rr.com)
[02:50:59] *** Quits: santiago (santiago@moz-ro2mm9.res.rr.com) (RecvQ exceeded)
[02:51:07] *** Quits: fkaa (tundmatu@moz-501od2.business.telia.com) (RecvQ exceeded)
[02:51:10] *** Quits: frewsxcv (sid86219@moz-dneii9.brockwell.irccloud.com) (Quit: )
[02:51:20] *** Joins: Mutabah (tpg@moz-hklpnj.mutabah.net)
[02:51:21] *** Joins: locks (sid130@moz-11300h.brockwell.irccloud.com)
[02:51:24] *** Joins: santiago (santiago@moz-ro2mm9.res.rr.com)
[02:51:29] *** Joins: fkaa (tundmatu@moz-501od2.business.telia.com)
[02:51:56] *** Quits: zz_kimundi (kimundi@moz-qgou9j.dip0.t-ipconnect.de) (Ping timeout: 121 seconds)
[02:52:07] *** Quits: santiago (santiago@moz-ro2mm9.res.rr.com) (RecvQ exceeded)
[02:52:30] *** Joins: santiago (santiago@moz-ro2mm9.res.rr.com)
[02:52:54] *** Joins: mystor (sid79584@moz-761b3h.charlton.irccloud.com)
[02:53:10] *** Quits: fkaa (tundmatu@moz-501od2.business.telia.com) (RecvQ exceeded)
[02:53:15] *** Quits: santiago (santiago@moz-ro2mm9.res.rr.com) (RecvQ exceeded)
[02:53:35] *** Joins: fkaa (tundmatu@moz-501od2.business.telia.com)
[02:53:38] *** Joins: santiago (santiago@moz-ro2mm9.res.rr.com)
[02:53:48] *** Joins: zz_kimundi (kimundi@moz-ihvdqt.dip0.t-ipconnect.de)
[02:53:49] *** zz_kimundi is now known as kimundi
[02:54:02] *** Joins: phaylon (phaylon@moz-t987n8.scsys.co.uk)
[02:54:06] *** Joins: [dmp] (dennis@moz-tjonjm.d75.net)
[02:54:24] *** Quits: santiago (santiago@moz-ro2mm9.res.rr.com) (RecvQ exceeded)
[02:54:56] *** Joins: santiago (santiago@moz-ro2mm9.res.rr.com)
[02:55:18] *** Quits: fkaa (tundmatu@moz-501od2.business.telia.com) (RecvQ exceeded)
[02:55:39] *** Quits: santiago (santiago@moz-ro2mm9.res.rr.com) (RecvQ exceeded)
[02:55:40] *** Joins: fkaa (tundmatu@moz-501od2.business.telia.com)
[02:55:51] *** Quits: reem_ (reem@moz-2icmmi.ca.comcast.net) (Connection closed)
[02:56:06] *** Joins: santiago (santiago@moz-ro2mm9.res.rr.com)
[02:56:49] *** Quits: santiago (santiago@moz-ro2mm9.res.rr.com) (RecvQ exceeded)
[02:57:20] *** Joins: santiago (santiago@moz-ro2mm9.res.rr.com)
[02:57:22] *** Quits: fkaa (tundmatu@moz-501od2.business.telia.com) (RecvQ exceeded)
[02:57:44] *** Joins: fkaa (tundmatu@moz-501od2.business.telia.com)
[02:58:03] *** Quits: santiago (santiago@moz-ro2mm9.res.rr.com) (RecvQ exceeded)
[02:58:35] *** Joins: santiago (santiago@moz-ro2mm9.res.rr.com)
[02:58:36] *** Quits: Manishearth (manishearth@moz-8puj7k.net) (Ping timeout: 121 seconds)
[02:59:22] *** Quits: santiago (santiago@moz-ro2mm9.res.rr.com) (RecvQ exceeded)
[02:59:26] *** Quits: fkaa (tundmatu@moz-501od2.business.telia.com) (RecvQ exceeded)
[02:59:48] *** Joins: santiago (santiago@moz-ro2mm9.res.rr.com)
[02:59:48] *** Joins: fkaa (tundmatu@moz-501od2.business.telia.com)
[03:00:30] *** Quits: santiago (santiago@moz-ro2mm9.res.rr.com) (RecvQ exceeded)
[03:00:51] *** Joins: santiago (santiago@moz-ro2mm9.res.rr.com)
[03:01:28] *** Quits: santiago (santiago@moz-ro2mm9.res.rr.com) (RecvQ exceeded)
[03:01:29] *** Quits: fkaa (tundmatu@moz-501od2.business.telia.com) (RecvQ exceeded)
[03:01:36] *** Joins: Manishearth (manishearth@moz-8puj7k.net)
[03:01:51] *** Joins: fkaa (tundmatu@moz-501od2.business.telia.com)
[03:01:51] *** Joins: santiago (santiago@moz-ro2mm9.res.rr.com)
[03:02:26] *** Quits: santiago (santiago@moz-ro2mm9.res.rr.com) (RecvQ exceeded)
[03:02:50] *** Joins: santiago (santiago@moz-ro2mm9.res.rr.com)
[03:03:31] *** Quits: fkaa (tundmatu@moz-501od2.business.telia.com) (RecvQ exceeded)
[03:03:57] *** Quits: santiago (santiago@moz-ro2mm9.res.rr.com) (RecvQ exceeded)
[03:04:13] *** Joins: fkaa (tundmatu@moz-501od2.business.telia.com)
[03:04:19] *** Joins: santiago (santiago@moz-ro2mm9.res.rr.com)
[03:05:22] *** Quits: santiago (santiago@moz-ro2mm9.res.rr.com) (RecvQ exceeded)
[03:05:45] *** Joins: santiago (santiago@moz-ro2mm9.res.rr.com)
[03:05:49] *** Quits: fkaa (tundmatu@moz-501od2.business.telia.com) (RecvQ exceeded)
[03:06:11] *** Joins: fkaa (tundmatu@moz-501od2.business.telia.com)
[03:06:19] *** Quits: santiago (santiago@moz-ro2mm9.res.rr.com) (RecvQ exceeded)
[03:06:41] *** Joins: santiago (santiago@moz-ro2mm9.res.rr.com)
[03:07:52] *** Quits: fkaa (tundmatu@moz-501od2.business.telia.com) (RecvQ exceeded)
[03:08:04] *** Quits: santiago (santiago@moz-ro2mm9.res.rr.com) (RecvQ exceeded)
[03:08:15] *** Joins: fkaa (tundmatu@moz-501od2.business.telia.com)
[03:08:26] *** Joins: santiago (santiago@moz-ro2mm9.res.rr.com)
[03:09:40] *** Quits: santiago (santiago@moz-ro2mm9.res.rr.com) (RecvQ exceeded)
[03:09:56] *** Quits: fkaa (tundmatu@moz-501od2.business.telia.com) (RecvQ exceeded)
[03:10:02] *** Joins: santiago (santiago@moz-ro2mm9.res.rr.com)
[03:10:18] *** Joins: fkaa (tundmatu@moz-501od2.business.telia.com)
[03:11:10] *** Quits: santiago (santiago@moz-ro2mm9.res.rr.com) (RecvQ exceeded)
[03:11:22] *** Quits: p32blo1 (p32blo@moz-305o0v.cpe.netcabo.pt) (Ping timeout: 121 seconds)
[03:11:37] *** Joins: santiago (santiago@moz-ro2mm9.res.rr.com)
[03:11:58] *** Quits: fkaa (tundmatu@moz-501od2.business.telia.com) (RecvQ exceeded)
[03:12:40] *** Joins: fkaa (tundmatu@moz-501od2.business.telia.com)
[03:12:49] *** Quits: santiago (santiago@moz-ro2mm9.res.rr.com) (RecvQ exceeded)
[03:13:12] *** Joins: santiago (santiago@moz-ro2mm9.res.rr.com)
[03:14:20] *** Quits: fkaa (tundmatu@moz-501od2.business.telia.com) (RecvQ exceeded)
[03:14:29] *** Quits: santiago (santiago@moz-ro2mm9.res.rr.com) (RecvQ exceeded)
[03:14:42] *** Joins: fkaa (tundmatu@moz-501od2.business.telia.com)
[03:14:54] *** Joins: santiago (santiago@moz-ro2mm9.res.rr.com)
[03:15:02] *** Quits: Manishearth (manishearth@moz-8puj7k.net) (Quit: Ruh roh)
[03:16:12] *** Quits: santiago (santiago@moz-ro2mm9.res.rr.com) (RecvQ exceeded)
[03:16:23] *** Quits: fkaa (tundmatu@moz-501od2.business.telia.com) (RecvQ exceeded)
[03:16:38] *** Joins: santiago (santiago@moz-ro2mm9.res.rr.com)
[03:17:04] *** Joins: fkaa (tundmatu@moz-501od2.business.telia.com)
[03:17:23] *** Joins: Quxxy (chatzilla@moz-efh10q.internode.on.net)
[03:17:51] *** Quits: santiago (santiago@moz-ro2mm9.res.rr.com) (RecvQ exceeded)
[03:18:16] *** Joins: santiago (santiago@moz-ro2mm9.res.rr.com)
[03:18:44] *** Quits: fkaa (tundmatu@moz-501od2.business.telia.com) (RecvQ exceeded)
[03:19:06] *** Joins: fkaa (tundmatu@moz-501od2.business.telia.com)
[03:19:18] *** Quits: santiago (santiago@moz-ro2mm9.res.rr.com) (RecvQ exceeded)
[03:19:47] *** Joins: santiago (santiago@moz-ro2mm9.res.rr.com)
[03:20:46] *** Quits: fkaa (tundmatu@moz-501od2.business.telia.com) (RecvQ exceeded)
[03:20:55] *** Quits: santiago (santiago@moz-ro2mm9.res.rr.com) (RecvQ exceeded)
[03:21:20] *** Joins: santiago (santiago@moz-ro2mm9.res.rr.com)
[03:21:27] *** Joins: fkaa (tundmatu@moz-501od2.business.telia.com)
[03:22:23] *** Quits: santiago (santiago@moz-ro2mm9.res.rr.com) (RecvQ exceeded)
[03:22:48] *** Joins: santiago (santiago@moz-ro2mm9.res.rr.com)
[03:23:03] *** Quits: fkaa (tundmatu@moz-501od2.business.telia.com) (RecvQ exceeded)
[03:23:24] *** Joins: fkaa (tundmatu@moz-501od2.business.telia.com)
[03:23:51] *** Quits: santiago (santiago@moz-ro2mm9.res.rr.com) (RecvQ exceeded)
[03:24:14] *** Joins: santiago (santiago@moz-ro2mm9.res.rr.com)
[03:25:05] *** Quits: fkaa (tundmatu@moz-501od2.business.telia.com) (RecvQ exceeded)
[03:25:17] *** Quits: santiago (santiago@moz-ro2mm9.res.rr.com) (RecvQ exceeded)
[03:25:27] *** Joins: fkaa (tundmatu@moz-501od2.business.telia.com)
[03:25:43] *** Joins: santiago (santiago@moz-ro2mm9.res.rr.com)
[03:26:37] *** Quits: santiago (santiago@moz-ro2mm9.res.rr.com) (RecvQ exceeded)
[03:27:01] *** Joins: santiago (santiago@moz-ro2mm9.res.rr.com)
[03:27:07] *** Quits: fkaa (tundmatu@moz-501od2.business.telia.com) (RecvQ exceeded)
[03:27:29] *** Joins: fkaa (tundmatu@moz-501od2.business.telia.com)
[03:28:00] *** Quits: santiago (santiago@moz-ro2mm9.res.rr.com) (RecvQ exceeded)
[03:28:23] *** Joins: santiago (santiago@moz-ro2mm9.res.rr.com)
[03:29:10] *** Quits: fkaa (tundmatu@moz-501od2.business.telia.com) (RecvQ exceeded)
[03:29:27] *** Quits: santiago (santiago@moz-ro2mm9.res.rr.com) (RecvQ exceeded)
[03:29:50] *** Joins: santiago (santiago@moz-ro2mm9.res.rr.com)
[03:29:51] *** Joins: fkaa (tundmatu@moz-501od2.business.telia.com)
[03:30:59] *** Quits: santiago (santiago@moz-ro2mm9.res.rr.com) (RecvQ exceeded)
[03:31:22] *** Joins: santiago (santiago@moz-ro2mm9.res.rr.com)
[03:31:32] *** Quits: fkaa (tundmatu@moz-501od2.business.telia.com) (RecvQ exceeded)
[03:31:55] *** Joins: fkaa (tundmatu@moz-501od2.business.telia.com)
[03:32:25] *** Joins: reem_ (reem@moz-2icmmi.ca.comcast.net)
[03:32:29] *** Quits: santiago (santiago@moz-ro2mm9.res.rr.com) (RecvQ exceeded)
[03:32:53] *** Joins: santiago (santiago@moz-ro2mm9.res.rr.com)
[03:33:02] *** Quits: reem_ (reem@moz-2icmmi.ca.comcast.net) (Quit: )
[03:33:27] *** durka42 is now known as durka42-adium
[03:33:36] *** Quits: fkaa (tundmatu@moz-501od2.business.telia.com) (RecvQ exceeded)
[03:33:57] *** Quits: santiago (santiago@moz-ro2mm9.res.rr.com) (RecvQ exceeded)
[03:34:18] *** Joins: fkaa (tundmatu@moz-501od2.business.telia.com)
[03:34:19] *** Joins: santiago (santiago@moz-ro2mm9.res.rr.com)
[03:35:19] *** Quits: santiago (santiago@moz-ro2mm9.res.rr.com) (RecvQ exceeded)
[03:35:42] *** Joins: santiago (santiago@moz-ro2mm9.res.rr.com)
[03:35:58] *** Quits: fkaa (tundmatu@moz-501od2.business.telia.com) (RecvQ exceeded)
[03:36:21] *** Joins: fkaa (tundmatu@moz-501od2.business.telia.com)
[03:36:43] *** Quits: santiago (santiago@moz-ro2mm9.res.rr.com) (RecvQ exceeded)
[03:37:05] *** Joins: santiago (santiago@moz-ro2mm9.res.rr.com)
[03:37:52] *** Quits: fkaa (tundmatu@moz-501od2.business.telia.com) (RecvQ exceeded)
[03:38:05] *** Quits: santiago (santiago@moz-ro2mm9.res.rr.com) (RecvQ exceeded)
[03:38:10] *** Joins: durka42 (durka42@moz-qsuual.pa.comcast.net)
[03:38:13] *** Joins: fkaa (tundmatu@moz-501od2.business.telia.com)
[03:38:36] *** Joins: santiago (santiago@moz-ro2mm9.res.rr.com)
[03:39:37] *** Quits: santiago (santiago@moz-ro2mm9.res.rr.com) (RecvQ exceeded)
[03:39:54] *** Quits: fkaa (tundmatu@moz-501od2.business.telia.com) (RecvQ exceeded)
[03:39:59] *** Joins: santiago (santiago@moz-ro2mm9.res.rr.com)
[03:40:17] *** Joins: fkaa (tundmatu@moz-501od2.business.telia.com)
[03:41:01] *** Quits: santiago (santiago@moz-ro2mm9.res.rr.com) (RecvQ exceeded)
[03:41:25] *** Joins: santiago (santiago@moz-ro2mm9.res.rr.com)
[03:42:00] *** Quits: fkaa (tundmatu@moz-501od2.business.telia.com) (RecvQ exceeded)
[03:42:22] *** Joins: fkaa (tundmatu@moz-501od2.business.telia.com)
[03:42:35] *** Quits: santiago (santiago@moz-ro2mm9.res.rr.com) (RecvQ exceeded)
[03:42:58] *** Joins: santiago (santiago@moz-ro2mm9.res.rr.com)
[03:44:01] *** Quits: santiago (santiago@moz-ro2mm9.res.rr.com) (RecvQ exceeded)
[03:44:04] *** Quits: fkaa (tundmatu@moz-501od2.business.telia.com) (RecvQ exceeded)
[03:44:24] *** Joins: santiago (santiago@moz-ro2mm9.res.rr.com)
[03:44:26] *** Joins: fkaa (tundmatu@moz-501od2.business.telia.com)
[03:45:31] *** Quits: santiago (santiago@moz-ro2mm9.res.rr.com) (RecvQ exceeded)
[03:45:56] *** Joins: santiago (santiago@moz-ro2mm9.res.rr.com)
[03:46:08] *** Quits: fkaa (tundmatu@moz-501od2.business.telia.com) (RecvQ exceeded)
[03:46:31] *** Joins: fkaa (tundmatu@moz-501od2.business.telia.com)
[03:46:59] *** Quits: santiago (santiago@moz-ro2mm9.res.rr.com) (RecvQ exceeded)
[03:47:24] *** Quits: durka42-adium (Adium@moz-qsuual.pa.comcast.net) (Quit: Leaving.)
[03:47:24] *** Joins: santiago (santiago@moz-ro2mm9.res.rr.com)
[03:48:14] *** Quits: fkaa (tundmatu@moz-501od2.business.telia.com) (RecvQ exceeded)
[03:48:27] *** Quits: santiago (santiago@moz-ro2mm9.res.rr.com) (RecvQ exceeded)
[03:48:36] *** Joins: fkaa (tundmatu@moz-501od2.business.telia.com)
[03:48:50] *** Joins: santiago (santiago@moz-ro2mm9.res.rr.com)
[03:49:56] *** Quits: santiago (santiago@moz-ro2mm9.res.rr.com) (RecvQ exceeded)
[03:50:18] *** Quits: fkaa (tundmatu@moz-501od2.business.telia.com) (RecvQ exceeded)
[03:50:20] *** Joins: santiago (santiago@moz-ro2mm9.res.rr.com)
[03:50:42] *** Joins: fkaa (tundmatu@moz-501od2.business.telia.com)
[03:51:19] *** Quits: santiago (santiago@moz-ro2mm9.res.rr.com) (RecvQ exceeded)
[03:51:48] *** Joins: santiago (santiago@moz-ro2mm9.res.rr.com)
[03:51:55] *** Quits: fkaa (tundmatu@moz-501od2.business.telia.com) (RecvQ exceeded)
[03:51:58] *** Joins: bjz (bjz@moz-n0m.h6n.216.139.IP)
[03:52:19] *** Joins: fkaa (tundmatu@moz-501od2.business.telia.com)
[03:52:49] *** Quits: santiago (santiago@moz-ro2mm9.res.rr.com) (RecvQ exceeded)
[03:53:11] *** Joins: santiago (santiago@moz-ro2mm9.res.rr.com)
[03:53:59] *** Quits: santiago (santiago@moz-ro2mm9.res.rr.com) (RecvQ exceeded)
[03:54:02] *** Quits: fkaa (tundmatu@moz-501od2.business.telia.com) (RecvQ exceeded)
[03:54:20] *** Joins: santiago (santiago@moz-ro2mm9.res.rr.com)
[03:54:23] *** Joins: fkaa (tundmatu@moz-501od2.business.telia.com)
[03:55:09] *** Quits: santiago (santiago@moz-ro2mm9.res.rr.com) (RecvQ exceeded)
[03:55:31] *** Joins: santiago (santiago@moz-ro2mm9.res.rr.com)
[03:56:04] *** Quits: fkaa (tundmatu@moz-501od2.business.telia.com) (RecvQ exceeded)
[03:56:10] *** Quits: santiago (santiago@moz-ro2mm9.res.rr.com) (RecvQ exceeded)
[03:56:22] *** Joins: MetaCosm (sid514@moz-2jv0oc.highgate.irccloud.com)
[03:56:27] *** Joins: fkaa (tundmatu@moz-501od2.business.telia.com)
[03:56:31] *** Joins: santiago (santiago@moz-ro2mm9.res.rr.com)
[03:57:18] *** Quits: santiago (santiago@moz-ro2mm9.res.rr.com) (RecvQ exceeded)
[03:57:39] *** Joins: santiago (santiago@moz-ro2mm9.res.rr.com)
[03:58:09] *** Quits: fkaa (tundmatu@moz-501od2.business.telia.com) (RecvQ exceeded)
[03:58:23] *** Quits: santiago (santiago@moz-ro2mm9.res.rr.com) (RecvQ exceeded)
[03:58:32] *** Joins: fkaa (tundmatu@moz-501od2.business.telia.com)
[03:58:45] *** Joins: santiago (santiago@moz-ro2mm9.res.rr.com)
[03:59:24] *** Quits: santiago (santiago@moz-ro2mm9.res.rr.com) (RecvQ exceeded)
[03:59:44] *** Quits: bjz (bjz@moz-n0m.h6n.216.139.IP) (Quit: My Mac has gone to sleep. ZZZzzz…)
[03:59:46] *** Joins: santiago (santiago@moz-ro2mm9.res.rr.com)
[04:00:13] *** Quits: fkaa (tundmatu@moz-501od2.business.telia.com) (RecvQ exceeded)
[04:00:25] *** Quits: santiago (santiago@moz-ro2mm9.res.rr.com) (RecvQ exceeded)
[04:00:35] *** Joins: fkaa (tundmatu@moz-501od2.business.telia.com)
[04:00:46] *** Joins: santiago (santiago@moz-ro2mm9.res.rr.com)
[04:01:32] *** Quits: santiago (santiago@moz-ro2mm9.res.rr.com) (RecvQ exceeded)
[04:01:53] *** Joins: santiago (santiago@moz-ro2mm9.res.rr.com)
[04:01:58] *** Quits: fkaa (tundmatu@moz-501od2.business.telia.com) (RecvQ exceeded)
[04:02:20] *** Joins: fkaa (tundmatu@moz-501od2.business.telia.com)
[04:02:38] *** Quits: santiago (santiago@moz-ro2mm9.res.rr.com) (RecvQ exceeded)
[04:02:59] *** Joins: santiago (santiago@moz-ro2mm9.res.rr.com)
[04:03:37] *** Quits: santiago (santiago@moz-ro2mm9.res.rr.com) (RecvQ exceeded)
[04:03:58] *** Joins: santiago (santiago@moz-ro2mm9.res.rr.com)
[04:04:02] *** Quits: fkaa (tundmatu@moz-501od2.business.telia.com) (RecvQ exceeded)
[04:04:25] *** Joins: fkaa (tundmatu@moz-501od2.business.telia.com)
[04:04:42] *** Quits: santiago (santiago@moz-ro2mm9.res.rr.com) (RecvQ exceeded)
[04:05:03] *** Joins: santiago (santiago@moz-ro2mm9.res.rr.com)
[04:05:36] *** Quits: santiago (santiago@moz-ro2mm9.res.rr.com) (RecvQ exceeded)
[04:05:57] *** Joins: santiago (santiago@moz-ro2mm9.res.rr.com)
[04:06:06] *** Quits: fkaa (tundmatu@moz-501od2.business.telia.com) (RecvQ exceeded)
[04:06:28] *** Joins: fkaa (tundmatu@moz-501od2.business.telia.com)
[04:06:35] *** Quits: santiago (santiago@moz-ro2mm9.res.rr.com) (RecvQ exceeded)
[04:06:57] *** Joins: santiago (santiago@moz-ro2mm9.res.rr.com)
[04:07:34] *** Quits: santiago (santiago@moz-ro2mm9.res.rr.com) (RecvQ exceeded)
[04:07:52] *** Quits: fkaa (tundmatu@moz-501od2.business.telia.com) (RecvQ exceeded)
[04:07:55] *** Joins: santiago (santiago@moz-ro2mm9.res.rr.com)
[04:08:14] *** Joins: fkaa (tundmatu@moz-501od2.business.telia.com)
[04:08:33] *** Quits: santiago (santiago@moz-ro2mm9.res.rr.com) (RecvQ exceeded)
[04:08:40] *** Quits: brson (brson@moz-cfhap5.mtv2.mozilla.com) (Connection closed)
[04:08:55] *** Joins: santiago (santiago@moz-ro2mm9.res.rr.com)
[04:09:33] *** Quits: santiago (santiago@moz-ro2mm9.res.rr.com) (RecvQ exceeded)
[04:09:55] *** Joins: santiago (santiago@moz-ro2mm9.res.rr.com)
[04:09:55] *** Quits: fkaa (tundmatu@moz-501od2.business.telia.com) (RecvQ exceeded)
[04:10:19] *** Joins: fkaa (tundmatu@moz-501od2.business.telia.com)
[04:10:36] *** Quits: santiago (santiago@moz-ro2mm9.res.rr.com) (RecvQ exceeded)
[04:10:57] *** Joins: santiago (santiago@moz-ro2mm9.res.rr.com)
[04:11:40] *** Quits: santiago (santiago@moz-ro2mm9.res.rr.com) (RecvQ exceeded)
[04:12:01] *** Joins: santiago (santiago@moz-ro2mm9.res.rr.com)
[04:12:02] *** Quits: fkaa (tundmatu@moz-501od2.business.telia.com) (RecvQ exceeded)
[04:12:25] *** Joins: fkaa (tundmatu@moz-501od2.business.telia.com)
[04:12:39] *** Quits: santiago (santiago@moz-ro2mm9.res.rr.com) (RecvQ exceeded)
[04:13:00] *** Joins: santiago (santiago@moz-ro2mm9.res.rr.com)
[04:13:41] *** Quits: santiago (santiago@moz-ro2mm9.res.rr.com) (RecvQ exceeded)
[04:13:52] *** Quits: fkaa (tundmatu@moz-501od2.business.telia.com) (RecvQ exceeded)
[04:14:03] *** Joins: santiago (santiago@moz-ro2mm9.res.rr.com)
[04:14:14] *** Joins: fkaa (tundmatu@moz-501od2.business.telia.com)
[04:14:44] *** Quits: santiago (santiago@moz-ro2mm9.res.rr.com) (RecvQ exceeded)
[04:15:05] *** Joins: santiago (santiago@moz-ro2mm9.res.rr.com)
[04:15:48] *** Quits: santiago (santiago@moz-ro2mm9.res.rr.com) (RecvQ exceeded)
[04:15:51] *** Quits: acrichto (acrichto@moz-u3dg2t.sfo1.mozilla.com) (Quit: leaving)
[04:15:56] *** Quits: fkaa (tundmatu@moz-501od2.business.telia.com) (RecvQ exceeded)
[04:15:57] *** Joins: acrichto (acrichto@moz-u3dg2t.sfo1.mozilla.com)
[04:16:10] *** Joins: santiago (santiago@moz-ro2mm9.res.rr.com)
[04:16:19] *** Joins: fkaa (tundmatu@moz-501od2.business.telia.com)
[04:16:48] *** Quits: santiago (santiago@moz-ro2mm9.res.rr.com) (RecvQ exceeded)
[04:17:10] *** Joins: santiago (santiago@moz-ro2mm9.res.rr.com)
[04:17:50] *** Quits: santiago (santiago@moz-ro2mm9.res.rr.com) (RecvQ exceeded)
[04:17:56] *** Quits: ebfull (ebfull@moz-2hf06a.co.comcast.net) (Quit: Konversation terminated!)
[04:18:01] *** Quits: fkaa (tundmatu@moz-501od2.business.telia.com) (RecvQ exceeded)
[04:18:02] *** Joins: ebfull (ebfull@moz-2hf06a.co.comcast.net)
[04:18:11] *** Joins: santiago (santiago@moz-ro2mm9.res.rr.com)
[04:18:23] *** Joins: fkaa (tundmatu@moz-501od2.business.telia.com)
[04:18:55] *** Quits: santiago (santiago@moz-ro2mm9.res.rr.com) (RecvQ exceeded)
[04:19:17] *** Joins: santiago (santiago@moz-ro2mm9.res.rr.com)
[04:19:53] *** Quits: fkaa (tundmatu@moz-501od2.business.telia.com) (RecvQ exceeded)
[04:19:55] *** Quits: santiago (santiago@moz-ro2mm9.res.rr.com) (RecvQ exceeded)
[04:20:16] *** Joins: santiago (santiago@moz-ro2mm9.res.rr.com)
[04:20:17] *** Joins: fkaa (tundmatu@moz-501od2.business.telia.com)
[04:21:00] *** Quits: santiago (santiago@moz-ro2mm9.res.rr.com) (RecvQ exceeded)
[04:21:21] *** Joins: santiago (santiago@moz-ro2mm9.res.rr.com)
[04:21:58] *** Quits: fkaa (tundmatu@moz-501od2.business.telia.com) (RecvQ exceeded)
[04:22:06] *** Quits: santiago (santiago@moz-ro2mm9.res.rr.com) (RecvQ exceeded)
[04:22:21] *** Joins: fkaa (tundmatu@moz-501od2.business.telia.com)
[04:22:27] *** Joins: santiago (santiago@moz-ro2mm9.res.rr.com)
[04:23:12] *** Quits: santiago (santiago@moz-ro2mm9.res.rr.com) (RecvQ exceeded)
[04:23:33] *** Joins: santiago (santiago@moz-ro2mm9.res.rr.com)
[04:24:03] *** Quits: fkaa (tundmatu@moz-501od2.business.telia.com) (RecvQ exceeded)
[04:24:17] *** Quits: santiago (santiago@moz-ro2mm9.res.rr.com) (RecvQ exceeded)
[04:24:25] *** Joins: fkaa (tundmatu@moz-501od2.business.telia.com)
[04:24:39] *** Joins: santiago (santiago@moz-ro2mm9.res.rr.com)
[04:25:39] *** Quits: santiago (santiago@moz-ro2mm9.res.rr.com) (RecvQ exceeded)
[04:26:01] *** Joins: santiago (santiago@moz-ro2mm9.res.rr.com)
[04:26:06] *** Quits: fkaa (tundmatu@moz-501od2.business.telia.com) (RecvQ exceeded)
[04:26:28] *** Joins: fkaa (tundmatu@moz-501od2.business.telia.com)
[04:26:56] *** Quits: santiago (santiago@moz-ro2mm9.res.rr.com) (RecvQ exceeded)
[04:27:17] *** Joins: santiago (santiago@moz-ro2mm9.res.rr.com)
[04:27:57] *** Quits: santiago (santiago@moz-ro2mm9.res.rr.com) (RecvQ exceeded)
[04:28:09] *** Quits: fkaa (tundmatu@moz-501od2.business.telia.com) (RecvQ exceeded)
[04:28:20] *** Joins: santiago (santiago@moz-ro2mm9.res.rr.com)
[04:28:32] *** Joins: fkaa (tundmatu@moz-501od2.business.telia.com)
[04:28:51] *** Quits: durka42 (durka42@moz-qsuual.pa.comcast.net) (Client exited)
[04:29:17] *** Joins: durka42 (durka42@moz-qsuual.pa.comcast.net)
[04:29:17] *** Quits: santiago (santiago@moz-ro2mm9.res.rr.com) (RecvQ exceeded)
[04:29:40] *** Joins: santiago (santiago@moz-ro2mm9.res.rr.com)
[04:29:57] *** Quits: durka42 (durka42@moz-qsuual.pa.comcast.net) (Client exited)
[04:30:04] *** Joins: durka42 (durka42@moz-qsuual.pa.comcast.net)
[04:30:14] *** Quits: fkaa (tundmatu@moz-501od2.business.telia.com) (RecvQ exceeded)
[04:30:17] *** Joins: bjz (bjz@moz-n0m.h6n.216.139.IP)
[04:30:36] *** Joins: fkaa (tundmatu@moz-501od2.business.telia.com)
[04:30:36] *** Quits: santiago (santiago@moz-ro2mm9.res.rr.com) (RecvQ exceeded)
[04:31:01] *** Joins: santiago (santiago@moz-ro2mm9.res.rr.com)
[04:31:27] *** Quits: mbrubeck (sid61@moz-dpj2bo.scl3.mozilla.com) (G-Lined: don't spam us)
[04:31:45] *** Joins: mbrubeck (sid61@moz-2pjnuf.0j4i.jtu0.0101.2620.IP)
[04:32:06] *** Quits: santiago (santiago@moz-ro2mm9.res.rr.com) (RecvQ exceeded)
[04:32:18] *** Quits: fkaa (tundmatu@moz-501od2.business.telia.com) (RecvQ exceeded)
[04:32:38] *** Joins: santiago (santiago@moz-ro2mm9.res.rr.com)
[04:32:40] *** Joins: fkaa (tundmatu@moz-501od2.business.telia.com)
[04:33:47] *** Quits: santiago (santiago@moz-ro2mm9.res.rr.com) (RecvQ exceeded)
[04:34:10] *** Joins: santiago (santiago@moz-ro2mm9.res.rr.com)
[04:34:22] *** Quits: fkaa (tundmatu@moz-501od2.business.telia.com) (RecvQ exceeded)
[04:34:44] *** Joins: fkaa (tundmatu@moz-501od2.business.telia.com)
[04:35:13] *** Quits: santiago (santiago@moz-ro2mm9.res.rr.com) (RecvQ exceeded)
[04:35:44] *** Joins: santiago (santiago@moz-ro2mm9.res.rr.com)
[04:36:25] *** Quits: fkaa (tundmatu@moz-501od2.business.telia.com) (RecvQ exceeded)
[04:36:36] *** Quits: santiago (santiago@moz-ro2mm9.res.rr.com) (RecvQ exceeded)
[04:36:47] *** Joins: fkaa (tundmatu@moz-501od2.business.telia.com)
[04:37:00] *** Joins: santiago (santiago@moz-ro2mm9.res.rr.com)
[04:37:57] *** Quits: santiago (santiago@moz-ro2mm9.res.rr.com) (RecvQ exceeded)
[04:38:04] *** Quits: fkaa (tundmatu@moz-501od2.business.telia.com) (RecvQ exceeded)
[04:38:18] *** Joins: santiago (santiago@moz-ro2mm9.res.rr.com)
[04:38:26] *** Joins: fkaa (tundmatu@moz-501od2.business.telia.com)
[04:39:13] *** Quits: santiago (santiago@moz-ro2mm9.res.rr.com) (RecvQ exceeded)
[04:39:35] *** Joins: santiago (santiago@moz-ro2mm9.res.rr.com)
[04:40:19] *** Quits: fkaa (tundmatu@moz-501od2.business.telia.com) (RecvQ exceeded)
[04:40:30] *** Quits: santiago (santiago@moz-ro2mm9.res.rr.com) (RecvQ exceeded)
[04:40:41] *** Joins: fkaa (tundmatu@moz-501od2.business.telia.com)
[04:40:54] *** Joins: santiago (santiago@moz-ro2mm9.res.rr.com)
[04:41:47] *** Quits: santiago (santiago@moz-ro2mm9.res.rr.com) (RecvQ exceeded)
[04:42:10] *** Joins: santiago (santiago@moz-ro2mm9.res.rr.com)
[04:42:24] *** Quits: fkaa (tundmatu@moz-501od2.business.telia.com) (RecvQ exceeded)
[04:42:47] *** Joins: fkaa (tundmatu@moz-501od2.business.telia.com)
[04:42:58] *** Quits: santiago (santiago@moz-ro2mm9.res.rr.com) (RecvQ exceeded)
[04:43:20] *** Joins: santiago (santiago@moz-ro2mm9.res.rr.com)
[04:44:08] *** Quits: fkaa (tundmatu@moz-501od2.business.telia.com) (RecvQ exceeded)
[04:44:13] *** Quits: Quxxy (chatzilla@moz-efh10q.internode.on.net) (Ping timeout: 121 seconds)
[04:44:14] *** Quits: santiago (santiago@moz-ro2mm9.res.rr.com) (RecvQ exceeded)
[04:44:31] *** Joins: fkaa (tundmatu@moz-501od2.business.telia.com)
[04:44:40] *** Joins: santiago (santiago@moz-ro2mm9.res.rr.com)
[04:44:40] *** Joins: Quxxy (chatzilla@moz-0nv.jkp.167.59.IP)
[04:45:41] *** Quits: santiago (santiago@moz-ro2mm9.res.rr.com) (RecvQ exceeded)
[04:46:03] *** Joins: santiago (santiago@moz-ro2mm9.res.rr.com)
[04:46:13] *** Quits: fkaa (tundmatu@moz-501od2.business.telia.com) (RecvQ exceeded)
[04:46:37] *** Joins: fkaa (tundmatu@moz-501od2.business.telia.com)
[04:46:59] *** Quits: santiago (santiago@moz-ro2mm9.res.rr.com) (RecvQ exceeded)
[04:47:24] *** Joins: santiago (santiago@moz-ro2mm9.res.rr.com)
[04:47:43] *** Joins: burntsushi (burntsushi@moz-t92kn9.ma.charter.com)
[04:48:08] *** Joins: Quxxy_ (chatzilla@moz-0nv.jkp.167.59.IP)
[04:48:20] *** Quits: fkaa (tundmatu@moz-501od2.business.telia.com) (RecvQ exceeded)
[04:48:28] *** Quits: santiago (santiago@moz-ro2mm9.res.rr.com) (RecvQ exceeded)
[04:48:41] *** Joins: fkaa (tundmatu@moz-501od2.business.telia.com)
[04:48:50] *** Joins: santiago (santiago@moz-ro2mm9.res.rr.com)
[04:49:13] *** Quits: Quxxy (chatzilla@moz-0nv.jkp.167.59.IP) (Ping timeout: 121 seconds)
[04:49:16] *** Quxxy_ is now known as Quxxy
[04:49:43] *** Quits: santiago (santiago@moz-ro2mm9.res.rr.com) (RecvQ exceeded)
[04:50:06] *** Joins: santiago (santiago@moz-ro2mm9.res.rr.com)
[04:50:21] *** Quits: fkaa (tundmatu@moz-501od2.business.telia.com) (RecvQ exceeded)
[04:50:44] *** Joins: fkaa (tundmatu@moz-501od2.business.telia.com)
[04:51:01] *** Quits: santiago (santiago@moz-ro2mm9.res.rr.com) (RecvQ exceeded)
[04:51:29] *** Joins: santiago (santiago@moz-ro2mm9.res.rr.com)
[04:52:24] *** Quits: fkaa (tundmatu@moz-501od2.business.telia.com) (RecvQ exceeded)
[04:52:25] *** Quits: santiago (santiago@moz-ro2mm9.res.rr.com) (RecvQ exceeded)
[04:52:46] *** Joins: fkaa (tundmatu@moz-501od2.business.telia.com)
[04:52:47] *** Joins: santiago (santiago@moz-ro2mm9.res.rr.com)
[04:53:47] *** Quits: santiago (santiago@moz-ro2mm9.res.rr.com) (RecvQ exceeded)
[04:54:08] *** Quits: durka42 (durka42@moz-qsuual.pa.comcast.net) (Client exited)
[04:54:11] *** Joins: santiago (santiago@moz-ro2mm9.res.rr.com)
[04:54:27] *** Quits: fkaa (tundmatu@moz-501od2.business.telia.com) (RecvQ exceeded)
[04:54:36] *** Quits: Tobba (Tobba@moz-o13d22.bredband.telia.com) (Quit: Leaving)
[04:54:41] *** Joins: Tobba (Tobba@moz-o13d22.bredband.telia.com)
[04:55:09] *** Quits: santiago (santiago@moz-ro2mm9.res.rr.com) (RecvQ exceeded)
[04:55:09] *** Joins: fkaa (tundmatu@moz-501od2.business.telia.com)
[04:55:32] *** Joins: santiago (santiago@moz-ro2mm9.res.rr.com)
[04:56:24] *** Quits: santiago (santiago@moz-ro2mm9.res.rr.com) (RecvQ exceeded)
[04:56:47] *** Joins: santiago (santiago@moz-ro2mm9.res.rr.com)
[04:56:52] *** Quits: fkaa (tundmatu@moz-501od2.business.telia.com) (RecvQ exceeded)
[04:57:14] *** Joins: fkaa (tundmatu@moz-501od2.business.telia.com)
[04:57:43] *** Quits: santiago (santiago@moz-ro2mm9.res.rr.com) (RecvQ exceeded)
[04:58:05] *** Joins: santiago (santiago@moz-ro2mm9.res.rr.com)
[04:58:39] *** Joins: Quxxy_ (chatzilla@moz-efh10q.internode.on.net)
[04:58:55] *** Quits: fkaa (tundmatu@moz-501od2.business.telia.com) (RecvQ exceeded)
[04:59:07] *** Quits: santiago (santiago@moz-ro2mm9.res.rr.com) (RecvQ exceeded)
[04:59:13] *** Quits: Quxxy (chatzilla@moz-0nv.jkp.167.59.IP) (Ping timeout: 121 seconds)
[04:59:15] *** Quxxy_ is now known as Quxxy
[04:59:17] *** Joins: fkaa (tundmatu@moz-501od2.business.telia.com)
[04:59:32] *** Joins: santiago (santiago@moz-ro2mm9.res.rr.com)
[05:00:30] *** Quits: santiago (santiago@moz-ro2mm9.res.rr.com) (RecvQ exceeded)
[05:00:54] *** Joins: santiago (santiago@moz-ro2mm9.res.rr.com)
[05:01:00] *** Quits: fkaa (tundmatu@moz-501od2.business.telia.com) (RecvQ exceeded)
[05:01:23] *** Joins: fkaa (tundmatu@moz-501od2.business.telia.com)
[05:01:25] *** Quits: JanC_ (janc@moz-kl5fis.dsl.scarlet.be) (Ping timeout: 121 seconds)
[05:01:48] *** Quits: santiago (santiago@moz-ro2mm9.res.rr.com) (RecvQ exceeded)
[05:02:12] *** Joins: santiago (santiago@moz-ro2mm9.res.rr.com)
[05:03:05] *** Quits: fkaa (tundmatu@moz-501od2.business.telia.com) (RecvQ exceeded)
[05:03:07] *** Quits: santiago (santiago@moz-ro2mm9.res.rr.com) (RecvQ exceeded)
[05:03:28] *** Joins: fkaa (tundmatu@moz-501od2.business.telia.com)
[05:03:30] *** Joins: santiago (santiago@moz-ro2mm9.res.rr.com)
[05:04:23] *** Quits: santiago (santiago@moz-ro2mm9.res.rr.com) (RecvQ exceeded)
[05:04:46] *** Joins: santiago (santiago@moz-ro2mm9.res.rr.com)
[05:05:10] *** Quits: fkaa (tundmatu@moz-501od2.business.telia.com) (RecvQ exceeded)
[05:05:45] *** Joins: fkaa (tundmatu@moz-501od2.business.telia.com)
[05:05:49] *** Quits: santiago (santiago@moz-ro2mm9.res.rr.com) (RecvQ exceeded)
[05:06:11] *** Joins: santiago (santiago@moz-ro2mm9.res.rr.com)
[05:07:03] *** Quits: santiago (santiago@moz-ro2mm9.res.rr.com) (RecvQ exceeded)
[05:07:27] *** Joins: santiago (santiago@moz-ro2mm9.res.rr.com)
[05:07:28] *** Quits: fkaa (tundmatu@moz-501od2.business.telia.com) (RecvQ exceeded)
[05:07:50] *** Joins: fkaa (tundmatu@moz-501od2.business.telia.com)
[05:08:29] *** Quits: santiago (santiago@moz-ro2mm9.res.rr.com) (RecvQ exceeded)
[05:08:56] *** Joins: santiago (santiago@moz-ro2mm9.res.rr.com)
[05:09:13] *** Quits: fkaa (tundmatu@moz-501od2.business.telia.com) (RecvQ exceeded)
[05:09:36] *** Joins: fkaa (tundmatu@moz-501od2.business.telia.com)
[05:09:55] *** Quits: santiago (santiago@moz-ro2mm9.res.rr.com) (RecvQ exceeded)
[05:10:17] *** Joins: santiago (santiago@moz-ro2mm9.res.rr.com)
[05:11:15] *** Quits: santiago (santiago@moz-ro2mm9.res.rr.com) (RecvQ exceeded)
[05:11:16] *** Quits: fkaa (tundmatu@moz-501od2.business.telia.com) (RecvQ exceeded)
[05:11:37] *** Joins: santiago (santiago@moz-ro2mm9.res.rr.com)
[05:11:38] *** Joins: fkaa (tundmatu@moz-501od2.business.telia.com)
[05:12:33] *** Quits: santiago (santiago@moz-ro2mm9.res.rr.com) (RecvQ exceeded)
[05:12:57] *** Joins: santiago (santiago@moz-ro2mm9.res.rr.com)
[05:13:20] *** Quits: fkaa (tundmatu@moz-501od2.business.telia.com) (RecvQ exceeded)
[05:13:43] *** Joins: fkaa (tundmatu@moz-501od2.business.telia.com)
[05:13:59] *** Quits: santiago (santiago@moz-ro2mm9.res.rr.com) (RecvQ exceeded)
[05:14:22] *** Joins: santiago (santiago@moz-ro2mm9.res.rr.com)
[05:14:54] *** Joins: tchosky (tchosky@moz-hlnvj3.nicta.com.au)
[05:15:06] *** Quits: fkaa (tundmatu@moz-501od2.business.telia.com) (RecvQ exceeded)
[05:15:15] *** Quits: santiago (santiago@moz-ro2mm9.res.rr.com) (RecvQ exceeded)
[05:15:29] *** Joins: fkaa (tundmatu@moz-501od2.business.telia.com)
[05:15:39] *** Joins: santiago (santiago@moz-ro2mm9.res.rr.com)
[05:16:33] *** Quits: santiago (santiago@moz-ro2mm9.res.rr.com) (RecvQ exceeded)
[05:16:57] *** Joins: santiago (santiago@moz-ro2mm9.res.rr.com)
[05:17:11] *** Quits: fkaa (tundmatu@moz-501od2.business.telia.com) (RecvQ exceeded)
[05:17:33] *** Joins: fkaa (tundmatu@moz-501od2.business.telia.com)
[05:17:55] *** Quits: santiago (santiago@moz-ro2mm9.res.rr.com) (RecvQ exceeded)
[05:18:17] *** Joins: santiago (santiago@moz-ro2mm9.res.rr.com)
[05:19:11] *** Quits: santiago (santiago@moz-ro2mm9.res.rr.com) (RecvQ exceeded)
[05:19:22] *** Quits: fkaa (tundmatu@moz-501od2.business.telia.com) (RecvQ exceeded)
[05:19:43] *** Joins: santiago (santiago@moz-ro2mm9.res.rr.com)
[05:19:45] *** Joins: fkaa (tundmatu@moz-501od2.business.telia.com)
[05:20:41] *** Quits: santiago (santiago@moz-ro2mm9.res.rr.com) (RecvQ exceeded)
[05:21:04] *** Joins: santiago (santiago@moz-ro2mm9.res.rr.com)
[05:21:14] *** Joins: frewsxcv (sid86219@moz-dneii9.brockwell.irccloud.com)
[05:21:28] *** Quits: fkaa (tundmatu@moz-501od2.business.telia.com) (RecvQ exceeded)
[05:21:50] *** Joins: fkaa (tundmatu@moz-501od2.business.telia.com)
[05:22:02] *** Quits: santiago (santiago@moz-ro2mm9.res.rr.com) (RecvQ exceeded)
[05:22:25] *** Joins: santiago (santiago@moz-ro2mm9.res.rr.com)
[05:23:13] *** Quits: santiago (santiago@moz-ro2mm9.res.rr.com) (RecvQ exceeded)
[05:23:33] *** Quits: fkaa (tundmatu@moz-501od2.business.telia.com) (RecvQ exceeded)
[05:23:41] *** Joins: santiago (santiago@moz-ro2mm9.res.rr.com)
[05:23:55] *** Joins: fkaa (tundmatu@moz-501od2.business.telia.com)
[05:24:35] *** Quits: santiago (santiago@moz-ro2mm9.res.rr.com) (RecvQ exceeded)
[05:24:57] *** Joins: santiago (santiago@moz-ro2mm9.res.rr.com)
[05:25:38] *** Quits: fkaa (tundmatu@moz-501od2.business.telia.com) (RecvQ exceeded)
[05:25:56] *** Quits: santiago (santiago@moz-ro2mm9.res.rr.com) (RecvQ exceeded)
[05:26:01] *** Joins: fkaa (tundmatu@moz-501od2.business.telia.com)
[05:26:19] *** Joins: santiago (santiago@moz-ro2mm9.res.rr.com)
[05:27:03] *** Quits: santiago (santiago@moz-ro2mm9.res.rr.com) (RecvQ exceeded)
[05:27:26] *** Joins: santiago (santiago@moz-ro2mm9.res.rr.com)
[05:27:44] *** Quits: fkaa (tundmatu@moz-501od2.business.telia.com) (RecvQ exceeded)
[05:28:07] *** Joins: fkaa (tundmatu@moz-501od2.business.telia.com)
[05:28:19] *** Quits: santiago (santiago@moz-ro2mm9.res.rr.com) (RecvQ exceeded)
[05:28:41] *** Joins: santiago (santiago@moz-ro2mm9.res.rr.com)
[05:29:38] *** Quits: santiago (santiago@moz-ro2mm9.res.rr.com) (RecvQ exceeded)
[05:29:49] *** Quits: fkaa (tundmatu@moz-501od2.business.telia.com) (RecvQ exceeded)
[05:30:02] *** Joins: santiago (santiago@moz-ro2mm9.res.rr.com)
[05:30:11] *** Joins: fkaa (tundmatu@moz-501od2.business.telia.com)
[05:31:04] *** Quits: santiago (santiago@moz-ro2mm9.res.rr.com) (RecvQ exceeded)
[05:31:28] *** Joins: santiago (santiago@moz-ro2mm9.res.rr.com)
[05:31:52] *** Quits: fkaa (tundmatu@moz-501od2.business.telia.com) (RecvQ exceeded)
[05:32:14] *** Joins: fkaa (tundmatu@moz-501od2.business.telia.com)
[05:32:21] *** Quits: santiago (santiago@moz-ro2mm9.res.rr.com) (RecvQ exceeded)
[05:32:45] *** Joins: santiago (santiago@moz-ro2mm9.res.rr.com)
[05:33:46] *** Quits: fkaa (tundmatu@moz-501od2.business.telia.com) (RecvQ exceeded)
[05:33:47] *** Quits: santiago (santiago@moz-ro2mm9.res.rr.com) (RecvQ exceeded)
[05:34:08] *** Joins: fkaa (tundmatu@moz-501od2.business.telia.com)
[05:34:10] *** Joins: santiago (santiago@moz-ro2mm9.res.rr.com)
[05:35:09] *** Quits: santiago (santiago@moz-ro2mm9.res.rr.com) (RecvQ exceeded)
[05:35:38] *** Joins: santiago (santiago@moz-ro2mm9.res.rr.com)
[05:35:56] *** Quits: fkaa (tundmatu@moz-501od2.business.telia.com) (RecvQ exceeded)
[05:36:18] *** Joins: fkaa (tundmatu@moz-501od2.business.telia.com)
[05:36:36] *** Quits: santiago (santiago@moz-ro2mm9.res.rr.com) (RecvQ exceeded)
[05:36:58] *** Joins: santiago (santiago@moz-ro2mm9.res.rr.com)
[05:37:53] *** Quits: santiago (santiago@moz-ro2mm9.res.rr.com) (RecvQ exceeded)
[05:38:00] *** Quits: fkaa (tundmatu@moz-501od2.business.telia.com) (RecvQ exceeded)
[05:38:14] *** Joins: santiago (santiago@moz-ro2mm9.res.rr.com)
[05:38:23] *** Joins: fkaa (tundmatu@moz-501od2.business.telia.com)
[05:39:09] *** Quits: santiago (santiago@moz-ro2mm9.res.rr.com) (RecvQ exceeded)
[05:39:31] *** Joins: santiago (santiago@moz-ro2mm9.res.rr.com)
[05:39:46] *** Quits: fkaa (tundmatu@moz-501od2.business.telia.com) (RecvQ exceeded)
[05:40:04] *** Quits: santiago (santiago@moz-ro2mm9.res.rr.com) (RecvQ exceeded)
[05:40:08] *** Joins: fkaa (tundmatu@moz-501od2.business.telia.com)
[05:40:27] *** Joins: santiago (santiago@moz-ro2mm9.res.rr.com)
[05:41:20] *** Quits: santiago (santiago@moz-ro2mm9.res.rr.com) (RecvQ exceeded)
[05:41:43] *** Joins: santiago (santiago@moz-ro2mm9.res.rr.com)
[05:41:57] *** Quits: fkaa (tundmatu@moz-501od2.business.telia.com) (RecvQ exceeded)
[05:42:21] *** Joins: fkaa (tundmatu@moz-501od2.business.telia.com)
[05:42:23] *** Quits: santiago (santiago@moz-ro2mm9.res.rr.com) (RecvQ exceeded)
[05:42:45] *** Joins: santiago (santiago@moz-ro2mm9.res.rr.com)
[05:43:41] *** Quits: santiago (santiago@moz-ro2mm9.res.rr.com) (RecvQ exceeded)
[05:44:04] *** Quits: fkaa (tundmatu@moz-501od2.business.telia.com) (RecvQ exceeded)
[05:44:04] *** Joins: santiago (santiago@moz-ro2mm9.res.rr.com)
[05:44:28] *** Joins: fkaa (tundmatu@moz-501od2.business.telia.com)
[05:45:07] *** Quits: bjz (bjz@moz-n0m.h6n.216.139.IP) (Connection closed)
[05:45:31] *** Quits: santiago (santiago@moz-ro2mm9.res.rr.com) (RecvQ exceeded)
[05:45:40] *** Joins: bjz (bjz@moz-n0m.h6n.216.139.IP)
[05:45:50] *** Quits: fkaa (tundmatu@moz-501od2.business.telia.com) (RecvQ exceeded)
[05:46:02] *** Joins: santiago (santiago@moz-ro2mm9.res.rr.com)
[05:46:12] *** Joins: fkaa (tundmatu@moz-501od2.business.telia.com)
[05:47:05] *** Joins: SneakySnake (nya@moz-i9is4u.pool.telekom.hu)
[05:47:07] *** Quits: santiago (santiago@moz-ro2mm9.res.rr.com) (RecvQ exceeded)
[05:47:30] *** Joins: santiago (santiago@moz-ro2mm9.res.rr.com)
[05:47:55] *** Quits: fkaa (tundmatu@moz-501od2.business.telia.com) (RecvQ exceeded)
[05:48:31] *** Joins: fkaa (tundmatu@moz-501od2.business.telia.com)
[05:48:32] *** Quits: santiago (santiago@moz-ro2mm9.res.rr.com) (RecvQ exceeded)
[05:48:46] *** Quits: bjz (bjz@moz-n0m.h6n.216.139.IP) (Connection closed)
[05:48:54] *** Joins: santiago (santiago@moz-ro2mm9.res.rr.com)
[05:49:21] *** Quits: tchosky (tchosky@moz-hlnvj3.nicta.com.au) (Quit: Leaving)
[05:49:24] *** Joins: bjz (bjz@moz-n0m.h6n.216.139.IP)
[05:49:42] *** Quits: santiago (santiago@moz-ro2mm9.res.rr.com) (RecvQ exceeded)
[05:49:54] *** Quits: fkaa (tundmatu@moz-501od2.business.telia.com) (RecvQ exceeded)
[05:50:04] *** Joins: santiago (santiago@moz-ro2mm9.res.rr.com)
[05:50:18] *** Joins: fkaa (tundmatu@moz-501od2.business.telia.com)
[05:50:49] *** Quits: santiago (santiago@moz-ro2mm9.res.rr.com) (RecvQ exceeded)
[05:51:10] *** Joins: santiago (santiago@moz-ro2mm9.res.rr.com)
[05:51:45] *** Quits: santiago (santiago@moz-ro2mm9.res.rr.com) (RecvQ exceeded)
[05:51:48] *** Quits: fkaa (tundmatu@moz-501od2.business.telia.com) (RecvQ exceeded)
[05:52:06] *** Joins: santiago (santiago@moz-ro2mm9.res.rr.com)
[05:52:11] *** Joins: fkaa (tundmatu@moz-501od2.business.telia.com)
[05:52:40] *** Quits: santiago (santiago@moz-ro2mm9.res.rr.com) (RecvQ exceeded)
[05:53:08] *** Joins: santiago (santiago@moz-ro2mm9.res.rr.com)
[05:53:53] *** Quits: fkaa (tundmatu@moz-501od2.business.telia.com) (RecvQ exceeded)
[05:54:16] *** Joins: fkaa (tundmatu@moz-501od2.business.telia.com)
[05:54:17] *** Quits: bjz (bjz@moz-n0m.h6n.216.139.IP) (Connection closed)
[05:55:06] *** Joins: bjz (bjz@moz-n0m.h6n.216.139.IP)
[05:55:58] *** Quits: fkaa (tundmatu@moz-501od2.business.telia.com) (RecvQ exceeded)
[05:56:22] *** Joins: fkaa (tundmatu@moz-501od2.business.telia.com)
[05:57:32] *** Quits: Shackra (Jorge@moz-7bh.ng6.177.186.IP) (Connection closed)
[05:58:04] *** Quits: fkaa (tundmatu@moz-501od2.business.telia.com) (RecvQ exceeded)
[05:58:27] *** Joins: fkaa (tundmatu@moz-501od2.business.telia.com)
[05:59:50] *** Quits: fkaa (tundmatu@moz-501od2.business.telia.com) (RecvQ exceeded)
[06:00:12] *** Joins: fkaa (tundmatu@moz-501od2.business.telia.com)
[06:01:34] *** Quits: fkaa (tundmatu@moz-501od2.business.telia.com) (RecvQ exceeded)
[06:01:56] *** Joins: fkaa (tundmatu@moz-501od2.business.telia.com)
[06:03:38] *** Quits: fkaa (tundmatu@moz-501od2.business.telia.com) (RecvQ exceeded)
[06:04:11] *** Joins: fkaa (tundmatu@moz-501od2.business.telia.com)
[06:05:34] *** Quits: fkaa (tundmatu@moz-501od2.business.telia.com) (RecvQ exceeded)
[06:05:58] *** Joins: fkaa (tundmatu@moz-501od2.business.telia.com)
[06:07:36] *** Quits: fkaa (tundmatu@moz-501od2.business.telia.com) (RecvQ exceeded)
[06:08:00] *** Joins: fkaa (tundmatu@moz-501od2.business.telia.com)
[06:09:29] *** Quits: fkaa (tundmatu@moz-501od2.business.telia.com) (RecvQ exceeded)
[06:09:51] *** Joins: fkaa (tundmatu@moz-501od2.business.telia.com)
[06:11:15] *** Quits: fkaa (tundmatu@moz-501od2.business.telia.com) (RecvQ exceeded)
[06:11:36] *** Joins: fkaa (tundmatu@moz-501od2.business.telia.com)
[06:13:12] *** Quits: fkaa (tundmatu@moz-501od2.business.telia.com) (RecvQ exceeded)
[06:13:36] *** Joins: fkaa (tundmatu@moz-501od2.business.telia.com)
[06:15:19] *** Quits: fkaa (tundmatu@moz-501od2.business.telia.com) (RecvQ exceeded)
[06:15:42] *** Joins: fkaa (tundmatu@moz-501od2.business.telia.com)
[06:16:40] *** Quits: fkaa (tundmatu@moz-501od2.business.telia.com) (RecvQ exceeded)
[06:17:06] *** Joins: fkaa (tundmatu@moz-501od2.business.telia.com)
[06:18:27] *** Quits: fkaa (tundmatu@moz-501od2.business.telia.com) (RecvQ exceeded)
[06:18:56] *** Joins: fkaa (tundmatu@moz-501od2.business.telia.com)
[06:20:16] *** Quits: fkaa (tundmatu@moz-501od2.business.telia.com) (RecvQ exceeded)
[06:20:17] *** Quits: bjz (bjz@moz-n0m.h6n.216.139.IP) (Connection closed)
[06:20:41] *** Joins: fkaa (tundmatu@moz-501od2.business.telia.com)
[06:20:50] *** Joins: bjz (bjz@moz-n0m.h6n.216.139.IP)
[06:21:42] *** Quits: fkaa (tundmatu@moz-501od2.business.telia.com) (RecvQ exceeded)
[06:22:04] *** Joins: fkaa (tundmatu@moz-501od2.business.telia.com)
[06:23:54] *** Quits: fkaa (tundmatu@moz-501od2.business.telia.com) (RecvQ exceeded)
[06:24:18] *** Joins: fkaa (tundmatu@moz-501od2.business.telia.com)
[06:26:00] *** Quits: fkaa (tundmatu@moz-501od2.business.telia.com) (RecvQ exceeded)
[06:26:23] *** Joins: fkaa (tundmatu@moz-501od2.business.telia.com)
[06:27:47] *** Quits: fkaa (tundmatu@moz-501od2.business.telia.com) (RecvQ exceeded)
[06:28:12] *** Joins: fkaa (tundmatu@moz-501od2.business.telia.com)
[06:29:54] *** Quits: fkaa (tundmatu@moz-501od2.business.telia.com) (RecvQ exceeded)
[06:30:17] *** Joins: fkaa (tundmatu@moz-501od2.business.telia.com)
[06:31:40] *** Quits: fkaa (tundmatu@moz-501od2.business.telia.com) (RecvQ exceeded)
[06:32:04] *** Joins: fkaa (tundmatu@moz-501od2.business.telia.com)
[06:33:47] *** Quits: fkaa (tundmatu@moz-501od2.business.telia.com) (RecvQ exceeded)
[06:34:12] *** Joins: fkaa (tundmatu@moz-501od2.business.telia.com)
[06:35:33] *** Quits: fkaa (tundmatu@moz-501od2.business.telia.com) (RecvQ exceeded)
[06:35:55] *** Joins: fkaa (tundmatu@moz-501od2.business.telia.com)
[06:37:37] *** Quits: fkaa (tundmatu@moz-501od2.business.telia.com) (RecvQ exceeded)
[06:38:00] *** Joins: fkaa (tundmatu@moz-501od2.business.telia.com)
[06:39:21] *** Quits: fkaa (tundmatu@moz-501od2.business.telia.com) (RecvQ exceeded)
[06:39:30] *** Quits: A205B064 (A205B064@moz-9s9nhk.nap.wideopenwest.com) (Ping timeout: 121 seconds)
[06:39:43] *** Joins: fkaa (tundmatu@moz-501od2.business.telia.com)
[06:40:13] *** Quits: frewsxcv (sid86219@moz-dneii9.brockwell.irccloud.com) (Quit: )
[06:41:21] *** Quits: fkaa (tundmatu@moz-501od2.business.telia.com) (RecvQ exceeded)
[06:41:44] *** Joins: fkaa (tundmatu@moz-501od2.business.telia.com)
[06:43:26] *** Quits: fkaa (tundmatu@moz-501od2.business.telia.com) (RecvQ exceeded)
[06:43:50] *** Joins: fkaa (tundmatu@moz-501od2.business.telia.com)
[06:45:14] *** Quits: fkaa (tundmatu@moz-501od2.business.telia.com) (RecvQ exceeded)
[06:45:55] *** Joins: fkaa (tundmatu@moz-501od2.business.telia.com)
[06:47:43] *** Quits: fkaa (tundmatu@moz-501od2.business.telia.com) (RecvQ exceeded)
[06:48:06] *** Joins: fkaa (tundmatu@moz-501od2.business.telia.com)
[06:48:52] *** Quits: Eridius (kevin@moz-6opvqs.us) (Quit: leaving)
[06:49:00] *** Joins: Eridius (kevin@moz-6opvqs.us)
[06:49:49] *** Quits: fkaa (tundmatu@moz-501od2.business.telia.com) (RecvQ exceeded)
[06:50:16] *** Joins: fkaa (tundmatu@moz-501od2.business.telia.com)
[06:51:59] *** Quits: fkaa (tundmatu@moz-501od2.business.telia.com) (RecvQ exceeded)
[06:52:21] *** Joins: fkaa (tundmatu@moz-501od2.business.telia.com)
[06:53:45] *** Quits: fkaa (tundmatu@moz-501od2.business.telia.com) (RecvQ exceeded)
[06:54:08] *** Joins: fkaa (tundmatu@moz-501od2.business.telia.com)
[06:55:30] *** Quits: fkaa (tundmatu@moz-501od2.business.telia.com) (RecvQ exceeded)
[06:55:53] *** Joins: fkaa (tundmatu@moz-501od2.business.telia.com)
[06:57:36] *** Quits: fkaa (tundmatu@moz-501od2.business.telia.com) (RecvQ exceeded)
[06:57:59] *** Joins: fkaa (tundmatu@moz-501od2.business.telia.com)
[06:59:45] *** Quits: fkaa (tundmatu@moz-501od2.business.telia.com) (RecvQ exceeded)
[07:00:23] *** Joins: fkaa (tundmatu@moz-501od2.business.telia.com)
[07:02:07] *** Quits: fkaa (tundmatu@moz-501od2.business.telia.com) (RecvQ exceeded)
[07:02:32] *** Joins: fkaa (tundmatu@moz-501od2.business.telia.com)
[07:04:15] *** Quits: fkaa (tundmatu@moz-501od2.business.telia.com) (RecvQ exceeded)
[07:04:40] *** Joins: fkaa (tundmatu@moz-501od2.business.telia.com)
[07:06:25] *** Quits: fkaa (tundmatu@moz-501od2.business.telia.com) (RecvQ exceeded)
[07:06:48] *** Joins: fkaa (tundmatu@moz-501od2.business.telia.com)
[07:08:12] *** Quits: fkaa (tundmatu@moz-501od2.business.telia.com) (RecvQ exceeded)
[07:08:34] *** Joins: fkaa (tundmatu@moz-501od2.business.telia.com)
[07:08:39] *** Quits: tomaka (Pierre@moz-kqs9pc.abo.wanadoo.fr) (Quit: Leaving)
[07:08:46] *** Joins: tomaka (Pierre@moz-kqs9pc.abo.wanadoo.fr)
[07:09:59] *** Quits: fkaa (tundmatu@moz-501od2.business.telia.com) (RecvQ exceeded)
[07:10:23] *** Joins: fkaa (tundmatu@moz-501od2.business.telia.com)
[07:11:47] *** Quits: fkaa (tundmatu@moz-501od2.business.telia.com) (RecvQ exceeded)
[07:12:11] *** Joins: fkaa (tundmatu@moz-501od2.business.telia.com)
[07:13:56] *** Quits: fkaa (tundmatu@moz-501od2.business.telia.com) (RecvQ exceeded)
[07:14:20] *** Joins: fkaa (tundmatu@moz-501od2.business.telia.com)
[07:15:12] *** Quits: fkaa (tundmatu@moz-501od2.business.telia.com) (RecvQ exceeded)
[07:15:36] *** Joins: fkaa (tundmatu@moz-501od2.business.telia.com)
[07:16:19] *** Quits: fkaa (tundmatu@moz-501od2.business.telia.com) (RecvQ exceeded)
[07:18:39] *** Joins: fkaa (tundmatu@moz-501od2.business.telia.com)
[07:23:23] *** Quits: fkaa (tundmatu@moz-501od2.business.telia.com) (Ping timeout: 121 seconds)
[07:28:34] *** Joins: fkaa (tundmatu@moz-501od2.business.telia.com)
[07:29:16] *** Quits: fkaa (tundmatu@moz-501od2.business.telia.com) (RecvQ exceeded)
[07:33:07] *** Joins: fkaa (tundmatu@moz-501od2.business.telia.com)
[07:34:09] *** Joins: swgillespie (swgillespie@moz-rn1.vmq.232.104.IP)
[08:00:49] *** Joins: panicbit (panicbit@moz-vqobnf.dip0.t-ipconnect.de)
[08:29:14] *** Quits: tyoverby (tyoverby@moz-98bpkr.gfd0.v3he.0008.2601.IP) (Ping timeout: 121 seconds)
[08:44:51] *** Joins: edlothiol (user@moz-rge115.dynamic.kabel-deutschland.de)
[08:49:22] *** Quits: bjz (bjz@moz-n0m.h6n.216.139.IP) (Quit: My Mac has gone to sleep. ZZZzzz…)
[08:51:38] *** Quits: c74d (c74d3a4ebb6@moz-0ersgu.oc.cox.net) (Connection closed)
[08:54:48] *** Joins: bjz (bjz@moz-n0m.h6n.216.139.IP)
[08:56:51] *** Joins: c74d (c74d3a4ebb6@moz-0ersgu.oc.cox.net)
[08:57:35] *** Quits: bjz (bjz@moz-n0m.h6n.216.139.IP) (Quit: My Mac has gone to sleep. ZZZzzz…)
[09:01:08] *** Joins: erz (erz@moz-fiq1tl.broadband.corbina.ru)
[09:05:57] *** Quits: panicbit (panicbit@moz-vqobnf.dip0.t-ipconnect.de) (Connection closed)
[09:06:08] *** Joins: panicbit (panicbit@moz-vqobnf.dip0.t-ipconnect.de)
[09:27:29] *** Joins: p32blo (p32blo@moz-305o0v.cpe.netcabo.pt)
[09:34:21] *** Joins: bjz (bjz@moz-4l6.mjm.52.113.IP)
[09:46:13] *** Quits: swgillespie (swgillespie@moz-rn1.vmq.232.104.IP) (Quit: My MacBook Pro has gone to sleep. ZZZzzz…)
[09:53:04] *** Quits: bjz (bjz@moz-4l6.mjm.52.113.IP) (Ping timeout: 121 seconds)
[10:06:56] *** Joins: doener (doener@moz-eku96m.hsi08.unitymediagroup.de)
[10:15:30] *** Joins: O01eg (o01eg@moz-hdv.sv4.165.5.IP)
[10:26:38] *** Quits: ghmlee (sid33671@moz-p3l5sb.brockwell.irccloud.com) (Quit: )
[10:28:51] *** Quits: edlothiol (user@moz-rge115.dynamic.kabel-deutschland.de) (Ping timeout: 121 seconds)
[10:31:14] *** Joins: barosl (barosl@moz-tmp.qma.67.220.IP)
[10:33:02] *** Joins: edlothiol (user@moz-i70j4f.dynamic.kabel-deutschland.de)
[10:40:52] *** Quits: SneakySnake (nya@moz-i9is4u.pool.telekom.hu) (Connection closed)
[10:49:46] *** Joins: nerdopoly (nerdopoly@moz-ef7kf3.range86-143.btcentralplus.com)
[10:50:33] *** Quits: zyphrus (David@moz-3h0.d1d.98.101.IP) (Quit: Bye bye)
[11:01:32] *** Quits: FreeFull (freefull@moz-qs0ed3.range165-120.btcentralplus.com) (Ping timeout: 121 seconds)
[11:20:13] *** Joins: FreeFull (freefull@moz-qs0ed3.range165-120.btcentralplus.com)
[11:23:06] *** Quits: p1start (p1start@moz-nftjhe.org) (Ping timeout: 121 seconds)
[11:37:34] *** Quits: nerdopoly (nerdopoly@moz-ef7kf3.range86-143.btcentralplus.com) (Quit: leaving)
[11:41:28] *** Joins: fkaa_ (tundmatu@moz-501od2.business.telia.com)
[11:44:21] *** Quits: fkaa (tundmatu@moz-501od2.business.telia.com) (Ping timeout: 121 seconds)
[12:14:15] *** Quits: p32blo (p32blo@moz-305o0v.cpe.netcabo.pt) (Quit: Leaving.)
[12:14:17] *** Quits: tomaka (Pierre@moz-kqs9pc.abo.wanadoo.fr) (Ping timeout: 121 seconds)
[12:16:31] *** Joins: fkaa (tundmatu@moz-501od2.business.telia.com)
[12:16:41] *** Quits: fkaa_ (tundmatu@moz-501od2.business.telia.com) (Connection closed)
[12:19:59] *** Joins: A205B064 (A205B064@moz-9s9nhk.nap.wideopenwest.com)
[12:33:06] *** Quits: panicbit (panicbit@moz-vqobnf.dip0.t-ipconnect.de) (Ping timeout: 121 seconds)
[12:36:50] *** Quits: kamalmarhubi (sid26581@moz-93tqk9.highgate.irccloud.com) (Quit: )
[12:37:36] *** Joins: kamalmarhubi (sid26581@moz-93tqk9.highgate.irccloud.com)
[12:37:41] *** Joins: p32blo (p32blo@moz-305o0v.cpe.netcabo.pt)
[12:42:25] *** Joins: SneakySnake (nya@moz-i9is4u.pool.telekom.hu)
[12:48:23] *** Joins: tomaka (Pierre@moz-kqs9pc.abo.wanadoo.fr)
[12:53:50] *** Quits: p32blo (p32blo@moz-305o0v.cpe.netcabo.pt) (Ping timeout: 121 seconds)
[13:06:28] *** Joins: gleb (gleb@moz-3u1drv.rusanovka-net.kiev.ua)
[13:16:49] *** Joins: panicbit (panicbit@moz-vqobnf.dip0.t-ipconnect.de)
[13:22:47] *** Joins: p32blo (p32blo@moz-305o0v.cpe.netcabo.pt)
[13:31:43] *** Quits: Johannes (Johannes@moz-ufvp1b.nttpc.ne.jp) (Connection closed)
[13:37:52] *** Joins: ytain (ytain@moz-pum3eh.dsl.teksavvy.com)
[14:09:50] *** Quits: tomaka (Pierre@moz-kqs9pc.abo.wanadoo.fr) (Quit: Leaving)
[14:12:48] *** Joins: tomaka (Pierre@moz-kqs9pc.abo.wanadoo.fr)
[14:16:33] *** Joins: JanC (janc@moz-vv938m.dsl.scarlet.be)
[14:43:22] *** Quits: Yurume (Yurume@moz-0t8.piq.68.115.IP) (A TLS packet with unexpected length was received.)
[14:44:18] *** Joins: Yurume (Yurume@moz-0t8.piq.68.115.IP)
[14:56:50] *** Quits: rovar (rovar@moz-96effg.dyn.optonline.net) (Quit: Leaving)
[15:06:00] *** Joins: durka42 (durka42@moz-qsuual.pa.comcast.net)
[15:25:29] *** Joins: Guest47790 (Jorge@moz-7bh.ng6.177.186.IP)
[15:25:48] *** Quits: SneakySnake (nya@moz-i9is4u.pool.telekom.hu) (Quit: Leaving)
[15:26:40] *** Joins: ptalbot (ptalbot@moz-j4gnuh.fbx.proxad.net)
[15:34:44] *** Quits: Guest47790 (Jorge@moz-7bh.ng6.177.186.IP) (Connection closed)
[15:50:44] *** Joins: mzabaluev (Thunderbird@moz-ujk3nv.dhcp.inet.fi)
[15:56:59] *** Quits: JanC (janc@moz-vv938m.dsl.scarlet.be) (Ping timeout: 121 seconds)
[16:05:13] *** Quits: Quxxy (chatzilla@moz-efh10q.internode.on.net) (Ping timeout: 121 seconds)
[16:11:13] *** Joins: JanC (janc@moz-fq8veb.dial.scarlet.be)
[16:38:15] *** Quits: p32blo (p32blo@moz-305o0v.cpe.netcabo.pt) (Quit: Leaving.)
[16:38:32] *** Joins: p32blo (p32blo@moz-bqt.tp4.180.89.IP)
[16:43:26] *** Joins: p32blo1 (p32blo@moz-305o0v.cpe.netcabo.pt)
[16:45:45] *** Joins: xilec (Mibbit@moz-g6k.oht.161.46.IP)
[16:46:38] *** Quits: p32blo (p32blo@moz-bqt.tp4.180.89.IP) (Ping timeout: 121 seconds)
[16:49:17] *** Quits: steveklabnik (root@moz-fft.uo8.55.45.IP) (Ping timeout: 121 seconds)
[16:49:30] *** Quits: p32blo1 (p32blo@moz-305o0v.cpe.netcabo.pt) (Ping timeout: 121 seconds)
[16:51:20] *** Joins: steveklabnik (root@moz-fft.uo8.55.45.IP)
[16:52:01] *** Joins: frewsxcv (sid86219@moz-dneii9.brockwell.irccloud.com)
[17:25:21] *** Quits: panicbit (panicbit@moz-vqobnf.dip0.t-ipconnect.de) (Ping timeout: 121 seconds)
[17:43:32] *** Quits: Cifram (Cifram@moz-l63.9pu.126.76.IP) (Quit: Leaving)
[17:43:41] *** Joins: Cifram (Cifram@moz-l63.9pu.126.76.IP)
[17:51:49] *** Joins: swgillespie (swgillespie@moz-rn1.vmq.232.104.IP)
[18:02:16] *** Joins: larsberg1 (Adium@moz-kmvlue.cable.rcn.com)
[18:02:31] *** Quits: larsberg1 (Adium@moz-kmvlue.cable.rcn.com) (Quit: Leaving.)
[18:20:51] *** Quits: larsberg (sid89@moz-1a60qu.0j4i.jtu0.0101.2620.IP) (Quit: )
[18:21:04] *** Joins: larsberg (Adium@moz-kmvlue.cable.rcn.com)
[18:23:35] *** Joins: panicbit (panicbit@moz-cbrm9h.dip0.t-ipconnect.de)
[18:28:43] *** Quits: JanC (janc@moz-fq8veb.dial.scarlet.be) (Ping timeout: 121 seconds)
[18:28:52] *** Quits: ytain (ytain@moz-pum3eh.dsl.teksavvy.com) (Quit: Textual IRC Client: www.textualapp.com)
[18:41:40] *** Joins: JanC (janc@moz-d2872g.dsl.scarlet.be)
[18:45:50] *** Quits: simias (simias@moz-hesd72.svkt.org) (Quit: leaving)
[18:46:44] *** Quits: mzabaluev (Thunderbird@moz-ujk3nv.dhcp.inet.fi) (Ping timeout: 121 seconds)
[18:52:29] *** Quits: panicbit (panicbit@moz-cbrm9h.dip0.t-ipconnect.de) (Ping timeout: 121 seconds)
[18:54:23] *** Joins: panicbit (panicbit@moz-cbrm9h.dip0.t-ipconnect.de)
[18:57:26] *** Joins: techiewickie (techiewicki@moz-vmk.ir4.62.178.IP)
[18:59:02] *** Quits: techiewickie (techiewicki@moz-vmk.ir4.62.178.IP) (Connection closed)
[19:07:38] *** kimundi is now known as zz_kimundi
[19:13:56] *** zz_kimundi is now known as kimundi
[19:15:34] *** Quits: frewsxcv (sid86219@moz-dneii9.brockwell.irccloud.com) (Quit: )
[19:28:34] *** Parts: tilpner (tilpner@moz-6vhgm3.de) ("Have an awesome day!")
[19:30:03] *** Quits: swgillespie (swgillespie@moz-rn1.vmq.232.104.IP) (Quit: My MacBook Pro has gone to sleep. ZZZzzz…)
[19:38:08] *** Quits: steveklabnik (root@moz-fft.uo8.55.45.IP) (Quit: leaving)
[19:41:09] *** Joins: dpc (dpc@moz-t6gr4b.ca.comcast.net)
[19:47:40] *** Quits: panicbit (panicbit@moz-cbrm9h.dip0.t-ipconnect.de) (Ping timeout: 121 seconds)
[19:52:54] *** Joins: panicbit (panicbit@moz-cbrm9h.dip0.t-ipconnect.de)
[19:57:14] *** kimundi is now known as zz_kimundi
[20:08:55] *** zz_kimundi is now known as kimundi
[20:09:41] *** Joins: p1start (p1start@moz-nftjhe.org)
[20:11:36] *** Quits: dpc (dpc@moz-t6gr4b.ca.comcast.net) (Ping timeout: 121 seconds)
[20:14:19] *** Quits: p1start (p1start@moz-nftjhe.org) (Ping timeout: 121 seconds)
[20:17:43] *** Joins: mfranzwa (mike@moz-kjo6bs.ca.comcast.net)
[20:22:55] *** Joins: Shackra (Jorge@moz-7bh.ng6.177.186.IP)
[20:31:43] *** Parts: mfranzwa (mike@moz-kjo6bs.ca.comcast.net) ()
[20:42:06] *** Quits: Tobba (Tobba@moz-o13d22.bredband.telia.com) (Ping timeout: 121 seconds)
[20:44:17] *** Joins: Tobba (Tobba@moz-o13d22.bredband.telia.com)
[20:58:22] *** Joins: nonsensickle (nonsensickl@moz-4v0.gkd.16.182.IP)
[21:09:37] *** Quits: globin (globin@moz-isrgf8.de) (Quit: leaving)
[21:09:43] *** Joins: globin (globin@moz-isrgf8.de)
[21:13:57] *** Quits: JanC (janc@moz-d2872g.dsl.scarlet.be) (Ping timeout: 121 seconds)
[21:16:13] <kimundi> Can I tell cargo to use a rustc instealled in a specific path, rather than the default one?
[21:16:40] <kimundi> Want to use it in combination with some stage1 rustc build artifacts
[21:19:10] *** Joins: p32blo (p32blo@moz-svt.u1h.180.89.IP)
[21:21:36] *** Joins: swgillespie (swgillespie@moz-rn1.vmq.232.104.IP)
[21:22:24] *** Joins: zyphrus (David@moz-3h0.d1d.98.101.IP)
[21:27:10] *** Joins: JanC (janc@moz-fovsae.dsl.scarlet.be)
[21:27:57] *** Quits: p32blo (p32blo@moz-svt.u1h.180.89.IP) (Quit: Leaving.)
[21:31:58] *** Joins: jhasse (jhasse@moz-2lh437.ewe-ip-backbone.de)
[21:32:04] *** Joins: p32blo (p32blo@moz-svt.u1h.180.89.IP)
[21:34:30] <Dabo> kimundi, it should work to just add the directory with a different rustc to $PATH before running cargo
[21:34:40] <kimundi> hm
[21:34:45] <kimundi> sounds reasonable
[21:35:51] <Dabo> testing with just a bash script with `echo $@`, cargo gives `rustc -v didn't have a line for `host:``
[21:36:00] <Dabo> so i'm assuming that worked
[21:40:52] *** Quits: zyphrus (David@moz-3h0.d1d.98.101.IP) (Ping timeout: 121 seconds)
[21:44:27] <gleb> is setting PATH enough though? don't you need to set LD_LIBRARY_PATH as well? and possibly prevent cargo from seeing it
[21:44:33] *** Quits: durka42 (durka42@moz-qsuual.pa.comcast.net) (Client exited)
[21:48:31] <gleb> and if cargo doesn't see it, the build scripts won't either so you're screwed
[21:48:50] <gleb> at least that's been my experience when trying to make such an arrangement work
[21:53:51] *** Quits: edlothiol (user@moz-i70j4f.dynamic.kabel-deutschland.de) (Ping timeout: 121 seconds)
[21:53:58] *** Quits: ptalbot (ptalbot@moz-j4gnuh.fbx.proxad.net) (Ping timeout: 121 seconds)
[21:55:19] *** Joins: Kingsquee (kingsley@moz-3fm07c.bchsia.telus.net)
[22:11:13] *** Quits: jhasse (jhasse@moz-2lh437.ewe-ip-backbone.de) (Quit: Leaving)
[22:13:18] *** Quits: panicbit (panicbit@moz-cbrm9h.dip0.t-ipconnect.de) (Ping timeout: 121 seconds)
[22:18:08] *** Quits: p32blo (p32blo@moz-svt.u1h.180.89.IP) (Ping timeout: 121 seconds)
[22:18:55] *** Joins: p32blo (p32blo@moz-svt.u1h.180.89.IP)
[22:19:35] *** Quits: JanC (janc@moz-fovsae.dsl.scarlet.be) (Ping timeout: 121 seconds)
[22:30:03] *** Joins: panicbit (panicbit@moz-vqobnf.dip0.t-ipconnect.de)
[22:33:23] *** Quits: Shackra (Jorge@moz-7bh.ng6.177.186.IP) (Connection closed)
[22:38:53] *** Quits: gleb (gleb@moz-3u1drv.rusanovka-net.kiev.ua) (Ping timeout: 121 seconds)
[22:40:41] *** Joins: brson (brson@moz-cfhap5.mtv2.mozilla.com)
[23:06:45] *** Quits: fkaa (tundmatu@moz-501od2.business.telia.com) (Ping timeout: 121 seconds)
[23:16:55] *** Quits: erz (erz@moz-fiq1tl.broadband.corbina.ru) (Quit: My Mac has gone to sleep. ZZZzzz…)
[23:21:27] *** Quits: p32blo (p32blo@moz-svt.u1h.180.89.IP) (Ping timeout: 121 seconds)
[23:24:28] *** Joins: p32blo (p32blo@moz-v36o87.cpe.netcabo.pt)
[23:31:58] *** Joins: iu (iu@moz-6263qv.cc.cmu.edu)
[23:33:36] *** Joins: ytain (ytain@moz-pum3eh.dsl.teksavvy.com)
[23:33:47] <iu> Hi! When running doc-tests, is it possible to dump the corresponding output to the terminal? --nocapture doesn’t seem to work in this case.
[23:35:02] <iu> Is it a bug or the intended behavior?
[23:36:27] *** Quits: p32blo (p32blo@moz-v36o87.cpe.netcabo.pt) (Quit: Leaving.)
[23:36:33] *** Joins: p32blo (p32blo@moz-v36o87.cpe.netcabo.pt)
[23:40:56] *** Quits: bvssvni_ (sven@moz-8nopqv.bb.online.no) (Ping timeout: 121 seconds)
[23:41:04] *** Quits: Kingsquee (kingsley@moz-3fm07c.bchsia.telus.net) (Quit: Konversation terminated!)
[23:41:16] *** Joins: Kingsquee (kingsley@moz-3fm07c.bchsia.telus.net)
[23:46:36] *** Quits: ebfull (ebfull@moz-2hf06a.co.comcast.net) (Quit: Konversation terminated!)
[23:46:38] *** Quits: Tobba (Tobba@moz-o13d22.bredband.telia.com) (Quit: Leaving)
[23:46:42] *** Quits: Cifram (Cifram@moz-l63.9pu.126.76.IP) (Quit: Leaving)
[23:46:42] *** Joins: Tobba (Tobba@moz-o13d22.bredband.telia.com)
[23:46:48] *** Joins: Cifram (Cifram@moz-l63.9pu.126.76.IP)
[23:47:50] *** Joins: bvssvni (sven@moz-8nne1d.bb.online.no)
[23:49:18] *** Quits: Kingsquee (kingsley@moz-3fm07c.bchsia.telus.net) (A TLS packet with unexpected length was received.)
[23:49:32] *** Joins: Kingsquee (kingsley@moz-3fm07c.bchsia.telus.net)
[23:50:52] *** Quits: nonsensickle (nonsensickl@moz-4v0.gkd.16.182.IP) (Quit: Leaving)
[23:51:05] *** Joins: nonsensickle (nonsensickl@moz-4v0.gkd.16.182.IP)
[23:55:19] *** Quits: Kingsquee (kingsley@moz-3fm07c.bchsia.telus.net) (Quit: Konversation terminated!)
[23:57:52] *** Quits: brson (brson@moz-cfhap5.mtv2.mozilla.com) (Quit: leaving)
[23:59:03] *** Quits: larsberg (Adium@moz-kmvlue.cable.rcn.com) (Quit: Leaving.)
