[00:01:46] *** Parts: fyl2xp11 (fyl2xp1@moz-efe6g9.netcologne.de) ()
[00:19:28] *** Joins: brson (brson@moz-a8s.c9m.56.172.IP)
[00:51:43] *** Quits: Tobba (Tobba@moz-o13d22.bredband.telia.com) (Ping timeout: 121 seconds)
[01:04:33] *** Quits: brson (brson@moz-a8s.c9m.56.172.IP) (Quit: leaving)
[01:40:49] *** Quits: Riastradh (riastradh@moz-4cq.4b3.187.106.IP) (Ping timeout: 121 seconds)
[01:40:52] *** Joins: Riastradh (riastradh@moz-skq614.dfri.se)
[02:28:41] *** Joins: Tobba (Tobba@moz-o13d22.bredband.telia.com)
[02:48:37] *** Quits: Tiffany (lymia@moz-6q5ofr.lyrical.lymia.moe) (Ping timeout: 121 seconds)
[02:50:16] *** Joins: tiffany (lymia@moz-6q5ofr.lyrical.lymia.moe)
[03:46:10] *** Quits: gsingh93 (gulshan@moz-qnbukr.mi.comcast.net) (Ping timeout: 121 seconds)
[05:32:20] *** Quits: Riastradh (riastradh@moz-skq614.dfri.se) (Connection closed)
[05:32:22] *** Joins: Riastradh (riastradh@moz-tgd.gav.25.85.IP)
[09:50:01] *** Quits: randati (antti@moz-09o5q7.763s.ieq4.0708.2001.IP) (Ping timeout: 121 seconds)
[09:55:50] <Ilari> Heh, rust-crypto seems to be borked on i686...
[15:12:26] *** Joins: erickt (erickt@moz-njt.vqi.14.76.IP)
[17:46:59] *** Joins: brson (brson@moz-jsd.7vl.56.172.IP)
[17:58:59] * bascule makes an rfc6125 library for Rust o_O
[17:59:16] <bascule> I'm calling it pkixnames
[18:00:05] <bascule> and only implementing strict behavior for now
[18:00:45] <bascule> Does a presented wildcard of "w*" match "www"?
[18:00:48] <bascule> answer: NO
[18:01:41] <Ilari> w*.example.org is prefectly valid name for the underlying DNS system, and is in no way special... :-)
[18:01:54] <Ilari> OTOH, *.example.org is special.
[18:03:15] <Ilari> Specifically, label of '*' can only match wildcard.
[18:05:40] <Ilari> Also, from another channel... Allegedly a fair amount of EV sites include content (including scripts) from DV domains...
[18:19:59] <frewsxcv> bascule: need any help?
[18:24:02] <bascule> frewsxcv: maybe once I have it spiked out
[18:24:46] <frewsxcv> bascule: sounds good, ill 'watch' it on github and follow along
[18:24:57] * frewsxcv *i'll
[18:25:00] <bascule> cool
[18:25:41] <frewsxcv> might as well share the link with others in here https://github.com/tarcieri/pkixnames
[18:25:45] <bascule> this is the Ruby implementation I did: https://github.com/ruby/openssl/pull/12/files
[18:25:48] <bascule> heh yeah
[18:25:53] <bascule> I plan on going stricter
[18:26:08] <bascule> the Ruby implementation is as loose as it is so we could make the patch less controversial
[18:26:15] <Ilari> What kinds of PKIX names there are? Also, what are CN-ID, DNS-ID and SRV-ID?
[18:26:34] <bascule> Ilari: haha, is the library name too generic?
[18:26:44] <bascule> I thought about calling it "rfc6125" but that seemed too specific, heh
[18:28:36] <Ilari> And possibly at least one of those name types is deprecated...
[18:34:05] <Ilari> Ah, looks like all of those are referenced in RFC6125... And there's also URI-ID.
[18:39:12] <Ilari> Also, what might be useful library: rfc5116... Noticed that there's no AES-192-GCM in the registry...
[18:57:43] <frewsxcv> bascule: FWIW, manishearth is active in #servo right now if you wanted to communicate with him in real time
[19:00:44] *** Quits: brson (brson@moz-jsd.7vl.56.172.IP) (Ping timeout: 121 seconds)
[19:03:27] <bascule> hahaha
[19:03:30] <bascule> sounds good
[19:03:35] <bascule> although I'm about to go get brunch
[19:25:09] *** Joins: brson (brson@moz-jsd.7vl.56.172.IP)
[20:10:08] *** Quits: brson (brson@moz-jsd.7vl.56.172.IP) (Quit: leaving)
[21:23:42] *** Joins: fyl2xp1 (fyl2xp1@moz-dnsh7n.netcologne.de)
[21:26:56] *** Quits: erickt (erickt@moz-njt.vqi.14.76.IP) (Ping timeout: 121 seconds)
[21:38:30] *** Joins: gleb (gleb@moz-3u1drv.rusanovka-net.kiev.ua)
[22:18:48] *** Joins: erickt (erickt@moz-njt.vqi.14.76.IP)
[22:40:46] *** Quits: Tobba (Tobba@moz-o13d22.bredband.telia.com) (Ping timeout: 121 seconds)
[22:49:36] *** Joins: gsingh93 (gulshan@moz-qnbukr.mi.comcast.net)
[22:54:46] *** Parts: fyl2xp1 (fyl2xp1@moz-dnsh7n.netcologne.de) ()
[23:15:08] *** Quits: gleb (gleb@moz-3u1drv.rusanovka-net.kiev.ua) (Ping timeout: 121 seconds)
