[00:06:48] *** Quits: tyoverby (tyoverby@moz-fo2liv.cs.washington.edu) (Connection closed)
[00:17:38] *** Quits: JanC (janc@moz-olsksc.dsl.scarlet.be) (Ping timeout: 121 seconds)
[00:19:22] <acrichto> jack: btw in the future if a noop `cargo build` takes longer than 500ms for servo, that's a pretty big red flag of something that should be fixed
[00:19:30] <acrichto> jack: so feel free to open issues saying "cargo is dog slow"
[00:29:56] *** Joins: JanC (janc@moz-r35nfv.dsl.scarlet.be)
[00:30:58] *** Quits: fkaa (tundmatu@moz-n4as1f.cust.tele2.se) (Ping timeout: 121 seconds)
[00:31:20] *** Quits: p1start (p1start@moz-nftjhe.org) (Ping timeout: 121 seconds)
[00:38:42] *** Quits: Tobba (Tobba@moz-o13d22.bredband.telia.com) (Ping timeout: 121 seconds)
[00:52:38] *** Quits: eckhardt (eckhardt@moz-s9e.ov1.227.199.IP) (Quit: Leaving...)
[01:01:25] *** Joins: Tobba (Tobba@moz-o13d22.bredband.telia.com)
[01:15:47] *** Quits: Rym (y@moz-c2u.sd4.38.217.IP) (Ping timeout: 121 seconds)
[01:23:31] *** Joins: fkaa (tundmatu@moz-501od2.business.telia.com)
[01:26:46] <jack> acrichto: noted
[01:27:25] *** Joins: p1start (p1start@moz-nftjhe.org)
[01:31:31] *** Joins: Rym (y@moz-c2u.sd4.38.217.IP)
[01:33:28] *** Quits: jhelwig (jhelwig@moz-m94qqt.technosorcery.net) (Ping timeout: 121 seconds)
[01:34:18] *** Quits: Ycros (ycros@moz-f8shio.ycros.org) (Ping timeout: 121 seconds)
[01:34:22] *** Quits: Eridius (kevin@moz-6opvqs.us) (Ping timeout: 121 seconds)
[01:34:26] *** Quits: seanmonstar (seanmonstar@moz-jd3i0j.fkdv.ulf6.3c01.2600.IP) (Ping timeout: 121 seconds)
[01:35:55] *** Quits: Rym (y@moz-c2u.sd4.38.217.IP) (Ping timeout: 121 seconds)
[01:37:58] *** Quits: FreeFull (freefull@moz-o5b738.range86-156.btcentralplus.com) (Ping timeout: 121 seconds)
[01:40:01] *** Joins: FreeFull (freefull@moz-2c24g7.range86-136.btcentralplus.com)
[01:43:48] *** Joins: dcb (textual@moz-j72nfe.ca.comcast.net)
[01:48:44] *** Quits: dcb (textual@moz-j72nfe.ca.comcast.net) (Connection closed)
[01:53:02] *** Quits: ytain (ytain@moz-ffpck2.dsl.teksavvy.com) (Quit: Textual IRC Client: www.textualapp.com)
[02:19:53] *** Joins: dcb (textual@moz-j72nfe.ca.comcast.net)
[02:23:10] *** Quits: Guest35953 (Jorge@moz-7bh.ng6.177.186.IP) (Ping timeout: 121 seconds)
[02:25:40] *** Joins: Rym (y@moz-c2u.sd4.38.217.IP)
[02:28:00] *** Quits: p1start (p1start@moz-nftjhe.org) (Ping timeout: 121 seconds)
[02:29:01] *** Joins: p1start (p1start@moz-nftjhe.org)
[02:29:17] *** Quits: harrisonclarke (harrisoncla@moz-v2i.4mr.177.142.IP) (Connection closed)
[02:30:04] *** Quits: Rym (y@moz-c2u.sd4.38.217.IP) (Ping timeout: 121 seconds)
[02:30:15] *** Joins: harrisonclarke (harrisoncla@moz-v2i.4mr.177.142.IP)
[02:33:40] *** Quits: pcwalton (pcwalton@moz-l8ebtf.sfo1.mozilla.com) (Client exited)
[02:38:45] *** Quits: p1start (p1start@moz-nftjhe.org) (Ping timeout: 121 seconds)
[02:39:07] *** Joins: yourabi (yourabi@moz-q8dqtg.ca.comcast.net)
[02:39:44] *** Quits: yourabi (yourabi@moz-q8dqtg.ca.comcast.net) (Quit: Textual IRC Client: www.textualapp.com)
[02:39:48] *** Joins: p1start (p1start@moz-nftjhe.org)
[02:42:46] *** Quits: dcb (textual@moz-j72nfe.ca.comcast.net) (Quit: My Mac has gone to sleep. ZZZzzz…)
[02:42:49] *** Quits: panicbit (panicbit@moz-trnuar.dip0.t-ipconnect.de) (Ping timeout: 121 seconds)
[02:53:10] *** Joins: Shackra (Jorge@moz-7bh.ng6.177.186.IP)
[02:53:10] *** Quits: zz_kimundi (kimundi@moz-68riih.dip0.t-ipconnect.de) (Ping timeout: 121 seconds)
[02:54:57] *** Joins: zz_kimundi (kimundi@moz-pu1phi.dip0.t-ipconnect.de)
[02:54:58] *** zz_kimundi is now known as kimundi
[02:58:01] *** Quits: harrisonclarke (harrisoncla@moz-v2i.4mr.177.142.IP) (Connection closed)
[03:12:15] *** Quits: Shackra (Jorge@moz-7bh.ng6.177.186.IP) (Ping timeout: 121 seconds)
[03:19:49] *** Joins: Rym (y@moz-c2u.sd4.38.217.IP)
[03:24:14] *** Quits: Rym (y@moz-c2u.sd4.38.217.IP) (Ping timeout: 121 seconds)
[03:36:48] *** Quits: Tobba (Tobba@moz-o13d22.bredband.telia.com) (Connection closed)
[03:37:47] *** Joins: Tobba (Tobba@moz-o13d22.bredband.telia.com)
[03:40:14] *** Joins: harrisonclarke (harrisoncla@moz-uur7pt.eastlink.ca)
[03:46:35] *** Quits: erz (erz@moz-fiq1tl.broadband.corbina.ru) (Quit: My Mac has gone to sleep. ZZZzzz…)
[04:06:11] *** Quits: zyphrus (David@moz-1a4.urk.98.101.IP) (Quit: Bye bye)
[04:07:20] *** Quits: harrisonclarke (harrisoncla@moz-uur7pt.eastlink.ca) (Connection closed)
[04:07:41] *** Joins: zyphrus (David@moz-1a4.urk.98.101.IP)
[04:09:29] *** Joins: harrisonclarke (harrisoncla@moz-uur7pt.eastlink.ca)
[04:10:06] *** Quits: dpc (dpc@moz-t6gr4b.ca.comcast.net) (Ping timeout: 121 seconds)
[04:13:58] *** Joins: Rym (y@moz-c2u.sd4.38.217.IP)
[04:14:22] *** Joins: Quxxy (chatzilla@moz-0nv.jkp.167.59.IP)
[04:16:55] *** Quits: Guest60769 (rovar@moz-6iq.47m.88.38.IP) (Ping timeout: 121 seconds)
[04:17:50] *** Quits: harrisonclarke (harrisoncla@moz-uur7pt.eastlink.ca) (Connection closed)
[04:18:24] *** Quits: Rym (y@moz-c2u.sd4.38.217.IP) (Ping timeout: 121 seconds)
[04:22:52] *** Joins: Guest60769 (rovar@moz-6iq.47m.88.38.IP)
[04:24:24] *** Joins: Rym (y@moz-c2u.sd4.38.217.IP)
[04:28:52] *** Quits: Rym (y@moz-c2u.sd4.38.217.IP) (Ping timeout: 121 seconds)
[04:32:52] *** Quits: Tobba (Tobba@moz-o13d22.bredband.telia.com) (Ping timeout: 121 seconds)
[04:38:19] *** Joins: Shackra (Jorge@moz-7bh.ng6.177.186.IP)
[04:38:57] *** Quits: Guest60769 (rovar@moz-6iq.47m.88.38.IP) (Ping timeout: 121 seconds)
[04:43:50] *** Joins: pcwalton (pcwalton@moz-6kjabm.ca.comcast.net)
[04:43:51] *** Quits: pcwalton (pcwalton@moz-6kjabm.ca.comcast.net) (A TLS packet with unexpected length was received.)
[04:44:51] *** Joins: Guest60769 (rovar@moz-6iq.47m.88.38.IP)
[04:49:29] *** Quits: p1start (p1start@moz-nftjhe.org) (Ping timeout: 121 seconds)
[04:50:33] *** Joins: p1start (p1start@moz-nftjhe.org)
[05:18:33] *** Joins: Rym (y@moz-c2u.sd4.38.217.IP)
[05:22:59] *** Quits: Rym (y@moz-c2u.sd4.38.217.IP) (Ping timeout: 121 seconds)
[05:30:45] *** Quits: A205B064 (A205B064@moz-9s9nhk.nap.wideopenwest.com) (Ping timeout: 121 seconds)
[05:31:35] *** Quits: bjz (bjz@moz-4cc8qn.bigpond.net.au) (Quit: My Mac has gone to sleep. ZZZzzz…)
[05:31:54] *** Joins: bjz (bjz@moz-4cc8qn.bigpond.net.au)
[05:39:15] *** Quits: bjz (bjz@moz-4cc8qn.bigpond.net.au) (Quit: My Mac has gone to sleep. ZZZzzz…)
[06:12:42] *** Joins: Rym (y@moz-c2u.sd4.38.217.IP)
[06:17:08] *** Quits: Rym (y@moz-c2u.sd4.38.217.IP) (Ping timeout: 121 seconds)
[06:21:56] *** Joins: dpc (dpc@moz-t6gr4b.ca.comcast.net)
[06:24:25] *** Joins: Ycros (ycros@moz-f8shio.ycros.org)
[06:31:43] *** Joins: A205B064 (A205B064@moz-9s9nhk.nap.wideopenwest.com)
[06:32:14] *** Joins: jhelwig (jhelwig@moz-m94qqt.technosorcery.net)
[06:36:32] *** Quits: JanC (janc@moz-r35nfv.dsl.scarlet.be) (Ping timeout: 121 seconds)
[06:48:49] *** Joins: JanC (janc@moz-r35nfv.dsl.scarlet.be)
[07:06:52] *** Joins: Rym (y@moz-c2u.sd4.38.217.IP)
[07:11:18] *** Quits: Rym (y@moz-c2u.sd4.38.217.IP) (Ping timeout: 121 seconds)
[07:17:23] *** Joins: panicbit (panicbit@moz-trnuar.dip0.t-ipconnect.de)
[07:41:06] *** Quits: panicbit (panicbit@moz-trnuar.dip0.t-ipconnect.de) (Ping timeout: 121 seconds)
[07:46:55] *** Quits: Quxxy (chatzilla@moz-0nv.jkp.167.59.IP) (Ping timeout: 121 seconds)
[08:01:00] *** Joins: Rym (y@moz-c2u.sd4.38.217.IP)
[08:01:21] *** Quits: O01eg (o01eg@moz-stqs0u.1si9.4n8f.2698.2a02.IP) (Ping timeout: 121 seconds)
[08:05:28] *** Quits: Rym (y@moz-c2u.sd4.38.217.IP) (Ping timeout: 121 seconds)
[08:07:05] *** Quits: dpc (dpc@moz-t6gr4b.ca.comcast.net) (Ping timeout: 121 seconds)
[08:34:01] *** Joins: Quxxy (chatzilla@moz-0nv.jkp.167.59.IP)
[08:55:09] *** Joins: Rym (y@moz-c2u.sd4.38.217.IP)
[08:59:37] *** Quits: Rym (y@moz-c2u.sd4.38.217.IP) (Ping timeout: 121 seconds)
[09:05:22] *** Joins: eibwen (eibwen@moz-qjhnnl.dip0.t-ipconnect.de)
[09:06:43] *** Joins: ogham (rally@moz-91e3hp.cable.virginm.net)
[09:17:01] *** Joins: SneakySnake (nya@moz-i9is4u.pool.telekom.hu)
[09:26:00] *** Joins: gleb (gleb@moz-3u1drv.rusanovka-net.kiev.ua)
[09:28:07] *** Quits: A205B064 (A205B064@moz-9s9nhk.nap.wideopenwest.com) (Ping timeout: 121 seconds)
[09:33:21] *** Joins: dcb (textual@moz-j72nfe.ca.comcast.net)
[09:49:20] *** Joins: Rym (y@moz-c2u.sd4.38.217.IP)
[09:51:21] *** Quits: Shackra (Jorge@moz-7bh.ng6.177.186.IP) (Ping timeout: 121 seconds)
[09:52:36] *** Joins: X-Scale (gbabios@moz-qvs1f5.rev.vodafone.pt)
[09:53:46] *** Quits: Rym (y@moz-c2u.sd4.38.217.IP) (Ping timeout: 121 seconds)
[10:10:13] *** Quits: ogham (rally@moz-91e3hp.cable.virginm.net) (Quit: My Mac has gone to sleep. ZZZzzz…)
[10:31:54] *** Joins: ogham (rally@moz-91e3hp.cable.virginm.net)
[10:32:34] *** Joins: Rym (y@moz-c2u.sd4.38.217.IP)
[10:34:34] *** Quits: zyphrus (David@moz-1a4.urk.98.101.IP) (Quit: Bye bye)
[10:37:02] *** Quits: Rym (y@moz-c2u.sd4.38.217.IP) (Ping timeout: 121 seconds)
[10:53:48] *** Quits: X-Scale (gbabios@moz-qvs1f5.rev.vodafone.pt) (Connection closed)
[11:02:06] *** Joins: erz (erz@moz-imu.af0.232.213.IP)
[11:07:02] *** Joins: ytain (ytain@moz-ffpck2.dsl.teksavvy.com)
[11:10:56] *** Joins: erz_ (erz@moz-fiq1tl.broadband.corbina.ru)
[11:11:50] *** Quits: dcb (textual@moz-j72nfe.ca.comcast.net) (Quit: Textual IRC Client: www.textualapp.com)
[11:12:53] *** Quits: erz (erz@moz-imu.af0.232.213.IP) (Ping timeout: 121 seconds)
[11:17:05] *** Quits: SneakySnake (nya@moz-i9is4u.pool.telekom.hu) (Connection closed)
[11:26:15] *** Joins: daschl (Adium@moz-oirn1i.vie.surfer.at)
[11:26:49] *** Joins: Rym (y@moz-c2u.sd4.38.217.IP)
[11:27:44] *** Quits: daschl (Adium@moz-oirn1i.vie.surfer.at) (Quit: Leaving.)
[11:31:07] *** Quits: Rym (y@moz-c2u.sd4.38.217.IP) (Ping timeout: 121 seconds)
[11:43:48] *** Joins: Tobba (Tobba@moz-o13d22.bredband.telia.com)
[11:48:58] *** Quits: p1start (p1start@moz-nftjhe.org) (Ping timeout: 121 seconds)
[11:50:33] *** Joins: harrisonclarke (harrisoncla@moz-uur7pt.eastlink.ca)
[11:58:18] <FreeFull> I'm making bindings to a C library, which depends on glib if xmmsclient-glib.h is used, but doesn't otherwise. Should I make glib a feature?
[12:00:54] *** Joins: killercup (killercup@moz-723bo4.dip0.t-ipconnect.de)
[12:13:55] <huon> FreeFull: does it make sense for people to opt-in to the functionality in that header?
[12:19:11] <FreeFull> huon: I think so
[12:19:27] <FreeFull> Although I can't get bindgen to generate the bindings for it right now
[12:20:50] *** Joins: Rym (y@moz-c2u.sd4.38.217.IP)
[12:25:18] *** Quits: Rym (y@moz-c2u.sd4.38.217.IP) (Ping timeout: 121 seconds)
[12:28:32] *** Joins: iu (iu@moz-6263qv.cc.cmu.edu)
[12:33:07] *** Joins: p32blo (p32blo@moz-v36o87.cpe.netcabo.pt)
[13:01:01] *** Quits: JanC (janc@moz-r35nfv.dsl.scarlet.be) (Ping timeout: 121 seconds)
[13:08:47] *** Joins: SneakySnake (nya@moz-i9is4u.pool.telekom.hu)
[13:14:00] *** Quits: p32blo (p32blo@moz-v36o87.cpe.netcabo.pt) (Ping timeout: 121 seconds)
[13:14:04] *** Joins: JanC (janc@moz-fpr7rf.dsl.scarlet.be)
[13:14:59] *** Joins: Rym (y@moz-c2u.sd4.38.217.IP)
[13:19:25] *** Quits: Rym (y@moz-c2u.sd4.38.217.IP) (Ping timeout: 121 seconds)
[13:19:44] *** Quits: Tobba (Tobba@moz-o13d22.bredband.telia.com) (Ping timeout: 121 seconds)
[13:36:48] *** Quits: eibwen (eibwen@moz-qjhnnl.dip0.t-ipconnect.de) (Ping timeout: 121 seconds)
[13:57:34] *** Joins: p32blo (p32blo@moz-k09.59f.180.89.IP)
[14:05:42] *** Quits: harrisonclarke (harrisoncla@moz-uur7pt.eastlink.ca) (Connection closed)
[14:12:56] *** Joins: harrisonclarke (harrisoncla@moz-th044a.ns.bellaliant.net)
[14:15:38] *** Joins: Rym (y@moz-c2u.sd4.38.217.IP)
[14:25:20] *** Quits: ytain (ytain@moz-ffpck2.dsl.teksavvy.com) (Quit: Textual IRC Client: www.textualapp.com)
[14:31:09] *** Quits: harrisonclarke (harrisoncla@moz-th044a.ns.bellaliant.net) (Connection closed)
[14:41:58] *** Quits: ogham (rally@moz-91e3hp.cable.virginm.net) (Quit: My Mac has gone to sleep. ZZZzzz…)
[14:45:24] *** Joins: harrisonclarke (harrisoncla@moz-4oc07n.ns.bellaliant.net)
[14:52:09] *** Quits: faern (faern@moz-4ef681.jagochmittmoln.se) (Connection closed)
[14:52:46] *** Joins: faern (faern@moz-4ef681.jagochmittmoln.se)
[14:56:44] *** Joins: p32blo1 (p32blo@moz-k09.59f.180.89.IP)
[14:57:31] *** Quits: p32blo (p32blo@moz-k09.59f.180.89.IP) (Ping timeout: 121 seconds)
[15:15:53] *** Quits: Rym (y@moz-c2u.sd4.38.217.IP) (Ping timeout: 121 seconds)
[15:16:13] *** Joins: A205B064 (A205B064@moz-9s9nhk.nap.wideopenwest.com)
[15:18:33] *** Joins: Rym (y@moz-c2u.sd4.38.217.IP)
[15:19:04] *** Quits: harrisonclarke (harrisoncla@moz-4oc07n.ns.bellaliant.net) (Connection closed)
[15:19:52] *** Joins: harrisonclarke (harrisoncla@moz-4oc07n.ns.bellaliant.net)
[15:20:10] *** Quits: harrisonclarke (harrisoncla@moz-4oc07n.ns.bellaliant.net) (Connection closed)
[15:21:45] *** Joins: ogham (rally@moz-91e3hp.cable.virginm.net)
[15:34:37] *** Joins: larsberg (Adium@moz-kmvlue.cable.rcn.com)
[15:41:15] *** Quits: larsberg (Adium@moz-kmvlue.cable.rcn.com) (Quit: Leaving.)
[15:42:52] *** Quits: SneakySnake (nya@moz-i9is4u.pool.telekom.hu) (Connection closed)
[15:57:19] *** Joins: harrisonclarke (harrisoncla@moz-6v8.jf9.227.142.IP)
[16:47:28] *** Joins: ytain (ytain@moz-ffpck2.dsl.teksavvy.com)
[16:58:55] *** Quits: ogham (rally@moz-91e3hp.cable.virginm.net) (Quit: My Mac has gone to sleep. ZZZzzz…)
[17:00:26] *** Joins: ogham (rally@moz-91e3hp.cable.virginm.net)
[17:04:24] *** Quits: ogham (rally@moz-91e3hp.cable.virginm.net) (Quit: My Mac has gone to sleep. ZZZzzz…)
[17:07:54] *** Joins: ogham (rally@moz-91e3hp.cable.virginm.net)
[17:08:54] *** Quits: harrisonclarke (harrisoncla@moz-6v8.jf9.227.142.IP) (Connection closed)
[17:09:25] *** Joins: harrisonclarke (harrisoncla@moz-6v8.jf9.227.142.IP)
[17:11:31] *** Joins: currysoup_t (Mibbit@moz-5me196.range86-132.btcentralplus.com)
[17:12:01] <currysoup_t> Hey everyone - sorry if it's a dumb question but google didn't really help. Is it possible to use cargo as a library in other rust code?
[17:13:01] *** Joins: happy0 (happy0@moz-tau.9ht.126.176.IP)
[17:13:27] *** Quits: harrisonclarke (harrisoncla@moz-6v8.jf9.227.142.IP) (Ping timeout: 121 seconds)
[17:18:07] <currysoup_t> Without just pulling cargo of github and building the library myself. Basically asking is there any scope for cargo's library to end up on crates.io :)
[17:20:29] <killercup> currysoup_t: according to cargo's own cargo.toml this file is what you get when you extern crate cargo: https://github.com/rust-lang/cargo/blob/06dbe6555a4a15f5912bbfc841d446dad4d417cc/src/cargo/lib.rs
[17:22:24] <killercup> currysoup_t: (you currently need to use the git repo as dependency, though, and i don't think all of cargo works on stable rust)
[17:22:31] <currysoup_t> I suppose i could have a git repo depencency
[17:23:25] <currysoup_t> I'm working with nightly either way :)
[17:24:20] <currysoup_t> Thanks a lot killercup - i'll just use a git dependency for now
[17:27:07] *** Quits: iu (iu@moz-6263qv.cc.cmu.edu) (Connection closed)
[17:31:48] *** Joins: daschl (Adium@moz-oirn1i.vie.surfer.at)
[17:41:21] *** Quits: currysoup_t (Mibbit@moz-5me196.range86-132.btcentralplus.com) (Quit: http://www.mibbit.com ajax IRC Client)
[17:46:21] *** Joins: tyoverby (tyoverby@moz-q99lel.gfd0.v3he.0008.2601.IP)
[17:52:48] *** Joins: panicbit (panicbit@moz-trnuar.dip0.t-ipconnect.de)
[17:58:24] *** Quits: doener (doener@moz-929cn9.unity-media.net) (Quit: leaving)
[17:59:06] *** Quits: daschl (Adium@moz-oirn1i.vie.surfer.at) (Quit: Leaving.)
[18:03:24] *** Quits: ebfull (ebfull@moz-2hf06a.co.comcast.net) (Ping timeout: 121 seconds)
[18:03:37] *** Joins: ebfull (ebfull@moz-2hf06a.co.comcast.net)
[18:10:50] *** Quits: Quxxy (chatzilla@moz-0nv.jkp.167.59.IP) (Ping timeout: 121 seconds)
[18:23:55] *** Joins: harrisonclarke (harrisoncla@moz-uur7pt.eastlink.ca)
[18:28:10] *** Quits: harrisonclarke (harrisoncla@moz-uur7pt.eastlink.ca) (Ping timeout: 121 seconds)
[18:38:46] *** Joins: dpc (dpc@moz-t6gr4b.ca.comcast.net)
[18:49:43] *** Joins: Guest9154 (Jorge@moz-7bh.ng6.177.186.IP)
[18:52:27] *** Joins: dcb (textual@moz-j72nfe.ca.comcast.net)
[18:56:50] *** Joins: Katana (Mibbit@moz-44bhm7.cable.rcn.com)
[18:56:58] <Katana> Hello
[18:57:31] *** Quits: dpc (dpc@moz-t6gr4b.ca.comcast.net) (Ping timeout: 121 seconds)
[19:01:43] *** Quits: ebfull (ebfull@moz-2hf06a.co.comcast.net) (Ping timeout: 121 seconds)
[19:03:18] *** Joins: ebfull (ebfull@moz-2hf06a.co.comcast.net)
[19:04:54] *** Joins: dpc (dpc@moz-t6gr4b.ca.comcast.net)
[19:08:03] *** Quits: sunu (quassel@moz-dq2.41e.235.168.IP) (Quit: No Ping reply in 180 seconds.)
[19:08:30] *** Joins: sunu (quassel@moz-dq2.41e.235.168.IP)
[19:12:00] *** Quits: sunu (quassel@moz-dq2.41e.235.168.IP) (Quit: No Ping reply in 180 seconds.)
[19:16:14] *** Joins: sunu (quassel@moz-dq2.41e.235.168.IP)
[19:20:24] *** Quits: sunu (quassel@moz-dq2.41e.235.168.IP) (Quit: No Ping reply in 180 seconds.)
[19:20:37] *** Quits: Katana (Mibbit@moz-44bhm7.cable.rcn.com) (Quit: http://www.mibbit.com ajax IRC Client)
[19:21:15] *** Joins: sunu (quassel@moz-dq2.41e.235.168.IP)
[19:28:30] *** Joins: Eridius (kevin@moz-6opvqs.us)
[19:33:32] *** Joins: Tobba (Tobba@moz-o13d22.bredband.telia.com)
[19:41:15] *** Quits: sunu (quassel@moz-dq2.41e.235.168.IP) (Quit: No Ping reply in 180 seconds.)
[19:41:47] *** Joins: sunu (quassel@moz-dq2.41e.235.168.IP)
[19:42:53] *** Joins: qrlpx (smuxi@moz-1tie9t.dip0.t-ipconnect.de)
[19:43:51] *** Quits: dcb (textual@moz-j72nfe.ca.comcast.net) (Quit: My Mac has gone to sleep. ZZZzzz…)
[19:49:47] *** Quits: sunu (quassel@moz-dq2.41e.235.168.IP) (Quit: No Ping reply in 180 seconds.)
[19:50:05] *** Joins: sunu (quassel@moz-dq2.41e.235.168.IP)
[19:54:37] *** Joins: dcb (textual@moz-j72nfe.ca.comcast.net)
[20:05:33] *** Joins: EspressoDan (EspressoDan@moz-gnsthu.dynamic.ashlandfiber.net)
[20:09:05] *** Quits: dcb (textual@moz-j72nfe.ca.comcast.net) (Ping timeout: 121 seconds)
[20:10:31] *** Joins: dcb (textual@moz-j72nfe.ca.comcast.net)
[20:17:36] *** Quits: p32blo1 (p32blo@moz-k09.59f.180.89.IP) (Ping timeout: 121 seconds)
[20:18:16] *** Joins: eibwen (eibwen@moz-qjhnnl.dip0.t-ipconnect.de)
[20:31:29] *** Joins: p32blo (p32blo@moz-t6644n.net.novis.pt)
[20:38:40] *** Joins: p1start (p1start@moz-nftjhe.org)
[20:43:28] *** Parts: bstrie (ben@moz-avu3ju.members.linode.com) ()
[20:52:10] *** Joins: xilec (Mibbit@moz-g6k.oht.161.46.IP)
[21:10:02] *** Quits: dpc (dpc@moz-t6gr4b.ca.comcast.net) (Ping timeout: 121 seconds)
[21:14:17] *** Quits: Rym (y@moz-c2u.sd4.38.217.IP) (Ping timeout: 121 seconds)
[21:20:39] *** Joins: swgillespie (swgillespie@moz-n9d.t9i.206.12.IP)
[21:27:58] *** Joins: dpc (dpc@moz-t6gr4b.ca.comcast.net)
[21:31:08] *** Joins: Rym (y@moz-c2u.sd4.38.217.IP)
[21:33:13] *** Quits: p32blo (p32blo@moz-t6644n.net.novis.pt) (Quit: Leaving.)
[21:33:56] *** Joins: p32blo (p32blo@moz-305o0v.cpe.netcabo.pt)
[21:39:42] *** Joins: iu (iu@moz-6263qv.cc.cmu.edu)
[21:59:51] *** Quits: xilec (Mibbit@moz-g6k.oht.161.46.IP) (Quit: http://www.mibbit.com ajax IRC Client)
[22:10:50] *** Quits: EspressoDan (EspressoDan@moz-gnsthu.dynamic.ashlandfiber.net) (Client exited)
[22:15:43] *** Quits: Tobba (Tobba@moz-o13d22.bredband.telia.com) (Ping timeout: 121 seconds)
[22:18:42] *** Joins: zyphrus (David@moz-1a4.urk.98.101.IP)
[22:22:35] *** Quits: swgillespie (swgillespie@moz-n9d.t9i.206.12.IP) (Quit: My MacBook Pro has gone to sleep. ZZZzzz…)
[22:25:15] *** Quits: iu (iu@moz-6263qv.cc.cmu.edu) (Quit: )
[22:26:49] *** Quits: qrlpx (smuxi@moz-1tie9t.dip0.t-ipconnect.de) (Ping timeout: 121 seconds)
[22:31:48] *** Joins: qrlpx (smuxi@moz-n7t.3nb.211.95.IP)
[22:32:57] *** Quits: fkaa (tundmatu@moz-501od2.business.telia.com) (Connection closed)
[22:37:18] *** Joins: EspressoDan (EspressoDan@moz-gnsthu.dynamic.ashlandfiber.net)
[22:38:53] *** Quits: ytain (ytain@moz-ffpck2.dsl.teksavvy.com) (Quit: Textual IRC Client: www.textualapp.com)
[22:45:22] *** Joins: harrisonclarke (harrisoncla@moz-uur7pt.eastlink.ca)
[22:50:05] *** Quits: dcb (textual@moz-j72nfe.ca.comcast.net) (Quit: My Mac has gone to sleep. ZZZzzz…)
[22:54:09] *** Quits: harrisonclarke (harrisoncla@moz-uur7pt.eastlink.ca) (Connection closed)
[22:57:23] *** Joins: harrisonclarke (harrisoncla@moz-uur7pt.eastlink.ca)
[22:58:25] *** Quits: killercup (killercup@moz-723bo4.dip0.t-ipconnect.de) (Quit: My Mac has gone to sleep. ZZZzzz…)
[22:59:12] *** Joins: dcb (textual@moz-j72nfe.ca.comcast.net)
[23:08:51] *** Quits: dpc (dpc@moz-t6gr4b.ca.comcast.net) (Ping timeout: 121 seconds)
[23:11:24] *** Quits: harrisonclarke (harrisoncla@moz-uur7pt.eastlink.ca) (Connection closed)
[23:16:00] *** Joins: harrisonclarke (harrisoncla@moz-uur7pt.eastlink.ca)
[23:32:43] *** Quits: harrisonclarke (harrisoncla@moz-uur7pt.eastlink.ca) (Connection closed)
[23:33:22] *** Quits: ogham (rally@moz-91e3hp.cable.virginm.net) (Quit: My Mac has gone to sleep. ZZZzzz…)
[23:40:06] *** Quits: EspressoDan (EspressoDan@moz-gnsthu.dynamic.ashlandfiber.net) (Client exited)
[23:45:24] *** Joins: killercup (killercup@moz-723bo4.dip0.t-ipconnect.de)
[23:52:23] *** Quits: killercup (killercup@moz-723bo4.dip0.t-ipconnect.de) (Quit: My Mac has gone to sleep. ZZZzzz…)
