[00:00:37] *** Joins: aatch (james@moz-is4j4r.cable.telstraclear.net)
[00:06:50] <SimonSapin> Is there a type that I can name and that implements FnMut doing nothing with static dispatch?
[00:07:11] <SimonSapin> I can’t name an unboxed closure, and a boxed closure requires dynamic dispatch
[00:07:46] <aatch> SimonSapin, you can implement the function traits on a type, it's the only way to do so at the moment.
[00:08:01] <aatch> SimonSapin, it's also behind a feature gate right now.
[00:08:11] <SimonSapin> ok, thanks
[00:08:28] <SimonSapin> well, my dependencies don’t run (yet) on stable anyway
[00:11:02] *** Joins: dinfuehr (dinfuehr@moz-ldm58r.highway.telekom.at)
[00:15:10] *** Quits: dinfuehr (dinfuehr@moz-ldm58r.highway.telekom.at) (Ping timeout: 121 seconds)
[00:19:31] *** Joins: jbomo (dkd@moz-uol4mm.fios.verizon.net)
[00:26:40] *** Quits: aatch (james@moz-is4j4r.cable.telstraclear.net) (Connection closed)
[00:27:33] *** Joins: casey (casey@moz-v0ns05.tpgi.com.au)
[00:28:20] *** Joins: aatch (james@moz-is4j4r.cable.telstraclear.net)
[00:30:20] *** Quits: aldeka (quassel@moz-qqf.of6.243.162.IP) (Connection closed)
[00:37:09] *** Quits: erz (erz@moz-fiq1tl.broadband.corbina.ru) (Quit: My Mac has gone to sleep. ZZZzzz…)
[00:43:13] *** Quits: simukis (nagisa@moz-8t068g.static.zebra.lt) (Ping timeout: 121 seconds)
[00:46:55] *** Joins: harrisonclarke (harrisoncla@moz-p78oth.eastlink.ca)
[00:48:58] *** Quits: harrisonclarke (harrisoncla@moz-p78oth.eastlink.ca) (Connection closed)
[01:02:18] *** Joins: tamird (textual@moz-gg3hct.res.rr.com)
[01:05:06] *** Quits: bytewise (bytewise@moz-mkh5h4.hsi16.unitymediagroup.de) (Quit: Quit)
[01:07:38] *** Joins: genbattle (genbattle@moz-r09mao.xtra.co.nz)
[01:11:47] *** Joins: dinfuehr (dinfuehr@moz-ldm58r.highway.telekom.at)
[01:15:50] *** Quits: dinfuehr (dinfuehr@moz-ldm58r.highway.telekom.at) (Ping timeout: 121 seconds)
[01:29:08] *** Quits: genbattle (genbattle@moz-r09mao.xtra.co.nz) (Quit: Leaving)
[01:34:02] *** Joins: aldeka (quassel@moz-qqf.of6.243.162.IP)
[01:37:54] <XMPPwocky> suppose I wanted to write tests for part of libcore. where do I put them?
[01:38:07] <XMPPwocky> well, don't just suppose, I want to write tests for part of libcore
[01:39:26] *** Joins: Tuba (Tobba@moz-o13d22.bredband.telia.com)
[01:40:23] <rkruppe> XMPPwocky: in libcoretest
[01:40:54] <XMPPwocky> ... that woudl make sense
[01:40:55] <XMPPwocky> >.>
[01:40:56] <rkruppe> And yes that means if you want to test a private API you'll have to make it pub and #[doc(hidden)]
[01:42:24] *** Quits: Tobba (Tobba@moz-o13d22.bredband.telia.com) (Ping timeout: 121 seconds)
[01:48:45] *** Quits: p1start (p1start@moz-nftjhe.org) (Quit: Lost terminal)
[01:48:47] *** Quits: rkruppe (chatzilla@moz-qb299q.diu2.0rth.0908.2a02.IP) (Ping timeout: 121 seconds)
[01:52:07] *** Tuba is now known as Tobba
[01:53:43] *** Joins: p1start (p1start@moz-nftjhe.org)
[01:57:07] <Gankro> XMPPwocky: Well, it makes a *kind* of sense
[02:05:32] *** Quits: Rym (y@moz-c2u.sd4.38.217.IP) (Ping timeout: 121 seconds)
[02:10:14] *** Joins: ryanhiebert (ryanhiebert@moz-nsd5kl.ks.cox.net)
[02:12:33] *** Joins: dinfuehr (dinfuehr@moz-ldm58r.highway.telekom.at)
[02:16:36] *** Quits: dinfuehr (dinfuehr@moz-ldm58r.highway.telekom.at) (Ping timeout: 121 seconds)
[02:17:27] <richo> should we just export RUST_BACKTRACE in util.mk ? It doesn't really seem like there's ever a case where rustc panics while you're building rust.git and you don't want a backtrace
[02:19:19] *** Quits: pauls (pauls@moz-e5p333.ccs.neu.edu) (Ping timeout: 121 seconds)
[02:27:39] *** Quits: aatch (james@moz-is4j4r.cable.telstraclear.net) (Ping timeout: 121 seconds)
[02:28:02] *** Joins: swgillespie (swgillespie@moz-rn1.vmq.232.104.IP)
[02:29:16] *** Quits: swgillespie (swgillespie@moz-rn1.vmq.232.104.IP) (Quit: My MacBook Pro has gone to sleep. ZZZzzz…)
[02:33:10] *** Quits: rovar (rovar@moz-96effg.dyn.optonline.net) (Connection closed)
[02:46:47] *** Quits: hyunsik (hyunsik@moz-3qgjl9.ca.comcast.net) (Ping timeout: 121 seconds)
[02:48:17] *** Quits: jga (jga@moz-6f9.t1q.244.77.IP) (Ping timeout: 121 seconds)
[02:48:19] *** Joins: Rym (y@moz-c2u.sd4.38.217.IP)
[02:52:25] *** Quits: bluss (bluss@moz-ec5o68.cust.bredbandsbolaget.se) (Ping timeout: 121 seconds)
[02:55:23] *** Quits: johnsoft (johnsoft@moz-69mrig.res.rr.com) (Quit: Leaving)
[02:55:29] *** Joins: johnsoft (johnsoft@moz-69mrig.res.rr.com)
[02:59:13] *** Quits: zz_kimundi (kimundi@moz-q41ugj.dip0.t-ipconnect.de) (Ping timeout: 121 seconds)
[03:01:04] *** Joins: zz_kimundi (kimundi@moz-0lp43l.dip0.t-ipconnect.de)
[03:01:05] *** zz_kimundi is now known as kimundi
[03:07:31] *** Quits: Tobba (Tobba@moz-o13d22.bredband.telia.com) (Ping timeout: 121 seconds)
[03:08:03] *** Joins: annodomini (lambda@moz-p5j4a2.vermontel.net)
[03:10:40] *** Joins: summerlight_ (summerlight@moz-99k.2mj.130.121.IP)
[03:13:18] *** Joins: dinfuehr (dinfuehr@moz-ldm58r.highway.telekom.at)
[03:17:21] *** Quits: dinfuehr (dinfuehr@moz-ldm58r.highway.telekom.at) (Ping timeout: 121 seconds)
[03:19:12] *** Joins: adu (ajr@moz-0foa9t.md.comcast.net)
[03:24:14] *** Quits: adu (ajr@moz-0foa9t.md.comcast.net) (Client exited)
[03:27:02] *** Quits: annodomini (lambda@moz-p5j4a2.vermontel.net) (Client exited)
[03:27:34] *** Joins: semarie (semarie@moz-j5rng1.tor-exit.network)
[03:42:50] *** Joins: etw (john@moz-3h5sr6.fios.verizon.net)
[03:44:04] *** Quits: etw (john@moz-3h5sr6.fios.verizon.net) (Client exited)
[03:49:21] *** Joins: swgillespie (swgillespie@moz-rn1.vmq.232.104.IP)
[03:52:43] *** Quits: Jesin (Jesin@moz-48mne2.nsvltn.sbcglobal.net) (Connection closed)
[03:53:00] *** Joins: Jesin (Jesin@moz-48mne2.nsvltn.sbcglobal.net)
[03:53:42] *** Joins: chc4 (chc4@moz-mjph4c.ma.comcast.net)
[03:55:04] *** Joins: aatch (james@moz-is4j4r.cable.telstraclear.net)
[03:57:34] *** Quits: johnsoft (johnsoft@moz-69mrig.res.rr.com) (Ping timeout: 121 seconds)
[03:57:41] *** Joins: johnsoft (johnsoft@moz-69mrig.res.rr.com)
[04:04:41] *** Joins: rkruppe (chatzilla@moz-olc3ok.unity-media.net)
[04:06:15] *** Quits: Rym (y@moz-c2u.sd4.38.217.IP) (Ping timeout: 121 seconds)
[04:08:05] *** Quits: swgillespie (swgillespie@moz-rn1.vmq.232.104.IP) (Quit: My MacBook Pro has gone to sleep. ZZZzzz…)
[04:08:44] *** Quits: rkruppe (chatzilla@moz-olc3ok.unity-media.net) (Ping timeout: 121 seconds)
[04:12:01] *** Quits: chc4 (chc4@moz-mjph4c.ma.comcast.net) (Connection closed)
[04:12:27] *** Joins: chc4 (chc4@moz-mjph4c.ma.comcast.net)
[04:14:04] *** Joins: dinfuehr (dinfuehr@moz-ldm58r.highway.telekom.at)
[04:18:11] *** Quits: dinfuehr (dinfuehr@moz-ldm58r.highway.telekom.at) (Ping timeout: 121 seconds)
[04:30:23] *** Quits: aldeka (quassel@moz-qqf.of6.243.162.IP) (Connection closed)
[04:30:24] *** Joins: aldeka (quassel@moz-qqf.of6.243.162.IP)
[04:32:34] *** Joins: Rym (y@moz-c2u.sd4.38.217.IP)
[04:35:33] *** Joins: avikpal (avikpal@moz-3on.6u9.79.112.IP)
[04:37:02] *** Quits: Rym (y@moz-c2u.sd4.38.217.IP) (Ping timeout: 121 seconds)
[04:43:55] *** Joins: Rusky1 (russell@moz-fh1jo9.slkc.qwest.net)
[04:44:19] *** Quits: Rusky (russell@moz-j4j5mk.slkc.qwest.net) (Ping timeout: 121 seconds)
[04:53:15] *** Joins: jincreator (Thunderbird@moz-588.igi.7.59.IP)
[05:08:07] <Mutabah> https://github.com/rust-lang/rfcs/pull/1119#discussion_r30866771 - Anyone else think that this is a good idea?
[05:08:29] <Mutabah> (changing the Option::expect signature to accept V: Display instead of &str)
[05:09:13] <Mutabah> Also, would such a change require a new RFC, or would could it be done just as a PR
[05:14:50] *** Joins: dinfuehr (dinfuehr@moz-ldm58r.highway.telekom.at)
[05:18:53] *** Quits: dinfuehr (dinfuehr@moz-ldm58r.highway.telekom.at) (Ping timeout: 121 seconds)
[05:20:30] *** Joins: swgillespie (swgillespie@moz-rn1.vmq.232.104.IP)
[05:26:39] *** Joins: Rym (y@moz-c2u.sd4.38.217.IP)
[05:28:22] *** Joins: hyunsik (hyunsik@moz-3qgjl9.ca.comcast.net)
[05:31:13] *** Quits: Rym (y@moz-c2u.sd4.38.217.IP) (Ping timeout: 121 seconds)
[05:37:42] *** Quits: Diggsey (diggsey@moz-97o4tk.dsl.pipex.com) (Ping timeout: 121 seconds)
[06:15:36] *** Joins: dinfuehr (dinfuehr@moz-ldm58r.highway.telekom.at)
[06:19:40] *** Quits: dinfuehr (dinfuehr@moz-ldm58r.highway.telekom.at) (Ping timeout: 121 seconds)
[06:20:50] *** Joins: Rym (y@moz-c2u.sd4.38.217.IP)
[06:25:22] *** Quits: Rym (y@moz-c2u.sd4.38.217.IP) (Ping timeout: 121 seconds)
[06:30:51] <eddyb> Mutabah: I still want a Result method that combines the error with a provided message, is that planned?
[06:34:32] <Mutabah> eddyb: Well, that's what my RFC is for
[06:34:44] <Mutabah> Just heaps of bikeshedding
[06:35:10] <Mutabah> Heck, the implementation PR is just sitting there, waiting on the RFC :D
[06:37:20] <eddyb> anyone who has ever used .ok().unwrap(), please leave the discussion :P
[06:37:56] <Mutabah> :D
[06:38:16] <Mutabah> That said, cmr's point of using something other than &str for the message is a valid one
[06:39:05] <eddyb> what about passing format_args!(...) to it?
[06:39:22] <Mutabah> Well, that's what using V: Display would allow
[06:39:28] <Mutabah> (afaik, Arguments impls Display)
[06:39:51] *** Joins: eerie (eerie@moz-s5i4j9.red.bezeqint.net)
[06:39:56] <eddyb> Mutabah: okay. I like it even more now
[06:43:03] <Mutabah> eddyb: The RFC PR I linked was the PR for Result::expect (just in case you didn't open it)
[06:47:22] *** Quits: swgillespie (swgillespie@moz-rn1.vmq.232.104.IP) (Quit: My MacBook Pro has gone to sleep. ZZZzzz…)
[06:51:39] *** Joins: Diamond (dick@moz-s67uin.ok.cox.net)
[06:56:13] *** Joins: swgillespie (swgillespie@moz-rn1.vmq.232.104.IP)
[06:57:52] *** Quits: SiegeLord (sl@moz-9jtaei.ca.comcast.net) (Quit: It's a joke, it's all a joke.)
[07:02:32] *** Quits: jbomo (dkd@moz-uol4mm.fios.verizon.net) (Ping timeout: 121 seconds)
[07:06:09] *** Joins: munksgaard (munksgaard@moz-478pev.u.parknet.dk)
[07:09:56] *** Joins: thombles (sid25752@moz-4st7e1.brockwell.irccloud.com)
[07:11:27] *** Quits: kcm1700 (kcm1700@moz-ln1.e2o.117.175.IP) (Quit: Lost terminal)
[07:14:57] *** Joins: Rym (y@moz-c2u.sd4.38.217.IP)
[07:16:21] *** Joins: dinfuehr (dinfuehr@moz-ldm58r.highway.telekom.at)
[07:17:55] *** Quits: dinfuehr (dinfuehr@moz-ldm58r.highway.telekom.at) (Connection closed)
[07:18:34] *** Joins: dinfuehr (dinfuehr@moz-ldm58r.highway.telekom.at)
[07:19:31] *** Quits: Rym (y@moz-c2u.sd4.38.217.IP) (Ping timeout: 121 seconds)
[07:19:45] *** Joins: eibwen (eibwen@moz-c603kn.dip0.t-ipconnect.de)
[07:29:32] *** Quits: avikpal (avikpal@moz-3on.6u9.79.112.IP) (Ping timeout: 121 seconds)
[07:33:06] *** Quits: eerie (eerie@moz-s5i4j9.red.bezeqint.net) (Connection closed)
[07:34:52] *** Joins: avikpal (avikpal@moz-pli.8d5.237.117.IP)
[07:41:45] *** Joins: genbattle (genbattle@moz-r09mao.xtra.co.nz)
[07:42:09] *** Joins: eerie (eerie@moz-s5i4j9.red.bezeqint.net)
[07:45:10] *** Joins: aepsil0n (eduard@moz-6491ha.mv2h.pepi.8071.2a02.IP)
[07:45:23] *** Joins: Skyler (Skyler@moz-dgl2bi.fios.verizon.net)
[07:54:32] *** Quits: A205B064 (A205B064@moz-9s9nhk.nap.wideopenwest.com) (Ping timeout: 121 seconds)
[08:03:31] *** Joins: iitaku (textual@moz-u578hl.ocn.ne.jp)
[08:03:42] *** Quits: bkoropoff (bkoropoff@moz-kthi5c.wa.comcast.net) (Client exited)
[08:09:07] *** Joins: Rym (y@moz-c2u.sd4.38.217.IP)
[08:13:41] *** Quits: Rym (y@moz-c2u.sd4.38.217.IP) (Ping timeout: 121 seconds)
[08:16:12] *** Joins: bluss (bluss@moz-ec5o68.cust.bredbandsbolaget.se)
[08:18:30] <Manishearth> eddyb: wanna r?
[08:18:34] <Manishearth> https://github.com/rust-lang/rust/pull/25168
[08:21:38] *** Joins: munksgaa1d (munksgaard@moz-urnkl5.u.parknet.dk)
[08:23:15] *** Joins: ptalbot (ptalbot@moz-j4gnuh.fbx.proxad.net)
[08:24:37] *** Quits: munksgaard (munksgaard@moz-478pev.u.parknet.dk) (Ping timeout: 121 seconds)
[08:24:58] *** Quits: chc4 (chc4@moz-mjph4c.ma.comcast.net) (Quit: AHHHHH BEES)
[08:25:38] *** Quits: swgillespie (swgillespie@moz-rn1.vmq.232.104.IP) (Quit: My MacBook Pro has gone to sleep. ZZZzzz…)
[08:28:42] *** Quits: avikpal (avikpal@moz-pli.8d5.237.117.IP) (Connection closed)
[08:30:12] <Mutabah> Manishearth: Woohoo!
[08:30:22] *** Joins: adu (ajr@moz-0foa9t.md.comcast.net)
[08:30:23] *** Quits: aldeka (quassel@moz-qqf.of6.243.162.IP) (Connection closed)
[08:30:24] *** Joins: aldeka (quassel@moz-qqf.of6.243.162.IP)
[08:31:21] *** Quits: adu (ajr@moz-0foa9t.md.comcast.net) (Client exited)
[08:32:50] <Manishearth> \o/
[08:33:56] *** Joins: nodweber (nodweber@moz-knt.fgq.178.5.IP)
[08:44:07] *** Quits: aepsil0n (eduard@moz-6491ha.mv2h.pepi.8071.2a02.IP) (Connection closed)
[08:44:48] *** Joins: aepsil0n (eduard@moz-6491ha.mv2h.pepi.8071.2a02.IP)
[08:56:55] *** Joins: kushal (kdas@moz-t649ku.202.sitibroadband.in)
[09:03:15] *** Joins: Rym (y@moz-c2u.sd4.38.217.IP)
[09:04:29] *** Quits: Astrum|Lap (Astrum|Lap@moz-skcefh.co.comcast.net) (Client exited)
[09:06:58] *** Quits: nodweber (nodweber@moz-knt.fgq.178.5.IP) (A TLS packet with unexpected length was received.)
[09:07:10] *** Joins: avikpal (avikpal@moz-ubc.71s.232.117.IP)
[09:07:49] *** Quits: Rym (y@moz-c2u.sd4.38.217.IP) (Ping timeout: 121 seconds)
[09:09:05] *** Joins: simukis (nagisa@moz-8t068g.static.zebra.lt)
[09:17:22] *** Joins: nicknikolov (nicknikolov@moz-0q4.2rm.211.90.IP)
[09:23:45] *** Joins: eerie_ (eerie@moz-s5i4j9.red.bezeqint.net)
[09:27:11] *** Quits: eerie (eerie@moz-s5i4j9.red.bezeqint.net) (Ping timeout: 121 seconds)
[09:34:08] *** Quits: avikpal (avikpal@moz-ubc.71s.232.117.IP) (Ping timeout: 121 seconds)
[09:36:11] *** Quits: Kingsquee (kingsley@moz-3fm07c.bchsia.telus.net) (Quit: Konversation terminated!)
[09:37:30] *** Quits: iitaku (textual@moz-u578hl.ocn.ne.jp) (Quit: My Mac has gone to sleep. ZZZzzz…)
[09:38:41] *** Quits: dinfuehr (dinfuehr@moz-ldm58r.highway.telekom.at) (Connection closed)
[09:41:59] *** Joins: dinfuehr (dinfuehr@moz-ldm58r.highway.telekom.at)
[09:42:08] *** Quits: kushal (kdas@moz-t649ku.202.sitibroadband.in) (Ping timeout: 121 seconds)
[09:42:45] *** Quits: dinfuehr (dinfuehr@moz-ldm58r.highway.telekom.at) (Connection closed)
[09:46:48] *** Joins: nodweber (nodweber@moz-knt.fgq.178.5.IP)
[09:47:45] *** Joins: dinfuehr (dinfuehr@moz-ldm58r.highway.telekom.at)
[09:53:31] *** Quits: eerie_ (eerie@moz-s5i4j9.red.bezeqint.net) (Connection closed)
[09:53:47] *** Joins: eerie (eerie@moz-s5i4j9.red.bezeqint.net)
[09:57:28] *** Joins: Rym (y@moz-c2u.sd4.38.217.IP)
[10:01:04] *** Joins: erz (erz@moz-fiq1tl.broadband.corbina.ru)
[10:02:00] *** Quits: Rym (y@moz-c2u.sd4.38.217.IP) (Ping timeout: 121 seconds)
[10:03:23] *** Joins: killercup (killercup@moz-qj5qhi.dip0.t-ipconnect.de)
[10:04:48] *** Quits: Skyler (Skyler@moz-dgl2bi.fios.verizon.net) (Client exited)
[10:16:08] *** Joins: filsmick (filsmick@moz-15h0td.abo.wanadoo.fr)
[10:21:57] *** Quits: genbattle (genbattle@moz-r09mao.xtra.co.nz) (Ping timeout: 121 seconds)
[10:27:36] <pnkfelix> Q: there's no connection between Cargo's notion of "features" and rustc's notion of `#![feature(...)]`, right?
[10:28:30] <pnkfelix> (Or is there some way to utilize Cargo's features to conditionally pull in use of unstable features when using the unstable nightly channel...?)
[10:29:17] <bluss> well you can add cargo feature flags
[10:29:28] <bluss> but don't know how to enable them automatically for the nightly
[10:29:28] <killercup> pnkfelix: you mean like `#![cfg_attr(feature = "dev", plugin(clippy))]`
[10:30:02] <pnkfelix> my use case is: I want to access and manipulate file timestamps 
[10:30:16] <bluss> I've got some crates with  #![cfg_attr(feature = "unstable", feature(...))]
[10:30:18] <pnkfelix> but AFAICT, all of the functions for doing so in std::fs are unstable
[10:30:49] <Mutabah> pnkfelix: afaik, cargo features and rustc features are disjoint
[10:30:53] <pnkfelix> oh, I see, you're saying I can conditionally compile on whether I'm using the unstable channel or not?
[10:30:57] <pnkfelix> bluss: ^
[10:31:13] <pnkfelix> (and I guess that may be what killercup said as well...)
[10:31:34] <bluss> pnkfelix: you can use cargo features for conditional compilation
[10:31:46] <bluss> how to tie that to whether you're on unstable or not I don't know
[10:32:05] <bluss> my example was using the feature name I happen to use "unstable"
[10:33:04] <bluss> Another thing I'd like: Best way to document a conditional feature and the methods it enables
[10:34:43] <simukis> to whoever added https://gist.github.com/nagisa/cf235502277ffaaffe1d diagnostic: I send you my appreciations
[10:35:21] <killercup> pnkfelix bluss: i guess the missing piece is cargo knowing which release channel you are using to conditionally set a config var or enable a feature flag, but except for parsing `rustc --version` i dont see a good way to do that
[10:35:29] *** Joins: avikpal (avikpal@moz-qj0.qnm.227.117.IP)
[10:36:14] <bluss> killercup: right
[10:38:49] <bluss> what's everyone's standard cargo feature name for this? I guess it should be nightly to match the channel name
[10:40:29] *** Quits: summerlight_ (summerlight@moz-99k.2mj.130.121.IP) (Ping timeout: 121 seconds)
[10:41:01] *** Quits: nicknikolov (nicknikolov@moz-0q4.2rm.211.90.IP) (Connection closed)
[10:42:59] *** Quits: aatch (james@moz-is4j4r.cable.telstraclear.net) (Ping timeout: 121 seconds)
[10:43:03] *** Quits: nodweber (nodweber@moz-knt.fgq.178.5.IP) (A TLS packet with unexpected length was received.)
[10:45:00] *** Joins: larhat1 (Adium@moz-vlo5br.cable.virginm.net)
[10:47:00] *** Quits: eerie (eerie@moz-s5i4j9.red.bezeqint.net) (Connection closed)
[10:48:40] *** Quits: nham (nham@moz-lglsfe.il.comcast.net) (Quit: leaving)
[10:49:34] *** Joins: jga (jga@moz-jvj.dk7.220.31.IP)
[10:50:34] <ker> pnkfelix: My intention is not to push or criticize and if it's already on your horizon, ignore me. Would you be so kind as to review https://github.com/rust-lang/rust/pull/25609 if you have the time?
[10:51:06] <pnkfelix> ah yeah that's on my queue
[10:51:27] <pnkfelix> would be nice to land that before it becomes unmergable
[10:51:36] *** Joins: Rym (y@moz-c2u.sd4.38.217.IP)
[10:51:52] <Manishearth> Would it be fair to say that Cell<T> uses T: Copy only as a way to ensure that T: !Drop?
[10:52:08] <Manishearth> or maybe no
[10:52:10] <Manishearth> *not
[10:52:11] <Manishearth> hmm
[10:52:59] <eddyb> Manishearth: no
[10:54:05] <eddyb> Manishearth: it uses Copy as a Cell-safe Clone, in .get()
[10:55:02] <eddyb> non-reentrant, perhaps? a non-Copy type could have a Clone impl which accesses the same Cell (via another Rc, for example) and sets it while holding a &Self to the contents
[10:55:43] <Manishearth> eddyb: it's basically a COW type right?
[10:56:10] *** Quits: Rym (y@moz-c2u.sd4.38.217.IP) (Ping timeout: 121 seconds)
[10:56:27] <Manishearth> eddyb: any reason for it not to be safe with T: Clone?
[10:56:31] <Manishearth> (if inefficient)
[10:56:42] <Manishearth> just trying to pinpoint something
[10:58:05] <Manishearth> wait figured it out now. I think
[11:02:33] <simukis> Gankro: ping
[11:03:11] <Manishearth> eddyb: btw, were you able to analyse or duplicate the memory analysis I posted on the (now merged) multiiter PR?
[11:03:15] <Manishearth> *multiitem
[11:05:47] *** Quits: jga (jga@moz-jvj.dk7.220.31.IP) (Connection closed)
[11:06:16] *** Joins: nodweber (nodweber@moz-knt.fgq.178.5.IP)
[11:06:25] <eddyb> right, I should do that now
[11:07:13] <SimonSapin> So, I’m considering using crazy-unsafe transmutes to set a private field in a struct, and assume it’s the first field. Is there a way to not assume that, to make it slightly less unsafe? Like `offsetof`
[11:07:54] <Manishearth> eddyb: note that the stats I posted are from random eyeballing and probably wrong :P
[11:07:54] <simukis> our struct layout is undefined afaik
[11:08:07] <Manishearth> SimonSapin: which struct?
[11:08:17] <SimonSapin> Manishearth: std::cell::Ref
[11:08:22] <Manishearth> ugh
[11:08:23] <Manishearth> nooo
[11:08:26] <Manishearth> no Simon no
[11:08:35] <SimonSapin> haha
[11:08:37] <Manishearth> you know what happened last itme we transmuted a refcell
[11:08:46] <Manishearth> it killed my poor little rustup that could ;(
[11:09:02] <SimonSapin> I wanna do this: https://github.com/rust-lang/rust/compare/master...SimonSapin:map_ref
[11:09:11] <SimonSapin> but outside of libcore if possible
[11:09:49] <Manishearth> are you sure that's safe?
[11:10:03] <SimonSapin> I… think so :)
[11:10:11] <Manishearth> I feel uneasy looking at it :p
[11:10:27] <eddyb> Manishearth: WOW
[11:10:32] <eddyb> Manishearth: this is incredible
[11:10:44] <simukis> our struct layout is undefined, you can’t just transmute and hope the field will always be in some place, even if you use offsetof. How whould you even use offsetof (or equivalent) on a field that is private?
[11:10:59] *** Quits: larhat1 (Adium@moz-vlo5br.cable.virginm.net) (Quit: Leaving.)
[11:11:03] *** Joins: eerie (eerie@moz-s5i4j9.red.bezeqint.net)
[11:11:04] <Manishearth> eddyb: again I stress that I had no idea what I was doing when taking those readings (plus background noise)
[11:11:16] <eddyb> you shaved a linear peak
[11:11:23] <Manishearth> yum
[11:11:26] <SimonSapin> simukis: raw pointers?
[11:11:35] <SimonSapin> ok, that’s a bad idea
[11:11:47] <Manishearth> SimonSapin: noooooooooooooooooooo
[11:11:59] <SimonSapin> I’ll write an RFC to do it properly in libcore
[11:12:29] <SimonSapin> (Do I need an RFC for a new 2-line unstable function in std?)
[11:12:34] <Manishearth> iirc no
[11:13:45] <SimonSapin> https://github.com/rust-lang/rfcs#when-you-need-to-follow-this-process lists "Additions to std", but perhaps it should be stable additions?
[11:13:57] <Manishearth> I think there are a couple of internals threads about this
[11:14:13] <eddyb> Manishearth: https://i.imgur.com/ia2fG88.png
[11:14:24] <SimonSapin> IIRC that was written before we had channels that forbid unstable features
[11:14:34] <Manishearth> yeah
[11:14:48] <Manishearth> SimonSapin: there was also an rfc on the intricacies of rfcs recently
[11:15:07] <Manishearth> eddyb: :D
[11:15:11] <eddyb> Manishearth: it also seems to be faster
[11:15:22] <Manishearth> wait, it caused *visible* difference?
[11:15:25] <Manishearth> As in in speed?
[11:15:26] <Manishearth> :o
[11:15:35] <Manishearth> or you mean seems to be faster from the graph
[11:15:41] <eddyb> well, cloning takes time
[11:15:47] <eddyb> allocating memory takes time
[11:15:57] <Manishearth> yeah
[11:16:07] <eddyb> the linear peak is crazy
[11:16:10] <Manishearth> eddyb: no I meant the change in speed is noticeable?
[11:16:19] <eddyb> idk, didn't you check -Z time-passes?
[11:16:39] <Manishearth> nope. I didn't think it would affect speed much
[11:17:00] <eddyb> it's probably under 10ms
[11:17:19] <Manishearth> ah nvm then :p
[11:18:39] *** Quits: filsmick (filsmick@moz-15h0td.abo.wanadoo.fr) (Quit: )
[11:20:45] *** Joins: eerie_ (eerie@moz-fptb21.red.bezeqint.net)
[11:21:23] *** Joins: jga (jga@moz-jvj.dk7.220.31.IP)
[11:22:05] *** Quits: eerie (eerie@moz-s5i4j9.red.bezeqint.net) (Ping timeout: 121 seconds)
[11:22:35] *** Joins: filsmick (filsmick@moz-15h0td.abo.wanadoo.fr)
[11:25:16] *** Quits: killercup (killercup@moz-qj5qhi.dip0.t-ipconnect.de) (Quit: My Mac has gone to sleep. ZZZzzz…)
[11:25:34] <Manishearth> eddyb: what other parts of expansion do you think need fixing?
[11:25:52] <eddyb> there's a lot of non-CoW going on
[11:25:57] <Manishearth> there still of some peaky things there
[11:25:59] <Manishearth> ah, I see
[11:26:06] <Manishearth> make the whole AST CoW?
[11:26:10] <eddyb> lol no
[11:26:14] <Manishearth> moooooo
[11:26:25] <eddyb> the AST being CoW is quite expensive
[11:26:29] <Manishearth> yeah
[11:26:45] <eddyb> Manishearth: expansion is, like, the only pass that was slowed by the uniquely owned AST
[11:26:51] <Manishearth> though we do that already during expansion, no? Not like there's any other choice with P being !DerefMut
[11:26:55] <eddyb> and that's because expansion is bad, not because the AST model is wrong
[11:27:18] <eddyb> macro_rules expansion could have last-use semantics, which means only cloning when something is used more than once
[11:27:37] <eddyb> but this is non-trivial and may require redoing the way macro_rules is expanded
[11:27:37] <Manishearth> eddyb: why not have a DerefMut AST during expansion and freeze it later?
[11:27:44] <eddyb> because it's not that useful
[11:27:48] <Manishearth> ah
[11:27:55] <Manishearth> I thought we do a lot of cloning because of that
[11:27:58] <eddyb> what are you going to do with mutation, other than shoot yourself in the foot?
[11:28:04] <Manishearth> last-use sounds interesting
[11:28:05] <Manishearth> heh
[11:28:09] <Manishearth> point
[11:28:17] <Manishearth> we refcell the dom
[11:28:24] <Manishearth> but that would probably go south here
[11:28:48] <Manishearth> (the dom is private so most mutations are local and can be verified)
[11:29:10] <eddyb> we do a bunch of cloning any time we *may* use the same node multiple times
[11:29:14] <Manishearth> yeah
[11:29:29] *** Quits: avikpal (avikpal@moz-qj0.qnm.227.117.IP) (Ping timeout: 121 seconds)
[11:29:42] <eddyb> CoW would be a waste because of node ID assignment - you can't share nodes, so you might as well allocate them ahead of time
[11:29:56] <Manishearth> eddyb: I also want to make an "unnecesary clone" lint but I haven't gotten around to the yak shaving necessary to make it
[11:30:00] <Manishearth> (ast_map is brokeN)
[11:30:08] <Manishearth> eddyb: ah right
[11:30:31] <eddyb> I guess a low-hanging fruit would be the Parser's treatment of TokenNt
[11:30:39] <eddyb> or Token::Nonterminal, I guess
[11:30:57] <eddyb> I recall it cloning even when it should move ownership
[11:31:29] <eddyb> Manishearth: there's a bunch of macros in parser.rs that deal with these cases, and they contain the problematic clones (if the clones still exist)
[11:31:34] *** Quits: casey (casey@moz-v0ns05.tpgi.com.au) (Connection closed)
[11:31:51] <Manishearth> ah
[11:31:56] *** Joins: casey (casey@moz-v0ns05.tpgi.com.au)
[11:32:04] <eddyb> I mean, every node that's used in a fragment specifier would be duplicated by that, so... there should be big wins there
[11:32:10] <Manishearth> I might not have the time to look at more expansion perf issues, but I will look at those if I get the time :)
[11:32:55] <eddyb> expansion code is mostly OK, some of it could do with more AST reuse (via in-place map and friends. but the friends don't exist yet)
[11:33:11] <Manishearth> haha
[11:34:05] <eddyb> I believe the folding operations that can return SmallVec<T> are not optimized as well as they could be
[11:34:59] <eddyb> there's a way to expand a Vec<T> in-place if you have a T -> SmallVec<T> function, and only allocate extra in exceptional cases
[11:35:28] <Manishearth> SimonSapin: your code looks okay, but I'm still very uneasy about it all :p
[11:35:58] *** Quits: casey (casey@moz-v0ns05.tpgi.com.au) (Ping timeout: 121 seconds)
[11:37:09] <eddyb> (if you only get one of SmallVec::{Zero, One}, you can do it in-place. if you get SmallVec::More, you can use the Vec inside as a ring buffer. in some cases, the largest SmallVec::More Vec won't be enough to do all of this efficiently and you'll need to expand it)
[11:38:08] <Manishearth> eddyb: would it be worth splitting expansion into threads?
[11:38:17] <Manishearth> Also, what TLS does rustc use in different phases?
[11:38:54] <Manishearth> I guess borrock/typeck should be the first priority for that though
[11:38:55] <eddyb> string interning...
[11:39:27] <eddyb> you can do fork-join for expansion, I guess
[11:39:32] <Manishearth> yeah
[11:39:41] <Manishearth> oh, interning, nvm
[11:39:53] *** Quits: dinfuehr (dinfuehr@moz-ldm58r.highway.telekom.at) (Connection closed)
[11:40:24] *** Joins: dinfuehr (dinfuehr@moz-ldm58r.highway.telekom.at)
[11:44:31] *** Quits: dinfuehr (dinfuehr@moz-ldm58r.highway.telekom.at) (Ping timeout: 121 seconds)
[11:45:47] *** Joins: Rym (y@moz-c2u.sd4.38.217.IP)
[11:47:35] *** Joins: killercup (killercup@moz-qj5qhi.dip0.t-ipconnect.de)
[11:50:19] *** Quits: Rym (y@moz-c2u.sd4.38.217.IP) (Ping timeout: 121 seconds)
[11:52:23] *** Joins: eerie (eerie@moz-i6pant.red.bezeqint.net)
[11:53:47] *** Quits: eerie_ (eerie@moz-fptb21.red.bezeqint.net) (Ping timeout: 121 seconds)
[11:54:58] *** Joins: avikpal (avikpal@moz-qj0.qnm.227.117.IP)
[11:59:02] *** Joins: rkruppe (chatzilla@moz-qsbik2.diu2.0rth.0908.2a02.IP)
[12:22:40] *** Joins: eerie_ (eerie@moz-i6pant.red.bezeqint.net)
[12:25:29] *** Quits: eerie (eerie@moz-i6pant.red.bezeqint.net) (Ping timeout: 121 seconds)
[12:30:19] *** Quits: aldeka (quassel@moz-qqf.of6.243.162.IP) (Connection closed)
[12:30:20] *** Joins: aldeka (quassel@moz-qqf.of6.243.162.IP)
[12:30:26] *** Joins: dinfuehr (dominik@moz-sh7u9l.highway.telekom.at)
[12:30:47] *** Joins: kushal (kdas@moz-t649ku.202.sitibroadband.in)
[12:39:54] *** Joins: Rym (y@moz-c2u.sd4.38.217.IP)
[12:41:47] *** Quits: nodweber (nodweber@moz-knt.fgq.178.5.IP) (A TLS packet with unexpected length was received.)
[12:42:00] *** Joins: Gowin (Gowin@moz-j8i.tma.138.41.IP)
[12:42:03] <Gowin> Juustiin Doolskee, Gaaviin Shaarp, Maattn, Blaakee Wiintoon, aazaa Dootzleer, MSuuJaaws Daaoo Goottwaald, uuX-Teeaam iis aa fuuckiing biitch too fuuck iin thee aass! Blaakee Wiintoon, aazaa Dootzleer, Gaaviin Shaarp, MSuuJaaws Daaoo Goottwaald, uuX-Teeaam Piimp! Piimp! Fuuckiing piimp! Piimp! aasshoolees, sluuts, whoorees suuck my diick moonsteer kiids! Yoouur coocksuuckiing fuuckiing sluuts! Juustiin Doolskee, Gaaviin Shaarp, Maattn, Blaakee Wiint
[12:42:03] <Gowin> aauustraaliis iis foor chiildreen, deeveeloopeed by Mooziillaa uuX gaay coocks suuckiing baastaards! Deeeepeen yoouur diivee oof Gooooglee's aass fuuckiing iidiioots aauusthiistiic braaiindaamaageed! aasshoolees! Whoorees! Coocksuuckiing Freeaaks Gooooglee! Fuuck yoouu Goooogleeziillaa whoorees aand goo oouut oof buusiineess! aand taakee aauustraaliis fuuck wiith yoouu, Gaayloords! ! Maay oouur deeaar Loord Good aand Jeesuus Chriist seend theeiir d
[12:42:08] <Gowin> fuck off mutabah
[12:42:08] *** huon sets mode: +b *!*Gowin@moz-j8i.tma.138.41.IP
[12:42:09] *** Gowin was kicked by huon (huon)
[12:43:20] *** Joins: dinfuehr_ (dinfuehr@moz-sh7u9l.highway.telekom.at)
[12:44:26] *** Quits: Rym (y@moz-c2u.sd4.38.217.IP) (Ping timeout: 121 seconds)
[12:46:27] *** Joins: Tobba (Tobba@moz-o13d22.bredband.telia.com)
[12:51:23] *** Quits: p1start (p1start@moz-nftjhe.org) (Ping timeout: 121 seconds)
[12:52:43] *** Joins: eerie (eerie@moz-i6pant.red.bezeqint.net)
[12:53:33] *** Quits: kushal (kdas@moz-t649ku.202.sitibroadband.in) (Ping timeout: 121 seconds)
[12:53:45] *** Quits: dinfuehr_ (dinfuehr@moz-sh7u9l.highway.telekom.at) (Connection closed)
[12:54:28] *** Joins: killercu_ (killercup@moz-qj5qhi.dip0.t-ipconnect.de)
[12:54:29] *** Joins: O01eg (o01eg@moz-squns2.1p9f.4n8f.2698.2a02.IP)
[12:54:57] *** Quits: killercu_ (killercup@moz-qj5qhi.dip0.t-ipconnect.de) (Quit: Bye)
[12:55:15] *** Joins: killercu_ (killercup@moz-qj5qhi.dip0.t-ipconnect.de)
[12:55:21] *** Quits: killercu_ (killercup@moz-qj5qhi.dip0.t-ipconnect.de) (Quit: Bye)
[12:55:26] *** Joins: killercu_ (killercup@moz-qj5qhi.dip0.t-ipconnect.de)
[12:55:32] *** Joins: dinfuehr_ (dinfuehr@moz-sh7u9l.highway.telekom.at)
[12:55:42] *** Quits: eerie_ (eerie@moz-i6pant.red.bezeqint.net) (Ping timeout: 121 seconds)
[12:57:47] *** Quits: killercup (killercup@moz-qj5qhi.dip0.t-ipconnect.de) (Ping timeout: 121 seconds)
[13:02:20] *** Joins: madmalik (uid13697@moz-lfin5p.brockwell.irccloud.com)
[13:11:16] *** Joins: annodomini (lambda@moz-de8.ono.137.32.IP)
[13:11:18] *** Joins: harrisonclarke (harrisoncla@moz-oprktf.ns.bellaliant.net)
[13:13:21] *** Joins: doener (doener@moz-929cn9.unity-media.net)
[13:16:09] <harrisonclarke> is it normal for it to take several minutes to build the compiler? is there a faster way to rebuild than "make && make install"?
[13:16:31] <Mutabah> harrisonclarke: If the compiler takes <10mins to build, you have a beast of a machine
[13:16:43] <Mutabah> LLVM is heavy, and so is chunks of rustc
[13:20:11] *** Quits: avikpal (avikpal@moz-qj0.qnm.227.117.IP) (Connection closed)
[13:20:49] <harrisonclarke> hmm. dev process changes a bit when you can't just recompile and check for errors every 2 seconds. guess i'll have to use my brain when writing code :p
[13:20:49] *** Quits: eerie (eerie@moz-i6pant.red.bezeqint.net) (Connection closed)
[13:21:04] <harrisonclarke> but, good to know it's not just my machine being slow
[13:21:22] <eddyb> harrisonclarke: you'll want to run make rustc-stage1 or something, not the full bootstrapping process
[13:23:22] *** kimundi is now known as zz_kimundi
[13:23:39] *** Joins: Sho (sho@moz-17131k.cust.telecolumbus.net)
[13:28:02] *** Joins: summerlight_ (summerlight@moz-99k.2mj.130.121.IP)
[13:30:54] *** Quits: erz (erz@moz-fiq1tl.broadband.corbina.ru) (Connection closed)
[13:31:14] *** Quits: bjz (bjz@moz-puppgq.tpgi.com.au) (Quit: Textual IRC Client: www.textualapp.com)
[13:34:04] *** Joins: Rym (y@moz-c2u.sd4.38.217.IP)
[13:38:35] *** Quits: Rym (y@moz-c2u.sd4.38.217.IP) (Ping timeout: 121 seconds)
[13:42:39] *** Joins: nodweber (nodweber@moz-knt.fgq.178.5.IP)
[13:46:39] *** Joins: bfops (uid58242@moz-e5u6m0.charlton.irccloud.com)
[13:46:53] *** Quits: nodweber (nodweber@moz-knt.fgq.178.5.IP) (Ping timeout: 121 seconds)
[13:52:05] *** Quits: dinfuehr_ (dinfuehr@moz-sh7u9l.highway.telekom.at) (Connection closed)
[13:52:46] *** Joins: erz (erz@moz-m8p.mc3.79.185.IP)
[13:52:52] *** Joins: nicknikolov (nicknikolov@moz-0q4.2rm.211.90.IP)
[13:54:32] *** Joins: dinfuehr_ (dinfuehr@moz-sh7u9l.highway.telekom.at)
[13:54:59] *** Quits: annodomini (lambda@moz-de8.ono.137.32.IP) (Client exited)
[13:55:03] *** Quits: dinfuehr_ (dinfuehr@moz-sh7u9l.highway.telekom.at) (Connection closed)
[13:55:25] *** Joins: dinfuehr_ (dinfuehr@moz-sh7u9l.highway.telekom.at)
[13:57:27] *** Quits: tamird (textual@moz-gg3hct.res.rr.com) (Quit: My Mac has gone to sleep. ZZZzzz…)
[13:57:52] *** Quits: nicknikolov (nicknikolov@moz-0q4.2rm.211.90.IP) (Connection closed)
[13:59:27] *** Quits: dinfuehr_ (dinfuehr@moz-sh7u9l.highway.telekom.at) (Ping timeout: 121 seconds)
[13:59:55] *** Joins: eerie (eerie@moz-i6pant.red.bezeqint.net)
[14:00:39] *** Joins: avikpal (avikpal@moz-c9m.pde.251.117.IP)
[14:04:02] *** Joins: ytain (ytain@moz-07c3h9.dsl.teksavvy.com)
[14:04:53] *** Joins: onebooks (cheaptextb@moz-4pf.s0j.162.14.IP)
[14:04:54] *** Quits: barosl (barosl@moz-tmp.qma.67.220.IP) (Quit: Leaving)
[14:06:15] *** Joins: filsmick_ (filsmick@moz-0svev4.abo.wanadoo.fr)
[14:06:37] *** Quits: filsmick (filsmick@moz-15h0td.abo.wanadoo.fr) (Ping timeout: 121 seconds)
[14:07:59] *** Quits: erz (erz@moz-m8p.mc3.79.185.IP) (Quit: My Mac has gone to sleep. ZZZzzz…)
[14:13:21] <simukis> or that touch with time way back in the past trick too
[14:22:17] *** Joins: nicknikolov (nicknikolov@moz-0q4.2rm.211.90.IP)
[14:27:04] *** Quits: eibwen (eibwen@moz-c603kn.dip0.t-ipconnect.de) (Ping timeout: 121 seconds)
[14:28:13] *** Joins: Rym (y@moz-c2u.sd4.38.217.IP)
[14:30:00] <eddyb> anyone planning a snapshot?
[14:30:37] <Manishearth> eddyb: no, but go ahead
[14:30:49] <Manishearth> I don't see anything wrong with a snap now
[14:31:13] <eddyb> wow
[14:31:19] <eddyb> it's been a month?
[14:31:48] <eddyb> I guess that's what you get for turning stable
[14:32:02] <Manishearth> *stale
[14:32:45] *** Quits: Rym (y@moz-c2u.sd4.38.217.IP) (Ping timeout: 121 seconds)
[14:38:43] *** Joins: annodomini (lambda@moz-de8.ono.137.32.IP)
[14:39:41] *** Quits: hyunsik (hyunsik@moz-3qgjl9.ca.comcast.net) (Ping timeout: 121 seconds)
[14:42:07] *** Joins: michalt (uid82910@moz-7jrol4.charlton.irccloud.com)
[14:47:50] *** Joins: Havvy (Havvy@moz-2v0ao2.5euu.k9bm.0007.2601.IP)
[14:50:01] <eddyb> Manishearth: AILS = Associated Item Lookup Syntax
[14:50:11] <eddyb> something to replace the misguided UFCS with
[14:52:27] <eddyb> !ails @ nmatsakis
[14:52:27] <rustbot> nmatsakis: AILS is Associated Item Lookup Syntax, eddyb's attempt to rename/generalize !ufcs
[14:55:40] *** Joins: dinfuehr_ (dinfuehr@moz-sh7u9l.highway.telekom.at)
[14:56:27] <Manishearth> eddyb: +1
[14:59:44] *** Quits: dinfuehr_ (dinfuehr@moz-sh7u9l.highway.telekom.at) (Ping timeout: 121 seconds)
[15:02:31] <benh> eddyb: :D
[15:02:43] <benh> eddyb: can you rename RAII too
[15:03:09] <Manishearth> RAII says nothing about destructors
[15:03:24] *** Quits: avikpal (avikpal@moz-c9m.pde.251.117.IP) (Connection closed)
[15:03:40] *** Joins: vmx (vmx@moz-v5li2v.pools.vodafone-ip.de)
[15:04:13] <steveklabnik> ugh hey does anyone here have op in #cargo?
[15:04:24] <Manishearth> steveklabnik: apparently onle acrichto and wycats 
[15:04:34] <Manishearth> steveklabnik: we have pinged #it and #moc for help
[15:04:40] <Mutabah> Thankfully, an oper is online and is glining
[15:04:46] <Manishearth> yeah
[15:05:09] <steveklabnik> word
[15:06:10] <Manishearth> they left rust and are now spamming the ops rooms :P
[15:06:30] <Mutabah> all the better for us
[15:08:02] <steveklabnik> lol :(
[15:08:05] *** Quits: annodomini (lambda@moz-de8.ono.137.32.IP) (Client exited)
[15:08:25] *** Joins: gdfdf5 (bzlandfill@moz-mod.3nd.197.91.IP)
[15:08:29] *** Quits: gdfdf5 (bzlandfill@moz-mod.3nd.197.91.IP) (G-Lined: don't spam us)
[15:09:34] *** Joins: gdfdf5 (bzlandfill@moz-jre.km6.123.176.IP)
[15:09:37] *** Quits: gdfdf5 (bzlandfill@moz-jre.km6.123.176.IP) (G-Lined: don't spam us)
[15:10:48] *** Joins: gdfdf5 (bzlandfill@moz-0n4.mq8.28.31.IP)
[15:10:51] <gdfdf5> You are traitors to all Open-Source-related! Shame on you Mozilla developers and your "out of this world" "leaders" with less than half a brain!You are traitors to all Open-Source-related! Shame on you Mozilla developers and your "out of this world" "leaders" with less than half a brain!You are traitors to all Open-Source-related! Shame on you Mozilla developers and your "out of this world" "leaders" with less than half a brain!You are traitor
[15:10:52] <gdfdf5> You are traitors to all Open-Source-related! Shame on you Mozilla developers and your "out of this world" "leaders" with less than half a brain!
[15:10:52] <gdfdf5> You are traitors to all Open-Source-related! Shame on you Mozilla developers and your "out of this world" "leaders" with less than half a brain!
[15:10:52] <gdfdf5> You are traitors to all Open-Source-related! Shame on you Mozilla developers and your "out of this world" "leaders" with less than half a brain!
[15:10:53] <gdfdf5> You are traitors to all Open-Source-related! Shame on you Mozilla developers and your "out of this world" "leaders" with less than half a brain!
[15:10:53] <gdfdf5> You are traitors to all Open-Source-related! Shame on you Mozilla developers and your "out of this world" "leaders" with less than half a brain!
[15:10:54] <gdfdf5> You are traitors to all Open-Source-related! Shame on you Mozilla developers and your "out of this world" "leaders" with less than half a brain!
[15:10:54] <gdfdf5> You are traitors to all Open-Source-related! Shame on you Mozilla developers and your "out of this world" "leaders" with less than half a brain!
[15:10:54] <gdfdf5> You are traitors to all Open-Source-related! Shame on you Mozilla developers and your "out of this world" "leaders" with less than half a brain!
[15:10:54] <gdfdf5> You are traitors to all Open-Source-related! Shame on you Mozilla developers and your "out of this world" "leaders" with less than half a brain!
[15:10:55] <gdfdf5> You are traitors to all Open-Source-related! Shame on you Mozilla developers and your "out of this world" "leaders" with less than half a brain!
[15:10:57] <gdfdf5> You are traitors to all Open-Source-related! Shame on you Mozilla developers and your "out of this world" "leaders" with less than half a brain!
[15:10:57] <gdfdf5> You are traitors to all Open-Source-related! Shame on you Mozilla developers and your "out of this world" "leaders" with less than half a brain!
[15:10:57] <gdfdf5> You are traitors to all Open-Source-related! Shame on you Mozilla developers and your "out of this world" "leaders" with less than half a brain!
[15:10:59] *** Manishearth sets mode: +b *!*zlandfill@*.mq8.28.31.IP
[15:11:39] *** Quits: gdfdf5 (bzlandfill@moz-0n4.mq8.28.31.IP) (RecvQ exceeded)
[15:15:52] *** Joins: jbomo (dkd@moz-uol4mm.fios.verizon.net)
[15:18:36] *** Joins: mw (mw@moz-f1s7jp.vie.surfer.at)
[15:19:21] *** Quits: ytain (ytain@moz-07c3h9.dsl.teksavvy.com) (Quit: Textual IRC Client: www.textualapp.com)
[15:19:24] *** Quits: ryanhiebert (ryanhiebert@moz-nsd5kl.ks.cox.net) (Connection closed)
[15:20:23] <steveklabnik> https://users.rust-lang.org/t/new-to-rust-problem-running-first-program/1541 :(
[15:22:23] *** Joins: Rym (y@moz-c2u.sd4.38.217.IP)
[15:22:28] *** Joins: LuthL (bzlandfill@moz-kfa7us.donbass.com)
[15:22:35] *** Quits: LuthL (bzlandfill@moz-kfa7us.donbass.com) (RecvQ exceeded)
[15:23:04] *** Quits: Tobba (Tobba@moz-o13d22.bredband.telia.com) (Connection closed)
[15:23:25] *** Quits: eerie (eerie@moz-i6pant.red.bezeqint.net) (Connection closed)
[15:24:45] *** Manishearth sets mode: +b *!bzlandfill@*
[15:25:02] *** Manishearth sets mode: +b *!*@moz-kfa7us.donbass.com
[15:26:55] *** Quits: Rym (y@moz-c2u.sd4.38.217.IP) (Ping timeout: 121 seconds)
[15:27:09] *** Joins: bkoropoff (bkoropoff@moz-kthi5c.wa.comcast.net)
[15:27:19] *** Parts: mw (mw@moz-f1s7jp.vie.surfer.at) ("")
[15:27:31] *** Joins: mw (mw@moz-f1s7jp.vie.surfer.at)
[15:27:38] *** Quits: ptalbot (ptalbot@moz-j4gnuh.fbx.proxad.net) (Ping timeout: 121 seconds)
[15:28:31] *** Joins: mbrubeck (sid61@moz-dpj2bo.scl3.mozilla.com)
[15:28:32] *** ChanServ sets mode: +ao mbrubeck mbrubeck
[15:28:50] <Manishearth> WindowsBunny: ^
[15:28:52] *** mbrubeck sets mode: +b *!*@moz-4pf.s0j.162.14.IP
[15:28:56] *** onebooks was kicked by mbrubeck ()
[15:29:05] <WindowsBunny> Manishearth: coming
[15:30:07] <WindowsBunny> Manishearth: wat, how does that even happen
[15:30:20] <Manishearth> no idea
[15:30:30] <Manishearth> I don't understand windows error messages :p
[15:31:46] <WindowsBunny> I don't understand how they are getting those errors
[15:31:48] <steveklabnik> yeah
[15:31:51] <steveklabnik> that seems very odd
[15:32:16] *** Joins: nodweber (nodweber@moz-knt.fgq.178.5.IP)
[15:34:17] *** Joins: gleb (gleb@moz-3u1drv.rusanovka-net.kiev.ua)
[15:34:26] *** Joins: kushal (kdas@moz-kmml9a.202.sitibroadband.in)
[15:35:12] *** Manishearth sets mode: +b *!bzlandfill@moz-892.m03.82.88.IP
[15:36:47] *** Quits: nodweber (nodweber@moz-knt.fgq.178.5.IP) (Ping timeout: 121 seconds)
[15:39:22] *** Joins: eerie (eerie@moz-i6pant.red.bezeqint.net)
[15:40:47] *** Quits: rkruppe (chatzilla@moz-qsbik2.diu2.0rth.0908.2a02.IP) (Quit: ChatZilla 0.9.91.1 [Firefox 38.0.1/20150513174244])
[15:43:37] <Havvy> Manishearth:  Might as well ban *!bzlandfill@*
[15:44:02] <Manishearth> I thought Matt did that
[15:44:05] <Manishearth> but ICBW
[15:44:10] <Havvy> Oh?
[15:44:31] <Havvy> Also, don't forget to kick people after banning them.
[15:44:42] <Manishearth> ah
[15:48:41] *** Joins: fredrik (fredrik@moz-2b08ue.priv.bahnhof.se)
[15:49:06] *** Quits: dinfuehr (dominik@moz-sh7u9l.highway.telekom.at) (Client exited)
[15:52:32] *** Quits: madmalik (uid13697@moz-lfin5p.brockwell.irccloud.com) (Quit: Connection closed for inactivity)
[15:56:25] *** Joins: dinfuehr (dinfuehr@moz-sh7u9l.highway.telekom.at)
[15:58:56] *** Joins: nham (nham@moz-lglsfe.il.comcast.net)
[15:59:19] *** Quits: bfops (uid58242@moz-e5u6m0.charlton.irccloud.com) (Quit: Connection closed for inactivity)
[16:00:32] *** Quits: dinfuehr (dinfuehr@moz-sh7u9l.highway.telekom.at) (Ping timeout: 121 seconds)
[16:02:44] *** Quits: johnsoft (johnsoft@moz-69mrig.res.rr.com) (Ping timeout: 121 seconds)
[16:03:10] *** Joins: johnsoft (johnsoft@moz-69mrig.res.rr.com)
[16:09:10] *** Quits: Jesin (Jesin@moz-48mne2.nsvltn.sbcglobal.net) (Quit: Leaving)
[16:09:20] *** Joins: eerie_ (eerie@moz-i6pant.red.bezeqint.net)
[16:11:55] *** Quits: bkoropoff (bkoropoff@moz-kthi5c.wa.comcast.net) (Client exited)
[16:12:27] *** Quits: eerie (eerie@moz-i6pant.red.bezeqint.net) (Ping timeout: 121 seconds)
[16:15:27] *** Quits: eerie_ (eerie@moz-i6pant.red.bezeqint.net) (Connection closed)
[16:16:29] *** Joins: Rym (y@moz-c2u.sd4.38.217.IP)
[16:20:01] *** Joins: ryanhiebert (ryanhiebert@moz-nsd5kl.ks.cox.net)
[16:21:03] *** Quits: Rym (y@moz-c2u.sd4.38.217.IP) (Ping timeout: 121 seconds)
[16:24:05] *** Joins: Rym (y@moz-c2u.sd4.38.217.IP)
[16:28:37] *** Quits: Rym (y@moz-c2u.sd4.38.217.IP) (Ping timeout: 121 seconds)
[16:30:26] *** Quits: aldeka (quassel@moz-qqf.of6.243.162.IP) (Connection closed)
[16:30:27] *** Joins: aldeka (quassel@moz-qqf.of6.243.162.IP)
[16:30:59] *** Quits: nicknikolov (nicknikolov@moz-0q4.2rm.211.90.IP) (Connection closed)
[16:31:20] *** Joins: nicknikolov (nicknikolov@moz-0q4.2rm.211.90.IP)
[16:32:37] *** Joins: Jesin (Jesin@moz-48mne2.nsvltn.sbcglobal.net)
[16:33:03] *** Quits: ryanhiebert (ryanhiebert@moz-nsd5kl.ks.cox.net) (Ping timeout: 121 seconds)
[16:33:35] *** Joins: nickniko_ (nicknikolov@moz-0q4.2rm.211.90.IP)
[16:33:36] *** Quits: nicknikolov (nicknikolov@moz-0q4.2rm.211.90.IP) (Connection closed)
[16:40:13] *** Joins: SiegeLord (sl@moz-9jtaei.ca.comcast.net)
[16:41:07] *** Joins: Rym (y@moz-c2u.sd4.38.217.IP)
[16:41:24] *** bvssvni_ is now known as bvssvni
[16:41:50] *** Quits: johnsoft (johnsoft@moz-69mrig.res.rr.com) (Ping timeout: 121 seconds)
[16:42:20] *** Joins: johnsoft (johnsoft@moz-69mrig.res.rr.com)
[16:45:10] *** Joins: tamird (textual@moz-gg3hct.res.rr.com)
[16:45:52] *** Joins: bkoropoff (bkoropoff@moz-kthi5c.wa.comcast.net)
[16:50:41] *** Joins: Diggsey (diggsey@moz-97o4tk.dsl.pipex.com)
[16:50:57] *** zz_kimundi is now known as kimundi
[16:53:42] *** Quits: semarie (semarie@moz-j5rng1.tor-exit.network) (Quit: WeeChat 1.1)
[16:57:24] *** Joins: ryanhiebert (ryanhiebert@moz-nsd5kl.ks.cox.net)
[16:57:45] *** Joins: dinfuehr (dinfuehr@moz-sh7u9l.highway.telekom.at)
[16:58:59] *** Joins: semarie (semarie@moz-0cpaeb.thd.ninja)
[17:01:02] *** Joins: Astrum|Lap (Astrum|Lap@moz-skcefh.co.comcast.net)
[17:01:37] *** Quits: bkoropoff (bkoropoff@moz-kthi5c.wa.comcast.net) (Client exited)
[17:01:51] *** Quits: dinfuehr (dinfuehr@moz-sh7u9l.highway.telekom.at) (Ping timeout: 121 seconds)
[17:03:34] *** Joins: bkoropoff (bkoropoff@moz-kthi5c.wa.comcast.net)
[17:03:57] *** Joins: brain (brain@moz-ake53i.rcsntx.sbcglobal.net)
[17:04:28] *** Quits: harrisonclarke (harrisoncla@moz-oprktf.ns.bellaliant.net) (Connection closed)
[17:06:30] *** Quits: munksgaa1d (munksgaard@moz-urnkl5.u.parknet.dk) (Ping timeout: 121 seconds)
[17:07:04] *** Quits: Astrum|Lap (Astrum|Lap@moz-skcefh.co.comcast.net) (Ping timeout: 121 seconds)
[17:08:33] *** Joins: munksgaard (munksgaard@moz-urnkl5.u.parknet.dk)
[17:10:22] *** bvssvni is now known as bvssvni_
[17:16:09] *** Joins: eerie (eerie@moz-i6pant.red.bezeqint.net)
[17:16:22] *** Quits: k1000 (k1000@moz-bodlln.ip-198-50-149.net) (Ping timeout: 121 seconds)
[17:17:06] *** Quits: eerie (eerie@moz-i6pant.red.bezeqint.net) (Connection closed)
[17:17:08] *** Joins: eerie (eerie@moz-i6pant.red.bezeqint.net)
[17:17:37] *** Joins: Stebalien (Stebalien@moz-arevrd.tmodns.net)
[17:17:55] *** Joins: mib_9tm3w6 (Mibbit@moz-juv.9o3.252.72.IP)
[17:18:29] *** Joins: nodweber (nodweber@moz-knt.fgq.178.5.IP)
[17:18:57] *** Quits: filsmick_ (filsmick@moz-0svev4.abo.wanadoo.fr) (Quit: )
[17:21:12] *** Joins: Astrum|Lap (Astrum|Lap@moz-skcefh.co.comcast.net)
[17:21:26] *** Quits: mib_9tm3w6 (Mibbit@moz-juv.9o3.252.72.IP) (Quit: http://www.mibbit.com ajax IRC Client)
[17:22:41] *** Quits: nodweber (nodweber@moz-knt.fgq.178.5.IP) (Ping timeout: 121 seconds)
[17:22:54] *** Joins: k1000 (k1000@moz-bodlln.ip-198-50-149.net)
[17:22:58] *** Quits: jincreator (Thunderbird@moz-588.igi.7.59.IP) (Ping timeout: 121 seconds)
[17:23:02] *** Joins: bytewise (bytewise@moz-mkh5h4.hsi16.unitymediagroup.de)
[17:24:16] *** Quits: eerie (eerie@moz-i6pant.red.bezeqint.net) (Connection closed)
[17:31:24] *** Joins: eerie (eerie@moz-i6pant.red.bezeqint.net)
[17:34:49] *** Quits: michalt (uid82910@moz-7jrol4.charlton.irccloud.com) (Quit: Connection closed for inactivity)
[17:37:24] *** Joins: harrisonclarke (harrisoncla@moz-th044a.ns.bellaliant.net)
[17:38:57] *** Quits: summerlight_ (summerlight@moz-99k.2mj.130.121.IP) (Ping timeout: 121 seconds)
[17:38:59] *** Quits: bytewise (bytewise@moz-mkh5h4.hsi16.unitymediagroup.de) (Quit: Quit)
[17:40:38] *** Joins: dcb (textual@moz-j72nfe.ca.comcast.net)
[17:41:07] *** Quits: dcb (textual@moz-j72nfe.ca.comcast.net) (Quit: My Mac has gone to sleep. ZZZzzz…)
[17:41:14] *** Joins: dcb (textual@moz-j72nfe.ca.comcast.net)
[17:45:13] *** Quits: SiegeLord (sl@moz-9jtaei.ca.comcast.net) (Quit: It's a joke, it's all a joke.)
[17:46:09] *** Joins: eerie_ (eerie@moz-i6pant.red.bezeqint.net)
[17:49:26] *** Quits: eerie (eerie@moz-i6pant.red.bezeqint.net) (Ping timeout: 121 seconds)
[17:57:34] *** Quits: eerie_ (eerie@moz-i6pant.red.bezeqint.net) (Connection closed)
[17:58:42] *** Joins: dinfuehr (dinfuehr@moz-sh7u9l.highway.telekom.at)
[18:02:48] *** Quits: dinfuehr (dinfuehr@moz-sh7u9l.highway.telekom.at) (Ping timeout: 121 seconds)
[18:05:37] *** Quits: dcb (textual@moz-j72nfe.ca.comcast.net) (Quit: My Mac has gone to sleep. ZZZzzz…)
[18:05:40] *** Joins: dcb (textual@moz-j72nfe.ca.comcast.net)
[18:07:12] *** Joins: mib_4j0s0e (Mibbit@moz-juv.9o3.252.72.IP)
[18:07:50] <wycats> Oh my re: cargo
[18:08:02] <wycats> On my phone atm
[18:09:21] <wycats> What is the correct procedure?
[18:09:29] <wycats> ban then kick?
[18:10:25] *** Quits: mib_4j0s0e (Mibbit@moz-juv.9o3.252.72.IP) (Quit: http://www.mibbit.com ajax IRC Client)
[18:10:32] <mcpherrin> oh the australis spammer is back :(
[18:13:24] *** Quits: harrisonclarke (harrisoncla@moz-th044a.ns.bellaliant.net) (Connection closed)
[18:18:05] *** Quits: Rym (y@moz-c2u.sd4.38.217.IP) (Ping timeout: 121 seconds)
[18:19:39] *** Joins: harrisonclarke (harrisoncla@moz-uur7pt.eastlink.ca)
[18:20:33] <Manishearth> wycats: yes
[18:21:06] *** Quits: kushal (kdas@moz-kmml9a.202.sitibroadband.in) (Ping timeout: 121 seconds)
[18:22:19] *** kimundi is now known as zz_kimundi
[18:28:00] *** Joins: _Vi (vi@moz-bbs.vhj.131.104.IP)
[18:29:43] *** Joins: eerie (eerie@moz-i6pant.red.bezeqint.net)
[18:32:14] *** Joins: Rym (y@moz-c2u.sd4.38.217.IP)
[18:32:19] *** Parts: mw (mw@moz-f1s7jp.vie.surfer.at) ("")
[18:36:10] *** Quits: munksgaard (munksgaard@moz-urnkl5.u.parknet.dk) (Ping timeout: 121 seconds)
[18:37:53] *** Quits: GrecKo (GrecKo@moz-la97mq.fr) (Ping timeout: 121 seconds)
[18:39:31] *** Quits: vmx (vmx@moz-v5li2v.pools.vodafone-ip.de) (Quit: Leaving)
[18:41:38] *** Joins: bellows (Mibbit@moz-juv.9o3.252.72.IP)
[18:42:16] *** Quits: bellows (Mibbit@moz-juv.9o3.252.72.IP) (Quit: http://www.mibbit.com ajax IRC Client)
[18:43:53] *** Joins: kushal (kdas@moz-kmml9a.202.sitibroadband.in)
[18:45:40] *** Joins: swgillespie (swgillespie@moz-rn1.vmq.232.104.IP)
[18:46:28] *** Joins: munksgaard (munksgaard@moz-478pev.u.parknet.dk)
[18:50:26] *** Quits: Sho (sho@moz-17131k.cust.telecolumbus.net) (A TLS packet with unexpected length was received.)
[18:52:45] *** Joins: madmalik (uid13697@moz-lfin5p.brockwell.irccloud.com)
[18:56:50] *** Joins: Rym_ (y@moz-c2u.sd4.38.217.IP)
[18:57:23] *** Quits: Rym (y@moz-c2u.sd4.38.217.IP) (Connection closed)
[18:57:39] *** Quits: kushal (kdas@moz-kmml9a.202.sitibroadband.in) (Quit: Leaving)
[18:59:03] *** Joins: ELD (textual@moz-tbcsac.co.comcast.net)
[18:59:37] *** Joins: dinfuehr (dinfuehr@moz-sh7u9l.highway.telekom.at)
[18:59:42] *** Joins: eerie_ (eerie@moz-i6pant.red.bezeqint.net)
[19:02:45] *** Quits: eerie (eerie@moz-i6pant.red.bezeqint.net) (Ping timeout: 121 seconds)
[19:03:43] *** Quits: dinfuehr (dinfuehr@moz-sh7u9l.highway.telekom.at) (Ping timeout: 121 seconds)
[19:03:55] *** Joins: chc4 (chc4@moz-mjph4c.ma.comcast.net)
[19:07:46] <cmr> Many IRC clients have a /kickban that does it for you.
[19:08:46] *** Quits: Astrum|Lap (Astrum|Lap@moz-skcefh.co.comcast.net) (Client exited)
[19:10:53] *** Quits: Rym_ (y@moz-c2u.sd4.38.217.IP) (Ping timeout: 121 seconds)
[19:11:11] *** Quits: harrisonclarke (harrisoncla@moz-uur7pt.eastlink.ca) (Connection closed)
[19:12:07] *** Joins: obi_wan (Mibbit@moz-juv.9o3.252.72.IP)
[19:12:38] *** Quits: obi_wan (Mibbit@moz-juv.9o3.252.72.IP) (Quit: http://www.mibbit.com ajax IRC Client)
[19:12:45] *** Joins: reedlepee (Mibbit@moz-juv.9o3.252.72.IP)
[19:13:03] *** Quits: reedlepee (Mibbit@moz-juv.9o3.252.72.IP) (Quit: http://www.mibbit.com ajax IRC Client)
[19:14:38] *** Joins: Astrum|Lap (Astrum|Lap@moz-skcefh.co.comcast.net)
[19:15:07] *** Quits: munksgaard (munksgaard@moz-478pev.u.parknet.dk) (Ping timeout: 121 seconds)
[19:18:17] *** Joins: rkruppe (chatzilla@moz-62qg82.diu2.0rth.0908.2a02.IP)
[19:19:07] *** Quits: jbomo (dkd@moz-uol4mm.fios.verizon.net) (Quit: )
[19:19:35] *** Joins: harrisonclarke (harrisoncla@moz-uur7pt.eastlink.ca)
[19:20:28] *** Joins: erz (erz@moz-fiq1tl.broadband.corbina.ru)
[19:27:01] *** Quits: aepsil0n (eduard@moz-6491ha.mv2h.pepi.8071.2a02.IP) (Ping timeout: 121 seconds)
[19:28:20] *** Quits: harrisonclarke (harrisoncla@moz-uur7pt.eastlink.ca) (Connection closed)
[19:29:44] *** Joins: eerie (eerie@moz-i6pant.red.bezeqint.net)
[19:32:31] <mcpherrin> wycats: Ideally you kick then ban so the kicked person doesn't see the pattern you banned against
[19:32:44] *** Quits: eerie_ (eerie@moz-i6pant.red.bezeqint.net) (Ping timeout: 121 seconds)
[19:35:32] <Havvy> mcpherrin:  I find that doesn't work because a lot of them have auto-reconnects.
[19:36:53] <mcpherrin> Havvy: yeah, but you can always re-kick 
[19:45:01] *** Quits: semarie (semarie@moz-0cpaeb.thd.ninja) (A TLS packet with unexpected length was received.)
[19:46:42] *** Joins: proc (proc@moz-pushtu.dip0.t-ipconnect.de)
[19:49:02] *** Joins: Binero (jeroen@moz-91joat.69vi.s4ge.1810.2a02.IP)
[19:49:09] *** Joins: nodweber (nodweber@moz-knt.fgq.178.5.IP)
[19:53:10] *** Quits: rkruppe (chatzilla@moz-62qg82.diu2.0rth.0908.2a02.IP) (Ping timeout: 121 seconds)
[19:53:22] *** Joins: willem (willem@moz-facs2s.dynamic.upc.nl)
[19:53:29] *** Quits: nodweber (nodweber@moz-knt.fgq.178.5.IP) (Ping timeout: 121 seconds)
[19:57:15] *** Joins: hyunsik (hyunsik@moz-3qgjl9.ca.comcast.net)
[19:59:46] *** Joins: eerie_ (eerie@moz-i6pant.red.bezeqint.net)
[20:00:11] *** Joins: dinfuehr (dinfuehr@moz-sh7u9l.highway.telekom.at)
[20:02:48] *** Quits: eerie (eerie@moz-i6pant.red.bezeqint.net) (Ping timeout: 121 seconds)
[20:04:18] *** Quits: dinfuehr (dinfuehr@moz-sh7u9l.highway.telekom.at) (Ping timeout: 121 seconds)
[20:05:28] *** Quits: xilec (Mibbit@moz-g6k.oht.161.46.IP) (Quit: http://www.mibbit.com ajax IRC Client)
[20:08:16] *** Joins: munksgaard (munksgaard@moz-urnkl5.u.parknet.dk)
[20:10:39] *** Joins: harrisonclarke (harrisoncla@moz-uur7pt.eastlink.ca)
[20:11:23] *** Quits: harrisonclarke (harrisoncla@moz-uur7pt.eastlink.ca) (Connection closed)
[20:12:48] *** Joins: harrisonclarke (harrisoncla@moz-uur7pt.eastlink.ca)
[20:19:29] *** Quits: Kxepal (Miranda@moz-fqukoc.pppoe.mtu-net.ru) (Ping timeout: 121 seconds)
[20:20:37] *** Joins: Rym_ (y@moz-c2u.sd4.38.217.IP)
[20:21:34] *** Joins: Kxepal (Miranda@moz-g95ll8.pppoe.mtu-net.ru)
[20:22:23] *** Joins: jbomo (dkd@moz-uol4mm.fios.verizon.net)
[20:25:17] *** Joins: aepsil0n (eduard@moz-6491ha.mv2h.pepi.8071.2a02.IP)
[20:28:46] *** Quits: munksgaard (munksgaard@moz-urnkl5.u.parknet.dk) (Ping timeout: 121 seconds)
[20:29:01] *** Joins: gsingh93 (gulshan@moz-ln1ktu.st3l.iv8o.0004.2601.IP)
[20:29:48] *** Joins: eerie (eerie@moz-i6pant.red.bezeqint.net)
[20:30:26] *** Quits: aldeka (quassel@moz-qqf.of6.243.162.IP) (Connection closed)
[20:30:27] *** Joins: aldeka (quassel@moz-qqf.of6.243.162.IP)
[20:30:36] *** Quits: Rym_ (y@moz-c2u.sd4.38.217.IP) (Ping timeout: 121 seconds)
[20:30:40] *** Quits: eerie (eerie@moz-i6pant.red.bezeqint.net) (Connection closed)
[20:32:24] <bluss> steveklabnik: we have a new memory unsafety issue, but luckily it's only in unstable functions (related to catch_panic)
[20:32:48] *** Quits: eerie_ (eerie@moz-i6pant.red.bezeqint.net) (Ping timeout: 121 seconds)
[20:32:52] <steveklabnik> i saw that
[20:34:04] <WindowsBunny> C++ has it easy, being able to trust the programmer to not mess things up
[20:34:34] <bluss> hehe
[20:35:37] <bluss> does anyone know why all the atomic operations in mpsc/oneshot are SeqCst? Seems like something that could be tweaked
[20:36:10] <cmr> bluss: just to be conservative.
[20:37:00] <bluss> better safe than sorry. I could do no better
[20:37:34] <bluss> but I do wonder if the atomic load in an assert_eq in Packet::drop is for synchronization or just a debug assertion
[20:42:28] *** Quits: dcb (textual@moz-j72nfe.ca.comcast.net) (Quit: My Mac has gone to sleep. ZZZzzz…)
[20:42:37] *** Quits: harrisonclarke (harrisoncla@moz-uur7pt.eastlink.ca) (Connection closed)
[20:46:18] <SimonSapin> We've has this for a while, but isn't it totally unsound?
[20:46:21] <SimonSapin> https://github.com/servo/rust-smallvec/blob/cf4a2fd776271aff36e664299f555292b931f7dd/lib.rs#L346
[20:47:03] <SimonSapin> I suppose Vec::drop just happens to do something reasonable on zeroed memory...
[20:50:28] *** Joins: Rym_ (y@moz-c2u.sd4.38.217.IP)
[20:52:03] <bluss> yes because it has no_drop_flag and dropping used to zero
[20:52:40] <bluss> but a zeroed vec is memory unsafe. It will turn Some(data) into None
[20:55:45] *** Quits: Stebalien (Stebalien@moz-arevrd.tmodns.net) (Quit: leaving)
[20:56:56] *** Joins: ekidd (ekidd@moz-6t81cn.nh.comcast.net)
[20:57:15] <bluss> oh I don't know how that works at all. It doesn't inhibit the destructor of [T¸$size] ? 
[20:57:27] <bluss> [T; $size]
[20:57:49] <ekidd> Hello. Is there an idiomatic way to copy large slabs of data from a &[u8] to a &mut [u8] quickly?
[20:58:45] *** Joins: rkruppe (chatzilla@moz-2vn41r.diu2.0rth.0908.2a02.IP)
[20:59:03] <bluss> SimonSapin: looks like it hasn't been upgraded from zeroing drop to filling drop
[20:59:11] <ekidd> All the copy_memory variants still seem to be unstable.
[20:59:26] *** Quits: Rym_ (y@moz-c2u.sd4.38.217.IP) (Ping timeout: 121 seconds)
[20:59:56] <wycats> Manishearth: mcpherrin: do I ban the username or some kind of internal username
[21:00:07] <wycats> I see people banning names with `!` etc in them
[21:00:09] * wycats is a noob
[21:01:06] *** Joins: dinfuehr (dinfuehr@moz-sh7u9l.highway.telekom.at)
[21:01:10] <mcpherrin> wycats: the format of a ban is nickname!username@hostname
[21:01:23] <wycats> how do I get the full info?
[21:01:35] <mcpherrin> you can use /whois wycats
[21:01:58] <wycats> ok <3
[21:02:03] *** Joins: mib_iudkuo (Mibbit@moz-g6k.oht.161.46.IP)
[21:02:23] <mcpherrin> banning is a bit of an art, unfortunately...
[21:02:27] <wycats> yeah
[21:03:01] <mcpherrin> *!*@host is reasonable a lot of the time
[21:05:01] *** Joins: nodweber (nodweber@moz-knt.fgq.178.5.IP)
[21:05:06] <mcpherrin> the australis troll in particular is pretty terrible; I assume there are people around who can ban that person from the whole server
[21:05:12] *** Quits: dinfuehr (dinfuehr@moz-sh7u9l.highway.telekom.at) (Ping timeout: 121 seconds)
[21:05:37] <cmr> I hear #it is the place to go for IRCops access.
[21:06:31] *** Joins: dcb (textual@moz-j72nfe.ca.comcast.net)
[21:06:50] *** Joins: A205B064 (A205B064@moz-9s9nhk.nap.wideopenwest.com)
[21:08:39] <mcpherrin> During my teenage years I was a bit of an IRC asshole and was a little too good at getting around bans... Now I hope to use those powers for good :/
[21:09:21] *** Quits: nodweber (nodweber@moz-knt.fgq.178.5.IP) (Ping timeout: 121 seconds)
[21:11:33] <WindowsBunny> I'm still an IRC asshole, but at least I respect bans :P
[21:15:57] <Havvy> mcpherrin:  None in here unfortunately.
[21:17:58] *** Joins: larhat1 (Adium@moz-vlo5br.cable.virginm.net)
[21:19:06] *** Joins: Rym_ (y@moz-c2u.sd4.38.217.IP)
[21:19:24] *** Joins: rkruppe_ (chatzilla@moz-83hn7q.diu2.0rth.0908.2a02.IP)
[21:22:34] *** Quits: rkruppe (chatzilla@moz-2vn41r.diu2.0rth.0908.2a02.IP) (Ping timeout: 121 seconds)
[21:22:35] *** rkruppe_ is now known as rkruppe
[21:26:33] <SimonSapin> bluss: right, there is a [T; N] initialized with mem::zeroed() and not necessarily filled completely by the time it’s dropped
[21:27:06] *** Quits: Astrum|Lap (Astrum|Lap@moz-skcefh.co.comcast.net) (Client exited)
[21:27:12] <bluss> SimonSapin: I've just been working with this kind of thing (crate arrayvec) and I use a wrapper enum to disable dropping of the array
[21:27:17] <bluss> (and drop elements manually)
[21:27:31] <bluss> arrayvec uses a fixed array as backing and does not grow, so it's not the same as smallvec
[21:27:34] <SimonSapin> So, in other other words: I drop the return value of `mem::zeroed::<T>()` for any sized T. What’s the worst that can happen?
[21:27:45] *** Quits: killercu_ (killercup@moz-qj5qhi.dip0.t-ipconnect.de) (Quit: Bye)
[21:28:23] <bluss> I'm sure we can find a segfault quickly. But why hasn't that happened already?
[21:28:27] <Havvy> SimonSapin:  Segfaults.
[21:28:46] <SimonSapin> Havvy: How? What what T?
[21:28:58] <Havvy> Box<T> ?
[21:29:07] <bluss> Havvy: free on null is a no-op?
[21:29:08] *** Quits: aepsil0n (eduard@moz-6491ha.mv2h.pepi.8071.2a02.IP) (Ping timeout: 121 seconds)
[21:29:43] <Havvy> Is it?
[21:30:12] <WindowsBunny> Does [T; N] for T: Drop include a drop flag?
[21:30:25] <WindowsBunny> a drop flag for each element that is
[21:31:04] <cmr> Each element has its own drop flag, yes.
[21:31:22] <bluss> This looks like it crashes http://is.gd/89nYuR
[21:31:45] <WindowsBunny> cmr: Isn't that unsafe to depend on and likely to change?
[21:31:47] <cmr> bluss: yes, thats dropck.
[21:31:49] *** Quits: gsingh93 (gulshan@moz-ln1ktu.st3l.iv8o.0004.2601.IP) (Ping timeout: 121 seconds)
[21:31:52] <cmr> bluss: in release mode it doesn't.
[21:32:05] <SimonSapin> oh yeah, rust-smallvec totally segfaults with T=Box<_>
[21:32:07] <cmr> WindowsBunny: as long as we have drop flags, each elements will have a drop flag.
[21:32:26] <bluss> cmr: I think that's just because it's optimized out?
[21:33:19] <bkoropoff> The rust emacs mode needs to do something more intelligent with where clauses
[21:36:19] <bluss> SimonSapin: another thing I discovered is that Option<[T; N]> will dig into T and use it for the non-nullable pointer optimization. That can be a factor too (if it doesn't find any other non-nullable thing in Smallvec
[21:37:20] <bluss> SimonSapin: yup, to me it looks like Some(SmallVec::<&T>::new()) == None  for this reason
[21:39:04] *** Quits: Rym_ (y@moz-c2u.sd4.38.217.IP) (Ping timeout: 121 seconds)
[21:39:25] <SimonSapin> fun
[21:41:15] <bluss> confirmed, this test fails. Cloned the crate. http://is.gd/sAfOs0
[21:42:29] <SimonSapin> fails with assert!(Some(SmallVec16::<Box<&u32>>::new()).is_some())  too
[21:43:34] <SimonSapin> Ok, so, what’s a better way to allocate on the stack a bounded but variable number of T items?
[21:46:45] <bluss> SimonSapin: I think I solved it here with this enum https://github.com/bluss/arrayvec/blob/master/nodrop/src/lib.rs#L6-L10
[21:46:48] *** Joins: aepsil0n (eduard@moz-sdb63f.mullvad.net)
[21:47:15] <bluss> Well that's used to inhibit the drop on the array
[21:48:14] *** Joins: genbattle (genbattle@moz-4v0.gkd.16.182.IP)
[21:48:20] <SimonSapin> bluss: so you need one per item
[21:48:38] <SimonSapin> that’s kinda unfortunate
[21:49:05] *** Quits: faern (faern@moz-4ef681.jagochmittmoln.se) (Ping timeout: 121 seconds)
[21:49:08] <bluss> SimonSapin: it's one per array
[21:49:38] <SimonSapin> bluss: so what in len < capacity?
[21:49:43] <SimonSapin> if*
[21:50:06] <bluss> arrayvec in the same crate uses it. It initializes the array with mem::uninitialized
[21:50:19] <bluss> only reads from initialized elements
[21:51:09] <bluss> Why NoDrop is needed is twofold: to be able to hold [T; N] without having the drop of T's running.
[21:51:15] <bluss> Those are run manually just like a vec would
[21:51:21] <bluss> secondly the Option optimization
[21:51:28] <bluss> repr(u8) seems to block that..
[21:52:15] <SimonSapin> oh, I see. I was wondering why not just use Option
[21:54:57] *** Joins: faern (faern@moz-4ef681.jagochmittmoln.se)
[21:58:21] <bluss> so NoDrop adds two fields which is annoying too (enum tag and its drop flag)
[21:58:37] <bluss> but drop flags will be gone soon hopefully :)
[22:01:41] *** Joins: dinfuehr (dinfuehr@moz-sh7u9l.highway.telekom.at)
[22:02:10] <SimonSapin> bluss: read through the arrayvec code. It’s pretty cool :)
[22:03:12] <bluss> happy you think so, I agree! :)
[22:04:08] <SimonSapin> bluss: could it implement FromIterator?
[22:04:16] <bluss> it does
[22:04:34] <bluss> it just takes as many elements that fit
[22:04:48] <SimonSapin> duh, ctrl+f’ing in the wrong file :)
[22:05:46] <SimonSapin> hum, that seems like silently ignoring an error
[22:05:51] *** Quits: dinfuehr (dinfuehr@moz-sh7u9l.highway.telekom.at) (Ping timeout: 121 seconds)
[22:05:55] *** Joins: gen_battle (genbattle@moz-4v0.gkd.16.182.IP)
[22:06:16] <SimonSapin> since the iterator is given by value, there’s no way to get the remaining elements
[22:06:29] <bluss> that's not entirely true :)
[22:06:33] *** Joins: nrc (nrc@moz-14pjgj.xtra.co.nz)
[22:06:33] *** ChanServ sets mode: +o nrc
[22:06:38] <bluss> .by_ref() etc
[22:06:56] <SimonSapin> hum
[22:07:38] <bluss> let mut iter = (1..10); let first: ArrayVec::<[_; 4]> = iter.by_ref().collect(); let rest: Vec<_> = iter.collect()
[22:07:53] <SimonSapin> right
[22:08:13] <bluss> well ArrayVec is a bit light on errors.
[22:08:22] <bluss> but it's not unsound, just lightweight hopefully
[22:08:48] *** Quits: genbattle (genbattle@moz-4v0.gkd.16.182.IP) (Ping timeout: 121 seconds)
[22:11:13] *** Quits: blank_name (blank_name@moz-d5sbf3.mi.frontiernet.net) (Quit: leaving)
[22:14:52] *** Joins: Rym_ (y@moz-c2u.sd4.38.217.IP)
[22:19:13] *** Joins: Kingsquee (kingsley@moz-3fm07c.bchsia.telus.net)
[22:19:24] *** Quits: Rym_ (y@moz-c2u.sd4.38.217.IP) (Ping timeout: 121 seconds)
[22:23:54] *** Quits: chc4 (chc4@moz-mjph4c.ma.comcast.net) (Ping timeout: 121 seconds)
[22:25:40] *** Quits: larhat1 (Adium@moz-vlo5br.cable.virginm.net) (Quit: Leaving.)
[22:25:40] *** Joins: Rym_ (y@moz-c2u.sd4.38.217.IP)
[22:25:42] *** Joins: Tobba (Tobba@moz-o13d22.bredband.telia.com)
[22:30:14] <SimonSapin> Does C have dynamically-sized stack frames?
[22:30:33] <cmr> yes.
[22:30:45] <SimonSapin> Could Rust do that too?
[22:30:51] <cmr> I don't want it to.
[22:30:58] <SimonSapin> why is it bad?
[22:31:09] <cmr> Because it destroys all hope at static stack analysis.
[22:31:48] *** Joins: skeuomorf (skeuomorf@moz-ij1.21q.32.197.IP)
[22:32:41] *** Joins: blank_name (blank_name@moz-d5sbf3.mi.frontiernet.net)
[22:34:59] <WindowsBunny> cmr: Pffft, hope is for suckers
[22:35:37] <eddyb> SimonSapin: really need to write an RFC for &[x; n] and box [x; n] with runtime n. or pester nmatsakis and pnkfelix about it
[22:36:34] <eddyb> it should be possible to construct non-generic DSTs, e.g. struct str([u8]); "foo" == &str(b"foo")
[22:36:35] <SimonSapin> eddyb: that doesn’t help avoiding heap allocation, does it?
[22:36:46] <eddyb> SimonSapin: the & form would
[22:37:14] *** Quits: Jesin (Jesin@moz-48mne2.nsvltn.sbcglobal.net) (Connection closed)
[22:37:31] *** Joins: Jesin (Jesin@moz-48mne2.nsvltn.sbcglobal.net)
[22:37:51] <SimonSapin> eddyb: How is &[T; n] with runtime n different from a &[T] slice?
[22:37:53] <eddyb> let v = &mut [0; n];
[22:38:04] <eddyb> SimonSapin: *creating* it
[22:38:19] <eddyb> I said x, not T. that's an initializer, not a type
[22:38:54] <SimonSapin> oh, ok
[22:39:03] *** Joins: clatour (clatour@moz-2dc34f.hlrn.qwest.net)
[22:39:15] <eddyb> it's trickier to implement than it is to specify, because you need to track some context in typeck and trans
[22:39:23] <SimonSapin> does that require dynamically-sized stack frames?
[22:39:43] <eddyb> LLVM already has such functionality, even without using stack manipulation intrinsics
[22:40:16] <eddyb> the result would be dynamically-sized stack frames, yes
[22:40:22] *** Quits: gleb (gleb@moz-3u1drv.rusanovka-net.kiev.ua) (Ping timeout: 121 seconds)
[22:40:59] <eddyb> cmr: not sure how it can be different from unbounded recursion
[22:41:52] <geofft> __morestack is just used for printing a nice error and dying, right? Is there a reason that can't just use a SEGV handler or equivalent? 
[22:42:09] <geofft> ... actually, wait a second, what's the interaction between that and the SIGBUS handler? 
[22:42:13] <eddyb> geofft: stack probing isn't implemented/enabled everywhere in LLVM. or it is and we haven't gotten around to it
[22:42:32] <eddyb> Zoxc: do you happen to know the answer to the above? ^^
[22:42:45] *** Joins: James (quassel@moz-739rgr.range86-148.btcentralplus.com)
[22:43:03] <geofft> eddyb: oh, just looked at scrollback, this is an unrelated question to your conversation I think 
[22:43:11] <geofft> (unless the answer is that it's related) 
[22:43:26] *** Quits: Jesin (Jesin@moz-48mne2.nsvltn.sbcglobal.net) (Connection closed)
[22:43:30] <eddyb> not really related
[22:43:40] <geofft> afaict, __morestack doesn't actually do anything useful, it just dies if called 
[22:43:46] *** Joins: Jesin (Jesin@moz-48mne2.nsvltn.sbcglobal.net)
[22:43:48] <geofft> but so would literally overflowing the stack and letting the OS take care of it 
[22:44:02] *** Joins: arielb1 (Mibbit@moz-dqnh1v.red.bezeqint.net)
[22:44:03] <eddyb> the only issue is very large stack frames, that can cross over
[22:44:07] <eddyb> (the guard page)
[22:44:22] <eddyb> the solution is stack probing, which may not be available everywhere yet
[22:44:31] *** Quits: Jesin (Jesin@moz-48mne2.nsvltn.sbcglobal.net) (Quit: Leaving)
[22:44:32] <geofft> and into allocated non-stack memory? 
[22:44:37] <eddyb> I don't know for sure, hence pinging Zoxc
[22:44:39] <eddyb> geofft: yeah
[22:44:49] <Zoxc> I'm not sure if dynamic stack allocation works with segmented stacks (__morestack)
[22:45:00] <eddyb> Zoxc: segmented stacks are not a thing
[22:45:01] <geofft> but we don't do segmented stacks any more (and don't have plans to, right?) 
[22:45:12] <Zoxc> I know it works with stack probing in LLVM
[22:45:15] <geofft> it looks like __morestack is primarily legacy from segmented stacks 
[22:45:20] <eddyb> Zoxc: the questions is whether LLVM provides stack probing everywhere
[22:45:24] <eddyb> *question
[22:45:29] <geofft> (Rust's __morestack, that is, not Go's __morestack, which is still being used for segmented stack support) 
[22:45:29] <Zoxc> We use LLVM's segmented stack support
[22:45:33] <eddyb> and if it does, why are we still using __morestack
[22:45:50] <eddyb> Zoxc: well, yes. but what about probing?
[22:46:04] <eddyb> last I checked it was stuck in upstreaming hell
[22:46:06] <Zoxc> eddyb: That's only supported on Windows
[22:46:11] <eddyb> seriously?
[22:46:17] <eddyb> it's been an year. or maybe more
[22:46:18] <Zoxc> eddyb: I got David Majnemer to review my patches for x86
[22:46:49] <eddyb> and they still aren't merged?
[22:47:09] <eddyb> doener: do you know enough right people in LLVM to make stack probing happen :P?
[22:48:15] <Zoxc> No, but he's probably just busy. I don't want to bug him too much
[22:49:11] <eddyb> when I submitted my tiny patch I was told to ping once a week or so, because lots of things get forgotten
[22:50:12] <doener> eddyb: not at all
[22:50:55] <eddyb> thanks anyways :)
[22:51:02] <doener> but just pinging regularly works reasonably well most of the time
[22:51:15] *** Quits: fredrik (fredrik@moz-2b08ue.priv.bahnhof.se) (Ping timeout: 121 seconds)
[22:52:22] <Zoxc> He was nitpicking my patches, so I assume he intends to merge them
[22:53:03] *** Joins: Jesin (Jesin@moz-48mne2.nsvltn.sbcglobal.net)
[22:53:04] <WindowsBunny> acrichto is on vacation and the world is crumbling
[22:53:24] <eddyb> Zoxc: or maybe he expects an update
[22:53:57] *** Quits: arielb1 (Mibbit@moz-dqnh1v.red.bezeqint.net) (Quit: http://www.mibbit.com ajax IRC Client)
[22:54:00] <Zoxc> eddyb: I updated them and he said they looked about perfect
[22:54:14] <eddyb> :/
[22:56:21] *** Joins: mgottschlag (quassel@moz-8uvcc8.hsi15.kabel-badenwuerttemberg.de)
[22:56:53] *** Quits: Binero (jeroen@moz-91joat.69vi.s4ge.1810.2a02.IP) (Connection closed)
[23:00:26] *** Quits: eddyb (eddyb@moz-ure.pug.25.188.IP) (Ping timeout: 121 seconds)
[23:02:37] *** Joins: dinfuehr (dinfuehr@moz-sh7u9l.highway.telekom.at)
[23:03:09] *** Joins: chc4 (chc4@moz-mjph4c.ma.comcast.net)
[23:03:57] *** Quits: aepsil0n (eduard@moz-sdb63f.mullvad.net) (Connection closed)
[23:04:55] *** Joins: Astrum|Lap (Astrum|Lap@moz-skcefh.co.comcast.net)
[23:05:23] <geofft> woah, gcc's lack of probing / __morestack: http://paste.debian.net/183132/ 
[23:05:30] *** Joins: frogzilla (Mibbit@moz-juv.9o3.252.72.IP)
[23:05:41] <geofft> I sort of want to say, if gcc doesn't care why should rustc care, but that's pretty embarrassing for gcc 
[23:06:12] *** Quits: skeuomorf (skeuomorf@moz-ij1.21q.32.197.IP) (Ping timeout: 121 seconds)
[23:06:18] *** Quits: proc (proc@moz-pushtu.dip0.t-ipconnect.de) (Quit: Gotta eat my pizza)
[23:06:43] *** Quits: dinfuehr (dinfuehr@moz-sh7u9l.highway.telekom.at) (Ping timeout: 121 seconds)
[23:07:20] <cmr> geofft: doesn't care about what? 
[23:07:47] *** Joins: njn (chatzilla@moz-lkkj0s.iinet.net.au)
[23:07:53] <geofft> the overflowing-the-stack-by-a-massive-amount problem 
[23:08:18] <cmr> -fstack-protector
[23:08:22] *** Quits: frogzilla (Mibbit@moz-juv.9o3.252.72.IP) (Quit: http://www.mibbit.com ajax IRC Client)
[23:08:43] <geofft> doesn't help. 
[23:09:31] *** Joins: ytain (ytain@moz-07c3h9.dsl.teksavvy.com)
[23:10:10] <geofft> nor does -fstack-protector-all. (-fstack-protector is only about things smashing the stack, not the stack smashing other things, I guess) 
[23:10:20] <Zoxc> geofft: gcc supports stack probes unlike clang
[23:10:24] <geofft> and -Wall -Wextra -Wpedantic finds nothing to even warn me about 
[23:10:37] *** Quits: Rym_ (y@moz-c2u.sd4.38.217.IP) (Ping timeout: 121 seconds)
[23:10:49] *** Quits: swgillespie (swgillespie@moz-rn1.vmq.232.104.IP) (Quit: My MacBook Pro has gone to sleep. ZZZzzz…)
[23:10:51] <geofft> Zoxc: aha, -fstack-check does give me a segfault 
[23:11:13] <Zoxc> Yeah, you do have to opt-in
[23:12:27] *** Joins: ptalbot (ptalbot@moz-j4gnuh.fbx.proxad.net)
[23:15:13] *** Joins: skeuomorf (skeuomorf@moz-ij1.21q.32.197.IP)
[23:24:01] *** Joins: Rym_ (y@moz-c2u.sd4.38.217.IP)
[23:25:59] *** Quits: chc4 (chc4@moz-mjph4c.ma.comcast.net) (Connection closed)
[23:27:35] *** Joins: chc4 (chc4@moz-mjph4c.ma.comcast.net)
[23:28:05] *** Joins: Johannes (Johannes@moz-4et8d7.ocn.ne.jp)
[23:30:23] *** Quits: rkruppe (chatzilla@moz-83hn7q.diu2.0rth.0908.2a02.IP) (Ping timeout: 121 seconds)
[23:33:25] <cmr> [o__o]: help
[23:33:26] <[o__o]> Available plugins: logger, ping, help, bangmotivate, github (https://botbot.me/mozilla/rust-internals/help/)
[23:34:24] *** Joins: SiegeLord (sl@moz-9jtaei.ca.comcast.net)
[23:34:42] *** Quits: simukis (nagisa@moz-8t068g.static.zebra.lt) (Ping timeout: 121 seconds)
[23:43:13] *** Quits: skeuomorf (skeuomorf@moz-ij1.21q.32.197.IP) (Ping timeout: 121 seconds)
[23:50:48] *** Quits: hyunsik (hyunsik@moz-3qgjl9.ca.comcast.net) (Ping timeout: 121 seconds)
[23:52:21] *** Joins: bjz (bjz@moz-puppgq.tpgi.com.au)
[23:54:49] *** Quits: mgottschlag (quassel@moz-8uvcc8.hsi15.kabel-badenwuerttemberg.de) (Ping timeout: 121 seconds)
[23:57:37] *** Quits: dcb (textual@moz-j72nfe.ca.comcast.net) (Quit: My Mac has gone to sleep. ZZZzzz…)
[23:59:10] *** Quits: nickniko_ (nicknikolov@moz-0q4.2rm.211.90.IP) (Connection closed)
