[00:05:50] *** Quits: aatch (james@moz-is4j4r.cable.telstraclear.net) (Ping timeout: 121 seconds)
[00:09:39] *** Quits: James_ (quassel@moz-8qs8a3.range86-148.btcentralplus.com) (Ping timeout: 121 seconds)
[00:19:13] *** Quits: Guest (textual@moz-lmfinb.fios.verizon.net) (Quit: My MacBook Pro has gone to sleep. ZZZzzz…)
[00:23:01] *** Joins: Kingsqueee (kingsley@moz-3fm07c.bchsia.telus.net)
[00:23:23] *** Quits: Kingsquee (kingsley@moz-3fm07c.bchsia.telus.net) (Ping timeout: 121 seconds)
[00:27:30] *** Joins: dougxxx (dougxxx@moz-0js00c.iinet.net.au)
[00:41:59] *** Joins: Twinklebear (Twinklebear@moz-ttrcn3.ut.comcast.net)
[00:46:08] *** Joins: aatch (james@moz-c6etfk.fosn.r6an.e000.2406.IP)
[00:53:08] *** Quits: erickt (erickt@moz-4hh.6p3.217.74.IP) (Ping timeout: 121 seconds)
[00:56:35] *** Joins: jakevn (jakevn@moz-0agbgk.miamfl.sbcglobal.net)
[00:56:44] *** Joins: Guest (textual@moz-lmfinb.fios.verizon.net)
[00:58:00] *** Quits: demilux_ (demilux@moz-fk1.kt4.14.64.IP) (A TLS packet with unexpected length was received.)
[01:02:09] *** Quits: Skyler (Skyler@moz-rv949t.sd.cox.net) (Client exited)
[01:03:57] *** Joins: Skyler (Skyler@moz-rv949t.sd.cox.net)
[01:04:26] <JustAPerson> so there seem to be a lot of game related libraries. Is there a somewhat complete list somewhere? I'm not sure what to use to create a window
[01:12:22] *** Joins: indefini (indefini@moz-4p4v25.ucom.ne.jp)
[01:22:52] *** Joins: fkaa (tundmatu@moz-501od2.business.telia.com)
[01:24:19] <dougxxx> https://github.com/kud1ing/awesome-rust#game-development ?
[01:25:16] *** Quits: pcwalton (pcwalton@moz-l8ebtf.sfo1.mozilla.com) (Client exited)
[01:31:13] *** kimundi is now known as zz_kimundi
[01:32:58] *** Joins: SiegeLord (sl@moz-9jtaei.ca.comcast.net)
[01:38:13] *** Quits: SerialVelocity (SerialVeloc@moz-attia0.cable.virginm.net) (Quit: My Mac has gone to sleep. ZZZzzz…)
[01:45:26] *** Quits: dpc (dpc@moz-t6gr4b.ca.comcast.net) (Ping timeout: 121 seconds)
[01:48:33] *** Joins: demilux (demilux@moz-73qa6c.wa.comcast.net)
[01:49:28] *** Joins: dpc (dpc@moz-t6gr4b.ca.comcast.net)
[01:50:27] *** Joins: Astrum|Lap (Astrum|Lap@moz-skcefh.co.comcast.net)
[01:51:57] *** Quits: bluss (bluss@moz-ec5o68.cust.bredbandsbolaget.se) (Ping timeout: 121 seconds)
[01:57:29] *** Joins: summerlight (summerlight@moz-99k.2mj.130.121.IP)
[01:57:44] *** Joins: esclear (esclear@moz-0lvqao.dip0.t-ipconnect.de)
[02:00:22] *** Quits: esclear_ (esclear@moz-b16fol.dip0.t-ipconnect.de) (Ping timeout: 121 seconds)
[02:02:31] *** Quits: dmac (dmac@moz-4kcd1c.ca.comcast.net) (Ping timeout: 121 seconds)
[02:16:17] <thelink2012> which library should I use for a high performance timer? is https://crates.io/crates/time a good suggestion?
[02:17:01] <Yurume> thelink2012: yes. PreciseTime and so on should do that.
[02:17:15] <WindowsBunny> thelink2012: time is annoying though
[02:17:20] <Yurume> if you want *only* those, https://crates.io/crates/clock_ticks can be an option
[02:17:30] <Yurume> (a subset of time for exactly doing that)
[02:17:34] <WindowsBunny> thelink2012: Please don't use time unless you really have to, because it requires building C code
[02:17:47] <Yurume> yeah, it is... annoying.
[02:17:49] <WindowsBunny> and anything that involves building C code is awful
[02:18:02] <Yurume> I'm trying to avoid time dependency on Chrono in the long term
[02:18:28] <thelink2012> ah clock_ticks seems to do it then
[02:20:38] *** Quits: brson (brson@moz-cfhap5.mtv2.mozilla.com) (Quit: leaving)
[02:38:30] *** Joins: cakecatz (cakecatz@moz-u6p4rc.so-net.ne.jp)
[02:54:24] *** Quits: zz_kimundi (kimundi@moz-ktmie3.dip0.t-ipconnect.de) (Ping timeout: 121 seconds)
[02:55:23] *** Quits: Kingsqueee (kingsley@moz-3fm07c.bchsia.telus.net) (Quit: Konversation terminated!)
[02:56:42] *** Joins: zz_kimundi (kimundi@moz-o5192b.dip0.t-ipconnect.de)
[02:56:44] *** zz_kimundi is now known as kimundi
[03:00:45] *** Joins: Kingsquee (kingsley@moz-3fm07c.bchsia.telus.net)
[03:01:24] *** Joins: kazimuth (james@moz-lff16e.wa.comcast.net)
[03:03:11] *** Quits: mohawk (Mibbit@moz-tpjl46.co.comcast.net) (Quit: http://www.mibbit.com ajax IRC Client)
[03:07:10] *** Quits: meh (meh@moz-iocqc7.42-151.net24.it) (Ping timeout: 121 seconds)
[03:11:22] *** Joins: p1start (p1start@moz-nftjhe.org)
[03:15:36] *** Quits: Tobba (Tobba@moz-o13d22.bredband.telia.com) (Ping timeout: 121 seconds)
[03:21:06] *** Quits: Guest (textual@moz-lmfinb.fios.verizon.net) (Quit: My MacBook Pro has gone to sleep. ZZZzzz…)
[03:27:13] *** Quits: lenstr (lenstr@moz-t9v.vju.25.171.IP) (A TLS packet with unexpected length was received.)
[03:28:11] *** Quits: jakevn (jakevn@moz-0agbgk.miamfl.sbcglobal.net) (Ping timeout: 121 seconds)
[03:37:53] *** Joins: avikpal (avikpal@moz-1el.9l2.194.117.IP)
[03:40:21] *** Joins: avikpal_ (avikpal@moz-pql.c38.233.117.IP)
[03:42:50] *** Quits: avikpal (avikpal@moz-1el.9l2.194.117.IP) (Ping timeout: 121 seconds)
[03:47:22] *** Quits: cakecatz (cakecatz@moz-u6p4rc.so-net.ne.jp) (Quit: My Mac has gone to sleep. ZZZzzz…)
[03:53:41] *** Joins: cakecatz (cakecatz@moz-u6p4rc.so-net.ne.jp)
[03:54:25] *** Quits: dpc (dpc@moz-t6gr4b.ca.comcast.net) (Ping timeout: 121 seconds)
[03:56:02] *** Joins: avikpal (avikpal@moz-9o8.ds3.194.117.IP)
[03:59:20] *** Quits: avikpal_ (avikpal@moz-pql.c38.233.117.IP) (Ping timeout: 121 seconds)
[04:01:52] *** Joins: avikpal_ (avikpal@moz-bp3.cen.194.117.IP)
[04:01:56] *** Quits: avikpal (avikpal@moz-9o8.ds3.194.117.IP) (Ping timeout: 121 seconds)
[04:07:58] *** Quits: avikpal_ (avikpal@moz-bp3.cen.194.117.IP) (Ping timeout: 121 seconds)
[04:09:18] *** Joins: avikpal (avikpal@moz-u8k.6lo.194.117.IP)
[04:10:09] *** Joins: Kirito (Kirisuna@moz-7t6.le2.251.116.IP)
[04:12:23] *** Quits: orangeshark (erik@moz-d155kp.44tj.56ot.0306.2602.IP) (Quit: Leaving)
[04:14:09] *** Quits: avikpal (avikpal@moz-u8k.6lo.194.117.IP) (Ping timeout: 121 seconds)
[04:15:10] *** Joins: erickt (erickt@moz-njt.vqi.14.76.IP)
[04:15:34] *** Joins: avikpal (avikpal@moz-tst.imq.194.117.IP)
[04:22:41] *** Quits: Gamecubic (cubic@moz-bglmk5.mc.videotron.ca) (Quit: Leaving)
[04:22:54] *** Quits: Kirito (Kirisuna@moz-7t6.le2.251.116.IP) (Quit: Leaving)
[04:24:45] *** Joins: jakevn (jakevn@moz-0agbgk.miamfl.sbcglobal.net)
[04:25:22] *** Joins: thiotimoline (iridium@moz-9v4jos.mit.edu)
[04:27:25] *** Quits: avikpal (avikpal@moz-tst.imq.194.117.IP) (Ping timeout: 121 seconds)
[04:27:34] *** Joins: lenstr (lenstr@moz-t9v.vju.25.171.IP)
[04:28:57] *** Quits: jakevn (jakevn@moz-0agbgk.miamfl.sbcglobal.net) (Ping timeout: 121 seconds)
[04:31:46] *** Quits: lenstr (lenstr@moz-t9v.vju.25.171.IP) (Ping timeout: 121 seconds)
[04:32:48] *** Joins: avikpal_ (avikpal@moz-2k6.cra.194.117.IP)
[04:42:22] *** Joins: aotic (martini_bik@moz-kfjsbq.tulsok.sbcglobal.net)
[04:43:40] *** Quits: avikpal_ (avikpal@moz-2k6.cra.194.117.IP) (Ping timeout: 121 seconds)
[04:46:46] *** Quits: ytain (ytain@moz-o0gerq.dsl.teksavvy.com) (Quit: Textual IRC Client: www.textualapp.com)
[04:47:31] *** Joins: avikpal (avikpal@moz-jhb.meh.194.117.IP)
[04:50:28] *** Quits: Wild_Cat (Max@moz-6lu.kub.196.69.IP) (Ping timeout: 121 seconds)
[04:52:12] *** Quits: cakecatz (cakecatz@moz-u6p4rc.so-net.ne.jp) (Quit: My Mac has gone to sleep. ZZZzzz…)
[04:52:40] *** Quits: avikpal (avikpal@moz-jhb.meh.194.117.IP) (Ping timeout: 121 seconds)
[04:59:57] *** Quits: erickt (erickt@moz-njt.vqi.14.76.IP) (Ping timeout: 121 seconds)
[05:09:44] *** Quits: kazimuth (james@moz-lff16e.wa.comcast.net) (Quit: Textual IRC Client: www.textualapp.com)
[05:10:23] *** Quits: thelink2012 (thelink2012@moz-l65.b55.115.189.IP) (Quit: Leaving)
[05:10:32] *** Joins: avikpal (avikpal@moz-psc.loq.194.117.IP)
[05:12:18] *** Joins: dpc (dpc@moz-t6gr4b.ca.comcast.net)
[05:13:07] *** Quits: O01eg (o01eg@moz-849.n83.112.37.IP) (Client exited)
[05:15:04] *** Joins: avikpal_ (avikpal@moz-i6k.36p.249.117.IP)
[05:18:26] *** Quits: avikpal (avikpal@moz-psc.loq.194.117.IP) (Ping timeout: 121 seconds)
[05:21:15] <thiotimoline> using nalgebra, what's the correct way to transform a Vec4 using a matrix?
[05:29:13] *** Joins: lenstr (lenstr@moz-t9v.vju.25.171.IP)
[05:29:58] *** Joins: pcwalton (pcwalton@moz-6kjabm.ca.comcast.net)
[05:30:14] *** Quits: pcwalton (pcwalton@moz-6kjabm.ca.comcast.net) (Client exited)
[05:33:17] *** Quits: lenstr (lenstr@moz-t9v.vju.25.171.IP) (Ping timeout: 121 seconds)
[05:37:52] *** Joins: cakecatz (cakecatz@moz-u6p4rc.so-net.ne.jp)
[05:39:03] *** Quits: avikpal_ (avikpal@moz-i6k.36p.249.117.IP) (Ping timeout: 121 seconds)
[05:40:27] *** Quits: Jesin (Jesin@moz-6pufsn.eecs.lehigh.edu) (Quit: Leaving)
[05:41:28] *** Joins: avikpal (avikpal@moz-g02.dcg.226.117.IP)
[05:50:29] *** Joins: James_ (quassel@moz-8qs8a3.range86-148.btcentralplus.com)
[05:53:25] *** Quits: Astrum|Lap (Astrum|Lap@moz-skcefh.co.comcast.net) (Client exited)
[06:00:15] *** Quits: kimundi (kimundi@moz-o5192b.dip0.t-ipconnect.de) (Ping timeout: 121 seconds)
[06:00:35] *** Quits: uwap (uwap@moz-damjth.com) (Ping timeout: 121 seconds)
[06:00:44] *** Quits: esclear (esclear@moz-0lvqao.dip0.t-ipconnect.de) (Ping timeout: 121 seconds)
[06:01:09] *** Quits: pranz (quassel@moz-9r7l4o.velox.pw) (Ping timeout: 121 seconds)
[06:01:09] *** Quits: matp_ (matp@moz-rvt9hl.matp.at) (Ping timeout: 121 seconds)
[06:01:22] *** Quits: raignarok (raignarok@moz-tsds6e.dip0.t-ipconnect.de) (Ping timeout: 121 seconds)
[06:01:47] *** Joins: pranz (quassel@moz-9r7l4o.velox.pw)
[06:02:17] *** Joins: zz_kimundi (kimundi@moz-o5192b.dip0.t-ipconnect.de)
[06:02:19] *** Joins: raignarok (raignarok@moz-jvugce.dip0.t-ipconnect.de)
[06:02:20] *** zz_kimundi is now known as kimundi
[06:02:20] *** Joins: esclear (esclear@moz-0lvqao.dip0.t-ipconnect.de)
[06:03:53] *** Joins: uwap (uwap@moz-damjth.com)
[06:03:56] *** Joins: matp (matp@moz-rvt9hl.matp.at)
[06:04:56] *** Quits: Twinklebear (Twinklebear@moz-ttrcn3.ut.comcast.net) (Quit: Leaving)
[06:13:54] *** Joins: jakevn (jakevn@moz-0agbgk.miamfl.sbcglobal.net)
[06:16:33] *** Joins: erz (erz@moz-fiq1tl.broadband.corbina.ru)
[06:18:04] *** Quits: jakevn (jakevn@moz-0agbgk.miamfl.sbcglobal.net) (Ping timeout: 121 seconds)
[06:21:15] *** Joins: nwin (textual@moz-k7hu6r.pools.arcor-ip.net)
[06:25:10] *** Quits: dougxxx (dougxxx@moz-0js00c.iinet.net.au) (Quit: Leaving...)
[06:26:21] *** Joins: erickt (erickt@moz-njt.vqi.14.76.IP)
[06:30:47] *** Joins: eddyb (eddyb@moz-vpa.2f0.121.86.IP)
[06:31:04] *** Quits: erickt (erickt@moz-njt.vqi.14.76.IP) (Ping timeout: 121 seconds)
[06:35:59] *** Joins: dmac (dmac@moz-2ig65r.ca.comcast.net)
[06:38:41] *** Joins: m104ru (m104ru@moz-j4k.8g6.153.93.IP)
[06:42:43] *** Joins: SneakySnake (nya@moz-i9is4u.pool.telekom.hu)
[06:45:53] *** Quits: SiegeLord (sl@moz-9jtaei.ca.comcast.net) (Quit: It's a joke, it's all a joke.)
[06:47:09] *** Quits: aatch (james@moz-c6etfk.fosn.r6an.e000.2406.IP) (Quit: Leaving)
[06:47:24] *** Joins: Jackneill (Jackneill@moz-uv1bbf.pool.digikabel.hu)
[06:49:00] *** Quits: James_ (quassel@moz-8qs8a3.range86-148.btcentralplus.com) (Ping timeout: 121 seconds)
[06:50:33] *** Joins: dmac_ (dmac@moz-2ig65r.ca.comcast.net)
[06:54:39] *** Quits: dmac_ (dmac@moz-2ig65r.ca.comcast.net) (Ping timeout: 121 seconds)
[06:56:45] *** Joins: wipeD (wipeD@moz-cfpn05.dip0.t-ipconnect.de)
[06:56:54] *** Quits: zimbatm (zimbatm@moz-f37kde.com) (Quit: Bye)
[06:57:59] *** Joins: zimbatm (zimbatm@moz-f37kde.com)
[07:02:09] *** Joins: jaen (jaen@moz-ifmik2.copit.pl)
[07:08:48] *** Quits: RC9 (RCIX@moz-vnmep7.ph.cox.net) (Quit: Leaving)
[07:10:50] *** Joins: aoticc (martini_bik@moz-kfjsbq.tulsok.sbcglobal.net)
[07:11:01] *** aoticc is now known as plumshark
[07:11:27] *** Quits: blue_deref (blue_deref@moz-u9gmm1.res.rr.com) (Quit: bbn)
[07:21:36] *** Joins: ty_ (ty@moz-i6c4to.wa.comcast.net)
[07:24:18] *** Quits: cakecatz (cakecatz@moz-u6p4rc.so-net.ne.jp) (Quit: My Mac has gone to sleep. ZZZzzz…)
[07:27:06] *** Joins: erickt (erickt@moz-njt.vqi.14.76.IP)
[07:27:09] *** Joins: mindtree (Mitch@moz-09cthl.iprimus.net.au)
[07:27:17] *** Quits: plumshark (martini_bik@moz-kfjsbq.tulsok.sbcglobal.net) (Client exited)
[07:30:53] *** Joins: squiddy (squiddy@moz-md4.pm3.19.178.IP)
[07:31:51] *** Quits: erickt (erickt@moz-njt.vqi.14.76.IP) (Ping timeout: 121 seconds)
[07:35:15] *** Joins: cakecatz (cakecatz@moz-u6p4rc.so-net.ne.jp)
[07:36:00] *** Quits: avikpal (avikpal@moz-g02.dcg.226.117.IP) (Quit: )
[07:49:54] *** Joins: gonzaloserrano (Adium@moz-1nv.3t7.97.62.IP)
[07:53:11] *** Quits: blueridanus (Mibbit@moz-cj7.1d0.20.201.IP) (Quit: http://www.mibbit.com ajax IRC Client)
[07:59:46] *** Quits: nwin (textual@moz-k7hu6r.pools.arcor-ip.net) (Quit: Textual IRC Client: www.textualapp.com)
[08:00:35] *** Joins: bjz (bjz@moz-0j4.2c9.87.203.IP)
[08:02:39] *** Joins: jakevn (jakevn@moz-0agbgk.miamfl.sbcglobal.net)
[08:03:11] *** Joins: avikpal (avikpal@moz-o6r.mde.194.117.IP)
[08:05:24] *** Quits: jaen (jaen@moz-ifmik2.copit.pl) (Quit: WeeChat 1.2)
[08:05:46] *** Joins: avikpal_ (avikpal@moz-i9h.cen.194.117.IP)
[08:06:51] *** Quits: jakevn (jakevn@moz-0agbgk.miamfl.sbcglobal.net) (Ping timeout: 121 seconds)
[08:07:35] *** Quits: avikpal (avikpal@moz-o6r.mde.194.117.IP) (Ping timeout: 121 seconds)
[08:08:47] *** Quits: bjz (bjz@moz-0j4.2c9.87.203.IP) (Quit: My Mac has gone to sleep. ZZZzzz…)
[08:10:43] *** Quits: avikpal_ (avikpal@moz-i9h.cen.194.117.IP) (Ping timeout: 121 seconds)
[08:11:02] *** Joins: avikpal (avikpal@moz-8ra.uhm.194.117.IP)
[08:12:25] *** Quits: FreeFull (freefull@moz-f8lkb1.range165-120.btcentralplus.com) (Ping timeout: 121 seconds)
[08:14:27] *** Joins: FreeFull (freefull@moz-qs0ed3.range165-120.btcentralplus.com)
[08:14:50] *** Quits: avikpal (avikpal@moz-8ra.uhm.194.117.IP) (Connection closed)
[08:16:28] *** Joins: avikpal (avikpal@moz-g02.dcg.226.117.IP)
[08:17:29] *** Joins: gonzaloserrano1 (Adium@moz-1nv.3t7.97.62.IP)
[08:18:45] *** Joins: lenstr (lenstr@moz-t9v.vju.25.171.IP)
[08:19:46] *** Quits: gonzaloserrano (Adium@moz-1nv.3t7.97.62.IP) (Ping timeout: 121 seconds)
[08:22:52] *** Quits: lenstr (lenstr@moz-t9v.vju.25.171.IP) (Ping timeout: 121 seconds)
[08:39:24] *** Quits: aotic (martini_bik@moz-kfjsbq.tulsok.sbcglobal.net) (Client exited)
[08:39:26] *** Joins: bluss (bluss@moz-ec5o68.cust.bredbandsbolaget.se)
[08:42:21] *** Joins: bjz (bjz@moz-puppgq.tpgi.com.au)
[08:54:01] *** Joins: nicknikolov (nicknikolov@moz-qg7.vka.123.2.IP)
[09:03:36] *** Joins: hhhhhhhhhh (mike@moz-969kuj.cable.virginm.net)
[09:07:18] *** Joins: avikpal_ (avikpal@moz-2el.0kg.194.117.IP)
[09:09:13] *** Joins: avikpal__ (avikpal@moz-jc5.igl.194.117.IP)
[09:10:24] *** Quits: avikpal (avikpal@moz-g02.dcg.226.117.IP) (Ping timeout: 121 seconds)
[09:11:28] *** Quits: avikpal_ (avikpal@moz-2el.0kg.194.117.IP) (Ping timeout: 121 seconds)
[09:15:53] *** Joins: erickt (erickt@moz-njt.vqi.14.76.IP)
[09:16:10] *** Joins: avikpal (avikpal@moz-g02.dcg.226.117.IP)
[09:18:10] *** Quits: avikpal__ (avikpal@moz-jc5.igl.194.117.IP) (Ping timeout: 121 seconds)
[09:20:41] *** Quits: erickt (erickt@moz-njt.vqi.14.76.IP) (Ping timeout: 121 seconds)
[09:21:05] <bvssvni_> can this be used for games? https://github.com/maidsafe/crust
[09:21:12] *** bvssvni_ is now known as bvssvni
[09:22:05] <eddyb> bvssvni: yes, after they implement UPnP
[09:38:02] *** Quits: fkaa (tundmatu@moz-501od2.business.telia.com) (Connection closed)
[09:38:28] *** Joins: fkaa (tundmatu@moz-501od2.business.telia.com)
[09:39:08] *** Quits: mindtree (Mitch@moz-09cthl.iprimus.net.au) (Ping timeout: 121 seconds)
[09:39:19] *** Joins: crisco_ (crisco@moz-erc.uq0.187.118.IP)
[09:40:10] *** Joins: mindtree (Mitch@moz-2r5e4l.iprimus.net.au)
[09:41:04] *** Quits: crisco (crisco@moz-f5a.efk.198.67.IP) (Ping timeout: 121 seconds)
[09:43:32] <bvssvni> eddyb: it says UpNP in the README
[09:43:51] *** Quits: nicknikolov (nicknikolov@moz-qg7.vka.123.2.IP) (Connection closed)
[09:44:01] <eddyb> gah
[09:44:04] <eddyb> it's spelled UPnP
[09:44:20] <eddyb> bvssvni: and it's a checkbox in the TODO list
[09:44:37] *** Quits: crisco_ (crisco@moz-erc.uq0.187.118.IP) (Ping timeout: 121 seconds)
[09:45:49] *** Joins: nicknikolov (nicknikolov@moz-qg7.vka.123.2.IP)
[09:46:54] *** Joins: crisco (crisco@moz-erc.uq0.187.118.IP)
[09:51:35] *** Joins: jakevn (jakevn@moz-0agbgk.miamfl.sbcglobal.net)
[09:55:47] *** Quits: jakevn (jakevn@moz-0agbgk.miamfl.sbcglobal.net) (Ping timeout: 121 seconds)
[09:57:36] *** Quits: sp3d (sp3d@moz-ik970v.enn1.s22b.000d.2601.IP) (Ping timeout: 121 seconds)
[10:04:27] *** Joins: Gamecubic (cubic@moz-bglmk5.mc.videotron.ca)
[10:07:38] *** Quits: dmac (dmac@moz-2ig65r.ca.comcast.net) (Connection closed)
[10:09:04] *** Joins: crisco_ (crisco@moz-9ep.2hu.34.110.IP)
[10:11:40] *** Quits: crisco (crisco@moz-erc.uq0.187.118.IP) (Ping timeout: 121 seconds)
[10:16:41] *** Joins: erickt (erickt@moz-njt.vqi.14.76.IP)
[10:21:47] *** Quits: erickt (erickt@moz-njt.vqi.14.76.IP) (Ping timeout: 121 seconds)
[10:36:05] *** Quits: indefini (indefini@moz-4p4v25.ucom.ne.jp) (Connection closed)
[10:36:18] *** Joins: SerialVelocity (SerialVeloc@moz-attia0.cable.virginm.net)
[10:36:35] *** Quits: SerialVelocity (SerialVeloc@moz-attia0.cable.virginm.net) (Quit: My Mac has gone to sleep. ZZZzzz…)
[10:41:37] *** Joins: SHC (quassel@moz-vu4.40k.99.59.IP)
[10:42:23] *** Quits: stl (stl@moz-o95.t8r.15.176.IP) (Ping timeout: 121 seconds)
[10:43:21] *** Joins: stl (stl@moz-vot.hbd.15.176.IP)
[10:45:23] *** Joins: crisco__ (crisco@moz-erc.uq0.187.118.IP)
[10:48:43] *** Quits: crisco_ (crisco@moz-9ep.2hu.34.110.IP) (Ping timeout: 121 seconds)
[10:49:29] *** Quits: gonzaloserrano1 (Adium@moz-1nv.3t7.97.62.IP) (Quit: Leaving.)
[10:51:03] *** Joins: gonzaloserrano (Adium@moz-1nv.3t7.97.62.IP)
[10:52:53] *** Quits: stl (stl@moz-vot.hbd.15.176.IP) (Ping timeout: 121 seconds)
[10:54:21] *** Quits: morton (Mibbit@moz-g6k.oht.161.46.IP) (Ping timeout: 121 seconds)
[10:59:21] *** Quits: tomaka (Pierre@moz-42vh99.abo.wanadoo.fr) (Ping timeout: 121 seconds)
[11:00:13] *** Joins: tomaka (Pierre@moz-42vh99.abo.wanadoo.fr)
[11:07:01] *** Joins: dmac_ (dmac@moz-2ig65r.ca.comcast.net)
[11:09:29] *** Joins: SerialVelocity (SerialVeloc@moz-j9mdvs.ic.ac.uk)
[11:12:30] *** Quits: dmac_ (dmac@moz-2ig65r.ca.comcast.net) (Ping timeout: 121 seconds)
[11:23:00] *** Joins: lenstr (lenstr@moz-gkn.vju.25.171.IP)
[11:27:06] *** Quits: lenstr (lenstr@moz-gkn.vju.25.171.IP) (Ping timeout: 121 seconds)
[11:27:46] *** Quits: dpc (dpc@moz-t6gr4b.ca.comcast.net) (Ping timeout: 121 seconds)
[11:29:43] *** Quits: gonzaloserrano (Adium@moz-1nv.3t7.97.62.IP) (Quit: Leaving.)
[11:29:52] *** Joins: stl (stl@moz-sa1.66b.15.176.IP)
[11:29:55] *** Quits: zyphrus (David@moz-3h0.d1d.98.101.IP) (Ping timeout: 121 seconds)
[11:32:18] *** Joins: gonzaloserrano (Adium@moz-1nv.3t7.97.62.IP)
[11:37:13] *** Quits: Johannes (Johannes@moz-4et8d7.ocn.ne.jp) (Quit: Leaving...)
[11:40:37] *** Joins: jakevn (jakevn@moz-0agbgk.miamfl.sbcglobal.net)
[11:43:39] *** Joins: filsmick (filsmick@moz-ckfrrr.abo.wanadoo.fr)
[11:44:49] *** Quits: jakevn (jakevn@moz-0agbgk.miamfl.sbcglobal.net) (Ping timeout: 121 seconds)
[11:46:38] *** Joins: harrisonclarke (harrisoncla@moz-4lq79j.eastlink.ca)
[11:49:27] *** Quits: mindtree (Mitch@moz-2r5e4l.iprimus.net.au) (Ping timeout: 121 seconds)
[11:50:02] *** Joins: mindtree (Mitch@moz-glrf6a.iprimus.net.au)
[11:54:41] *** Quits: SerialVelocity (SerialVeloc@moz-j9mdvs.ic.ac.uk) (Connection closed)
[11:56:01] *** Quits: harrisonclarke (harrisoncla@moz-4lq79j.eastlink.ca) (Connection closed)
[11:56:22] *** Joins: harrisonclarke (harrisoncla@moz-4lq79j.eastlink.ca)
[11:57:48] *** Quits: niconii (nicole@moz-r8dlmh.frgo.qwest.net) (Quit: leaving)
[12:00:36] *** Quits: harrisonclarke (harrisoncla@moz-4lq79j.eastlink.ca) (Ping timeout: 121 seconds)
[12:02:47] *** Joins: erickt (erickt@moz-njt.vqi.14.76.IP)
[12:03:01] <Amaranth> bvssvni: That library does too much in one :/
[12:04:11] <Amaranth> NAT traversal is nice but it also does node discovery and apparently has its own reliable UDP protocol
[12:04:29] <bvssvni> that sounds nice
[12:05:04] *** Joins: crisco_ (crisco@moz-f5a.efk.198.67.IP)
[12:05:22] *** Quits: crisco__ (crisco@moz-erc.uq0.187.118.IP) (Ping timeout: 121 seconds)
[12:05:25] <bvssvni> for game development, I would think a tiny abstraction with back-ends would be nice
[12:06:23] <bvssvni> you need some way to discover players and create communication between them
[12:06:40] <Amaranth> It's node discovery is for local networks, probably some form of broadcast messages
[12:07:34] *** Quits: erickt (erickt@moz-njt.vqi.14.76.IP) (Ping timeout: 121 seconds)
[12:07:44] *** Joins: dmac_ (dmac@moz-2ig65r.ca.comcast.net)
[12:11:50] *** Quits: dmac_ (dmac@moz-2ig65r.ca.comcast.net) (Ping timeout: 121 seconds)
[12:15:05] *** Joins: Guest_ (textual@moz-lmfinb.fios.verizon.net)
[12:17:26] *** Joins: O01eg (o01eg@moz-kdi.38l.112.37.IP)
[12:22:09] *** Joins: ytain (ytain@moz-o0gerq.dsl.teksavvy.com)
[12:22:30] *** Joins: harrisonclarke (harrisoncla@moz-th044a.ns.bellaliant.net)
[12:22:55] *** Quits: p1start (p1start@moz-nftjhe.org) (Ping timeout: 121 seconds)
[12:23:34] *** Quits: m104ru (m104ru@moz-j4k.8g6.153.93.IP) (Ping timeout: 121 seconds)
[12:23:58] *** Joins: ytain_ (ytain@moz-o0gerq.dsl.teksavvy.com)
[12:24:27] *** Joins: Tobba (Tobba@moz-o13d22.bredband.telia.com)
[12:24:43] *** Quits: ytain (ytain@moz-o0gerq.dsl.teksavvy.com) (Connection closed)
[12:35:01] *** Joins: p1start (p1start@moz-nftjhe.org)
[12:39:05] *** Quits: p1start (p1start@moz-nftjhe.org) (Ping timeout: 121 seconds)
[12:39:32] *** Joins: lenstr (lenstr@moz-gkn.vju.25.171.IP)
[12:40:24] *** Joins: SerialVelocity (SerialVeloc@moz-j9mdvs.ic.ac.uk)
[12:43:33] *** Quits: cakecatz (cakecatz@moz-u6p4rc.so-net.ne.jp) (Quit: My Mac has gone to sleep. ZZZzzz…)
[12:43:40] *** Quits: lenstr (lenstr@moz-gkn.vju.25.171.IP) (Ping timeout: 121 seconds)
[12:44:27] *** Quits: SerialVelocity (SerialVeloc@moz-j9mdvs.ic.ac.uk) (Ping timeout: 121 seconds)
[12:45:44] *** Quits: filsmick (filsmick@moz-ckfrrr.abo.wanadoo.fr) (Quit: )
[12:59:38] *** Joins: AngelOfSol (AngelOfSol@moz-9l0nls.fios.verizon.net)
[13:01:50] *** Quits: flowsnake (flowsnake@moz-imbr2b.cable.virginm.net) (Ping timeout: 121 seconds)
[13:02:49] *** Joins: flowsnake (flowsnake@moz-imbr2b.cable.virginm.net)
[13:04:56] *** Joins: sundjango (sundjango@moz-k67.9bv.179.78.IP)
[13:05:38] *** Joins: hhhhhhhh1 (mike@moz-969kuj.cable.virginm.net)
[13:07:04] *** Quits: guycook (quassel@moz-d61472.snap.net.nz) (Ping timeout: 121 seconds)
[13:08:28] *** Joins: dmac_ (dmac@moz-2ig65r.ca.comcast.net)
[13:10:56] *** Quits: phil (phil@moz-dn3.n44.243.162.IP) (Quit: ZNC - http://znc.in)
[13:11:31] *** Joins: phil (phil@moz-dn3.n44.243.162.IP)
[13:11:32] *** Joins: erickt (erickt@moz-njt.vqi.14.76.IP)
[13:12:34] *** Quits: dmac_ (dmac@moz-2ig65r.ca.comcast.net) (Ping timeout: 121 seconds)
[13:17:07] *** Quits: avikpal (avikpal@moz-g02.dcg.226.117.IP) (Connection closed)
[13:25:11] *** Joins: joel4 (joel@moz-6ampnk.gtri.gatech.edu)
[13:29:40] *** Joins: lenstr (lenstr@moz-gkn.vju.25.171.IP)
[13:30:12] *** Joins: avikpal (avikpal@moz-g02.dcg.226.117.IP)
[13:30:40] *** Quits: avikpal (avikpal@moz-g02.dcg.226.117.IP) (Connection closed)
[13:36:36] *** Joins: avikpal (avikpal@moz-g02.dcg.226.117.IP)
[13:40:07] *** Joins: w4ffles (textual@moz-34v1r4.res.rr.com)
[13:42:52] *** Quits: avikpal (avikpal@moz-g02.dcg.226.117.IP) (Connection closed)
[13:43:28] *** Joins: RC9 (RCIX@moz-hsp.dfa.8.198.IP)
[13:44:18] *** Joins: Px (sailfish@moz-jg0.7ak.200.84.IP)
[13:49:26] *** Quits: Guest_ (textual@moz-lmfinb.fios.verizon.net) (Quit: My MacBook Pro has gone to sleep. ZZZzzz…)
[13:51:26] *** Joins: obi_wan (Mibbit@moz-kee6a7.biz.rr.com)
[13:54:00] *** Quits: obi_wan (Mibbit@moz-kee6a7.biz.rr.com) (Quit: http://www.mibbit.com ajax IRC Client)
[13:58:08] *** Joins: avikpal (avikpal@moz-g02.dcg.226.117.IP)
[14:05:27] *** Quits: erickt (erickt@moz-njt.vqi.14.76.IP) (Ping timeout: 121 seconds)
[14:06:31] <tomaka> I just published glium 0.5.3 with support for compute shaders, SSBOs, and fixed compilation for the nightlies
[14:07:06] <tomaka> (though SSBOs are very limited because you can't use arrays of structs)
[14:07:18] <tomaka> (I didn't intend to publish 0.5.3 if it wasn't for that compilation issue)
[14:07:36] <tomaka> arrays or* structs
[14:07:44] <tomaka> neither arrays nor structs
[14:08:44] *** Joins: cakecatz (cakecatz@moz-rakufn.sannet.ne.jp)
[14:09:13] *** Joins: dmac_ (dmac@moz-2ig65r.ca.comcast.net)
[14:13:06] *** Quits: saml (saml@moz-0pt9vd.cst.lightpath.net) (Connection closed)
[14:13:18] *** Quits: lenstr (lenstr@moz-gkn.vju.25.171.IP) (A TLS packet with unexpected length was received.)
[14:13:19] *** Quits: dmac_ (dmac@moz-2ig65r.ca.comcast.net) (Ping timeout: 121 seconds)
[14:13:57] *** Joins: erickt (erickt@moz-njt.vqi.14.76.IP)
[14:15:36] *** Joins: saml (saml@moz-0pt9vd.cst.lightpath.net)
[14:17:38] *** Quits: squiddy (squiddy@moz-md4.pm3.19.178.IP) (Quit: Leaving)
[14:18:45] *** Joins: Guest_ (textual@moz-lmfinb.fios.verizon.net)
[14:21:05] *** Quits: erickt (erickt@moz-njt.vqi.14.76.IP) (Ping timeout: 121 seconds)
[14:23:35] *** Quits: w4ffles (textual@moz-34v1r4.res.rr.com) (Connection closed)
[14:40:36] *** Quits: summerlight (summerlight@moz-99k.2mj.130.121.IP) (Ping timeout: 121 seconds)
[14:44:41] *** Quits: Guest_ (textual@moz-lmfinb.fios.verizon.net) (Quit: My MacBook Pro has gone to sleep. ZZZzzz…)
[15:03:04] *** Joins: SiegeLord (sl@moz-9jtaei.ca.comcast.net)
[15:10:01] *** Joins: dmac_ (dmac@moz-2ig65r.ca.comcast.net)
[15:14:06] *** Quits: dmac_ (dmac@moz-2ig65r.ca.comcast.net) (Ping timeout: 121 seconds)
[15:17:10] *** Joins: lenstr (lenstr@moz-gkn.vju.25.171.IP)
[15:18:51] *** Quits: hhhhhhhhhh (mike@moz-969kuj.cable.virginm.net) (Quit: WeeChat 1.2)
[15:18:57] *** Quits: hhhhhhhh1 (mike@moz-969kuj.cable.virginm.net) (Quit: WeeChat 1.2)
[15:20:50] *** Joins: jakevn (jakevn@moz-0agbgk.miamfl.sbcglobal.net)
[15:21:09] *** Joins: Guest_ (textual@moz-il1.n6s.204.65.IP)
[15:24:57] *** Quits: jakevn (jakevn@moz-0agbgk.miamfl.sbcglobal.net) (Ping timeout: 121 seconds)
[15:28:54] *** Quits: SHC (quassel@moz-vu4.40k.99.59.IP) (Ping timeout: 121 seconds)
[15:29:12] *** Joins: SHC (quassel@moz-o6v.348.3.61.IP)
[15:32:13] *** Quits: demilux (demilux@moz-73qa6c.wa.comcast.net) (A TLS packet with unexpected length was received.)
[15:33:35] *** Quits: harrisonclarke (harrisoncla@moz-th044a.ns.bellaliant.net) (Connection closed)
[15:35:19] *** bvssvni is now known as bvssvni_
[15:39:45] *** Quits: SiegeLord (sl@moz-9jtaei.ca.comcast.net) (Quit: It's a joke, it's all a joke.)
[15:42:28] *** Joins: meh (meh@moz-iocqc7.42-151.net24.it)
[15:49:11] *** Joins: SerialVelocity (SerialVeloc@moz-attia0.cable.virginm.net)
[15:49:20] *** Joins: erickt (erickt@moz-4hh.6p3.217.74.IP)
[15:50:23] *** Joins: Rym (uid91135@moz-n2i7qm.charlton.irccloud.com)
[15:53:33] *** Joins: hhhhhhhhhh (mike@moz-969kuj.cable.virginm.net)
[16:02:54] *** Joins: Px_ (sailfish@moz-qv7.k4a.16.195.IP)
[16:05:28] *** Quits: Px (sailfish@moz-jg0.7ak.200.84.IP) (Ping timeout: 121 seconds)
[16:23:45] *** Joins: demilux (demilux@moz-fk1.kt4.14.64.IP)
[16:25:06] *** Quits: SerialVelocity (SerialVeloc@moz-attia0.cable.virginm.net) (Quit: My Mac has gone to sleep. ZZZzzz…)
[16:27:09] *** Quits: sundjango (sundjango@moz-k67.9bv.179.78.IP) (Ping timeout: 121 seconds)
[16:30:05] *** Joins: Binero (Binero@moz-91joat.69vi.s4ge.1810.2a02.IP)
[16:30:19] <Binero> Is ncollide not building for anyone else here? 
[16:32:04] *** Joins: Astrum|Lap (Astrum|Lap@moz-7enfbr.co.comcast.net)
[16:37:27] *** Quits: Px_ (sailfish@moz-qv7.k4a.16.195.IP) (Ping timeout: 121 seconds)
[16:37:57] *** Joins: Px_ (sailfish@moz-ue5.70f.16.195.IP)
[16:38:19] *** Quits: Guest_ (textual@moz-il1.n6s.204.65.IP) (Quit: My MacBook Pro has gone to sleep. ZZZzzz…)
[16:40:52] *** Joins: sundjango (sundjango@moz-8a2.c77.179.78.IP)
[16:43:06] *** Quits: lenstr (lenstr@moz-gkn.vju.25.171.IP) (A TLS packet with unexpected length was received.)
[16:44:26] *** Quits: Px_ (sailfish@moz-ue5.70f.16.195.IP) (Ping timeout: 121 seconds)
[16:47:02] *** Joins: Px_ (sailfish@moz-ue5.70f.16.195.IP)
[16:47:12] *** Quits: tomaka (Pierre@moz-42vh99.abo.wanadoo.fr) (Quit: Leaving)
[16:50:35] *** Joins: tomaka (Pierre@moz-42vh99.abo.wanadoo.fr)
[16:51:04] *** Quits: Px_ (sailfish@moz-ue5.70f.16.195.IP) (Ping timeout: 121 seconds)
[16:51:16] *** Joins: lenstr (lenstr@moz-gkn.vju.25.171.IP)
[16:52:34] *** Quits: sundjango (sundjango@moz-8a2.c77.179.78.IP) (Connection closed)
[16:53:09] *** Joins: Sindriava (textual@moz-h86ut8.broadband6.iol.cz)
[16:59:03] *** Quits: Sindriava (textual@moz-h86ut8.broadband6.iol.cz) (Quit: My Mac has gone to sleep. ZZZzzz…)
[17:04:07] *** Joins: Guest_ (textual@moz-il1.n6s.204.65.IP)
[17:06:30] *** Quits: FreeFull (freefull@moz-qs0ed3.range165-120.btcentralplus.com) (Quit: Lost terminal)
[17:08:24] *** Joins: FreeFull (freefull@moz-qs0ed3.range165-120.btcentralplus.com)
[17:14:27] *** Quits: SHC (quassel@moz-o6v.348.3.61.IP) (A TLS packet with unexpected length was received.)
[17:20:19] *** Joins: Sindriava (textual@moz-h86ut8.broadband6.iol.cz)
[17:22:41] *** Joins: pcwalton (pcwalton@moz-nh2.o1i.216.216.IP)
[17:26:24] *** Quits: hhhhhhhhhh (mike@moz-969kuj.cable.virginm.net) (Quit: WeeChat 1.2)
[17:26:27] *** Quits: Sindriava (textual@moz-h86ut8.broadband6.iol.cz) (Quit: My Mac has gone to sleep. ZZZzzz…)
[17:30:04] *** Joins: Px_ (sailfish@moz-9ja.k4a.16.195.IP)
[17:30:38] *** Joins: dmac_ (dmac@moz-4kcd1c.ca.comcast.net)
[17:30:50] *** Quits: silven (quassel@moz-0roor3.priv.bahnhof.se) (Ping timeout: 121 seconds)
[17:30:53] *** Joins: silven (quassel@moz-0roor3.priv.bahnhof.se)
[17:32:20] *** Quits: avikpal (avikpal@moz-g02.dcg.226.117.IP) (Connection closed)
[17:35:00] *** Joins: demilux_ (demilux@moz-fk1.kt4.14.64.IP)
[17:35:10] *** Quits: demilux (demilux@moz-fk1.kt4.14.64.IP) (Connection closed)
[17:36:06] *** Quits: Px_ (sailfish@moz-9ja.k4a.16.195.IP) (Ping timeout: 121 seconds)
[17:36:14] *** Joins: Px_ (sailfish@moz-a20.jvq.149.83.IP)
[17:36:56] *** Quits: pcwalton (pcwalton@moz-nh2.o1i.216.216.IP) (Client exited)
[17:40:16] *** Quits: Px_ (sailfish@moz-a20.jvq.149.83.IP) (Ping timeout: 121 seconds)
[17:40:35] *** Joins: Px_ (sailfish@moz-6u7.dee.149.83.IP)
[17:41:27] *** Joins: w4ffles (textual@moz-g7g.toe.144.12.IP)
[17:41:46] *** Joins: Sindriava (textual@moz-hegob1.wendulka.net)
[17:46:04] *** Quits: mindtree (Mitch@moz-glrf6a.iprimus.net.au) (Ping timeout: 121 seconds)
[17:46:59] *** Joins: mindtree (Mitch@moz-fa2fl6.iprimus.net.au)
[17:48:30] *** Quits: fkaa (tundmatu@moz-501od2.business.telia.com) (RecvQ exceeded)
[17:48:52] *** Joins: fkaa (tundmatu@moz-501od2.business.telia.com)
[17:56:14] *** Quits: Px_ (sailfish@moz-6u7.dee.149.83.IP) (Ping timeout: 121 seconds)
[17:57:28] *** Joins: Px_ (sailfish@moz-tba.k4a.16.195.IP)
[17:59:28] *** Quits: w4ffles (textual@moz-g7g.toe.144.12.IP) (Quit: My Mac has gone to sleep. ZZZzzz…)
[18:00:53] *** Joins: w4ffles (textual@moz-g7g.toe.144.12.IP)
[18:04:58] *** Quits: w4ffles (textual@moz-g7g.toe.144.12.IP) (Quit: My Mac has gone to sleep. ZZZzzz…)
[18:08:36] *** Quits: cakecatz (cakecatz@moz-rakufn.sannet.ne.jp) (Quit: My Mac has gone to sleep. ZZZzzz…)
[18:08:37] *** Quits: gonzaloserrano (Adium@moz-1nv.3t7.97.62.IP) (Ping timeout: 121 seconds)
[18:11:41] *** Quits: Px_ (sailfish@moz-tba.k4a.16.195.IP) (Connection closed)
[18:17:55] *** Quits: bdero (bran@moz-0e2lk5.sns9.e6pb.0197.2601.IP) (Quit: Leaving.)
[18:18:00] *** Joins: hhhhhhhhhh (mike@moz-969kuj.cable.virginm.net)
[18:20:15] *** Joins: pcwalton (pcwalton@moz-l8ebtf.sfo1.mozilla.com)
[18:22:57] *** Joins: brson (brson@moz-u3dg2t.sfo1.mozilla.com)
[18:26:48] *** Quits: mindtree (Mitch@moz-fa2fl6.iprimus.net.au) (Ping timeout: 121 seconds)
[18:31:42] *** Quits: lenstr (lenstr@moz-gkn.vju.25.171.IP) (A TLS packet with unexpected length was received.)
[18:35:42] *** Joins: thelink2012 (thelink2012@moz-l65.b55.115.189.IP)
[18:37:12] *** Joins: FrozenCow (FrozenCow@moz-i2tvv4.chello.nl)
[18:41:42] *** Joins: harrisonclarke (harrisoncla@moz-gcv.dcv.30.96.IP)
[18:46:12] *** Quits: erickt (erickt@moz-4hh.6p3.217.74.IP) (Ping timeout: 121 seconds)
[18:48:04] *** Quits: brson (brson@moz-u3dg2t.sfo1.mozilla.com) (Connection closed)
[18:52:24] *** Quits: Sindriava (textual@moz-hegob1.wendulka.net) (Quit: My Mac has gone to sleep. ZZZzzz…)
[18:55:15] *** Joins: Px_ (sailfish@moz-jea.dee.149.83.IP)
[18:59:11] *** Quits: pcwalton (pcwalton@moz-l8ebtf.sfo1.mozilla.com) (Client exited)
[18:59:27] *** Joins: erickt (erickt@moz-0vd.dgr.221.67.IP)
[19:03:40] *** Quits: erickt (erickt@moz-0vd.dgr.221.67.IP) (Ping timeout: 121 seconds)
[19:08:39] *** Quits: harrisonclarke (harrisoncla@moz-gcv.dcv.30.96.IP) (Connection closed)
[19:10:29] *** Joins: niconii (nicole@moz-r8dlmh.frgo.qwest.net)
[19:10:39] *** Quits: Kroisse (Kroisse@moz-t75tk5.krois.se) (Quit: Good bye :))
[19:11:29] *** Quits: Px_ (sailfish@moz-jea.dee.149.83.IP) (Ping timeout: 121 seconds)
[19:13:06] *** Joins: harrisonclarke (harrisoncla@moz-kqomg8.eastlink.ca)
[19:14:09] *** Joins: Px_ (sailfish@moz-oik.jvq.149.83.IP)
[19:14:48] *** Quits: Px_ (sailfish@moz-oik.jvq.149.83.IP) (Quit: IRC for Sailfish 0.9)
[19:29:19] *** Joins: lenstr (lenstr@moz-gkn.vju.25.171.IP)
[19:30:10] *** Joins: Kroisse (Kroisse@moz-t75tk5.krois.se)
[19:31:56] *** Quits: untitaker_ (untitaker@moz-ibc87j.highway.telekom.at) (Ping timeout: 121 seconds)
[19:34:16] <Binero> Does ncollide provide an easy way to get a ncollide::shape to a primitive matrix for use with piston? 
[19:34:55] *** Joins: untitaker (untitaker@moz-qarldn.highway.telekom.at)
[19:37:13] *** Quits: Guest_ (textual@moz-il1.n6s.204.65.IP) (Quit: My MacBook Pro has gone to sleep. ZZZzzz…)
[19:37:38] *** Quits: nicknikolov (nicknikolov@moz-qg7.vka.123.2.IP) (Quit: Leaving...)
[19:40:53] *** Joins: Guest_ (textual@moz-il1.n6s.204.65.IP)
[19:45:23] *** Joins: SerialVelocity (SerialVeloc@moz-attia0.cable.virginm.net)
[19:58:51] *** Joins: pcwalton (pcwalton@moz-l8ebtf.sfo1.mozilla.com)
[20:01:01] *** Joins: zyphrus (David@moz-3h0.d1d.98.101.IP)
[20:04:22] *** Quits: wipeD (wipeD@moz-cfpn05.dip0.t-ipconnect.de) (Connection closed)
[20:04:47] *** Quits: Binero (Binero@moz-91joat.69vi.s4ge.1810.2a02.IP) (Quit: Leaving)
[20:04:48] *** Quits: zeph (zeph@moz-jn4cjt.3nlo.p53a.ffda.2602.IP) (Ping timeout: 121 seconds)
[20:06:46] *** Joins: zeph (zeph@moz-jn4cjt.3nlo.p53a.ffda.2602.IP)
[20:10:58] *** Joins: gonzaloserrano (Adium@moz-o3m.qiv.231.77.IP)
[20:11:24] *** Quits: gonzaloserrano (Adium@moz-o3m.qiv.231.77.IP) (Connection closed)
[20:11:25] *** Joins: gonzaloserrano1 (Adium@moz-o3m.qiv.231.77.IP)
[20:14:16] *** Quits: Guest_ (textual@moz-il1.n6s.204.65.IP) (Quit: My MacBook Pro has gone to sleep. ZZZzzz…)
[20:14:39] *** Joins: Guest_ (textual@moz-il1.n6s.204.65.IP)
[20:15:57] *** Joins: filsmick (filsmick@moz-ckfrrr.abo.wanadoo.fr)
[20:15:58] *** Quits: filsmick (filsmick@moz-ckfrrr.abo.wanadoo.fr) (Quit: )
[20:21:21] *** Quits: harrisonclarke (harrisoncla@moz-kqomg8.eastlink.ca) (Connection closed)
[20:23:10] *** Quits: joel4 (joel@moz-6ampnk.gtri.gatech.edu) (Ping timeout: 121 seconds)
[20:26:31] *** Joins: harrisonclarke (harrisoncla@moz-kqomg8.eastlink.ca)
[20:26:36] <Dabo> If I have a rectangle-north.png file that I will want to rotate to create east/west/south images as well and eventually use those to draw a rectangle, when is the best time to do the rotation?
[20:27:10] <Dabo> Should I store rectangle-north,south,east,west.png files, or rotate them and store north/south/east/west textures in a cache, or should I just rotate them on each draw?
[20:27:33] <Dabo> I also have north-east which will be rotated for north-west,south-east,south-west
[20:27:37] <cmr> Dabo: I'd just rotate on each draw.
[20:27:59] <cmr> that ends up being like one matrix mult per vert (to change the tex coords)
[20:29:03] *** Joins: blue_deref (blue_deref@moz-u9gmm1.res.rr.com)
[20:29:10] <Dabo> cmr, Ok, I'll do that then, thanks! 
[20:29:25] <Dabo> I guess it'll end up with 6 operations anyways, not that much
[20:29:49] *** Joins: brson (brson@moz-u3dg2t.sfo1.mozilla.com)
[20:38:52] *** Quits: Astrum|Lap (Astrum|Lap@moz-7enfbr.co.comcast.net) (Client exited)
[20:42:37] *** Quits: crisco_ (crisco@moz-f5a.efk.198.67.IP) (Ping timeout: 121 seconds)
[20:44:41] *** Quits: gonzaloserrano1 (Adium@moz-o3m.qiv.231.77.IP) (Quit: Leaving.)
[20:58:29] *** Quits: Jackneill (Jackneill@moz-uv1bbf.pool.digikabel.hu) (Connection closed)
[21:05:46] *** Quits: lenstr (lenstr@moz-gkn.vju.25.171.IP) (Quit: Leaving...)
[21:11:38] *** Quits: FrozenCow (FrozenCow@moz-i2tvv4.chello.nl) (Connection closed)
[21:12:28] *** Joins: guycook (quassel@moz-5ia05k.snap.net.nz)
[21:14:01] *** Quits: erz (erz@moz-fiq1tl.broadband.corbina.ru) (Quit: My Mac has gone to sleep. ZZZzzz…)
[21:21:12] *** Quits: harrisonclarke (harrisoncla@moz-kqomg8.eastlink.ca) (Connection closed)
[21:22:48] *** Joins: bss (brian@moz-d61.k83.181.71.IP)
[21:23:10] <JustAPerson> BackendCreationError(OsError("wglMakeCurrent function failed: The operation completed successfully.\r\n (os error 0)"))
[21:23:12] <JustAPerson> trying to use glium
[21:23:21] <JustAPerson> but the operation completed successfully ;_;
[21:23:53] <JustAPerson> tomaka: are there any dependencies I need to install to run glium on windows?
[21:25:27] *** Joins: Jesin (Jesin@moz-t88s6v.cc.lehigh.edu)
[21:26:03] *** Quits: SneakySnake (nya@moz-i9is4u.pool.telekom.hu) (Connection closed)
[21:26:22] <Dabo> xD
[21:26:31] <Dabo> that is just kind of hilarious, sorry
[21:26:39] <WindowsBunny> JustAPerson: no?
[21:26:42] <Dabo> "failed: the operation completed successfully. os error 0"
[21:26:48] <WindowsBunny> JustAPerson: Well, install GPU drivers, definitely
[21:27:10] <WindowsBunny> JustAPerson: But otherwise glutin and glium shouldn't depend on anything special
[21:27:24] *** Quits: silven (quassel@moz-0roor3.priv.bahnhof.se) (Ping timeout: 121 seconds)
[21:27:29] <JustAPerson> WindowsBunny: I'm trying to follow the glium tutorial. I'm testing the point of just building a window
[21:27:32] <JustAPerson> and I get that error
[21:27:49] *** Joins: silven (quassel@moz-0roor3.priv.bahnhof.se)
[21:27:49] <JustAPerson> when trying to unwrap WindowBuilder::new().build_glium().unwrap()
[21:28:10] <WindowsBunny> JustAPerson: Are you using Windows natively, not in a VM
[21:28:16] <JustAPerson> WindowsBunny: yes
[21:28:24] <WindowsBunny> and do you have GPU drivers installed so that you have actual opengl, and not the software gl 1.1 stuff
[21:28:37] <WindowsBunny> If that's all fine, then fuck if I know
[21:28:41] <WindowsBunny> you'll just have to wait for tomaka
[21:28:54] <JustAPerson> yes I have modern-ish nvidia drivers and tons of other games and applications work fine
[21:29:22] <WindowsBunny> JustAPerson: does minecraft work fine?
[21:29:29] <JustAPerson> I was going to try developing in a linux vm because I thought it'd be easier, but virtualbox only provides opengl 2.1 mesa drivers
[21:29:32] <JustAPerson> WindowsBunny: 100% fine
[21:30:13] *** Joins: Astrum|Lap (Astrum|Lap@moz-7enfbr.co.comcast.net)
[21:30:39] *** Joins: erickt (erickt@moz-4hh.6p3.217.74.IP)
[21:40:34] *** Joins: hasket (textual@moz-d9t.di5.156.104.IP)
[21:41:12] *** Quits: zyphrus (David@moz-3h0.d1d.98.101.IP) (Ping timeout: 121 seconds)
[21:41:44] *** Joins: jakevn (jakevn@moz-0agbgk.miamfl.sbcglobal.net)
[21:49:55] <JustAPerson> so I found the line in glutin where the error originates
[21:50:15] <JustAPerson> but I have zero idea about opengl's context creation stuff, so idk why it's failing here
[22:02:57] *** Joins: summerlight (summerlight@moz-99k.2mj.130.121.IP)
[22:07:31] *** Quits: Jesin (Jesin@moz-t88s6v.cc.lehigh.edu) (Ping timeout: 121 seconds)
[22:08:38] <JustAPerson> I guess I'll try updating graphics drivers and hope that fixes things ;_;
[22:09:45] <WindowsBunny> JustAPerson: Or you could just hang around until tomaka shows up :D
[22:10:09] <JustAPerson> WindowsBunny: will do, but I'll try to get it working in the mean time :)
[22:10:46] *** Quits: zeph (zeph@moz-jn4cjt.3nlo.p53a.ffda.2602.IP) (Ping timeout: 121 seconds)
[22:13:00] *** Joins: zeph (zeph@moz-jn4cjt.3nlo.p53a.ffda.2602.IP)
[22:15:28] *** Quits: jakevn (jakevn@moz-0agbgk.miamfl.sbcglobal.net) (Ping timeout: 121 seconds)
[22:16:19] *** Joins: zacstewart (zacstewart@moz-dt6.k3d.191.67.IP)
[22:18:39] *** Joins: Jesin (Jesin@moz-4jre1i.eecs.lehigh.edu)
[22:28:56] *** Quits: fkaa (tundmatu@moz-501od2.business.telia.com) (Ping timeout: 121 seconds)
[22:35:09] *** Quits: summerlight (summerlight@moz-99k.2mj.130.121.IP) (Ping timeout: 121 seconds)
[22:36:29] *** Joins: harrisonclarke (harrisoncla@moz-uur7pt.eastlink.ca)
[22:41:05] *** Quits: bjz (bjz@moz-puppgq.tpgi.com.au) (Quit: My Mac has gone to sleep. ZZZzzz…)
[22:42:14] *** Joins: jakevn (jakevn@moz-0agbgk.miamfl.sbcglobal.net)
[22:45:26] *** Quits: Guest_ (textual@moz-il1.n6s.204.65.IP) (Quit: My MacBook Pro has gone to sleep. ZZZzzz…)
[22:48:55] *** Joins: crisco (crisco@moz-erc.uq0.187.118.IP)
[22:49:24] *** Quits: zeph (zeph@moz-jn4cjt.3nlo.p53a.ffda.2602.IP) (Ping timeout: 121 seconds)
[22:55:52] <JustAPerson> WindowsBunny: updating drivers fixed it :)
[22:57:04] *** Joins: zeph (zeph@moz-jn4cjt.3nlo.p53a.ffda.2602.IP)
[23:05:33] *** Joins: b9 (Mibbit@moz-d61.k83.181.71.IP)
[23:10:04] *** Quits: blue_deref (blue_deref@moz-u9gmm1.res.rr.com) (Quit: bbn)
[23:12:45] *** Quits: jakevn (jakevn@moz-0agbgk.miamfl.sbcglobal.net) (Ping timeout: 121 seconds)
[23:15:25] *** Joins: orangeshark (erik@moz-7l817e.44tj.56ot.0306.2602.IP)
[23:19:13] <WindowsBunny> JustAPerson: yay
[23:21:16] <JustAPerson> WindowsBunny: do you have experience with glium specifically?
[23:21:25] <WindowsBunny> JustAPerson: lolno
[23:21:33] <JustAPerson> ah, all right
[23:21:49] <WindowsBunny> I just happen to know opengl and windows
[23:21:57] <WindowsBunny> so I can sometimes help with that combination
[23:22:05] <JustAPerson> not sure why but my process continues running after closing the window
[23:22:11] <JustAPerson> WindowsBunny: I appreciate it :)
[23:23:13] *** Quits: brandonson (brandonson@moz-04bj5s.cs.ubc.ca) (Ping timeout: 121 seconds)
[23:25:43] *** Quits: hhhhhhhhhh (mike@moz-969kuj.cable.virginm.net) (Quit: WeeChat 1.2)
[23:31:24] <b9> is there any example code that shows how to handle mouse/kb events from a piston + glutin app?
[23:31:53] <b9> or maybe some pointer on how I could handle mouse event from the loop in the piston sample code?
[23:35:28] *** Joins: Wild_Cat (Max@moz-1idsr5.dsl.teksavvy.com)
[23:39:06] *** Joins: brandonson (brandonson@moz-04bj5s.cs.ubc.ca)
[23:41:51] *** Joins: blue_deref (blue_deref@moz-u9gmm1.res.rr.com)
[23:53:23] *** Joins: crisco_ (crisco@moz-erc.uq0.187.118.IP)
[23:55:12] *** Joins: Layl (Layl@moz-65hqmf.direct-adsl.nl)
[23:55:31] <Layl> so, what's the best way within piston to make your games compile across different backends?
[23:56:20] *** Quits: crisco (crisco@moz-erc.uq0.187.118.IP) (Ping timeout: 121 seconds)
