[02:16:58] *** Quits: scott (uid25790@moz-e5ok1n.brockwell.irccloud.com) (Quit: Connection closed for inactivity)
[04:06:36] *** Quits: Tobba (Tobba@moz-o13d22.bredband.telia.com) (Ping timeout: 121 seconds)
[04:52:54] *** Joins: Tobba (Tobba@moz-o13d22.bredband.telia.com)
[20:11:20] *** Joins: Tuba (Tobba@moz-o13d22.bredband.telia.com)
[20:12:00] *** Quits: Tobba (Tobba@moz-o13d22.bredband.telia.com) (Ping timeout: 121 seconds)
[20:12:23] *** Tuba is now known as Tobba
[21:17:49] *** Quits: JustAPerson (JustAPerson@moz-un628q.moe) (*.net *.split)
[21:17:50] *** Quits: WindowsBunny (Peter@moz-vlal7g.east.verizon.net) (*.net *.split)
[21:17:50] *** Quits: jroesch (sid26078@moz-o13a59.charlton.irccloud.com) (*.net *.split)
[21:17:50] *** Quits: huon (huon@moz-hj272o.8rnv.rggd.6180.2400.IP) (*.net *.split)
[21:17:50] *** Quits: spastorino (sid27384@moz-i6sgse.brockwell.irccloud.com) (*.net *.split)
[21:17:50] *** Quits: frewsxcv (sid86219@moz-dneii9.brockwell.irccloud.com) (*.net *.split)
[21:17:50] *** Quits: aturon (sid379@moz-hhfc8n.0j4i.jtu0.0101.2620.IP) (*.net *.split)
[21:17:50] *** Quits: nrc (sid365@moz-3taf2s.0j4i.jtu0.0101.2620.IP) (*.net *.split)
[21:17:50] *** Quits: nmatsakis (sid381@moz-32a8b5.0j4i.jtu0.0101.2620.IP) (*.net *.split)
[21:17:50] *** Quits: pnkfelix (sid344@moz-nnnecs.0j4i.jtu0.0101.2620.IP) (*.net *.split)
[21:17:50] *** Quits: seancorfield (sid45586@moz-lphn72.highgate.irccloud.com) (*.net *.split)
[21:17:50] *** Quits: sfackler (sfackler@moz-ko8uu1.com) (*.net *.split)
[21:17:50] *** Quits: acrichto (acrichto@moz-u3dg2t.sfo1.mozilla.com) (*.net *.split)
[21:17:51] *** Quits: bpugh (bpugh@moz-715e47.ca.comcast.net) (*.net *.split)
[21:17:51] *** Quits: blank_name (blank_name@moz-p4egrb.mi.frontiernet.net) (*.net *.split)
[21:17:51] *** Quits: c74d (c74d3a4ebb6@moz-0ersgu.oc.cox.net) (*.net *.split)
[21:17:51] *** Quits: Luqman (laden@moz-qhp202.csclub.uwaterloo.ca) (*.net *.split)
[21:17:54] *** Joins: acrichto (acrichto@moz-u3dg2t.sfo1.mozilla.com)
[21:17:54] *** Joins: sfackler (sfackler@moz-ko8uu1.com)
[21:17:54] *** Joins: bpugh (bpugh@moz-715e47.ca.comcast.net)
[21:17:54] *** Joins: JustAPerson (JustAPerson@moz-un628q.moe)
[21:17:54] *** Joins: huon (huon@moz-hj272o.8rnv.rggd.6180.2400.IP)
[21:17:54] *** Joins: pnkfelix (sid344@moz-nnnecs.0j4i.jtu0.0101.2620.IP)
[21:17:54] *** Joins: frewsxcv (sid86219@moz-dneii9.brockwell.irccloud.com)
[21:17:54] *** Joins: seancorfield (sid45586@moz-lphn72.highgate.irccloud.com)
[21:17:54] *** Joins: spastorino (sid27384@moz-i6sgse.brockwell.irccloud.com)
[21:17:54] *** Joins: jroesch (sid26078@moz-o13a59.charlton.irccloud.com)
[21:17:54] *** Joins: Luqman (laden@moz-qhp202.csclub.uwaterloo.ca)
[21:17:54] *** Joins: nmatsakis (sid381@moz-32a8b5.0j4i.jtu0.0101.2620.IP)
[21:17:54] *** Joins: aturon (sid379@moz-hhfc8n.0j4i.jtu0.0101.2620.IP)
[21:17:54] *** Joins: nrc (sid365@moz-3taf2s.0j4i.jtu0.0101.2620.IP)
[21:17:54] *** Joins: blank_name (blank_name@moz-p4egrb.mi.frontiernet.net)
[21:17:54] *** Joins: c74d (c74d3a4ebb6@moz-0ersgu.oc.cox.net)
[21:17:54] *** Joins: WindowsBunny (Peter@moz-vlal7g.east.verizon.net)
