[00:11:23] *** Quits: brson (brson@moz-cfhap5.mtv2.mozilla.com) (Quit: leaving)
[00:11:52] *** Joins: brson (brson@moz-o67.m43.48.37.IP)
[00:11:52] *** ChanServ sets mode: +o brson
[00:18:43] *** Quits: mccr8 (mccr8@moz-cfhap5.mtv2.mozilla.com) (Quit: computer sleep)
[00:20:48] *** Quits: faramarz (faramarz@moz-cfhap5.mtv2.mozilla.com) (Client exited)
[00:29:52] *** Quits: c74d (c74d3a4ebb6@moz-0ersgu.oc.cox.net) (Ping timeout: 121 seconds)
[00:32:02] *** Quits: mbx (textual@moz-l8ebtf.sfo1.mozilla.com) (Quit: My Mac has gone to sleep. ZZZzzz…)
[00:33:28] *** Joins: mccr8 (mccr8@moz-m84lpe.ca.comcast.net)
[00:35:06] *** Quits: gal (gal@moz-r2jfql.ucom.ne.jp) (Client exited)
[00:40:58] *** khuey is now known as khuey|away
[00:41:05] *** Joins: reqshark (reqshark@moz-amtd83.cable.rcn.com)
[00:43:18] *** Joins: docwho_ (quassel@moz-bgt.6kh.139.14.IP)
[00:44:08] *** Quits: tadh (quassel@moz-pg51s5.CWRU.Edu) (Ping timeout: 121 seconds)
[00:46:49] *** Quits: docwho (quassel@moz-bgt.6kh.139.14.IP) (Ping timeout: 121 seconds)
[00:54:13] *** Quits: pcwalton (pcwalton@moz-6kjabm.ca.comcast.net) (Client exited)
[00:58:48] *** Quits: brson (brson@moz-o67.m43.48.37.IP) (Quit: leaving)
[01:01:17] *** Quits: mchang (mchang@moz-u3dg2t.sfo1.mozilla.com) (Client exited)
[01:03:12] *** Quits: Manishearth (manishearth@moz-8puj7k.net) (Quit: Lost terminal)
[01:07:22] *** Joins: Manishearth (manishearth@moz-8puj7k.net)
[01:20:12] *** Joins: tadh (quassel@moz-8vs9l4.CWRU.Edu)
[01:21:19] *** nrc|afk is now known as nrc
[01:27:50] *** Quits: azakai (alon@moz-m93p4f.ujol.1ibb.0101.2620.IP) (Quit: Ex-Chat)
[01:43:29] *** khuey|away is now known as khuey
[01:44:26] *** Quits: jweathersby (Adium@moz-qb9kbe.ip.windstream.net) (Quit: Leaving.)
[01:52:04] *** Joins: mchang (mchang@moz-fjua8t.ca.comcast.net)
[01:55:05] *** Quits: cjones (cjones@moz-osv.rmn.162.73.IP) (Client exited)
[01:56:08] *** Joins: jdm (jdm@moz-i5m.05u.207.66.IP)
[01:57:14] *** Quits: mchang (mchang@moz-fjua8t.ca.comcast.net) (Client exited)
[02:02:58] *** Quits: tadh (quassel@moz-8vs9l4.CWRU.Edu) (Connection closed)
[02:12:22] *** Joins: larsberg (sid16141@moz-fnneme.uxbridge.irccloud.com)
[02:12:22] *** ChanServ sets mode: +o larsberg
[02:25:26] *** Quits: jdm (jdm@moz-i5m.05u.207.66.IP) (Quit: )
[02:43:16] *** Joins: docwho (quassel@moz-bgt.6kh.139.14.IP)
[02:43:17] *** Quits: docwho_ (quassel@moz-bgt.6kh.139.14.IP) (Connection closed)
[02:45:10] *** Joins: jweathersby (Adium@moz-qbfu9a.ip.windstream.net)
[02:49:12] *** Quits: jweathersby (Adium@moz-qbfu9a.ip.windstream.net) (Ping timeout: 121 seconds)
[03:06:34] *** Joins: brson (brson@moz-9bc.c9m.56.172.IP)
[03:06:34] *** ChanServ sets mode: +o brson
[03:07:43] *** Joins: cjones (cjones@moz-osv.rmn.162.73.IP)
[03:18:43] *** sunfish is now known as sunfish-away
[03:23:54] *** Joins: pcwalton (pcwalton@moz-6kjabm.ca.comcast.net)
[03:23:54] *** ChanServ sets mode: +o pcwalton
[03:29:56] *** Quits: pcwalton (pcwalton@moz-6kjabm.ca.comcast.net) (Ping timeout: 121 seconds)
[03:32:23] *** Quits: roc (chatzilla@moz-h8ll9b.dqqd.b0fh.0cb0.2001.IP) (Connection closed)
[03:36:09] *** Joins: c74d (c74d3a4ebb6@moz-0ersgu.oc.cox.net)
[03:37:35] *** Joins: gal (gal@moz-ff2.3pk.170.166.IP)
[03:38:28] *** Quits: brson (brson@moz-9bc.c9m.56.172.IP) (Quit: leaving)
[03:44:06] *** Quits: gal (gal@moz-ff2.3pk.170.166.IP) (Client exited)
[03:45:05] *** Joins: pcwalton (pcwalton@moz-6kjabm.ca.comcast.net)
[03:45:05] *** ChanServ sets mode: +o pcwalton
[03:51:07] *** Quits: pcwalton (pcwalton@moz-6kjabm.ca.comcast.net) (Ping timeout: 121 seconds)
[03:52:16] *** Joins: pcwalton (pcwalton@moz-6kjabm.ca.comcast.net)
[03:52:16] *** ChanServ sets mode: +o pcwalton
[04:20:24] *** Joins: roc (chatzilla@moz-kia32k.orcon.net.nz)
[04:43:20] *** Joins: docwho_ (quassel@moz-bgt.6kh.139.14.IP)
[04:43:20] *** Quits: docwho (quassel@moz-bgt.6kh.139.14.IP) (Connection closed)
[04:45:51] *** Joins: azakai|2 (alon@moz-l3ofdg.sntcca.sbcglobal.net)
[04:45:56] *** Quits: reqshark (reqshark@moz-amtd83.cable.rcn.com) (Quit: peace out!)
[04:51:19] *** khuey is now known as khuey|away
[05:35:44] *** Quits: mccr8 (mccr8@moz-m84lpe.ca.comcast.net) (Quit: computer sleep)
[05:46:17] *** Joins: gal (gal@moz-ibb.ev1.13.211.IP)
[05:53:54] *** Quits: gal (gal@moz-ibb.ev1.13.211.IP) (Client exited)
[05:58:22] *** Joins: mbx (textual@moz-fjua8t.ca.comcast.net)
[06:03:34] *** Quits: docwho_ (quassel@moz-bgt.6kh.139.14.IP) (Connection closed)
[06:04:00] *** Joins: docwho (quassel@moz-bgt.6kh.139.14.IP)
[06:43:00] *** Joins: docwho_ (quassel@moz-bgt.6kh.139.14.IP)
[06:43:00] *** Quits: docwho (quassel@moz-bgt.6kh.139.14.IP) (Connection closed)
[06:49:17] *** Parts: cjones (cjones@moz-osv.rmn.162.73.IP) ()
[07:02:37] *** Quits: mbx (textual@moz-fjua8t.ca.comcast.net) (Ping timeout: 121 seconds)
[07:03:35] *** Joins: mbx (textual@moz-fjua8t.ca.comcast.net)
[07:05:58] *** terrence is now known as terrence-afk
[07:12:39] *** Quits: mbx (textual@moz-fjua8t.ca.comcast.net) (Quit: My Mac has gone to sleep. ZZZzzz…)
[07:15:58] *** Joins: mbx (textual@moz-fjua8t.ca.comcast.net)
[07:16:06] *** Joins: ddamjano (Instantbird@moz-oupcq4.dynamic.surfer.at)
[07:51:00] *** Quits: pcwalton (pcwalton@moz-6kjabm.ca.comcast.net) (Client exited)
[08:30:51] *** Quits: mbx (textual@moz-fjua8t.ca.comcast.net) (Quit: My Mac has gone to sleep. ZZZzzz…)
[08:44:26] *** Quits: docwho_ (quassel@moz-bgt.6kh.139.14.IP) (Connection closed)
[08:45:04] *** Joins: docwho (quassel@moz-bgt.6kh.139.14.IP)
[09:34:45] *** Quits: ddamjano (Instantbird@moz-oupcq4.dynamic.surfer.at) (Ping timeout: 121 seconds)
[09:42:19] *** Joins: ddamjano (Instantbird@moz-oupcq4.dynamic.surfer.at)
[09:56:05] *** Quits: nrc (nrc@moz-4bhi2i.xtra.co.nz) (Connection closed)
[09:56:20] *** Joins: gds (user@moz-a0tm5k.range86-134.btcentralplus.com)
[10:27:50] *** Joins: sole (sole@moz-i6u.sut.111.217.IP)
[10:43:06] *** Joins: docwho_ (quassel@moz-bgt.6kh.139.14.IP)
[10:43:07] *** Quits: docwho (quassel@moz-bgt.6kh.139.14.IP) (Connection closed)
[11:04:13] *** Quits: gw (uid31717@moz-hcr55a.charlton.irccloud.com) (Quit: Connection closed for inactivity)
[11:39:45] *** Joins: nrc (nrc@moz-4bhi2i.xtra.co.nz)
[11:44:43] *** Quits: nrc (nrc@moz-4bhi2i.xtra.co.nz) (Ping timeout: 121 seconds)
[11:54:27] *** Joins: bjz (bjz@moz-puppgq.tpgi.com.au)
[12:06:50] *** Quits: sole (sole@moz-i6u.sut.111.217.IP) (Connection closed)
[12:07:19] *** Joins: sole (sole@moz-i6u.sut.111.217.IP)
[12:43:06] *** Joins: docwho (quassel@moz-bgt.6kh.139.14.IP)
[12:43:06] *** Quits: docwho_ (quassel@moz-bgt.6kh.139.14.IP) (Connection closed)
[12:52:02] *** Joins: jdm (jdm@moz-ilbt2e.cable.teksavvy.com)
[13:13:47] *** Joins: tadh (quassel@moz-iq6hhs.biz.rr.com)
[13:15:24] *** Joins: ehsan (ehsan@moz-cef8oi.cpe.pppoe.ca)
[13:59:23] *** Quits: pnkfelix (pnkfelix@moz-eljppb.fbx.proxad.net) (Quit: rcirc on GNU Emacs 24.3.92.1)
[14:09:59] *** Quits: ehsan (ehsan@moz-cef8oi.cpe.pppoe.ca) (A TLS packet with unexpected length was received.)
[14:10:19] *** Joins: ehsan (ehsan@moz-cef8oi.cpe.pppoe.ca)
[14:10:44] *** Quits: ehsan (ehsan@moz-cef8oi.cpe.pppoe.ca) (A TLS packet with unexpected length was received.)
[14:29:12] *** Quits: sole (sole@moz-i6u.sut.111.217.IP) (Connection closed)
[14:29:28] *** Joins: sole (sole@moz-i6u.sut.111.217.IP)
[14:33:06] *** Joins: faramarz (faramarz@moz-cfhap5.mtv2.mozilla.com)
[14:41:23] *** Joins: ehsan (ehsan@moz-6g7v6q.ckpj.s0pt.0450.2001.IP)
[14:43:07] *** Joins: docwho_ (quassel@moz-bgt.6kh.139.14.IP)
[14:43:08] *** Quits: docwho (quassel@moz-bgt.6kh.139.14.IP) (Connection closed)
[14:45:21] *** Joins: pnkfelix (pnkfelix@moz-6v5.3nd.202.89.IP)
[14:45:59] *** Joins: cjones (cjones@moz-osv.rmn.162.73.IP)
[14:52:26] *** Quits: faramarz (faramarz@moz-cfhap5.mtv2.mozilla.com) (Client exited)
[14:57:17] *** Joins: faramarz (faramarz@moz-cfhap5.mtv2.mozilla.com)
[15:11:58] *** Joins: pcwalton (pcwalton@moz-6kjabm.ca.comcast.net)
[15:11:59] *** ChanServ sets mode: +o pcwalton
[15:18:58] *** Joins: brson (brson@moz-u3dg2t.sfo1.mozilla.com)
[15:18:58] *** ChanServ sets mode: +o brson
[15:29:43] *** Joins: jweathersby (Adium@moz-8mqqd6.6o38.alpj.4528.2002.IP)
[15:35:06] *** sunfish-away is now known as sunfish
[15:35:42] *** Joins: mccr8 (mccr8@moz-m84lpe.ca.comcast.net)
[15:52:45] *** Joins: mbx (textual@moz-fjua8t.ca.comcast.net)
[15:53:36] *** terrence-afk is now known as terrence
[15:55:41] *** Quits: pcwalton (pcwalton@moz-6kjabm.ca.comcast.net) (Client exited)
[15:57:37] *** Quits: faramarz (faramarz@moz-cfhap5.mtv2.mozilla.com) (Client exited)
[15:59:32] *** Joins: pcwalton (pcwalton@moz-6kjabm.ca.comcast.net)
[15:59:32] *** ChanServ sets mode: +o pcwalton
[16:05:09] *** Joins: faramarz (faramarz@moz-cfhap5.mtv2.mozilla.com)
[16:19:39] *** khuey|away is now known as khuey
[16:20:45] *** Quits: cjones (cjones@moz-osv.rmn.162.73.IP) (Client exited)
[16:30:14] *** Quits: mccr8 (mccr8@moz-m84lpe.ca.comcast.net) (Quit: )
[16:43:13] *** Joins: docwho (quassel@moz-bgt.6kh.139.14.IP)
[16:43:14] *** Quits: docwho_ (quassel@moz-bgt.6kh.139.14.IP) (Connection closed)
[16:52:41] *** Quits: faramarz (faramarz@moz-cfhap5.mtv2.mozilla.com) (A TLS packet with unexpected length was received.)
[16:52:50] *** Joins: faramarz (faramarz@moz-cfhap5.mtv2.mozilla.com)
[16:59:39] *** Quits: pcwalton (pcwalton@moz-6kjabm.ca.comcast.net) (Client exited)
[17:02:57] *** Joins: pcwalton (pcwalton@moz-6kjabm.ca.comcast.net)
[17:02:57] *** ChanServ sets mode: +o pcwalton
[17:04:02] *** Joins: reqshark (reqshark@moz-2v7.ffj.155.66.IP)
[17:11:15] *** Joins: mchang (mchang@moz-cfhap5.mtv2.mozilla.com)
[17:14:51] *** Quits: mchang (mchang@moz-cfhap5.mtv2.mozilla.com) (Client exited)
[17:14:56] *** Joins: mchang (mchang@moz-cfhap5.mtv2.mozilla.com)
[17:17:09] *** Joins: mccr8 (mccr8@moz-cfhap5.mtv2.mozilla.com)
[17:17:21] *** Quits: pcwalton (pcwalton@moz-6kjabm.ca.comcast.net) (Client exited)
[17:18:13] *** Quits: mccr8 (mccr8@moz-cfhap5.mtv2.mozilla.com) (Quit: quit)
[17:18:19] *** Joins: mccr8 (mccr8@moz-cfhap5.mtv2.mozilla.com)
[17:18:21] *** Quits: sole (sole@moz-i6u.sut.111.217.IP) (A TLS packet with unexpected length was received.)
[17:19:13] *** Joins: sole (sole@moz-i6u.sut.111.217.IP)
[17:23:31] *** Joins: cjones (cjones@moz-osv.rmn.162.73.IP)
[17:23:33] *** Quits: sole (sole@moz-i6u.sut.111.217.IP) (Ping timeout: 121 seconds)
[17:28:09] *** Quits: mbx (textual@moz-fjua8t.ca.comcast.net) (Quit: My Mac has gone to sleep. ZZZzzz…)
[17:28:17] *** Joins: mbx (textual@moz-fjua8t.ca.comcast.net)
[17:28:43] *** Quits: mbx (textual@moz-fjua8t.ca.comcast.net) (Quit: My Mac has gone to sleep. ZZZzzz…)
[17:34:29] *** Quits: ddamjano (Instantbird@moz-oupcq4.dynamic.surfer.at) (Ping timeout: 121 seconds)
[17:39:25] *** Joins: pcwalton (pcwalton@moz-msl7jr.static-ip.telepacific.net)
[17:39:26] *** ChanServ sets mode: +o pcwalton
[17:48:13] *** jandem is now known as jandem-away
[17:48:42] *** Quits: azakai|2 (alon@moz-l3ofdg.sntcca.sbcglobal.net) (Quit: Ex-Chat)
[17:58:37] *** Joins: ddamjano (Instantbird@moz-oupcq4.dynamic.surfer.at)
[18:04:40] *** Quits: ddamjano (Instantbird@moz-oupcq4.dynamic.surfer.at) (Ping timeout: 121 seconds)
[18:18:48] *** Joins: sole (sole@moz-i6u.sut.111.217.IP)
[18:23:50] *** Quits: sole (sole@moz-i6u.sut.111.217.IP) (Ping timeout: 121 seconds)
[18:28:33] *** Joins: mbx (mbebenita@moz-u3dg2t.sfo1.mozilla.com)
[18:30:02] *** Quits: pcwalton (pcwalton@moz-msl7jr.static-ip.telepacific.net) (Client exited)
[18:30:59] *** Joins: azakai (alon@moz-e4nck0.mh2d.1ibb.0101.2620.IP)
[18:33:37] *** Quits: cjones (cjones@moz-osv.rmn.162.73.IP) (Client exited)
[18:36:24] *** Quits: mbx (mbebenita@moz-u3dg2t.sfo1.mozilla.com) (Client exited)
[18:43:20] *** Joins: docwho_ (quassel@moz-bgt.6kh.139.14.IP)
[18:43:21] *** Quits: docwho (quassel@moz-bgt.6kh.139.14.IP) (Connection closed)
[18:53:02] *** Quits: pnkfelix (pnkfelix@moz-6v5.3nd.202.89.IP) (Quit: rcirc on GNU Emacs 24.3.92.1)
[18:55:49] *** khuey is now known as khuey|away
[19:01:53] *** Joins: cjones (cjones@moz-osv.rmn.162.73.IP)
[19:16:29] *** Joins: pcwalton (pcwalton@moz-l8ebtf.sfo1.mozilla.com)
[19:16:29] *** ChanServ sets mode: +o pcwalton
[19:20:12] *** Joins: sole (sole@moz-i6u.sut.111.217.IP)
[19:23:05] *** Quits: cjones (cjones@moz-osv.rmn.162.73.IP) (Client exited)
[19:24:37] *** Quits: sole (sole@moz-i6u.sut.111.217.IP) (Ping timeout: 121 seconds)
[19:27:16] *** Quits: brson (brson@moz-u3dg2t.sfo1.mozilla.com) (Quit: leaving)
[19:37:15] *** Joins: gw (uid31717@moz-hcr55a.charlton.irccloud.com)
[19:39:44] *** Joins: nrc (nrc@moz-4bhi2i.xtra.co.nz)
[20:04:19] *** khuey|away is now known as khuey
[20:11:23] *** Joins: cjones (cjones@moz-t19.bab.126.76.IP)
[20:17:42] *** Joins: mbx (textual@moz-l8ebtf.sfo1.mozilla.com)
[20:20:57] *** Joins: sole (sole@moz-i6u.sut.111.217.IP)
[20:25:26] *** Quits: sole (sole@moz-i6u.sut.111.217.IP) (Ping timeout: 121 seconds)
[20:26:59] *** Quits: roc (chatzilla@moz-kia32k.orcon.net.nz) (Connection closed)
[20:43:11] *** Joins: docwho (quassel@moz-bgt.6kh.139.14.IP)
[20:43:12] *** Quits: docwho_ (quassel@moz-bgt.6kh.139.14.IP) (Connection closed)
[21:01:48] *** Joins: pnkfelix (pnkfelix@moz-eljppb.fbx.proxad.net)
[21:01:54] *** Joins: brson (brson@moz-u3dg2t.sfo1.mozilla.com)
[21:01:55] *** ChanServ sets mode: +o brson
[21:04:45] *** Quits: pcwalton (pcwalton@moz-l8ebtf.sfo1.mozilla.com) (Client exited)
[21:06:03] *** Joins: pcwalton (pcwalton@moz-l8ebtf.sfo1.mozilla.com)
[21:06:03] *** ChanServ sets mode: +o pcwalton
[21:09:25] *** Joins: roc (chatzilla@moz-h8ll9b.dqqd.b0fh.0cb0.2001.IP)
[21:21:41] *** Joins: sole (sole@moz-i6u.sut.111.217.IP)
[21:26:07] *** Quits: sole (sole@moz-i6u.sut.111.217.IP) (Ping timeout: 121 seconds)
[21:34:48] *** Quits: mchang (mchang@moz-cfhap5.mtv2.mozilla.com) (Client exited)
[21:35:18] *** Quits: tadh (quassel@moz-iq6hhs.biz.rr.com) (Ping timeout: 121 seconds)
[22:00:30] *** Quits: cjones (cjones@moz-t19.bab.126.76.IP) (Client exited)
[22:08:48] *** Joins: ddamjano (Instantbird@moz-oupcq4.dynamic.surfer.at)
[22:14:22] <pcwalton> Chrome just fell in pwn2own
[22:18:17] *** Quits: bjz (bjz@moz-puppgq.tpgi.com.au) (Quit: My Mac has gone to sleep. ZZZzzz…)
[22:18:53] *** Quits: ddamjano (Instantbird@moz-oupcq4.dynamic.surfer.at) (Ping timeout: 121 seconds)
[22:22:27] *** Joins: sole (sole@moz-i6u.sut.111.217.IP)
[22:22:49] *** Quits: pnkfelix (pnkfelix@moz-eljppb.fbx.proxad.net) (Ping timeout: 121 seconds)
[22:25:13] <mccr8> probably again at 4pm
[22:26:51] *** Quits: sole (sole@moz-i6u.sut.111.217.IP) (Ping timeout: 121 seconds)
[22:26:55] *** Joins: ddamjano (Instantbird@moz-oupcq4.dynamic.surfer.at)
[22:31:10] *** Quits: gds (user@moz-a0tm5k.range86-134.btcentralplus.com) (Quit: Going offline)
[22:34:55] *** Quits: brson (brson@moz-u3dg2t.sfo1.mozilla.com) (Ping timeout: 121 seconds)
[22:35:29] *** Quits: ehsan (ehsan@moz-6g7v6q.ckpj.s0pt.0450.2001.IP) (A TLS packet with unexpected length was received.)
[22:43:23] *** Joins: docwho_ (quassel@moz-bgt.6kh.139.14.IP)
[22:43:24] *** Quits: docwho (quassel@moz-bgt.6kh.139.14.IP) (Connection closed)
[22:45:02] *** Quits: jdm (jdm@moz-ilbt2e.cable.teksavvy.com) (Quit: )
[22:45:20] *** Quits: roc (chatzilla@moz-h8ll9b.dqqd.b0fh.0cb0.2001.IP) (Ping timeout: 121 seconds)
[22:48:44] *** Joins: roc (chatzilla@moz-h8ll9b.dqqd.b0fh.0cb0.2001.IP)
[23:06:36] *** Joins: pnkfelix (pnkfelix@moz-eljppb.fbx.proxad.net)
[23:14:00] *** Joins: mchang (mchang@moz-cfhap5.mtv2.mozilla.com)
[23:17:59] *** khuey is now known as khuey|away
[23:20:23] *** Quits: mccr8 (mccr8@moz-cfhap5.mtv2.mozilla.com) (Quit: quit)
[23:21:09] *** khuey|away is now known as khuey
[23:24:09] *** Joins: sole (sole@moz-i6u.sut.111.217.IP)
[23:24:38] *** Quits: ddamjano (Instantbird@moz-oupcq4.dynamic.surfer.at) (Ping timeout: 121 seconds)
[23:26:24] *** Joins: ehsan (ehsan@moz-cef8oi.cpe.pppoe.ca)
[23:26:57] *** Quits: ehsan (ehsan@moz-cef8oi.cpe.pppoe.ca) (A TLS packet with unexpected length was received.)
[23:28:36] *** Quits: sole (sole@moz-i6u.sut.111.217.IP) (Ping timeout: 121 seconds)
[23:34:40] *** Quits: pcwalton (pcwalton@moz-l8ebtf.sfo1.mozilla.com) (Client exited)
[23:34:59] *** Joins: pcwalton (pcwalton@moz-l8ebtf.sfo1.mozilla.com)
[23:34:59] *** ChanServ sets mode: +o pcwalton
[23:37:51] *** Joins: mccr8 (mccr8@moz-cfhap5.mtv2.mozilla.com)
[23:50:19] *** Quits: pnkfelix (pnkfelix@moz-eljppb.fbx.proxad.net) (Quit: rcirc on GNU Emacs 24.3.92.1)
[23:50:52] *** Joins: ehsan (ehsan@moz-cef8oi.cpe.pppoe.ca)
