[00:40:48] *** Quits: Rym_ (y@moz-ud71kk.range86-187.btcentralplus.com) (Ping timeout: 121 seconds)
[00:42:35] *** Joins: Rym (y@moz-ud71kk.range86-187.btcentralplus.com)
[01:04:13] *** Quits: p1start (p1start@moz-nftjhe.org) (Ping timeout: 121 seconds)
[01:22:16] *** Quits: Rym (y@moz-ud71kk.range86-187.btcentralplus.com) (Ping timeout: 121 seconds)
[02:26:52] *** Quits: quantheory (quantheory@moz-20fq7n.co.comcast.net) (Quit: Leaving)
[02:27:06] *** Joins: quantheory (quantheory@moz-20fq7n.co.comcast.net)
[02:41:24] *** Quits: kimundi (kimundi@moz-uku.on8.226.79.IP) (Ping timeout: 121 seconds)
[02:43:07] *** Joins: kimundi (kimundi@moz-3l9nrq.dip0.t-ipconnect.de)
[02:46:52] *** kimundi is now known as zz_kimundi
[02:53:44] *** zz_kimundi is now known as kimundi
[02:56:52] *** Joins: brson (brson@moz-cfhap5.mtv2.mozilla.com)
[02:56:52] *** ChanServ sets mode: +qo brson brson
[04:03:03] *** Quits: brson (brson@moz-cfhap5.mtv2.mozilla.com) (Quit: leaving)
[04:50:16] *** Quits: quantheory (quantheory@moz-20fq7n.co.comcast.net) (Quit: Leaving)
[05:44:35] *** Joins: p1start (p1start@moz-nftjhe.org)
[08:24:11] *** Joins: Rym (y@moz-5e36i0.in-addr.btopenworld.com)
[08:28:54] *** Quits: Rym (y@moz-5e36i0.in-addr.btopenworld.com) (Ping timeout: 121 seconds)
[08:35:29] *** Joins: simukis (nagisa@moz-8t068g.static.zebra.lt)
[08:37:42] *** Quits: pnkfelix (pnkfelix@moz-eljppb.fbx.proxad.net) (Quit: rcirc on GNU Emacs 24.3.92.1)
[09:19:04] *** Joins: Rym (y@moz-5e36i0.in-addr.btopenworld.com)
[09:21:04] *** Quits: simukis (nagisa@moz-8t068g.static.zebra.lt) (Ping timeout: 121 seconds)
[09:25:03] *** Quits: Rym (y@moz-5e36i0.in-addr.btopenworld.com) (Ping timeout: 121 seconds)
[09:30:40] *** Joins: sigma (sigma@moz-ohog4c.range86-135.btcentralplus.com)
[09:47:19] *** Joins: simukis (nagisa@moz-8t068g.static.zebra.lt)
[10:04:25] *** Joins: Rym (y@moz-5e36i0.in-addr.btopenworld.com)
[10:09:07] *** Quits: Rym (y@moz-5e36i0.in-addr.btopenworld.com) (Ping timeout: 121 seconds)
[10:32:02] *** Quits: stl (stl@moz-gpr622.broadband.corbina.ru) (Ping timeout: 121 seconds)
[10:35:31] *** Joins: stl (stl@moz-r3l6lh.broadband.corbina.ru)
[10:42:58] *** Joins: Rym (y@moz-5e36i0.in-addr.btopenworld.com)
[10:44:43] *** Quits: nrc (nrc@moz-4bhi2i.xtra.co.nz) (Ping timeout: 121 seconds)
[10:47:45] *** Quits: Rym (y@moz-5e36i0.in-addr.btopenworld.com) (Ping timeout: 121 seconds)
[11:38:18] *** Joins: Rym (y@moz-5e36i0.in-addr.btopenworld.com)
[11:42:34] *** Quits: Rym (y@moz-5e36i0.in-addr.btopenworld.com) (Ping timeout: 121 seconds)
[11:45:26] *** Quits: unwound (bkoropoff@moz-kthi5c.wa.comcast.net) (Ping timeout: 121 seconds)
[12:06:33] *** Joins: semarie (semarie@moz-qpd.aq7.187.37.IP)
[12:32:26] *** Joins: Rym (y@moz-5e36i0.in-addr.btopenworld.com)
[12:36:44] *** Quits: Rym (y@moz-5e36i0.in-addr.btopenworld.com) (Ping timeout: 121 seconds)
[12:38:01] *** Quits: simukis (nagisa@moz-8t068g.static.zebra.lt) (Ping timeout: 121 seconds)
[12:44:45] *** Quits: p1start (p1start@moz-nftjhe.org) (Ping timeout: 121 seconds)
[12:54:33] *** Joins: simukis (nagisa@moz-8t068g.static.zebra.lt)
[13:42:46] *** Parts: semarie (semarie@moz-qpd.aq7.187.37.IP) ("WeeChat 1.1")
[14:21:04] *** Joins: Rym (y@moz-j4p0j0.range86-187.btcentralplus.com)
[14:23:36] *** Joins: mw (mw@moz-f1s7jp.vie.surfer.at)
[14:25:12] *** Quits: Rym (y@moz-j4p0j0.range86-187.btcentralplus.com) (Ping timeout: 121 seconds)
[14:27:38] <doener> anyone else seeing random llvm recompilations?
[14:28:12] <doener> just finished a stage2 build, ran "make check" and it started build llvm again
[14:30:05] <doener> oh, ccache isn't catching it either, so I suppose it switched to Release instead of Release+Assert just now, for some reason
[14:50:36] *** Quits: simukis (nagisa@moz-8t068g.static.zebra.lt) (Ping timeout: 121 seconds)
[15:04:36] *** Parts: mw (mw@moz-f1s7jp.vie.surfer.at) ("")
[15:06:41] *** Joins: simukis (nagisa@moz-8t068g.static.zebra.lt)
[15:07:40] *** Quits: sigma (sigma@moz-ohog4c.range86-135.btcentralplus.com) (Ping timeout: 121 seconds)
[15:15:05] *** Joins: Rym (y@moz-j4p0j0.range86-187.btcentralplus.com)
[15:19:21] *** Quits: Rym (y@moz-j4p0j0.range86-187.btcentralplus.com) (Ping timeout: 121 seconds)
[15:47:37] *** Joins: unwound (bkoropoff@moz-kthi5c.wa.comcast.net)
[16:09:15] *** Joins: Rym (y@moz-j4p0j0.range86-187.btcentralplus.com)
[16:13:31] *** Quits: Rym (y@moz-j4p0j0.range86-187.btcentralplus.com) (Ping timeout: 121 seconds)
[16:17:54] *** Joins: arielb1 (Ariel@moz-lcu.ri7.19.46.IP)
[16:43:02] *** Joins: Rym (y@moz-j4p0j0.range86-187.btcentralplus.com)
[16:52:10] *** Quits: Rym (y@moz-j4p0j0.range86-187.btcentralplus.com) (Quit: WeeChat 1.0)
[17:11:32] *** Joins: quantheory (quantheory@moz-dsb104.crel.jtvf.0001.2601.IP)
[18:15:35] *** Quits: quantheory (quantheory@moz-dsb104.crel.jtvf.0001.2601.IP) (Quit: Leaving)
[19:20:18] *** Joins: quantheory (quantheory@moz-20fq7n.co.comcast.net)
[20:03:40] *** Joins: p1start (p1start@moz-nftjhe.org)
[20:10:10] *** Joins: goffrie (uid69670@moz-1c9019.brockwell.irccloud.com)
[20:40:46] *** Joins: nrc (nrc@moz-4bhi2i.xtra.co.nz)
[20:40:46] *** ChanServ sets mode: +qo nrc nrc
[20:55:19] *** Quits: p1start (p1start@moz-nftjhe.org) (Ping timeout: 121 seconds)
[21:06:31] *** Quits: doener (doener@moz-929cn9.unity-media.net) (Quit: leaving)
[21:33:16] *** Joins: cengizIO (textual@moz-jju.ckp.250.151.IP)
[21:42:05] <unwound> hmm
[21:44:50] <unwound> Can a region obligation on a builtin trait impl ever affect whether the trait bound is considered to be met?  The README.md for traits seems to suggest it shouldn't.
[21:58:09] *** Quits: arielb1 (Ariel@moz-lcu.ri7.19.46.IP) (Quit: Ex-Chat)
[22:29:06] *** Quits: quantheory (quantheory@moz-20fq7n.co.comcast.net) (Quit: Leaving)
[22:50:56] <nrc> unwound: I don't think so
[22:52:30] <nrc> unwound: the grand trade of, aiui, is that Rust subtyping is just about regions, but regions can be erased without affecting anything except borrow checking, i.e., they don't affect trait selection or trans/codegen
[23:04:28] *** Quits: cengizIO (textual@moz-jju.ckp.250.151.IP) (Quit: Textual IRC Client: www.textualapp.com)
[23:10:34] <unwound> I'm currently chasing down a bug where region obligations from a Copy impl are inappropriately blowing up region checking later
[23:17:23] *** Quits: goffrie (uid69670@moz-1c9019.brockwell.irccloud.com) (Quit: Connection closed for inactivity)
[23:18:20] *** nrc is now known as nrc|afk
[23:27:44] *** Quits: simukis (nagisa@moz-8t068g.static.zebra.lt) (Ping timeout: 121 seconds)
