[00:00:36] *** Quits: reem (reem@moz-bdea1u.coob.q2h1.0009.2601.IP) (Connection closed)
[00:14:22] *** Joins: reem (reem@moz-qqjqjr.coob.q2h1.0009.2601.IP)
[00:19:05] *** Joins: reem_ (reem@moz-2icmmi.ca.comcast.net)
[00:20:24] *** Quits: reem (reem@moz-qqjqjr.coob.q2h1.0009.2601.IP) (Ping timeout: 121 seconds)
[00:20:47] *** Joins: reem (reem@moz-qqjqjr.coob.q2h1.0009.2601.IP)
[00:23:20] *** Quits: reem_ (reem@moz-2icmmi.ca.comcast.net) (Ping timeout: 121 seconds)
[00:27:20] *** Quits: goffrie (uid69670@moz-2ij.vkt.184.192.IP) (Quit: Connection closed for inactivity)
[00:55:00] *** Joins: brson (brson@moz-20p.7vl.56.172.IP)
[00:55:00] *** ChanServ sets mode: +qo brson brson
[01:03:20] *** Quits: pnkfelix (pnkfelix@moz-eljppb.fbx.proxad.net) (Quit: rcirc on GNU Emacs 24.3.92.1)
[01:05:20] *** Quits: reem (reem@moz-qqjqjr.coob.q2h1.0009.2601.IP) (Connection closed)
[01:17:44] *** Joins: reem (reem@moz-2icmmi.ca.comcast.net)
[01:40:43] *** Quits: reem (reem@moz-2icmmi.ca.comcast.net) (Connection closed)
[01:42:23] *** Joins: reem (reem@moz-u2qjji.coob.q2h1.0009.2601.IP)
[02:00:34] *** Quits: reem (reem@moz-u2qjji.coob.q2h1.0009.2601.IP) (Connection closed)
[02:06:17] *** Quits: brson (brson@moz-20p.7vl.56.172.IP) (Quit: leaving)
[02:06:26] *** Joins: reem (reem@moz-2icmmi.ca.comcast.net)
[02:10:15] *** Quits: kimundi (kimundi@moz-0ldba5.dip0.t-ipconnect.de) (Ping timeout: 121 seconds)
[02:11:43] *** Joins: kimundi (kimundi@moz-9svmat.dip0.t-ipconnect.de)
[02:14:04] *** Quits: reem (reem@moz-2icmmi.ca.comcast.net) (Connection closed)
[02:15:43] *** kimundi is now known as zz_kimundi
[02:21:12] *** Quits: Rym (y@moz-vsu.f6d.55.31.IP) (Ping timeout: 121 seconds)
[02:21:16] *** Joins: reem (reem@moz-2icmmi.ca.comcast.net)
[02:22:34] *** zz_kimundi is now known as kimundi
[03:01:40] *** Quits: reem (reem@moz-2icmmi.ca.comcast.net) (Connection closed)
[03:04:30] *** Quits: c74d (c74d3a4ebb6@moz-0ersgu.oc.cox.net) (Ping timeout: 121 seconds)
[03:04:59] *** Joins: c74d3 (c74d3a4ebb6@moz-logo75.mggc.hibn.4404.2002.IP)
[03:07:57] *** Quits: c74d3 (c74d3a4ebb6@moz-logo75.mggc.hibn.4404.2002.IP) (Connection closed)
[03:09:27] *** Joins: Rym (y@moz-vsu.f6d.55.31.IP)
[03:10:27] *** Joins: c74d (c74d3a4ebb6@moz-logo75.mggc.hibn.4404.2002.IP)
[03:13:43] *** Quits: Rym (y@moz-vsu.f6d.55.31.IP) (Ping timeout: 121 seconds)
[03:13:47] *** Joins: reem (reem@moz-2icmmi.ca.comcast.net)
[03:18:00] *** Joins: Rym (y@moz-vsu.f6d.55.31.IP)
[03:25:51] *** Quits: reem (reem@moz-2icmmi.ca.comcast.net) (Connection closed)
[03:26:49] *** Joins: reem (reem@moz-2icmmi.ca.comcast.net)
[03:35:23] *** Quits: reem (reem@moz-2icmmi.ca.comcast.net) (Connection closed)
[03:37:01] *** Joins: reem (reem@moz-2icmmi.ca.comcast.net)
[03:39:13] *** Quits: reem (reem@moz-2icmmi.ca.comcast.net) (Connection closed)
[03:39:17] *** Joins: reem (reem@moz-ququbm.coob.q2h1.0009.2601.IP)
[04:03:08] *** Joins: brson (brson@moz-20p.7vl.56.172.IP)
[04:03:08] *** ChanServ sets mode: +qo brson brson
[04:15:40] *** Quits: reem (reem@moz-ququbm.coob.q2h1.0009.2601.IP) (Connection closed)
[04:15:45] *** Joins: reem (reem@moz-ququbm.coob.q2h1.0009.2601.IP)
[04:28:42] *** Quits: reem (reem@moz-ququbm.coob.q2h1.0009.2601.IP) (Connection closed)
[04:30:49] *** Quits: brson (brson@moz-20p.7vl.56.172.IP) (Quit: leaving)
[04:42:53] *** Joins: reem (reem@moz-2icmmi.ca.comcast.net)
[04:44:30] *** Quits: reem (reem@moz-2icmmi.ca.comcast.net) (Connection closed)
[04:45:36] *** Joins: c74d3 (c74d3a4ebb6@moz-0ersgu.oc.cox.net)
[04:45:54] *** Quits: c74d (c74d3a4ebb6@moz-logo75.mggc.hibn.4404.2002.IP) (Ping timeout: 121 seconds)
[05:23:15] *** Quits: Rym (y@moz-vsu.f6d.55.31.IP) (Connection closed)
[05:23:44] *** Joins: Rym (y@moz-vsu.f6d.55.31.IP)
[05:28:25] *** Quits: Rym (y@moz-vsu.f6d.55.31.IP) (Ping timeout: 121 seconds)
[05:34:16] *** Joins: reem (reem@moz-2icmmi.ca.comcast.net)
[05:43:26] *** Quits: reem (reem@moz-2icmmi.ca.comcast.net) (Connection closed)
[05:51:28] *** Joins: reem (reem@moz-2jdg8j.coob.q2h1.0009.2601.IP)
[05:55:09] *** Joins: Rym (y@moz-vsu.f6d.55.31.IP)
[05:59:51] *** Quits: Rym (y@moz-vsu.f6d.55.31.IP) (Ping timeout: 121 seconds)
[06:06:38] *** Quits: reem (reem@moz-2jdg8j.coob.q2h1.0009.2601.IP) (Connection closed)
[06:09:48] *** Joins: doener (doener@moz-929cn9.unity-media.net)
[06:12:33] *** Joins: reem (reem@moz-2icmmi.ca.comcast.net)
[06:37:57] *** Quits: reem (reem@moz-2icmmi.ca.comcast.net) (Connection closed)
[06:42:32] *** Joins: reem (reem@moz-2icmmi.ca.comcast.net)
[06:44:44] *** Quits: reem (reem@moz-2icmmi.ca.comcast.net) (Connection closed)
[06:45:02] *** Joins: reem (reem@moz-2icmmi.ca.comcast.net)
[06:47:43] *** Quits: reem (reem@moz-2icmmi.ca.comcast.net) (Connection closed)
[06:49:26] *** Joins: Rym (y@moz-vsu.f6d.55.31.IP)
[06:49:45] *** Quits: aatch (james@moz-4tpcve.pd7t.fvcm.e000.2406.IP) (Connection closed)
[06:53:43] *** Quits: Rym (y@moz-vsu.f6d.55.31.IP) (Ping timeout: 121 seconds)
[07:15:57] *** Joins: reem (reem@moz-2icmmi.ca.comcast.net)
[07:18:19] *** Quits: reem (reem@moz-2icmmi.ca.comcast.net) (Connection closed)
[07:23:49] *** Joins: reem (reem@moz-2icmmi.ca.comcast.net)
[07:29:57] *** Quits: reem (reem@moz-2icmmi.ca.comcast.net) (Connection closed)
[07:43:35] *** Joins: Rym (y@moz-vsu.f6d.55.31.IP)
[07:47:51] *** Quits: Rym (y@moz-vsu.f6d.55.31.IP) (Ping timeout: 121 seconds)
[08:09:28] *** Joins: Rym (y@moz-vsu.f6d.55.31.IP)
[08:15:10] *** Quits: Rym (y@moz-vsu.f6d.55.31.IP) (Ping timeout: 121 seconds)
[08:55:48] *** Joins: Rym (y@moz-vsu.f6d.55.31.IP)
[09:00:04] *** Quits: Rym (y@moz-vsu.f6d.55.31.IP) (Ping timeout: 121 seconds)
[09:42:08] *** Joins: eddyb (eddyb@moz-14t.t0c.166.109.IP)
[09:49:54] *** Joins: Rym (y@moz-vsu.f6d.55.31.IP)
[09:54:12] *** Quits: Rym (y@moz-vsu.f6d.55.31.IP) (Ping timeout: 121 seconds)
[10:11:41] *** Quits: nrc (nrc@moz-4bhi2i.xtra.co.nz) (Ping timeout: 121 seconds)
[10:24:18] *** Quits: eddyb (eddyb@moz-14t.t0c.166.109.IP) (Ping timeout: 121 seconds)
[10:30:19] *** Joins: reem (reem@moz-2icmmi.ca.comcast.net)
[10:34:38] *** Joins: pnkfelix (pnkfelix@moz-eljppb.fbx.proxad.net)
[10:34:38] *** ChanServ sets mode: +o pnkfelix
[10:34:45] *** Quits: reem (reem@moz-2icmmi.ca.comcast.net) (Ping timeout: 121 seconds)
[10:43:52] *** Quits: pnkfelix (pnkfelix@moz-eljppb.fbx.proxad.net) (NickServ (RECOVER command used by pnkfelix`))
[10:43:52] *** Joins: pnkfelix (pnkfelix@moz-eljppb.fbx.proxad.net)
[10:43:53] *** ChanServ sets mode: +o pnkfelix
[10:44:06] *** Joins: Rym (y@moz-vsu.f6d.55.31.IP)
[10:48:22] *** Quits: Rym (y@moz-vsu.f6d.55.31.IP) (Ping timeout: 121 seconds)
[11:29:57] *** Joins: killercup (killercup@moz-edmf2j.dip0.t-ipconnect.de)
[11:38:16] *** Joins: Rym (y@moz-vsu.f6d.55.31.IP)
[11:42:30] *** Quits: Rym (y@moz-vsu.f6d.55.31.IP) (Ping timeout: 121 seconds)
[11:52:54] *** Quits: pnkfelix (pnkfelix@moz-eljppb.fbx.proxad.net) (Ping timeout: 121 seconds)
[11:56:40] *** Joins: Rym (y@moz-vsu.f6d.55.31.IP)
[12:11:58] *** Quits: killercup (killercup@moz-edmf2j.dip0.t-ipconnect.de) (Ping timeout: 121 seconds)
[12:31:49] *** Joins: pnkfelix (pnkfelix@moz-6v5.3nd.202.89.IP)
[12:31:49] *** ChanServ sets mode: +o pnkfelix
[12:57:23] *** Quits: Rym (y@moz-vsu.f6d.55.31.IP) (Ping timeout: 121 seconds)
[13:19:59] *** Joins: Rym (y@moz-vsu.f6d.55.31.IP)
[13:21:48] *** Joins: c0a8 (joel@moz-6ampnk.gtri.gatech.edu)
[13:26:04] *** Quits: Rym (y@moz-vsu.f6d.55.31.IP) (Ping timeout: 121 seconds)
[13:55:32] *** Joins: Rym (y@moz-vsu.f6d.55.31.IP)
[14:22:03] *** Joins: madmalik (uid13697@moz-lfin5p.brockwell.irccloud.com)
[15:04:28] *** Joins: simukis (nagisa@moz-8t068g.static.zebra.lt)
[16:02:31] *** Quits: simukis (nagisa@moz-8t068g.static.zebra.lt) (Ping timeout: 121 seconds)
[16:19:47] *** Joins: simukis (nagisa@moz-8t068g.static.zebra.lt)
[16:33:17] *** Joins: Rym_ (y@moz-9490an.range86-189.btcentralplus.com)
[16:33:20] *** Quits: Rym (y@moz-vsu.f6d.55.31.IP) (Ping timeout: 121 seconds)
[16:36:47] *** Joins: brson (brson@moz-0cc.7vl.56.172.IP)
[16:36:47] *** ChanServ sets mode: +qo brson brson
[16:56:34] *** Quits: c0a8 (joel@moz-6ampnk.gtri.gatech.edu) (Quit: WeeChat 1.1.1)
[17:29:43] *** Quits: Rym_ (y@moz-9490an.range86-189.btcentralplus.com) (Connection closed)
[17:29:55] *** Joins: Rym (y@moz-9490an.range86-189.btcentralplus.com)
[17:53:32] *** Quits: pnkfelix (pnkfelix@moz-6v5.3nd.202.89.IP) (Quit: rcirc on GNU Emacs 24.3.92.1)
[17:54:09] *** Joins: reem (reem@moz-8bgemc.coob.q2h1.0009.2601.IP)
[18:27:43] *** Quits: Rym (y@moz-9490an.range86-189.btcentralplus.com) (Ping timeout: 121 seconds)
[18:32:58] *** Joins: Rym (y@moz-9490an.range86-189.btcentralplus.com)
[18:41:50] *** Quits: reem (reem@moz-8bgemc.coob.q2h1.0009.2601.IP) (Connection closed)
[18:44:32] *** Joins: sigma (sigma@moz-ohog4c.range86-135.btcentralplus.com)
[18:48:59] *** Joins: reem (reem@moz-2icmmi.ca.comcast.net)
[18:50:24] *** Quits: reem (reem@moz-2icmmi.ca.comcast.net) (Connection closed)
[18:50:44] *** Joins: reem (reem@moz-2icmmi.ca.comcast.net)
[18:53:16] *** Quits: reem (reem@moz-2icmmi.ca.comcast.net) (Connection closed)
[18:53:18] *** Joins: reem_ (reem@moz-2icmmi.ca.comcast.net)
[18:56:26] *** Joins: sigma1 (sigma@moz-ohog4c.range86-135.btcentralplus.com)
[18:56:31] *** Quits: sigma (sigma@moz-ohog4c.range86-135.btcentralplus.com) (Connection closed)
[19:03:06] *** reem_ is now known as reem
[19:24:40] *** Quits: sigma1 (sigma@moz-ohog4c.range86-135.btcentralplus.com) (Ping timeout: 121 seconds)
[19:49:49] *** Quits: simukis (nagisa@moz-8t068g.static.zebra.lt) (Ping timeout: 121 seconds)
[20:03:00] *** Joins: simukis (nagisa@moz-8t068g.static.zebra.lt)
[20:14:20] *** Quits: reem (reem@moz-2icmmi.ca.comcast.net) (Connection closed)
[20:15:06] *** Quits: brson (brson@moz-0cc.7vl.56.172.IP) (Quit: leaving)
[20:16:44] *** Joins: reem (reem@moz-2icmmi.ca.comcast.net)
[20:24:17] *** Quits: doener (doener@moz-929cn9.unity-media.net) (Connection closed)
[20:26:00] *** Joins: doener (doener@moz-929cn9.unity-media.net)
[20:35:38] *** Quits: reem (reem@moz-2icmmi.ca.comcast.net) (Connection closed)
[20:47:22] *** Joins: nrc (nrc@moz-4bhi2i.xtra.co.nz)
[20:47:22] *** ChanServ sets mode: +qo nrc nrc
[20:49:44] *** Joins: reem (reem@moz-2icmmi.ca.comcast.net)
[20:51:53] <doener> besides forget(), move_val_init(), dropped() and assignments, where else to we need to mark a value that implements Drop as dropped?
[20:58:31] *** Quits: simukis (nagisa@moz-8t068g.static.zebra.lt) (Ping timeout: 121 seconds)
[21:03:13] *** Joins: pnkfelix (pnkfelix@moz-eljppb.fbx.proxad.net)
[21:03:13] *** ChanServ sets mode: +o pnkfelix
[21:11:21] *** Quits: reem (reem@moz-2icmmi.ca.comcast.net) (Connection closed)
[21:22:59] *** Joins: simukis (nagisa@moz-8t068g.static.zebra.lt)
[21:37:54] *** Joins: reem (reem@moz-2icmmi.ca.comcast.net)
[21:40:20] *** Quits: reem (reem@moz-2icmmi.ca.comcast.net) (Connection closed)
[21:42:15] *** Joins: reem (reem@moz-2icmmi.ca.comcast.net)
[21:58:29] *** Quits: reem (reem@moz-2icmmi.ca.comcast.net) (Connection closed)
[22:15:10] *** Joins: reem (reem@moz-2icmmi.ca.comcast.net)
[22:15:23] *** Quits: reem (reem@moz-2icmmi.ca.comcast.net) (Connection closed)
[22:19:19] *** Joins: reem (reem@moz-2icmmi.ca.comcast.net)
[22:19:21] *** Quits: reem (reem@moz-2icmmi.ca.comcast.net) (Connection closed)
[22:19:49] *** Joins: reem (reem@moz-2icmmi.ca.comcast.net)
[22:58:41] *** Quits: reem (reem@moz-2icmmi.ca.comcast.net) (Connection closed)
[23:02:13] *** Joins: reem (reem@moz-2icmmi.ca.comcast.net)
[23:06:39] *** Quits: reem (reem@moz-2icmmi.ca.comcast.net) (Ping timeout: 121 seconds)
[23:10:10] *** Joins: reem (reem@moz-8dus3h.coob.q2h1.0009.2601.IP)
[23:14:18] *** Quits: reem (reem@moz-8dus3h.coob.q2h1.0009.2601.IP) (Ping timeout: 121 seconds)
[23:59:13] *** Quits: pnkfelix (pnkfelix@moz-eljppb.fbx.proxad.net) (Connection closed)
