[00:00:59] *** Joins: jakevn (jakevn@moz-0agbgk.miamfl.sbcglobal.net)
[00:01:41] <FerrousOxide> although it looks like src/tiff/decoder.rs:402 has a case for Gray(16)
[00:08:10] *** Quits: jakevn (jakevn@moz-0agbgk.miamfl.sbcglobal.net) (Ping timeout: 121 seconds)
[00:08:12] *** Quits: harrisonclarke (harrisoncla@moz-uur7pt.eastlink.ca) (Connection closed)
[00:09:47] *** Joins: harrisonclarke (harrisoncla@moz-uur7pt.eastlink.ca)
[00:11:28] *** Quits: jaen (jaen@moz-ifmik2.copit.pl) (Quit: WeeChat 1.2)
[00:25:26] *** Quits: zeiris (dan@moz-nfg.gu4.131.104.IP) (Ping timeout: 121 seconds)
[00:27:08] *** Quits: bss (brian@moz-aiivjq.east.myfairpoint.net) (Ping timeout: 121 seconds)
[00:27:37] *** Quits: harrisonclarke (harrisoncla@moz-uur7pt.eastlink.ca) (Ping timeout: 121 seconds)
[00:27:38] *** Quits: Tiffany (tiffany@moz-6q5ofr.lyrical.lymia.moe) (Ping timeout: 121 seconds)
[00:28:03] *** Quits: Asandari (Asandari@moz-emp96u.cable.teksavvy.com) (Ping timeout: 121 seconds)
[00:28:12] *** Quits: ytain (ytain@moz-ucq.1re.175.108.IP) (Ping timeout: 121 seconds)
[00:28:16] *** Quits: uwap (uwap@moz-damjth.com) (Ping timeout: 121 seconds)
[00:28:22] *** Quits: erickt (erickt@moz-4hh.6p3.217.74.IP) (Ping timeout: 121 seconds)
[00:28:22] *** Quits: Wild_Cat (Max@moz-8834b3.cpe.pppoe.ca) (Ping timeout: 121 seconds)
[00:28:22] *** Quits: Shados (shados@moz-7qnm64.net) (Ping timeout: 121 seconds)
[00:28:24] *** Quits: crisco_ (crisco@moz-9ep.2hu.34.110.IP) (Ping timeout: 121 seconds)
[00:28:47] *** Joins: zacstewart (zacstewart@moz-dt6.k3d.191.67.IP)
[00:30:30] *** Joins: crisco (crisco@moz-9ep.2hu.34.110.IP)
[00:30:35] *** Joins: Wild_Cat (Max@moz-8834b3.cpe.pppoe.ca)
[00:32:38] *** Joins: zacstewa_ (zacstewart@moz-dt6.k3d.191.67.IP)
[00:32:44] *** Quits: zacstewart (zacstewart@moz-dt6.k3d.191.67.IP) (Connection closed)
[00:33:41] *** Joins: uwap (uwap@moz-damjth.com)
[00:34:22] *** Joins: amstrad (chatzilla@moz-l701jl.xnet.co.nz)
[00:34:35] *** Quits: crisco (crisco@moz-9ep.2hu.34.110.IP) (Ping timeout: 121 seconds)
[00:34:37] *** Quits: Wild_Cat (Max@moz-8834b3.cpe.pppoe.ca) (Ping timeout: 121 seconds)
[00:35:20] *** Quits: FerrousOxide (bzlandfill@moz-c9q.l3k.113.74.IP) (Quit: CGI:IRC (Ping timeout))
[00:37:47] *** Joins: Tiffany (tiffany@moz-6q5ofr.lyrical.lymia.moe)
[00:39:44] *** Quits: James_ (quassel@moz-id3rei.range86-163.btcentralplus.com) (Ping timeout: 121 seconds)
[00:39:46] *** Quits: zacstewa_ (zacstewart@moz-dt6.k3d.191.67.IP) (Connection closed)
[00:43:49] *** Quits: Jesin (Jesin@moz-a40b39.eecs.lehigh.edu) (Quit: Leaving)
[00:45:30] *** Joins: dermetfan (chatzilla@moz-1p74cd.pools.vodafone-ip.de)
[00:45:40] *** Parts: dermetfan (chatzilla@moz-1p74cd.pools.vodafone-ip.de) ("")
[00:45:48] *** Joins: Wild_Cat (Max@moz-8834b3.cpe.pppoe.ca)
[00:49:54] *** Quits: Wild_Cat (Max@moz-8834b3.cpe.pppoe.ca) (Ping timeout: 121 seconds)
[00:50:03] *** Joins: Wild_Cat (Max@moz-8834b3.cpe.pppoe.ca)
[00:50:12] *** Joins: crisco (crisco@moz-9ep.2hu.34.110.IP)
[00:50:14] *** Joins: harrisonclarke (harrisoncla@moz-uur7pt.eastlink.ca)
[00:53:26] *** Quits: demilux (demilux@moz-fk1.kt4.14.64.IP) (A TLS packet with unexpected length was received.)
[00:54:26] *** Quits: harrisonclarke (harrisoncla@moz-uur7pt.eastlink.ca) (Ping timeout: 121 seconds)
[00:54:27] *** Quits: crisco (crisco@moz-9ep.2hu.34.110.IP) (Ping timeout: 121 seconds)
[00:54:28] *** Quits: Wild_Cat (Max@moz-8834b3.cpe.pppoe.ca) (Ping timeout: 121 seconds)
[00:54:31] *** Joins: Johannes_ (Johannes@moz-4et8d7.ocn.ne.jp)
[00:55:33] *** Joins: Wild_Cat (Max@moz-8834b3.cpe.pppoe.ca)
[00:55:52] *** Joins: enamex (Mibbit@moz-j3c.2p6.36.197.IP)
[00:57:26] *** Quits: Johannes (Johannes@moz-4et8d7.ocn.ne.jp) (Ping timeout: 121 seconds)
[00:57:56] *** Joins: crisco (crisco@moz-9ep.2hu.34.110.IP)
[00:58:10] *** Joins: harrisonclarke (harrisoncla@moz-uur7pt.eastlink.ca)
[00:58:14] *** Joins: bss (brian@moz-aiivjq.east.myfairpoint.net)
[00:59:11] *** Joins: jakevn (jakevn@moz-0agbgk.miamfl.sbcglobal.net)
[01:01:38] *** Quits: shadower (shadower@moz-3ah4n5.osop.rhcloud.com) (Ping timeout: 121 seconds)
[01:01:39] *** Joins: zacstewart (zacstewart@moz-dt6.k3d.191.67.IP)
[01:02:01] *** Quits: crisco (crisco@moz-9ep.2hu.34.110.IP) (Ping timeout: 121 seconds)
[01:02:14] *** Joins: RCIX (RCIX@moz-0emuve.reverse.softlayer.com)
[01:02:15] *** Quits: harrisonclarke (harrisoncla@moz-uur7pt.eastlink.ca) (Ping timeout: 121 seconds)
[01:02:16] *** Quits: bss (brian@moz-aiivjq.east.myfairpoint.net) (Ping timeout: 121 seconds)
[01:02:32] *** Joins: harrisonclarke (harrisoncla@moz-uur7pt.eastlink.ca)
[01:02:42] *** Joins: bss (brian@moz-aiivjq.east.myfairpoint.net)
[01:02:46] *** Joins: crisco (crisco@moz-9ep.2hu.34.110.IP)
[01:03:40] *** Joins: Asandari (Asandari@moz-emp96u.cable.teksavvy.com)
[01:04:22] *** Joins: Shados (shados@moz-7qnm64.net)
[01:04:57] *** Quits: RC9 (RCIX@moz-9jp.dfa.8.198.IP) (Ping timeout: 121 seconds)
[01:05:35] *** Quits: enamex (Mibbit@moz-j3c.2p6.36.197.IP) (Quit: http://www.mibbit.com ajax IRC Client)
[01:08:02] *** Quits: crisco (crisco@moz-9ep.2hu.34.110.IP) (Connection closed)
[01:08:06] *** Joins: crisco (crisco@moz-9ep.2hu.34.110.IP)
[01:08:12] *** Quits: Asandari (Asandari@moz-emp96u.cable.teksavvy.com) (Ping timeout: 121 seconds)
[01:08:12] *** Joins: SiegeLord (sl@moz-9jtaei.ca.comcast.net)
[01:08:19] *** Joins: harrison_ (harrisoncla@moz-uur7pt.eastlink.ca)
[01:09:11] *** Joins: Asandari (Asandari@moz-emp96u.cable.teksavvy.com)
[01:09:19] *** Quits: harrisonclarke (harrisoncla@moz-uur7pt.eastlink.ca) (Connection closed)
[01:09:22] *** Quits: Shados (shados@moz-7qnm64.net) (Ping timeout: 121 seconds)
[01:09:23] *** Joins: Shados (shados@moz-7qnm64.net)
[01:11:36] *** Quits: zacstewart (zacstewart@moz-dt6.k3d.191.67.IP) (Ping timeout: 121 seconds)
[01:11:43] *** Joins: zacstewart (zacstewart@moz-dt6.k3d.191.67.IP)
[01:14:12] *** Quits: cakecatz (cakecatz@moz-o0s5rh.sannet.ne.jp) (Quit: My Mac has gone to sleep. ZZZzzz…)
[01:14:42] *** Joins: indefini (indefini@moz-4p4v25.ucom.ne.jp)
[01:17:32] *** Joins: m-n (user@moz-01pnft.il.comcast.net)
[01:21:13] *** Quits: zacstewart (zacstewart@moz-dt6.k3d.191.67.IP) (Connection closed)
[01:23:42] *** Joins: Lostfile (lostfile14@moz-dmnt62.fios.verizon.net)
[01:25:54] <Lostfile> hello
[01:26:39] <Lostfile> so is this channel for rust the sand box game or some thing esl
[01:27:17] <Elaine> something else, see the topic.
[01:27:54] <niconii> Lostfile: this is for game development in rust the programming language
[01:28:56] <niconii> Lostfile: no relation to rust the sandbox game at all
[01:30:11] *** Joins: ytain (ytain@moz-ucq.1re.175.108.IP)
[01:35:34] *** Joins: aatch (james@moz-i1k1ks.tlms.2o1v.e006.2406.IP)
[01:36:39] <Lostfile> sorry
[01:36:51] <Elaine> np
[01:37:49] <Lostfile> ok i will go for now this is a tester server only
[01:38:12] *** Parts: Lostfile (lostfile14@moz-dmnt62.fios.verizon.net) ()
[01:38:30] *** Quits: Kingsquee (kingsley@moz-33q6f3.bchsia.telus.net) (A TLS packet with unexpected length was received.)
[01:38:33] *** Joins: Kingsquee (kingsley@moz-33q6f3.bchsia.telus.net)
[01:40:06] *** Joins: RCsurface (RCIX@moz-vnmep7.ph.cox.net)
[01:41:57] *** Quits: RCIX (RCIX@moz-0emuve.reverse.softlayer.com) (Ping timeout: 121 seconds)
[01:42:36] *** Joins: whidgle (Mibbit@moz-go73gp.fios.verizon.net)
[01:42:48] *** Quits: whidgle (Mibbit@moz-go73gp.fios.verizon.net) (Quit: http://www.mibbit.com ajax IRC Client)
[01:57:59] *** Joins: esclear_ (esclear@moz-g51a51.dip0.t-ipconnect.de)
[02:00:42] *** Quits: esclear (esclear@moz-bh3ajn.dip0.t-ipconnect.de) (Ping timeout: 121 seconds)
[02:09:24] *** Quits: jakevn (jakevn@moz-0agbgk.miamfl.sbcglobal.net) (Ping timeout: 121 seconds)
[02:12:41] *** Joins: RCIX (RCIX@moz-vnmep7.ph.cox.net)
[02:13:14] *** Joins: jakevn (jakevn@moz-0agbgk.miamfl.sbcglobal.net)
[02:14:04] *** Quits: Hyeon (simnalambur@moz-9fr.3ug.41.14.IP) (Ping timeout: 121 seconds)
[02:14:26] *** Joins: Hyeon (simnalambur@moz-9fr.3ug.41.14.IP)
[02:14:57] *** Quits: RCsurface (RCIX@moz-vnmep7.ph.cox.net) (Ping timeout: 121 seconds)
[02:15:28] *** Joins: cakecatz (cakecatz@moz-u6p4rc.so-net.ne.jp)
[02:17:06] <gsingh93> tomaka: the vec of UniformValues thing we were talking about earlier worked nicely
[02:17:19] <gsingh93> it would be nice if that was in the library
[02:17:51] <gsingh93> in fact, i don't see the benefit of UniformStorage over that?
[02:18:21] *** Quits: jakevn (jakevn@moz-0agbgk.miamfl.sbcglobal.net) (Ping timeout: 121 seconds)
[02:20:49] *** Joins: jakevn (jakevn@moz-0agbgk.miamfl.sbcglobal.net)
[02:22:46] *** Joins: zacstewart (zacstewart@moz-dt6.k3d.191.67.IP)
[02:23:30] *** Quits: amstrad (chatzilla@moz-l701jl.xnet.co.nz) (Connection closed)
[02:25:06] *** Joins: amstrad (chatzilla@moz-l701jl.xnet.co.nz)
[02:25:57] *** Quits: jakevn (jakevn@moz-0agbgk.miamfl.sbcglobal.net) (Ping timeout: 121 seconds)
[02:29:19] *** Quits: meh (meh@moz-s7tbf9.42-151.net24.it) (Ping timeout: 121 seconds)
[02:30:32] *** Joins: jakevn (jakevn@moz-0agbgk.miamfl.sbcglobal.net)
[02:32:44] *** Quits: kimundi (kimundi@moz-2dkqph.dip0.t-ipconnect.de) (Ping timeout: 121 seconds)
[02:33:01] *** Joins: ipetkov (ipetkov@moz-2v9vq9.oc.cox.net)
[02:34:04] *** Joins: kimundi (kimundi@moz-didlps.13u2.kfms.57bc.2002.IP)
[02:42:23] *** Quits: dmac (dmac@moz-4kcd1c.ca.comcast.net) (Ping timeout: 121 seconds)
[02:48:10] *** Quits: Kingsquee (kingsley@moz-33q6f3.bchsia.telus.net) (Ping timeout: 121 seconds)
[02:52:31] *** Joins: Jesin (Jesin@moz-a40b39.eecs.lehigh.edu)
[02:54:37] *** Quits: jakevn (jakevn@moz-0agbgk.miamfl.sbcglobal.net) (Ping timeout: 121 seconds)
[03:01:03] *** Joins: rustbot (havvy@moz-tb54ql.airspeedinternet.net)
[03:02:00] *** Joins: brson (brson@moz-lrp27o.hsia.telus.net)
[03:02:12] *** Quits: bss (brian@moz-aiivjq.east.myfairpoint.net) (Quit: Leaving.)
[03:02:14] *** Joins: p1start (p1start@moz-nftjhe.org)
[03:03:25] *** Joins: zeiris (dan@moz-nfg.gu4.131.104.IP)
[03:03:58] *** Quits: mark_edward (mark@moz-dg4mrp.in.comcast.net) (Ping timeout: 121 seconds)
[03:05:42] *** Quits: zacstewart (zacstewart@moz-dt6.k3d.191.67.IP) (Ping timeout: 121 seconds)
[03:07:33] *** Joins: dmac (dmac@moz-2ig65r.ca.comcast.net)
[03:08:22] *** Joins: zacstewart (zacstewart@moz-dt6.k3d.191.67.IP)
[03:15:29] *** Joins: Feyn (aram@moz-5vj.68e.115.42.IP)
[03:17:17] *** Joins: mark_edward (mark@moz-dg4mrp.in.comcast.net)
[03:18:46] *** Joins: RC9 (RCIX@moz-vnmep7.ph.cox.net)
[03:23:59] *** Joins: meteredsection (meteredsect@moz-k1pkr3.wa.comcast.net)
[03:26:24] *** Quits: zacstewart (zacstewart@moz-dt6.k3d.191.67.IP) (Ping timeout: 121 seconds)
[03:26:29] *** Joins: zacstewa_ (zacstewart@moz-dt6.k3d.191.67.IP)
[03:26:57] *** Quits: wcosta (wander@moz-vv8.2lp.110.179.IP) (Connection closed)
[03:29:05] *** Joins: wcosta (wander@moz-vv8.2lp.110.179.IP)
[03:38:54] *** Joins: summerlight (summerlight@moz-lb3.6do.193.175.IP)
[03:39:56] *** Quits: zyphrus (David@moz-3h0.d1d.98.101.IP) (Ping timeout: 121 seconds)
[03:41:56] *** Quits: Johannes_ (Johannes@moz-4et8d7.ocn.ne.jp) (Connection closed)
[03:45:01] *** Joins: dpc (dpc@moz-t6gr4b.ca.comcast.net)
[03:45:25] *** Quits: zacstewa_ (zacstewart@moz-dt6.k3d.191.67.IP) (Ping timeout: 121 seconds)
[03:47:49] *** Joins: zacstewart (zacstewart@moz-dt6.k3d.191.67.IP)
[03:48:24] *** Quits: cakecatz (cakecatz@moz-u6p4rc.so-net.ne.jp) (Quit: My Mac has gone to sleep. ZZZzzz…)
[03:48:31] *** Quits: dmac (dmac@moz-2ig65r.ca.comcast.net) (Ping timeout: 121 seconds)
[03:50:09] *** Quits: harrison_ (harrisoncla@moz-uur7pt.eastlink.ca) (Connection closed)
[03:51:33] *** Quits: p1start (p1start@moz-nftjhe.org) (Ping timeout: 121 seconds)
[03:54:52] *** Joins: cakecatz (cakecatz@moz-u6p4rc.so-net.ne.jp)
[03:59:13] *** Joins: jakevn (jakevn@moz-0agbgk.miamfl.sbcglobal.net)
[04:00:47] *** Joins: harrisonclarke (harrisoncla@moz-uur7pt.eastlink.ca)
[04:02:10] *** Joins: Johannes (Johannes@moz-4et8d7.ocn.ne.jp)
[04:03:41] *** Quits: DDR (David@moz-m0hr92.vc.shawcable.net) (Ping timeout: 121 seconds)
[04:05:20] *** Joins: demilux (demilux@moz-73qa6c.wa.comcast.net)
[04:05:51] *** Quits: zacstewart (zacstewart@moz-dt6.k3d.191.67.IP) (Ping timeout: 121 seconds)
[04:05:58] *** Joins: dmac (dmac@moz-2ig65r.ca.comcast.net)
[04:07:07] *** Joins: zacstewart (zacstewart@moz-dt6.k3d.191.67.IP)
[04:09:09] *** Quits: orangeshark (erik@moz-4vq4hs.44tj.56ot.0306.2602.IP) (Quit: Leaving)
[04:09:27] *** Quits: jakevn (jakevn@moz-0agbgk.miamfl.sbcglobal.net) (Ping timeout: 121 seconds)
[04:12:58] *** wcosta is now known as wcosta|zzz
[04:13:55] *** Quits: SpaceManiac (Tad@moz-bd3s4o.dyn.suddenlink.net) (Quit: Leaving)
[04:15:39] *** Quits: ytain (ytain@moz-ucq.1re.175.108.IP) (Quit: Textual IRC Client: www.textualapp.com)
[04:25:16] *** Joins: EspressoDan (EspressoDan@moz-oc3.uaj.241.66.IP)
[04:25:55] *** Quits: Wild_Cat (Max@moz-8834b3.cpe.pppoe.ca) (Ping timeout: 121 seconds)
[04:29:08] *** Quits: demilux (demilux@moz-73qa6c.wa.comcast.net) (A TLS packet with unexpected length was received.)
[04:31:32] *** Joins: demilux (demilux@moz-73qa6c.wa.comcast.net)
[04:32:55] *** Quits: mib_e80euj (Mibbit@moz-g6k.oht.161.46.IP) (Quit: http://www.mibbit.com ajax IRC Client)
[04:37:14] *** Quits: zacstewart (zacstewart@moz-dt6.k3d.191.67.IP) (Ping timeout: 121 seconds)
[04:41:46] *** Joins: zacstewart (zacstewart@moz-dt6.k3d.191.67.IP)
[04:41:49] *** Quits: harrisonclarke (harrisoncla@moz-uur7pt.eastlink.ca) (Connection closed)
[04:42:27] *** Quits: m-n (user@moz-01pnft.il.comcast.net) (Connection closed)
[04:43:34] *** Quits: ipetkov (ipetkov@moz-2v9vq9.oc.cox.net) (Client exited)
[04:45:09] *** Parts: EspressoDan (EspressoDan@moz-oc3.uaj.241.66.IP) ()
[04:48:17] *** Quits: cakecatz (cakecatz@moz-u6p4rc.so-net.ne.jp) (Ping timeout: 121 seconds)
[04:48:34] *** Quits: demilux (demilux@moz-73qa6c.wa.comcast.net) (A TLS packet with unexpected length was received.)
[04:49:29] *** Joins: cakecatz (cakecatz@moz-u6p4rc.so-net.ne.jp)
[04:54:55] *** Quits: brson (brson@moz-lrp27o.hsia.telus.net) (Quit: leaving)
[04:56:27] *** Quits: cakecatz (cakecatz@moz-u6p4rc.so-net.ne.jp) (Quit: My Mac has gone to sleep. ZZZzzz…)
[05:06:10] *** Joins: ratboy (ratboy@moz-4e541i.adsl.tnnet.fi)
[05:14:46] *** Joins: mindtree (Mitch@moz-m7671p.iprimus.net.au)
[05:17:29] *** Joins: demilux (demilux@moz-73qa6c.wa.comcast.net)
[05:25:55] <tomaka> gsingh93: creating a Vec allocates on the heap
[05:26:01] <tomaka> so you have a potential cache miss
[05:26:18] <tomaka> and with UniformStorage I expect the compiler to optimize to remove the UniformStorage entirely
[05:26:39] <tomaka> which it won't be able to do if you put the values in a Vec
[05:26:44] *** Quits: zacstewart (zacstewart@moz-dt6.k3d.191.67.IP) (Ping timeout: 121 seconds)
[05:28:08] *** Joins: laggybit (laggybit@moz-prre92.mc.videotron.ca)
[05:29:55] *** Joins: zacstewart (zacstewart@moz-dt6.k3d.191.67.IP)
[05:34:13] *** Joins: cakecatz (cakecatz@moz-u6p4rc.so-net.ne.jp)
[05:38:35] *** Quits: kalail (uid62296@moz-5ck9vu.charlton.irccloud.com) (Quit: Connection closed for inactivity)
[05:38:41] *** Quits: demilux (demilux@moz-73qa6c.wa.comcast.net) (A TLS packet with unexpected length was received.)
[05:38:53] *** Joins: rbrs (Thunderbird@moz-m5thmg.static.zebra.lt)
[05:45:06] *** Joins: demilux (demilux@moz-73qa6c.wa.comcast.net)
[05:45:49] *** Quits: aatch (james@moz-i1k1ks.tlms.2o1v.e006.2406.IP) (Quit: Leaving)
[05:46:02] *** Quits: zacstewart (zacstewart@moz-dt6.k3d.191.67.IP) (Ping timeout: 121 seconds)
[05:48:04] *** Joins: zacstewart (zacstewart@moz-dt6.k3d.191.67.IP)
[05:51:04] *** Joins: canhtak (jeremy@moz-kcs.u0t.149.5.IP)
[05:52:24] *** Quits: demilux (demilux@moz-73qa6c.wa.comcast.net) (A TLS packet with unexpected length was received.)
[05:53:43] *** Joins: jakevn (jakevn@moz-0agbgk.miamfl.sbcglobal.net)
[05:56:46] *** Joins: Kingsquee (kingsley@moz-33q6f3.bchsia.telus.net)
[05:57:24] *** Quits: canhtak (jeremy@moz-kcs.u0t.149.5.IP) (Ping timeout: 121 seconds)
[06:00:03] *** Joins: James_ (quassel@moz-id3rei.range86-163.btcentralplus.com)
[06:00:53] *** Quits: jakevn (jakevn@moz-0agbgk.miamfl.sbcglobal.net) (Ping timeout: 121 seconds)
[06:02:01] *** Joins: erickt (erickt@moz-njt.vqi.14.76.IP)
[06:06:03] *** Quits: zacstewart (zacstewart@moz-dt6.k3d.191.67.IP) (Ping timeout: 121 seconds)
[06:06:57] *** Joins: zacstewart (zacstewart@moz-dt6.k3d.191.67.IP)
[06:08:03] *** Joins: wipeD (wipeD@moz-qaj8rt.dip0.t-ipconnect.de)
[06:11:14] *** Joins: mib_li9tzx (Mibbit@moz-b5c.ufh.250.118.IP)
[06:11:24] *** Quits: cakecatz (cakecatz@moz-u6p4rc.so-net.ne.jp) (Quit: My Mac has gone to sleep. ZZZzzz…)
[06:13:56] *** Quits: mib_li9tzx (Mibbit@moz-b5c.ufh.250.118.IP) (Quit: http://www.mibbit.com ajax IRC Client)
[06:14:19] *** Quits: Gamecubic (cubic@moz-bglmk5.mc.videotron.ca) (Quit: Leaving)
[06:17:20] *** Joins: dmac_ (dmac@moz-2ig65r.ca.comcast.net)
[06:20:19] *** Quits: Jesin (Jesin@moz-a40b39.eecs.lehigh.edu) (Quit: Leaving)
[06:24:53] *** Quits: SiegeLord (sl@moz-9jtaei.ca.comcast.net) (Quit: It's a joke, it's all a joke.)
[06:25:13] *** Quits: dpc (dpc@moz-t6gr4b.ca.comcast.net) (Ping timeout: 121 seconds)
[06:25:46] *** Joins: cakecatz (cakecatz@moz-u6p4rc.so-net.ne.jp)
[06:26:09] *** Quits: zacstewart (zacstewart@moz-dt6.k3d.191.67.IP) (Ping timeout: 121 seconds)
[06:27:04] *** Quits: cakecatz (cakecatz@moz-u6p4rc.so-net.ne.jp) (Quit: Textual IRC Client: www.textualapp.com)
[06:29:05] *** Joins: p1start (p1start@moz-nftjhe.org)
[06:31:56] *** Joins: zacstewart (zacstewart@moz-dt6.k3d.191.67.IP)
[06:32:18] *** Quits: dmac_ (dmac@moz-2ig65r.ca.comcast.net) (Ping timeout: 121 seconds)
[06:34:44] *** Quits: erickt (erickt@moz-njt.vqi.14.76.IP) (Ping timeout: 121 seconds)
[06:36:08] *** Joins: OmniMancer (OmniMancer@moz-c6acf1.xtra.co.nz)
[06:37:34] *** Joins: erickt (erickt@moz-njt.vqi.14.76.IP)
[06:41:19] *** Joins: abhi (chatzilla@moz-2ui.rbd.113.115.IP)
[06:45:54] *** Quits: zacstewart (zacstewart@moz-dt6.k3d.191.67.IP) (Ping timeout: 121 seconds)
[06:47:05] *** Joins: squiddy (squiddy@moz-md4.pm3.19.178.IP)
[06:51:59] *** Joins: zacstewart (zacstewart@moz-dt6.k3d.191.67.IP)
[06:54:04] *** Quits: James_ (quassel@moz-id3rei.range86-163.btcentralplus.com) (Ping timeout: 121 seconds)
[06:55:48] *** Joins: m104ru (m104ru@moz-j4k.8g6.153.93.IP)
[07:00:14] *** Quits: matp (matp@moz-rvt9hl.matp.at) (Connection closed)
[07:01:16] *** Quits: mceier (mceier@moz-fm89sb.dynamic.chello.pl) (Ping timeout: 121 seconds)
[07:03:19] *** Joins: mceier (mceier@moz-fm89sb.dynamic.chello.pl)
[07:06:06] *** Quits: zacstewart (zacstewart@moz-dt6.k3d.191.67.IP) (Ping timeout: 121 seconds)
[07:06:07] *** Joins: SneakySnake (nya@moz-i9is4u.pool.telekom.hu)
[07:09:50] *** Quits: SneakySnake (nya@moz-i9is4u.pool.telekom.hu) (Quit: Leaving)
[07:10:51] *** Joins: SneakySnake (nya@moz-i9is4u.pool.telekom.hu)
[07:13:21] *** Joins: zacstewart (zacstewart@moz-dt6.k3d.191.67.IP)
[07:17:33] *** Quits: meteredsection (meteredsect@moz-k1pkr3.wa.comcast.net) (Ping timeout: 121 seconds)
[07:26:23] *** Quits: zacstewart (zacstewart@moz-dt6.k3d.191.67.IP) (Ping timeout: 121 seconds)
[07:34:03] *** Joins: zacstewart (zacstewart@moz-dt6.k3d.191.67.IP)
[07:45:14] *** Joins: jakevn (jakevn@moz-0agbgk.miamfl.sbcglobal.net)
[07:46:01] *** Quits: zacstewart (zacstewart@moz-dt6.k3d.191.67.IP) (Ping timeout: 121 seconds)
[07:48:54] *** Joins: zacstewart (zacstewart@moz-dt6.k3d.191.67.IP)
[07:53:25] *** Quits: jakevn (jakevn@moz-0agbgk.miamfl.sbcglobal.net) (Ping timeout: 121 seconds)
[07:57:11] *** Joins: gonzaloserrano (Adium@moz-1nv.3t7.97.62.IP)
[08:02:09] *** Joins: dmac_ (dmac@moz-2ig65r.ca.comcast.net)
[08:05:52] *** Quits: zacstewart (zacstewart@moz-dt6.k3d.191.67.IP) (Ping timeout: 121 seconds)
[08:08:12] *** Joins: zacstewart (zacstewart@moz-dt6.k3d.191.67.IP)
[08:09:42] *** Quits: rbrs (Thunderbird@moz-m5thmg.static.zebra.lt) (Ping timeout: 121 seconds)
[08:15:07] *** Quits: dmac_ (dmac@moz-2ig65r.ca.comcast.net) (Ping timeout: 121 seconds)
[08:16:21] *** Quits: erickt (erickt@moz-njt.vqi.14.76.IP) (Ping timeout: 121 seconds)
[08:16:33] *** Joins: dmac_ (dmac@moz-2ig65r.ca.comcast.net)
[08:16:47] *** Joins: mib_mtkhys (Mibbit@moz-nma.f89.254.103.IP)
[08:17:40] *** Parts: mib_mtkhys (Mibbit@moz-nma.f89.254.103.IP) ()
[08:25:39] *** Joins: matp (matp@moz-rvt9hl.matp.at)
[08:25:52] *** Quits: zacstewart (zacstewart@moz-dt6.k3d.191.67.IP) (Ping timeout: 121 seconds)
[08:27:48] *** Joins: fkaa (fkaa@moz-5g6.q1k.70.78.IP)
[08:29:11] *** Joins: Lilly (Lilly@moz-pfkvo9.bredband.comhem.se)
[08:29:12] <OmniMancer> does conrod get on with direct use of gfx?
[08:29:52] *** Joins: zacstewart (zacstewart@moz-dt6.k3d.191.67.IP)
[08:32:36] *** Quits: dmac_ (dmac@moz-2ig65r.ca.comcast.net) (Ping timeout: 121 seconds)
[08:34:19] *** Joins: shaw (shaw@moz-dsic97.members.linode.com)
[08:37:42] *** Joins: aepsil0n (eduard@moz-6491ha.mv2h.pepi.8071.2a02.IP)
[08:42:41] *** Joins: dmac_ (dmac@moz-2ig65r.ca.comcast.net)
[08:45:50] *** Quits: zacstewart (zacstewart@moz-dt6.k3d.191.67.IP) (Ping timeout: 121 seconds)
[08:48:12] *** Joins: zacstewart (zacstewart@moz-dt6.k3d.191.67.IP)
[08:49:23] *** Quits: RCIX (RCIX@moz-vnmep7.ph.cox.net) (Ping timeout: 121 seconds)
[08:49:30] *** Joins: arroyoc (chatzilla@moz-e563un.dynamic.orange.es)
[08:49:41] *** Quits: RC9 (RCIX@moz-vnmep7.ph.cox.net) (Ping timeout: 121 seconds)
[08:51:38] *** Quits: dmac_ (dmac@moz-2ig65r.ca.comcast.net) (Ping timeout: 121 seconds)
[08:52:42] *** Joins: Oflor (Oflor@moz-482d77.dsl.orel.ru)
[08:57:44] *** Joins: rbrs (Thunderbird@moz-m5thmg.static.zebra.lt)
[09:03:42] *** Quits: summerlight (summerlight@moz-lb3.6do.193.175.IP) (Ping timeout: 121 seconds)
[09:06:07] *** Quits: zacstewart (zacstewart@moz-dt6.k3d.191.67.IP) (Ping timeout: 121 seconds)
[09:12:03] *** Joins: zacstewart (zacstewart@moz-dt6.k3d.191.67.IP)
[09:26:07] *** Quits: zacstewart (zacstewart@moz-dt6.k3d.191.67.IP) (Ping timeout: 121 seconds)
[09:29:22] *** Joins: zacstewart (zacstewart@moz-dt6.k3d.191.67.IP)
[09:33:21] *** Joins: filsmick (filsmick@moz-8qcdgt.abo.wanadoo.fr)
[09:37:45] *** Joins: jakevn (jakevn@moz-0agbgk.miamfl.sbcglobal.net)
[09:45:17] *** Quits: Oflor (Oflor@moz-482d77.dsl.orel.ru) (Quit: Leaving)
[09:46:16] *** Quits: zacstewart (zacstewart@moz-dt6.k3d.191.67.IP) (Ping timeout: 121 seconds)
[09:46:57] *** Quits: jakevn (jakevn@moz-0agbgk.miamfl.sbcglobal.net) (Ping timeout: 121 seconds)
[09:49:31] *** Quits: aepsil0n (eduard@moz-6491ha.mv2h.pepi.8071.2a02.IP) (Connection closed)
[09:49:53] *** Quits: niconii (nicole@moz-cc4pm9.frgo.qwest.net) (Quit: leaving)
[09:50:07] *** Joins: zacstewart (zacstewart@moz-dt6.k3d.191.67.IP)
[09:50:41] *** Joins: lenstr (lenstr@moz-srm.vju.25.171.IP)
[09:51:15] *** Quits: lenstr (lenstr@moz-srm.vju.25.171.IP) (Quit: Leaving...)
[09:54:37] *** Quits: Kingsquee (kingsley@moz-33q6f3.bchsia.telus.net) (Quit: Konversation terminated!)
[10:01:17] *** Joins: aatch (james@moz-is4j4r.cable.telstraclear.net)
[10:05:13] *** Quits: Lilly (Lilly@moz-pfkvo9.bredband.comhem.se) (Quit: bajs)
[10:06:05] *** Quits: zacstewart (zacstewart@moz-dt6.k3d.191.67.IP) (Ping timeout: 121 seconds)
[10:07:55] *** Joins: harrisonclarke (harrisoncla@moz-uur7pt.eastlink.ca)
[10:12:04] *** Joins: zacstewart (zacstewart@moz-dt6.k3d.191.67.IP)
[10:14:28] *** Joins: summerlight (summerlight@moz-lb3.6do.193.175.IP)
[10:15:10] *** Quits: harrisonclarke (harrisoncla@moz-uur7pt.eastlink.ca) (Connection closed)
[10:18:38] *** Joins: harrisonclarke (harrisoncla@moz-uur7pt.eastlink.ca)
[10:24:58] *** Joins: genbattle (genbattle@moz-v78qjp.xtra.co.nz)
[10:26:02] *** Quits: zacstewart (zacstewart@moz-dt6.k3d.191.67.IP) (Ping timeout: 121 seconds)
[10:26:32] *** Quits: indefini (indefini@moz-4p4v25.ucom.ne.jp) (Connection closed)
[10:30:02] *** Quits: ratboy (ratboy@moz-4e541i.adsl.tnnet.fi) (Quit: (null))
[10:33:50] *** Joins: zacstewart (zacstewart@moz-dt6.k3d.191.67.IP)
[10:45:20] *** Quits: filsmick (filsmick@moz-8qcdgt.abo.wanadoo.fr) (Quit: )
[10:46:46] *** Quits: zacstewart (zacstewart@moz-dt6.k3d.191.67.IP) (Ping timeout: 121 seconds)
[10:48:57] *** Joins: zacstewart (zacstewart@moz-dt6.k3d.191.67.IP)
[10:49:28] *** Quits: genbattle (genbattle@moz-v78qjp.xtra.co.nz) (Ping timeout: 121 seconds)
[10:50:34] *** Joins: jaen (jaen@moz-ifmik2.copit.pl)
[10:51:00] *** Quits: dmac (dmac@moz-2ig65r.ca.comcast.net) (Connection closed)
[10:52:10] *** Joins: dmac_ (dmac@moz-2ig65r.ca.comcast.net)
[10:53:21] *** Joins: ratboy (ratboy@moz-4e541i.adsl.tnnet.fi)
[10:56:16] *** Quits: dmac_ (dmac@moz-2ig65r.ca.comcast.net) (Ping timeout: 121 seconds)
[10:58:03] *** Joins: dmac_ (dmac@moz-2ig65r.ca.comcast.net)
[10:59:53] *** Quits: harrisonclarke (harrisoncla@moz-uur7pt.eastlink.ca) (Connection closed)
[11:02:09] *** Quits: dmac_ (dmac@moz-2ig65r.ca.comcast.net) (Ping timeout: 121 seconds)
[11:02:32] *** Joins: mr_wibble (Mibbit@moz-qhstll.dsl.as9105.com)
[11:05:57] *** Quits: brandonw (brandonw@moz-36sv6k.ma.charter.com) (Ping timeout: 121 seconds)
[11:05:58] *** Quits: zacstewart (zacstewart@moz-dt6.k3d.191.67.IP) (Ping timeout: 121 seconds)
[11:08:04] *** Joins: zacstewart (zacstewart@moz-dt6.k3d.191.67.IP)
[11:09:51] *** Joins: harrisonclarke (harrisoncla@moz-uur7pt.eastlink.ca)
[11:13:53] *** Quits: harrisonclarke (harrisoncla@moz-uur7pt.eastlink.ca) (Ping timeout: 121 seconds)
[11:16:13] *** Quits: tomaka (Pierre@moz-0go8qj.abo.wanadoo.fr) (Ping timeout: 121 seconds)
[11:24:52] *** Joins: tomaka (Pierre@moz-0go8qj.abo.wanadoo.fr)
[11:25:37] <tomaka> aatch: if your wave-decoding crate public?
[11:25:55] *** Quits: zacstewart (zacstewart@moz-dt6.k3d.191.67.IP) (Ping timeout: 121 seconds)
[11:26:03] *** Joins: zacstewart (zacstewart@moz-dt6.k3d.191.67.IP)
[11:26:41] <aatch> tomaka, not yet. Haven't figured out a good way of structuring it yet.
[11:28:50] *** Joins: zacstewa_ (zacstewart@moz-dt6.k3d.191.67.IP)
[11:28:58] *** zacstewa_ is now known as zacstewart_
[11:29:46] *** Quits: zacstewart_ (zacstewart@moz-dt6.k3d.191.67.IP) (Quit: Leaving...)
[11:29:56] *** Joins: zacstewa_ (zacstewart@moz-dt6.k3d.191.67.IP)
[11:30:04] *** zacstewa_ is now known as zacstewart_
[11:30:09] *** Quits: zacstewart (zacstewart@moz-dt6.k3d.191.67.IP) (Ping timeout: 121 seconds)
[11:30:15] *** zacstewart_ is now known as zacstewart
[11:42:00] <cods> tomaka: I must say it again, but Glium is really amazing. I never done OpenGL programs so easily and yet that are *fast* (regarding data to prepare/feed to Opengl)! Rust + Glium is a great combo :)
[11:42:25] <tomaka> thanks :o
[11:43:30] *** Quits: zacstewart (zacstewart@moz-dt6.k3d.191.67.IP) (Connection closed)
[11:43:53] *** Joins: zacstewart (zacstewart@moz-dt6.k3d.191.67.IP)
[11:44:08] <fkaa> :o)
[11:44:24] <tomaka> hey that's my smiley
[11:45:15] <fkaa> :o(
[11:52:25] *** Joins: Gamecubic (cubic@moz-bglmk5.mc.videotron.ca)
[11:54:26] *** Joins: bss (brian@moz-aiivjq.east.myfairpoint.net)
[11:58:21] <tomaka> eddyb: let's say I have an unsized struct, like `struct Foo { val1: u32, rest: [u32] }`
[11:58:33] <eddyb> no there's no way to initialize it
[11:58:38] <tomaka> ah
[11:58:39] <eddyb> yes I want to add a way to initialize it
[11:58:41] <eddyb> :P
[11:58:45] <tomaka> thanks :o
[11:58:48] *** Joins: dmac_ (dmac@moz-2ig65r.ca.comcast.net)
[11:59:00] <eddyb> out of curiosity, can you explain your usecase?
[11:59:04] <eddyb> could help with an RFC
[11:59:15] <tomaka> with OpenGL
[11:59:28] <eddyb> what I have in mind would work with fixed-length arrays and maybe VLAs
[11:59:29] <tomaka> you can pass a buffer with the same layout as Foo above
[11:59:37] <tomaka> and the size is determined at runtime as well
[11:59:53] <tomaka> currently I have a type Buffer<T> which contains an array of Ts
[11:59:59] <eddyb> would rest: [value; runtime_length] work for you?
[12:00:02] <tomaka> but ideally I'd like to switch that to Buffer<[T]>
[12:00:12] <eddyb> hmm
[12:00:27] <tomaka> my problem is not just initializing a Foo
[12:00:47] <eddyb> tomaka: if you're using unsafe code you can do almost everything yourself
[12:01:11] <tomaka> well, I think I'd still need the Unsize trait
[12:01:14] <tomaka> and it's unstable
[12:01:25] <tomaka> maybe I could manually rewrite an equivalent of Unsize
[12:02:53] *** Quits: dmac_ (dmac@moz-2ig65r.ca.comcast.net) (Ping timeout: 121 seconds)
[12:02:56] <eddyb> do you need Buffer<[T; N]> -> Buffer<[T]>?
[12:03:44] <eddyb> tomaka: how does Buffer store its data?
[12:03:50] <tomaka> I'd like people to be able to call  Buffer::<[T]>::new() with a [T; N] as parameter
[12:04:16] <tomaka> hmmm, wait
[12:04:23] <tomaka> a &[T] would work
[12:04:47] <tomaka> storage is not an issue, it's stored with OpenGL
[12:05:16] <eddyb> Array: Unsize<[T]> is an evil trick :P
[12:05:25] <tomaka> But wait
[12:05:37] <tomaka> if the user calls Buffer::<[T]>::empty to create an empty buffer
[12:05:49] <tomaka> how do I know the size of the buffer?
[12:06:05] <tomaka> because the user must also be able to call Buffer::<UnsizedStruct>::empty
[12:06:16] <tomaka> hmmm
[12:06:31] <tomaka> I guess the user would need to pass the size in bytes, which is not great
[12:08:24] <tomaka> what I have in mind is:   impl<T: ?Size> Buffer<T>  {  fn new(initial_data: &T) -> Buffer<T> { ... }   }
[12:08:41] *** Joins: ytain (ytain@moz-ucq.1re.175.108.IP)
[12:08:45] <tomaka> but I don't even think there's a way to get the actual size of the data pointed by the &T
[12:09:17] <tomaka> and   impl<T: ?Sized> Buffer<T>   {   fn empty(len: usize) -> Buffer<T> { ... }  }
[12:09:41] <tomaka> but passing the length in bytes is not great
[12:09:42] *** Joins: Jackneill (Jackneill@moz-qqg122.pool.digikabel.hu)
[12:10:35] *** Joins: fmtq (quassel@moz-54c141.sk83.bjud.7e00.2a01.IP)
[12:13:15] *** Joins: eddyb_ (eddyb@moz-vvc.hlc.26.188.IP)
[12:13:17] *** Quits: p1start (p1start@moz-nftjhe.org) (Ping timeout: 121 seconds)
[12:15:57] *** Quits: eddyb (eddyb@moz-l3g.mv7.25.188.IP) (Ping timeout: 121 seconds)
[12:16:18] *** Quits: tomaka (Pierre@moz-0go8qj.abo.wanadoo.fr) (Ping timeout: 121 seconds)
[12:18:19] *** Quits: Jackneill (Jackneill@moz-qqg122.pool.digikabel.hu) (A TLS packet with unexpected length was received.)
[12:20:07] *** Joins: Jackneill (Jackneill@moz-qqg122.pool.digikabel.hu)
[12:23:40] *** Joins: Lilly (Lilly@moz-pfkvo9.bredband.comhem.se)
[12:24:04] *** Quits: Jackneill (Jackneill@moz-qqg122.pool.digikabel.hu) (A TLS packet with unexpected length was received.)
[12:25:20] *** Quits: arroyoc (chatzilla@moz-e563un.dynamic.orange.es) (Quit: ChatZilla 0.9.91.1 [Firefox 38.0.5/20150525141253])
[12:28:44] *** Joins: tomaka (Pierre@moz-0go8qj.abo.wanadoo.fr)
[12:32:56] *** Quits: bss (brian@moz-aiivjq.east.myfairpoint.net) (Ping timeout: 121 seconds)
[12:33:46] *** Quits: kagami (kagami@moz-mof.5r5.61.185.IP) (Quit: Lost terminal)
[12:34:06] *** Joins: canhtak (jeremy@moz-kcs.u0t.149.5.IP)
[12:34:50] *** Joins: meh (meh@moz-s7tbf9.42-151.net24.it)
[12:36:07] *** Joins: ville (ville@moz-e3vb7v.elisa-laajakaista.fi)
[12:36:17] <ville> are there opengl bindings that follow the rust naming scheme?
[12:37:53] <eddyb_> ville: shallow bindings?
[12:38:05] <fkaa> gl-rs does `gl::BindTexture` i think
[12:38:13] <fkaa> hmm
[12:38:28] <ville> eddyb_: i am not sure what shallow means in this context
[12:38:43] <fkaa> it's all generated so maybe one could use a different naming
[12:38:43] <ville> fkaa: if that's a function then it's not very rust-like naming as far as i can tell. aren't functions snake_case?
[12:38:44] <eddyb_> just calling the C functions, no safety attached
[12:39:05] <eddyb_> as opposed to high-level wrappers
[12:39:46] <ville> eddyb_: i guess something in the middle i wouldn't  mind at least utilizing rust types to avoid passing wrong enum values and that sort of thing.
[12:40:27] <eddyb_> glium is as low as you can get while being memory-safe (assuming the driver and the hardware are sane)
[12:43:06] <ville> eddyb_: ok i'll give that a looksee
[12:43:17] *** Quits: canhtak (jeremy@moz-kcs.u0t.149.5.IP) (Client exited)
[12:44:37] *** Quits: aatch (james@moz-is4j4r.cable.telstraclear.net) (Connection closed)
[12:46:12] *** Joins: aatch (james@moz-is4j4r.cable.telstraclear.net)
[12:47:53] *** Joins: canhtak (jeremy@moz-kcs.u0t.149.5.IP)
[12:49:52] *** Joins: palodequeso (quassel@moz-ebjt83.hfc.comcastbusiness.net)
[12:50:32] *** Joins: bss (brian@moz-aiivjq.east.myfairpoint.net)
[12:53:00] *** Joins: lenstr (lenstr@moz-ams.dee.149.83.IP)
[12:56:09] *** Quits: madmalik (uid13697@moz-lfin5p.brockwell.irccloud.com) (Quit: Connection closed for inactivity)
[12:56:44] *** Quits: ratboy (ratboy@moz-4e541i.adsl.tnnet.fi) (Quit: (null))
[12:58:20] *** eddyb_ is now known as eddyb
[12:59:32] *** Joins: dmac_ (dmac@moz-2ig65r.ca.comcast.net)
[13:01:36] *** Quits: canhtak (jeremy@moz-kcs.u0t.149.5.IP) (Client exited)
[13:02:24] *** Joins: zacstewa_ (zacstewart@moz-dt6.k3d.191.67.IP)
[13:02:43] *** Quits: zacstewart (zacstewart@moz-dt6.k3d.191.67.IP) (Connection closed)
[13:03:35] *** Quits: tomaka (Pierre@moz-0go8qj.abo.wanadoo.fr) (Ping timeout: 121 seconds)
[13:03:38] *** Quits: dmac_ (dmac@moz-2ig65r.ca.comcast.net) (Ping timeout: 121 seconds)
[13:05:23] *** Joins: tomaka (Pierre@moz-0go8qj.abo.wanadoo.fr)
[13:09:11] *** Quits: aatch (james@moz-is4j4r.cable.telstraclear.net) (Ping timeout: 121 seconds)
[13:11:42] *** Joins: filsmick (filsmick@moz-8qcdgt.abo.wanadoo.fr)
[13:13:16] *** Quits: lenstr (lenstr@moz-ams.dee.149.83.IP) (A TLS packet with unexpected length was received.)
[13:14:05] *** Joins: lenstr (lenstr@moz-g5f.jvq.149.83.IP)
[13:14:35] *** Quits: lenstr (lenstr@moz-g5f.jvq.149.83.IP) (Connection closed)
[13:15:21] *** Joins: lenstr (lenstr@moz-0ko.k4a.16.195.IP)
[13:15:47] *** Quits: lenstr (lenstr@moz-0ko.k4a.16.195.IP) (Connection closed)
[13:16:16] *** Joins: lenstr (lenstr@moz-80m.jvq.149.83.IP)
[13:17:38] *** Joins: lenstr_ (lenstr@moz-j65.jvq.149.83.IP)
[13:19:59] *** Quits: ytain (ytain@moz-ucq.1re.175.108.IP) (Quit: Textual IRC Client: www.textualapp.com)
[13:20:19] *** Quits: lenstr (lenstr@moz-80m.jvq.149.83.IP) (Ping timeout: 121 seconds)
[13:21:51] *** Quits: lenstr_ (lenstr@moz-j65.jvq.149.83.IP) (Ping timeout: 121 seconds)
[13:22:03] *** Joins: Wild_Cat (Max@moz-8834b3.cpe.pppoe.ca)
[13:26:11] *** Quits: OmniMancer (OmniMancer@moz-c6acf1.xtra.co.nz) (Quit: Leaving.)
[13:26:20] *** Joins: zacstewart (zacstewart@moz-dt6.k3d.191.67.IP)
[13:26:20] *** Quits: zacstewa_ (zacstewart@moz-dt6.k3d.191.67.IP) (Ping timeout: 121 seconds)
[13:32:32] *** Joins: lenstr (lenstr@moz-230.k4a.16.195.IP)
[13:33:18] *** Joins: Eonil (Eonil@moz-sqb.a6u.153.218.IP)
[13:34:59] *** Joins: ytain (ytain@moz-ucq.1re.175.108.IP)
[13:38:07] *** Quits: FreeFull (freefull@moz-f0afvo.range165-120.btcentralplus.com) (Quit: BBS)
[13:44:55] *** Joins: FreeFull (freefull@moz-f0afvo.range165-120.btcentralplus.com)
[13:46:14] *** Quits: zacstewart (zacstewart@moz-dt6.k3d.191.67.IP) (Ping timeout: 121 seconds)
[13:49:24] *** Quits: filsmick (filsmick@moz-8qcdgt.abo.wanadoo.fr) (Quit: )
[13:49:41] *** Joins: zacstewart (zacstewart@moz-dt6.k3d.191.67.IP)
[13:53:15] *** Quits: m104ru (m104ru@moz-j4k.8g6.153.93.IP) (Ping timeout: 121 seconds)
[14:00:17] *** Joins: dmac_ (dmac@moz-2ig65r.ca.comcast.net)
[14:04:23] *** Quits: dmac_ (dmac@moz-2ig65r.ca.comcast.net) (Ping timeout: 121 seconds)
[14:06:42] *** Quits: zacstewart (zacstewart@moz-dt6.k3d.191.67.IP) (Ping timeout: 121 seconds)
[14:11:03] *** Joins: zacstewart (zacstewart@moz-dt6.k3d.191.67.IP)
[14:13:14] *** Quits: Feyn (aram@moz-5vj.68e.115.42.IP) (Quit: Leaving)
[14:15:34] *** Joins: gonzaloserrano1 (Adium@moz-1nv.3t7.97.62.IP)
[14:17:19] *** Quits: gonzaloserrano (Adium@moz-1nv.3t7.97.62.IP) (Ping timeout: 121 seconds)
[14:25:57] *** Quits: zacstewart (zacstewart@moz-dt6.k3d.191.67.IP) (Ping timeout: 121 seconds)
[14:28:29] *** Quits: Eonil (Eonil@moz-sqb.a6u.153.218.IP) (Quit: This computer has gone to sleep)
[14:29:37] <gsingh93> tomaka: where are the AsUniformValue implementations for textures? I can't find them with grep
[14:30:35] *** Joins: zacstewart (zacstewart@moz-dt6.k3d.191.67.IP)
[14:32:40] *** Quits: wipeD (wipeD@moz-qaj8rt.dip0.t-ipconnect.de) (Connection closed)
[14:35:22] *** Joins: crisco_ (crisco@moz-s10.pkr.159.180.IP)
[14:37:39] *** Quits: crisco (crisco@moz-9ep.2hu.34.110.IP) (Ping timeout: 121 seconds)
[14:39:04] *** Joins: crisco__ (crisco@moz-9ep.2hu.34.110.IP)
[14:39:26] <tomaka> gsingh93: in build/main.rs
[14:39:48] <gsingh93> ah, i was only grepping through src
[14:40:14] <tomaka> no, build/texture.rs I mean
[14:40:23] <gsingh93> yea, i found them
[14:40:38] *** Quits: crisco_ (crisco@moz-s10.pkr.159.180.IP) (Ping timeout: 121 seconds)
[14:40:53] <gsingh93> another note, i found AsUniformValue annoying with copy types yesterday
[14:41:00] <gsingh93> i was using a vec of uniforms
[14:41:05] <gsingh93> and trying to put them in
[14:41:14] <gsingh93> but i ran into lifetime issues because the interface takes &self
[14:41:29] <gsingh93> so I had to directly construct the enum variants i.e UniformValue::Mat4()
[14:41:56] <tomaka> yeah that's because of the `matches` method
[14:42:26] <tomaka> hm, let me explain
[14:42:48] <tomaka> actually no, I'm not sure about what I'm thinking
[14:43:07] <tomaka> but that thing gave me troubles as well
[14:43:29] <tomaka> I'm not exactly sure why I'm not taking by value
[14:43:37] <tomaka> it was a long time ago
[14:43:45] <gsingh93> well you don't want to take the textures by value i think?
[14:44:03] <meh> don't they contain a Cow anyway?
[14:44:03] <tomaka> yeah, but that's not the problem since you could implement the trait on &Texture2d
[14:44:11] <gsingh93> oh right
[14:44:19] *** Quits: lenstr (lenstr@moz-230.k4a.16.195.IP) (Connection closed)
[14:44:20] *** Joins: lenstr_ (lenstr@moz-230.k4a.16.195.IP)
[14:44:38] *** Quits: laggybit (laggybit@moz-prre92.mc.videotron.ca) (Ping timeout: 121 seconds)
[14:44:39] <gsingh93> well, if you could make it take things by value, that would make it actually useful for me
[14:44:40] <tomaka> I'm going to rework this stuff anyway
[14:44:45] <tomaka> I have found a pretty neat trick this morning
[14:44:49] <gsingh93> shall i file an issue?
[14:45:00] <tomaka> you can write:  `mod a { trait T {}  pub trait U: T {} }
[14:45:06] <tomaka> gsingh93: yes, please
[14:45:29] <tomaka> ...which means that you can do `trait T { ... private methods here ... }   pub trait U: T {  ... public methods here ... }`
[14:45:57] <tomaka> I would put `fn bind_to()` in `T`, this method would directly bind the value
[14:46:05] <tomaka> scrap the enumeration altogether
[14:46:06] *** Joins: harrisonclarke (harrisoncla@moz-uur7pt.eastlink.ca)
[14:46:26] <tomaka> rework the `Uniform` trait as well
[14:46:33] *** Quits: zacstewart (zacstewart@moz-dt6.k3d.191.67.IP) (Ping timeout: 121 seconds)
[14:46:39] <tomaka> lots of stuff
[14:47:06] <tomaka> the reason why I have an enumeration UniformValue is because of the limitations of the visilibity system of rust
[14:48:14] *** Quits: abhi (chatzilla@moz-2ui.rbd.113.115.IP) (Quit: ChatZilla 0.9.91.1 [Firefox 38.0.5/20150525141253])
[14:49:56] *** Joins: SHC (quassel@moz-22r.msm.223.117.IP)
[14:57:02] *** wcosta|zzz is now known as wcosta
[14:58:43] *** Quits: erikj (erikj@moz-1bq7nj.com) (Quit: kfonx)
[14:59:13] *** Joins: erikj (erikj@moz-1bq7nj.com)
[15:01:03] *** Joins: dmac_ (dmac@moz-2ig65r.ca.comcast.net)
[15:01:32] *** Joins: SiegeLord (sl@moz-9jtaei.ca.comcast.net)
[15:02:08] *** Quits: squiddy (squiddy@moz-md4.pm3.19.178.IP) (Quit: Leaving)
[15:02:57] *** Joins: zacstewart (zacstewart@moz-dt6.k3d.191.67.IP)
[15:05:09] *** Quits: dmac_ (dmac@moz-2ig65r.ca.comcast.net) (Ping timeout: 121 seconds)
[15:07:33] *** Joins: niconii (nicole@moz-cc4pm9.frgo.qwest.net)
[15:08:08] *** Joins: canhtak (jeremy@moz-kcs.u0t.149.5.IP)
[15:14:49] *** Quits: zacstewart (zacstewart@moz-dt6.k3d.191.67.IP) (Ping timeout: 121 seconds)
[15:18:42] *** Quits: canhtak (jeremy@moz-kcs.u0t.149.5.IP) (Client exited)
[15:20:17] *** Quits: harrisonclarke (harrisoncla@moz-uur7pt.eastlink.ca) (Connection closed)
[15:22:44] *** Quits: lenstr_ (lenstr@moz-230.k4a.16.195.IP) (A TLS packet with unexpected length was received.)
[15:23:02] *** Joins: wipeD (wipeD@moz-qaj8rt.dip0.t-ipconnect.de)
[15:24:34] *** Joins: lenstr (lenstr@moz-u8o.k4a.16.195.IP)
[15:24:37] *** Joins: zacstewart (zacstewart@moz-dt6.k3d.191.67.IP)
[15:32:47] *** Quits: zacstewart (zacstewart@moz-dt6.k3d.191.67.IP) (Connection closed)
[15:38:12] *** Quits: SiegeLord (sl@moz-9jtaei.ca.comcast.net) (Quit: It's a joke, it's all a joke.)
[15:46:48] *** Quits: SHC (quassel@moz-22r.msm.223.117.IP) (Ping timeout: 121 seconds)
[15:47:47] *** Joins: harrisonclarke (harrisoncla@moz-7hfo21.eastlink.ca)
[15:49:20] *** Joins: SHC (quassel@moz-j8e.tcf.93.59.IP)
[15:50:06] *** Quits: meh (meh@moz-s7tbf9.42-151.net24.it) (Ping timeout: 121 seconds)
[16:01:49] *** Joins: dmac_ (dmac@moz-2ig65r.ca.comcast.net)
[16:05:54] *** Quits: dmac_ (dmac@moz-2ig65r.ca.comcast.net) (Ping timeout: 121 seconds)
[16:16:34] *** Joins: demilux (demilux@moz-fk1.kt4.14.64.IP)
[16:19:31] *** Joins: erickt (erickt@moz-njt.vqi.14.76.IP)
[16:28:12] *** Quits: harrisonclarke (harrisoncla@moz-7hfo21.eastlink.ca) (Connection closed)
[16:28:27] *** Joins: harrisonclarke (harrisoncla@moz-7hfo21.eastlink.ca)
[16:29:39] *** Joins: dmac_ (dmac@moz-2ig65r.ca.comcast.net)
[16:33:11] *** Joins: zacstewart (zacstewart@moz-dt6.k3d.191.67.IP)
[16:33:45] *** Quits: dmac_ (dmac@moz-2ig65r.ca.comcast.net) (Ping timeout: 121 seconds)
[16:38:52] *** Quits: zacstewart (zacstewart@moz-dt6.k3d.191.67.IP) (Connection closed)
[16:38:58] *** Joins: zacstewart (zacstewart@moz-dt6.k3d.191.67.IP)
[16:46:06] *** Joins: blue_deref (blue_deref@moz-u9gmm1.res.rr.com)
[16:49:42] *** Joins: DDR (David@moz-m0hr92.vc.shawcable.net)
[16:59:31] *** Quits: SHC (quassel@moz-j8e.tcf.93.59.IP) (A TLS packet with unexpected length was received.)
[17:02:09] *** Quits: zacstewart (zacstewart@moz-dt6.k3d.191.67.IP) (Ping timeout: 121 seconds)
[17:03:34] *** Joins: eljay (eljay@moz-fmte10.skybroadband.com)
[17:04:36] *** Quits: lenstr (lenstr@moz-u8o.k4a.16.195.IP) (Ping timeout: 121 seconds)
[17:06:40] *** Joins: zacstewart (zacstewart@moz-dt6.k3d.191.67.IP)
[17:10:13] *** Quits: fkaa (fkaa@moz-5g6.q1k.70.78.IP) (Ping timeout: 121 seconds)
[17:11:21] *** Joins: kecolus (kecolus@moz-i7cb3r.fios.verizon.net)
[17:12:50] *** Joins: meh (meh@moz-s7tbf9.42-151.net24.it)
[17:13:15] *** Joins: Jackneill (Jackneill@moz-qqg122.pool.digikabel.hu)
[17:17:36] *** Joins: fkaa (fkaa@moz-501od2.business.telia.com)
[17:20:28] *** Joins: kagami (kagami@moz-mof.5r5.61.185.IP)
[17:23:33] *** Joins: kkus (kkus@moz-o2b.p2b.234.165.IP)
[17:27:02] *** Joins: jwilm_ (jwilm@moz-1rin99.hfc.comcastbusiness.net)
[17:29:06] *** Quits: harrisonclarke (harrisoncla@moz-7hfo21.eastlink.ca) (Connection closed)
[17:29:36] *** Joins: harrisonclarke (harrisoncla@moz-7hfo21.eastlink.ca)
[17:29:40] *** Joins: madmalik (uid13697@moz-3s7k1j.kkpo.i718.8300.2604.IP)
[17:30:47] *** Joins: harrison_ (harrisoncla@moz-7hfo21.eastlink.ca)
[17:31:54] *** wcosta is now known as wcosta|lunch
[17:33:21] *** Quits: ytain (ytain@moz-ucq.1re.175.108.IP) (Connection closed)
[17:33:45] *** Quits: harrisonclarke (harrisoncla@moz-7hfo21.eastlink.ca) (Ping timeout: 121 seconds)
[17:34:49] *** Quits: harrison_ (harrisoncla@moz-7hfo21.eastlink.ca) (Ping timeout: 121 seconds)
[17:35:36] *** Quits: gonzaloserrano1 (Adium@moz-1nv.3t7.97.62.IP) (Quit: Leaving.)
[17:37:33] *** Joins: csherratt (textual@moz-357qdq.cable.teksavvy.com)
[17:37:53] *** Quits: crisco__ (crisco@moz-9ep.2hu.34.110.IP) (Connection closed)
[17:38:45] *** Joins: xilec (Mibbit@moz-g6k.oht.161.46.IP)
[17:41:14] *** Joins: crisco__ (crisco@moz-9ep.2hu.34.110.IP)
[17:41:29] *** Joins: ytain (ytain@moz-ucq.1re.175.108.IP)
[17:43:36] *** Joins: lenstr (lenstr@moz-ca1.jvq.149.83.IP)
[17:45:35] *** Joins: dmac_ (dmac@moz-4kcd1c.ca.comcast.net)
[17:49:56] *** Quits: lenstr (lenstr@moz-ca1.jvq.149.83.IP) (A TLS packet with unexpected length was received.)
[17:51:02] *** wcosta|lunch is now known as wcosta
[17:52:38] *** Quits: mr_wibble (Mibbit@moz-qhstll.dsl.as9105.com) (Quit: http://www.mibbit.com ajax IRC Client)
[18:00:04] *** Joins: harrisonclarke (harrisoncla@moz-uur7pt.eastlink.ca)
[18:00:06] *** Joins: lenstr (lenstr@moz-13c.jvq.149.83.IP)
[18:01:58] *** Quits: harrisonclarke (harrisoncla@moz-uur7pt.eastlink.ca) (Connection closed)
[18:02:56] *** Quits: Jackneill (Jackneill@moz-qqg122.pool.digikabel.hu) (A TLS packet with unexpected length was received.)
[18:03:34] *** Quits: crisco__ (crisco@moz-9ep.2hu.34.110.IP) (Connection closed)
[18:04:15] *** Joins: crisco__ (crisco@moz-9ep.2hu.34.110.IP)
[18:07:29] *** Joins: Jackneill (Jackneill@moz-qqg122.pool.digikabel.hu)
[18:07:54] *** Joins: c0a8 (joel@moz-q32.838.207.130.IP)
[18:08:32] *** Joins: harrisonclarke (harrisoncla@moz-uur7pt.eastlink.ca)
[18:10:43] *** Quits: Wild_Cat (Max@moz-8834b3.cpe.pppoe.ca) (Ping timeout: 121 seconds)
[18:16:14] *** Quits: harrisonclarke (harrisoncla@moz-uur7pt.eastlink.ca) (Connection closed)
[18:18:00] *** Quits: tomaka (Pierre@moz-0go8qj.abo.wanadoo.fr) (Quit: Leaving)
[18:18:09] *** Quits: lenstr (lenstr@moz-13c.jvq.149.83.IP) (Ping timeout: 121 seconds)
[18:19:30] *** Joins: harrisonclarke (harrisoncla@moz-uur7pt.eastlink.ca)
[18:21:15] *** Joins: tomaka (Pierre@moz-0go8qj.abo.wanadoo.fr)
[18:21:52] *** Joins: lenstr (lenstr@moz-f7b.vju.25.171.IP)
[18:22:07] *** Quits: kagami (kagami@moz-mof.5r5.61.185.IP) (Quit: Lost terminal)
[18:22:52] *** Quits: Lilly (Lilly@moz-pfkvo9.bredband.comhem.se) (Quit: bajs)
[18:24:14] *** Joins: lenstr_ (lenstr@moz-v8o.k4a.16.195.IP)
[18:25:41] *** Joins: lenstr__ (lenstr@moz-f7b.vju.25.171.IP)
[18:26:23] *** Joins: lenstr___ (lenstr@moz-k4r.jvq.149.83.IP)
[18:26:46] *** Quits: lenstr___ (lenstr@moz-k4r.jvq.149.83.IP) (Quit: Leaving...)
[18:26:55] *** Quits: lenstr (lenstr@moz-f7b.vju.25.171.IP) (Ping timeout: 121 seconds)
[18:28:11] *** Quits: lenstr__ (lenstr@moz-f7b.vju.25.171.IP) (Connection closed)
[18:28:18] *** Quits: lenstr_ (lenstr@moz-v8o.k4a.16.195.IP) (Ping timeout: 121 seconds)
[18:28:43] *** Quits: zacstewart (zacstewart@moz-dt6.k3d.191.67.IP) (Connection closed)
[18:30:52] *** Joins: zacstewart (zacstewart@moz-dt6.k3d.191.67.IP)
[18:32:04] *** Joins: kagami (kagami@moz-mof.5r5.61.185.IP)
[18:32:34] *** Joins: FrozenCow (FrozenCow@moz-i2tvv4.chello.nl)
[18:40:16] *** Quits: harrisonclarke (harrisoncla@moz-uur7pt.eastlink.ca) (Connection closed)
[18:51:00] *** Quits: c0a8 (joel@moz-q32.838.207.130.IP) (Ping timeout: 121 seconds)
[18:53:58] *** Quits: zacstewart (zacstewart@moz-dt6.k3d.191.67.IP) (Ping timeout: 121 seconds)
[18:56:54] *** Joins: zacstewart (zacstewart@moz-dt6.k3d.191.67.IP)
[19:00:07] *** Quits: kkus (kkus@moz-o2b.p2b.234.165.IP) (Ping timeout: 121 seconds)
[19:00:46] *** Joins: kkus (kkus@moz-o2b.p2b.234.165.IP)
[19:08:18] *** Quits: kkus (kkus@moz-o2b.p2b.234.165.IP) (Ping timeout: 121 seconds)
[19:11:41] *** Joins: kkus (kkus@moz-o2b.p2b.234.165.IP)
[19:13:52] *** Quits: zacstewart (zacstewart@moz-dt6.k3d.191.67.IP) (Ping timeout: 121 seconds)
[19:16:42] *** Joins: zacstewart (zacstewart@moz-dt6.k3d.191.67.IP)
[19:17:39] *** Quits: kkus (kkus@moz-o2b.p2b.234.165.IP) (Ping timeout: 121 seconds)
[19:21:11] *** Quits: amstrad (chatzilla@moz-l701jl.xnet.co.nz) (Ping timeout: 121 seconds)
[19:30:17] *** Joins: amstrad (chatzilla@moz-l701jl.xnet.co.nz)
[19:34:35] *** Quits: zacstewart (zacstewart@moz-dt6.k3d.191.67.IP) (Ping timeout: 121 seconds)
[19:35:56] *** Joins: lenstr (lenstr@moz-f7b.vju.25.171.IP)
[19:37:37] *** Joins: RC9 (RCIX@moz-vnmep7.ph.cox.net)
[19:37:37] *** Joins: RCIX (RCIX@moz-vnmep7.ph.cox.net)
[19:38:42] *** Joins: zacstewart (zacstewart@moz-dt6.k3d.191.67.IP)
[19:51:32] *** Joins: Wild_Cat (Max@moz-8834b3.cpe.pppoe.ca)
[19:53:17] *** Quits: summerlight (summerlight@moz-lb3.6do.193.175.IP) (Ping timeout: 121 seconds)
[19:54:44] *** Quits: zacstewart (zacstewart@moz-dt6.k3d.191.67.IP) (Ping timeout: 121 seconds)
[19:58:34] *** Joins: zacstewart (zacstewart@moz-dt6.k3d.191.67.IP)
[20:07:00] *** bvssvni_ is now known as bvssvni
[20:14:32] *** Quits: zacstewart (zacstewart@moz-dt6.k3d.191.67.IP) (Ping timeout: 121 seconds)
[20:19:12] <JustAPerson> piston has too many dependencies
[20:19:13] *** Quits: fkaa (fkaa@moz-501od2.business.telia.com) (Ping timeout: 121 seconds)
[20:19:35] <JustAPerson> compiling my small projects takes like 5 seconds, which is probably mostly linking in the 40+ libraries
[20:20:04] <bvssvni> JustAPerson: does it take 5 seconds each time you compile?
[20:20:17] <JustAPerson> bvssvni: yes
[20:20:23] <JustAPerson> a full clean compile is on the order of two minutes
[20:20:28] <JustAPerson> for a debug release without LTO or anything
[20:20:48] <kagami> JustAPerson: use gfx!
[20:21:37] *** Joins: zacstewart (zacstewart@moz-dt6.k3d.191.67.IP)
[20:24:47] *** Joins: fkaa_ (fkaa@moz-501od2.business.telia.com)
[20:25:52] *** Quits: mindtree (Mitch@moz-m7671p.iprimus.net.au) (Ping timeout: 121 seconds)
[20:26:08] <bvssvni> JustAPerson: Potpurri used a way to check the time spent in the compiler https://github.com/rust-lang/rust/issues/23904#issuecomment-88273208
[20:26:37] <bvssvni> anybody who knows a command for this?
[20:26:42] *** Joins: mindtree (Mitch@moz-nst.a51.240.116.IP)
[20:27:40] *** Quits: wipeD (wipeD@moz-qaj8rt.dip0.t-ipconnect.de) (Connection closed)
[20:32:29] <fkaa_> -Z?
[20:33:25] <fkaa_> bvssvni: rustc -Z help
[20:33:39] <fkaa_> oh yeah, cargo supports passing stuff to rustc now right?
[20:33:52] <huon> cargo rustc ... -- -Z time-passes
[20:34:10] <huon> (where ... can be things like --release or --target=... --bin=... etc.)
[20:34:28] *** Joins: brandonw (brandonw@moz-36sv6k.ma.charter.com)
[20:34:29] *** Quits: zacstewart (zacstewart@moz-dt6.k3d.191.67.IP) (Ping timeout: 121 seconds)
[20:36:00] <bvssvni> JustAPerson: ^
[20:40:39] *** Quits: Jackneill (Jackneill@moz-qqg122.pool.digikabel.hu) (A TLS packet with unexpected length was received.)
[20:42:26] <bvssvni> JustAPerson: on my compiler the most significant part when compiling “piston_window” is “time: 1.266 external crate/lib resolution”
[20:42:36] *** Joins: zacstewart (zacstewart@moz-dt6.k3d.191.67.IP)
[20:42:51] <bvssvni> JustAPerson: while linking does not take that long time “time: 0.024 linking”
[20:45:45] *** Quits: FreeFull (freefull@moz-f0afvo.range165-120.btcentralplus.com) (Quit: BBS)
[20:47:13] *** Quits: rbrs (Thunderbird@moz-m5thmg.static.zebra.lt) (Client exited)
[20:54:11] *** Joins: Jesin (Jesin@moz-a40b39.eecs.lehigh.edu)
[20:54:25] *** Quits: kecolus (kecolus@moz-i7cb3r.fios.verizon.net) (Quit: Leaving)
[20:54:28] *** Quits: zacstewart (zacstewart@moz-dt6.k3d.191.67.IP) (Ping timeout: 121 seconds)
[21:00:22] *** Joins: FreeFull (freefull@moz-f0afvo.range165-120.btcentralplus.com)
[21:00:52] *** Joins: dpc (dpc@moz-52v2l7.nvidia.com)
[21:04:13] *** Joins: zacstewart (zacstewart@moz-dt6.k3d.191.67.IP)
[21:04:57] *** Joins: Kingsquee (kingsley@moz-33q6f3.bchsia.telus.net)
[21:09:08] *** Joins: ipetkov (ipetkov@moz-2v9vq9.oc.cox.net)
[21:11:58] *** Quits: erickt (erickt@moz-njt.vqi.14.76.IP) (Ping timeout: 121 seconds)
[21:12:56] *** Quits: ytain (ytain@moz-ucq.1re.175.108.IP) (Quit: Textual IRC Client: www.textualapp.com)
[21:14:56] <JustAPerson> bvssvni: ahh :(
[21:15:26] <JustAPerson> also anyone know where piston_window::graphics::text draws relative to? seems to be the position you give specifies the bottom left corner of the text, but not quite
[21:16:17] <bvssvni> JustAPerson: it’s the character offset
[21:16:53] <bvssvni> JustAPerson: https://github.com/PistonDevelopers/graphics/blob/master/src/text.rs#L57-L60
[21:16:55] <JustAPerson> What do you mean? I'm trying to figure out how to center text vertically inside a box
[21:18:08] <bvssvni> JustAPerson: each character has an offset that tell how it is relative to other characters
[21:18:24] <bvssvni> JustAPerson: for example “g” has an offset in the middle
[21:18:54] <bvssvni> JustAPerson: “A” has a lower offset than “g” to put it above the line
[21:22:03] <JustAPerson> bvssvni: okay that's for individual characters but I'm concerned with how to transform being drawing a string
[21:22:05] <JustAPerson> http://i.imgur.com/u35qMaE.png
[21:22:08] <JustAPerson> trying to solve this
[21:23:04] <bvssvni> JustAPerson: .trans(0, -10) to move the text upwards
[21:23:10] *** Quits: zacstewart (zacstewart@moz-dt6.k3d.191.67.IP) (Ping timeout: 121 seconds)
[21:24:31] <JustAPerson> bvssvni: not quite. this is .trans(8.0, 4.0) relative to the top left corner of each rectangle http://i.imgur.com/GFxXNUg.png
[21:25:03] <bvssvni> I’ve been thinking a bit about what I did yesterday with the interpreter for the math notation
[21:25:22] *** Joins: ytain (ytain@moz-ucq.1re.175.108.IP)
[21:26:03] <bvssvni> the trick I used was pattern matching as the fundamental form of computation
[21:26:27] *** Joins: zacstewart (zacstewart@moz-dt6.k3d.191.67.IP)
[21:26:31] <niconii> bvssvni: think the idea is that they don't want to manually adjust the position of the text for every button
[21:26:54] <bvssvni> instead of interpreting each instruction, it sees a sequence of instructions and this gets matched against the function lookup
[21:27:38] <bvssvni> JustAPerson: you want to draw all the text inside a rectangle, and make it adjust automatically?
[21:28:21] <JustAPerson> bvssvni: yes. here's the code I have so far http://pastebin.com/1j0BUQDu
[21:29:27] <bvssvni> JustAPerson: the right way to do this is compute the rectangle for the text, and compute a transform to fit it inside a target rectangle
[21:29:47] *** Joins: erickt (erickt@moz-lmug77.client.dsl.net)
[21:30:59] <bvssvni> JustAPerson: I opened https://github.com/PistonDevelopers/graphics/issues/977
[21:32:02] *** Joins: kkus (kkus@moz-o2b.p2b.234.165.IP)
[21:35:29] *** Quits: ipetkov (ipetkov@moz-2v9vq9.oc.cox.net) (Ping timeout: 121 seconds)
[21:36:07] *** Joins: ipetkov (ipetkov@moz-2v9vq9.oc.cox.net)
[21:38:15] <bvssvni> I’ve finished reading the architecture overview for OpenCog, and that’s probably the most amazing thing ever
[21:39:13] *** Quits: FrozenCow (FrozenCow@moz-i2tvv4.chello.nl) (Connection closed)
[21:39:43] <bvssvni> OpenCog is a framework targetting human-level artificial intelligence and uses a hypergraph called “AtomSpace” as central knowledge base
[21:41:21] *** Quits: palodequeso (quassel@moz-ebjt83.hfc.comcastbusiness.net) (Ping timeout: 121 seconds)
[21:41:54] *** Joins: zyphrus (David@moz-3h0.d1d.98.101.IP)
[21:45:50] <JustAPerson> bvssvni: that's exactly what I'm trying to do though. I first draw the rectangle then try to fit the text inside it
[21:46:07] <JustAPerson> but I can't figure out what transformation to use so the text is centered vertically inside the rectangle
[21:46:23] <bvssvni> JustAPerson: the algorithm is not trivial
[21:48:18] *** Quits: lenstr (lenstr@moz-f7b.vju.25.171.IP) (A TLS packet with unexpected length was received.)
[21:48:29] *** Joins: Soni (SoniEx2@moz-732.fod.29.189.IP)
[22:04:33] *** Quits: blue_deref (blue_deref@moz-u9gmm1.res.rr.com) (Quit: bbn)
[22:09:49] *** Joins: orangeshark (erik@moz-jv52cq.44tj.56ot.0306.2602.IP)
[22:11:16] *** Joins: AngelOfSol (AngelOfSol@moz-9l0nls.fios.verizon.net)
[22:14:32] *** Joins: zacstewa_ (zacstewart@moz-dt6.k3d.191.67.IP)
[22:15:24] *** Quits: zacstewart (zacstewart@moz-dt6.k3d.191.67.IP) (Ping timeout: 121 seconds)
[22:15:48] <JustAPerson> Does Transformed::trans() actually modify the underlying structure or does it just return a modified copy
[22:15:54] <JustAPerson> for piston
[22:19:02] <bvssvni> JustAPerson: both. for Matrix2d it returns a copy and for Context it modifies the structure
[22:19:06] *** bvssvni is now known as bvssvni_
[22:21:25] *** Quits: eljay (eljay@moz-fmte10.skybroadband.com) (Quit: Leaving)
[22:27:01] *** Quits: Layl (Layl@moz-65hqmf.direct-adsl.nl) (Quit: Leaving)
[22:27:54] *** Quits: erickt (erickt@moz-lmug77.client.dsl.net) (Ping timeout: 121 seconds)
[22:28:43] *** Quits: fkaa_ (fkaa@moz-501od2.business.telia.com) (Ping timeout: 121 seconds)
[22:36:15] *** Joins: erickt (erickt@moz-njt.vqi.14.76.IP)
[22:39:46] *** Quits: ytain (ytain@moz-ucq.1re.175.108.IP) (Quit: Textual IRC Client: www.textualapp.com)
[22:40:46] *** Quits: selevt (selevt@moz-bqf1qr.n157.ndar.8180.2a03.IP) (Ping timeout: 121 seconds)
[22:45:08] *** Quits: ipetkov (ipetkov@moz-2v9vq9.oc.cox.net) (Client exited)
[22:48:50] *** Joins: lenstr (lenstr@moz-f7b.vju.25.171.IP)
[22:52:57] *** Quits: lenstr (lenstr@moz-f7b.vju.25.171.IP) (Ping timeout: 121 seconds)
[22:54:48] *** Joins: selevt (selevt@moz-bqf1qr.n157.ndar.8180.2a03.IP)
[22:55:30] *** Quits: jaen (jaen@moz-ifmik2.copit.pl) (Quit: WeeChat 1.2)
[23:04:03] *** Joins: laggybit (laggybit@moz-prre92.mc.videotron.ca)
[23:06:10] *** Joins: Astrum|Lap (Astrum|Lap@moz-nis19m.cpe.cableone.net)
[23:06:36] *** Quits: Astrum|Lap (Astrum|Lap@moz-nis19m.cpe.cableone.net) (Client exited)
[23:25:25] <neikos> Hm, I'm at a dead end, I wanted to create a Vector of 'Scenes' which are basically objects that have a tick and a draw method and are meant to show menus/the game. Now the problem is that in that tick method I want to change the vector, for example the menu exits itself. This however is absolutely unsafe as I would drop the element that is currently being used. So this does not work. Are
[23:25:27] <neikos> there any alternatives for this? Anything I could search for? I can't seem to find any theoretical game tutorials, most just go into one direction in one language and are thus useless to me :/  
[23:26:27] *** Quits: SneakySnake (nya@moz-i9is4u.pool.telekom.hu) (Connection closed)
[23:27:04] <neikos> I know of the Gameprogramming patterns, but they are not useful to me here.
[23:29:19] <neikos> I could of course 'pop' the current state and then push it back in, but that does not seem efficient.
[23:31:38] *** Quits: DDR (David@moz-m0hr92.vc.shawcable.net) (Ping timeout: 121 seconds)
[23:32:28] <Kingsquee> neikos: range syntax instead of iterators?
[23:32:42] <Kingsquee> or just pop a flag into another vec representing scenes to remove, and remove them then?
[23:34:02] *** wcosta is now known as wcosta|afk
[23:34:24] <neikos> Kingsquee: That sounds good! I just realized I could also return an enum and do something based on that.
[23:35:02] <Kingsquee> :>
[23:35:53] <neikos> Thanks
[23:36:50] *** Joins: DDR (David@moz-m0hr92.vc.shawcable.net)
[23:37:45] <Kingsquee> np
[23:39:45] *** Joins: palodequeso (quassel@moz-i85m6b.pa.comcast.net)
[23:44:08] *** Joins: lenstr (lenstr@moz-f7b.vju.25.171.IP)
[23:45:02] *** Quits: lenstr (lenstr@moz-f7b.vju.25.171.IP) (A TLS packet with unexpected length was received.)
[23:45:20] *** Joins: lenstr (lenstr@moz-f7b.vju.25.171.IP)
[23:46:12] *** Parts: Gankro (sid71432@moz-sc2bd6.charlton.irccloud.com) ("")
