[00:02:38] *** Joins: bss (brian@moz-ikau28.east.myfairpoint.net)
[00:03:18] *** Joins: krebbit (Mibbit@moz-88d.5tf.190.94.IP)
[00:03:44] *** Joins: niconii (nicole@moz-r8dlmh.frgo.qwest.net)
[00:03:54] *** Quits: krebbit (Mibbit@moz-88d.5tf.190.94.IP) (Quit: http://www.mibbit.com ajax IRC Client)
[00:06:38] *** Joins: lenstr (lenstr@moz-njm.vju.25.171.IP)
[00:07:58] *** Joins: Wild_Cat (Max@moz-gcfccq.dsl.teksavvy.com)
[00:09:02] *** Joins: Astrum|Lap (Astrum|Lap@moz-skcefh.co.comcast.net)
[00:11:31] *** Joins: csherratt (textual@moz-357qdq.cable.teksavvy.com)
[00:13:36] *** Quits: csherratt (textual@moz-357qdq.cable.teksavvy.com) (Quit: My Mac has gone to sleep. ZZZzzz…)
[00:14:15] *** Joins: csherratt (textual@moz-357qdq.cable.teksavvy.com)
[00:20:15] *** Joins: aatch (james@moz-c6etfk.fosn.r6an.e000.2406.IP)
[00:21:38] *** Quits: lenstr (lenstr@moz-njm.vju.25.171.IP) (A TLS packet with unexpected length was received.)
[00:29:27] *** Quits: jaen (jaen@moz-ifmik2.copit.pl) (Quit: WeeChat 1.2)
[00:35:28] *** Quits: zyphrus (David@moz-09b.s0u.195.130.IP) (Ping timeout: 121 seconds)
[00:36:02] *** bvssvni is now known as bvssvni_
[00:38:40] *** Quits: csherratt (textual@moz-357qdq.cable.teksavvy.com) (Ping timeout: 121 seconds)
[00:40:52] *** Quits: demilux (demilux@moz-fk1.kt4.14.64.IP) (A TLS packet with unexpected length was received.)
[00:43:17] *** Quits: erickt (erickt@moz-4hh.6p3.217.74.IP) (Ping timeout: 121 seconds)
[00:55:30] *** Quits: Layl (Layl@moz-65hqmf.direct-adsl.nl) (Quit: Leaving)
[00:57:24] *** Quits: meh (meh@moz-trjis0.42-151.net24.it) (Ping timeout: 121 seconds)
[00:57:35] *** Quits: jakevn (jakevn@moz-0agbgk.miamfl.sbcglobal.net) (Ping timeout: 121 seconds)
[01:00:20] *** Quits: brson (brson@moz-n5b.14a.129.78.IP) (Connection closed)
[01:00:37] *** kimundi is now known as zz_kimundi
[01:01:06] *** Quits: Tobba (Tobba@moz-o13d22.bredband.telia.com) (Ping timeout: 121 seconds)
[01:05:16] *** Quits: pcwalton (pcwalton@moz-l8ebtf.sfo1.mozilla.com) (Client exited)
[01:05:56] *** Joins: jakevn (jakevn@moz-0agbgk.miamfl.sbcglobal.net)
[01:06:38] *** Joins: SiegeLord (sl@moz-9jtaei.ca.comcast.net)
[01:16:45] *** Quits: dmac (dmac@moz-4kcd1c.ca.comcast.net) (Quit: WeeChat 0.4.3)
[01:16:49] *** Joins: dmac (dmac@moz-4kcd1c.ca.comcast.net)
[01:23:12] *** Joins: fkaa (tundmatu@moz-501od2.business.telia.com)
[01:24:58] *** Joins: SHC (quassel@moz-caa.05b.204.117.IP)
[01:30:49] *** Joins: zyphrus (David@moz-09b.s0u.195.130.IP)
[01:31:49] *** Quits: dmac (dmac@moz-4kcd1c.ca.comcast.net) (Ping timeout: 121 seconds)
[01:39:36] *** Joins: Tobba (Tobba@moz-o13d22.bredband.telia.com)
[01:42:45] *** Quits: zyphrus (David@moz-09b.s0u.195.130.IP) (Ping timeout: 121 seconds)
[01:43:59] *** Joins: Eonil (Eonil@moz-sqb.a6u.153.218.IP)
[01:45:10] *** Quits: Eonil (Eonil@moz-sqb.a6u.153.218.IP) (Quit: This computer has gone to sleep)
[01:45:41] *** Quits: RCsurface (RCIX@moz-8if.dfa.8.198.IP) (Ping timeout: 121 seconds)
[01:47:35] *** Joins: goob8 (goob8@moz-aps693.tpgi.com.au)
[01:47:38] *** Quits: goob8 (goob8@moz-aps693.tpgi.com.au) (Connection closed)
[01:52:22] *** Quits: bluss (bluss@moz-ec5o68.cust.bredbandsbolaget.se) (Ping timeout: 121 seconds)
[01:52:36] *** Joins: demilux (demilux@moz-73qa6c.wa.comcast.net)
[01:52:47] *** Joins: esclear (esclear@moz-pqrg08.dip0.t-ipconnect.de)
[01:55:34] *** Quits: esclear_ (esclear@moz-f313u1.dip0.t-ipconnect.de) (Ping timeout: 121 seconds)
[01:57:55] *** Joins: WindowsBunny1 (Peter@moz-vlal7g.east.verizon.net)
[02:00:00] *** Quits: brain (brain@moz-ake53i.rcsntx.sbcglobal.net) (Quit: Leaving)
[02:00:47] *** WindowsBunny is now known as Guest26621
[02:00:47] *** WindowsBunny1 is now known as WindowsBunny
[02:01:25] *** Quits: Guest26621 (Peter@moz-vlal7g.east.verizon.net) (Ping timeout: 121 seconds)
[02:01:30] *** Quits: Tobba (Tobba@moz-o13d22.bredband.telia.com) (Quit: Leaving)
[02:01:32] *** Joins: Tuba (Tobba@moz-o13d22.bredband.telia.com)
[02:01:41] *** Joins: Tobba (Tobba@moz-o13d22.bredband.telia.com)
[02:01:41] *** Quits: Tuba (Tobba@moz-o13d22.bredband.telia.com) (Connection closed)
[02:05:42] *** Quits: MrByte (MrByte@moz-fbphcv.client.bresnan.net) (Ping timeout: 121 seconds)
[02:05:45] *** Joins: cakecatz (cakecatz@moz-u6p4rc.so-net.ne.jp)
[02:14:23] *** Joins: Nozama (Mibbit@moz-odl.dc7.36.120.IP)
[02:16:55] *** Quits: demilux (demilux@moz-73qa6c.wa.comcast.net) (A TLS packet with unexpected length was received.)
[02:16:56] *** Joins: pcwalton (pcwalton@moz-6kjabm.ca.comcast.net)
[02:23:37] *** Quits: Altazimuth (Altazimuth@moz-rb7u6p.skybroadband.com) (Ping timeout: 121 seconds)
[02:26:53] *** Joins: erickt (erickt@moz-njt.vqi.14.76.IP)
[02:31:23] *** Joins: Feyn (aram@moz-88k.k93.115.42.IP)
[02:34:55] *** Quits: erickt (erickt@moz-njt.vqi.14.76.IP) (Ping timeout: 121 seconds)
[02:36:44] *** Joins: erickt (erickt@moz-njt.vqi.14.76.IP)
[02:41:58] *** Quits: Nozama (Mibbit@moz-odl.dc7.36.120.IP) (Quit: http://www.mibbit.com ajax IRC Client)
[02:44:38] *** Joins: nodweber (nodweber@moz-knt.fgq.178.5.IP)
[02:49:00] *** Quits: nodweber (nodweber@moz-knt.fgq.178.5.IP) (Ping timeout: 121 seconds)
[02:49:36] *** Quits: aatch (james@moz-c6etfk.fosn.r6an.e000.2406.IP) (Quit: Leaving)
[02:49:46] *** Joins: aatch (james@moz-c6etfk.fosn.r6an.e000.2406.IP)
[02:50:01] *** Quits: zz_kimundi (kimundi@moz-6qind6.dip0.t-ipconnect.de) (Ping timeout: 121 seconds)
[02:51:41] *** Joins: zz_kimundi (kimundi@moz-0a7524.dip0.t-ipconnect.de)
[02:51:42] *** zz_kimundi is now known as kimundi
[02:55:44] *** Joins: kamn (Mibbit@moz-k0h.pit.56.45.IP)
[02:55:45] *** Quits: kamn (Mibbit@moz-k0h.pit.56.45.IP) (Quit: http://www.mibbit.com ajax IRC Client)
[02:55:58] *** Quits: erickt (erickt@moz-njt.vqi.14.76.IP) (Ping timeout: 121 seconds)
[02:59:22] *** Joins: frewsxcv (sid86219@moz-dneii9.brockwell.irccloud.com)
[03:00:33] *** Joins: erickt (erickt@moz-njt.vqi.14.76.IP)
[03:14:53] *** Joins: mindtree (Mitch@moz-r4hcvr.iprimus.net.au)
[03:18:13] *** Joins: dmac (dmac@moz-2ig65r.ca.comcast.net)
[03:22:19] *** Joins: p1start (p1start@moz-nftjhe.org)
[03:23:32] *** Joins: demilux (demilux@moz-73qa6c.wa.comcast.net)
[03:24:41] *** Quits: erickt (erickt@moz-njt.vqi.14.76.IP) (Ping timeout: 121 seconds)
[03:26:40] *** Joins: erickt (erickt@moz-njt.vqi.14.76.IP)
[03:28:36] *** Quits: demilux (demilux@moz-73qa6c.wa.comcast.net) (Ping timeout: 121 seconds)
[03:28:42] *** Joins: demilux (demilux@moz-73qa6c.wa.comcast.net)
[03:30:41] *** Quits: bss (brian@moz-ikau28.east.myfairpoint.net) (Quit: Leaving.)
[03:31:13] *** Joins: nodweber (nodweber@moz-knt.fgq.178.5.IP)
[03:33:23] *** Quits: jakevn (jakevn@moz-0agbgk.miamfl.sbcglobal.net) (Ping timeout: 121 seconds)
[03:37:21] *** Quits: SHC (quassel@moz-caa.05b.204.117.IP) (Ping timeout: 121 seconds)
[03:38:10] *** Joins: SHC (quassel@moz-qjr.cgs.204.117.IP)
[03:44:30] *** Quits: FallingAlways (FallingTime@moz-ruksei.cable.rogers.com) (Quit: Leaving)
[03:47:04] *** Quits: erickt (erickt@moz-njt.vqi.14.76.IP) (Ping timeout: 121 seconds)
[03:47:14] *** Joins: Jessin (Jesin@moz-4jre1i.eecs.lehigh.edu)
[03:47:33] *** Quits: Jesin (Jesin@moz-olsidu.eecs.lehigh.edu) (Ping timeout: 121 seconds)
[03:47:42] *** Joins: RCsurface (RCIX@moz-vnmep7.ph.cox.net)
[03:47:56] *** Quits: SpaceManiac (Tad@moz-bd3s4o.dyn.suddenlink.net) (Ping timeout: 121 seconds)
[03:49:09] *** Jessin is now known as Jesin
[03:50:16] *** Quits: nodweber (nodweber@moz-knt.fgq.178.5.IP) (A TLS packet with unexpected length was received.)
[03:51:28] *** Joins: erickt (erickt@moz-njt.vqi.14.76.IP)
[03:54:46] *** Quits: saml_ (saml@moz-rkfmct.res.rr.com) (Ping timeout: 121 seconds)
[04:01:40] *** Quits: pcwalton (pcwalton@moz-6kjabm.ca.comcast.net) (Client exited)
[04:02:04] *** Joins: pcwalton (pcwalton@moz-6kjabm.ca.comcast.net)
[04:02:11] *** Quits: pcwalton (pcwalton@moz-6kjabm.ca.comcast.net) (A TLS packet with unexpected length was received.)
[04:02:33] *** Quits: erickt (erickt@moz-njt.vqi.14.76.IP) (Ping timeout: 121 seconds)
[04:03:06] *** Joins: erickt (erickt@moz-njt.vqi.14.76.IP)
[04:09:27] *** Quits: cakecatz (cakecatz@moz-u6p4rc.so-net.ne.jp) (Quit: My Mac has gone to sleep. ZZZzzz…)
[04:19:52] *** Quits: O01eg (o01eg@moz-m788t8.907j.4n8f.2698.2a02.IP) (Client exited)
[04:25:21] *** Quits: Wild_Cat (Max@moz-gcfccq.dsl.teksavvy.com) (Ping timeout: 121 seconds)
[04:29:28] *** Joins: jakevn (jakevn@moz-0agbgk.miamfl.sbcglobal.net)
[04:33:35] *** Quits: jakevn (jakevn@moz-0agbgk.miamfl.sbcglobal.net) (Ping timeout: 121 seconds)
[04:35:01] *** Quits: erickt (erickt@moz-njt.vqi.14.76.IP) (Ping timeout: 121 seconds)
[04:36:06] *** Quits: Skyler (Skyler@moz-7ds39s.sd.cox.net) (Client exited)
[04:39:23] *** Joins: cakecatz (cakecatz@moz-u6p4rc.so-net.ne.jp)
[04:45:51] *** Joins: erickt (erickt@moz-njt.vqi.14.76.IP)
[04:50:34] *** Quits: erickt (erickt@moz-njt.vqi.14.76.IP) (Ping timeout: 121 seconds)
[04:53:22] *** Quits: aatch (james@moz-c6etfk.fosn.r6an.e000.2406.IP) (Connection closed)
[04:54:27] *** Quits: SHC (quassel@moz-qjr.cgs.204.117.IP) (A TLS packet with unexpected length was received.)
[05:00:43] *** Quits: laggybit (laggybit@moz-prre92.mc.videotron.ca) (Quit: Leaving)
[05:03:31] *** Joins: vky (vky@moz-fqci96.ca.comcast.net)
[05:06:44] *** Joins: erickt (erickt@moz-njt.vqi.14.76.IP)
[05:08:56] *** Joins: dpc (dpc@moz-t6gr4b.ca.comcast.net)
[05:10:16] *** Joins: nodweber (nodweber@moz-knt.fgq.178.5.IP)
[05:23:36] *** Quits: akawaka (akawaka@moz-0bb8q8.irvnca.sbcglobal.net) (Ping timeout: 121 seconds)
[05:24:16] *** Joins: akawaka (akawaka@moz-0bb8q8.irvnca.sbcglobal.net)
[05:34:47] *** Joins: SneakySnake (nya@moz-i9is4u.pool.telekom.hu)
[05:37:12] *** Quits: Jesin (Jesin@moz-4jre1i.eecs.lehigh.edu) (Quit: Leaving)
[05:38:03] *** Quits: nodweber (nodweber@moz-knt.fgq.178.5.IP) (A TLS packet with unexpected length was received.)
[05:38:35] *** Quits: thelink2012 (thelink2012@moz-dmo.sj6.214.186.IP) (Connection closed)
[05:41:20] *** Quits: dpc (dpc@moz-t6gr4b.ca.comcast.net) (Ping timeout: 121 seconds)
[05:42:09] *** Joins: nodweber (nodweber@moz-knt.fgq.178.5.IP)
[05:42:11] *** Quits: demilux (demilux@moz-73qa6c.wa.comcast.net) (A TLS packet with unexpected length was received.)
[05:42:54] *** Joins: canhtak (jeremy@moz-kcs.u0t.149.5.IP)
[05:43:35] *** Joins: Kingsquee (kingsley@moz-3fm07c.bchsia.telus.net)
[05:46:21] *** Quits: nodweber (nodweber@moz-knt.fgq.178.5.IP) (Ping timeout: 121 seconds)
[05:52:47] *** Joins: bojo (bojo@moz-vbja48.ocn.ne.jp)
[05:58:05] *** Quits: Astrum|Lap (Astrum|Lap@moz-skcefh.co.comcast.net) (Client exited)
[05:58:12] *** Joins: James_ (quassel@moz-g7un1m.range86-163.btcentralplus.com)
[05:58:49] *** Joins: jaen (jaen@moz-ifmik2.copit.pl)
[05:59:41] *** Joins: zyphrus (David@moz-3h0.d1d.98.101.IP)
[06:03:31] *** Quits: bojo (bojo@moz-vbja48.ocn.ne.jp) (Client exited)
[06:03:44] *** Quits: James_ (quassel@moz-g7un1m.range86-163.btcentralplus.com) (Ping timeout: 121 seconds)
[06:06:21] *** Quits: shadower (shadower@moz-3ah4n5.osop.rhcloud.com) (A TLS packet with unexpected length was received.)
[06:06:26] *** Joins: shadower (shadower@moz-3ah4n5.osop.rhcloud.com)
[06:07:30] *** Quits: guycook (quassel@moz-ihqjqb.snap.net.nz) (Connection closed)
[06:12:23] *** Quits: canhtak (jeremy@moz-kcs.u0t.149.5.IP) (Client exited)
[06:15:19] *** Joins: canhtak (jeremy@moz-kcs.u0t.149.5.IP)
[06:15:47] *** Quits: blue_deref (blue_deref@moz-u9gmm1.res.rr.com) (Quit: bbn)
[06:18:11] *** Quits: Gamecubic (cubic@moz-bglmk5.mc.videotron.ca) (Quit: Leaving)
[06:18:35] *** Joins: jakevn (jakevn@moz-0agbgk.miamfl.sbcglobal.net)
[06:19:21] *** Joins: blue_deref (blue_deref@moz-u9gmm1.res.rr.com)
[06:23:02] *** Quits: SiegeLord (sl@moz-9jtaei.ca.comcast.net) (Quit: It's a joke, it's all a joke.)
[06:24:55] *** Quits: cakecatz (cakecatz@moz-u6p4rc.so-net.ne.jp) (Quit: My Mac has gone to sleep. ZZZzzz…)
[06:25:45] *** Quits: jakevn (jakevn@moz-0agbgk.miamfl.sbcglobal.net) (Ping timeout: 121 seconds)
[06:30:39] *** Joins: Johannes (Johannes@moz-4et8d7.ocn.ne.jp)
[06:33:33] *** Quits: Johannes (Johannes@moz-4et8d7.ocn.ne.jp) (Quit: Leaving...)
[06:33:44] *** Joins: Johannes (Johannes@moz-4et8d7.ocn.ne.jp)
[06:38:16] *** Quits: Johannes (Johannes@moz-4et8d7.ocn.ne.jp) (Quit: Leaving...)
[06:38:23] *** Joins: Johannes (Johannes@moz-4et8d7.ocn.ne.jp)
[06:40:35] *** Joins: cakecatz (cakecatz@moz-u6p4rc.so-net.ne.jp)
[06:41:19] *** Joins: nwin (textual@moz-uipfv6.pools.arcor-ip.net)
[06:42:39] *** Quits: Rym (uid91135@moz-n2i7qm.charlton.irccloud.com) (Quit: Connection closed for inactivity)
[06:42:48] *** Joins: demilux (demilux@moz-73qa6c.wa.comcast.net)
[06:46:50] *** Quits: demilux (demilux@moz-73qa6c.wa.comcast.net) (Ping timeout: 121 seconds)
[06:48:18] *** Quits: canhtak (jeremy@moz-kcs.u0t.149.5.IP) (Client exited)
[06:56:03] *** Quits: zimbatm (zimbatm@moz-f37kde.com) (Quit: Bye)
[06:56:16] *** Joins: gonzaloserrano (Adium@moz-o3m.qiv.231.77.IP)
[07:00:47] *** Joins: canhtak (jeremy@moz-kcs.u0t.149.5.IP)
[07:06:08] *** Quits: vky (vky@moz-fqci96.ca.comcast.net) (Ping timeout: 121 seconds)
[07:06:35] *** Quits: jaen (jaen@moz-ifmik2.copit.pl) (Quit: WeeChat 1.2)
[07:06:43] *** Joins: jaen (jaen@moz-ifmik2.copit.pl)
[07:09:34] *** kimundi is now known as zz_kimundi
[07:11:32] *** Quits: nwin (textual@moz-uipfv6.pools.arcor-ip.net) (Quit: My Mac Mini has gone to sleep. ZZZzzz…)
[07:13:33] *** Joins: nwin (textual@moz-uipfv6.pools.arcor-ip.net)
[07:44:31] *** Quits: SneakySnake (nya@moz-i9is4u.pool.telekom.hu) (Quit: Leaving)
[07:46:40] *** Quits: gonzaloserrano (Adium@moz-o3m.qiv.231.77.IP) (Quit: Leaving.)
[07:48:19] *** Joins: aatch (james@moz-is4j4r.cable.telstraclear.net)
[07:50:15] *** Quits: bvssvni_ (sven@moz-8nne1d.bb.online.no) (Ping timeout: 121 seconds)
[07:55:31] *** Joins: bjz (bjz@moz-puppgq.tpgi.com.au)
[07:57:39] *** Joins: bluss (bluss@moz-ec5o68.cust.bredbandsbolaget.se)
[07:58:32] *** Quits: m12y (uid18341@moz-fjj182.highgate.irccloud.com) (Quit: Connection closed for inactivity)
[08:01:14] *** Joins: bvssvni (sven@moz-fc63b3.bb.online.no)
[08:04:22] *** Joins: SneakySnake (nya@moz-i9is4u.pool.telekom.hu)
[08:10:05] *** Joins: jakevn (jakevn@moz-0agbgk.miamfl.sbcglobal.net)
[08:11:15] *** Quits: jaen (jaen@moz-ifmik2.copit.pl) (Quit: WeeChat 1.2)
[08:14:12] *** Quits: jakevn (jakevn@moz-0agbgk.miamfl.sbcglobal.net) (Ping timeout: 121 seconds)
[08:19:35] *** Joins: gonzaloserrano (Adium@moz-kd4oel.user.ono.com)
[08:24:51] *** Quits: canhtak (jeremy@moz-kcs.u0t.149.5.IP) (Ping timeout: 121 seconds)
[08:27:20] *** Quits: nwin (textual@moz-uipfv6.pools.arcor-ip.net) (Quit: My Mac Mini has gone to sleep. ZZZzzz…)
[08:28:05] *** Joins: canhtak (jeremy@moz-kcs.u0t.149.5.IP)
[08:30:26] *** Quits: gonzaloserrano (Adium@moz-kd4oel.user.ono.com) (Ping timeout: 121 seconds)
[08:30:32] *** Joins: gonzaloserrano (Adium@moz-kd4oel.user.ono.com)
[08:34:57] *** Joins: nwin (textual@moz-uipfv6.pools.arcor-ip.net)
[08:58:20] *** Quits: nwin (textual@moz-uipfv6.pools.arcor-ip.net) (Quit: My Mac Mini has gone to sleep. ZZZzzz…)
[09:03:48] *** Quits: erickt (erickt@moz-njt.vqi.14.76.IP) (Ping timeout: 121 seconds)
[09:11:59] *** Joins: nwin (textual@moz-uipfv6.pools.arcor-ip.net)
[09:30:21] *** Quits: Feyn (aram@moz-88k.k93.115.42.IP) (Quit: Leaving)
[09:33:10] *** Quits: nwin (textual@moz-uipfv6.pools.arcor-ip.net) (Quit: My Mac Mini has gone to sleep. ZZZzzz…)
[09:35:48] *** Joins: nwin (textual@moz-uipfv6.pools.arcor-ip.net)
[09:36:19] *** Quits: cakecatz (cakecatz@moz-u6p4rc.so-net.ne.jp) (Quit: My Mac has gone to sleep. ZZZzzz…)
[09:37:09] *** Joins: cakecatz (cakecatz@moz-u6p4rc.so-net.ne.jp)
[09:38:55] *** Joins: Skyler (Skyler@moz-7ds39s.sd.cox.net)
[09:41:12] *** Quits: cakecatz (cakecatz@moz-u6p4rc.so-net.ne.jp) (Ping timeout: 121 seconds)
[09:43:42] *** Joins: wipeD (wipeD@moz-lc4vr8.dip0.t-ipconnect.de)
[09:44:58] *** Joins: MrByte (MrByte@moz-fbphcv.client.bresnan.net)
[09:45:51] *** Joins: hhhhhhhhhh (mike@moz-969kuj.cable.virginm.net)
[09:46:32] *** Quits: canhtak (jeremy@moz-kcs.u0t.149.5.IP) (Client exited)
[09:51:01] *** Quits: MrByte (MrByte@moz-fbphcv.client.bresnan.net) (Ping timeout: 121 seconds)
[09:51:14] *** Quits: p1start (p1start@moz-nftjhe.org) (Ping timeout: 121 seconds)
[09:58:51] *** Joins: jakevn (jakevn@moz-0agbgk.miamfl.sbcglobal.net)
[10:05:00] *** Quits: jakevn (jakevn@moz-0agbgk.miamfl.sbcglobal.net) (Ping timeout: 121 seconds)
[10:10:22] *** Joins: erickt (erickt@moz-njt.vqi.14.76.IP)
[10:12:37] *** Joins: aepsil0n (eduard@moz-6491ha.mv2h.pepi.8071.2a02.IP)
[10:13:43] *** Quits: erickt (erickt@moz-njt.vqi.14.76.IP) (Connection closed)
[10:15:58] *** Quits: erz (erz@moz-ab429s.broadband.corbina.ru) (Quit: My Mac has gone to sleep. ZZZzzz…)
[10:19:05] *** Joins: summerlight (summerlight@moz-99k.2mj.130.121.IP)
[10:20:24] *** Joins: erickt (erickt@moz-njt.vqi.14.76.IP)
[10:30:48] *** Quits: nwin (textual@moz-uipfv6.pools.arcor-ip.net) (Quit: My Mac Mini has gone to sleep. ZZZzzz…)
[10:33:56] *** Joins: lenstr (lenstr@moz-njm.vju.25.171.IP)
[10:35:35] *** Quits: lenstr (lenstr@moz-njm.vju.25.171.IP) (A TLS packet with unexpected length was received.)
[10:36:17] *** Joins: Jackneill (Jackneill@moz-ktmdj5.pool.digikabel.hu)
[10:38:17] *** Joins: cakecatz (cakecatz@moz-9k9mc5.ocn.ne.jp)
[10:45:25] *** Joins: nwin (textual@moz-uipfv6.pools.arcor-ip.net)
[10:56:35] *** Quits: blue_deref (blue_deref@moz-u9gmm1.res.rr.com) (Quit: bbn)
[11:06:58] *** Joins: Oflor (Oflor@moz-482d77.dsl.orel.ru)
[11:11:03] *** Quits: dmac (dmac@moz-2ig65r.ca.comcast.net) (Connection closed)
[11:13:20] *** Joins: dmac (dmac@moz-2ig65r.ca.comcast.net)
[11:14:57] *** zz_kimundi is now known as kimundi
[11:15:54] *** Joins: lenstr (lenstr@moz-bid.vju.25.171.IP)
[11:17:26] *** Quits: dmac (dmac@moz-2ig65r.ca.comcast.net) (Ping timeout: 121 seconds)
[11:25:14] *** Joins: squiddy (squiddy@moz-kvnqo0.dyn.telefonica.de)
[11:26:52] *** Quits: gonzaloserrano (Adium@moz-kd4oel.user.ono.com) (Quit: Leaving.)
[11:26:52] *** Quits: lenstr (lenstr@moz-bid.vju.25.171.IP) (Connection closed)
[11:27:43] *** Joins: lenstr (lenstr@moz-bid.vju.25.171.IP)
[11:27:57] *** Quits: bdero (bran@moz-lbs.91h.47.73.IP) (Ping timeout: 121 seconds)
[11:28:13] *** Quits: bjz (bjz@moz-puppgq.tpgi.com.au) (Quit: My Mac has gone to sleep. ZZZzzz…)
[11:29:18] *** Joins: bjz (bjz@moz-puppgq.tpgi.com.au)
[11:30:45] *** Joins: gonzaloserrano (Adium@moz-kd4oel.user.ono.com)
[11:32:37] *** Quits: zyphrus (David@moz-3h0.d1d.98.101.IP) (Ping timeout: 121 seconds)
[11:40:02] *** Quits: untitaker (untitaker@moz-vuq655.highway.telekom.at) (Quit: ZNC - http://znc.in)
[11:40:13] *** Joins: untitaker (untitaker@moz-vuq655.highway.telekom.at)
[11:44:32] *** Quits: niconii (nicole@moz-r8dlmh.frgo.qwest.net) (Quit: leaving)
[11:45:13] *** Joins: Astrum|Lap (Astrum|Lap@moz-skcefh.co.comcast.net)
[11:49:21] *** Joins: jakevn (jakevn@moz-0agbgk.miamfl.sbcglobal.net)
[11:55:17] *** Joins: jaen (jaen@moz-ifmik2.copit.pl)
[11:55:29] *** Quits: jakevn (jakevn@moz-0agbgk.miamfl.sbcglobal.net) (Ping timeout: 121 seconds)
[11:55:50] *** Quits: summerlight (summerlight@moz-99k.2mj.130.121.IP) (Ping timeout: 121 seconds)
[12:02:12] *** Joins: ytain (ytain@moz-pum3eh.dsl.teksavvy.com)
[12:02:15] *** Quits: lenstr (lenstr@moz-bid.vju.25.171.IP) (A TLS packet with unexpected length was received.)
[12:05:16] <nwin> seems I need to register somebody changes the mode of #rust :(
[12:06:37] <tomaka> there were spammers yesterday
[12:06:52] <tomaka> spamming apparently random data
[12:06:57] *** Joins: summerlight (summerlight@moz-99k.2mj.130.121.IP)
[12:06:59] <nwin> nice…
[12:07:02] *** Joins: lenstr (lenstr@moz-bid.vju.25.171.IP)
[12:10:53] *** Joins: meh (meh@moz-trjis0.42-151.net24.it)
[12:12:34] *** Joins: erz (erz@moz-8v4.af0.232.213.IP)
[12:14:04] *** Joins: dmac (dmac@moz-2ig65r.ca.comcast.net)
[12:14:42] *** Quits: erz (erz@moz-8v4.af0.232.213.IP) (Quit: My Mac has gone to sleep. ZZZzzz…)
[12:16:36] <tomaka> I'm going to remove "is_closed" from glutin, if someone has something to say about this: https://github.com/tomaka/glutin/pull/488
[12:18:08] *** Joins: erz (erz@moz-8v4.af0.232.213.IP)
[12:18:10] *** Quits: dmac (dmac@moz-2ig65r.ca.comcast.net) (Ping timeout: 121 seconds)
[12:20:03] <kagami> I'm ok with that.
[12:23:48] *** Joins: Wild_Cat (Max@moz-gcfccq.dsl.teksavvy.com)
[12:24:01] <meh> fine by me
[12:24:39] *** Joins: SHC (quassel@moz-7hj.eve.223.117.IP)
[12:25:00] *** Joins: canhtak (jeremy@moz-kcs.u0t.149.5.IP)
[12:26:31] *** Quits: erz (erz@moz-8v4.af0.232.213.IP) (Quit: My Mac has gone to sleep. ZZZzzz…)
[12:27:50] *** Joins: erz (erz@moz-8v4.af0.232.213.IP)
[12:29:11] *** Quits: erz (erz@moz-8v4.af0.232.213.IP) (Quit: My Mac has gone to sleep. ZZZzzz…)
[12:30:16] *** Quits: SHC (quassel@moz-7hj.eve.223.117.IP) (A TLS packet with unexpected length was received.)
[12:30:32] *** Quits: Kingsquee (kingsley@moz-3fm07c.bchsia.telus.net) (Quit: Konversation terminated!)
[12:34:04] *** Joins: Altazimuth (Altazimuth@moz-rb7u6p.skybroadband.com)
[12:38:39] *** Joins: bdero (bran@moz-e4f4ei.mit.edu)
[12:39:22] *** Quits: bdero (bran@moz-e4f4ei.mit.edu) (Connection closed)
[12:39:48] *** Joins: SHC (quassel@moz-i5d.eo2.241.117.IP)
[12:39:57] *** Quits: lenstr (lenstr@moz-bid.vju.25.171.IP) (Connection closed)
[12:41:27] <bvssvni> tomaka: no problem
[12:41:33] *** Quits: Astrum|Lap (Astrum|Lap@moz-skcefh.co.comcast.net) (Client exited)
[12:42:45] *** Joins: bdero (bran@moz-340.8qn.132.18.IP)
[12:44:20] *** Joins: erz (erz@moz-8v4.af0.232.213.IP)
[12:47:22] *** Joins: lenstr (lenstr@moz-bid.vju.25.171.IP)
[12:48:38] *** Quits: cakecatz (cakecatz@moz-9k9mc5.ocn.ne.jp) (Quit: My Mac has gone to sleep. ZZZzzz…)
[12:48:43] *** Quits: canhtak (jeremy@moz-kcs.u0t.149.5.IP) (Client exited)
[12:49:47] *** Quits: lenstr (lenstr@moz-bid.vju.25.171.IP) (Connection closed)
[12:51:08] *** Joins: cakecatz (cakecatz@moz-9k9mc5.ocn.ne.jp)
[12:51:31] *** Joins: lenstr (lenstr@moz-bid.vju.25.171.IP)
[12:52:21] *** Joins: jakevn (jakevn@moz-0agbgk.miamfl.sbcglobal.net)
[12:53:42] *** Quits: cakecatz (cakecatz@moz-9k9mc5.ocn.ne.jp) (Quit: My Mac has gone to sleep. ZZZzzz…)
[12:54:03] *** Quits: Wild_Cat (Max@moz-gcfccq.dsl.teksavvy.com) (Connection closed)
[12:56:03] *** Quits: erz (erz@moz-8v4.af0.232.213.IP) (Quit: My Mac has gone to sleep. ZZZzzz…)
[12:56:27] *** Quits: jakevn (jakevn@moz-0agbgk.miamfl.sbcglobal.net) (Ping timeout: 121 seconds)
[12:59:31] *** Joins: cakecatz (cakecatz@moz-9k9mc5.ocn.ne.jp)
[12:59:50] *** Quits: cakecatz (cakecatz@moz-9k9mc5.ocn.ne.jp) (Quit: My Mac has gone to sleep. ZZZzzz…)
[13:02:34] *** Quits: lenstr (lenstr@moz-bid.vju.25.171.IP) (Connection closed)
[13:03:24] *** Joins: lenstr (lenstr@moz-bid.vju.25.171.IP)
[13:03:31] *** Quits: squiddy (squiddy@moz-kvnqo0.dyn.telefonica.de) (A TLS packet with unexpected length was received.)
[13:06:16] *** Joins: Layl (Layl@moz-65hqmf.direct-adsl.nl)
[13:06:57] <Layl> I'm not sure I'm entirely understand right what piston does, is it any goal at all in piston to have a common interface accross multiple rendering backends?
[13:14:48] *** Joins: dmac (dmac@moz-2ig65r.ca.comcast.net)
[13:18:53] *** Quits: dmac (dmac@moz-2ig65r.ca.comcast.net) (Ping timeout: 121 seconds)
[13:19:09] *** Quits: SHC (quassel@moz-i5d.eo2.241.117.IP) (Quit: No Ping reply in 180 seconds.)
[13:21:30] *** Quits: nwin (textual@moz-uipfv6.pools.arcor-ip.net) (Quit: My Mac Mini has gone to sleep. ZZZzzz…)
[13:21:32] *** Joins: SHC (quassel@moz-i5d.eo2.241.117.IP)
[13:21:53] *** Joins: thelink2012 (thelink2012@moz-dmo.sj6.214.186.IP)
[13:24:25] *** Quits: lenstr (lenstr@moz-bid.vju.25.171.IP) (Connection closed)
[13:24:37] *** Joins: lenstr (lenstr@moz-bid.vju.25.171.IP)
[13:25:36] *** Joins: canhtak (jeremy@moz-kcs.u0t.149.5.IP)
[13:27:57] *** Joins: FallingAlways (FallingTime@moz-ruksei.cable.rogers.com)
[13:35:21] *** Joins: iitaku (textual@moz-da5bg2.ocn.ne.jp)
[13:38:50] *** Joins: erz (erz@moz-8v4.af0.232.213.IP)
[13:38:54] *** Quits: canhtak (jeremy@moz-kcs.u0t.149.5.IP) (Client exited)
[13:38:57] *** Quits: erz (erz@moz-8v4.af0.232.213.IP) (Quit: My Mac has gone to sleep. ZZZzzz…)
[13:41:55] *** Joins: canhtak (jeremy@moz-kcs.u0t.149.5.IP)
[13:43:55] *** Joins: demilux (demilux@moz-73qa6c.wa.comcast.net)
[13:46:07] *** Joins: nwin (textual@moz-uipfv6.pools.arcor-ip.net)
[13:47:57] *** Quits: demilux (demilux@moz-73qa6c.wa.comcast.net) (Ping timeout: 121 seconds)
[13:49:57] *** Quits: aepsil0n (eduard@moz-6491ha.mv2h.pepi.8071.2a02.IP) (Connection closed)
[13:50:21] *** SHC is now known as SHC[Dinner]
[13:53:21] *** Joins: jakevn (jakevn@moz-0agbgk.miamfl.sbcglobal.net)
[13:57:27] *** Quits: jakevn (jakevn@moz-0agbgk.miamfl.sbcglobal.net) (Ping timeout: 121 seconds)
[14:00:03] *** Quits: canhtak (jeremy@moz-kcs.u0t.149.5.IP) (Client exited)
[14:05:50] *** SHC[Dinner] is now known as SHC
[14:12:36] *** Joins: demilux (demilux@moz-73qa6c.wa.comcast.net)
[14:14:24] *** Joins: Gamecubic (cubic@moz-bglmk5.mc.videotron.ca)
[14:15:03] *** Joins: sunu (quassel@moz-dq2.41e.235.168.IP)
[14:15:33] *** Joins: dmac (dmac@moz-2ig65r.ca.comcast.net)
[14:16:48] <mindtree> where do I go to "register" to get on #rust?
[14:18:04] <ytain> ../msg NickServ  help
[14:19:39] *** Quits: dmac (dmac@moz-2ig65r.ca.comcast.net) (Ping timeout: 121 seconds)
[14:20:56] *** Quits: erickt (erickt@moz-njt.vqi.14.76.IP) (Ping timeout: 121 seconds)
[14:23:38] *** Quits: lenstr (lenstr@moz-bid.vju.25.171.IP) (Connection closed)
[14:24:40] *** Joins: lenstr (lenstr@moz-bid.vju.25.171.IP)
[14:28:14] *** Quits: meh (meh@moz-trjis0.42-151.net24.it) (Ping timeout: 121 seconds)
[14:33:50] *** Quits: nwin (textual@moz-uipfv6.pools.arcor-ip.net) (Quit: My Mac Mini has gone to sleep. ZZZzzz…)
[14:35:37] *** Quits: lenstr (lenstr@moz-bid.vju.25.171.IP) (A TLS packet with unexpected length was received.)
[14:38:51] *** Quits: joel4 (joel@moz-6ampnk.gtri.gatech.edu) (Connection closed)
[14:40:48] *** Joins: vky (vky@moz-fqci96.ca.comcast.net)
[14:42:02] *** Quits: SHC (quassel@moz-i5d.eo2.241.117.IP) (Ping timeout: 121 seconds)
[14:44:43] *** Joins: thlst (thlst@moz-fin.s1b.154.177.IP)
[14:47:27] *** Joins: SHC (quassel@moz-rtk.n8g.204.117.IP)
[14:51:07] *** Joins: meh (meh@moz-trjis0.42-151.net24.it)
[14:51:59] *** Joins: Astrum|Lap (Astrum|Lap@moz-skcefh.co.comcast.net)
[14:52:44] *** Quits: iitaku (textual@moz-da5bg2.ocn.ne.jp) (Quit: My Mac has gone to sleep. ZZZzzz…)
[14:56:21] *** Joins: lenstr (lenstr@moz-bid.vju.25.171.IP)
[14:57:17] *** Quits: lenstr (lenstr@moz-bid.vju.25.171.IP) (Quit: Leaving...)
[14:59:00] *** Quits: jaen (jaen@moz-ifmik2.copit.pl) (Quit: WeeChat 1.2)
[14:59:52] *** Quits: FreeFull (freefull@moz-6sjhkl.range165-120.btcentralplus.com) (Quit: Bbs)
[15:11:10] <tomaka> hmm, that's funny
[15:11:21] <tomaka> I just added fxaa in my game, and the fps and higher than before
[15:11:27] <tomaka> are higher*
[15:13:18] <ytain> driver settings ?
[15:13:52] *** Joins: SiegeLord (sl@moz-9jtaei.ca.comcast.net)
[15:14:10] <tomaka> it was very aliased before
[15:14:11] <Layl> cache shenanigans?
[15:15:11] <tomaka> it's really blurry though, I'm not sure I'll keep fxaa
[15:16:03] <ytain> sometimes the driver settings can override the opengl app setting if there's no implicit values defined
[15:16:17] *** Joins: dmac (dmac@moz-2ig65r.ca.comcast.net)
[15:16:35] <tomaka> but I manually implemented fxaa
[15:16:46] <tomaka> it's not just some settings
[15:16:53] <ytain> oh ok
[15:16:59] <tomaka> you're thinking of msaa where you basically have to tell the driver to enable it
[15:17:01] <ytain> is that different from msaa?
[15:17:34] <tomaka> msaa means that the pixel shader is run multiple times to get more precise values at the borders
[15:17:45] <tomaka> fxaa is a filter that you apply at the end over the image
[15:17:53] <ytain> oh ok
[15:17:57] <tomaka> that somehow detects borders and smoothens them
[15:18:02] <tomaka> (don't ask me how it works, I just copy-pasted the code)
[15:18:07] <ytain> perhaps the fxaa and msaa are mutually exclusive?
[15:18:19] <tomaka> msaa is not enabled
[15:18:24] <tomaka> I see it, it's aliased
[15:18:49] <ytain> ok
[15:20:23] *** Quits: dmac (dmac@moz-2ig65r.ca.comcast.net) (Ping timeout: 121 seconds)
[15:25:28] *** Quits: demilux (demilux@moz-73qa6c.wa.comcast.net) (A TLS packet with unexpected length was received.)
[15:25:52] *** Joins: w4ffles (textual@moz-g7g.toe.144.12.IP)
[15:28:13] *** Joins: erz (erz@moz-ab429s.broadband.corbina.ru)
[15:28:31] <ytain> https://www.reddit.com/r/GrandTheftAutoV_PC/comments/32tbk9/you_should_only_be_using_one_not_three_different/
[15:28:41] *** Joins: canhtak (jeremy@moz-kcs.u0t.149.5.IP)
[15:28:44] *** Quits: erz (erz@moz-ab429s.broadband.corbina.ru) (Connection closed)
[15:29:05] *** Joins: erz (erz@moz-ab429s.broadband.corbina.ru)
[15:33:03] *** Quits: Oflor (Oflor@moz-482d77.dsl.orel.ru) (Quit: Leaving)
[15:34:29] *** Joins: Altazimuth_ (Altazimuth@moz-rb7u6p.skybroadband.com)
[15:36:09] *** Joins: brson (brson@moz-cfhap5.mtv2.mozilla.com)
[15:37:12] *** Quits: Altazimuth (Altazimuth@moz-rb7u6p.skybroadband.com) (Ping timeout: 121 seconds)
[15:37:12] *** Quits: SiegeLord (sl@moz-9jtaei.ca.comcast.net) (Quit: It's a joke, it's all a joke.)
[15:37:30] *** Joins: Altazimuth__ (Altazimuth@moz-rb7u6p.skybroadband.com)
[15:37:57] *** Quits: SHC (quassel@moz-rtk.n8g.204.117.IP) (Ping timeout: 121 seconds)
[15:38:57] *** Joins: erickt (erickt@moz-4hh.6p3.217.74.IP)
[15:40:22] *** Joins: SHC (quassel@moz-n1q.b3j.3.61.IP)
[15:40:25] *** Joins: nodweber (nodweber@moz-knt.fgq.178.5.IP)
[15:41:15] *** Quits: Altazimuth_ (Altazimuth@moz-rb7u6p.skybroadband.com) (Ping timeout: 121 seconds)
[15:42:07] *** Joins: jakevn (jakevn@moz-0agbgk.miamfl.sbcglobal.net)
[15:42:54] *** Quits: Astrum|Lap (Astrum|Lap@moz-skcefh.co.comcast.net) (Client exited)
[15:44:51] *** Quits: nodweber (nodweber@moz-knt.fgq.178.5.IP) (Ping timeout: 121 seconds)
[15:45:14] *** Quits: w4ffles (textual@moz-g7g.toe.144.12.IP) (Quit: My Mac has gone to sleep. ZZZzzz…)
[15:45:20] *** Joins: w4ffles (textual@moz-g7g.toe.144.12.IP)
[15:47:15] *** Quits: jakevn (jakevn@moz-0agbgk.miamfl.sbcglobal.net) (Ping timeout: 121 seconds)
[15:50:08] *** Quits: nikola (nikola@moz-er7.0df.79.178.IP) (Quit: WeeChat 0.3.7)
[15:58:29] <Layl> ytain, how can you even have FXAA and MSAA on at the same time
[15:58:37] <Layl> isn't FXAA post processing
[15:58:41] <Layl> and MSAA messes that up
[15:58:49] <Layl> unless I'm misunderstanding things
[15:59:10] <ytain> well read my earlier question, they are mutually exclusive or not?
[15:59:19] <Layl> also, SMAA is pretty neat
[15:59:31] <Layl> why isn't there more SMAA in games
[15:59:35] <tomaka> they are not mutually exclusive but they do the same job
[15:59:41] <tomaka> they are redundant
[15:59:54] <Layl> I guess what I'm thinking of is deferred rendering
[15:59:58] <Layl> which doesn't work with MSAA
[16:00:16] *** Quits: w4ffles (textual@moz-g7g.toe.144.12.IP) (Quit: My Mac has gone to sleep. ZZZzzz…)
[16:01:05] <Layl> tomaka, what are you using to count frames anyways?
[16:01:07] *** Quits: canhtak (jeremy@moz-kcs.u0t.149.5.IP) (Client exited)
[16:01:22] <Layl> it could be that it's counting the FXAA pass as an extra frame
[16:01:37] <fkaa> `_`
[16:01:44] <fkaa> hprof power rangers
[16:01:44] *** Joins: canhtak (jeremy@moz-kcs.u0t.149.5.IP)
[16:02:13] <tomaka> I'm using fraps
[16:02:23] <tomaka> again fxaa is implemented manually
[16:02:31] <Layl> I'm aware
[16:02:37] <tomaka> I'm creating a texture, a renderbuffer, a framebuffer object, and drawing to it
[16:02:48] <tomaka> if fraps counted this as an extra frame it would be a very bad software
[16:03:06] <Layl> hm, really if that causes issues then fraps would see any deferred renderer at like 5x fps
[16:03:28] <Layl> and yes, yes it is
[16:04:02] <ytain> how about implementing your own fps counter and displayer?
[16:04:11] <ytain> provide it in your library
[16:04:21] *** Joins: O01eg (o01eg@moz-32r1fi.ie0e.4n8f.2698.2a02.IP)
[16:04:22] <fkaa> *cough* https://github.com/cmr/hprof *cough*
[16:04:28] <Layl> there's also https://github.com/PistonDevelopers/fps_counter
[16:05:32] <WindowsBunny> sup tomaka, do any cool stuff lately?
[16:05:50] <fkaa> WindowsBunny: transparency for glutin is fully implemented for all platforms now
[16:06:27] *** Joins: Astrum|Lap (Astrum|Lap@moz-7enfbr.co.comcast.net)
[16:06:46] <Layl> can you set glutin windows to no-resize yet?
[16:06:58] <tomaka> no
[16:07:29] <tomaka> WindowsBunny: compute shaders are working in glium if you're interested in doing FFTs or something
[16:07:53] <tomaka> (what I just said is a bit reductive :p)
[16:12:01] <thelink2012> tomaka: Should I add tests/ for compressed textures? I mean does the hardware and drivers the Ci VM is running supports these non-generic compressions so the tests can actually take place?
[16:12:28] *** Quits: canhtak (jeremy@moz-kcs.u0t.149.5.IP) (Client exited)
[16:12:46] <tomaka> thelink2012: ideally yes, but you can also just open an issue if you don't want to
[16:12:59] *** Quits: lu324 (lu324___@moz-3v8ljg.dhcp.embarqhsd.net) (Ping timeout: 121 seconds)
[16:13:09] <tomaka> thelink2012: the hardware in question is the osmesa library, a software implementation of OpenGL
[16:13:29] <tomaka> but even if it doesn't support them, the purpose of tests is to be run on real hardware
[16:13:40] *** Joins: pcwalton (pcwalton@moz-nh2.o1i.216.216.IP)
[16:13:48] <thelink2012> tomaka: I heard Mesa doesn't implement ST3C without external libraries, because of IPs?
[16:13:58] <tomaka> I don't know
[16:14:20] <WindowsBunny> tomaka: mmmm, I might just end up using compute shaders for some fancy things
[16:15:39] <tomaka> I don't even know what GPGPU is used for
[16:15:45] <tomaka> except video decoding I think
[16:15:56] <tomaka> that's a field I know nothing about
[16:16:14] <Tiffany> no, GPU decoding uses dedicated hardware iirc
[16:16:29] <thelink2012> tomaka: mmh by the way there's two extra comments I left in the PR code to be answered
[16:16:40] <Tiffany> I think in some cases you can use GPGPU for it, but it's slower than the hardware built into the GPU
[16:16:53] <WindowsBunny> tomaka: GPGPU is used for doing stuff like calculating physics, shadows, particles
[16:17:04] *** Joins: rcolinray (rcolinray@moz-3qo.okl.252.209.IP)
[16:17:04] *** Joins: dmac (dmac@moz-2ig65r.ca.comcast.net)
[16:20:34] *** Joins: demilux (demilux@moz-fk1.kt4.14.64.IP)
[16:20:57] *** Joins: demilux_ (demilux@moz-fk1.kt4.14.64.IP)
[16:20:57] *** Quits: demilux (demilux@moz-fk1.kt4.14.64.IP) (Connection closed)
[16:22:37] *** Quits: dmac (dmac@moz-2ig65r.ca.comcast.net) (Ping timeout: 121 seconds)
[16:23:58] <WindowsBunny> are there any libraries that let me decode animated GIFs yet?
[16:26:31] <tomaka> thelink2012: textures are a bit clumbsy in glium at the moment
[16:26:37] <tomaka> it's normal that many things are missing and such
[16:27:07] <tomaka> it's the part of the library that was a bit overlooked
[16:28:26] <thelink2012> I see
[16:30:43] <tomaka> basically buffers, vertex buffers, index buffers only have two or three small issues, for example it needs to handle unsupported primitive types or indices types
[16:31:00] <tomaka> programs need a better API but are mostly figured out
[16:31:22] <tomaka> draw parameters also need to be better at detecting unsupported things but are also figured out
[16:31:49] <tomaka> it's just textures that are "experimental"
[16:34:33] *** Joins: Gabriel_7 (Gabriel@moz-ipdc1l.mtgr.92aj.0e35.2a01.IP)
[16:35:20] *** Quits: rcolinray (rcolinray@moz-3qo.okl.252.209.IP) (Quit: Textual IRC Client: www.textualapp.com)
[16:36:05] *** Joins: mindtree_ (Mitch@moz-l8nggr.iprimus.net.au)
[16:36:10] *** Quits: mindtree (Mitch@moz-r4hcvr.iprimus.net.au) (Ping timeout: 121 seconds)
[16:42:44] *** Joins: Jesin (Jesin@moz-4jre1i.eecs.lehigh.edu)
[16:43:40] *** Joins: jakevn (jakevn@moz-0agbgk.miamfl.sbcglobal.net)
[16:47:47] *** Quits: jakevn (jakevn@moz-0agbgk.miamfl.sbcglobal.net) (Ping timeout: 121 seconds)
[16:54:54] <thelink2012> ups
[16:55:01] <thelink2012> I forgot PACK_ALIGNMENT
[16:55:44] *** Parts: wipeD (wipeD@moz-lc4vr8.dip0.t-ipconnect.de) ("cya")
[16:55:51] *** Quits: pcwalton (pcwalton@moz-nh2.o1i.216.216.IP) (Client exited)
[16:58:30] *** Joins: lenstr (lenstr@moz-bid.vju.25.171.IP)
[16:58:32] <meh> I got a dumb general graphics question, http://sprunge.us/LPYb?rust http://sprunge.us/PdQG?rust I want to have a "2d view from the top" but have no clue on how to achieve that, the current result is http://i.imgur.com/KlUC2Cd.png and the rotation is different even tho the angles are the same
[16:59:24] *** Joins: nodweber (nodweber@moz-knt.fgq.178.5.IP)
[17:01:53] *** Quits: summerlight (summerlight@moz-99k.2mj.130.121.IP) (Ping timeout: 121 seconds)
[17:01:56] <tomaka> meh: I'm not sure to understand but maybe you need to use a different projection matrix
[17:02:16] <tomaka> you're using a perspective matrix
[17:02:20] <meh> tomaka, I tried using Ortho3, but I really have no clue of what I'm doing so I'm just trying out different things :D
[17:02:36] <meh> tomaka, yeah, I started off from some examples and there's where I ended up
[17:02:44] <meh> but I just wanted to fix the aspect ratio thing
[17:03:34] <meh> I don't need a camera either
[17:03:49] <meh> because it's gonna be kinda like touhou
[17:03:57] <meh> just a bullet hell
[17:04:08] <tomaka> well, a camera is always useful
[17:04:45] <tomaka> it's much more convenient to adjust positions instead of directly manipulating a matrix
[17:05:50] *** Joins: Lilly (Lilly@moz-pfkvo9.bredband.comhem.se)
[17:06:24] <tomaka> basically if you want 2D you have two choices
[17:06:43] <tomaka> either you use a matrix that doesn't give perspective (I forgot the name, orthogonal matrix maybe?)
[17:06:55] <meh> yeah, I think it's Ortho3 I want
[17:07:01] <tomaka> or you just draw objects with no depth, all in the same plan 
[17:07:35] <tomaka> the second option gives you the possibility to draw decorative enemies in the background for example
[17:07:51] <tomaka> without having to change their size manually
[17:08:42] <meh> tomaka, so all of them with the same z?
[17:08:53] <tomaka> yeah
[17:09:02] <meh> how do I fix the aspect ratio then?
[17:09:09] <meh> as in, that was my plan
[17:09:14] <meh> but I get that different rotation thing with the code I have
[17:09:43] <tomaka> that's normal because it's a 3D object
[17:09:48] <tomaka> not everything is in the same plan
[17:10:04] <meh> is there any way to work around that?
[17:10:14] *** Joins: canhtak (jeremy@moz-3o9del.luxdsl.pt.lu)
[17:10:33] <tomaka> your bullet hell has 3D cubes? o0
[17:10:40] <meh> yes
[17:11:04] <tomaka> well, you can draw them in an intermediate texture
[17:11:26] <tomaka> I'm not sure if that's the optimal solution, it depends if you have a lot of them
[17:12:09] <meh> I still don't understand why the rotation is different
[17:12:17] *** Joins: joel4 (joel@moz-6ampnk.gtri.gatech.edu)
[17:13:01] <tomaka> because of perspective o0
[17:13:27] <tomaka> https://c647837.ssl.cf2.rackcdn.com/media/imagecontent/Cubes_1920.jpg
[17:13:42] <tomaka> each cube faces the same direction in 3D, but on the image they look different
[17:13:51] *** Quits: bdero (bran@moz-340.8qn.132.18.IP) (Ping timeout: 121 seconds)
[17:13:59] <meh> that's the thing, I want a square camera, or something
[17:14:09] <tomaka> so that's an othogonal matrix
[17:14:20] <tomaka> no, wait
[17:14:21] <meh> but I still want to be able to layer things below or above
[17:14:28] <tomaka> I need to look for the right word for this
[17:14:44] <meh> yeah, thanks, I'm just lost and have no idea what to search for
[17:14:58] <tomaka> an orthographic matrix!
[17:15:02] <ytain> isometric?
[17:15:25] <WindowsBunny> glOrtho
[17:15:26] <WindowsBunny> duh
[17:15:30] <tomaka> meh: that's a perspective matrix: http://www.pling.org.uk/cs/cgvimg/perspectivespecifications.png
[17:15:41] <tomaka> meh: that's an orthographic matrix: http://resumbrae.com/ub/dms423/16/glortho.jpg
[17:16:45] <tomaka> meh: I guess you need to use an orthographic matrix and just manually handle the sizes of the objects in the background
[17:16:50] <tomaka> to make them smaller
[17:17:03] <meh> sounds good
[17:17:36] *** Joins: edlothiol (user@moz-i70j4f.dynamic.kabel-deutschland.de)
[17:24:18] *** Quits: lenstr (lenstr@moz-bid.vju.25.171.IP) (Connection closed)
[17:25:37] *** Quits: Jackneill (Jackneill@moz-ktmdj5.pool.digikabel.hu) (Ping timeout: 121 seconds)
[17:27:36] *** Joins: lenstr (lenstr@moz-bid.vju.25.171.IP)
[17:28:40] *** Joins: csherratt (Mibbit@moz-b8k.bj8.142.72.IP)
[17:31:22] *** Quits: brandonw (brandonw@moz-36sv6k.ma.charter.com) (Quit: leaving)
[17:32:07] *** Joins: dmac (dmac@moz-4kcd1c.ca.comcast.net)
[17:32:09] *** Joins: bdero (bran@moz-nd2f6b.dyn.mit.edu)
[17:32:13] *** Quits: gonzaloserrano (Adium@moz-kd4oel.user.ono.com) (Quit: Leaving.)
[17:36:56] *** kimundi is now known as zz_kimundi
[17:37:01] *** zz_kimundi is now known as kimundi
[17:38:31] *** Quits: SHC (quassel@moz-n1q.b3j.3.61.IP) (A TLS packet with unexpected length was received.)
[17:41:19] *** Joins: lu324 (lu324___@moz-3v8ljg.dhcp.embarqhsd.net)
[17:42:28] *** Joins: pcwalton (pcwalton@moz-l8ebtf.sfo1.mozilla.com)
[17:43:15] *** Quits: vky (vky@moz-fqci96.ca.comcast.net) (Ping timeout: 121 seconds)
[17:49:35] *** Quits: Gabriel_7 (Gabriel@moz-ipdc1l.mtgr.92aj.0e35.2a01.IP) (Quit: Quitte)
[17:51:14] *** Joins: Oflor (Oflor@moz-482d77.dsl.orel.ru)
[17:55:34] *** Quits: canhtak (jeremy@moz-3o9del.luxdsl.pt.lu) (Client exited)
[17:59:43] <meh> http://i.imgur.com/s6yIaRU.png there we go
[18:00:06] *** Quits: lenstr (lenstr@moz-bid.vju.25.171.IP) (Connection closed)
[18:01:24] *** Joins: lenstr (lenstr@moz-bid.vju.25.171.IP)
[18:03:54] *** Quits: SneakySnake (nya@moz-i9is4u.pool.telekom.hu) (Quit: Leaving)
[18:04:02] *** Joins: SneakySnake (nya@moz-i9is4u.pool.telekom.hu)
[18:07:39] *** Quits: lenstr (lenstr@moz-bid.vju.25.171.IP) (A TLS packet with unexpected length was received.)
[18:08:30] <csherratt> wow what is that meh?
[18:09:39] <meh> csherratt, still nothing, working on the engine of my game
[18:09:57] <csherratt> neat. Is the source open?
[18:10:08] <meh> yeah
[18:10:22] *** Joins: lenstr (lenstr@moz-bid.vju.25.171.IP)
[18:10:52] <csherratt> Do you have a link?
[18:10:57] <meh> csherratt, sent in query
[18:16:44] <Layl> I don't like that kind of open source, where you have to explicitly ask for the source
[18:17:01] <Layl> just seems a bit cheating the system
[18:24:03] <jpernst> urgh, i wish rust had generators
[18:24:08] <jpernst> the only feature from c# i actually miss
[18:24:31] <Layl> generators?
[18:24:57] <Layl> oh you mean the yield keyword
[18:25:01] <jpernst> yeah
[18:25:11] <jpernst> i think someone tried to do it as a syntax extension, but it's not quite possible yet
[18:25:14] <Layl> there's probably a way to macro! it
[18:25:22] <eddyb> jpernst: I know how to do it with a syntax extension
[18:25:25] <eddyb> I should make a demo out of that
[18:25:37] <eddyb> ofc it requires a modified compiler to get -> impl Iterator :P
[18:25:54] <eddyb> and I wouldn't write a syntax extension, just an example of plausible output
[18:26:28] <jpernst> it's the only feature that's really holding back rust from being adopted by my colleagues
[18:26:32] <jpernst> we use it a lot in our c# framework
[18:27:27] <eddyb> it's a wanted feature
[18:27:48] <Layl> I really think it should be a plugin and not a core language feature
[18:28:01] <jpernst> yeah, i'm totally ok with it being an extension
[18:28:09] <jpernst> the fact that that would even be possible is impressive
[18:28:22] <eddyb> jpernst: to have it as flexible as possible it has to be done after typeck
[18:28:35] <jpernst> yeah, that's what i gathered the main problem is
[18:28:45] <jpernst> that extensions happen too early in the compilation process
[18:29:53] <eddyb> jpernst: there is no way to generate something like a state machine after typeck
[18:30:02] <eddyb> the AST is frozen and the AST is the wrong abstraction to do this on
[18:32:20] <meh> Layl, it's on github actually, I'm just ashamed of it :D
[18:32:38] *** Joins: jakevn (jakevn@moz-0agbgk.miamfl.sbcglobal.net)
[18:33:08] <Layl> I've got plenty of stuff I'm ashamed of on github ;)
[18:34:50] <jpernst> eddyb: interesting, so in theory what would be the ideal approach?
[18:35:50] *** Quits: lenstr (lenstr@moz-bid.vju.25.171.IP) (Connection closed)
[18:36:13] <eddyb> jpernst: work on a MIR generated by type-checking
[18:37:46] *** Quits: jakevn (jakevn@moz-0agbgk.miamfl.sbcglobal.net) (Ping timeout: 121 seconds)
[18:38:25] *** Joins: eerie (eerie@moz-2u3428.red.bezeqint.net)
[18:38:54] *** Quits: ytain (ytain@moz-pum3eh.dsl.teksavvy.com) (Quit: Textual IRC Client: www.textualapp.com)
[18:39:59] *** Quits: edlothiol (user@moz-i70j4f.dynamic.kabel-deutschland.de) (Connection closed)
[18:41:59] *** Joins: lenstr (lenstr@moz-bid.vju.25.171.IP)
[18:43:05] <WindowsBunny> Hot damn, AMD's Fury Nano is ridiculous
[18:43:08] <WindowsBunny> http://cdn2.wccftech.com/wp-content/uploads/2015/06/AMD-Radeon-R9-Nano-Graphics-Card.jpg
[18:43:30] <WindowsBunny> mini-itx form factor for the fastest gpu chip there is
[18:43:41] <jpernst> awesome
[18:44:08] <tomaka> maybe it's for a giant tower :o)
[18:44:17] <jpernst> i want a more powerful rig, but i really don't want a fullsize tower again, so i hope this kind of thing becomes more popular
[18:44:36] *** Quits: pcwalton (pcwalton@moz-l8ebtf.sfo1.mozilla.com) (Client exited)
[18:44:45] <WindowsBunny> jpernst: Well they only managed to do this thanks to HBM
[18:45:13] *** Joins: pcwalton (pcwalton@moz-l8ebtf.sfo1.mozilla.com)
[18:46:22] *** Quits: Jesin (Jesin@moz-4jre1i.eecs.lehigh.edu) (Quit: Leaving)
[18:46:23] <WindowsBunny> and HBM will spread across the GPU market eventually
[18:46:44] *** Quits: sunu (quassel@moz-dq2.41e.235.168.IP) (Quit: Bye!)
[18:47:14] <jpernst> looking forward to that, in the meantime i suppose i'll continue to scrape by on a nuc
[18:47:21] <jpernst> which actually performs better than i would have expected
[18:48:20] <cmr> I haven't been impressed with nucs.
[18:50:22] *** Joins: Jesin (Jesin@moz-4jre1i.eecs.lehigh.edu)
[18:50:48] <jpernst> the real advantage is the form factor and noise level
[18:51:23] <jpernst> the power leaves something to be desired for sure, but it gets the job done for me so far
[18:52:18] <csherratt> Sorry, what is a nucs?
[18:52:38] <cmr> certainly, but I'd rather just build a microATX or mini-ITX box.
[18:52:40] <jpernst> http://www.intel.com/content/www/us/en/nuc/overview.html
[18:52:56] <cmr> admittedly larger and louder, but...
[18:53:09] <jpernst> yeah, i'm leaning towards that for my next rig since i do need more horsepower
[18:59:25] <csherratt> I built a nice little box around an EVGA Hadron a while back.
[19:00:12] *** Joins: jaen (jaen@moz-ifmik2.copit.pl)
[19:00:28] *** Quits: pcwalton (pcwalton@moz-l8ebtf.sfo1.mozilla.com) (Client exited)
[19:01:02] <csherratt> They tend to get pretty noisy :/
[19:02:31] *** Quits: lenstr (lenstr@moz-bid.vju.25.171.IP) (Connection closed)
[19:02:44] *** Joins: lenstr (lenstr@moz-bid.vju.25.171.IP)
[19:03:23] *** Joins: FreeFull (freefull@moz-6sjhkl.range165-120.btcentralplus.com)
[19:08:29] *** Joins: eerie_ (eerie@moz-2u3428.red.bezeqint.net)
[19:11:27] *** Quits: eerie (eerie@moz-2u3428.red.bezeqint.net) (Ping timeout: 121 seconds)
[19:16:20] *** Quits: nodweber (nodweber@moz-knt.fgq.178.5.IP) (Ping timeout: 121 seconds)
[19:19:15] *** Quits: aatch (james@moz-is4j4r.cable.telstraclear.net) (Ping timeout: 121 seconds)
[19:19:30] *** Joins: aepsil0n (eduard@moz-6491ha.mv2h.pepi.8071.2a02.IP)
[19:19:48] *** Joins: blue_deref (blue_deref@moz-u9gmm1.res.rr.com)
[19:31:13] *** Quits: lenstr (lenstr@moz-bid.vju.25.171.IP) (Connection closed)
[19:32:27] *** Quits: untitaker (untitaker@moz-vuq655.highway.telekom.at) (Ping timeout: 121 seconds)
[19:33:06] *** Joins: lenstr (lenstr@moz-bid.vju.25.171.IP)
[19:35:23] *** Joins: untitaker (untitaker@moz-gfukss.highway.telekom.at)
[19:36:19] *** Quits: mindtree_ (Mitch@moz-l8nggr.iprimus.net.au) (Ping timeout: 121 seconds)
[19:36:53] *** Quits: lenstr (lenstr@moz-bid.vju.25.171.IP) (Quit: Leaving...)
[19:38:31] *** Joins: eerie (eerie@moz-2u3428.red.bezeqint.net)
[19:41:31] *** Quits: eerie_ (eerie@moz-2u3428.red.bezeqint.net) (Ping timeout: 121 seconds)
[19:41:43] *** Quits: eerie (eerie@moz-2u3428.red.bezeqint.net) (Connection closed)
[19:46:21] *** Joins: nwin (textual@moz-01ci3n.pools.arcor-ip.net)
[19:48:36] *** Joins: cfcosta (cfcosta@moz-v9c.a3o.106.187.IP)
[19:58:12] *** Quits: bdero (bran@moz-nd2f6b.dyn.mit.edu) (Ping timeout: 121 seconds)
[20:00:01] *** Joins: mihneadb (mihneadb@moz-k6cs38.lots.snn0.2f0b.2a02.IP)
[20:04:11] *** Quits: FallingAlways (FallingTime@moz-ruksei.cable.rogers.com) (Quit: Leaving)
[20:04:24] *** Quits: nwin (textual@moz-01ci3n.pools.arcor-ip.net) (Quit: My Mac Mini has gone to sleep. ZZZzzz…)
[20:17:10] *** Joins: pcwalton (pcwalton@moz-l8ebtf.sfo1.mozilla.com)
[20:19:11] *** Joins: jakevn (jakevn@moz-0agbgk.miamfl.sbcglobal.net)
[20:23:18] *** Quits: jakevn (jakevn@moz-0agbgk.miamfl.sbcglobal.net) (Ping timeout: 121 seconds)
[20:29:31] *** Quits: thlst (thlst@moz-fin.s1b.154.177.IP) (Connection closed)
[20:30:17] *** Quits: Oflor (Oflor@moz-482d77.dsl.orel.ru) (Quit: Leaving)
[20:38:55] *** Quits: amstrad (chatzilla@moz-l701jl.xnet.co.nz) (Quit: ChatZilla 0.9.91.1 [Firefox 38.0.5/20150525141253])
[20:43:15] *** Joins: mindtree (Mitch@moz-l8nggr.iprimus.net.au)
[20:44:49] *** Joins: genbattle (genbattle@moz-4v0.gkd.16.182.IP)
[20:47:17] *** Quits: mindtree (Mitch@moz-l8nggr.iprimus.net.au) (Ping timeout: 121 seconds)
[20:48:51] *** Joins: bss (brian@moz-ikau28.east.myfairpoint.net)
[20:49:41] *** Quits: erickt (erickt@moz-4hh.6p3.217.74.IP) (Ping timeout: 121 seconds)
[20:50:01] *** Quits: Zr40 (zr40@moz-92llkv.adsl.xs4all.nl) (Quit: .)
[20:53:33] *** Joins: bdero (bran@moz-0e2lk5.sns9.e6pb.0197.2601.IP)
[20:55:56] *** Quits: aepsil0n (eduard@moz-6491ha.mv2h.pepi.8071.2a02.IP) (Quit: Leaving.)
[21:00:16] *** Joins: amstrad (chatzilla@moz-l701jl.xnet.co.nz)
[21:10:42] *** Joins: Nate01 (Mibbit@moz-vhm.aaj.215.98.IP)
[21:11:12] *** Joins: niconii (nicole@moz-r8dlmh.frgo.qwest.net)
[21:11:19] *** Quits: joel4 (joel@moz-6ampnk.gtri.gatech.edu) (Ping timeout: 121 seconds)
[21:15:52] *** Quits: Altazimuth__ (Altazimuth@moz-rb7u6p.skybroadband.com) (Quit: I'm off)
[21:16:16] *** Joins: Zr40 (zr40@moz-92llkv.adsl.xs4all.nl)
[21:23:10] *** Joins: FallingAlways (FallingTime@moz-ruksei.cable.rogers.com)
[21:23:44] *** Joins: erickt (erickt@moz-4sl51b.hfc.comcastbusiness.net)
[21:26:00] *** Joins: nwin (textual@moz-01ci3n.pools.arcor-ip.net)
[21:27:23] *** Joins: zyphrus (David@moz-3h0.d1d.98.101.IP)
[21:34:56] *** Joins: jakevn (jakevn@moz-0agbgk.miamfl.sbcglobal.net)
[21:35:16] *** Joins: lenstr (lenstr@moz-bid.vju.25.171.IP)
[21:35:51] *** Quits: Lilly (Lilly@moz-pfkvo9.bredband.comhem.se) (Quit: bajs)
[21:36:59] *** Quits: lenstr (lenstr@moz-bid.vju.25.171.IP) (Connection closed)
[21:38:15] *** kimundi is now known as zz_kimundi
[21:39:01] *** Joins: gonzaloserrano (Adium@moz-o3m.qiv.231.77.IP)
[21:41:05] *** Quits: jakevn (jakevn@moz-0agbgk.miamfl.sbcglobal.net) (Ping timeout: 121 seconds)
[21:42:18] *** Quits: mihneadb (mihneadb@moz-k6cs38.lots.snn0.2f0b.2a02.IP) (Quit: Leaving)
[21:42:29] *** Quits: bss (brian@moz-ikau28.east.myfairpoint.net) (Quit: Leaving.)
[21:46:25] *** Joins: jakevn (jakevn@moz-0agbgk.miamfl.sbcglobal.net)
[21:54:19] *** Quits: saml (saml@moz-0pt9vd.cst.lightpath.net) (Quit: Leaving)
[21:54:31] *** Quits: SneakySnake (nya@moz-i9is4u.pool.telekom.hu) (Connection closed)
[21:59:23] *** Joins: orangeshark (erik@moz-dbo6so.44tj.56ot.0306.2602.IP)
[22:00:24] *** Quits: nwin (textual@moz-01ci3n.pools.arcor-ip.net) (Quit: My Mac Mini has gone to sleep. ZZZzzz…)
[22:05:55] *** Quits: fkaa (tundmatu@moz-501od2.business.telia.com) (Ping timeout: 121 seconds)
[22:11:51] *** Quits: csherratt (Mibbit@moz-b8k.bj8.142.72.IP) (Quit: http://www.mibbit.com ajax IRC Client)
[22:22:48] *** Joins: bss (brian@moz-ikau28.east.myfairpoint.net)
[22:31:13] *** Joins: guycook (quassel@moz-ihqjqb.snap.net.nz)
[22:34:55] *** Joins: Rym (uid91135@moz-n2i7qm.charlton.irccloud.com)
[22:40:42] *** Quits: jaen (jaen@moz-ifmik2.copit.pl) (Ping timeout: 121 seconds)
[22:42:40] *** Quits: gonzaloserrano (Adium@moz-o3m.qiv.231.77.IP) (Quit: Leaving.)
[22:43:20] *** Joins: SpaceManiac (Tad@moz-bd3s4o.dyn.suddenlink.net)
[22:47:59] *** Quits: bjz (bjz@moz-puppgq.tpgi.com.au) (Quit: My Mac has gone to sleep. ZZZzzz…)
[22:50:01] *** Joins: jaen (jaen@moz-ifmik2.copit.pl)
[22:58:57] *** Joins: brandonw (brandonw@moz-36sv6k.ma.charter.com)
[23:02:25] *** Quits: brson (brson@moz-cfhap5.mtv2.mozilla.com) (Ping timeout: 121 seconds)
[23:07:30] *** Quits: pcwalton (pcwalton@moz-l8ebtf.sfo1.mozilla.com) (Client exited)
[23:08:01] *** Joins: pcwalton (pcwalton@moz-l8ebtf.sfo1.mozilla.com)
[23:16:16] *** Joins: mihneadb (mihneadb@moz-k6cs38.lots.snn0.2f0b.2a02.IP)
[23:18:26] *** Joins: saml_ (saml@moz-rkfmct.res.rr.com)
[23:26:48] *** Quits: erz (erz@moz-ab429s.broadband.corbina.ru) (Quit: My Mac has gone to sleep. ZZZzzz…)
[23:27:20] *** Joins: dpc (dpc@moz-52v2l7.nvidia.com)
[23:29:34] *** Quits: erickt (erickt@moz-4sl51b.hfc.comcastbusiness.net) (Ping timeout: 121 seconds)
[23:30:01] *** Quits: jaen (jaen@moz-ifmik2.copit.pl) (Quit: WeeChat 1.2)
[23:30:36] *** Quits: bss (brian@moz-ikau28.east.myfairpoint.net) (Quit: Leaving.)
[23:31:18] *** Quits: Nate01 (Mibbit@moz-vhm.aaj.215.98.IP) (Quit: http://www.mibbit.com ajax IRC Client)
[23:40:39] *** Joins: Wild_Cat (Max@moz-gcfccq.dsl.teksavvy.com)
[23:47:43] *** Quits: mihneadb (mihneadb@moz-k6cs38.lots.snn0.2f0b.2a02.IP) (Quit: Leaving)
[23:48:57] <RCsurface> WindowsBunny, that is a secy gfx card
[23:49:00] <RCsurface> i want one
[23:49:11] <RCsurface> ...im leaving that typo there
[23:49:13] *** RCsurface is now known as RC9
[23:59:29] *** Joins: MrByte (MrByte@moz-fbphcv.client.bresnan.net)
[23:59:31] *** Quits: Astrum|Lap (Astrum|Lap@moz-7enfbr.co.comcast.net) (Client exited)
