[00:01:11] *** Quits: blaenk (blaenkdenum@moz-em283u.res.rr.com) (Connection closed)
[00:02:04] *** Joins: blaenk (blaenkdenum@moz-em283u.res.rr.com)
[00:15:05] *** Quits: blaenk (blaenkdenum@moz-em283u.res.rr.com) (Connection closed)
[00:15:44] *** Joins: blaenk (blaenkdenum@moz-em283u.res.rr.com)
[00:19:58] *** Joins: Rym_ (y@moz-vsu.f6d.55.31.IP)
[00:24:24] *** Quits: Rym_ (y@moz-vsu.f6d.55.31.IP) (Ping timeout: 121 seconds)
[00:24:54] *** Quits: reem (reem@moz-j5mf5e.coob.q2h1.0009.2601.IP) (Connection closed)
[00:28:17] *** Quits: blaenk (blaenkdenum@moz-em283u.res.rr.com) (Connection closed)
[00:29:05] *** Joins: blaenk (blaenkdenum@moz-em283u.res.rr.com)
[00:31:15] *** Joins: dcb (textual@moz-j72nfe.ca.comcast.net)
[00:36:00] *** Quits: blaenk (blaenkdenum@moz-em283u.res.rr.com) (Connection closed)
[00:39:04] *** Joins: blaenk (blaenkdenum@moz-em283u.res.rr.com)
[00:41:17] *** Quits: blaenk (blaenkdenum@moz-em283u.res.rr.com) (Connection closed)
[00:41:51] *** Joins: blaenk (blaenkdenum@moz-em283u.res.rr.com)
[00:43:36] *** Joins: reem (reem@moz-btmu2q.coob.q2h1.0009.2601.IP)
[00:44:48] *** Quits: reem (reem@moz-btmu2q.coob.q2h1.0009.2601.IP) (Connection closed)
[00:46:44] *** Quits: blaenk (blaenkdenum@moz-em283u.res.rr.com) (Ping timeout: 121 seconds)
[00:51:24] *** Joins: blaenk (blaenkdenum@moz-em283u.res.rr.com)
[00:52:13] *** Joins: reem (reem@moz-2icmmi.ca.comcast.net)
[00:54:57] *** Quits: blaenk (blaenkdenum@moz-em283u.res.rr.com) (Connection closed)
[00:55:57] *** Joins: blaenk (blaenkdenum@moz-em283u.res.rr.com)
[00:56:39] *** Joins: blaenk_ (blaenkdenum@moz-em283u.res.rr.com)
[00:57:24] *** Joins: tyoverby (tyoverby@moz-4ehn6d.wa.comcast.net)
[00:58:15] *** Quits: reem (reem@moz-2icmmi.ca.comcast.net) (Connection closed)
[01:00:05] *** Quits: blaenk (blaenkdenum@moz-em283u.res.rr.com) (Ping timeout: 121 seconds)
[01:00:44] *** Quits: blaenk_ (blaenkdenum@moz-em283u.res.rr.com) (Connection closed)
[01:01:36] *** Joins: blaenk (blaenkdenum@moz-em283u.res.rr.com)
[01:01:53] *** Joins: reem (reem@moz-2icmmi.ca.comcast.net)
[01:06:42] *** Quits: swgillespie (swgillespie@moz-upj.3un.220.167.IP) (Quit: My MacBook Pro has gone to sleep. ZZZzzz…)
[01:09:59] *** Quits: japaric (japaric@moz-loo.9nt.232.190.IP) (Quit: WeeChat 1.1.1)
[01:10:16] *** Quits: blaenk (blaenkdenum@moz-em283u.res.rr.com) (Ping timeout: 121 seconds)
[01:12:21] *** Joins: Rym_ (y@moz-vsu.f6d.55.31.IP)
[01:12:48] *** Joins: blaenk (blaenkdenum@moz-em283u.res.rr.com)
[01:13:04] *** Quits: reem (reem@moz-2icmmi.ca.comcast.net) (Connection closed)
[01:16:05] *** Quits: blaenk (blaenkdenum@moz-em283u.res.rr.com) (Connection closed)
[01:16:33] *** Joins: reem (reem@moz-k2alht.coob.q2h1.0009.2601.IP)
[01:17:05] *** Joins: blaenk (blaenkdenum@moz-em283u.res.rr.com)
[01:20:52] *** Quits: edlothiol (user@moz-n7m9to.unity-media.net) (Ping timeout: 121 seconds)
[01:20:55] *** Quits: blaenk (blaenkdenum@moz-em283u.res.rr.com) (Connection closed)
[01:21:39] *** Joins: blaenk (blaenkdenum@moz-em283u.res.rr.com)
[01:24:22] *** Quits: reem (reem@moz-k2alht.coob.q2h1.0009.2601.IP) (Connection closed)
[01:27:00] *** Joins: reem (reem@moz-2icmmi.ca.comcast.net)
[01:29:07] *** Joins: blaenk_ (blaenkdenum@moz-em283u.res.rr.com)
[01:29:19] *** Quits: blaenk (blaenkdenum@moz-em283u.res.rr.com) (Ping timeout: 121 seconds)
[01:29:29] *** Quits: reem (reem@moz-2icmmi.ca.comcast.net) (Connection closed)
[01:32:36] *** Quits: blaenk_ (blaenkdenum@moz-em283u.res.rr.com) (Connection closed)
[01:33:39] *** Joins: blaenk (blaenkdenum@moz-em283u.res.rr.com)
[01:34:22] *** Joins: reem (reem@moz-0615ov.coob.q2h1.0009.2601.IP)
[01:36:53] *** Quits: reem (reem@moz-0615ov.coob.q2h1.0009.2601.IP) (Connection closed)
[01:37:23] *** Joins: reem (reem@moz-2icmmi.ca.comcast.net)
[01:39:26] *** Quits: blaenk (blaenkdenum@moz-em283u.res.rr.com) (Connection closed)
[01:40:19] *** Joins: blaenk (blaenkdenum@moz-em283u.res.rr.com)
[01:44:20] *** Joins: blaenk_ (blaenkdenum@moz-em283u.res.rr.com)
[01:47:18] *** Quits: blaenk (blaenkdenum@moz-em283u.res.rr.com) (Ping timeout: 121 seconds)
[01:54:33] *** Quits: Selemur (chatzilla@moz-tpgfbn.kawo1.rwth-aachen.de) (Quit: ChatZilla 0.9.91.1 [Firefox 36.0.4/20150320202338])
[02:05:52] *** Joins: swgillespie (swgillespie@moz-rn1.vmq.232.104.IP)
[02:19:22] *** Quits: reem (reem@moz-2icmmi.ca.comcast.net) (Connection closed)
[02:19:27] *** Joins: reem (reem@moz-pmk8hi.coob.q2h1.0009.2601.IP)
[02:40:34] *** Joins: Shackra (Jorge@moz-7bh.ng6.177.186.IP)
[02:59:27] *** Quits: dcb (textual@moz-j72nfe.ca.comcast.net) (Quit: My Mac has gone to sleep. ZZZzzz…)
[03:04:06] *** Joins: dfoelber (dfoelber@moz-obfuab.fios.verizon.net)
[03:05:31] *** Quits: pcwalton (pcwalton@moz-6kjabm.ca.comcast.net) (Client exited)
[03:08:08] *** Quits: dfoelber (dfoelber@moz-obfuab.fios.verizon.net) (Ping timeout: 121 seconds)
[03:10:02] *** Quits: blaenk_ (blaenkdenum@moz-em283u.res.rr.com) (Connection closed)
[03:10:09] *** Quits: tyoverby (tyoverby@moz-4ehn6d.wa.comcast.net) (Ping timeout: 121 seconds)
[03:10:39] *** Joins: blaenk (blaenkdenum@moz-em283u.res.rr.com)
[03:11:55] *** Quits: reem (reem@moz-pmk8hi.coob.q2h1.0009.2601.IP) (Connection closed)
[03:17:04] *** Joins: reem (reem@moz-pmk8hi.coob.q2h1.0009.2601.IP)
[03:20:48] *** Quits: kimundi (kimundi@moz-j2mt7t.dip0.t-ipconnect.de) (Ping timeout: 121 seconds)
[03:23:16] *** Joins: zz_kimundi (kimundi@moz-hi0ctc.dip0.t-ipconnect.de)
[03:23:17] *** zz_kimundi is now known as kimundi
[03:27:14] *** Quits: reem (reem@moz-pmk8hi.coob.q2h1.0009.2601.IP) (Connection closed)
[03:28:27] *** Joins: reem (reem@moz-3nchds.coob.q2h1.0009.2601.IP)
[03:30:31] *** Quits: reem (reem@moz-3nchds.coob.q2h1.0009.2601.IP) (Connection closed)
[03:30:58] *** Joins: reem (reem@moz-3nchds.coob.q2h1.0009.2601.IP)
[03:33:47] *** Quits: blaenk (blaenkdenum@moz-em283u.res.rr.com) (Connection closed)
[03:34:13] *** Quits: {[]}grant ({0}grant@moz-k7fknj.mo.charter.com) (Ping timeout: 121 seconds)
[03:34:26] *** Joins: blaenk (blaenkdenum@moz-em283u.res.rr.com)
[03:46:37] *** Quits: reem (reem@moz-3nchds.coob.q2h1.0009.2601.IP) (Connection closed)
[03:47:26] *** Joins: reem (reem@moz-3nchds.coob.q2h1.0009.2601.IP)
[03:52:57] *** Quits: blaenk (blaenkdenum@moz-em283u.res.rr.com) (Connection closed)
[03:54:05] *** Joins: blaenk (blaenkdenum@moz-em283u.res.rr.com)
[04:04:21] *** Quits: ytain (ytain@moz-ldmhhn.dsl.teksavvy.com) (Quit: Textual IRC Client: www.textualapp.com)
[04:05:08] *** Quits: glennpratt (glennpratt@moz-neq2gf.dsl-w.verizon.net) (A TLS packet with unexpected length was received.)
[04:05:31] *** Joins: glennpratt (glennpratt@moz-neq2gf.dsl-w.verizon.net)
[04:06:26] *** Quits: blaenk (blaenkdenum@moz-em283u.res.rr.com) (Connection closed)
[04:07:05] *** Joins: blaenk (blaenkdenum@moz-em283u.res.rr.com)
[04:09:33] *** Quits: glennpratt (glennpratt@moz-neq2gf.dsl-w.verizon.net) (Ping timeout: 121 seconds)
[04:09:58] *** Joins: glennpratt (glennpratt@moz-neq2gf.dsl-w.verizon.net)
[04:10:48] *** Joins: psd (psd@moz-jgr.us0.139.14.IP)
[04:15:41] *** Quits: reem (reem@moz-3nchds.coob.q2h1.0009.2601.IP) (Connection closed)
[04:16:59] *** Joins: reem (reem@moz-2icmmi.ca.comcast.net)
[04:19:22] *** Quits: reem (reem@moz-2icmmi.ca.comcast.net) (Connection closed)
[04:27:23] *** Quits: blaenk (blaenkdenum@moz-em283u.res.rr.com) (Connection closed)
[04:28:17] *** Joins: blaenk (blaenkdenum@moz-em283u.res.rr.com)
[04:33:24] *** Joins: reem (reem@moz-vsqk05.coob.q2h1.0009.2601.IP)
[04:33:49] *** Quits: blaenk (blaenkdenum@moz-em283u.res.rr.com) (Connection closed)
[04:34:04] *** Joins: blaenk (blaenkdenum@moz-em283u.res.rr.com)
[04:49:54] *** Quits: blaenk (blaenkdenum@moz-em283u.res.rr.com) (Connection closed)
[04:50:24] *** Joins: blaenk (blaenkdenum@moz-em283u.res.rr.com)
[05:03:20] *** Quits: Rym_ (y@moz-vsu.f6d.55.31.IP) (Ping timeout: 121 seconds)
[05:06:42] *** Quits: blaenk (blaenkdenum@moz-em283u.res.rr.com) (Connection closed)
[05:07:50] *** Joins: blaenk (blaenkdenum@moz-em283u.res.rr.com)
[05:11:13] *** Quits: psd (psd@moz-jgr.us0.139.14.IP) (Ping timeout: 121 seconds)
[05:17:29] *** Quits: reem (reem@moz-vsqk05.coob.q2h1.0009.2601.IP) (Connection closed)
[05:22:44] *** Joins: reem (reem@moz-2icmmi.ca.comcast.net)
[05:24:21] *** Quits: reem (reem@moz-2icmmi.ca.comcast.net) (Connection closed)
[05:30:08] *** Joins: reem (reem@moz-2icmmi.ca.comcast.net)
[05:30:22] *** Joins: Rym_ (y@moz-vsu.f6d.55.31.IP)
[05:30:50] *** Quits: blaenk (blaenkdenum@moz-em283u.res.rr.com) (Connection closed)
[05:31:16] *** Joins: blaenk (blaenkdenum@moz-em283u.res.rr.com)
[05:31:23] *** Quits: reem (reem@moz-2icmmi.ca.comcast.net) (Connection closed)
[05:34:20] *** Joins: reem (reem@moz-2icmmi.ca.comcast.net)
[05:34:46] *** Quits: Rym_ (y@moz-vsu.f6d.55.31.IP) (Ping timeout: 121 seconds)
[05:46:23] *** Quits: swgillespie (swgillespie@moz-rn1.vmq.232.104.IP) (Quit: My MacBook Pro has gone to sleep. ZZZzzz…)
[05:47:15] *** Joins: swgillespie (swgillespie@moz-rn1.vmq.232.104.IP)
[05:47:17] *** Quits: blaenk (blaenkdenum@moz-em283u.res.rr.com) (Connection closed)
[05:47:43] *** Joins: blaenk (blaenkdenum@moz-em283u.res.rr.com)
[06:09:51] *** Quits: bgamari (bgamari@moz-uvr07v.q402.fm1a.0470.2001.IP) (Ping timeout: 121 seconds)
[06:12:27] *** Quits: reem (reem@moz-2icmmi.ca.comcast.net) (Connection closed)
[06:15:17] *** Joins: reem (reem@moz-2icmmi.ca.comcast.net)
[06:19:14] *** Quits: swgillespie (swgillespie@moz-rn1.vmq.232.104.IP) (Quit: My MacBook Pro has gone to sleep. ZZZzzz…)
[06:20:50] *** Quits: blaenk (blaenkdenum@moz-em283u.res.rr.com) (Connection closed)
[06:21:18] *** Joins: blaenk (blaenkdenum@moz-em283u.res.rr.com)
[06:24:30] *** Joins: Rym_ (y@moz-vsu.f6d.55.31.IP)
[06:28:56] *** Quits: Rym_ (y@moz-vsu.f6d.55.31.IP) (Ping timeout: 121 seconds)
[06:30:41] *** Joins: tyoverby (tyoverby@moz-4ehn6d.wa.comcast.net)
[06:32:48] *** Quits: blaenk (blaenkdenum@moz-em283u.res.rr.com) (Connection closed)
[06:33:41] *** Quits: reem (reem@moz-2icmmi.ca.comcast.net) (Connection closed)
[06:33:56] *** Joins: blaenk (blaenkdenum@moz-em283u.res.rr.com)
[06:35:59] *** Joins: reem (reem@moz-2icmmi.ca.comcast.net)
[06:42:19] *** Joins: SneakySnake (nya@moz-i9is4u.pool.telekom.hu)
[06:49:43] *** Joins: pcwalton (pcwalton@moz-6kjabm.ca.comcast.net)
[06:56:53] *** Quits: reem (reem@moz-2icmmi.ca.comcast.net) (Connection closed)
[06:59:29] *** Quits: blaenk (blaenkdenum@moz-em283u.res.rr.com) (Connection closed)
[06:59:55] *** Joins: blaenk (blaenkdenum@moz-em283u.res.rr.com)
[07:18:40] *** Joins: Rym_ (y@moz-vsu.f6d.55.31.IP)
[07:23:06] *** Quits: Rym_ (y@moz-vsu.f6d.55.31.IP) (Ping timeout: 121 seconds)
[07:36:38] *** Quits: pcwalton (pcwalton@moz-6kjabm.ca.comcast.net) (Client exited)
[07:52:38] *** Quits: blaenk (blaenkdenum@moz-em283u.res.rr.com) (Connection closed)
[07:53:00] *** Quits: tyoverby (tyoverby@moz-4ehn6d.wa.comcast.net) (Ping timeout: 121 seconds)
[07:53:52] *** Joins: blaenk (blaenkdenum@moz-em283u.res.rr.com)
[07:57:31] *** Joins: reem (reem@moz-r2lmnl.coob.q2h1.0009.2601.IP)
[08:00:41] *** Quits: reem (reem@moz-r2lmnl.coob.q2h1.0009.2601.IP) (Connection closed)
[08:00:50] *** Joins: reem (reem@moz-r2lmnl.coob.q2h1.0009.2601.IP)
[08:05:04] *** Quits: blaenk (blaenkdenum@moz-em283u.res.rr.com) (Connection closed)
[08:05:24] *** Joins: blaenk (blaenkdenum@moz-em283u.res.rr.com)
[08:12:39] *** Quits: blaenk (blaenkdenum@moz-em283u.res.rr.com) (Connection closed)
[08:12:50] *** Joins: Rym_ (y@moz-vsu.f6d.55.31.IP)
[08:13:13] *** Joins: blaenk (blaenkdenum@moz-em283u.res.rr.com)
[08:17:16] *** Quits: Rym_ (y@moz-vsu.f6d.55.31.IP) (Ping timeout: 121 seconds)
[08:30:11] *** Joins: dfoelber (dfoelber@moz-obfuab.fios.verizon.net)
[08:34:13] *** Quits: dfoelber (dfoelber@moz-obfuab.fios.verizon.net) (Ping timeout: 121 seconds)
[08:34:50] *** Quits: reem (reem@moz-r2lmnl.coob.q2h1.0009.2601.IP) (Connection closed)
[08:42:18] *** Joins: reem (reem@moz-2icmmi.ca.comcast.net)
[08:42:32] *** Quits: reem (reem@moz-2icmmi.ca.comcast.net) (Connection closed)
[08:43:43] *** Joins: killercup (killercup@moz-edmf2j.dip0.t-ipconnect.de)
[08:47:18] *** Quits: blaenk (blaenkdenum@moz-em283u.res.rr.com) (Connection closed)
[08:47:56] *** Joins: blaenk (blaenkdenum@moz-em283u.res.rr.com)
[08:52:05] *** Joins: pyfisch_ (pyfisch@moz-aid8cb.9id6.l129.0908.2a02.IP)
[08:52:51] <pyfisch_> hello is it possible to test path dependencies when the main crate is tested?
[08:59:27] *** Joins: blaenk_ (blaenkdenum@moz-em283u.res.rr.com)
[09:02:25] *** Quits: blaenk (blaenkdenum@moz-em283u.res.rr.com) (Ping timeout: 121 seconds)
[09:03:19] *** Quits: blaenk_ (blaenkdenum@moz-em283u.res.rr.com) (Connection closed)
[09:04:05] *** Joins: blaenk (blaenkdenum@moz-em283u.res.rr.com)
[09:07:01] *** Joins: Rym_ (y@moz-vsu.f6d.55.31.IP)
[09:07:06] *** Quits: pyfisch_ (pyfisch@moz-aid8cb.9id6.l129.0908.2a02.IP) (Quit: Leaving)
[09:11:27] *** Quits: Rym_ (y@moz-vsu.f6d.55.31.IP) (Ping timeout: 121 seconds)
[09:15:58] *** Quits: blaenk (blaenkdenum@moz-em283u.res.rr.com) (Connection closed)
[09:17:09] *** Joins: blaenk (blaenkdenum@moz-em283u.res.rr.com)
[09:25:02] *** Quits: blaenk (blaenkdenum@moz-em283u.res.rr.com) (Connection closed)
[09:26:18] *** Joins: blaenk (blaenkdenum@moz-em283u.res.rr.com)
[09:37:33] *** Quits: Shackra (Jorge@moz-7bh.ng6.177.186.IP) (Ping timeout: 121 seconds)
[09:48:11] *** Joins: {[]}grant ({0}grant@moz-2rp.c84.207.24.IP)
[10:01:10] *** Joins: Rym_ (y@moz-vsu.f6d.55.31.IP)
[10:05:35] *** Quits: Rym_ (y@moz-vsu.f6d.55.31.IP) (Ping timeout: 121 seconds)
[10:09:06] *** Quits: {[]}grant ({0}grant@moz-2rp.c84.207.24.IP) (Ping timeout: 121 seconds)
[10:26:48] *** Quits: blaenk (blaenkdenum@moz-em283u.res.rr.com) (Connection closed)
[10:27:23] *** Joins: blaenk (blaenkdenum@moz-em283u.res.rr.com)
[10:29:21] *** Joins: edlothiol (user@moz-n7m9to.unity-media.net)
[10:39:01] *** Quits: blaenk (blaenkdenum@moz-em283u.res.rr.com) (Connection closed)
[10:39:04] *** Joins: aepsil0n (eduard@moz-8h7njb.hsi8.kabel-badenwuerttemberg.de)
[10:39:53] *** Joins: blaenk (blaenkdenum@moz-em283u.res.rr.com)
[10:53:41] *** Quits: aepsil0n (eduard@moz-8h7njb.hsi8.kabel-badenwuerttemberg.de) (Connection closed)
[10:55:21] *** Joins: Rym_ (y@moz-vsu.f6d.55.31.IP)
[10:58:07] *** Joins: gggg (chatzilla@moz-nt8r49.idi.ntnu.no)
[10:59:43] *** Quits: Rym_ (y@moz-vsu.f6d.55.31.IP) (Ping timeout: 121 seconds)
[11:07:03] *** Quits: blaenk (blaenkdenum@moz-em283u.res.rr.com) (Connection closed)
[11:08:15] *** Joins: blaenk (blaenkdenum@moz-em283u.res.rr.com)
[11:33:00] *** Quits: jminer (Instantbird@moz-b1u.qch.163.66.IP) (Ping timeout: 121 seconds)
[11:39:30] *** Quits: killercup (killercup@moz-edmf2j.dip0.t-ipconnect.de) (Ping timeout: 121 seconds)
[11:43:16] *** Joins: reem (reem@moz-2icmmi.ca.comcast.net)
[11:47:26] *** Quits: reem (reem@moz-2icmmi.ca.comcast.net) (Ping timeout: 121 seconds)
[11:49:29] *** Joins: Rym_ (y@moz-vsu.f6d.55.31.IP)
[11:49:29] *** Joins: blaenk_ (blaenkdenum@moz-em283u.res.rr.com)
[11:50:07] *** Quits: blaenk (blaenkdenum@moz-em283u.res.rr.com) (Ping timeout: 121 seconds)
[11:50:57] *** Joins: killercup (killercup@moz-edmf2j.dip0.t-ipconnect.de)
[11:53:04] *** Quits: panicbit (panicbit@moz-gg7i2b.dip0.t-ipconnect.de) (Ping timeout: 121 seconds)
[11:53:54] *** Quits: Rym_ (y@moz-vsu.f6d.55.31.IP) (Ping timeout: 121 seconds)
[11:57:27] *** Quits: blaenk_ (blaenkdenum@moz-em283u.res.rr.com) (Connection closed)
[11:58:30] *** Joins: blaenk (blaenkdenum@moz-em283u.res.rr.com)
[12:07:49] *** Joins: dfoelber (dfoelber@moz-obfuab.fios.verizon.net)
[12:11:51] *** Quits: dfoelber (dfoelber@moz-obfuab.fios.verizon.net) (Ping timeout: 121 seconds)
[12:12:48] *** Quits: killercup (killercup@moz-edmf2j.dip0.t-ipconnect.de) (Quit: My Mac has gone to sleep. ZZZzzz…)
[12:22:23] *** Quits: blaenk (blaenkdenum@moz-em283u.res.rr.com) (Connection closed)
[12:23:11] *** Joins: blaenk (blaenkdenum@moz-em283u.res.rr.com)
[12:30:51] *** Quits: blaenk (blaenkdenum@moz-em283u.res.rr.com) (Connection closed)
[12:31:02] *** Joins: bgamari (bgamari@moz-uvr07v.q402.fm1a.0470.2001.IP)
[12:31:42] *** Joins: blaenk (blaenkdenum@moz-em283u.res.rr.com)
[12:34:17] *** Quits: blaenk (blaenkdenum@moz-em283u.res.rr.com) (Connection closed)
[12:34:43] *** Joins: blaenk (blaenkdenum@moz-em283u.res.rr.com)
[12:36:01] *** Joins: ascarter (ascarter@moz-i0dnmd.wa.comcast.net)
[12:37:12] *** Joins: blaenk_ (blaenkdenum@moz-em283u.res.rr.com)
[12:40:11] *** Quits: blaenk (blaenkdenum@moz-em283u.res.rr.com) (Ping timeout: 121 seconds)
[12:42:15] *** Joins: blaenk (blaenkdenum@moz-em283u.res.rr.com)
[12:42:41] *** Quits: blaenk_ (blaenkdenum@moz-em283u.res.rr.com) (Ping timeout: 121 seconds)
[12:43:41] *** Joins: Rym_ (y@moz-vsu.f6d.55.31.IP)
[12:47:39] *** Joins: killercup (killercup@moz-edmf2j.dip0.t-ipconnect.de)
[12:48:02] *** Quits: Rym_ (y@moz-vsu.f6d.55.31.IP) (Ping timeout: 121 seconds)
[12:51:56] *** Quits: blaenk (blaenkdenum@moz-em283u.res.rr.com) (Connection closed)
[12:52:45] *** Joins: blaenk (blaenkdenum@moz-em283u.res.rr.com)
[13:00:54] *** Quits: blaenk (blaenkdenum@moz-em283u.res.rr.com) (Connection closed)
[13:01:35] *** Joins: blaenk (blaenkdenum@moz-em283u.res.rr.com)
[13:04:04] *** Quits: killercup (killercup@moz-edmf2j.dip0.t-ipconnect.de) (Quit: Bye)
[13:17:10] *** Joins: Rym_ (y@moz-vsu.f6d.55.31.IP)
[13:33:55] *** Quits: blaenk (blaenkdenum@moz-em283u.res.rr.com) (Connection closed)
[13:35:05] *** Joins: blaenk (blaenkdenum@moz-em283u.res.rr.com)
[13:36:02] <Ilari> I suppose I managed to hit some odd version incompatiblity (or libc 0.1.3 is broken in newest nightly)?
[13:48:15] *** Quits: blaenk (blaenkdenum@moz-em283u.res.rr.com) (Connection closed)
[13:49:18] *** Joins: blaenk (blaenkdenum@moz-em283u.res.rr.com)
[13:52:46] *** Joins: ytain (ytain@moz-ldmhhn.dsl.teksavvy.com)
[13:54:09] *** Joins: aepsil0n (eduard@moz-8h7njb.hsi8.kabel-badenwuerttemberg.de)
[13:57:17] *** Quits: aepsil0n (eduard@moz-8h7njb.hsi8.kabel-badenwuerttemberg.de) (Connection closed)
[14:03:03] *** Quits: blaenk (blaenkdenum@moz-em283u.res.rr.com) (Connection closed)
[14:03:49] *** Joins: blaenk (blaenkdenum@moz-em283u.res.rr.com)
[14:32:20] *** Quits: blaenk (blaenkdenum@moz-em283u.res.rr.com) (Connection closed)
[14:33:06] *** Joins: blaenk (blaenkdenum@moz-em283u.res.rr.com)
[15:03:08] *** Quits: blaenk (blaenkdenum@moz-em283u.res.rr.com) (Connection closed)
[15:03:54] *** Joins: blaenk (blaenkdenum@moz-em283u.res.rr.com)
[15:12:24] *** Joins: blaenk_ (blaenkdenum@moz-em283u.res.rr.com)
[15:13:03] *** Quits: blaenk (blaenkdenum@moz-em283u.res.rr.com) (Ping timeout: 121 seconds)
[15:19:23] *** Quits: blaenk_ (blaenkdenum@moz-em283u.res.rr.com) (Ping timeout: 121 seconds)
[15:22:05] *** Joins: blaenk (blaenkdenum@moz-em283u.res.rr.com)
[15:26:58] *** Quits: blaenk (blaenkdenum@moz-em283u.res.rr.com) (Connection closed)
[15:27:45] *** Joins: blaenk (blaenkdenum@moz-em283u.res.rr.com)
[15:35:59] *** Joins: aepsil0n (eduard@moz-6491ha.mv2h.pepi.8071.2a02.IP)
[15:36:36] *** Quits: blaenk (blaenkdenum@moz-em283u.res.rr.com) (Connection closed)
[15:37:35] *** Joins: blaenk (blaenkdenum@moz-em283u.res.rr.com)
[15:42:54] *** Quits: mee (mee@moz-4k4.n5j.236.104.IP) (Client exited)
[15:45:25] *** Joins: dfoelber (dfoelber@moz-obfuab.fios.verizon.net)
[15:46:26] *** Quits: blaenk (blaenkdenum@moz-em283u.res.rr.com) (Connection closed)
[15:47:16] *** Joins: blaenk (blaenkdenum@moz-em283u.res.rr.com)
[15:48:12] <hugod> Is it possible to specify a git dependency when the required Cargo.toml isn't in the project root? e.g serde-macros
[15:50:28] *** Quits: dfoelber (dfoelber@moz-obfuab.fios.verizon.net) (Ping timeout: 121 seconds)
[15:57:18] *** Joins: blaenk_ (blaenkdenum@moz-em283u.res.rr.com)
[15:57:25] *** Quits: blaenk (blaenkdenum@moz-em283u.res.rr.com) (Ping timeout: 121 seconds)
[15:59:35] *** Quits: ascarter (ascarter@moz-i0dnmd.wa.comcast.net) (Quit: My Mac has gone to sleep. ZZZzzz…)
[16:00:37] *** Joins: blaenk (blaenkdenum@moz-em283u.res.rr.com)
[16:01:30] *** Quits: blaenk_ (blaenkdenum@moz-em283u.res.rr.com) (Ping timeout: 121 seconds)
[16:02:53] <hugod> looks like using both git and path keys works
[16:07:09] *** Quits: blaenk (blaenkdenum@moz-em283u.res.rr.com) (Connection closed)
[16:08:17] *** Joins: blaenk (blaenkdenum@moz-em283u.res.rr.com)
[16:12:24] *** Quits: blaenk (blaenkdenum@moz-em283u.res.rr.com) (Connection closed)
[16:13:18] *** Joins: blaenk (blaenkdenum@moz-em283u.res.rr.com)
[16:18:13] *** Quits: blaenk (blaenkdenum@moz-em283u.res.rr.com) (Connection closed)
[16:19:01] *** Joins: blaenk (blaenkdenum@moz-nbs.uum.242.23.IP)
[16:23:02] *** Quits: blaenk (blaenkdenum@moz-nbs.uum.242.23.IP) (Connection closed)
[16:23:29] *** Joins: blaenk (blaenkdenum@moz-em283u.res.rr.com)
[16:26:58] *** Quits: SneakySnake (nya@moz-i9is4u.pool.telekom.hu) (Quit: Leaving)
[16:27:13] <Gankro> Is there a recommended way to use cargo like a library right now?
[16:40:43] *** Quits: gggg (chatzilla@moz-nt8r49.idi.ntnu.no) (Ping timeout: 121 seconds)
[16:43:24] *** Joins: ascarter (ascarter@moz-i0dnmd.wa.comcast.net)
[16:48:02] *** Quits: aepsil0n (eduard@moz-6491ha.mv2h.pepi.8071.2a02.IP) (Connection closed)
[16:48:15] *** Joins: pcwalton (pcwalton@moz-6kjabm.ca.comcast.net)
[16:48:19] *** Quits: pcwalton (pcwalton@moz-6kjabm.ca.comcast.net) (A TLS packet with unexpected length was received.)
[17:00:06] <FreeFull> Gankro: I think cargo doesn't compile with the newest nightlies of Rust yet
[17:21:00] <Gankro> haha, awesome
[17:26:15] *** Quits: ytain (ytain@moz-ldmhhn.dsl.teksavvy.com) (Quit: Textual IRC Client: www.textualapp.com)
[17:45:12] *** Joins: c74d (c74d3a4ebb6@moz-0ersgu.oc.cox.net)
[17:47:14] *** Joins: swgillespie (swgillespie@moz-rn1.vmq.232.104.IP)
[18:23:34] *** Joins: plasmids (evan@moz-3rp.p88.140.141.IP)
[18:23:40] *** Quits: plasmids (evan@moz-3rp.p88.140.141.IP) (Quit: Konversation terminated!)
[18:31:38] *** Quits: swgillespie (swgillespie@moz-rn1.vmq.232.104.IP) (Quit: My MacBook Pro has gone to sleep. ZZZzzz…)
[18:37:47] *** Joins: dcb (textual@moz-i0id0o.ca.comcast.net)
[18:59:41] *** Joins: rav (rav@moz-4eh8st.bnaa.dk)
[18:59:54] <rav> hi! I started learning Rust last week, and I was redirected here from #rust. Right now I'm getting the following error when doing cargo update && cargo build: Unable to get packages from source; Caused by: Failed to unpack package `rustc-serialize v0.3.8`; Caused by: invalid input. How can I diagnose this further? What's the problem?
[19:01:29] *** Quits: JanC__ (janc@moz-730km2.dsl.scarlet.be) (Ping timeout: 121 seconds)
[19:02:02] <cmr> acrichto: huon: is that a corrupt version from the github ddos?
[19:02:30] <Ilari> rav: Windows or Unix?
[19:02:38] <rav> Ilari: Linux
[19:03:23] <rav> Ilari: cargo 0.0.1-pre-nightly (43755c0 2015-02-19) (built 2015-02-21)
[19:03:36] *** Joins: jn (nope@moz-f7bqt1.hsi08.unitymediagroup.de)
[19:04:24] <cmr> oh, that's a quite old cargo.
[19:04:26] *** Joins: {0}grant ({0}grant@moz-k7fknj.mo.charter.com)
[19:04:31] <cmr> should try upgrading it first.
[19:04:55] <rav> I'll try a rustup
[19:05:32] <Ilari> rav: Does ~/.cargo/registry/cache/<something>/* have sane-looking size for rustc-serialize 0.3.8 (should be 35-40kB or thereabouts)?
[19:05:50] *** Joins: futile (felix@moz-345329.pools.vodafone-ip.de)
[19:06:06] <rav> Ilari: yes, 33K, rustc-serialize-0.3.8.crate: gzip compressed data, was "rustc-serialize-0.3.8.crate", max compression, from Unix
[19:06:46] <Ilari> rav: Does 'gzip -t' complain about that file?
[19:07:34] <rav> Ilari: gzip: rustc-serialize-0.3.8.crate: unexpected end of file
[19:08:09] <rav> that's what zcat says, after ending with the weird looking line of rust code: assert!(!stack.last_is_index()assert!(stac0].as_string()serasser
[19:08:43] <rav> 32814 bytes
[19:09:17] *** Joins: w66745 (Mibbit@moz-b11uqs.dynamic.upc.nl)
[19:09:28] *** Quits: Rym_ (y@moz-vsu.f6d.55.31.IP) (Connection closed)
[19:10:30] <Ilari> rav: Looks like corrupt file.
[19:11:25] <Ilari> rav: I guess it has been truncated by network error (and cargo doesn't detect the TLS truncated error).
[19:11:31] <rav> aha
[19:12:29] <rav> Ilari: after renaming and retrying it has downloaded the exact same truncated file
[19:12:39] <Ilari> rav: Might be related to the github DOS, where Chinese abuse MITM to launch DDOS at Github.
[19:13:40] <rav> after rustup the cargo error message is different: 'corrupt deflate stream'
[19:14:37] *** Joins: JanC__ (janc@moz-v5d0fl.dsl.scarlet.be)
[19:14:38] <rav> Ilari: is there a temporary workaround I can apply so I can keep working until GitHub resolves the problem?
[19:14:49] *** Quits: {0}grant ({0}grant@moz-k7fknj.mo.charter.com) (Connection closed)
[19:15:53] <Ilari> rav: Actually, I get the exact same corrupt crate. So I guess it has been truncated on upload or something.
[19:16:31] <Ilari> rav: Try upgrading rustc-serialize to 0.3.7?
[19:18:42] <rav> Ilari: it's a recursive dependency of num v0.1.19 -- can I force it to use an older version?
[19:19:37] <Ilari> Is cargo build supposed to change Cargo.lock?
[19:19:55] <steveklabnik> Ilari: not if it already exists
[19:21:14] <Ilari> steveklabnik: I edit Cargo.lock so it points to rustc-serialize 0.3.7 (since 0.3.8 is busted). Running cargo build errors out about 0.3.8, and updates Cargo.lock to point to rustc-serialize 0.3.8,
[19:21:15] <rav> ah, I think I got it to downgrade the crate now
[19:21:51] <rav> Ilari: did you change both root.dependencies and the [package].version in Cargo.lock? I only changed the latter, and cargo build reverted that change
[19:23:43] <Ilari> rav: Ah, there were multiple references to version.
[19:25:25] <steveklabnik> Ilari: you should never update cargo.lock by hand
[19:25:26] *** Quits: futile (felix@moz-345329.pools.vodafone-ip.de) (Quit: WeeChat 1.0-dev)
[19:25:56] <Ilari> steveklabnik: I know. Nor should packages ever be corrupt.
[19:26:02] <steveklabnik> if yo uneed to use 0.3.7
[19:26:09] <steveklabnik> then edit Cargo.toml to point at 0.3.7
[19:26:51] *** Joins: panicbit (panicbit@moz-gg7i2b.dip0.t-ipconnect.de)
[19:27:38] <rav> steveklabnik: I tried that, but since another dependency recursively requires version 0.3.8, that's what cargo tries to get
[19:28:32] <rav> however, changing all references in Cargo.lock from 0.3.8 to 0.3.7 works
[19:28:47] <steveklabnik> well, all i'll say is that editing the lock is the path towards madness
[19:29:05] <steveklabnik> you should find out which version of the dependency doesn't need 0.3.8 either
[19:29:16] *** Joins: swgillespie (swgillespie@moz-t3kdj4.public.wayport.net)
[19:29:20] <rav> I know, and that makes sense, but the upload of 0.3.8 is corrupt
[19:30:02] <rav> it's a pragmatic solution until the upload is fixed
[19:30:25] <steveklabnik> fair enough :)
[19:30:39] <steveklabnik> breaking rules is cool as long as you know how it may backfire and are okay with the tradeoff :)
[19:34:28] <Ilari> I don't think even override on rustc-serialize would work.
[19:35:43] *** Joins: jmitchell (jmitchell@moz-o8p.pug.156.104.IP)
[19:37:34] *** Joins: killercup (killercup@moz-edmf2j.dip0.t-ipconnect.de)
[19:39:40] *** Quits: blaenk (blaenkdenum@moz-em283u.res.rr.com) (Connection closed)
[19:40:09] *** Joins: blaenk (blaenkdenum@moz-em283u.res.rr.com)
[19:51:26] *** Quits: swgillespie (swgillespie@moz-t3kdj4.public.wayport.net) (Connection closed)
[19:51:38] *** Quits: blaenk (blaenkdenum@moz-em283u.res.rr.com) (Connection closed)
[19:52:30] *** Joins: blaenk (blaenkdenum@moz-em283u.res.rr.com)
[19:53:41] *** Joins: swgillespie (swgillespie@moz-t3kdj4.public.wayport.net)
[19:56:38] *** Quits: ascarter (ascarter@moz-i0dnmd.wa.comcast.net) (Quit: My Mac has gone to sleep. ZZZzzz…)
[20:03:34] *** Quits: blaenk (blaenkdenum@moz-em283u.res.rr.com) (Connection closed)
[20:03:55] *** Joins: blaenk (blaenkdenum@moz-em283u.res.rr.com)
[20:08:06] *** Quits: dcb (textual@moz-i0id0o.ca.comcast.net) (Quit: My Mac has gone to sleep. ZZZzzz…)
[20:08:39] *** Joins: {0}grant ({0}grant@moz-k7fknj.mo.charter.com)
[20:08:44] *** Joins: {0}grant- ({0}grant@moz-k7fknj.mo.charter.com)
[20:08:45] *** Joins: {0}grant_ ({0}grant@moz-k7fknj.mo.charter.com)
[20:08:54] *** Quits: {0}grant- ({0}grant@moz-k7fknj.mo.charter.com) (Connection closed)
[20:08:54] *** Quits: {0}grant_ ({0}grant@moz-k7fknj.mo.charter.com) (Connection closed)
[20:08:54] *** Quits: {0}grant ({0}grant@moz-k7fknj.mo.charter.com) (Connection closed)
[20:09:02] *** Joins: {0}grant ({0}grant@moz-k7fknj.mo.charter.com)
[20:09:18] *** Quits: {0}grant ({0}grant@moz-k7fknj.mo.charter.com) (Connection closed)
[20:09:47] *** Quits: panicbit (panicbit@moz-gg7i2b.dip0.t-ipconnect.de) (Quit: Leaving)
[20:10:28] *** Joins: {0}grant ({0}grant@moz-k7fknj.mo.charter.com)
[20:14:12] *** Joins: brson (brson@moz-cfhap5.mtv2.mozilla.com)
[20:18:21] *** Joins: dcb (textual@moz-e302jr.ca.comcast.net)
[20:26:27] *** Quits: {0}grant ({0}grant@moz-k7fknj.mo.charter.com) (Connection closed)
[20:31:22] *** Joins: jalmeida (jonathan@moz-hge3uh.wireless.uwo.ca)
[20:31:30] *** Quits: blaenk (blaenkdenum@moz-em283u.res.rr.com) (Connection closed)
[20:32:22] *** Joins: blaenk (blaenkdenum@moz-em283u.res.rr.com)
[20:46:28] *** Joins: jminer (Instantbird@moz-b1u.qch.163.66.IP)
[20:49:36] *** Quits: swgillespie (swgillespie@moz-t3kdj4.public.wayport.net) (Quit: My MacBook Pro has gone to sleep. ZZZzzz…)
[20:57:16] *** Joins: ascarter (ascarter@moz-i0dnmd.wa.comcast.net)
[20:58:32] *** Quits: blaenk (blaenkdenum@moz-em283u.res.rr.com) (Connection closed)
[20:58:57] <jalmeida> Hey, has anyone seen an error like this before while trying a `cargo fetch` with hyper as a dep:
[20:58:59] <jalmeida> failed to parse manifest at `/home/jonathan/.cargo/registry/src/github.com-1ecc6299db9ec823/libressl-pnacl-sys-2.1.4/Cargo.toml`
[20:59:35] *** Joins: blaenk (blaenkdenum@moz-em283u.res.rr.com)
[21:03:52] *** Joins: swgillespie (swgillespie@moz-rn1.vmq.232.104.IP)
[21:08:00] *** Quits: ascarter (ascarter@moz-i0dnmd.wa.comcast.net) (Quit: My Mac has gone to sleep. ZZZzzz…)
[21:08:42] <Ilari> jalmeida: Does that file it complains about look sane?
[21:10:14] *** Joins: ytain (ytain@moz-ldmhhn.dsl.teksavvy.com)
[21:10:50] *** Joins: Shackra (Jorge@moz-7bh.ng6.177.186.IP)
[21:12:08] *** Joins: dfoelber (dfoelber@moz-obfuab.fios.verizon.net)
[21:16:10] *** Quits: dfoelber (dfoelber@moz-obfuab.fios.verizon.net) (Ping timeout: 121 seconds)
[21:16:28] <jalmeida> Ilari: It looks sane to me, but now when I tried to fetch and build it straight from it's repo, I see this error:
[21:16:30] <jalmeida> library target names cannot contain hyphens: libressl-pnacl-sys
[21:17:42] <Ilari> jalmeida: What line it is actually complaining about?
[21:18:22] <jalmeida> It's not a line, it's the Cargo.toml file when I do a `cargo build`
[21:19:12] <Ilari> jalmeida: What line in it?
[21:19:40] <jalmeida> name = "libressl-pnacl-sys"
[21:19:50] <jalmeida> I believe so
[21:20:06] <jalmeida> There's also the same line under [lib]
[21:21:20] <Ilari> jalmeida: I think it is some line under lib. Because crate names are supposed to be able to contain dashes.
[21:21:22] <jalmeida> Changing them to hypens seems to work, but this change seems to suggest that it was fixed already: https://github.com/rust-lang/cargo/pull/1443
[21:22:22] <jalmeida> Ilari: Under the name in [package], the next line is version and looks fine.
[21:29:47] *** Joins: aepsil0n (eduard@moz-6491ha.mv2h.pepi.8071.2a02.IP)
[21:31:17] *** Quits: swgillespie (swgillespie@moz-rn1.vmq.232.104.IP) (Quit: My MacBook Pro has gone to sleep. ZZZzzz…)
[21:31:58] <jalmeida> Under the name in [lib] there is: path = "lib.rs"
[21:34:11] *** Joins: swgillespie (swgillespie@moz-rn1.vmq.232.104.IP)
[21:41:21] *** Quits: blaenk (blaenkdenum@moz-em283u.res.rr.com) (Connection closed)
[21:42:06] *** Joins: blaenk (blaenkdenum@moz-em283u.res.rr.com)
[21:44:32] *** Joins: _1126 (flume@moz-bio9kd.io)
[21:44:37] *** Quits: aepsil0n (eduard@moz-6491ha.mv2h.pepi.8071.2a02.IP) (Connection closed)
[21:52:39] *** Quits: rav (rav@moz-4eh8st.bnaa.dk) (Quit: Lost terminal)
[21:58:08] *** Joins: shmup (shmup@moz-ucm.ei6.184.192.IP)
[21:59:12] <shmup> curious about rust doc. am I overlooking something when I run it, and see the output in /target/doc, but no html file?
[22:00:32] <shmup> s/rust/cargo/
[22:02:42] *** Quits: blaenk (blaenkdenum@moz-em283u.res.rr.com) (Connection closed)
[22:03:18] *** Joins: blaenk (blaenkdenum@moz-em283u.res.rr.com)
[22:15:27] *** Joins: reem (reem@moz-2icmmi.ca.comcast.net)
[22:36:03] *** Quits: reem (reem@moz-2icmmi.ca.comcast.net) (Connection closed)
[22:36:25] *** Joins: reem (reem@moz-6hqcm2.coob.q2h1.0009.2601.IP)
[22:48:18] *** Quits: killercup (killercup@moz-edmf2j.dip0.t-ipconnect.de) (Quit: My Mac has gone to sleep. ZZZzzz…)
[22:52:11] *** Quits: dcb (textual@moz-e302jr.ca.comcast.net) (Quit: My Mac has gone to sleep. ZZZzzz…)
[23:02:52] *** Joins: dcb (textual@moz-j72nfe.ca.comcast.net)
[23:17:50] *** Quits: ytain (ytain@moz-ldmhhn.dsl.teksavvy.com) (Quit: Textual IRC Client: www.textualapp.com)
[23:25:51] *** Quits: doener (doener@moz-929cn9.unity-media.net) (Connection closed)
[23:26:57] *** Joins: doener (doener@moz-929cn9.unity-media.net)
[23:27:45] *** Quits: reem (reem@moz-6hqcm2.coob.q2h1.0009.2601.IP) (Connection closed)
[23:28:25] *** Joins: reem (reem@moz-2icmmi.ca.comcast.net)
[23:52:26] *** Quits: reem (reem@moz-2icmmi.ca.comcast.net) (Connection closed)
[23:53:08] *** Joins: reem (reem@moz-2icmmi.ca.comcast.net)
[23:55:52] *** Quits: reem (reem@moz-2icmmi.ca.comcast.net) (Connection closed)
