[00:02:17] *** Joins: oakwhiz (oakwhiz@moz-26tbpb.vc.shawcable.net)
[00:03:30] *** Quits: psd (psd@moz-acc.mpg.78.202.IP) (Ping timeout: 121 seconds)
[00:12:37] *** Joins: panicbit (panicbit@moz-r4ks4s.dip0.t-ipconnect.de)
[00:25:43] *** Quits: dcb (textual@moz-j72nfe.ca.comcast.net) (Quit: My Mac has gone to sleep. ZZZzzz…)
[00:37:38] *** Joins: Pierre (pierre@moz-85rc74.9gkk.jgog.e800.2404.IP)
[00:39:10] *** Quits: Pierre_ (pierre@moz-lmh.0pq.89.116.IP) (Ping timeout: 121 seconds)
[00:39:40] *** Joins: brson (brson@moz-jjc.abh.232.109.IP)
[00:44:30] *** Joins: dcb (textual@moz-j72nfe.ca.comcast.net)
[00:47:42] *** Joins: dougxxx (dougxxx@moz-0js00c.iinet.net.au)
[00:53:38] *** Joins: jminer (Instantbird@moz-b1u.qch.163.66.IP)
[00:57:16] *** Joins: swgillespie (swgillespie@moz-rn1.vmq.232.104.IP)
[01:01:56] *** Quits: swgillespie (swgillespie@moz-rn1.vmq.232.104.IP) (Quit: My MacBook Pro has gone to sleep. ZZZzzz…)
[01:02:28] *** Joins: ascarter (ascarter@moz-i0dnmd.wa.comcast.net)
[01:03:03] *** Joins: swgillespie (swgillespie@moz-rn1.vmq.232.104.IP)
[01:14:38] *** Quits: swgillespie (swgillespie@moz-rn1.vmq.232.104.IP) (Connection closed)
[01:14:39] *** Joins: swgilles_ (swgillespie@moz-rn1.vmq.232.104.IP)
[01:14:51] *** swgilles_ is now known as swgillespie
[01:19:09] *** Quits: swgillespie (swgillespie@moz-rn1.vmq.232.104.IP) (Connection closed)
[01:23:27] *** Quits: c74d3 (c74d3a4ebb6@moz-0ersgu.oc.cox.net) (Ping timeout: 121 seconds)
[01:23:56] *** Joins: c74d (c74d3a4ebb6@moz-lm47dn.mggc.hibn.4404.2002.IP)
[01:33:55] *** Joins: Shackra (Jorge@moz-7bh.ng6.177.186.IP)
[01:38:20] *** Joins: swgillespie (swgillespie@moz-rn1.vmq.232.104.IP)
[01:49:51] *** kimundi is now known as zz_kimundi
[01:55:56] *** Quits: Shackra (Jorge@moz-7bh.ng6.177.186.IP) (Ping timeout: 121 seconds)
[01:56:34] *** Joins: Shackra (Jorge@moz-7bh.ng6.177.186.IP)
[01:59:41] *** Quits: brson (brson@moz-jjc.abh.232.109.IP) (Ping timeout: 121 seconds)
[02:02:55] *** Joins: brson (brson@moz-cfhap5.mtv2.mozilla.com)
[02:08:08] *** Quits: dcb (textual@moz-j72nfe.ca.comcast.net) (Quit: My Mac has gone to sleep. ZZZzzz…)
[02:14:46] *** Quits: brson (brson@moz-cfhap5.mtv2.mozilla.com) (Quit: leaving)
[02:17:48] *** Joins: hugoduncan (user@moz-885.jmo.24.70.IP)
[02:20:15] *** Quits: hugod (user@moz-885.jmo.24.70.IP) (Ping timeout: 121 seconds)
[02:36:20] *** Quits: panicbit (panicbit@moz-r4ks4s.dip0.t-ipconnect.de) (Ping timeout: 121 seconds)
[02:38:45] *** Quits: zz_kimundi (kimundi@moz-3l9nrq.dip0.t-ipconnect.de) (Ping timeout: 121 seconds)
[02:41:20] *** Joins: zz_kimundi (kimundi@moz-cie3b9.dip0.t-ipconnect.de)
[02:41:22] *** zz_kimundi is now known as kimundi
[02:42:14] *** hugoduncan is now known as hugod
[02:44:18] *** Joins: brson (brson@moz-vvt35d.tmodns.net)
[02:45:02] *** Quits: brson (brson@moz-vvt35d.tmodns.net) (Quit: leaving)
[03:05:43] *** Quits: jminer (Instantbird@moz-b1u.qch.163.66.IP) (Ping timeout: 121 seconds)
[03:09:09] *** Joins: jminer (Instantbird@moz-b1u.qch.163.66.IP)
[03:23:10] *** Quits: Shackra (Jorge@moz-7bh.ng6.177.186.IP) (Ping timeout: 121 seconds)
[03:23:46] *** Joins: Shackra (Jorge@moz-7bh.ng6.177.186.IP)
[03:25:03] *** Joins: JanC__ (janc@moz-9gpsv1.dsl.scarlet.be)
[03:27:48] *** Quits: JanC_ (janc@moz-8bm9p1.dsl.scarlet.be) (Ping timeout: 121 seconds)
[03:41:31] *** Joins: psd (psd@moz-acc.mpg.78.202.IP)
[04:03:03] *** Quits: psd (psd@moz-acc.mpg.78.202.IP) (Ping timeout: 121 seconds)
[04:06:47] *** Joins: dcb (textual@moz-j72nfe.ca.comcast.net)
[04:08:12] *** Quits: lahwran (lahwran@lahwran.net) (Ping timeout: 121 seconds)
[04:15:38] *** Joins: lahwran (lahwran@lahwran.net)
[04:25:09] *** Quits: ascarter (ascarter@moz-i0dnmd.wa.comcast.net) (Quit: My Mac has gone to sleep. ZZZzzz…)
[04:32:19] *** Quits: lahwran (lahwran@lahwran.net) (Ping timeout: 121 seconds)
[04:34:27] *** Quits: swgillespie (swgillespie@moz-rn1.vmq.232.104.IP) (Quit: My MacBook Pro has gone to sleep. ZZZzzz…)
[04:47:12] *** Joins: lahwran (lahwran@lahwran.net)
[04:55:26] *** Quits: lahwran (lahwran@lahwran.net) (Ping timeout: 121 seconds)
[05:17:36] *** Joins: psd (psd@moz-acc.mpg.78.202.IP)
[05:24:25] *** Joins: swgillespie (swgillespie@moz-rn1.vmq.232.104.IP)
[05:29:32] *** Joins: c74d3 (c74d3a4ebb6@moz-0ersgu.oc.cox.net)
[05:30:59] *** Quits: c74d (c74d3a4ebb6@moz-lm47dn.mggc.hibn.4404.2002.IP) (Ping timeout: 121 seconds)
[05:32:05] *** Quits: O01eg (o01eg@moz-at48vi.lcdg.3egh.2698.2a02.IP) (Client exited)
[05:33:58] *** Quits: swgillespie (swgillespie@moz-rn1.vmq.232.104.IP) (Quit: My MacBook Pro has gone to sleep. ZZZzzz…)
[06:07:38] *** Joins: SneakySnake (nya@moz-i9is4u.pool.telekom.hu)
[06:10:30] *** Quits: dcb (textual@moz-j72nfe.ca.comcast.net) (Ping timeout: 121 seconds)
[06:24:40] *** Quits: SneakySnake (nya@moz-i9is4u.pool.telekom.hu) (Quit: Leaving)
[06:25:37] *** Joins: SneakySnake (nya@moz-i9is4u.pool.telekom.hu)
[06:26:04] *** Joins: ascarter (ascarter@moz-i0dnmd.wa.comcast.net)
[06:27:49] *** Quits: ascarter (ascarter@moz-i0dnmd.wa.comcast.net) (Quit: My Mac has gone to sleep. ZZZzzz…)
[06:30:03] *** Joins: swgillespie (swgillespie@moz-rn1.vmq.232.104.IP)
[06:30:10] *** Quits: swgillespie (swgillespie@moz-rn1.vmq.232.104.IP) (Quit: My MacBook Pro has gone to sleep. ZZZzzz…)
[06:34:39] *** Quits: SneakySnake (nya@moz-i9is4u.pool.telekom.hu) (Quit: Leaving)
[06:35:41] *** Joins: SneakySnake (nya@moz-i9is4u.pool.telekom.hu)
[06:48:46] *** Joins: eibwen (eibwen@moz-nvn7ck.dip0.t-ipconnect.de)
[06:55:55] *** Quits: Kingsquee (kingsley@moz-qq7ns6.bchsia.telus.net) (Quit: Konversation terminated!)
[07:01:59] *** Joins: ptalbot (ptalbot@moz-j4gnuh.fbx.proxad.net)
[07:03:47] *** Joins: hebz0rl (hebz0rl@moz-cfcrtj.static.qsc.de)
[07:18:30] *** Quits: ptalbot (ptalbot@moz-j4gnuh.fbx.proxad.net) (Ping timeout: 121 seconds)
[07:23:53] *** Joins: pierre_ (pierre@moz-fr9.fir.200.121.IP)
[07:29:04] *** Joins: bjz (bjz@moz-b43.1aa.161.202.IP)
[07:38:17] *** Quits: Shackra (Jorge@moz-7bh.ng6.177.186.IP) (Ping timeout: 121 seconds)
[07:40:52] *** Joins: og_wolf (og_wolf@moz-obu4ds.devs.futuro.pl)
[08:08:37] *** Quits: bjz (bjz@moz-b43.1aa.161.202.IP) (Quit: My Mac has gone to sleep. ZZZzzz…)
[08:08:46] *** Joins: p1start (p1start@moz-nftjhe.org)
[08:19:51] *** Joins: panicbit (panicbit@moz-enubtr.itmc.tu-dortmund.de)
[08:21:43] *** Quits: og_wolf (og_wolf@moz-obu4ds.devs.futuro.pl) (Connection closed)
[08:22:05] *** Joins: ptalbot (ptalbot@moz-1gn7gb.eu0n.jcdj.0660.2001.IP)
[08:22:17] *** Joins: og_wolf (og_wolf@moz-obu4ds.devs.futuro.pl)
[08:26:19] *** Quits: og_wolf (og_wolf@moz-obu4ds.devs.futuro.pl) (Ping timeout: 121 seconds)
[08:28:29] *** Joins: bjz (bjz@moz-4l6.mjm.52.113.IP)
[08:34:22] *** Joins: Tobba|Laptop (Tobba@moz-1hh.7ki.21.217.IP)
[08:35:27] *** Joins: og_wolf (og_wolf@moz-obu4ds.devs.futuro.pl)
[08:35:49] *** Quits: bjz (bjz@moz-4l6.mjm.52.113.IP) (Ping timeout: 121 seconds)
[09:01:14] *** Quits: unwound (bkoropoff@moz-kthi5c.wa.comcast.net) (Ping timeout: 121 seconds)
[09:02:38] *** Joins: bjz (bjz@moz-puppgq.tpgi.com.au)
[09:10:24] *** Quits: SneakySnake (nya@moz-i9is4u.pool.telekom.hu) (Connection closed)
[09:18:33] *** Quits: pierre_ (pierre@moz-fr9.fir.200.121.IP) (Connection closed)
[09:43:30] *** Quits: panicbit (panicbit@moz-enubtr.itmc.tu-dortmund.de) (Ping timeout: 121 seconds)
[09:50:48] *** Quits: Tobba|Laptop (Tobba@moz-1hh.7ki.21.217.IP) (Ping timeout: 121 seconds)
[09:54:09] *** Quits: psd (psd@moz-acc.mpg.78.202.IP) (Ping timeout: 121 seconds)
[09:55:56] *** Joins: panicbit (panicbit@moz-enubtr.itmc.tu-dortmund.de)
[10:00:14] *** Joins: psd (psd@moz-acc.mpg.78.202.IP)
[10:03:02] *** Joins: filsmick (filsmick@moz-58nlea.abo.wanadoo.fr)
[10:03:06] *** Joins: Tobba|Laptop (Tobba@moz-1hh.7ki.21.217.IP)
[10:08:27] *** Joins: edlothiol (user@moz-chhfor.hsi02.unitymediagroup.de)
[10:09:03] *** Quits: dougxxx (dougxxx@moz-0js00c.iinet.net.au) (Connection closed)
[10:32:35] *** Quits: jminer (Instantbird@moz-b1u.qch.163.66.IP) (Ping timeout: 121 seconds)
[10:33:57] *** Joins: pierre_ (pierre@moz-f7pea4.9gkk.jgog.e800.2404.IP)
[10:40:43] *** Joins: SneakySnake (nya@moz-i9is4u.pool.telekom.hu)
[10:48:25] *** Quits: filsmick (filsmick@moz-58nlea.abo.wanadoo.fr) (Quit: )
[11:20:17] *** Quits: pierre_ (pierre@moz-f7pea4.9gkk.jgog.e800.2404.IP) (Connection closed)
[11:20:40] *** Joins: pierre_ (pierre@moz-f7pea4.9gkk.jgog.e800.2404.IP)
[11:24:59] *** Quits: pierre_ (pierre@moz-f7pea4.9gkk.jgog.e800.2404.IP) (Ping timeout: 121 seconds)
[11:31:25] *** kimundi is now known as zz_kimundi
[11:35:07] *** Joins: pierre_ (pierre@moz-lmh.0pq.89.116.IP)
[11:47:42] *** Quits: pierre_ (pierre@moz-lmh.0pq.89.116.IP) (Connection closed)
[11:59:53] *** Quits: ptalbot (ptalbot@moz-1gn7gb.eu0n.jcdj.0660.2001.IP) (Connection closed)
[12:09:07] *** zz_kimundi is now known as kimundi
[12:27:03] *** kimundi is now known as zz_kimundi
[12:31:54] *** Quits: p1start (p1start@moz-nftjhe.org) (Ping timeout: 121 seconds)
[12:36:15] *** Quits: Tobba|Laptop (Tobba@moz-1hh.7ki.21.217.IP) (Ping timeout: 121 seconds)
[12:48:24] *** Joins: pierre_ (pierre@moz-lmh.0pq.89.116.IP)
[12:57:07] *** Joins: nerdopoly (Mibbit@moz-inc16q.range86-146.btcentralplus.com)
[13:18:34] *** Quits: psd (psd@moz-acc.mpg.78.202.IP) (Ping timeout: 121 seconds)
[13:22:34] *** Quits: og_wolf (og_wolf@moz-obu4ds.devs.futuro.pl) (Ping timeout: 121 seconds)
[13:23:59] *** Joins: og_wolf (og_wolf@moz-obu4ds.devs.futuro.pl)
[13:30:35] *** Quits: nonsensickle (nonsensickl@moz-4v0.gkd.16.182.IP) (Connection closed)
[13:30:52] *** Joins: nonsensickle (nonsensickl@moz-4v0.gkd.16.182.IP)
[13:37:18] *** Quits: panicbit (panicbit@moz-enubtr.itmc.tu-dortmund.de) (Ping timeout: 121 seconds)
[13:38:17] *** Joins: ytain (ytain@moz-bps1td.dsl.teksavvy.com)
[14:10:54] *** Joins: panicbit (panicbit@moz-enubtr.itmc.tu-dortmund.de)
[14:27:37] *** Quits: og_wolf (og_wolf@moz-obu4ds.devs.futuro.pl) (Connection closed)
[14:27:59] *** Joins: og_wolf (og_wolf@moz-obu4ds.devs.futuro.pl)
[14:33:07] *** Quits: og_wolf (og_wolf@moz-obu4ds.devs.futuro.pl) (Ping timeout: 121 seconds)
[14:37:39] *** Quits: ytain (ytain@moz-bps1td.dsl.teksavvy.com) (Quit: Textual IRC Client: www.textualapp.com)
[14:38:30] *** Quits: hebz0rl (hebz0rl@moz-cfcrtj.static.qsc.de) (Quit: Leaving)
[14:40:19] *** Joins: gleb (gleb@moz-3u1drv.rusanovka-net.kiev.ua)
[14:40:21] *** Joins: ytain (ytain@moz-bps1td.dsl.teksavvy.com)
[14:45:24] *** Joins: og_wolf (og_wolf@moz-obu4ds.devs.futuro.pl)
[14:45:32] *** Quits: JanC__ (janc@moz-9gpsv1.dsl.scarlet.be) (Connection closed)
[14:47:54] *** Quits: og_wolf (og_wolf@moz-obu4ds.devs.futuro.pl) (Connection closed)
[14:48:02] *** Joins: JanC (janc@moz-9gpsv1.dsl.scarlet.be)
[14:48:04] *** Joins: og_wolf (og_wolf@moz-obu4ds.devs.futuro.pl)
[14:54:35] *** Quits: pierre_ (pierre@moz-lmh.0pq.89.116.IP) (Ping timeout: 121 seconds)
[14:56:08] *** Quits: og_wolf (og_wolf@moz-obu4ds.devs.futuro.pl) (Ping timeout: 121 seconds)
[14:58:18] *** Joins: og_wolf (og_wolf@moz-obu4ds.devs.futuro.pl)
[15:03:20] *** Quits: og_wolf (og_wolf@moz-obu4ds.devs.futuro.pl) (Ping timeout: 121 seconds)
[15:06:13] *** Joins: og_wolf (og_wolf@moz-obu4ds.devs.futuro.pl)
[15:11:20] *** Quits: og_wolf (og_wolf@moz-obu4ds.devs.futuro.pl) (Ping timeout: 121 seconds)
[15:13:23] *** Joins: og_wolf (og_wolf@moz-obu4ds.devs.futuro.pl)
[15:15:46] *** Quits: og_wolf (og_wolf@moz-obu4ds.devs.futuro.pl) (Connection closed)
[15:16:06] *** Joins: og_wolf (og_wolf@moz-obu4ds.devs.futuro.pl)
[15:16:44] *** Quits: og_wolf (og_wolf@moz-obu4ds.devs.futuro.pl) (Connection closed)
[15:23:59] *** Joins: unwound (bkoropoff@moz-kthi5c.wa.comcast.net)
[15:37:43] *** Quits: panicbit (panicbit@moz-enubtr.itmc.tu-dortmund.de) (Ping timeout: 121 seconds)
[15:43:20] *** Quits: unwound (bkoropoff@moz-kthi5c.wa.comcast.net) (Ping timeout: 121 seconds)
[15:53:50] *** Joins: og_wolf (og_wolf@moz-6ci.9l1.230.91.IP)
[15:55:19] *** Joins: brson (brson@moz-cfhap5.mtv2.mozilla.com)
[15:57:59] *** Joins: O01eg (o01eg@moz-jje.5l5.112.37.IP)
[15:59:50] *** Joins: ascarter (ascarter@moz-i0dnmd.wa.comcast.net)
[16:01:43] *** Quits: og_wolf (og_wolf@moz-6ci.9l1.230.91.IP) (Connection closed)
[16:02:36] *** Quits: JanC (janc@moz-9gpsv1.dsl.scarlet.be) (Ping timeout: 121 seconds)
[16:08:53] *** Joins: og_wolf (og_wolf@moz-6ci.9l1.230.91.IP)
[16:09:59] *** Quits: og_wolf (og_wolf@moz-6ci.9l1.230.91.IP) (Connection closed)
[16:14:38] *** Joins: og_wolf (og_wolf@moz-6ci.9l1.230.91.IP)
[16:15:26] *** Joins: JanC (janc@moz-rh4ia3.dsl.scarlet.be)
[16:18:48] *** Joins: curmet (Mibbit@moz-l8e.osv.38.27.IP)
[16:19:28] *** Quits: curmet (Mibbit@moz-l8e.osv.38.27.IP) (Quit: http://www.mibbit.com ajax IRC Client)
[16:29:52] *** Quits: rovar (rovar@moz-m2j7h0.dyn.optonline.net) (NickServ (RECOVER command used by rovar_))
[16:29:53] *** Joins: rovar (rovar@moz-6iq.47m.88.38.IP)
[16:30:06] *** Joins: rovar_ (rovar@moz-m2j7h0.dyn.optonline.net)
[16:43:19] *** Quits: ascarter (ascarter@moz-i0dnmd.wa.comcast.net) (Quit: My Mac has gone to sleep. ZZZzzz…)
[16:56:01] *** zz_kimundi is now known as kimundi
[17:03:27] *** Quits: gleb (gleb@moz-3u1drv.rusanovka-net.kiev.ua) (Ping timeout: 121 seconds)
[17:05:11] *** Joins: gleb (gleb@moz-3u1drv.rusanovka-net.kiev.ua)
[17:14:24] *** Quits: nerdopoly (Mibbit@moz-inc16q.range86-146.btcentralplus.com) (Quit: http://www.mibbit.com ajax IRC Client)
[17:15:11] *** Joins: ascarter (ascarter@moz-i0dnmd.wa.comcast.net)
[17:16:09] *** Joins: pcwalton (pcwalton@moz-nh2.o1i.216.216.IP)
[17:16:46] *** Quits: og_wolf (og_wolf@moz-6ci.9l1.230.91.IP) (Connection closed)
[17:16:56] *** Joins: og_wolf (og_wolf@moz-6ci.9l1.230.91.IP)
[17:18:16] *** Joins: panicbit (panicbit@moz-r4ks4s.dip0.t-ipconnect.de)
[17:22:43] *** Joins: nerdopoly (Mibbit@moz-inc16q.range86-146.btcentralplus.com)
[17:30:13] *** Joins: tcurdt (tcurdt@moz-fke27s.dip0.t-ipconnect.de)
[17:32:31] *** Quits: og_wolf (og_wolf@moz-6ci.9l1.230.91.IP) (Connection closed)
[17:32:54] *** Joins: og_wolf (og_wolf@moz-6ci.9l1.230.91.IP)
[17:38:17] *** Quits: og_wolf (og_wolf@moz-6ci.9l1.230.91.IP) (Connection closed)
[17:39:01] *** Joins: og_wolf (og_wolf@moz-6ci.9l1.230.91.IP)
[17:45:09] *** Quits: og_wolf (og_wolf@moz-6ci.9l1.230.91.IP) (Connection closed)
[17:45:25] *** Joins: og_wolf (og_wolf@moz-6ci.9l1.230.91.IP)
[17:50:51] *** Joins: dcb (textual@moz-j72nfe.ca.comcast.net)
[17:53:42] *** Quits: tcurdt (tcurdt@moz-fke27s.dip0.t-ipconnect.de) (Quit: Computer has gone to sleep.)
[18:03:11] *** Quits: pcwalton (pcwalton@moz-nh2.o1i.216.216.IP) (Client exited)
[18:05:46] *** Quits: og_wolf (og_wolf@moz-6ci.9l1.230.91.IP) (Connection closed)
[18:07:20] *** Joins: og_wolf_ (og_wolf@moz-6ci.9l1.230.91.IP)
[18:11:41] *** Quits: og_wolf_ (og_wolf@moz-6ci.9l1.230.91.IP) (Connection closed)
[18:21:59] *** Quits: JanC (janc@moz-rh4ia3.dsl.scarlet.be) (A TLS packet with unexpected length was received.)
[18:25:07] *** Joins: JanC (janc@moz-rh4ia3.dsl.scarlet.be)
[18:36:07] *** Joins: og_wolf (og_wolf@moz-8l8k0k.static.chello.pl)
[18:38:00] *** Quits: dcb (textual@moz-j72nfe.ca.comcast.net) (Quit: My Mac has gone to sleep. ZZZzzz…)
[18:38:42] *** Quits: brson (brson@moz-cfhap5.mtv2.mozilla.com) (Quit: leaving)
[18:39:23] *** Quits: ytain (ytain@moz-bps1td.dsl.teksavvy.com) (Connection closed)
[18:59:11] *** Quits: oakwhiz (oakwhiz@moz-26tbpb.vc.shawcable.net) (Ping timeout: 121 seconds)
[19:02:35] *** Joins: cengizIO (textual@moz-jju.ckp.250.151.IP)
[19:05:57] *** Joins: doener_ (doener@moz-929cn9.unity-media.net)
[19:25:51] *** Joins: pcwalton (pcwalton@moz-l8ebtf.sfo1.mozilla.com)
[19:34:22] *** Joins: Shackra (Jorge@moz-7bh.ng6.177.186.IP)
[19:37:48] *** Joins: oakwhiz (oakwhiz@moz-26tbpb.vc.shawcable.net)
[19:43:38] *** Joins: tcurdt (tcurdt@moz-5rka8l.dip0.t-ipconnect.de)
[19:48:20] *** Quits: tcurdt (tcurdt@moz-5rka8l.dip0.t-ipconnect.de) (Quit: Computer has gone to sleep.)
[19:49:22] *** Quits: panicbit (panicbit@moz-r4ks4s.dip0.t-ipconnect.de) (Ping timeout: 121 seconds)
[19:53:56] *** Joins: oakwhiz_ (oakwhiz@moz-26tbpb.vc.shawcable.net)
[19:54:31] *** Quits: og_wolf (og_wolf@moz-8l8k0k.static.chello.pl) (Connection closed)
[19:55:07] *** Quits: oakwhiz (oakwhiz@moz-26tbpb.vc.shawcable.net) (Ping timeout: 121 seconds)
[19:55:37] *** Joins: filsmick (filsmick@moz-s1ht48.abo.wanadoo.fr)
[20:08:19] *** Quits: filsmick (filsmick@moz-s1ht48.abo.wanadoo.fr) (Quit: )
[20:22:10] *** Joins: p1start (p1start@moz-nftjhe.org)
[20:32:03] *** Joins: dcb (textual@moz-j72nfe.ca.comcast.net)
[20:32:42] *** Joins: panicbit (panicbit@moz-r4ks4s.dip0.t-ipconnect.de)
[20:51:34] *** Quits: SneakySnake (nya@moz-i9is4u.pool.telekom.hu) (Quit: Leaving)
[20:52:35] *** Joins: SneakySnake (nya@moz-i9is4u.pool.telekom.hu)
[20:55:19] *** Quits: cengizIO (textual@moz-jju.ckp.250.151.IP) (Quit: Textual IRC Client: www.textualapp.com)
[20:59:35] *** Quits: p1start (p1start@moz-nftjhe.org) (Ping timeout: 121 seconds)
[21:14:42] *** Joins: Kingsquee (kingsley@moz-qq7ns6.bchsia.telus.net)
[21:15:04] *** Joins: kalail (uid62296@moz-5ck9vu.charlton.irccloud.com)
[21:16:23] *** Joins: og_wolf (og_wolf@moz-kfmd48.adsl.tpnet.pl)
[21:18:40] *** Joins: brson (brson@moz-cfhap5.mtv2.mozilla.com)
[21:29:29] *** Quits: dcb (textual@moz-j72nfe.ca.comcast.net) (Quit: My Mac has gone to sleep. ZZZzzz…)
[21:32:15] *** Quits: nerdopoly (Mibbit@moz-inc16q.range86-146.btcentralplus.com) (Quit: http://www.mibbit.com ajax IRC Client)
[21:39:54] *** Joins: tcurdt (tcurdt@moz-fke27s.dip0.t-ipconnect.de)
[21:42:11] *** Quits: SneakySnake (nya@moz-i9is4u.pool.telekom.hu) (Connection closed)
[21:47:27] *** Joins: psd (psd@moz-dvu.b3h.215.180.IP)
[22:03:21] *** Quits: psd (psd@moz-dvu.b3h.215.180.IP) (Ping timeout: 121 seconds)
[22:03:31] *** Quits: panicbit (panicbit@moz-r4ks4s.dip0.t-ipconnect.de) (Ping timeout: 121 seconds)
[22:08:19] *** Joins: dcb (textual@moz-j72nfe.ca.comcast.net)
[22:10:31] *** Quits: Manishearth (manishearth@moz-8puj7k.net) (Ping timeout: 121 seconds)
[22:11:32] *** Joins: Manishearth (manishearth@moz-8puj7k.net)
[22:16:40] *** Quits: eibwen (eibwen@moz-nvn7ck.dip0.t-ipconnect.de) (Ping timeout: 121 seconds)
[22:20:18] *** Joins: psd (psd@moz-acc.mpg.78.202.IP)
[22:48:55] *** Quits: bjz (bjz@moz-puppgq.tpgi.com.au) (Quit: My Mac has gone to sleep. ZZZzzz…)
[22:51:30] *** Quits: psd (psd@moz-acc.mpg.78.202.IP) (A TLS packet with unexpected length was received.)
[22:54:54] *** Quits: og_wolf (og_wolf@moz-kfmd48.adsl.tpnet.pl) (Connection closed)
[22:55:14] *** Joins: panicbit (panicbit@moz-r4ks4s.dip0.t-ipconnect.de)
[22:59:20] *** Quits: panicbit (panicbit@moz-r4ks4s.dip0.t-ipconnect.de) (Ping timeout: 121 seconds)
[23:01:16] *** Joins: oakwhiz (oakwhiz@moz-26tbpb.vc.shawcable.net)
[23:03:09] *** Joins: oakwhiz__ (oakwhiz@moz-26tbpb.vc.shawcable.net)
[23:03:15] *** Quits: oakwhiz_ (oakwhiz@moz-26tbpb.vc.shawcable.net) (Ping timeout: 121 seconds)
[23:03:38] *** Joins: panicbit (panicbit@moz-r4ks4s.dip0.t-ipconnect.de)
[23:05:57] *** Quits: oakwhiz (oakwhiz@moz-26tbpb.vc.shawcable.net) (Ping timeout: 121 seconds)
[23:06:37] *** Quits: tcurdt (tcurdt@moz-fke27s.dip0.t-ipconnect.de) (Ping timeout: 121 seconds)
[23:09:25] *** Joins: tcurdt (tcurdt@moz-bvuuhd.dip0.t-ipconnect.de)
[23:16:31] *** Joins: lahwran (lahwran@lahwran.net)
[23:24:21] *** Quits: santiago (santiago@moz-ro2mm9.res.rr.com) (Quit: Computer has gone to sleep.)
[23:27:26] *** Quits: edlothiol (user@moz-chhfor.hsi02.unitymediagroup.de) (Ping timeout: 121 seconds)
[23:30:23] *** Quits: ascarter (ascarter@moz-i0dnmd.wa.comcast.net) (Quit: My Mac has gone to sleep. ZZZzzz…)
[23:39:58] *** Quits: etw (john@moz-2lpgmu.fios.verizon.net) (Client exited)
[23:40:40] *** kimundi is now known as zz_kimundi
[23:46:27] *** Joins: etw (john@moz-2lpgmu.fios.verizon.net)
[23:54:42] *** Joins: fungos (quassel@moz-p1o.6pj.156.69.IP)
[23:58:04] *** Quits: etw (john@moz-2lpgmu.fios.verizon.net) (Client exited)
