[00:39:51] *** kimundi is now known as zz_kimundi
[00:42:10] *** Quits: Tobba (Tobba@moz-o13d22.bredband.telia.com) (Ping timeout: 121 seconds)
[01:37:55] *** Quits: ChrisMorgan (ChrisMorgan@moz-g6osuq.tpgi.com.au) (Ping timeout: 121 seconds)
[02:41:10] *** Quits: annodomini (lambda@moz-hceqmj.hfc.comcastbusiness.net) (Ping timeout: 121 seconds)
[02:59:30] *** Quits: zz_kimundi (kimundi@moz-ghr.vgt.188.87.IP) (Ping timeout: 121 seconds)
[03:01:56] *** Joins: zz_kimundi (kimundi@moz-dnib7h.dip0.t-ipconnect.de)
[03:01:57] *** zz_kimundi is now known as kimundi
[03:21:50] *** Joins: aatch (james@moz-is4j4r.cable.telstraclear.net)
[07:09:58] *** Joins: bluss (bluss@moz-ec5o68.cust.bredbandsbolaget.se)
[07:27:20] *** Joins: simukis (nagisa@moz-8t068g.static.zebra.lt)
[09:10:32] *** Quits: simukis (nagisa@moz-8t068g.static.zebra.lt) (Quit: Leaving.)
[09:10:44] *** Joins: simukis (nagisa@moz-8t068g.static.zebra.lt)
[12:08:25] *** Joins: gleb (gleb@moz-3u1drv.rusanovka-net.kiev.ua)
[12:35:57] *** Quits: aatch (james@moz-is4j4r.cable.telstraclear.net) (Ping timeout: 121 seconds)
[12:48:24] *** Joins: Tobba (Tobba@moz-o13d22.bredband.telia.com)
[14:04:51] *** Joins: annodomini (lambda@moz-qgii5v.ma.comcast.net)
[14:11:21] *** Quits: annodomini (lambda@moz-qgii5v.ma.comcast.net) (Client exited)
[15:10:43] *** Joins: annodomini (lambda@moz-qgii5v.ma.comcast.net)
[15:27:11] *** Joins: achanda (achanda@moz-hm6.tpi.66.182.IP)
[15:35:47] <Gankro> bluss: checking out your linkedlist PR now
[15:36:30] <Gankro> My stance on unsafe is fairly clear in this context: it's not clearly useful to litter it around more in the module once it's there at all.
[15:38:41] <bluss> thanks for looking at it
[15:39:02] <bluss> The reason why I'm fixing it is because you've called this module out many times. This aligns it with what other modules usually do
[15:43:53] <bluss> I don't know. I tried staring at it to come up with a better way to handle raw pointers but nothing came up
[15:45:01] <Gankro> bluss: It's just fundamentally totally unsafe
[15:45:19] <Gankro> horizontal ownership is not Rust's game
[15:46:50] <bluss> yeah
[15:47:05] <bluss> good thing the libstd has linkedlist so no one else has to do it
[15:48:23] <bluss> we have to do this dirty job
[15:48:26] <bluss> :)
[15:48:32] * Gankro eyes his own LinkedList crate
[15:48:42] <bluss> yeah I didn't look inside that
[15:51:28] * bluss notices that Gankro has introduced the concept of “honesty” into code review
[15:51:35] <bluss> good code is.. honest?
[15:51:46] <bluss> I'll think about what this means
[15:52:08] *** Quits: annodomini (lambda@moz-qgii5v.ma.comcast.net) (Client exited)
[15:56:58] <Gankro> ahaha
[16:00:53] *** Joins: annodomini (lambda@moz-qgii5v.ma.comcast.net)
[16:05:47] <Gankro> bluss: grabbing a shower and getting dressed. I must brood on these developments.
[16:08:58] <bluss> thanks for putting time into it. It thought it was an improvement
[16:09:09] <bluss> this module hasn't been touched for a long time
[16:09:48] *** WindowsBunny1 is now known as WindowsBunny
[16:41:51] *** Quits: achanda (achanda@moz-hm6.tpi.66.182.IP) (Connection closed)
[17:12:57] *** Joins: achanda (achanda@moz-gok.4gu.21.113.IP)
[17:20:01] *** Quits: annodomini (lambda@moz-qgii5v.ma.comcast.net) (Client exited)
[17:36:14] *** Joins: achanda_ (achanda@moz-lk6.a9j.66.182.IP)
[17:38:59] *** Quits: achanda (achanda@moz-gok.4gu.21.113.IP) (Ping timeout: 121 seconds)
[17:43:51] *** Joins: brson (brson@moz-vs3.tdl.56.172.IP)
[17:43:52] *** ChanServ sets mode: +qo brson brson
[17:48:52] *** Quits: achanda_ (achanda@moz-lk6.a9j.66.182.IP) (Connection closed)
[18:00:00] *** Quits: Rym (uid91135@moz-n2i7qm.charlton.irccloud.com) (A TLS packet with unexpected length was received.)
[18:00:00] *** Quits: Fenhl (sid30770@moz-oh0hem.charlton.irccloud.com) (Connection closed)
[18:00:00] *** Quits: Gankro (sid71432@moz-sc2bd6.charlton.irccloud.com) (Connection closed)
[18:01:50] *** Quits: gleb (gleb@moz-3u1drv.rusanovka-net.kiev.ua) (Ping timeout: 121 seconds)
[18:28:26] *** Quits: brson (brson@moz-vs3.tdl.56.172.IP) (Quit: leaving)
[18:50:36] *** Joins: Fenhl (sid30770@moz-oh0hem.charlton.irccloud.com)
[19:28:41] *** Joins: achanda (achanda@moz-4qt.o94.66.182.IP)
[19:30:25] *** Joins: Gankro (sid71432@moz-sc2bd6.charlton.irccloud.com)
[19:41:34] *** Joins: Rym (uid91135@moz-n2i7qm.charlton.irccloud.com)
[19:52:26] *** Joins: annodomini (lambda@moz-qgii5v.ma.comcast.net)
[19:59:47] *** Quits: achanda (achanda@moz-4qt.o94.66.182.IP) (Ping timeout: 121 seconds)
[20:12:24] *** Quits: annodomini (lambda@moz-qgii5v.ma.comcast.net) (Client exited)
[20:13:19] *** Joins: annodomini (lambda@moz-qgii5v.ma.comcast.net)
[20:23:12] *** Quits: annodomini (lambda@moz-qgii5v.ma.comcast.net) (Client exited)
[20:25:07] *** Joins: WindowsBunny1 (Peter@moz-vlal7g.east.verizon.net)
[20:27:26] *** Quits: WindowsBunny (Peter@moz-vlal7g.east.verizon.net) (Ping timeout: 121 seconds)
[20:27:38] *** WindowsBunny1 is now known as WindowsBunny
[20:41:24] *** Joins: brson (brson@moz-590.7vl.56.172.IP)
[20:41:25] *** ChanServ sets mode: +qo brson brson
[21:00:01] *** Joins: killercup (killercup@moz-0pf6i8.dip0.t-ipconnect.de)
[21:14:49] *** Quits: killercup (killercup@moz-0pf6i8.dip0.t-ipconnect.de) (Quit: Bye)
[21:17:28] *** Joins: annodomini (lambda@moz-qgii5v.ma.comcast.net)
[21:25:17] *** Quits: annodomini (lambda@moz-qgii5v.ma.comcast.net) (Client exited)
[21:36:36] *** kimundi is now known as zz_kimundi
[21:43:01] *** Quits: brson (brson@moz-590.7vl.56.172.IP) (Ping timeout: 121 seconds)
[21:50:33] *** Joins: brson (brson@moz-hesgc6.tmodns.net)
[21:50:33] *** ChanServ sets mode: +qo brson brson
[22:06:36] *** Joins: aatch (james@moz-is4j4r.cable.telstraclear.net)
[22:14:59] *** Quits: aatch (james@moz-is4j4r.cable.telstraclear.net) (Ping timeout: 121 seconds)
[22:24:31] *** Quits: brson (brson@moz-hesgc6.tmodns.net) (Quit: leaving)
[22:46:03] *** zz_kimundi is now known as kimundi
[22:50:13] *** Quits: Tobba (Tobba@moz-o13d22.bredband.telia.com) (Ping timeout: 121 seconds)
[22:53:50] *** Quits: simukis (nagisa@moz-8t068g.static.zebra.lt) (Ping timeout: 121 seconds)
[23:00:37] *** Joins: aatch (james@moz-is4j4r.cable.telstraclear.net)
[23:05:24] *** kimundi is now known as zz_kimundi
[23:10:33] *** zz_kimundi is now known as kimundi
[23:12:23] *** kimundi is now known as zz_kimundi
[23:13:42] *** zz_kimundi is now known as kimundi
[23:19:54] *** Joins: Tobba (Tobba@moz-o13d22.bredband.telia.com)
[23:43:58] *** kimundi is now known as zz_kimundi
