[00:00:03] *** Quits: bjz (bjz@moz-4l6.mjm.52.113.IP) (Quit: My Mac has gone to sleep. ZZZzzz…)
[00:08:02] *** khuey is now known as khuey|away
[00:11:11] *** Quits: faramarz (faramarz@moz-cfhap5.mtv2.mozilla.com) (Client exited)
[00:18:24] *** Quits: mbx (textual@moz-l8ebtf.sfo1.mozilla.com) (Quit: My Mac has gone to sleep. ZZZzzz…)
[00:19:39] *** Joins: bjz (bjz@moz-b43.1aa.161.202.IP)
[00:24:49] *** Quits: brson (brson@moz-obm.e0n.56.172.IP) (Quit: leaving)
[00:25:27] *** Joins: faramarz (faramarz@moz-cfhap5.mtv2.mozilla.com)
[00:26:34] *** Quits: bjz (bjz@moz-b43.1aa.161.202.IP) (Quit: My Mac has gone to sleep. ZZZzzz…)
[00:28:33] *** Quits: faramarz (faramarz@moz-cfhap5.mtv2.mozilla.com) (Client exited)
[00:30:19] *** Joins: azita (Azita@moz-pfkk49.prno.oesp.0009.2601.IP)
[00:32:07] *** Quits: pcwalton (pcwalton@moz-l8ebtf.sfo1.mozilla.com) (Client exited)
[00:34:29] *** Quits: till (till@moz-6sd.jfj.172.73.IP) (A TLS packet with unexpected length was received.)
[00:34:36] *** Joins: till (till@moz-6sd.jfj.172.73.IP)
[00:37:56] *** Joins: mbx (textual@moz-l8ebtf.sfo1.mozilla.com)
[00:41:35] *** Joins: tadh (quassel@moz-77pugv.res.rr.com)
[00:56:03] *** Joins: faramarz (faramarz@moz-cfhap5.mtv2.mozilla.com)
[01:00:16] *** Quits: faramarz (faramarz@moz-cfhap5.mtv2.mozilla.com) (Ping timeout: 121 seconds)
[01:02:10] *** Joins: faramarz (faramarz@moz-cfhap5.mtv2.mozilla.com)
[01:05:16] *** Quits: mbx (textual@moz-l8ebtf.sfo1.mozilla.com) (Quit: My Mac has gone to sleep. ZZZzzz…)
[01:13:55] *** Quits: faramarz (faramarz@moz-cfhap5.mtv2.mozilla.com) (Client exited)
[01:15:02] *** Quits: azakai (alon@moz-4ei1vm.ujol.1ibb.0101.2620.IP) (Quit: Ex-Chat)
[01:22:51] *** Quits: cjones (cjones@moz-osv.rmn.162.73.IP) (Quit: Ex-Chat)
[01:28:56] *** Quits: azita (Azita@moz-pfkk49.prno.oesp.0009.2601.IP) (Client exited)
[01:39:19] *** Quits: jdm (jdm@moz-ak9a3r.ckpj.s0pt.0450.2001.IP) (Quit: )
[01:54:23] *** Joins: brendan (brendaneich@moz-gpqelf.public.wayport.net)
[01:55:03] *** Quits: pnkfelix (pnkfelix@moz-eljppb.fbx.proxad.net) (Quit: rcirc on GNU Emacs 24.3.92.1)
[01:57:45] *** khuey|away is now known as khuey
[02:03:16] *** Joins: mbx (textual@moz-l8ebtf.sfo1.mozilla.com)
[02:03:51] *** Quits: mbx (textual@moz-l8ebtf.sfo1.mozilla.com) (Quit: My Mac has gone to sleep. ZZZzzz…)
[02:07:25] *** terrence is now known as terrence-afk
[02:09:02] *** Joins: azakai|2 (alon@moz-l3ofdg.sntcca.sbcglobal.net)
[02:11:32] *** Joins: roc (chatzilla@moz-h8ll9b.dqqd.b0fh.0cb0.2001.IP)
[02:14:44] *** Quits: brendan (brendaneich@moz-gpqelf.public.wayport.net) (Client exited)
[02:15:02] *** Joins: brendan (brendaneich@moz-gpqelf.public.wayport.net)
[02:15:46] *** Quits: brendan (brendaneich@moz-gpqelf.public.wayport.net) (Client exited)
[02:17:21] *** Joins: pcwalton (pcwalton@moz-6kjabm.ca.comcast.net)
[02:17:21] *** ChanServ sets mode: +o pcwalton
[02:17:30] *** Quits: pcwalton (pcwalton@moz-6kjabm.ca.comcast.net) (Client exited)
[02:18:29] *** Joins: ehsan|mtg (ehsan@moz-cef8oi.cpe.pppoe.ca)
[02:28:49] *** Joins: mbx (textual@moz-l8ebtf.sfo1.mozilla.com)
[02:51:35] *** Quits: tadh (quassel@moz-77pugv.res.rr.com) (Connection closed)
[03:06:21] *** Joins: cjones (cjones@moz-osv.rmn.162.73.IP)
[03:09:39] *** Quits: reqshark_ (reqshark@moz-amtd83.cable.rcn.com) (Quit: Be back later ...)
[03:10:55] *** Quits: mbx (textual@moz-l8ebtf.sfo1.mozilla.com) (Quit: My Mac has gone to sleep. ZZZzzz…)
[03:47:45] *** Quits: mchang (mchang@moz-4b7hgp.res.rr.com) (Client exited)
[04:00:57] *** Joins: mccr8 (mccr8@moz-m84lpe.ca.comcast.net)
[04:01:02] *** Quits: mccr8 (mccr8@moz-m84lpe.ca.comcast.net) (Quit: )
[04:11:06] *** Joins: mbx (textual@moz-fjua8t.ca.comcast.net)
[04:11:23] *** Quits: mbx (textual@moz-fjua8t.ca.comcast.net) (Connection closed)
[04:28:45] *** khuey is now known as khuey|away
[04:34:39] *** Joins: azita (Azita@moz-v16.4ki.202.73.IP)
[04:46:48] *** Joins: mbx (textual@moz-fjua8t.ca.comcast.net)
[04:58:22] *** Joins: reqshark_ (reqshark@moz-amtd83.cable.rcn.com)
[05:02:24] *** Quits: reqshark_ (reqshark@moz-amtd83.cable.rcn.com) (Ping timeout: 121 seconds)
[05:03:12] *** sunfish is now known as sunfish-away
[05:27:54] *** Quits: azita (Azita@moz-v16.4ki.202.73.IP) (Client exited)
[05:34:38] *** Quits: till (till@moz-6sd.jfj.172.73.IP) (A TLS packet with unexpected length was received.)
[05:35:00] *** Joins: till (till@moz-chlqb2.72c9.v890.000a.2601.IP)
[05:39:02] *** Quits: till (till@moz-chlqb2.72c9.v890.000a.2601.IP) (Ping timeout: 121 seconds)
[05:42:23] *** Quits: gal (gal@moz-t19.bab.126.76.IP) (Client exited)
[05:45:53] *** Joins: gal (gal@moz-t19.bab.126.76.IP)
[05:50:01] *** Joins: azita (Azita@moz-v16.4ki.202.73.IP)
[05:50:04] *** Quits: roc (chatzilla@moz-h8ll9b.dqqd.b0fh.0cb0.2001.IP) (Connection closed)
[05:57:37] *** Quits: azita (Azita@moz-v16.4ki.202.73.IP) (Client exited)
[06:28:05] *** Joins: roc (chatzilla@moz-2a2l69.orcon.net.nz)
[06:32:30] *** Joins: ddamjano (Instantbird@moz-lhdrhc.cfl3.oeer.8388.2a02.IP)
[06:38:35] *** Quits: ddamjano (Instantbird@moz-lhdrhc.cfl3.oeer.8388.2a02.IP) (Ping timeout: 121 seconds)
[06:44:08] *** Joins: bjz (bjz@moz-4l6.mjm.52.113.IP)
[06:47:03] *** Joins: reqshark_ (reqshark@moz-amtd83.cable.rcn.com)
[06:50:31] *** Quits: bjz (bjz@moz-4l6.mjm.52.113.IP) (Ping timeout: 121 seconds)
[06:51:05] *** Quits: reqshark_ (reqshark@moz-amtd83.cable.rcn.com) (Ping timeout: 121 seconds)
[07:16:46] *** Joins: bjz (bjz@moz-puppgq.tpgi.com.au)
[07:23:43] *** Joins: docwho (quassel@moz-7oa.bog.208.117.IP)
[07:34:50] *** Joins: reqshark_ (reqshark@moz-amtd83.cable.rcn.com)
[07:37:23] *** Joins: ddamjano (Instantbird@moz-59edfk.cfl3.oeer.8388.2a02.IP)
[07:38:51] *** Quits: reqshark_ (reqshark@moz-amtd83.cable.rcn.com) (Ping timeout: 121 seconds)
[07:43:52] *** Quits: ehsan|mtg (ehsan@moz-cef8oi.cpe.pppoe.ca) (A TLS packet with unexpected length was received.)
[07:44:06] *** Joins: gds (user@moz-5ag96u.range81-155.btcentralplus.com)
[08:14:00] *** Quits: jschuster (schuster@moz-n100gq.ma.comcast.net) (*.net *.split)
[08:14:00] *** Quits: jj2baile (jon@moz-e3f93l.csclub.uwaterloo.ca) (*.net *.split)
[08:14:00] *** Quits: derf (derf@moz-797sd4.fios.verizon.net) (*.net *.split)
[08:14:00] *** Quits: johns (johns@moz-ej5ip0.pointysoftware.net) (*.net *.split)
[08:14:00] *** Quits: Luqman (laden@moz-qhp202.csclub.uwaterloo.ca) (*.net *.split)
[08:14:00] *** Quits: mmun (mmun@moz-iar.moo.170.107.IP) (*.net *.split)
[08:14:00] *** Quits: pauls_ (paul@moz-uq0v7s.cable.rcn.com) (*.net *.split)
[08:14:00] *** Quits: seth (seth@moz-gcen1e.sethfowler.org) (*.net *.split)
[08:14:00] *** Quits: kaptainkayak (kaptainkaya@moz-iar.moo.170.107.IP) (*.net *.split)
[08:14:00] *** Quits: tdfischer (tdfischer@hackerbots.net) (*.net *.split)
[08:14:00] *** Quits: copumpkin (copumpkin@moz-regr09.dyn.optonline.net) (*.net *.split)
[08:14:00] *** Quits: vstamour (user@moz-03gv4a.ccs.neu.edu) (*.net *.split)
[08:14:00] *** Quits: ddamjano (Instantbird@moz-59edfk.cfl3.oeer.8388.2a02.IP) (*.net *.split)
[08:14:00] *** Quits: ebryn (sid2895@moz-ps8mdv.brockwell.irccloud.com) (*.net *.split)
[08:14:00] *** Quits: gw (uid31717@moz-hcr55a.charlton.irccloud.com) (*.net *.split)
[08:14:00] *** Quits: ggherdov_ (sid11402@moz-u71qnt.charlton.irccloud.com) (*.net *.split)
[08:14:00] *** Quits: burg (sid14893@moz-r6aeph.brockwell.irccloud.com) (*.net *.split)
[08:14:00] *** Quits: aturon (sid36348@moz-n3h4qj.brockwell.irccloud.com) (*.net *.split)
[08:14:00] *** Quits: jack (sid19593@moz-d7cue0.uxbridge.irccloud.com) (*.net *.split)
[08:14:00] *** Quits: samth (sid14502@moz-o8chhr.brockwell.irccloud.com) (*.net *.split)
[08:14:00] *** Quits: dherman (sid7996@moz-u0jlif.ealing.irccloud.com) (*.net *.split)
[08:14:00] *** Quits: huon (huon@moz-hj272o.8rnv.rggd.6180.2400.IP) (*.net *.split)
[08:14:00] *** Quits: larsberg (sid16141@moz-fnneme.uxbridge.irccloud.com) (*.net *.split)
[08:14:00] *** Quits: jorendorff (sid28423@moz-vsnoao.charlton.irccloud.com) (*.net *.split)
[08:14:00] *** Quits: jandem-away (sid16255@moz-s8ebmu.uxbridge.irccloud.com) (*.net *.split)
[08:14:00] *** Quits: wycats (sid79@moz-b4lrm3.brockwell.irccloud.com) (*.net *.split)
[08:14:00] *** Quits: dmarcos (sid15240@moz-9ahsin.ealing.irccloud.com) (*.net *.split)
[08:14:00] *** Quits: disnet (sid21735@moz-oc6g2p.uxbridge.irccloud.com) (*.net *.split)
[08:14:00] *** Quits: jld (jld@moz-onnk26.xlerb.net) (*.net *.split)
[08:14:00] *** Quits: lkuper (sid44041@moz-7edef8.ealing.irccloud.com) (*.net *.split)
[08:14:00] *** Quits: mbrubeck (sid17036@moz-omrqa0.uxbridge.irccloud.com) (*.net *.split)
[08:14:00] *** Quits: toddaaro (toddaaro@moz-afg3gm.us) (*.net *.split)
[08:14:00] *** Quits: yury (yury@moz-9flvv8.ok.cox.net) (*.net *.split)
[08:14:00] *** Quits: cjones (cjones@moz-osv.rmn.162.73.IP) (*.net *.split)
[08:14:00] *** Quits: khuey|away (khuey@moz-dkjr1g.scl3.mozilla.com) (*.net *.split)
[08:14:00] *** Quits: nmatsakis (nmatsakis@moz-dkjr1g.scl3.mozilla.com) (*.net *.split)
[08:14:00] *** Quits: dustinm` (dustinm@moz-es6jb7.ip-167-114-152.net) (*.net *.split)
[08:14:00] *** Quits: gavin (gavin@irc.mozilla.org) (*.net *.split)
[08:14:00] *** Quits: terrence-afk (terrence@moz-ql99l0.sd.cox.net) (*.net *.split)
[08:14:00] *** Quits: acrichto (acrichto@moz-u3dg2t.sfo1.mozilla.com) (*.net *.split)
[08:14:01] *** Quits: flaper87 (flaper87@moz-fnn.1e9.132.209.IP) (*.net *.split)
[08:14:01] *** Quits: sunfish-away (sunfish@moz-dkjr1g.scl3.mozilla.com) (*.net *.split)
[08:14:01] *** Quits: azakai|2 (alon@moz-l3ofdg.sntcca.sbcglobal.net) (*.net *.split)
[08:14:01] *** Quits: TD-Linux (Thomas@moz-jqudnh.thomasdaede.com) (*.net *.split)
[08:14:01] *** Quits: c74d (c74d3a4ebb6@moz-0ersgu.oc.cox.net) (*.net *.split)
[08:14:01] *** Quits: aji (alex@prickle.ajitek.net) (*.net *.split)
[08:14:01] *** Quits: gal (gal@moz-t19.bab.126.76.IP) (*.net *.split)
[08:14:01] *** Quits: kmc (keegan@moz-gjgn5n.compute.amazonaws.com) (*.net *.split)
[08:14:01] *** Quits: mbx (textual@moz-fjua8t.ca.comcast.net) (*.net *.split)
[08:14:01] *** Quits: shu (sguo@moz-dkjr1g.scl3.mozilla.com) (*.net *.split)
[08:14:01] *** Quits: froydnj (nfroyd@moz-dkjr1g.scl3.mozilla.com) (*.net *.split)
[08:14:28] *** Joins: johns (johns@moz-ej5ip0.pointysoftware.net)
[08:14:28] *** Joins: lkuper (sid44041@moz-7edef8.ealing.irccloud.com)
[08:14:28] *** Joins: mmun (mmun@moz-iar.moo.170.107.IP)
[08:14:28] *** Joins: seth (seth@moz-gcen1e.sethfowler.org)
[08:14:28] *** Joins: kaptainkayak (kaptainkaya@moz-iar.moo.170.107.IP)
[08:14:28] *** Joins: Luqman (laden@moz-qhp202.csclub.uwaterloo.ca)
[08:14:28] *** Joins: jj2baile (jon@moz-e3f93l.csclub.uwaterloo.ca)
[08:14:28] *** Joins: samth (sid14502@moz-o8chhr.brockwell.irccloud.com)
[08:14:28] *** Joins: huon (huon@moz-hj272o.8rnv.rggd.6180.2400.IP)
[08:14:28] *** Joins: dmarcos (sid15240@moz-9ahsin.ealing.irccloud.com)
[08:14:28] *** Joins: gavin (gavin@irc.mozilla.org)
[08:14:28] *** Joins: mbx (textual@moz-fjua8t.ca.comcast.net)
[08:14:28] *** Joins: sunfish-away (sunfish@moz-dkjr1g.scl3.mozilla.com)
[08:14:28] *** Joins: acrichto (acrichto@moz-u3dg2t.sfo1.mozilla.com)
[08:14:28] *** Joins: tdfischer (tdfischer@hackerbots.net)
[08:14:28] *** Joins: ebryn (sid2895@moz-ps8mdv.brockwell.irccloud.com)
[08:14:28] *** Joins: burg (sid14893@moz-r6aeph.brockwell.irccloud.com)
[08:14:28] *** Joins: dherman (sid7996@moz-u0jlif.ealing.irccloud.com)
[08:14:28] *** Joins: mbrubeck (sid17036@moz-omrqa0.uxbridge.irccloud.com)
[08:14:28] *** Joins: disnet (sid21735@moz-oc6g2p.uxbridge.irccloud.com)
[08:14:28] *** Joins: cjones (cjones@moz-osv.rmn.162.73.IP)
[08:14:28] *** Joins: kmc (keegan@moz-gjgn5n.compute.amazonaws.com)
[08:14:28] *** Joins: nmatsakis (nmatsakis@moz-dkjr1g.scl3.mozilla.com)
[08:14:28] *** Joins: froydnj (nfroyd@moz-dkjr1g.scl3.mozilla.com)
[08:14:28] *** Joins: shu (sguo@moz-dkjr1g.scl3.mozilla.com)
[08:14:28] *** Joins: ggherdov_ (sid11402@moz-u71qnt.charlton.irccloud.com)
[08:14:28] *** Joins: wycats (sid79@moz-b4lrm3.brockwell.irccloud.com)
[08:14:28] *** Joins: jorendorff (sid28423@moz-vsnoao.charlton.irccloud.com)
[08:14:28] *** Joins: azakai|2 (alon@moz-l3ofdg.sntcca.sbcglobal.net)
[08:14:28] *** Joins: yury (yury@moz-9flvv8.ok.cox.net)
[08:14:28] *** Joins: c74d (c74d3a4ebb6@moz-0ersgu.oc.cox.net)
[08:14:28] *** Joins: jschuster (schuster@moz-n100gq.ma.comcast.net)
[08:14:28] *** Joins: aturon (sid36348@moz-n3h4qj.brockwell.irccloud.com)
[08:14:28] *** Joins: jandem-away (sid16255@moz-s8ebmu.uxbridge.irccloud.com)
[08:14:28] *** Joins: jack (sid19593@moz-d7cue0.uxbridge.irccloud.com)
[08:14:28] *** Joins: gw (uid31717@moz-hcr55a.charlton.irccloud.com)
[08:14:28] *** Joins: copumpkin (copumpkin@moz-regr09.dyn.optonline.net)
[08:14:28] *** Joins: aji (alex@prickle.ajitek.net)
[08:14:28] *** Joins: khuey|away (khuey@moz-dkjr1g.scl3.mozilla.com)
[08:14:28] *** belew.mozilla.org sets mode: +ooo dherman nmatsakis jack
[08:14:28] *** Joins: TD-Linux (Thomas@moz-jqudnh.thomasdaede.com)
[08:14:28] *** Joins: gal (gal@moz-t19.bab.126.76.IP)
[08:14:28] *** Joins: vstamour (user@moz-03gv4a.ccs.neu.edu)
[08:14:28] *** Joins: derf (derf@moz-797sd4.fios.verizon.net)
[08:14:28] *** Joins: terrence-afk (terrence@moz-ql99l0.sd.cox.net)
[08:14:28] *** Joins: ddamjano (Instantbird@moz-59edfk.cfl3.oeer.8388.2a02.IP)
[08:14:28] *** Joins: pauls_ (paul@moz-uq0v7s.cable.rcn.com)
[08:14:28] *** Joins: dustinm` (dustinm@moz-es6jb7.ip-167-114-152.net)
[08:14:28] *** Joins: jld (jld@moz-onnk26.xlerb.net)
[08:14:28] *** Joins: flaper87 (flaper87@moz-fnn.1e9.132.209.IP)
[08:14:28] *** Joins: toddaaro (toddaaro@moz-afg3gm.us)
[08:14:28] *** Joins: larsberg (sid16141@moz-fnneme.uxbridge.irccloud.com)
[08:14:28] *** belew.mozilla.org sets mode: +o larsberg
[08:15:42] *** Quits: gds (user@moz-5ag96u.range81-155.btcentralplus.com) (Ping timeout: 121 seconds)
[08:19:50] *** Joins: pnkfelix (pnkfelix@moz-eljppb.fbx.proxad.net)
[08:44:10] *** Quits: gal (gal@moz-t19.bab.126.76.IP) (Client exited)
[08:45:51] *** Joins: ehsan|mtg (ehsan@moz-cef8oi.cpe.pppoe.ca)
[08:53:04] *** Quits: ehsan|mtg (ehsan@moz-cef8oi.cpe.pppoe.ca) (Ping timeout: 121 seconds)
[08:53:40] *** Quits: cjones (cjones@moz-osv.rmn.162.73.IP) (Quit: Ex-Chat)
[09:07:05] *** jandem-away is now known as jandem
[09:23:35] *** Joins: reqshark_ (reqshark@moz-amtd83.cable.rcn.com)
[09:27:37] *** Quits: reqshark_ (reqshark@moz-amtd83.cable.rcn.com) (Ping timeout: 121 seconds)
[09:32:10] *** Quits: ddamjano (Instantbird@moz-59edfk.cfl3.oeer.8388.2a02.IP) (Ping timeout: 121 seconds)
[09:47:00] *** Quits: nrc (nrc@moz-4bhi2i.xtra.co.nz) (Ping timeout: 121 seconds)
[09:57:11] *** Quits: mbx (textual@moz-fjua8t.ca.comcast.net) (Quit: My Mac has gone to sleep. ZZZzzz…)
[11:00:26] *** Joins: ddamjano (Instantbird@moz-59edfk.cfl3.oeer.8388.2a02.IP)
[11:24:43] *** Joins: nrc (nrc@moz-4bhi2i.xtra.co.nz)
[11:29:57] *** Quits: nrc (nrc@moz-4bhi2i.xtra.co.nz) (Ping timeout: 121 seconds)
[11:54:11] *** Quits: gw (uid31717@moz-hcr55a.charlton.irccloud.com) (Quit: Connection closed for inactivity)
[11:56:59] *** Joins: gw (uid31717@moz-hcr55a.charlton.irccloud.com)
[12:20:19] *** Joins: ehsan|mtg (ehsan@moz-cef8oi.cpe.pppoe.ca)
[12:29:35] *** Joins: tadh (quassel@moz-77pugv.res.rr.com)
[12:33:54] *** Quits: tadh (quassel@moz-77pugv.res.rr.com) (Connection closed)
[12:41:20] *** Quits: pnkfelix (pnkfelix@moz-eljppb.fbx.proxad.net) (Quit: rcirc on GNU Emacs 24.3.92.1)
[12:54:51] *** Joins: till (till@moz-6sd.jfj.172.73.IP)
[13:00:23] *** Joins: jdm (jdm@moz-ilbt2e.cable.teksavvy.com)
[13:10:34] *** Joins: gal (gal@moz-t19.bab.126.76.IP)
[13:32:48] *** Joins: pnkfelix (pnkfelix@moz-6v5.3nd.202.89.IP)
[14:04:11] *** Quits: gw (uid31717@moz-hcr55a.charlton.irccloud.com) (Quit: Connection closed for inactivity)
[14:09:46] *** sunfish-away is now known as sunfish
[14:19:08] *** Quits: pauls_ (paul@moz-uq0v7s.cable.rcn.com) (Ping timeout: 121 seconds)
[14:24:33] *** ehsan|mtg is now known as ehsan_
[14:29:57] *** Joins: pauls_ (paul@moz-uq0v7s.cable.rcn.com)
[14:36:57] *** Quits: ehsan_ (ehsan@moz-cef8oi.cpe.pppoe.ca) (A TLS packet with unexpected length was received.)
[14:47:35] *** khuey|away is now known as khuey
[14:47:49] *** Joins: tadh (quassel@moz-77pugv.res.rr.com)
[14:56:55] *** Joins: ehsan_ (ehsan@moz-cef8oi.cpe.pppoe.ca)
[15:30:22] *** Quits: tadh (quassel@moz-77pugv.res.rr.com) (Connection closed)
[15:34:35] *** khuey is now known as khuey|away
[15:47:19] *** Joins: cjones (cjones@moz-osv.rmn.162.73.IP)
[16:11:37] *** Quits: till (till@moz-6sd.jfj.172.73.IP) (A TLS packet with unexpected length was received.)
[16:11:58] *** Joins: till (till@moz-6sd.jfj.172.73.IP)
[16:16:00] *** Quits: till (till@moz-6sd.jfj.172.73.IP) (Ping timeout: 121 seconds)
[16:16:53] *** Joins: brson (brson@moz-cfhap5.mtv2.mozilla.com)
[16:16:53] *** ChanServ sets mode: +o brson
[16:23:37] *** Joins: tadh (quassel@moz-77pugv.res.rr.com)
[16:25:16] *** Quits: ddamjano (Instantbird@moz-59edfk.cfl3.oeer.8388.2a02.IP) (Quit: Instantbird 1.5 -- http://www.instantbird.com)
[16:26:26] *** Joins: ddamjano (Instantbird@moz-fqlok5.cfl3.oeer.8388.2a02.IP)
[16:31:16] *** Quits: azakai|2 (alon@moz-l3ofdg.sntcca.sbcglobal.net) (Quit: Ex-Chat)
[16:32:07] *** Joins: faramarz (faramarz@moz-cfhap5.mtv2.mozilla.com)
[16:34:14] *** Joins: azita (Azita@moz-cfhap5.mtv2.mozilla.com)
[16:43:25] *** Quits: gal (gal@moz-t19.bab.126.76.IP) (Client exited)
[16:50:11] *** Joins: mccr8 (mccr8@moz-cfhap5.mtv2.mozilla.com)
[16:54:02] *** Joins: mbx (textual@moz-fjua8t.ca.comcast.net)
[17:01:56] *** khuey|away is now known as khuey
[17:04:10] *** Joins: sole (sole@moz-oit8n9.static.qsc.de)
[17:05:18] *** Joins: mchang (mchang@moz-4b7hgp.res.rr.com)
[17:09:53] *** Joins: till (till@moz-946.al6.126.192.IP)
[17:11:21] *** Quits: mchang (mchang@moz-4b7hgp.res.rr.com) (Ping timeout: 121 seconds)
[17:11:29] *** Joins: mchang (mchang@moz-4b7hgp.res.rr.com)
[17:21:00] *** terrence-afk is now known as terrence
[17:21:07] *** Joins: azakai (alon@moz-raj950.ujol.1ibb.0101.2620.IP)
[17:22:36] *** khuey is now known as khuey|away
[17:22:56] *** khuey|away is now known as khuey
[17:29:42] *** Quits: c74d (c74d3a4ebb6@moz-0ersgu.oc.cox.net) (Ping timeout: 121 seconds)
[17:48:16] *** Quits: cjones (cjones@moz-osv.rmn.162.73.IP) (Quit: Ex-Chat)
[18:02:28] *** Joins: gal (gal@moz-ocrkfd.ujol.1ibb.0101.2620.IP)
[18:03:07] *** Quits: gal (gal@moz-ocrkfd.ujol.1ibb.0101.2620.IP) (Client exited)
[18:03:10] *** jandem is now known as jandem-away
[18:08:02] *** Quits: pnkfelix (pnkfelix@moz-6v5.3nd.202.89.IP) (Quit: rcirc on GNU Emacs 24.3.92.1)
[18:17:08] *** Joins: gal (gal@moz-ocrkfd.ujol.1ibb.0101.2620.IP)
[18:21:55] *** Joins: pcwalton (pcwalton@moz-l8ebtf.sfo1.mozilla.com)
[18:21:55] *** ChanServ sets mode: +o pcwalton
[18:22:21] *** Quits: pcwalton (pcwalton@moz-l8ebtf.sfo1.mozilla.com) (Client exited)
[18:22:55] *** Joins: pcwalton (pcwalton@moz-l8ebtf.sfo1.mozilla.com)
[18:22:55] *** ChanServ sets mode: +o pcwalton
[18:23:32] *** Quits: mccr8 (mccr8@moz-cfhap5.mtv2.mozilla.com) (Connection closed)
[18:23:52] *** Joins: mccr8 (mccr8@moz-cfhap5.mtv2.mozilla.com)
[18:29:54] *** Quits: gal (gal@moz-ocrkfd.ujol.1ibb.0101.2620.IP) (Client exited)
[18:38:59] *** Joins: gal (gal@moz-cfhap5.mtv2.mozilla.com)
[18:39:46] *** Joins: gal_ (gal@moz-0m5u0d.ujol.1ibb.0101.2620.IP)
[18:39:46] *** Quits: gal (gal@moz-cfhap5.mtv2.mozilla.com) (Connection closed)
[18:39:47] *** gal_ is now known as gal
[18:56:33] *** Quits: sole (sole@moz-oit8n9.static.qsc.de) (A TLS packet with unexpected length was received.)
[19:03:56] *** khuey is now known as khuey|away
[19:04:16] *** Quits: gal (gal@moz-0m5u0d.ujol.1ibb.0101.2620.IP) (Client exited)
[19:06:17] *** Joins: sole (sole@moz-oit8n9.static.qsc.de)
[19:09:39] *** Joins: gal (gal@moz-cfhap5.mtv2.mozilla.com)
[19:10:18] *** Quits: gal (gal@moz-cfhap5.mtv2.mozilla.com) (Connection closed)
[19:10:23] *** Joins: gal (gal@moz-94cmkf.ujol.1ibb.0101.2620.IP)
[19:10:40] *** Quits: sole (sole@moz-oit8n9.static.qsc.de) (Ping timeout: 121 seconds)
[19:11:32] *** Joins: sole (sole@moz-oit8n9.static.qsc.de)
[19:12:57] *** Quits: gal (gal@moz-94cmkf.ujol.1ibb.0101.2620.IP) (Client exited)
[19:15:43] *** Joins: gal (gal@moz-cfhap5.mtv2.mozilla.com)
[19:16:29] *** Joins: gal_ (gal@moz-aqhuld.ujol.1ibb.0101.2620.IP)
[19:16:34] *** Quits: gal (gal@moz-cfhap5.mtv2.mozilla.com) (Connection closed)
[19:16:34] *** gal_ is now known as gal
[19:23:10] *** Quits: gal (gal@moz-aqhuld.ujol.1ibb.0101.2620.IP) (Client exited)
[19:28:21] *** Quits: azita (Azita@moz-cfhap5.mtv2.mozilla.com) (Client exited)
[19:33:03] *** Joins: nrc (nrc@moz-4bhi2i.xtra.co.nz)
[19:34:07] *** Joins: dannas (dannas@moz-4ehirh.mobile.tre.se)
[19:47:19] *** Joins: azita (Azita@moz-cfhap5.mtv2.mozilla.com)
[19:53:09] *** Joins: gal (gal@moz-cfhap5.mtv2.mozilla.com)
[19:54:33] *** Quits: gal (gal@moz-cfhap5.mtv2.mozilla.com) (Client exited)
[19:54:42] *** Joins: gal (gal@moz-cfhap5.mtv2.mozilla.com)
[19:54:43] *** Quits: gal (gal@moz-cfhap5.mtv2.mozilla.com) (Client exited)
[19:55:01] *** Joins: gal (gal@moz-naf20h.ujol.1ibb.0101.2620.IP)
[19:55:10] *** Quits: gal (gal@moz-naf20h.ujol.1ibb.0101.2620.IP) (Client exited)
[19:59:46] *** khuey|away is now known as khuey
[20:17:33] *** Quits: dannas (dannas@moz-4ehirh.mobile.tre.se) (Quit: leaving)
[20:27:10] *** Quits: bjz (bjz@moz-puppgq.tpgi.com.au) (Quit: My Mac has gone to sleep. ZZZzzz…)
[20:41:01] *** jandem-away is now known as jandem
[20:47:00] *** Quits: jdm (jdm@moz-ilbt2e.cable.teksavvy.com) (Quit: )
[21:01:09] *** Joins: gw (uid31717@moz-hcr55a.charlton.irccloud.com)
[21:10:23] *** Joins: cjones (cjones@moz-osv.rmn.162.73.IP)
[21:13:50] *** Quits: pauls_ (paul@moz-uq0v7s.cable.rcn.com) (*.net *.split)
[21:13:50] *** Quits: copumpkin (copumpkin@moz-regr09.dyn.optonline.net) (*.net *.split)
[21:13:50] *** Quits: derf (derf@moz-797sd4.fios.verizon.net) (*.net *.split)
[21:13:50] *** Quits: johns (johns@moz-ej5ip0.pointysoftware.net) (*.net *.split)
[21:13:50] *** Quits: mmun (mmun@moz-iar.moo.170.107.IP) (*.net *.split)
[21:13:50] *** Quits: tadh (quassel@moz-77pugv.res.rr.com) (*.net *.split)
[21:13:50] *** Quits: seth (seth@moz-gcen1e.sethfowler.org) (*.net *.split)
[21:13:50] *** Quits: till (till@moz-946.al6.126.192.IP) (*.net *.split)
[21:13:50] *** Quits: kaptainkayak (kaptainkaya@moz-iar.moo.170.107.IP) (*.net *.split)
[21:13:50] *** Quits: pcwalton (pcwalton@moz-l8ebtf.sfo1.mozilla.com) (*.net *.split)
[21:13:50] *** Quits: tdfischer (tdfischer@hackerbots.net) (*.net *.split)
[21:13:50] *** Quits: jschuster (schuster@moz-n100gq.ma.comcast.net) (*.net *.split)
[21:13:50] *** Quits: Luqman (laden@moz-qhp202.csclub.uwaterloo.ca) (*.net *.split)
[21:13:50] *** Quits: ehsan_ (ehsan@moz-cef8oi.cpe.pppoe.ca) (*.net *.split)
[21:13:50] *** Quits: jj2baile (jon@moz-e3f93l.csclub.uwaterloo.ca) (*.net *.split)
[21:13:50] *** Quits: vstamour (user@moz-03gv4a.ccs.neu.edu) (*.net *.split)
[21:14:22] *** Joins: johns (johns@moz-ej5ip0.pointysoftware.net)
[21:14:22] *** Joins: mmun (mmun@moz-iar.moo.170.107.IP)
[21:14:22] *** Joins: tadh (quassel@moz-77pugv.res.rr.com)
[21:14:22] *** Joins: seth (seth@moz-gcen1e.sethfowler.org)
[21:14:22] *** Joins: kaptainkayak (kaptainkaya@moz-iar.moo.170.107.IP)
[21:14:22] *** Joins: jj2baile (jon@moz-e3f93l.csclub.uwaterloo.ca)
[21:14:22] *** Joins: till (till@moz-946.al6.126.192.IP)
[21:14:22] *** Joins: tdfischer (tdfischer@hackerbots.net)
[21:14:22] *** Joins: Luqman (laden@moz-qhp202.csclub.uwaterloo.ca)
[21:14:22] *** Joins: copumpkin (copumpkin@moz-regr09.dyn.optonline.net)
[21:14:22] *** Joins: derf (derf@moz-797sd4.fios.verizon.net)
[21:14:22] *** Joins: jschuster (schuster@moz-n100gq.ma.comcast.net)
[21:14:22] *** Joins: vstamour (user@moz-03gv4a.ccs.neu.edu)
[21:14:22] *** Joins: pauls_ (paul@moz-uq0v7s.cable.rcn.com)
[21:14:22] *** Joins: pcwalton (pcwalton@moz-l8ebtf.sfo1.mozilla.com)
[21:14:22] *** Joins: ehsan_ (ehsan@moz-cef8oi.cpe.pppoe.ca)
[21:14:22] *** levin.mozilla.org sets mode: +o pcwalton
[21:28:56] *** jandem is now known as jandem-away
[21:33:21] *** Joins: jdm (jdm@moz-mu9.06r.98.75.IP)
[21:33:43] *** Joins: bjz (bjz@moz-lailbo.tpgi.com.au)
[21:34:20] *** Quits: bjz (bjz@moz-lailbo.tpgi.com.au) (Quit: My Mac has gone to sleep. ZZZzzz…)
[21:45:27] *** Quits: sole (sole@moz-oit8n9.static.qsc.de) (A TLS packet with unexpected length was received.)
[21:46:30] *** Joins: gal (gal@moz-cfhap5.mtv2.mozilla.com)
[21:50:15] *** Joins: sole (sole@moz-oit8n9.static.qsc.de)
[21:50:50] *** Quits: sole (sole@moz-oit8n9.static.qsc.de) (Quit: )
[22:02:02] *** Quits: gal (gal@moz-cfhap5.mtv2.mozilla.com) (Client exited)
[22:02:26] *** khuey is now known as khuey|away
[22:11:43] *** Quits: roc (chatzilla@moz-2a2l69.orcon.net.nz) (Connection closed)
[22:20:00] *** Joins: brendan (brendaneich@moz-0gq.0rd.102.38.IP)
[22:28:45] *** Joins: pnkfelix (pnkfelix@moz-eljppb.fbx.proxad.net)
[22:38:07] *** Quits: till (till@moz-946.al6.126.192.IP) (A TLS packet with unexpected length was received.)
[22:41:46] *** khuey|away is now known as khuey
[22:51:06] *** Joins: gal (gal@moz-cfhap5.mtv2.mozilla.com)
[23:00:39] <pnkfelix> brson: ping
[23:01:34] <brson> pnkfelix: pong
[23:01:48] <pnkfelix> brson: I'm having an issue connecting to play.rust-lang.org from firefox
[23:02:00] <pnkfelix> brson: or... wait
[23:02:11] <pnkfelix> brson: I *was*, but now that i try it, i don't.  grrr.
[23:02:29] *** Quits: gal (gal@moz-cfhap5.mtv2.mozilla.com) (Connection closed)
[23:02:35] <pnkfelix> brson: (maybe its just an issue from the paris office. or maybe its something that is now fixed.  it was something about the certificates on the https connection)
[23:02:44] *** Joins: gal (gal@moz-naf20h.ujol.1ibb.0101.2620.IP)
[23:02:51] <pnkfelix> brson: anyway, do you know why we require https connections to play.rust-lang.org ?
[23:07:44] <brson> pnkfelix: i don't exactly. probably because people want https on everything and it was easy to do
[23:07:50] <brson> acrichto set it up i think
[23:08:08] <pnkfelix> brson: okay.  this problem was plaguing me for days, and now its not happening
[23:08:14] <pnkfelix> brson: so I don't know what's up.  sorry for the noise.
[23:08:27] <pnkfelix> brson: (but it oddly was only a problem from firefox, not from e.g. chrome)
[23:09:07] <acrichto> pnkfelix: it's set up to redirect all http requests to https requests, other than that though there should be nothing special
[23:09:31] <pnkfelix> acrichto: right; my issue was that the attempt to do the https connection was itself failing
[23:09:37] <pnkfelix> acrichto: which led me to just wonder why we require it at all
[23:09:43] <pnkfelix> acrichto: but its not a big deal
[23:10:05] <acrichto> ah I could also just turn it off
[23:10:21] <acrichto> I only turned it on b/c I expect there to be whining to arise at some point otherwise
[23:19:40] *** Quits: jdm (jdm@moz-mu9.06r.98.75.IP) (Quit: )
[23:22:49] *** Quits: gal (gal@moz-naf20h.ujol.1ibb.0101.2620.IP) (Client exited)
[23:23:10] *** terrence is now known as terrence-bbiab
[23:28:30] <pnkfelix> acrichto: yeah its possible people would whine
[23:28:54] *** Joins: gal (gal@moz-1497fq.ujol.1ibb.0101.2620.IP)
[23:28:57] <pnkfelix> acrichto: I know my intuitions tend to be bad when it comes to this sort of thing
[23:33:25] *** Quits: gal (gal@moz-1497fq.ujol.1ibb.0101.2620.IP) (Client exited)
[23:35:06] *** Quits: faramarz (faramarz@moz-cfhap5.mtv2.mozilla.com) (Client exited)
[23:35:47] *** Joins: faramarz (faramarz@moz-cfhap5.mtv2.mozilla.com)
[23:42:01] *** Quits: faramarz (faramarz@moz-cfhap5.mtv2.mozilla.com) (Client exited)
[23:42:37] *** nrc is now known as nrc|afk
[23:44:56] *** Joins: roc (chatzilla@moz-h8ll9b.dqqd.b0fh.0cb0.2001.IP)
[23:59:20] *** Quits: azita (Azita@moz-cfhap5.mtv2.mozilla.com) (Client exited)
