[00:04:20] <dpc> :q
[00:09:53] *** Joins: stjahns (stjahns@moz-9oh245.ed.shawcable.net)
[00:11:46] *** Joins: brson (brson@moz-s4rjel.tmodns.net)
[00:13:55] *** Quits: stjahns (stjahns@moz-9oh245.ed.shawcable.net) (Ping timeout: 121 seconds)
[00:16:32] *** Quits: mceier (mceier@moz-fm89sb.dynamic.chello.pl) (Ping timeout: 121 seconds)
[00:17:23] *** Joins: matp (matp@moz-rvt9hl.matp.at)
[00:18:36] *** Joins: mceier (mceier@moz-fm89sb.dynamic.chello.pl)
[00:19:36] *** Quits: brson (brson@moz-s4rjel.tmodns.net) (Quit: leaving)
[00:23:06] *** Quits: mceier (mceier@moz-fm89sb.dynamic.chello.pl) (Ping timeout: 121 seconds)
[00:26:12] *** Quits: indefini (chris@moz-qefu0l.ocn.ne.jp) (Ping timeout: 121 seconds)
[00:26:22] *** Joins: dougxxx (dougxxx@moz-0js00c.iinet.net.au)
[00:29:23] *** Joins: Astrum|Lap (Astrum|Lap@moz-skcefh.co.comcast.net)
[00:32:09] *** Joins: Kingsquee (kingsley@moz-qq7ns6.bchsia.telus.net)
[00:32:14] *** Quits: ty (ty@moz-i6c4to.wa.comcast.net) (Quit: leaving)
[00:33:23] *** Quits: KdotPNG (KdotJPG@moz-mo6u72.ncstate.net) (Ping timeout: 121 seconds)
[00:46:11] *** Joins: KdotPNG (KdotJPG@moz-qjdum2.ncstate.net)
[00:46:51] *** Joins: alexggordon (alexggordon@moz-4q0f8f.cable.rcn.com)
[00:50:07] *** Joins: Feyn (Feyn@moz-uov.13t.115.42.IP)
[00:56:16] *** Joins: nodweber (nodweber@moz-knt.fgq.178.5.IP)
[00:56:33] *** Joins: lenstr (lenstr@moz-50s.vju.25.171.IP)
[00:57:07] *** Quits: lenstr (lenstr@moz-50s.vju.25.171.IP) (A TLS packet with unexpected length was received.)
[00:57:23] *** Joins: lenstr (lenstr@moz-50s.vju.25.171.IP)
[00:58:18] *** Quits: lenstr (lenstr@moz-50s.vju.25.171.IP) (A TLS packet with unexpected length was received.)
[00:58:34] *** Quits: erickt (erickt@moz-4hh.6p3.217.74.IP) (Ping timeout: 121 seconds)
[00:59:02] *** Joins: erickt (erickt@moz-4hh.6p3.217.74.IP)
[01:00:38] *** Quits: nodweber (nodweber@moz-knt.fgq.178.5.IP) (Ping timeout: 121 seconds)
[01:00:49] *** Joins: Guest74 (textual@moz-lmfinb.fios.verizon.net)
[01:01:42] *** Quits: alexggordon (alexggordon@moz-4q0f8f.cable.rcn.com) (Quit: Lost terminal)
[01:03:35] *** Quits: erickt (erickt@moz-4hh.6p3.217.74.IP) (Ping timeout: 121 seconds)
[01:04:02] *** Joins: bojo (bojo@moz-lnv.5ph.126.65.IP)
[01:06:58] *** Joins: bdero (bran@moz-216hqv.oo5r.e4su.0006.2601.IP)
[01:09:43] *** Quits: dougxxx (dougxxx@moz-0js00c.iinet.net.au) (Quit: Leaving...)
[01:10:07] *** Joins: kvark (Mibbit@moz-8egann.cpe.pppoe.ca)
[01:10:40] *** Joins: stjahns (stjahns@moz-9oh245.ed.shawcable.net)
[01:14:42] *** Quits: stjahns (stjahns@moz-9oh245.ed.shawcable.net) (Ping timeout: 121 seconds)
[01:18:33] *** Joins: mceier (mceier@moz-fm89sb.dynamic.chello.pl)
[01:23:36] *** Joins: summerlight (summerlight@moz-99k.2mj.130.121.IP)
[01:27:22] *** Quits: KdotPNG (KdotJPG@moz-qjdum2.ncstate.net) (Ping timeout: 121 seconds)
[01:37:13] *** Quits: Layl (Layl@moz-65hqmf.direct-adsl.nl) (Quit: Leaving)
[01:42:53] *** Quits: dmac__ (dmac@moz-h4nvlf.ca.comcast.net) (Ping timeout: 121 seconds)
[01:43:18] *** Joins: Twinklebear (Twinklebear@moz-ttrcn3.ut.comcast.net)
[01:51:36] *** Joins: dpc_ (dpc@moz-t6gr4b.ca.comcast.net)
[01:58:52] *** Joins: lenstr (lenstr@moz-50s.vju.25.171.IP)
[01:59:28] *** Quits: lenstr (lenstr@moz-50s.vju.25.171.IP) (A TLS packet with unexpected length was received.)
[01:59:40] *** Quits: dpc_ (dpc@moz-t6gr4b.ca.comcast.net) (Ping timeout: 121 seconds)
[01:59:43] *** Joins: lenstr (lenstr@moz-50s.vju.25.171.IP)
[02:00:38] *** Quits: lenstr (lenstr@moz-50s.vju.25.171.IP) (A TLS packet with unexpected length was received.)
[02:05:35] *** Joins: tinaun (tinaun@moz-7l08ds.ct.comcast.net)
[02:06:34] *** Joins: dmac (dmac@moz-2ig65r.ca.comcast.net)
[02:09:25] *** Joins: SiegeLord (sl@moz-9jtaei.ca.comcast.net)
[02:16:43] *** Joins: KdotPNG (KdotJPG@moz-qjdum2.ncstate.net)
[02:17:00] *** Quits: kimundi (kimundi@moz-c1dstv.dip0.t-ipconnect.de) (Ping timeout: 121 seconds)
[02:18:00] *** Joins: kimundi (kimundi@moz-plsk15.dip0.t-ipconnect.de)
[02:22:28] *** kimundi is now known as zz_kimundi
[02:30:03] *** zz_kimundi is now known as kimundi
[02:35:22] *** Joins: stjahns (stjahns@moz-9oh245.ed.shawcable.net)
[02:36:49] *** Joins: dpc_ (dpc@moz-t6gr4b.ca.comcast.net)
[02:39:24] *** Quits: stjahns (stjahns@moz-9oh245.ed.shawcable.net) (Ping timeout: 121 seconds)
[02:49:17] *** Quits: matp (matp@moz-rvt9hl.matp.at) (Ping timeout: 121 seconds)
[02:52:46] *** Quits: dpc_ (dpc@moz-t6gr4b.ca.comcast.net) (Ping timeout: 121 seconds)
[02:52:51] *** Joins: sambotron (sambotron@moz-nao11s.ca.comcast.net)
[03:01:12] *** Joins: lenstr (lenstr@moz-50s.vju.25.171.IP)
[03:01:21] *** Joins: p1start (p1start@moz-nftjhe.org)
[03:01:36] *** Joins: matp (matp@moz-rvt9hl.matp.at)
[03:01:48] *** Quits: lenstr (lenstr@moz-50s.vju.25.171.IP) (A TLS packet with unexpected length was received.)
[03:01:58] *** Joins: lenstr (lenstr@moz-50s.vju.25.171.IP)
[03:02:58] *** Quits: lenstr (lenstr@moz-50s.vju.25.171.IP) (A TLS packet with unexpected length was received.)
[03:03:48] *** Joins: dpc_ (dpc@moz-t6gr4b.ca.comcast.net)
[03:17:49] *** Joins: mib_d6c2eb (Mibbit@moz-mj9a77.anteldata.net.uy)
[03:21:29] *** Quits: Guest74 (textual@moz-lmfinb.fios.verizon.net) (Quit: My Mac has gone to sleep. ZZZzzz…)
[03:32:02] *** Quits: dpc_ (dpc@moz-t6gr4b.ca.comcast.net) (Ping timeout: 121 seconds)
[03:33:31] *** Joins: stjahns (stjahns@moz-9oh245.ed.shawcable.net)
[03:36:12] *** Joins: acharles (acharles@moz-ldt.et5.188.67.IP)
[03:37:34] *** Quits: stjahns (stjahns@moz-9oh245.ed.shawcable.net) (Ping timeout: 121 seconds)
[03:37:46] *** Quits: orangeshark (erik@moz-c0mrfq.44tj.56ot.0306.2602.IP) (Ping timeout: 121 seconds)
[03:40:35] *** Quits: mib_d6c2eb (Mibbit@moz-mj9a77.anteldata.net.uy) (Quit: http://www.mibbit.com ajax IRC Client)
[03:40:47] *** Joins: orangeshark (erik@moz-k0gv3p.44tj.56ot.0306.2602.IP)
[03:41:48] *** Quits: p1start (p1start@moz-nftjhe.org) (Ping timeout: 121 seconds)
[03:42:01] *** Joins: nodweber (nodweber@moz-knt.fgq.178.5.IP)
[03:42:12] *** Joins: indefini (indefini@moz-4p4v25.ucom.ne.jp)
[03:46:21] *** Quits: nodweber (nodweber@moz-knt.fgq.178.5.IP) (Ping timeout: 121 seconds)
[03:47:23] *** Quits: Wild_Cat (Max@moz-na0tak.dsl.teksavvy.com) (Ping timeout: 121 seconds)
[03:50:10] *** Joins: dmac__ (dmac@moz-2ig65r.ca.comcast.net)
[04:00:30] *** Joins: nodweber (nodweber@moz-knt.fgq.178.5.IP)
[04:03:19] *** Joins: lenstr (lenstr@moz-50s.vju.25.171.IP)
[04:04:09] *** Quits: lenstr (lenstr@moz-50s.vju.25.171.IP) (A TLS packet with unexpected length was received.)
[04:04:15] *** Joins: lenstr (lenstr@moz-50s.vju.25.171.IP)
[04:04:50] *** Quits: sambotron (sambotron@moz-nao11s.ca.comcast.net) (Connection closed)
[04:05:17] *** Quits: lenstr (lenstr@moz-50s.vju.25.171.IP) (A TLS packet with unexpected length was received.)
[04:05:24] *** Joins: sambotron (sambotron@moz-nao11s.ca.comcast.net)
[04:09:27] *** Quits: sambotron (sambotron@moz-nao11s.ca.comcast.net) (Ping timeout: 121 seconds)
[04:12:01] *** Joins: sambotron (sambotron@moz-nao11s.ca.comcast.net)
[04:13:08] *** Quits: dmac__ (dmac@moz-2ig65r.ca.comcast.net) (Ping timeout: 121 seconds)
[04:21:45] *** Quits: saml_ (saml@moz-rkfmct.res.rr.com) (Connection closed)
[04:25:29] *** Quits: orangeshark (erik@moz-k0gv3p.44tj.56ot.0306.2602.IP) (Quit: Leaving)
[04:34:14] *** Joins: stjahns (stjahns@moz-9oh245.ed.shawcable.net)
[04:37:41] *** Joins: dpc_ (dpc@moz-t6gr4b.ca.comcast.net)
[04:38:16] *** Quits: stjahns (stjahns@moz-9oh245.ed.shawcable.net) (Ping timeout: 121 seconds)
[04:43:24] *** Quits: mark_edward (mark@moz-dg4mrp.in.comcast.net) (Connection closed)
[04:43:45] *** Joins: jaen (jaen@moz-ifmik2.copit.pl)
[04:50:32] *** Joins: mark_edward (mark@moz-dg4mrp.in.comcast.net)
[04:51:02] *** Quits: dpc_ (dpc@moz-t6gr4b.ca.comcast.net) (Ping timeout: 121 seconds)
[04:55:06] *** Quits: kvark (Mibbit@moz-8egann.cpe.pppoe.ca) (Quit: http://www.mibbit.com ajax IRC Client)
[04:59:34] *** Quits: Astrum|Lap (Astrum|Lap@moz-skcefh.co.comcast.net) (Client exited)
[05:01:40] *** Joins: mindtree (Mitch@moz-utrp9f.iprimus.net.au)
[05:05:39] *** Joins: lenstr (lenstr@moz-50s.vju.25.171.IP)
[05:06:26] *** Quits: lenstr (lenstr@moz-50s.vju.25.171.IP) (A TLS packet with unexpected length was received.)
[05:06:32] *** Joins: lenstr (lenstr@moz-50s.vju.25.171.IP)
[05:06:45] *** Joins: dpc_ (dpc@moz-t6gr4b.ca.comcast.net)
[05:07:41] *** Quits: lenstr (lenstr@moz-50s.vju.25.171.IP) (A TLS packet with unexpected length was received.)
[05:13:14] *** Quits: Thorn (Thorn@moz-gfo.20c.107.217.IP) (Quit: Quit)
[05:17:07] *** Joins: p1start (p1start@moz-nftjhe.org)
[05:21:40] *** Joins: skitoo (Thunderbird@moz-urd0va.fbx.proxad.net)
[05:22:25] *** Quits: dpc_ (dpc@moz-t6gr4b.ca.comcast.net) (Ping timeout: 121 seconds)
[05:28:38] *** Quits: brandonson (brandonson@moz-04bj5s.cs.ubc.ca) (Ping timeout: 121 seconds)
[05:33:44] *** Quits: skitoo (Thunderbird@moz-urd0va.fbx.proxad.net) (Ping timeout: 121 seconds)
[05:34:31] *** Quits: Gamecubic (cubic@moz-qfrl13.mc.videotron.ca) (Quit: Leaving)
[05:35:00] *** Joins: stjahns (stjahns@moz-9oh245.ed.shawcable.net)
[05:37:03] *** Joins: erickt (erickt@moz-njt.vqi.14.76.IP)
[05:39:02] *** Quits: stjahns (stjahns@moz-9oh245.ed.shawcable.net) (Ping timeout: 121 seconds)
[05:41:15] *** Quits: Tobba (Tobba@moz-o13d22.bredband.telia.com) (Ping timeout: 121 seconds)
[05:42:09] *** Joins: Astrum|Lap (Astrum|Lap@moz-skcefh.co.comcast.net)
[05:50:39] *** Quits: O01eg (o01eg@moz-s2e8si.8uoq.4n8f.2698.2a02.IP) (Client exited)
[05:54:30] *** Joins: m104ru (m104ru@moz-j4k.8g6.153.93.IP)
[05:57:56] *** Joins: James (quassel@moz-9kp9p2.range86-148.btcentralplus.com)
[05:58:03] *** Quits: niconii (nicole@moz-isj0f9.frgo.qwest.net) (Quit: leaving)
[05:58:43] *** Quits: SiegeLord (sl@moz-9jtaei.ca.comcast.net) (Quit: It's a joke, it's all a joke.)
[06:00:36] *** Joins: SneakySnake (nya@moz-i9is4u.pool.telekom.hu)
[06:04:24] *** Joins: squiddy (squiddy@moz-md4.pm3.19.178.IP)
[06:08:02] *** Joins: lenstr (lenstr@moz-50s.vju.25.171.IP)
[06:08:51] *** Quits: lenstr (lenstr@moz-50s.vju.25.171.IP) (A TLS packet with unexpected length was received.)
[06:09:04] *** Joins: lenstr (lenstr@moz-50s.vju.25.171.IP)
[06:09:29] *** Quits: Twinklebear (Twinklebear@moz-ttrcn3.ut.comcast.net) (Quit: Leaving)
[06:10:00] *** Quits: lenstr (lenstr@moz-50s.vju.25.171.IP) (A TLS packet with unexpected length was received.)
[06:14:03] *** Quits: jxs (joaoxsouls@moz-odlbq5.fcsh.unl.pt) (Ping timeout: 121 seconds)
[06:21:13] *** Joins: jxs (joaoxsouls@moz-odlbq5.fcsh.unl.pt)
[06:22:36] *** Quits: fmtq (fmtq@moz-d08itp.tpgi.com.au) (Ping timeout: 121 seconds)
[06:22:46] *** Quits: erickt (erickt@moz-njt.vqi.14.76.IP) (Ping timeout: 121 seconds)
[06:24:32] *** Joins: fmtq (fmtq@moz-d08itp.tpgi.com.au)
[06:26:07] *** Joins: gonzaloserrano (Adium@moz-nrl.6hf.231.77.IP)
[06:27:18] *** Quits: gonzaloserrano (Adium@moz-nrl.6hf.231.77.IP) (Quit: Leaving.)
[06:31:31] *** Joins: erz (erz@moz-83ijfr.broadband.corbina.ru)
[06:32:25] *** Joins: gonzaloserrano (Adium@moz-nrl.6hf.231.77.IP)
[06:35:44] *** Joins: stjahns (stjahns@moz-9oh245.ed.shawcable.net)
[06:39:46] *** Quits: stjahns (stjahns@moz-9oh245.ed.shawcable.net) (Ping timeout: 121 seconds)
[06:41:36] *** Quits: Astrum|Lap (Astrum|Lap@moz-skcefh.co.comcast.net) (Client exited)
[06:43:36] *** Joins: sillesta (sillesta@moz-501od2.business.telia.com)
[06:45:13] *** Quits: mithsv (mithsv@moz-gahb71.dynamic.caiway.nl) (Quit: )
[06:46:11] *** Joins: bluss (bluss@moz-ec5o68.cust.bredbandsbolaget.se)
[06:47:02] *** Joins: Tobba|Laptop (Tobba@moz-1hh.7ki.21.217.IP)
[06:48:57] *** Joins: lenstr (lenstr@moz-50s.vju.25.171.IP)
[06:54:06] *** Joins: flabbergaster (Mibbit@moz-mj9a77.anteldata.net.uy)
[06:55:58] *** Quits: James (quassel@moz-9kp9p2.range86-148.btcentralplus.com) (Ping timeout: 121 seconds)
[06:56:36] *** Joins: hhhhhhhhhh (mike@moz-969kuj.cable.virginm.net)
[06:59:38] *** Joins: OmniMancer (OmniMancer@moz-6m1jrb.xtra.co.nz)
[07:01:00] *** Quits: flabbergaster (Mibbit@moz-mj9a77.anteldata.net.uy) (Quit: http://www.mibbit.com ajax IRC Client)
[07:08:23] *** Joins: aepsil0n (eduard@moz-8h7njb.hsi8.kabel-badenwuerttemberg.de)
[07:16:39] *** Quits: sambotron (sambotron@moz-nao11s.ca.comcast.net) (Connection closed)
[07:18:35] *** Quits: summerlight (summerlight@moz-99k.2mj.130.121.IP) (Ping timeout: 121 seconds)
[07:23:43] *** Joins: stjahns (stjahns@moz-9oh245.ed.shawcable.net)
[07:34:29] *** Quits: lenstr (lenstr@moz-50s.vju.25.171.IP) (Connection closed)
[07:34:50] *** Joins: lenstr (lenstr@moz-50s.vju.25.171.IP)
[07:35:05] *** Joins: Skyler (Skyler@moz-rv949t.sd.cox.net)
[07:43:02] *** Quits: hhhhhhhhhh (mike@moz-969kuj.cable.virginm.net) (Quit: WeeChat 1.1.1)
[07:45:01] *** Quits: gonzaloserrano (Adium@moz-nrl.6hf.231.77.IP) (Quit: Leaving.)
[07:46:12] *** Quits: Tobba|Laptop (Tobba@moz-1hh.7ki.21.217.IP) (Connection closed)
[07:47:42] *** Joins: bjz (bjz@moz-b43.1aa.161.202.IP)
[07:48:11] *** Quits: bjz (bjz@moz-b43.1aa.161.202.IP) (Connection closed)
[07:48:45] *** Quits: aatch (james@moz-4tpcve.pd7t.fvcm.e000.2406.IP) (Connection closed)
[07:53:44] *** Joins: sambotron (sambotron@moz-nao11s.ca.comcast.net)
[07:54:58] *** Joins: Tobba|Laptop (Tobba@moz-1hh.7ki.21.217.IP)
[07:57:47] *** Quits: sambotron (sambotron@moz-nao11s.ca.comcast.net) (Ping timeout: 121 seconds)
[08:03:30] *** Quits: fmtq (fmtq@moz-d08itp.tpgi.com.au) (Ping timeout: 121 seconds)
[08:04:58] *** Joins: mithsv (mithsv@moz-hba.ris.89.145.IP)
[08:05:10] *** Quits: nodweber (nodweber@moz-knt.fgq.178.5.IP) (A TLS packet with unexpected length was received.)
[08:05:13] *** Joins: fmtq (fmtq@moz-d08itp.tpgi.com.au)
[08:06:42] *** Joins: summerlight (summerlight@moz-99k.2mj.130.121.IP)
[08:07:54] <Kingsquee> http://i.imgur.com/znSLqSf.png work continues
[08:12:09] *** Quits: Feyn (Feyn@moz-uov.13t.115.42.IP) (Ping timeout: 121 seconds)
[08:17:01] *** Joins: bjz (bjz@moz-4l6.mjm.52.113.IP)
[08:24:55] *** Quits: bjz (bjz@moz-4l6.mjm.52.113.IP) (Ping timeout: 121 seconds)
[08:24:57] *** Joins: Feyn (Feyn@moz-pd4.k93.115.42.IP)
[08:34:11] *** Quits: Boscop (me@moz-5ac.5rj.126.98.IP) (Ping timeout: 121 seconds)
[08:35:58] *** Joins: gonzaloserrano (Adium@moz-1nv.3t7.97.62.IP)
[08:36:27] *** Joins: genbattle (genbattle@moz-n5c2kc.xtra.co.nz)
[08:36:58] *** Quits: gonzaloserrano (Adium@moz-1nv.3t7.97.62.IP) (Quit: Leaving.)
[08:38:07] *** Joins: gonzaloserrano (Adium@moz-1nv.3t7.97.62.IP)
[08:43:40] *** Quits: mithsv (mithsv@moz-hba.ris.89.145.IP) (Connection closed)
[08:44:02] *** Joins: mithsv (mithsv@moz-hba.ris.89.145.IP)
[08:47:42] *** Joins: Layl (Mibbit@moz-iachg4.sdb.prolocation.net)
[08:48:36] *** Quits: mindtree (Mitch@moz-utrp9f.iprimus.net.au) (Ping timeout: 121 seconds)
[08:56:38] *** Joins: bjz (bjz@moz-puppgq.tpgi.com.au)
[08:58:32] *** Quits: dmac (dmac@moz-2ig65r.ca.comcast.net) (Connection closed)
[08:59:20] *** Joins: dmac__ (dmac@moz-2ig65r.ca.comcast.net)
[09:03:26] *** Quits: dmac__ (dmac@moz-2ig65r.ca.comcast.net) (Ping timeout: 121 seconds)
[09:04:54] *** Joins: aatch (james@moz-is4j4r.cable.telstraclear.net)
[09:05:55] *** Joins: nodweber (nodweber@moz-knt.fgq.178.5.IP)
[09:06:42] *** Quits: stjahns (stjahns@moz-9oh245.ed.shawcable.net) (Connection closed)
[09:07:04] *** Joins: stjahns (stjahns@moz-9oh245.ed.shawcable.net)
[09:09:51] *** Quits: Kingsquee (kingsley@moz-qq7ns6.bchsia.telus.net) (Ping timeout: 121 seconds)
[09:10:15] *** Quits: nodweber (nodweber@moz-knt.fgq.178.5.IP) (Ping timeout: 121 seconds)
[09:11:06] *** Quits: stjahns (stjahns@moz-9oh245.ed.shawcable.net) (Ping timeout: 121 seconds)
[09:17:17] *** Quits: Skyler (Skyler@moz-rv949t.sd.cox.net) (Ping timeout: 121 seconds)
[09:22:09] *** Quits: fmtq (fmtq@moz-d08itp.tpgi.com.au) (Ping timeout: 121 seconds)
[09:24:00] *** Joins: fmtq (fmtq@moz-d08itp.tpgi.com.au)
[09:26:16] *** Quits: m104ru (m104ru@moz-j4k.8g6.153.93.IP) (Ping timeout: 121 seconds)
[09:29:53] *** kimundi is now known as zz_kimundi
[09:39:57] *** Joins: sambotron (sambotron@moz-nao11s.ca.comcast.net)
[09:43:36] *** Joins: nical (nical@moz-kb9udq.lmuk.1rfi.0450.2001.IP)
[09:44:00] *** Quits: sambotron (sambotron@moz-nao11s.ca.comcast.net) (Ping timeout: 121 seconds)
[09:53:33] *** Joins: nodweber_ (nodweber@moz-knt.fgq.178.5.IP)
[09:55:45] *** Joins: mindtree (Mitch@moz-utrp9f.iprimus.net.au)
[09:57:39] *** Quits: KdotPNG (KdotJPG@moz-qjdum2.ncstate.net) (Ping timeout: 121 seconds)
[10:00:05] *** Joins: dmac__ (dmac@moz-2ig65r.ca.comcast.net)
[10:00:42] *** Joins: tcurdt (tcurdt@moz-jie27v.dip0.t-ipconnect.de)
[10:04:11] *** Quits: dmac__ (dmac@moz-2ig65r.ca.comcast.net) (Ping timeout: 121 seconds)
[10:20:00] *** Quits: genbattle (genbattle@moz-n5c2kc.xtra.co.nz) (Quit: Leaving)
[10:24:00] *** Joins: lenstr_ (lenstr@moz-45l.vju.25.171.IP)
[10:24:41] *** Joins: libfud (libfud@moz-p2rb38.eph2.ptd.net)
[10:25:53] *** Quits: lenstr (lenstr@moz-50s.vju.25.171.IP) (Ping timeout: 121 seconds)
[10:30:02] *** Quits: Layl (Mibbit@moz-iachg4.sdb.prolocation.net) (Quit: http://www.mibbit.com ajax IRC Client)
[10:43:26] *** Joins: Layl (Mibbit@moz-iachg4.sdb.prolocation.net)
[10:43:52] *** Joins: skitoo (Thunderbird@moz-urd0va.fbx.proxad.net)
[10:46:10] *** Joins: sambotron (sambotron@moz-nao11s.ca.comcast.net)
[10:50:13] *** Quits: sambotron (sambotron@moz-nao11s.ca.comcast.net) (Ping timeout: 121 seconds)
[10:51:10] *** Joins: KdotPNG (KdotJPG@moz-qjdum2.ncstate.net)
[10:55:41] *** Joins: kmcguire (kmcguire@moz-pg1gb9.biz.rr.com)
[11:00:29] *** Quits: fmtq (fmtq@moz-d08itp.tpgi.com.au) (Ping timeout: 121 seconds)
[11:00:52] *** Joins: dmac__ (dmac@moz-2ig65r.ca.comcast.net)
[11:03:47] *** Joins: fmtq (fmtq@moz-d08itp.tpgi.com.au)
[11:04:57] *** Quits: dmac__ (dmac@moz-2ig65r.ca.comcast.net) (Ping timeout: 121 seconds)
[11:08:56] *** Joins: Boscop (me@moz-eed.0c9.164.61.IP)
[11:13:03] *** Quits: Boscop (me@moz-eed.0c9.164.61.IP) (Ping timeout: 121 seconds)
[11:21:05] *** Joins: untitaker (untitaker@moz-nov94a.highway.telekom.at)
[11:22:54] *** Quits: bojo (bojo@moz-lnv.5ph.126.65.IP) (Ping timeout: 121 seconds)
[11:26:03] *** Quits: gonzaloserrano (Adium@moz-1nv.3t7.97.62.IP) (Quit: Leaving.)
[11:45:27] *** Joins: sambotron (sambotron@moz-nao11s.ca.comcast.net)
[11:47:05] *** Joins: gonzaloserrano (Adium@moz-1nv.3t7.97.62.IP)
[11:49:30] *** Quits: sambotron (sambotron@moz-nao11s.ca.comcast.net) (Ping timeout: 121 seconds)
[11:50:32] *** Quits: mindtree (Mitch@moz-utrp9f.iprimus.net.au) (Ping timeout: 121 seconds)
[11:51:32] *** Joins: ZRM (ZRM@moz-cqlnnu.cam.ac.uk)
[11:51:35] *** Joins: mindtree (Mitch@moz-s5jqp8.iprimus.net.au)
[11:54:06] *** Joins: Wild_Cat (Max@moz-ijo.rq2.175.184.IP)
[11:54:20] *** Quits: gonzaloserrano (Adium@moz-1nv.3t7.97.62.IP) (Quit: Leaving.)
[11:57:27] *** Quits: indefini (indefini@moz-4p4v25.ucom.ne.jp) (Connection closed)
[11:58:55] *** Joins: ytain (ytain@moz-aope4o.dsl.teksavvy.com)
[12:00:00] *** Joins: bojo (bojo@moz-lnv.5ph.126.65.IP)
[12:00:56] *** Quits: mindtree (Mitch@moz-s5jqp8.iprimus.net.au) (Ping timeout: 121 seconds)
[12:01:36] *** Joins: dmac__ (dmac@moz-2ig65r.ca.comcast.net)
[12:02:08] *** Joins: Skyler (Skyler@moz-rv949t.sd.cox.net)
[12:03:33] <ZRM> Does anyone know how to draw without attributes bound with Glium? Something that translates to glDrawArrays with no bound attribute arrays? This is useful for when vertex positions are generated in the shader from the gl_VertexID, not input buffers. tomaka?
[12:05:41] *** Quits: dmac__ (dmac@moz-2ig65r.ca.comcast.net) (Ping timeout: 121 seconds)
[12:05:54] <tomaka> Not possible :(
[12:06:01] <tomaka> but it's just the API that's missing
[12:06:04] *** Joins: mindtree (Mitch@moz-s5jqp8.iprimus.net.au)
[12:08:35] <tomaka> ZRM: please open an issue, I don't have time to handle this right now
[12:11:06] *** Quits: mithsv (mithsv@moz-hba.ris.89.145.IP) (Quit: )
[12:11:19] *** Joins: tokamach (tom@moz-e7d.sks.218.2.IP)
[12:16:08] <ZRM> tomaka: Ok, thanks. Will do.
[12:16:39] <Layl> are there any docs available for freetype-rs
[12:18:38] *** Quits: KdotPNG (KdotJPG@moz-qjdum2.ncstate.net) (Ping timeout: 121 seconds)
[12:22:15] *** zz_kimundi is now known as kimundi
[12:22:48] *** Quits: nodweber_ (nodweber@moz-knt.fgq.178.5.IP) (Connection closed)
[12:24:13] *** Quits: OmniMancer (OmniMancer@moz-6m1jrb.xtra.co.nz) (Quit: Leaving.)
[12:25:48] *** Joins: nodweber (nodweber@moz-knt.fgq.178.5.IP)
[12:26:45] *** Quits: nodweber (nodweber@moz-knt.fgq.178.5.IP) (A TLS packet with unexpected length was received.)
[12:26:55] *** Joins: nodweber (nodweber@moz-knt.fgq.178.5.IP)
[12:29:24] *** Quits: ZRM (ZRM@moz-cqlnnu.cam.ac.uk) (Client exited)
[12:31:00] *** Quits: bojo (bojo@moz-lnv.5ph.126.65.IP) (Ping timeout: 121 seconds)
[12:33:10] *** Quits: Wild_Cat (Max@moz-ijo.rq2.175.184.IP) (Connection closed)
[12:34:58] *** Quits: RCIX (RCIX@moz-vnmep7.ph.cox.net) (Ping timeout: 121 seconds)
[12:36:40] *** Joins: skeuomorf (skeuomorf@moz-pl7.u9l.32.197.IP)
[12:36:50] *** Quits: lenstr_ (lenstr@moz-45l.vju.25.171.IP) (A TLS packet with unexpected length was received.)
[12:44:22] *** Joins: Binero (jeroen@moz-91joat.69vi.s4ge.1810.2a02.IP)
[12:46:25] *** Joins: sambotron (sambotron@moz-nao11s.ca.comcast.net)
[12:46:39] <Layl> just a note for any piston devs, freetype-rs' single glyph example panic!()s on "j"
[12:47:58] *** Quits: Tobba|Laptop (Tobba@moz-1hh.7ki.21.217.IP) (Ping timeout: 121 seconds)
[12:50:28] *** Quits: sambotron (sambotron@moz-nao11s.ca.comcast.net) (Ping timeout: 121 seconds)
[12:53:34] *** Joins: twipeD (wipeD@moz-p7rcqf.dip0.t-ipconnect.de)
[12:54:31] *** Joins: lenstr (lenstr@moz-45l.vju.25.171.IP)
[13:00:20] *** Quits: SneakySnake (nya@moz-i9is4u.pool.telekom.hu) (Connection closed)
[13:02:21] *** Joins: dmac__ (dmac@moz-2ig65r.ca.comcast.net)
[13:06:27] *** Quits: dmac__ (dmac@moz-2ig65r.ca.comcast.net) (Ping timeout: 121 seconds)
[13:09:35] <Binero> Does anyone here know if Mesa has an IRC channel? 
[13:12:35] *** Quits: lenstr (lenstr@moz-45l.vju.25.171.IP) (A TLS packet with unexpected length was received.)
[13:13:21] <ytain> Binero http://www.mesa3d.org/lists.html
[13:13:43] <Binero> ytain: ah, thanks, didn't think of looking inside the mailing list :)
[13:16:30] *** Quits: twipeD (wipeD@moz-p7rcqf.dip0.t-ipconnect.de) (Quit: G'bye)
[13:22:21] *** Quits: Feyn (Feyn@moz-pd4.k93.115.42.IP) (Quit: Leaving)
[13:27:22] *** Quits: Layl (Mibbit@moz-iachg4.sdb.prolocation.net) (Quit: http://www.mibbit.com ajax IRC Client)
[13:27:51] *** kimundi is now known as zz_kimundi
[13:28:50] *** Joins: mithsv (mithsv@moz-gahb71.dynamic.caiway.nl)
[13:29:18] *** Joins: indefini (chris@moz-qefu0l.ocn.ne.jp)
[13:30:39] *** Quits: mindtree (Mitch@moz-s5jqp8.iprimus.net.au) (Ping timeout: 121 seconds)
[13:34:54] *** Joins: mindtree (Mitch@moz-ha2ne1.iprimus.net.au)
[13:42:19] *** Quits: p1start (p1start@moz-nftjhe.org) (Ping timeout: 121 seconds)
[13:42:39] *** Joins: kvark (Mibbit@moz-p3c.rcb.221.216.IP)
[13:45:27] *** Joins: Potpourri (Mibbit@moz-dlc.28t.24.213.IP)
[13:46:43] *** Quits: nodweber (nodweber@moz-knt.fgq.178.5.IP) (A TLS packet with unexpected length was received.)
[13:50:18] *** Joins: Guest74 (textual@moz-lmfinb.fios.verizon.net)
[13:50:48] *** Joins: stjahns (stjahns@moz-9oh245.ed.shawcable.net)
[13:54:57] *** Joins: SneakySnake (nya@moz-i9is4u.pool.telekom.hu)
[13:55:34] *** Joins: Tobba (Tobba@moz-o13d22.bredband.telia.com)
[13:58:51] *** Joins: nodweber (nodweber@moz-knt.fgq.178.5.IP)
[14:00:52] *** Quits: stjahns (stjahns@moz-9oh245.ed.shawcable.net) (Connection closed)
[14:01:13] *** Joins: stjahns (stjahns@moz-9oh245.ed.shawcable.net)
[14:03:08] *** Joins: dmac__ (dmac@moz-2ig65r.ca.comcast.net)
[14:04:28] *** Joins: stjahns_ (stjahns@moz-9oh245.ed.shawcable.net)
[14:04:37] *** Quits: stjahns (stjahns@moz-9oh245.ed.shawcable.net) (Connection closed)
[14:07:14] *** Quits: dmac__ (dmac@moz-2ig65r.ca.comcast.net) (Ping timeout: 121 seconds)
[14:08:17] *** Quits: tokamach (tom@moz-e7d.sks.218.2.IP) (Ping timeout: 121 seconds)
[14:12:56] *** Joins: lenstr (lenstr@moz-45l.vju.25.171.IP)
[14:13:48] *** Quits: aatch (james@moz-is4j4r.cable.telstraclear.net) (Ping timeout: 121 seconds)
[14:14:06] *** Quits: lenstr (lenstr@moz-45l.vju.25.171.IP) (A TLS packet with unexpected length was received.)
[14:14:18] *** Joins: lenstr (lenstr@moz-45l.vju.25.171.IP)
[14:15:25] *** Quits: lenstr (lenstr@moz-45l.vju.25.171.IP) (A TLS packet with unexpected length was received.)
[14:16:14] *** Quits: Guest74 (textual@moz-lmfinb.fios.verizon.net) (Quit: My Mac has gone to sleep. ZZZzzz…)
[14:16:15] *** Joins: Guest74 (textual@moz-lmfinb.fios.verizon.net)
[14:16:16] *** Quits: Guest74 (textual@moz-lmfinb.fios.verizon.net) (Connection closed)
[14:31:03] *** Joins: Rym (y@moz-rmaga4.range86-187.btcentralplus.com)
[14:31:51] *** Joins: bojo (bojo@moz-qu1lgv.odvg.2hof.0000.2601.IP)
[14:32:57] *** Quits: nodweber (nodweber@moz-knt.fgq.178.5.IP) (A TLS packet with unexpected length was received.)
[14:34:47] *** Joins: sambotron (sambotron@moz-nao11s.ca.comcast.net)
[14:35:58] *** zz_kimundi is now known as kimundi
[14:38:50] *** Quits: sambotron (sambotron@moz-nao11s.ca.comcast.net) (Ping timeout: 121 seconds)
[14:40:06] *** Joins: lenstr (lenstr@moz-45l.vju.25.171.IP)
[14:40:28] *** Joins: nodweber (nodweber@moz-knt.fgq.178.5.IP)
[14:51:56] *** Joins: palodequeso (quassel@moz-ebjt83.hfc.comcastbusiness.net)
[14:57:57] *** Quits: nical (nical@moz-kb9udq.lmuk.1rfi.0450.2001.IP) (Ping timeout: 121 seconds)
[15:01:02] *** Quits: nodweber (nodweber@moz-knt.fgq.178.5.IP) (Quit: Leaving...)
[15:01:56] *** Joins: nical (nical@moz-k1bds5.2500.1rfi.0450.2001.IP)
[15:03:53] *** Joins: dmac__ (dmac@moz-2ig65r.ca.comcast.net)
[15:05:41] <mtsr> kvark: From what I saw fibe-rs is currently single-threaded. Are you planning on adding something like a task-pool with priority-based task-scheduling and task-stealing?
[15:06:27] <kvark> mtsr: fibe-rs spawns a thread for each task
[15:06:44] <mtsr> oh, must have misread then
[15:06:56] <kvark> https://github.com/kvark/fibe-rs/blob/master/src/back.rs#L58
[15:07:11] <mtsr> So you're not planning on scheduling, just on user spawning the correct number of fibers?
[15:07:15] <kvark> a thread pool would be nice though - https://github.com/kvark/fibe-rs/issues/3
[15:07:46] <kvark> well, I wanted to get something close to Naughty Dog fibers
[15:07:54] <kvark> made a first prototype, which worked
[15:07:59] *** Quits: dmac__ (dmac@moz-2ig65r.ca.comcast.net) (Ping timeout: 121 seconds)
[15:08:03] <kvark> and then csherratt has rewritten everything with pulse :)
[15:08:21] <mtsr> Lot of contention though. And do note that Naughty Dog fibers != threads, they are scheduled on threads.
[15:08:33] <mtsr> From how I read the presentation anyway.
[15:08:44] <kvark> mtsr: yes, I understand
[15:09:17] <kvark> the current prototype is very basic. I merely dipped my toes into concurrent programming
[15:10:18] *** Joins: Guest74 (textual@moz-il1.n6s.204.65.IP)
[15:10:48] <mtsr> No worries, I thought it was awesome, was just wondering.
[15:10:51] <kvark> mtsr: contributions are welcome :)
[15:11:07] <mtsr> Yeah, I imagine, this is going to be a bit of work to get perfect :)
[15:11:46] <kvark> my plan was 1) get a prototype with future-compatible interface 2) use it in a real app 3) improve the fibe-rs implementation while tracking the real app performance
[15:11:57] *** Joins: Lilly (Lilly@moz-pfkvo9.bredband.comhem.se)
[15:12:04] <kvark> adding artificial benchmarks would also work, but it's less fun
[15:12:53] <mtsr> I'm considering how I can use it.
[15:13:14] <mtsr> Not really getting a lot of development time in recently, though.
[15:14:26] <kvark> mtsr: yeah, my time decreased as well. Besides, I started about new 3 projects in the past week or two. Never did my attention span jump so quickly
[15:14:33] <mtsr> haha
[15:15:00] <sillesta> you started RON?
[15:15:16] <kvark> https://github.com/kvark/ron and https://github.com/kvark/grid-rs
[15:15:21] <mtsr> I'm still finding some time for game design when waiting for stuff, but not a lot for implementation. So my project keeps shifting in that sense. Luckily they'll all need a little bit of engine work.
[15:15:40] <kvark> "started" is a bit too bold to say :) but grid-rs is already working and used in Claymore
[15:16:05] <kvark> mtsr: I expect your game design to be perfect then ;)
[15:16:22] <mtsr> haha, I wish
[15:17:12] <mtsr> Have you considered using something like Lua as a format for scene structure?
[15:17:30] <mtsr> In case you're interested in integrating a script language anyway, you could reuse that, anyway.
[15:17:31] <kvark> I don't know Lua. Let me see how it fits...
[15:17:52] <kvark> mtsr: you are going to compete with tomaka's hlua?
[15:18:12] <mtsr> No, I would actually use it. Not at the point where I need it yet, though :(
[15:18:16] <kvark> mtsr: could you translate my example (in the ron/README) into Lua?
[15:18:31] *** Joins: bojo1 (bojo@moz-qu1lgv.odvg.2hof.0000.2601.IP)
[15:18:35] *** Quits: bojo (bojo@moz-qu1lgv.odvg.2hof.0000.2601.IP) (Connection closed)
[15:19:46] *** Joins: Astrum|Lap (Astrum|Lap@moz-skcefh.co.comcast.net)
[15:19:56] *** Joins: Layl (Mibbit@moz-evo.b4p.133.85.IP)
[15:20:14] *** Quits: stjahns_ (stjahns@moz-9oh245.ed.shawcable.net) (Connection closed)
[15:20:14] *** Quits: Binero (jeroen@moz-91joat.69vi.s4ge.1810.2a02.IP) (Client exited)
[15:20:19] <mtsr> kvark: I suspect is will have the same issue as JSON, since it shares the principle of the 'table' doing everything (array, map, set, etc)
[15:20:28] <kvark> right
[15:20:40] *** Joins: stjahns (stjahns@moz-9oh245.ed.shawcable.net)
[15:21:31] *** Joins: twipeD (wipeD@moz-p7rcqf.dip0.t-ipconnect.de)
[15:21:39] *** Quits: twipeD (wipeD@moz-p7rcqf.dip0.t-ipconnect.de) (Connection closed)
[15:22:04] <Layl> heya kvark, quick question, freetype-rs with gfx, I can just drop in the bytes from freetype's bitmap right?
[15:22:05] <mtsr> It's just that if you're integrating a script language for scripting, it's just so convenient
[15:22:43] *** Quits: squiddy (squiddy@moz-md4.pm3.19.178.IP) (Quit: Leaving)
[15:24:43] *** Quits: stjahns (stjahns@moz-9oh245.ed.shawcable.net) (Ping timeout: 121 seconds)
[15:26:56] *** Joins: brson (brson@moz-cfhap5.mtv2.mozilla.com)
[15:29:20] *** Joins: SiegeLord (sl@moz-9jtaei.ca.comcast.net)
[15:30:06] *** Quits: phil (phil@moz-dn3.n44.243.162.IP) (Quit: ZNC - http://znc.in)
[15:32:40] <kvark> Layl: you should be able to. I don't think you are the only one using freetype-rs. See https://github.com/PistonDevelopers/gfx_graphics/blob/master/src/glyph.rs
[15:32:42] *** Quits: Layl (Mibbit@moz-evo.b4p.133.85.IP) (Quit: http://www.mibbit.com ajax IRC Client)
[15:33:06] <kvark> Layl: I figured that your solution to the logging was entirely impossible... after I implemented it and it was merged
[15:33:12] *** Joins: phil (phil@moz-dn3.n44.243.162.IP)
[15:34:17] <kvark> mtsr: I guess so. So far I don't feel the need to script things. Rust gives me enough expressiveness. If only the build times were better...
[15:37:43] *** Joins: niconii (nicole@moz-isj0f9.frgo.qwest.net)
[15:41:03] *** Quits: mindtree (Mitch@moz-ha2ne1.iprimus.net.au) (Ping timeout: 121 seconds)
[15:43:07] *** Joins: mindtree (Mitch@moz-ep9kl6.iprimus.net.au)
[16:00:15] *** Joins: Gamecubic (cubic@moz-qfrl13.mc.videotron.ca)
[16:01:39] *** Quits: tcurdt (tcurdt@moz-jie27v.dip0.t-ipconnect.de) (Quit: Textual IRC Client: www.textualapp.com)
[16:03:28] *** Quits: lenstr (lenstr@moz-45l.vju.25.171.IP) (A TLS packet with unexpected length was received.)
[16:04:37] *** Joins: dmac__ (dmac@moz-2ig65r.ca.comcast.net)
[16:08:43] *** Quits: dmac__ (dmac@moz-2ig65r.ca.comcast.net) (Ping timeout: 121 seconds)
[16:12:36] *** Joins: erickt (erickt@moz-4hh.6p3.217.74.IP)
[16:16:12] *** Joins: sambotron (sambotron@moz-nao11s.ca.comcast.net)
[16:20:33] *** Quits: indefini (chris@moz-qefu0l.ocn.ne.jp) (Connection closed)
[16:28:29] *** Quits: Astrum|Lap (Astrum|Lap@moz-skcefh.co.comcast.net) (Client exited)
[16:29:14] *** Quits: SiegeLord (sl@moz-9jtaei.ca.comcast.net) (Quit: It's a joke, it's all a joke.)
[16:31:13] *** Joins: O01eg (o01eg@moz-cud.37c.212.176.IP)
[16:33:34] <tomaka> image's broken on nightly because of #[deprecated] attributes :-/
[16:33:54] <tomaka> nalgebra has been fixed 4 days ago, but the fix is not yet published :-/
[16:35:04] *** Joins: mib_a9tr57 (Mibbit@moz-mol.4ra.239.216.IP)
[16:35:09] *** Quits: mib_a9tr57 (Mibbit@moz-mol.4ra.239.216.IP) (Quit: http://www.mibbit.com ajax IRC Client)
[16:35:25] *** Joins: stjahns (stjahns@moz-9oh245.ed.shawcable.net)
[16:40:56] *** Joins: Binero (jeroen@moz-91joat.69vi.s4ge.1810.2a02.IP)
[16:48:15] *** Joins: tokamach (tom@moz-e7d.sks.218.2.IP)
[16:49:18] *** Joins: pcwalton (pcwalton@moz-nh2.o1i.216.216.IP)
[16:55:02] *** Joins: lenstr (lenstr@moz-45l.vju.25.171.IP)
[17:00:13] *** Joins: Astrum|Lap (Astrum|Lap@moz-7enfbr.co.comcast.net)
[17:05:28] *** Quits: summerlight (summerlight@moz-99k.2mj.130.121.IP) (Ping timeout: 121 seconds)
[17:11:59] *** Quits: Guest74 (textual@moz-il1.n6s.204.65.IP) (Quit: My Mac has gone to sleep. ZZZzzz…)
[17:13:01] *** Joins: hhhhhhhhhh (mike@moz-969kuj.cable.virginm.net)
[17:18:51] *** Joins: dmac__ (dmac@moz-h4nvlf.ca.comcast.net)
[17:20:35] *** Quits: libfud (libfud@moz-p2rb38.eph2.ptd.net) (Ping timeout: 121 seconds)
[17:20:40] *** Joins: Guest74 (textual@moz-il1.n6s.204.65.IP)
[17:21:49] *** Quits: pcwalton (pcwalton@moz-nh2.o1i.216.216.IP) (Client exited)
[17:29:02] *** Quits: mindtree (Mitch@moz-ep9kl6.iprimus.net.au) (Ping timeout: 121 seconds)
[17:35:14] *** Quits: nical (nical@moz-k1bds5.2500.1rfi.0450.2001.IP) (Connection closed)
[17:36:35] *** Joins: mindtree (Mitch@moz-ep9kl6.iprimus.net.au)
[17:43:53] *** Joins: davebettin (davebettin@moz-hde.5e5.136.67.IP)
[17:44:03] *** Joins: jensnockert (jensnockert@moz-kqmfiv.cust.tele2.se)
[17:46:33] *** Quits: skitoo (Thunderbird@moz-urd0va.fbx.proxad.net) (Connection closed)
[17:46:35] *** Joins: skitoo (Thunderbird@moz-urd0va.fbx.proxad.net)
[17:49:19] *** Quits: ofeldt (ofeldt@moz-an4rqc.dip0.t-ipconnect.de) (Ping timeout: 121 seconds)
[17:54:37] *** Quits: simias (simias@moz-hesd72.svkt.org) (Quit: leaving)
[17:55:18] *** Joins: ofeldt (ofeldt@moz-0n5bpt.dip0.t-ipconnect.de)
[18:08:49] *** Quits: Rym (y@moz-rmaga4.range86-187.btcentralplus.com) (Ping timeout: 121 seconds)
[18:09:12] *** Joins: FrozenCow (FrozenCow@moz-i2tvv4.chello.nl)
[18:10:30] *** Quits: jensnockert (jensnockert@moz-kqmfiv.cust.tele2.se) (Connection closed)
[18:11:20] *** Joins: pcwalton (pcwalton@moz-l8ebtf.sfo1.mozilla.com)
[18:12:29] *** Joins: foodoo (foodoo@moz-n1d54i.dyn.telefonica.de)
[18:43:29] *** Quits: SneakySnake (nya@moz-i9is4u.pool.telekom.hu) (Quit: Leaving)
[18:43:31] *** Joins: Rym (y@moz-rmaga4.range86-187.btcentralplus.com)
[18:44:16] *** Joins: Tobba|Laptop (Tobba@moz-o13d22.bredband.telia.com)
[18:48:24] *** Quits: Tobba|Laptop (Tobba@moz-o13d22.bredband.telia.com) (Ping timeout: 121 seconds)
[18:51:01] *** Joins: SneakySnake (nya@moz-i9is4u.pool.telekom.hu)
[19:01:10] *** Quits: mindtree (Mitch@moz-ep9kl6.iprimus.net.au) (Ping timeout: 121 seconds)
[19:07:15] *** Quits: Esption (Esption@moz-3gitvr.dynamic.tds.net) (Quit: Leaving)
[19:09:22] *** Joins: James (quassel@moz-9kp9p2.range86-148.btcentralplus.com)
[19:09:31] *** Joins: hhhhhhhh1 (mike@moz-969kuj.cable.virginm.net)
[19:09:59] *** Quits: mithsv (mithsv@moz-gahb71.dynamic.caiway.nl) (Quit: )
[19:11:24] *** Joins: Esption (Esption@moz-3gitvr.dynamic.tds.net)
[19:20:14] *** Quits: Potpourri (Mibbit@moz-dlc.28t.24.213.IP) (Quit: http://www.mibbit.com ajax IRC Client)
[19:24:41] *** Joins: mithsv (mithsv@moz-gahb71.dynamic.caiway.nl)
[19:25:08] *** Joins: p1start (p1start@moz-nftjhe.org)
[19:33:43] *** Quits: Guest74 (textual@moz-il1.n6s.204.65.IP) (Quit: My Mac has gone to sleep. ZZZzzz…)
[19:33:58] *** Joins: Guest74 (textual@moz-il1.n6s.204.65.IP)
[19:36:35] *** Quits: ytain (ytain@moz-aope4o.dsl.teksavvy.com) (Quit: Textual IRC Client: www.textualapp.com)
[19:39:09] *** Quits: p1start (p1start@moz-nftjhe.org) (Ping timeout: 121 seconds)
[19:42:36] *** Quits: aepsil0n (eduard@moz-8h7njb.hsi8.kabel-badenwuerttemberg.de) (Connection closed)
[19:45:51] *** Quits: hhhhhhhh1 (mike@moz-969kuj.cable.virginm.net) (Quit: WeeChat 1.1.1)
[19:49:20] *** Quits: hhhhhhhhhh (mike@moz-969kuj.cable.virginm.net) (Quit: WeeChat 1.1.1)
[19:49:49] *** Quits: Binero (jeroen@moz-91joat.69vi.s4ge.1810.2a02.IP) (Client exited)
[19:53:57] *** Parts: foodoo (foodoo@moz-n1d54i.dyn.telefonica.de) ()
[20:02:20] *** kimundi is now known as zz_kimundi
[20:07:36] *** Quits: untitaker (untitaker@moz-nov94a.highway.telekom.at) (Ping timeout: 121 seconds)
[20:10:29] *** Quits: qrlpx (smuxi@moz-n7t.3nb.211.95.IP) (Ping timeout: 121 seconds)
[20:10:45] *** Joins: pct (Mibbit@moz-tpjl46.co.comcast.net)
[20:10:58] <kvark> sillesta: RON encoding is done: https://gist.github.com/kvark/f952e29d0c40ae6933cb
[20:11:07] <kvark> decoding is going to be way more challenging though
[20:14:49] *** Joins: untitaker (untitaker@moz-nov94a.highway.telekom.at)
[20:20:24] *** Joins: hhhhhhhhhh (mike@moz-969kuj.cable.virginm.net)
[20:23:16] *** Joins: genbattle (genbattle@moz-4v0.gkd.16.182.IP)
[20:32:58] *** Joins: hhhhhhhh1 (mike@moz-969kuj.cable.virginm.net)
[20:33:06] *** Quits: hhhhhhhh1 (mike@moz-969kuj.cable.virginm.net) (Quit: WeeChat 1.1.1)
[20:45:48] *** Joins: qrlpx (smuxi@moz-mprnm8.dip0.t-ipconnect.de)
[20:45:55] *** Joins: KdotPNG (KdotJPG@moz-0bh9fp.ncstate.net)
[20:51:00] *** Joins: Kingsquee (kingsley@moz-qq7ns6.bchsia.telus.net)
[20:57:19] *** Quits: pcwalton (pcwalton@moz-l8ebtf.sfo1.mozilla.com) (Client exited)
[20:59:03] *** Joins: pcwalton (pcwalton@moz-l8ebtf.sfo1.mozilla.com)
[20:59:25] *** Joins: RCIX (RCIX@moz-vnmep7.ph.cox.net)
[20:59:26] *** Quits: palodequeso (quassel@moz-ebjt83.hfc.comcastbusiness.net) (Ping timeout: 121 seconds)
[21:08:42] *** Quits: hhhhhhhhhh (mike@moz-969kuj.cable.virginm.net) (Quit: WeeChat 1.1.1)
[21:10:45] *** Joins: mithsv_ (mithsv@moz-gahb71.dynamic.caiway.nl)
[21:11:56] *** Quits: lenstr (lenstr@moz-45l.vju.25.171.IP) (A TLS packet with unexpected length was received.)
[21:12:12] *** Joins: lenstr (lenstr@moz-45l.vju.25.171.IP)
[21:13:54] *** Quits: mithsv (mithsv@moz-gahb71.dynamic.caiway.nl) (Ping timeout: 121 seconds)
[21:15:22] *** Quits: jaen (jaen@moz-ifmik2.copit.pl) (Connection closed)
[21:21:02] *** Quits: Guest74 (textual@moz-il1.n6s.204.65.IP) (Quit: My Mac has gone to sleep. ZZZzzz…)
[21:26:15] *** Quits: pct (Mibbit@moz-tpjl46.co.comcast.net) (Quit: http://www.mibbit.com ajax IRC Client)
[21:26:16] *** Quits: kmcguire (kmcguire@moz-pg1gb9.biz.rr.com) (Connection closed)
[21:26:53] *** Joins: kmcguire (kmcguire@moz-pg1gb9.biz.rr.com)
[21:31:46] *** Joins: Guest74 (textual@moz-il1.n6s.204.65.IP)
[21:34:30] *** Joins: pA (pA@moz-a9ke4h.hsi10.unitymediagroup.de)
[21:34:51] *** Quits: FrozenCow (FrozenCow@moz-i2tvv4.chello.nl) (Connection closed)
[21:35:45] *** Quits: pA (pA@moz-a9ke4h.hsi10.unitymediagroup.de) (Quit: (null))
[21:45:11] *** Joins: AngelOfSol (AngelOfSol@moz-dj58kc.rh.rit.edu)
[21:50:52] <sillesta> kvark: awesome :)
[21:51:50] *** Quits: qrlpx (smuxi@moz-mprnm8.dip0.t-ipconnect.de) (Ping timeout: 121 seconds)
[21:53:26] <kvark> encoding is just short of 350 LOC. not too scary :D
[21:53:45] *** Quits: skitoo (Thunderbird@moz-urd0va.fbx.proxad.net) (Ping timeout: 121 seconds)
[21:53:49] *** Quits: lenstr (lenstr@moz-45l.vju.25.171.IP) (A TLS packet with unexpected length was received.)
[21:55:18] *** Quits: silven (quassel@moz-0roor3.priv.bahnhof.se) (Ping timeout: 121 seconds)
[21:55:31] *** Joins: brandonson (brandonson@moz-04bj5s.cs.ubc.ca)
[21:55:42] *** Joins: silven (quassel@moz-0roor3.priv.bahnhof.se)
[21:56:49] *** Joins: qrlpx (smuxi@moz-n7t.3nb.211.95.IP)
[21:58:15] *** Quits: Guest74 (textual@moz-il1.n6s.204.65.IP) (Quit: My Mac has gone to sleep. ZZZzzz…)
[21:59:23] <sillesta> i feel like writing a raytracer in rust
[22:00:00] <kvark> sillesta: I want this too
[22:00:23] <sillesta> heh, i'm going to be so busy the coming weeks
[22:02:56] *** Joins: jensnockert (jensnockert@moz-kqmfiv.cust.tele2.se)
[22:03:43] *** Quits: bjz (bjz@moz-puppgq.tpgi.com.au) (Quit: My Mac has gone to sleep. ZZZzzz…)
[22:11:22] *** Joins: SerialVelocity (SerialVeloc@moz-attia0.cable.virginm.net)
[22:18:41] *** Quits: bojo1 (bojo@moz-qu1lgv.odvg.2hof.0000.2601.IP) (Ping timeout: 121 seconds)
[22:27:47] *** Quits: sillesta (sillesta@moz-501od2.business.telia.com) (Ping timeout: 121 seconds)
[22:28:19] *** Quits: Astrum|Lap (Astrum|Lap@moz-7enfbr.co.comcast.net) (Client exited)
[22:29:52] *** Joins: hhhhhhhhhh (mike@moz-969kuj.cable.virginm.net)
[22:29:54] *** Quits: KdotPNG (KdotJPG@moz-0bh9fp.ncstate.net) (Ping timeout: 121 seconds)
[22:31:41] *** Quits: davebettin (davebettin@moz-hde.5e5.136.67.IP) (Ping timeout: 121 seconds)
[22:32:15] *** Quits: Lilly (Lilly@moz-pfkvo9.bredband.comhem.se) (Quit: bajs)
[22:32:23] *** Quits: erz (erz@moz-83ijfr.broadband.corbina.ru) (Quit: My Mac has gone to sleep. ZZZzzz…)
[22:34:29] *** Quits: Rym (y@moz-rmaga4.range86-187.btcentralplus.com) (Ping timeout: 121 seconds)
[22:40:23] *** Quits: Kingsquee (kingsley@moz-qq7ns6.bchsia.telus.net) (Ping timeout: 121 seconds)
[22:41:56] *** Quits: erickt (erickt@moz-4hh.6p3.217.74.IP) (Ping timeout: 121 seconds)
[22:43:41] *** Joins: orangeshark (erik@moz-vqc8io.44tj.56ot.0306.2602.IP)
[22:48:23] *** Quits: James (quassel@moz-9kp9p2.range86-148.btcentralplus.com) (Ping timeout: 121 seconds)
[22:49:46] *** Joins: Rym (y@moz-rmaga4.range86-187.btcentralplus.com)
[22:50:47] *** Joins: summerlight (summerlight@moz-99k.2mj.130.121.IP)
[22:54:18] *** Quits: tokamach (tom@moz-e7d.sks.218.2.IP) (Ping timeout: 121 seconds)
[22:54:41] *** Joins: lenstr (lenstr@moz-45l.vju.25.171.IP)
[22:55:30] *** Joins: Kingsquee (kingsley@moz-qq7ns6.bchsia.telus.net)
[22:57:20] *** Quits: SerialVelocity (SerialVeloc@moz-attia0.cable.virginm.net) (Quit: My Mac has gone to sleep. ZZZzzz…)
[22:58:44] *** Quits: lenstr (lenstr@moz-45l.vju.25.171.IP) (Ping timeout: 121 seconds)
[22:59:38] *** Quits: summerlight (summerlight@moz-99k.2mj.130.121.IP) (Ping timeout: 121 seconds)
[23:00:57] *** Joins: Wild_Cat (Max@moz-ijo.rq2.175.184.IP)
[23:01:59] *** Quits: SneakySnake (nya@moz-i9is4u.pool.telekom.hu) (Connection closed)
[23:05:21] *** Quits: genbattle (genbattle@moz-4v0.gkd.16.182.IP) (Ping timeout: 121 seconds)
[23:09:54] *** Quits: ofeldt (ofeldt@moz-0n5bpt.dip0.t-ipconnect.de) (Ping timeout: 121 seconds)
[23:10:24] *** Joins: aatch (james@moz-is4j4r.cable.telstraclear.net)
[23:11:09] *** Quits: kvark (Mibbit@moz-p3c.rcb.221.216.IP) (Quit: http://www.mibbit.com ajax IRC Client)
[23:12:00] *** Joins: ofeldt (ofeldt@moz-jgkd9t.dip0.t-ipconnect.de)
[23:15:52] *** Quits: kmcguire (kmcguire@moz-pg1gb9.biz.rr.com) (Ping timeout: 121 seconds)
[23:27:02] *** Joins: stjahns_ (stjahns@moz-9oh245.ed.shawcable.net)
[23:32:12] *** Quits: stjahns_ (stjahns@moz-9oh245.ed.shawcable.net) (Connection closed)
[23:32:18] *** Joins: erickt (erickt@moz-4hh.6p3.217.74.IP)
[23:40:21] *** Joins: bojo1 (bojo@moz-lnv.5ph.126.65.IP)
[23:47:38] *** Quits: bluss (bluss@moz-ec5o68.cust.bredbandsbolaget.se) (Ping timeout: 121 seconds)
[23:50:03] *** Joins: ytain (ytain@moz-aope4o.dsl.teksavvy.com)
[23:52:17] *** Quits: brson (brson@moz-cfhap5.mtv2.mozilla.com) (Quit: leaving)
[23:53:04] *** Quits: RCIX (RCIX@moz-vnmep7.ph.cox.net) (Ping timeout: 121 seconds)
[23:53:07] *** Joins: brson (brson@moz-h4f.m43.48.37.IP)
[23:59:00] *** Joins: mib_7k128j (Mibbit@moz-0i6.780.198.207.IP)
[23:59:08] *** Quits: mib_7k128j (Mibbit@moz-0i6.780.198.207.IP) (Quit: http://www.mibbit.com ajax IRC Client)
