[00:01:47] *** Quits: cjones (cjones@moz-ljujh0.ca.comcast.net) (Client exited)
[00:05:26] *** Joins: brson (brson@moz-8uhedf.tmodns.net)
[00:05:26] *** ChanServ sets mode: +o brson
[00:05:30] *** Quits: brson (brson@moz-8uhedf.tmodns.net) (Quit: leaving)
[00:55:27] *** khuey is now known as khuey|away
[01:08:29] *** terrence is now known as terrence-afk
[01:13:33] *** Quits: mchang (mchang@moz-q472sa.res.rr.com) (Client exited)
[01:22:22] *** Joins: tadh (quassel@moz-88tk3f.res.rr.com)
[01:24:05] *** Quits: pcwalton (pcwalton@moz-l8ebtf.sfo1.mozilla.com) (Client exited)
[01:31:47] *** khuey|away is now known as khuey
[02:09:39] *** Joins: cjones (cjones@moz-ljujh0.ca.comcast.net)
[02:16:02] *** Joins: pcwalton (pcwalton@moz-6kjabm.ca.comcast.net)
[02:16:02] *** ChanServ sets mode: +o pcwalton
[02:16:10] *** Quits: pcwalton (pcwalton@moz-6kjabm.ca.comcast.net) (Client exited)
[02:55:37] *** Quits: reqshark (reqshark@moz-4bnjr4.static.wiline.com) (Quit: Be back later ...)
[02:59:44] *** Quits: roc (chatzilla@moz-h8ll9b.dqqd.b0fh.0cb0.2001.IP) (Connection closed)
[03:42:05] *** Joins: reqshark (reqshark@moz-rle2ne.ca.comcast.net)
[03:42:39] *** Quits: tadh (quassel@moz-88tk3f.res.rr.com) (Ping timeout: 121 seconds)
[03:43:20] *** Joins: tadh (quassel@moz-88tk3f.res.rr.com)
[03:45:46] *** Quits: m_khvoinitsky (quassel@moz-bkl6sn.d57a.lq23.04f8.2a01.IP) (Connection closed)
[03:46:47] *** Quits: khuey (khuey@moz-no0.93r.245.63.IP) (Ping timeout: 121 seconds)
[03:47:58] *** Joins: roc (chatzilla@moz-ftb6vg.orcon.net.nz)
[03:57:11] *** Quits: roc (chatzilla@moz-ftb6vg.orcon.net.nz) (Connection closed)
[03:59:48] *** Joins: m_khvoinitsky (quassel@moz-bkl6sn.d57a.lq23.04f8.2a01.IP)
[04:21:55] *** Joins: azakai|2 (alon@moz-l3ofdg.sntcca.sbcglobal.net)
[04:27:37] *** Quits: cjones (cjones@moz-ljujh0.ca.comcast.net) (Client exited)
[04:33:31] *** Joins: cjones (cjones@moz-ljujh0.ca.comcast.net)
[04:36:29] *** Quits: cjones (cjones@moz-ljujh0.ca.comcast.net) (Client exited)
[04:56:45] *** Quits: jschuster (schuster@moz-n100gq.ma.comcast.net) (*.net *.split)
[04:56:45] *** Quits: yury (yury@moz-i7uuvr.ok.cox.net) (*.net *.split)
[04:56:45] *** Quits: jj2baile (jon@moz-e3f93l.csclub.uwaterloo.ca) (*.net *.split)
[04:56:45] *** Quits: derf (derf@moz-797sd4.fios.verizon.net) (*.net *.split)
[04:56:45] *** Quits: vstamour` (user@moz-03gv4a.ccs.neu.edu) (*.net *.split)
[04:56:45] *** Quits: ScottMichaud (ScottMichau@moz-ddoo12.cpe.pppoe.ca) (*.net *.split)
[04:56:45] *** Quits: Luqman (laden@moz-bjmiqc.csclub.uwaterloo.ca) (*.net *.split)
[04:56:45] *** Quits: mmun (mmun@moz-iar.moo.170.107.IP) (*.net *.split)
[04:56:45] *** Quits: tadh (quassel@moz-88tk3f.res.rr.com) (*.net *.split)
[04:56:45] *** Quits: tdfischer (tdfischer@hackerbots.net) (*.net *.split)
[04:56:45] *** Quits: vstamour (user@moz-4bevfq.cable.rcn.com) (*.net *.split)
[04:56:45] *** Quits: naveed (nihsanullah@moz-cohb2i.fios.verizon.net) (*.net *.split)
[04:57:04] *** Joins: naveed (nihsanullah@moz-cohb2i.fios.verizon.net)
[04:57:04] *** Joins: tdfischer (tdfischer@hackerbots.net)
[04:57:04] *** Joins: vstamour (user@moz-4bevfq.cable.rcn.com)
[04:57:04] *** Joins: mmun (mmun@moz-iar.moo.170.107.IP)
[04:57:04] *** Joins: Luqman (laden@moz-bjmiqc.csclub.uwaterloo.ca)
[04:57:04] *** Joins: derf (derf@moz-797sd4.fios.verizon.net)
[04:57:04] *** Joins: jj2baile (jon@moz-e3f93l.csclub.uwaterloo.ca)
[04:57:04] *** Joins: vstamour` (user@moz-03gv4a.ccs.neu.edu)
[04:57:04] *** Joins: tadh (quassel@moz-88tk3f.res.rr.com)
[04:57:04] *** Joins: yury (yury@moz-i7uuvr.ok.cox.net)
[04:57:04] *** Joins: ScottMichaud (ScottMichau@moz-ddoo12.cpe.pppoe.ca)
[04:57:04] *** Joins: jschuster (schuster@moz-n100gq.ma.comcast.net)
[04:57:08] *** Joins: ScottMichaud_ (ScottMichau@moz-ddoo12.cpe.pppoe.ca)
[04:59:54] *** Quits: ScottMichaud (ScottMichau@moz-ddoo12.cpe.pppoe.ca) (Ping timeout: 121 seconds)
[05:19:08] *** Joins: cjones (cjones@moz-ljujh0.ca.comcast.net)
[05:19:49] *** Joins: mbx (textual@moz-d9isok.ca.comcast.net)
[05:30:43] *** Quits: tadh (quassel@moz-88tk3f.res.rr.com) (Connection closed)
[05:48:44] *** Quits: dustinm` (dustinm@moz-1c1j82.fu2o.sj0n.5300.2607.IP) (Ping timeout: 121 seconds)
[05:50:08] *** Joins: khuey (khuey@moz-no0.93r.245.63.IP)
[05:53:45] *** Joins: ddamjano (Instantbird@moz-qspbg3.ehig.7h68.8388.2a02.IP)
[06:19:28] *** Joins: Dexter (Alessio@moz-c7qhmb.retail.telecomitalia.it)
[06:20:12] *** Quits: Dexter (Alessio@moz-c7qhmb.retail.telecomitalia.it) (Connection closed)
[06:20:41] *** Quits: cjones (cjones@moz-ljujh0.ca.comcast.net) (Client exited)
[06:34:48] *** Joins: dustinm` (dustinm@moz-es6jb7.ip-167-114-152.net)
[06:46:07] *** Quits: ddamjano (Instantbird@moz-qspbg3.ehig.7h68.8388.2a02.IP) (Ping timeout: 121 seconds)
[06:54:45] <Manishearth> aturon: GC? Rust is getting a GC? :D
[07:24:58] *** Joins: pnkfelix (pnkfelix@moz-eljppb.fbx.proxad.net)
[07:25:14] *** Quits: pnkfelix (pnkfelix@moz-eljppb.fbx.proxad.net) (Quit: rcirc on GNU Emacs 24.5.1)
[07:25:30] *** Joins: pnkfelix (pnkfelix@moz-eljppb.fbx.proxad.net)
[08:16:29] *** Joins: oldskirt_ (oldskirt@moz-lmjetg.dip0.t-ipconnect.de)
[08:16:38] *** Quits: oldskirt (oldskirt@moz-8dmd39.dip0.t-ipconnect.de) (Ping timeout: 121 seconds)
[08:59:35] *** Joins: ddamjano (Instantbird@moz-qspbg3.ehig.7h68.8388.2a02.IP)
[09:13:32] *** Quits: pnkfelix (pnkfelix@moz-eljppb.fbx.proxad.net) (Ping timeout: 121 seconds)
[09:21:23] *** Joins: roc (chatzilla@moz-r8l.q1h.203.131.IP)
[10:12:46] *** Joins: till (till@moz-aj41qp.dyn.telefonica.de)
[10:21:09] *** Quits: mbx (textual@moz-d9isok.ca.comcast.net) (Quit: My Mac has gone to sleep. ZZZzzz…)
[10:25:54] *** Joins: pnkfelix (pnkfelix@moz-71m.3nd.202.89.IP)
[10:53:08] *** Joins: Dexter (Alessio@moz-tqh.obq.235.95.IP)
[11:02:24] *** oldskirt_ is now known as oldskirt
[13:39:58] *** Joins: jdm (jdm@moz-ilbt2e.cable.teksavvy.com)
[14:00:22] *** Quits: pnkfelix (pnkfelix@moz-71m.3nd.202.89.IP) (Quit: rcirc on GNU Emacs 24.5.1)
[14:01:08] *** Joins: pnkfelix (pnkfelix@moz-6v5.3nd.202.89.IP)
[14:05:57] *** Quits: till (till@moz-aj41qp.dyn.telefonica.de) (Ping timeout: 121 seconds)
[14:41:36] *** Joins: tadh (quassel@moz-88tk3f.res.rr.com)
[14:46:00] *** vstamour is now known as vstamour``
[14:53:13] *** Joins: stamourv (stamourv@moz-6qv.21j.236.104.IP)
[14:54:42] *** Quits: reqshark (reqshark@moz-rle2ne.ca.comcast.net) (Quit: Be back later ...)
[14:57:04] *** Joins: till (till@moz-aj41qp.dyn.telefonica.de)
[15:09:10] *** Quits: pnkfelix (pnkfelix@moz-6v5.3nd.202.89.IP) (Ping timeout: 121 seconds)
[15:37:49] *** Joins: brson (brson@moz-l8ebtf.sfo1.mozilla.com)
[15:37:49] *** ChanServ sets mode: +o brson
[15:48:54] *** Joins: reqshark (reqshark@moz-4bnjr4.static.wiline.com)
[15:58:58] *** Quits: azakai|2 (alon@moz-l3ofdg.sntcca.sbcglobal.net) (Quit: Ex-Chat)
[16:03:56] *** Quits: tadh (quassel@moz-88tk3f.res.rr.com) (Connection closed)
[16:09:01] *** Joins: mbx (textual@moz-d9isok.ca.comcast.net)
[16:13:27] *** Joins: pnkfelix (pnkfelix@moz-71m.3nd.202.89.IP)
[16:31:40] *** Joins: jweathersby (Adium@moz-7349po.ip.windstream.net)
[16:32:31] *** Quits: pnkfelix (pnkfelix@moz-71m.3nd.202.89.IP) (Quit: rcirc on GNU Emacs 24.5.1)
[16:42:40] *** Joins: mccr8 (mccr8@moz-cfhap5.mtv2.mozilla.com)
[16:44:25] *** terrence-afk is now known as terrence
[16:56:51] *** Joins: azakai (alon@moz-aif0ft.ujol.1ibb.0101.2620.IP)
[17:03:30] *** Joins: ehsan (ehsan@moz-i5m.05u.207.66.IP)
[17:09:06] *** Joins: pcwalton (pcwalton@moz-l8ebtf.sfo1.mozilla.com)
[17:09:06] *** ChanServ sets mode: +o pcwalton
[17:16:54] *** Quits: mbx (textual@moz-d9isok.ca.comcast.net) (Quit: My Mac has gone to sleep. ZZZzzz…)
[17:35:03] *** Quits: Dexter (Alessio@moz-tqh.obq.235.95.IP) (Quit: Leaving)
[17:36:54] *** Quits: stamourv (stamourv@moz-6qv.21j.236.104.IP) (Quit: ZNC - http://znc.in)
[17:42:00] *** Quits: ehsan (ehsan@moz-i5m.05u.207.66.IP) (A TLS packet with unexpected length was received.)
[17:44:25] *** Joins: ehsan (ehsan@moz-i5m.05u.207.66.IP)
[17:46:50] *** Joins: pnkfelix (pnkfelix@moz-eljppb.fbx.proxad.net)
[17:48:13] *** Joins: mbx (textual@moz-l8ebtf.sfo1.mozilla.com)
[17:57:48] *** Quits: brson (brson@moz-l8ebtf.sfo1.mozilla.com) (Ping timeout: 121 seconds)
[17:59:58] *** Joins: brson (brson@moz-u3dg2t.sfo1.mozilla.com)
[17:59:58] *** ChanServ sets mode: +o brson
[18:00:06] *** Joins: tadh (quassel@moz-pg51s5.CWRU.Edu)
[18:09:24] *** Joins: stamourv (stamourv@moz-6qv.21j.236.104.IP)
[18:09:31] *** Joins: mchang (mchang@moz-q472sa.res.rr.com)
[18:38:02] *** Quits: stamourv (stamourv@moz-6qv.21j.236.104.IP) (Quit: ZNC - http://znc.in)
[18:41:08] *** Quits: ddamjano (Instantbird@moz-qspbg3.ehig.7h68.8388.2a02.IP) (Ping timeout: 121 seconds)
[18:41:32] *** Joins: vstamour (vstamour@moz-6qv.21j.236.104.IP)
[18:47:12] *** Quits: mbx (textual@moz-l8ebtf.sfo1.mozilla.com) (Quit: My Mac has gone to sleep. ZZZzzz…)
[18:49:34] *** Quits: pnkfelix (pnkfelix@moz-eljppb.fbx.proxad.net) (Quit: rcirc on GNU Emacs 24.5.1)
[18:54:14] *** Quits: pcwalton (pcwalton@moz-l8ebtf.sfo1.mozilla.com) (Client exited)
[18:54:31] *** Quits: brson (brson@moz-u3dg2t.sfo1.mozilla.com) (Ping timeout: 121 seconds)
[18:56:47] *** Joins: pcwalton (pcwalton@moz-l8ebtf.sfo1.mozilla.com)
[18:56:47] *** ChanServ sets mode: +o pcwalton
[18:58:59] *** Quits: reqshark (reqshark@moz-4bnjr4.static.wiline.com) (Ping timeout: 121 seconds)
[18:59:17] *** Joins: reqshark (reqshark@moz-8pf.1uh.79.64.IP)
[18:59:19] *** Quits: reqshark (reqshark@moz-8pf.1uh.79.64.IP) (Connection closed)
[18:59:22] *** Joins: reqshark (reqshark@moz-4bnjr4.static.wiline.com)
[19:06:02] *** ScottMichaud_ is now known as ScottMichaud
[19:26:35] *** Quits: jdm (jdm@moz-ilbt2e.cable.teksavvy.com) (Quit: )
[20:01:35] *** Joins: brson (brson@moz-u3dg2t.sfo1.mozilla.com)
[20:01:35] *** ChanServ sets mode: +o brson
[20:03:55] *** Joins: mbx (textual@moz-l8ebtf.sfo1.mozilla.com)
[20:25:19] *** Quits: tadh (quassel@moz-pg51s5.CWRU.Edu) (Connection closed)
[20:27:57] *** Joins: ddamjano (Instantbird@moz-qspbg3.ehig.7h68.8388.2a02.IP)
[20:28:44] *** Joins: jdm (jdm@moz-pdn.m8h.114.24.IP)
[20:49:23] *** Joins: cjones (cjones@moz-5ad.tdl.56.172.IP)
[20:52:07] <brson> acrichto pcwalton: I booked Independent
[20:52:23] <acrichto> brson: oh thanks!
[20:52:28] <acrichto> brson: now... which room is that?
[20:52:35] <acrichto> aturon: ^ (brson booked a room)
[20:57:24] *** Quits: pcwalton (pcwalton@moz-l8ebtf.sfo1.mozilla.com) (Client exited)
[20:58:00] *** Joins: pcwalton (pcwalton@moz-l8ebtf.sfo1.mozilla.com)
[20:58:00] *** ChanServ sets mode: +o pcwalton
[20:58:21] *** Quits: roc (chatzilla@moz-r8l.q1h.203.131.IP) (Connection closed)
[21:06:47] *** Quits: cjones (cjones@moz-5ad.tdl.56.172.IP) (Client exited)
[21:19:11] *** Joins: roc (chatzilla@moz-a7j.s0u.195.130.IP)
[21:23:34] *** Joins: cjones (cjones@moz-t19.bab.126.76.IP)
[21:28:27] *** Quits: roc (chatzilla@moz-a7j.s0u.195.130.IP) (Connection closed)
[21:32:59] *** Quits: mbx (textual@moz-l8ebtf.sfo1.mozilla.com) (Quit: My Mac has gone to sleep. ZZZzzz…)
[21:47:50] *** Quits: ehsan (ehsan@moz-i5m.05u.207.66.IP) (A TLS packet with unexpected length was received.)
[21:52:25] *** Joins: ehsan (ehsan@moz-s46ljm.ckpj.s0pt.0450.2001.IP)
[22:06:45] *** Joins: jonasfj (jonasfj@moz-no0.93r.245.63.IP)
[22:06:53] <jonasfj> azita, drop in...
[22:07:03] <azita> ok.  thanks
[22:29:06] *** Quits: till (till@moz-aj41qp.dyn.telefonica.de) (Ping timeout: 121 seconds)
[22:33:08] *** Quits: brson (brson@moz-u3dg2t.sfo1.mozilla.com) (Quit: leaving)
[22:35:23] *** Joins: mbx (textual@moz-l8ebtf.sfo1.mozilla.com)
[22:45:07] *** Joins: tadh (quassel@moz-88tk3f.res.rr.com)
[23:00:34] *** Quits: ehsan (ehsan@moz-s46ljm.ckpj.s0pt.0450.2001.IP) (A TLS packet with unexpected length was received.)
[23:02:08] *** Quits: jdm (jdm@moz-pdn.m8h.114.24.IP) (Quit: )
[23:09:38] *** Joins: ehsan (ehsan@moz-mf87pj.ckpj.s0pt.0450.2001.IP)
[23:10:37] *** Quits: tadh (quassel@moz-88tk3f.res.rr.com) (Ping timeout: 121 seconds)
[23:18:32] *** Quits: jweathersby (Adium@moz-7349po.ip.windstream.net) (Quit: Leaving.)
[23:28:48] *** Quits: ehsan (ehsan@moz-mf87pj.ckpj.s0pt.0450.2001.IP) (A TLS packet with unexpected length was received.)
[23:38:04] *** Quits: ddamjano (Instantbird@moz-qspbg3.ehig.7h68.8388.2a02.IP) (Ping timeout: 121 seconds)
[23:49:23] *** khuey is now known as khuey|away
[23:50:13] *** khuey|away is now known as khuey
