[00:12:10] *** Quits: achanda (achanda@moz-qv7q4n.ca.comcast.net) (Connection closed)
[00:23:55] *** Joins: brson (brson@moz-u4t.ku8.145.82.IP)
[00:23:56] *** ChanServ sets mode: +qo brson brson
[00:47:03] *** Quits: scott (uid25790@moz-e5ok1n.brockwell.irccloud.com) (Quit: Connection closed for inactivity)
[00:57:53] *** Joins: scott (uid25790@moz-e5ok1n.brockwell.irccloud.com)
[01:12:30] *** Joins: achanda (achanda@moz-qv7q4n.ca.comcast.net)
[01:17:32] *** Quits: achanda (achanda@moz-qv7q4n.ca.comcast.net) (Ping timeout: 121 seconds)
[01:24:42] *** Quits: brson (brson@moz-u4t.ku8.145.82.IP) (Ping timeout: 121 seconds)
[01:26:51] *** Joins: brson (brson@moz-cfhap5.mtv2.mozilla.com)
[01:26:52] *** ChanServ sets mode: +qo brson brson
[01:44:18] *** Quits: brson (brson@moz-cfhap5.mtv2.mozilla.com) (Quit: leaving)
[02:10:38] *** Quits: kimundi (kimundi@moz-0r8.svi.226.79.IP) (Ping timeout: 121 seconds)
[02:12:55] *** Joins: kimundi (kimundi@moz-2q77u9.obe6.7gie.57bc.2002.IP)
[03:42:50] *** Quits: Rym (uid91135@moz-n2i7qm.charlton.irccloud.com) (Quit: Connection closed for inactivity)
[03:49:03] *** Joins: achanda (achanda@moz-qv7q4n.ca.comcast.net)
[04:07:39] *** Quits: achanda (achanda@moz-qv7q4n.ca.comcast.net) (Connection closed)
[05:01:35] *** Joins: achanda (achanda@moz-qv7q4n.ca.comcast.net)
[06:19:09] *** Quits: aatch (james@moz-i1k1ks.tlms.2o1v.e006.2406.IP) (Connection closed)
[06:25:49] *** Quits: ChrisMorgan (ChrisMorgan@moz-g6osuq.tpgi.com.au) (Ping timeout: 121 seconds)
[06:56:02] *** Quits: achanda (achanda@moz-qv7q4n.ca.comcast.net) (Connection closed)
[06:57:03] *** Quits: scott (uid25790@moz-e5ok1n.brockwell.irccloud.com) (Quit: Connection closed for inactivity)
[07:03:17] *** Joins: achanda (achanda@moz-qv7q4n.ca.comcast.net)
[07:16:50] *** Quits: achanda (achanda@moz-qv7q4n.ca.comcast.net) (Connection closed)
[07:42:50] *** Joins: ChrisMorgan (ChrisMorgan@moz-g6osuq.tpgi.com.au)
[07:54:28] *** Joins: gleb (gleb@moz-3u1drv.rusanovka-net.kiev.ua)
[08:28:44] *** Quits: barosl (barosl@moz-tmp.qma.67.220.IP) (Quit: Leaving)
[08:47:56] *** Joins: barosl (barosl@moz-tmp.qma.67.220.IP)
[11:37:17] *** Joins: achanda (achanda@moz-qv7q4n.ca.comcast.net)
[11:50:39] *** Quits: achanda (achanda@moz-qv7q4n.ca.comcast.net) (Connection closed)
[12:15:40] *** Joins: achanda (achanda@moz-qv7q4n.ca.comcast.net)
[13:29:06] *** Joins: bluss (bluss@moz-dc3fi4.customer.cdi.no)
[14:18:03] *** Quits: achanda (achanda@moz-qv7q4n.ca.comcast.net) (Connection closed)
[14:21:25] *** Joins: killercup (killercup@moz-4udt1b.dip0.t-ipconnect.de)
[14:44:42] *** Joins: nagisa (nagisa@moz-8t068g.static.zebra.lt)
[16:03:05] *** Quits: killercup (killercup@moz-4udt1b.dip0.t-ipconnect.de) (Quit: My Mac has gone to sleep. ZZZzzz…)
[16:19:53] *** Quits: nagisa (nagisa@moz-8t068g.static.zebra.lt) (Ping timeout: 121 seconds)
[16:30:40] *** Joins: nagisa (nagisa@moz-8t068g.static.zebra.lt)
[16:31:14] *** Joins: achanda (achanda@moz-qv7q4n.ca.comcast.net)
[16:55:47] *** Joins: killercup (killercup@moz-0pf6i8.dip0.t-ipconnect.de)
[17:45:27] *** Joins: brson (brson@moz-cfhap5.mtv2.mozilla.com)
[17:45:27] *** ChanServ sets mode: +qo brson brson
[17:50:03] *** Quits: nagisa (nagisa@moz-8t068g.static.zebra.lt) (Quit: Leaving.)
[17:51:36] *** Joins: nagisa (nagisa@moz-8t068g.static.zebra.lt)
[18:07:46] *** Quits: nagisa (nagisa@moz-8t068g.static.zebra.lt) (Ping timeout: 121 seconds)
[18:46:59] *** Joins: nagisa (nagisa@moz-8t068g.static.zebra.lt)
[20:17:26] *** Quits: Gankro (sid71432@moz-sc2bd6.charlton.irccloud.com) (*.net *.split)
[20:17:26] *** Quits: huon (huon@moz-hj272o.8rnv.rggd.6180.2400.IP) (*.net *.split)
[20:17:26] *** Quits: spastorino (sid27384@moz-i6sgse.brockwell.irccloud.com) (*.net *.split)
[20:17:26] *** Quits: reem (sid78397@moz-octfcu.brockwell.irccloud.com) (*.net *.split)
[20:17:26] *** Quits: frewsxcv (sid86219@moz-dneii9.brockwell.irccloud.com) (*.net *.split)
[20:17:26] *** Quits: smkz (a@moz-gdd4un.fs1g.619c.a880.2604.IP) (*.net *.split)
[20:17:26] *** Quits: aturon (sid379@moz-hhfc8n.0j4i.jtu0.0101.2620.IP) (*.net *.split)
[20:17:26] *** Quits: seanmonstar|offline (seanmonstar@moz-jd3i0j.fkdv.ulf6.3c01.2600.IP) (*.net *.split)
[20:17:26] *** Quits: carllerche (sid50851@moz-8i75uq.brockwell.irccloud.com) (*.net *.split)
[20:17:26] *** Quits: kimundi (kimundi@moz-2q77u9.obe6.7gie.57bc.2002.IP) (*.net *.split)
[20:17:26] *** Quits: nmatsakis (sid381@moz-32a8b5.0j4i.jtu0.0101.2620.IP) (*.net *.split)
[20:17:26] *** Quits: erikj (erikj@moz-1bq7nj.com) (*.net *.split)
[20:17:26] *** Quits: rdgawdzi (sid91768@moz-36ps68.ealing.irccloud.com) (*.net *.split)
[20:17:40] *** Joins: seanmonstar|offline (seanmonstar@moz-jd3i0j.fkdv.ulf6.3c01.2600.IP)
[20:17:40] *** Joins: frewsxcv (sid86219@moz-dneii9.brockwell.irccloud.com)
[20:17:40] *** Joins: rdgawdzi (sid91768@moz-36ps68.ealing.irccloud.com)
[20:17:40] *** Joins: Gankro (sid71432@moz-sc2bd6.charlton.irccloud.com)
[20:17:40] *** Joins: carllerche (sid50851@moz-8i75uq.brockwell.irccloud.com)
[20:17:40] *** Joins: reem (sid78397@moz-octfcu.brockwell.irccloud.com)
[20:17:40] *** Joins: spastorino (sid27384@moz-i6sgse.brockwell.irccloud.com)
[20:17:40] *** Joins: nmatsakis (sid381@moz-32a8b5.0j4i.jtu0.0101.2620.IP)
[20:17:40] *** Joins: aturon (sid379@moz-hhfc8n.0j4i.jtu0.0101.2620.IP)
[20:17:40] *** Joins: kimundi (kimundi@moz-2q77u9.obe6.7gie.57bc.2002.IP)
[20:17:40] *** Joins: huon (huon@moz-hj272o.8rnv.rggd.6180.2400.IP)
[20:17:40] *** Joins: erikj (erikj@moz-1bq7nj.com)
[20:17:40] *** Joins: smkz (a@moz-gdd4un.fs1g.619c.a880.2604.IP)
[20:17:40] *** bruford.mozilla.org sets mode: +ooqo nmatsakis aturon huon huon
[20:25:41] *** Quits: Gankro (sid71432@moz-sc2bd6.charlton.irccloud.com) (*.net *.split)
[20:25:41] *** Quits: huon (huon@moz-hj272o.8rnv.rggd.6180.2400.IP) (*.net *.split)
[20:25:41] *** Quits: spastorino (sid27384@moz-i6sgse.brockwell.irccloud.com) (*.net *.split)
[20:25:41] *** Quits: reem (sid78397@moz-octfcu.brockwell.irccloud.com) (*.net *.split)
[20:25:41] *** Quits: frewsxcv (sid86219@moz-dneii9.brockwell.irccloud.com) (*.net *.split)
[20:25:41] *** Quits: smkz (a@moz-gdd4un.fs1g.619c.a880.2604.IP) (*.net *.split)
[20:25:41] *** Quits: aturon (sid379@moz-hhfc8n.0j4i.jtu0.0101.2620.IP) (*.net *.split)
[20:25:41] *** Quits: seanmonstar|offline (seanmonstar@moz-jd3i0j.fkdv.ulf6.3c01.2600.IP) (*.net *.split)
[20:25:41] *** Quits: carllerche (sid50851@moz-8i75uq.brockwell.irccloud.com) (*.net *.split)
[20:25:41] *** Quits: kimundi (kimundi@moz-2q77u9.obe6.7gie.57bc.2002.IP) (*.net *.split)
[20:25:41] *** Quits: nmatsakis (sid381@moz-32a8b5.0j4i.jtu0.0101.2620.IP) (*.net *.split)
[20:25:41] *** Quits: erikj (erikj@moz-1bq7nj.com) (*.net *.split)
[20:25:41] *** Quits: rdgawdzi (sid91768@moz-36ps68.ealing.irccloud.com) (*.net *.split)
[20:26:07] *** Joins: seanmonstar|offline (seanmonstar@moz-jd3i0j.fkdv.ulf6.3c01.2600.IP)
[20:26:07] *** Joins: frewsxcv (sid86219@moz-dneii9.brockwell.irccloud.com)
[20:26:07] *** Joins: rdgawdzi (sid91768@moz-36ps68.ealing.irccloud.com)
[20:26:07] *** Joins: Gankro (sid71432@moz-sc2bd6.charlton.irccloud.com)
[20:26:07] *** Joins: carllerche (sid50851@moz-8i75uq.brockwell.irccloud.com)
[20:26:07] *** Joins: reem (sid78397@moz-octfcu.brockwell.irccloud.com)
[20:26:07] *** Joins: spastorino (sid27384@moz-i6sgse.brockwell.irccloud.com)
[20:26:07] *** Joins: nmatsakis (sid381@moz-32a8b5.0j4i.jtu0.0101.2620.IP)
[20:26:07] *** Joins: aturon (sid379@moz-hhfc8n.0j4i.jtu0.0101.2620.IP)
[20:26:07] *** Joins: kimundi (kimundi@moz-2q77u9.obe6.7gie.57bc.2002.IP)
[20:26:07] *** Joins: huon (huon@moz-hj272o.8rnv.rggd.6180.2400.IP)
[20:26:07] *** Joins: erikj (erikj@moz-1bq7nj.com)
[20:26:07] *** Joins: smkz (a@moz-gdd4un.fs1g.619c.a880.2604.IP)
[20:26:07] *** bruford.mozilla.org sets mode: +ooqo nmatsakis aturon huon huon
[21:08:07] * huon wonders who Guest1111 is
[21:08:43] <huon> aturon: et al., is the libs meeting tomorrow?
[21:08:51] *** Joins: scott (uid25790@moz-e5ok1n.brockwell.irccloud.com)
[21:14:28] <aturon> huon: wednesday; i'll send out invite in a sec
[21:20:18] <huon> aturon: ok,
[21:20:21] <huon> *.
[21:50:32] *** Quits: ChrisMorgan (ChrisMorgan@moz-g6osuq.tpgi.com.au) (Ping timeout: 121 seconds)
[22:04:14] <aturon> libs subteam members: you should have received an email notifying you of a calendar update -- the meeting is now set weekly
[22:13:01] <burntsushi> aturon: i've sadly received no such email. :-( i didn't get one last week either. are you using jamslam@gmail.com for me?
[22:17:33] <aturon> burntsushi: how about now?
[22:17:42] <burntsushi> aturon: success! thanks :)
[22:18:56] <huon> aturon: I don't see one either
[22:19:48] <aturon> huon: ok, just sent a manual email
[22:20:28] <huon> got that one
[22:28:05] <sfackler> I won't be able to make the meeting this week, fyi
[22:29:46] <aturon> sfackler: yep, np -- i've been meaning to write up your rust-lang crate proposal
[22:32:25] <huon> neither Gankro or I will be able to make next week
[22:32:33] <Gankro> waht
[22:32:34] <huon> (there's an interns thing happening all afternoon)
[22:32:41] <huon> the scavenger hunt
[22:32:48] <huon> check your calendar, man
[22:32:51] <Gankro> But like
[22:32:55] <Gankro> infinite meetings though
[22:33:10] <Gankro> Don't you want to be cool like aturon?
[22:33:35] <aturon> (you do not; trust me)
[22:34:16] *** Joins: ChrisMorgan (ChrisMorgan@moz-g6osuq.tpgi.com.au)
[22:49:45] *** Quits: killercup (killercup@moz-0pf6i8.dip0.t-ipconnect.de) (Quit: Bye)
[23:19:36] *** Quits: nagisa (nagisa@moz-8t068g.static.zebra.lt) (Ping timeout: 121 seconds)
[23:31:57] *** Quits: achanda (achanda@moz-qv7q4n.ca.comcast.net) (Connection closed)
[23:32:44] *** Joins: achanda (achanda@moz-qv7q4n.ca.comcast.net)
[23:36:41] *** Quits: achanda (achanda@moz-qv7q4n.ca.comcast.net) (Connection closed)
[23:48:05] *** Quits: gleb (gleb@moz-3u1drv.rusanovka-net.kiev.ua) (Ping timeout: 121 seconds)
[23:49:00] *** Joins: achanda (achanda@moz-qv7q4n.ca.comcast.net)
