[00:04:09] *** Joins: Wild_Cat (Max@moz-p74.mqf.175.108.IP)
[00:07:47] *** Quits: pcwalton (pcwalton@moz-l8ebtf.sfo1.mozilla.com) (Client exited)
[00:08:06] *** Joins: pcwalton (pcwalton@moz-l8ebtf.sfo1.mozilla.com)
[00:11:09] *** Joins: Feyn (aram@moz-hdd.rik.115.42.IP)
[00:14:10] *** Joins: Guest_ (textual@moz-lmfinb.fios.verizon.net)
[00:15:47] *** Quits: dpc_ (dpc_@moz-52v2l7.nvidia.com) (Connection closed)
[00:21:35] *** Quits: futile (felix@moz-cmcd12.unity-media.net) (Quit: WeeChat 1.3-dev)
[00:22:11] *** Quits: Wild_Cat (Max@moz-p74.mqf.175.108.IP) (Ping timeout: 121 seconds)
[00:23:02] *** Quits: shadower (shadower@moz-3ah4n5.osop.rhcloud.com) (A TLS packet with unexpected length was received.)
[00:23:08] *** Joins: shadower (shadower@moz-3ah4n5.osop.rhcloud.com)
[00:23:21] *** Quits: demilux (demilux@moz-fk1.kt4.14.64.IP) (A TLS packet with unexpected length was received.)
[00:25:31] *** Quits: indefini (chris@moz-ji7n6m.ocn.ne.jp) (Ping timeout: 121 seconds)
[00:32:58] *** Quits: Guest_ (textual@moz-lmfinb.fios.verizon.net) (Quit: My MacBook Pro has gone to sleep. ZZZzzz…)
[00:33:02] *** Joins: Guest_ (textual@moz-lmfinb.fios.verizon.net)
[00:39:48] *** Joins: Kingsquee (kingsley@moz-k72lip.bchsia.telus.net)
[00:56:35] *** Quits: RC9 (RCIX@moz-dvi.dfa.8.198.IP) (Ping timeout: 121 seconds)
[00:57:04] *** Joins: Jeanne-Kamikaze (Jeanne-Kami@moz-7aimde.ca.comcast.net)
[00:58:14] *** Quits: m4rw3r (textual@moz-4ordjq.bredband.telia.com) (Quit: My Mac has gone to sleep. ZZZzzz…)
[00:58:46] *** Quits: thelink2012 (thelink2012@moz-hdr.ecq.214.186.IP) (Quit: Leaving)
[01:04:15] *** Joins: jensnockert (jensnockert@moz-0rd3rj.siw.siwnet.net)
[01:08:18] *** Quits: jensnockert (jensnockert@moz-0rd3rj.siw.siwnet.net) (Ping timeout: 121 seconds)
[01:11:40] *** Joins: bdero (bran@moz-nr0176.b90n.1kaj.018d.2601.IP)
[01:12:00] *** Quits: dmac (dmac@moz-4kcd1c.ca.comcast.net) (Ping timeout: 121 seconds)
[01:14:17] *** Joins: indefini (indefini@moz-4p4v25.ucom.ne.jp)
[01:15:13] *** Quits: Feyn (aram@moz-hdd.rik.115.42.IP) (Ping timeout: 121 seconds)
[01:27:14] *** Joins: SiegeLord (sl@moz-s8hpnn.ca.comcast.net)
[01:47:08] *** Quits: Tobba (Tobba@moz-o13d22.bredband.telia.com) (Ping timeout: 121 seconds)
[01:47:27] *** Quits: rudder (rudder@moz-l5tm8s.sntcca.sbcglobal.net) (Client exited)
[01:48:32] *** Joins: tyoverby (tyoverby@moz-ke2i8d.5757.jufb.0602.2601.IP)
[01:48:36] *** Joins: mrx_ (mrx@moz-0qla8f.dip0.t-ipconnect.de)
[01:49:01] *** Quits: ziad (ziad@moz-fh9.u9c.240.50.IP) (Client exited)
[01:51:51] *** Quits: mrx__ (mrx@moz-u5ouhj.dip0.t-ipconnect.de) (Ping timeout: 121 seconds)
[01:55:29] *** Quits: zyphrus (David@moz-ba5.pas.98.101.IP) (Ping timeout: 121 seconds)
[01:57:56] *** Quits: synthmeat (synthmeat@moz-kumco2.b585.9mbl.b0c0.2a03.IP) (Quit: The way to get started is to quit talking and begin doing.)
[01:58:37] *** Joins: synthmeat (synthmeat@moz-kumco2.b585.9mbl.b0c0.2a03.IP)
[02:00:26] *** Joins: brson (brson@moz-bi8.crj.56.172.IP)
[02:13:53] *** Joins: SpaceManiac (Tad@moz-bd3s4o.dyn.suddenlink.net)
[02:20:03] *** Joins: geb019 (geb019@moz-fhohco.cpe.pppoe.ca)
[02:20:24] *** Joins: zyphrus (David@moz-ba5.pas.98.101.IP)
[02:21:48] *** Quits: pcwalton (pcwalton@moz-l8ebtf.sfo1.mozilla.com) (Client exited)
[02:23:07] *** Quits: meh (meh@moz-44u.rrt.42.151.IP) (Ping timeout: 121 seconds)
[02:38:17] *** Quits: kimundi (kimundi@moz-jppfl0.aq82.95ei.4fe2.2002.IP) (Ping timeout: 121 seconds)
[02:43:28] *** Joins: kimundi (kimundi@moz-79q5d9.pdi0.audv.4fe2.2002.IP)
[02:44:23] *** Quits: dp (dp@moz-lv2uf0.gb4f.8ao9.0e35.2a01.IP) (Quit: Leaving)
[02:45:56] *** Joins: Involuntary (Jeanne-Kami@moz-7aimde.ca.comcast.net)
[02:46:38] *** Quits: Involuntary (Jeanne-Kami@moz-7aimde.ca.comcast.net) (Connection closed)
[02:48:32] *** Quits: Jeanne-Kamikaze (Jeanne-Kami@moz-7aimde.ca.comcast.net) (Ping timeout: 121 seconds)
[02:52:27] *** Quits: Guest_ (textual@moz-lmfinb.fios.verizon.net) (Quit: My MacBook Pro has gone to sleep. ZZZzzz…)
[02:53:40] *** Quits: erickt (erickt@moz-njt.vqi.14.76.IP) (Ping timeout: 121 seconds)
[02:58:00] *** Joins: ziad (ziad@moz-ibni3n.ca.comcast.net)
[03:09:35] *** Quits: AngelOfSol (AngelOfSol@moz-h5l336.fios.verizon.net) (Quit: Remember to close the door when you're done!)
[03:13:36] *** Quits: brson (brson@moz-bi8.crj.56.172.IP) (Ping timeout: 121 seconds)
[03:14:46] *** Quits: benbergman (ben@moz-4i8l40.8fd7.q55v.4280.2604.IP) (Ping timeout: 121 seconds)
[03:15:37] *** Joins: brson (brson@moz-i25.7vl.56.172.IP)
[03:15:49] *** Joins: benbergman (ben@moz-a5o1ip.skullspace.ca)
[03:22:20] *** Quits: brson (brson@moz-i25.7vl.56.172.IP) (Ping timeout: 121 seconds)
[03:23:02] *** Joins: brson (brson@moz-i25.7vl.56.172.IP)
[03:25:38] *** Joins: WindowsBunny1 (Peter@moz-vlal7g.east.verizon.net)
[03:26:39] *** Quits: WindowsBunny (Peter@moz-vlal7g.east.verizon.net) (Ping timeout: 121 seconds)
[03:27:37] *** Joins: furyhunter (furyhunter@moz-ejumqt.com)
[03:27:48] *** Joins: demilux (demilux@moz-73qa6c.wa.comcast.net)
[03:33:01] *** Joins: erickt (erickt@moz-njt.vqi.14.76.IP)
[03:33:32] *** Quits: WindowsBunny1 (Peter@moz-vlal7g.east.verizon.net) (Ping timeout: 121 seconds)
[03:38:27] <Layl> One day we might make a game as good as Roy
[03:41:20] *** Quits: demilux (demilux@moz-73qa6c.wa.comcast.net) (A TLS packet with unexpected length was received.)
[03:41:44] *** Joins: WindowsBunny (Peter@moz-p21po0.east.verizon.net)
[03:42:43] *** Joins: jsgrant (jsgrant@moz-3j9d6a.mo.charter.com)
[03:52:58] *** Quits: jsgrant (jsgrant@moz-3j9d6a.mo.charter.com) (Ping timeout: 121 seconds)
[03:55:44] *** Quits: SpaceManiac (Tad@moz-bd3s4o.dyn.suddenlink.net) (Ping timeout: 121 seconds)
[03:56:35] *** Joins: aatch (james@moz-tr6.omt.54.210.IP)
[03:57:44] *** Quits: SiegeLord (sl@moz-s8hpnn.ca.comcast.net) (Quit: It's a joke, it's all a joke.)
[04:01:27] *** Quits: geb019 (geb019@moz-fhohco.cpe.pppoe.ca) (Quit: )
[04:06:13] *** Quits: orangeshark (erik@moz-s8vhdn.44tj.56ot.0306.2602.IP) (Quit: Leaving)
[04:08:01] *** Joins: jensnockert (jensnockert@moz-0rd3rj.siw.siwnet.net)
[04:10:26] *** Joins: rudder (rudder@moz-ar6k2i.ca.astound.net)
[04:12:04] *** Quits: jensnockert (jensnockert@moz-0rd3rj.siw.siwnet.net) (Ping timeout: 121 seconds)
[04:17:00] *** Joins: demilux (demilux@moz-73qa6c.wa.comcast.net)
[04:21:11] *** Joins: Wild_Cat (Max@moz-p74.mqf.175.108.IP)
[04:24:07] <furyhunter> question: EventMap implementation for Sdl2Window,
[04:24:09] <furyhunter> let event_iterator: WindowEvents<Sdl2Window, <Sdl2Window as Window>::Event> = WindowEvents::new(window);
[04:24:30] <furyhunter> window is an Rc<RefCell<Sdl2Window>>
[04:24:58] <furyhunter> rustc says that <Sdl2Window as Window>::Event does not implement EventMap
[04:25:04] <furyhunter> even though in my docs it says it does
[04:25:10] *** Joins: Tiktalik (quassel@moz-j5b0ac.8ou1.oi46.fcd0.2607.IP)
[04:25:12] <furyhunter> is this the correct approach to this?
[04:25:14] <Tiktalik> hey you guys
[04:25:15] <Tiktalik> what kinda-
[04:25:18] <Tiktalik> furyhunter
[04:25:20] <Tiktalik> i know you from somewhere
[04:25:21] <furyhunter> hi
[04:25:35] <furyhunter> the main rust channel?
[04:25:42] <Tiktalik> freenode or esper probably
[04:25:43] <Tiktalik> anyway
[04:25:52] <furyhunter> esper certainly
[04:26:09] *** Joins: Pierre_M (Pierre_M@moz-b84gag.slkc.qwest.net)
[04:26:19] <Tiktalik> what kinda libraries and stuff are good for someone newish to programming
[04:26:52] <Tiktalik> probably piston
[04:26:57] <furyhunter> piston's not easy to use...
[04:27:02] <Tiktalik> and by newish
[04:27:10] <Tiktalik> i mean someone who's sort of programmed for years now
[04:28:03] <Tiktalik> hmm
[04:28:09] <Tiktalik> furyhunter: well is there anything easyish to use
[04:28:21] <furyhunter> sdl's probably your best bet
[04:28:28] <furyhunter> if you specifically want to do rust
[04:28:41] <Tiktalik> rust is the only language I've actually *liked* that isn't C#
[04:28:55] *** Joins: Kingsqueee (kingsley@moz-k72lip.bchsia.telus.net)
[04:29:08] <Tiktalik> ...then again there's always monogame
[04:29:20] *** Quits: Kingsquee (kingsley@moz-k72lip.bchsia.telus.net) (Connection closed)
[04:30:47] <Tiktalik> hmm
[04:30:50] <Tiktalik> furyhunter: your thoughts?
[04:31:31] <Aaron> piston's not so bad :/
[04:36:47] <Tiktalik> Aaron: or is it?
[04:36:59] <furyhunter> idk I'm just super frustrated because the process of getting something running with it is excruciatingly painful
[04:37:09] <furyhunter> documentation isn't that great, there's lots of deprecated crates
[04:38:12] <Aaron> \:
[04:39:13] *** Quits: demilux (demilux@moz-73qa6c.wa.comcast.net) (A TLS packet with unexpected length was received.)
[04:39:32] *** Joins: demilux (demilux@moz-73qa6c.wa.comcast.net)
[04:39:44] <furyhunter> perhaps you can help me Aaron!
[04:40:00] <furyhunter> I have a specific need -- initializing the audio subsystem in Sdl after using Sdl2Window::new
[04:40:40] <furyhunter> this seems like it would be pretty trivial but due to how sdl2 handles lifetime of the sdl "context" and how Sdl2Window holds on to it, it's much more difficult
[04:41:54] <furyhunter> http://pastebin.com/uxQ8gBCX right now there are two major problems: at let res = ...build_subsystem(sdl_context), it says InitBuilder doesn't live long enough
[04:42:07] *** Quits: brson (brson@moz-i25.7vl.56.172.IP) (Ping timeout: 121 seconds)
[04:42:21] *** Quits: Wild_Cat (Max@moz-p74.mqf.175.108.IP) (Quit: Leaving)
[04:42:36] <furyhunter> at let event_iterator = ...
[04:43:36] <furyhunter> <Sdl2Window as Window>::Event does not implement event_loop::EventMap, even though is very much so does (::Event type variable is input::Input)
[04:43:48] <furyhunter> I have no idea what to do
[04:46:32] <Aaron> o
[04:46:51] <Aaron> Do you need to init audio? sdl2window already inits everything.
[04:48:18] <nukep> rust-sdl2 developer here. this sort of problem where you can't borrow the context should hopefully be fixed in the new set of pull requests.
[04:48:27] *** Quits: perillamint (perillamint@moz-pvo.3mu.72.61.IP) (Ping timeout: 121 seconds)
[04:48:30] <nukep> but i think sdl2 window inits everything, too.
[04:49:24] <Tiktalik> so maybe I should wait a bit before I get ambitious iwth games?
[04:49:29] <Tiktalik> until there's docs, etc?
[04:49:31] <Aaron> You could always just forget() the guard :D
[04:49:41] <Aaron> But yeah, pretty sure it's already initialized for you...
[04:50:19] *** Quits: Hyeon (simnalambur@moz-9fr.3ug.41.14.IP) (Ping timeout: 121 seconds)
[04:50:26] *** Joins: Wild_Cat (Max@moz-p74.mqf.175.108.IP)
[04:50:29] <Aaron> Tiktalik: eh, now's as good a time as any to dive in!
[04:50:41] *** Joins: Hyeon (simnalambur@moz-9fr.3ug.41.14.IP)
[04:51:11] *** Joins: perillamint (perillamint@moz-pvo.3mu.72.61.IP)
[04:51:44] <nukep> furyhunter: in rust-sdl2 0.7 (very soon), you will be required to acquire the audio subsystem from the sdl2 context to access audio methods (much like you're doing).
[04:51:53] <Tiktalik> Aaron: really? well, I'm not a great programmer...
[04:52:02] <Tiktalik> in fact, I kind of suck
[04:52:15] <Tiktalik> the most impressive thing I ever did was make a program that tosses out a random string
[04:52:20] <furyhunter> nukep: is that based on the issue I opened regarding subsystem lifetimes?
[04:52:26] <Tiktalik> and do it kind of neatly
[04:52:38] <Aaron> neatly is good
[04:52:48] <nukep> furyhunter: oh yeah, that was you. :o
[04:52:51] <furyhunter> lol
[04:52:57] <furyhunter> was any code written?
[04:53:12] <furyhunter> oh hello there
[04:53:13] <furyhunter> nice
[04:53:14] <furyhunter> https://github.com/AngryLawyer/rust-sdl2/pull/441
[04:53:16] *** Joins: p1start (p1start@moz-nftjhe.org)
[04:53:26] *** Quits: patrickjm (patrickjm@moz-cvp0l3.lecg.ltgp.0306.2602.IP) (Connection closed)
[04:53:56] <Tiktalik> Aaron: I used an array instead of a ton of ifs :>
[04:54:18] <Aaron> :3
[04:57:22] <Tiktalik> I mean, I could have done an if for every number that could have been generated XP
[04:57:28] <Tiktalik> though
[04:57:30] <Tiktalik> ...idea
[04:57:58] *** Quits: tyoverby (tyoverby@moz-ke2i8d.5757.jufb.0602.2601.IP) (Ping timeout: 121 seconds)
[04:58:05] <Tiktalik> Aaron: I should have figured out how to count the number of entries in the array, then use that for the upper range of the RNG
[04:59:48] <Aaron> Heh
[05:00:07] *** Joins: tyoverby (tyoverby@moz-ke2i8d.5757.jufb.0602.2601.IP)
[05:00:23] <Aaron> Baby steps! :P
[05:00:41] <Aaron> I think piston can be pretty fun to play around with, though.
[05:01:07] <Tiktalik> is it ready to make a serious game with though?
[05:01:17] <Tiktalik> like, i don't want to have to recode half my stuff because of API changes
[05:02:00] <furyhunter> oh my god nukep this code is great
[05:02:14] <furyhunter> that subsystem macro, what an elegant little solution
[05:04:06] <Aaron> Depends on which components you need, but it tends to be pretty stable.
[05:05:07] *** Joins: tyoverby_ (tyoverby@moz-7s7brk.5757.jufb.0602.2601.IP)
[05:05:16] <furyhunter> i have found that sound is extremely difficult atm
[05:06:09] *** Quits: tyoverby (tyoverby@moz-ke2i8d.5757.jufb.0602.2601.IP) (Ping timeout: 121 seconds)
[05:06:50] <furyhunter> as in, all of the existing sound bindings in rust are not great
[05:06:51] <Tiktalik> well, tomorrow.
[05:07:11] *** Joins: RC9 (RCIX@moz-7omm6s.ph.cox.net)
[05:07:15] *** Quits: rudder (rudder@moz-ar6k2i.ca.astound.net) (Client exited)
[05:07:17] <furyhunter> portaudio binding doesn't work on anything but linux, sdl audio is (currently, as mentioned) difficult to wrangle with piston
[05:07:58] <furyhunter> there's cpal but that's a definite WIP and only works on linux
[05:08:06] <furyhunter> as much as I am fascinated to see where cpal goes
[05:09:04] <Aaron> cpal supports Windows too doesn't it?
[05:09:13] <jpernst> furyhunter, tried openal-rs?
[05:09:20] <furyhunter> doesn't compile easily
[05:09:27] *** Joins: jensnockert (jensnockert@moz-0rd3rj.siw.siwnet.net)
[05:09:30] <jpernst> i didn't write it, but i'm currently the maintainer, so if there's a problem with it let me know and i'll see what i can do
[05:09:41] <furyhunter> no wait
[05:09:42] <furyhunter> that was portaudio
[05:09:48] <furyhunter> cpal on windows crashes for me on both demos
[05:10:15] *** Joins: rudder (rudder@moz-ar6k2i.ca.astound.net)
[05:10:30] <Aaron> Hm, k. Last time I used it was like 4 months ago so >.>
[05:10:51] <Aaron> It did work on windows then! :P
[05:11:40] <nukep> furyhunter: thanks, xd.
[05:13:29] *** Quits: jensnockert (jensnockert@moz-0rd3rj.siw.siwnet.net) (Ping timeout: 121 seconds)
[05:14:45] *** Quits: w4ffles (textual@moz-j97ur1.slc.googlefiber.net) (Quit: My Mac has gone to sleep. ZZZzzz…)
[05:18:02] *** Quits: rudder (rudder@moz-ar6k2i.ca.astound.net) (Client exited)
[05:19:15] *** Joins: dmac (dmac@moz-2ig65r.ca.comcast.net)
[05:19:31] *** Quits: RC9 (RCIX@moz-7omm6s.ph.cox.net) (Quit: Leaving)
[05:19:40] *** Joins: RC9 (RCIX@moz-7omm6s.ph.cox.net)
[05:21:21] *** Quits: demilux (demilux@moz-73qa6c.wa.comcast.net) (A TLS packet with unexpected length was received.)
[05:22:27] *** Joins: demilux (demilux@moz-73qa6c.wa.comcast.net)
[05:28:55] *** Quits: nukep (nukep@moz-vlm9dn.cg.shawcable.net) (Quit: Leaving)
[05:34:43] *** Joins: SiegeLord (sl@moz-s8hpnn.ca.comcast.net)
[05:37:00] *** Quits: niconii (nicole@moz-944tjf.frgo.qwest.net) (Quit: leaving)
[05:38:32] *** Quits: RC9 (RCIX@moz-7omm6s.ph.cox.net) (Connection closed)
[05:38:44] *** Quits: O01eg (o01eg@moz-hiuuaa.c1k8.qgre.2698.2a02.IP) (Client exited)
[05:40:00] *** Quits: Wild_Cat (Max@moz-p74.mqf.175.108.IP) (Ping timeout: 121 seconds)
[05:40:42] *** Quits: SiegeLord (sl@moz-s8hpnn.ca.comcast.net) (Connection closed)
[05:43:31] *** Joins: SiegeLord (sl@moz-s8hpnn.ca.comcast.net)
[05:43:36] *** Quits: Gamecubic (cubic@moz-bglmk5.mc.videotron.ca) (Quit: Leaving)
[05:43:54] *** Quits: demilux (demilux@moz-73qa6c.wa.comcast.net) (A TLS packet with unexpected length was received.)
[05:44:30] *** Joins: nukep (nukep@moz-5ol0r2.eng.wind.ca)
[05:47:47] *** Quits: aatch (james@moz-tr6.omt.54.210.IP) (Ping timeout: 121 seconds)
[05:51:54] *** Quits: fkaa (fkaa@moz-501od2.business.telia.com) (Quit: )
[05:52:14] *** Joins: demilux (demilux@moz-73qa6c.wa.comcast.net)
[05:54:21] *** Quits: Pierre_M (Pierre_M@moz-b84gag.slkc.qwest.net) (Ping timeout: 121 seconds)
[05:55:21] *** Joins: fkaa (fkaa@moz-501od2.business.telia.com)
[05:55:43] *** Quits: summerlight_ (summerlight@moz-17t.2mj.130.121.IP) (Ping timeout: 121 seconds)
[05:57:07] *** Quits: unC0Rr (unC0Rr@moz-s45.u1j.192.62.IP) (Ping timeout: 121 seconds)
[06:02:54] *** Joins: James_ (quassel@moz-t0rko5.range86-163.btcentralplus.com)
[06:05:15] *** Quits: demilux (demilux@moz-73qa6c.wa.comcast.net) (A TLS packet with unexpected length was received.)
[06:09:50] *** Joins: unC0Rr (unC0Rr@moz-s45.u1j.192.62.IP)
[06:10:33] *** Joins: squiddy (squiddy@moz-md4.pm3.19.178.IP)
[06:18:38] *** Quits: tyoverby_ (tyoverby@moz-7s7brk.5757.jufb.0602.2601.IP) (Ping timeout: 121 seconds)
[06:20:13] *** Joins: Jeanne-Kamikaze (Jeanne-Kami@moz-7aimde.ca.comcast.net)
[06:27:27] *** Quits: nukep (nukep@moz-5ol0r2.eng.wind.ca) (Quit: Leaving)
[06:33:24] *** Quits: zimbatm (zimbatm@moz-f37kde.com) (Quit: Bye)
[06:34:46] *** Joins: zimbatm (zimbatm@moz-f37kde.com)
[06:37:02] *** Joins: bjz (bjz@moz-0j4.2c9.87.203.IP)
[06:37:58] *** Joins: nukep (nukep@moz-vlm9dn.cg.shawcable.net)
[06:38:17] *** Quits: genbattle (genbattle@moz-4v0.gkd.16.182.IP) (Ping timeout: 121 seconds)
[06:39:55] *** Joins: dmac_ (dmac@moz-2ig65r.ca.comcast.net)
[06:44:01] *** Quits: dmac_ (dmac@moz-2ig65r.ca.comcast.net) (Ping timeout: 121 seconds)
[06:48:40] *** Quits: SiegeLord (sl@moz-s8hpnn.ca.comcast.net) (Quit: It's a joke, it's all a joke.)
[06:49:51] *** Quits: zyphrus (David@moz-ba5.pas.98.101.IP) (Ping timeout: 121 seconds)
[06:51:37] *** Joins: zyphrus (David@moz-ba5.pas.98.101.IP)
[06:57:55] *** Quits: James_ (quassel@moz-t0rko5.range86-163.btcentralplus.com) (Ping timeout: 121 seconds)
[07:05:07] *** Joins: canhtak (jeremy@moz-kcs.u0t.149.5.IP)
[07:06:09] *** Joins: demilux (demilux@moz-73qa6c.wa.comcast.net)
[07:10:11] *** Quits: demilux (demilux@moz-73qa6c.wa.comcast.net) (Ping timeout: 121 seconds)
[07:10:52] *** Joins: Feyn (aram@moz-hdd.rik.115.42.IP)
[07:16:56] *** Quits: bjz (bjz@moz-0j4.2c9.87.203.IP) (Quit: My Mac has gone to sleep. ZZZzzz…)
[07:30:54] *** Joins: OmniMancer (OmniMancer@moz-ffb9qp.xtra.co.nz)
[07:31:12] *** Joins: rbrs (Thunderbird@moz-c9d.msq.57.78.IP)
[07:40:35] *** Joins: dmac_ (dmac@moz-2ig65r.ca.comcast.net)
[07:44:41] *** Quits: dmac_ (dmac@moz-2ig65r.ca.comcast.net) (Ping timeout: 121 seconds)
[07:50:02] *** Joins: bjz (bjz@moz-i73d81.iinet.net.au)
[07:51:39] *** Joins: eljay (eljay@moz-eqltvh.skybroadband.com)
[07:53:37] *** Joins: waii (Mibbit@moz-i264om.customer.tdc.net)
[07:56:50] *** Joins: jensnockert (jensnockert@moz-0rd3rj.siw.siwnet.net)
[08:10:54] *** Joins: summerlight_ (summerlight@moz-17t.2mj.130.121.IP)
[08:15:07] *** Quits: bjz (bjz@moz-i73d81.iinet.net.au) (Quit: My Mac has gone to sleep. ZZZzzz…)
[08:23:27] *** Joins: ZRM (ZRM@moz-9nvm5g.range109-149.btcentralplus.com)
[08:26:16] *** Joins: gonzaloserrano (Adium@moz-7tk.n87.126.91.IP)
[08:27:20] *** Joins: m4rw3r (textual@moz-4ordjq.bredband.telia.com)
[08:28:18] *** Quits: perillamint (perillamint@moz-pvo.3mu.72.61.IP) (Quit: Quit - Powered by ZNC)
[08:28:43] *** Joins: kazimuth (james@moz-lff16e.wa.comcast.net)
[08:30:00] *** Quits: m4rw3r (textual@moz-4ordjq.bredband.telia.com) (Quit: My Mac has gone to sleep. ZZZzzz…)
[08:35:07] *** Joins: m4rw3r (textual@moz-4ordjq.bredband.telia.com)
[08:36:53] *** Joins: perillamint (perillamint@moz-pvo.3mu.72.61.IP)
[08:39:07] *** Joins: gonzaloserrano1 (Adium@moz-7tk.n87.126.91.IP)
[08:39:49] *** Quits: gonzaloserrano (Adium@moz-7tk.n87.126.91.IP) (Ping timeout: 121 seconds)
[08:41:16] *** Quits: rbrs (Thunderbird@moz-c9d.msq.57.78.IP) (Client exited)
[08:41:19] *** Joins: dmac_ (dmac@moz-2ig65r.ca.comcast.net)
[08:45:25] *** Quits: dmac_ (dmac@moz-2ig65r.ca.comcast.net) (Ping timeout: 121 seconds)
[08:54:09] *** Joins: demilux (demilux@moz-73qa6c.wa.comcast.net)
[08:55:20] *** Quits: summerlight_ (summerlight@moz-17t.2mj.130.121.IP) (Ping timeout: 121 seconds)
[08:55:34] *** Joins: futile (felix@moz-cmcd12.unity-media.net)
[08:58:11] *** Quits: demilux (demilux@moz-73qa6c.wa.comcast.net) (Ping timeout: 121 seconds)
[08:58:51] *** Joins: bjz (bjz@moz-i73d81.iinet.net.au)
[09:03:06] *** Joins: bvssvni (sven@moz-it1l50.bb.online.no)
[09:06:13] <tomaka> does someone know a way to know which shader stages are enabled in an OpenGL program?
[09:06:23] <tomaka> this may look stupid, since each shader object has a specific type
[09:06:35] <tomaka> but when you use glProgramBinary to create a program from binary
[09:06:46] <tomaka> I didn't find any way to get this info
[09:07:01] *** Quits: dmac (dmac@moz-2ig65r.ca.comcast.net) (Connection closed)
[09:07:48] <fkaa> maybe ask in ##opengl?
[09:11:04] *** Quits: ziad (ziad@moz-ibni3n.ca.comcast.net) (Client exited)
[09:14:34] *** Quits: canhtak (jeremy@moz-kcs.u0t.149.5.IP) (Client exited)
[09:16:09] *** Joins: ytain (ytain@moz-bsdre5.cpe.teksavvy.com)
[09:18:48] <tomaka> I'm getting the "noob" syndrome in ##opengl
[09:19:09] <tomaka> since they don't know me they are a bit wary
[09:20:35] *** Quits: waii (Mibbit@moz-i264om.customer.tdc.net) (Quit: http://www.mibbit.com ajax IRC Client)
[09:23:44] *** Quits: Jeanne-Kamikaze (Jeanne-Kami@moz-7aimde.ca.comcast.net) (Quit: Leaving)
[09:24:57] *** Joins: canhtak (jeremy@moz-kcs.u0t.149.5.IP)
[09:25:11] *** Quits: bvssvni (sven@moz-it1l50.bb.online.no) (Ping timeout: 121 seconds)
[09:31:33] *** Joins: genbattle (genbattle@moz-se3hji.xtra.co.nz)
[09:32:45] <eddyb> tomaka: tell them it's for research on proving safe-ish uses of OpenGL :P
[09:32:48] <eddyb> tomaka: or something like that
[09:33:00] <eddyb> you've been doing it for months, you can come up with something
[09:33:39] <tomaka> for the moment I asked a purely noobish question about program pipelines (which I don't know well) and get no answer :>
[09:33:41] *** Quits: bdero (bran@moz-nr0176.b90n.1kaj.018d.2601.IP) (Ping timeout: 121 seconds)
[09:41:35] *** Quits: ZRM (ZRM@moz-9nvm5g.range109-149.btcentralplus.com) (Client exited)
[09:42:06] *** Joins: dmac_ (dmac@moz-2ig65r.ca.comcast.net)
[09:46:12] *** Quits: dmac_ (dmac@moz-2ig65r.ca.comcast.net) (Ping timeout: 121 seconds)
[09:47:21] *** Joins: waii (Mibbit@moz-i264om.customer.tdc.net)
[09:50:55] *** Quits: futile (felix@moz-cmcd12.unity-media.net) (Quit: WeeChat 1.3-dev)
[09:51:51] *** Joins: wipeD (wipeD@moz-lls0gt.dynamic.kabel-deutschland.de)
[09:53:10] <OneSadCookie> tomaka: I thought you could get ACTIVE_PROGRAM_STAGES or something but I don't see it :|
[09:53:50] <scoopr> nice nerd-sniping, started to read opengl docs as well
[09:54:02] <tomaka> OneSadCookie: no result for this in the official 4.5 specs
[09:54:13] <OneSadCookie> nor on google :P
[09:54:24] <OneSadCookie> there's the XXX_SHADER_BIT thingies to UseProgramPipeline
[09:54:27] <OneSadCookie> but I see no way to get 'em
[09:54:42] <OneSadCookie> you could get the XXX_SHADER object for each stage from a pipeline and assume 0 means not present
[09:54:54] <tomaka> 0 means not present?
[09:55:11] <tomaka> ah with GetProgramPipeline
[09:56:57] <tomaka> I have a problem with glium's API and separate shader stages
[09:57:08] <tomaka> for the moment you call `draw(vb, ib, program, uniforms, params)`
[09:57:20] <tomaka> but with separate shader stages, each program can have its own uniforms
[09:57:39] <tomaka> I don't know how to handle that
[09:59:17] <tomaka> I'm also wondering if you have to call glValidateProgramPipeline every time you draw or just once
[09:59:47] <tomaka> glValidateProgram reads the current opengl state to check that everything is correct
[09:59:49] *** Quits: gonzaloserrano1 (Adium@moz-7tk.n87.126.91.IP) (Quit: Leaving.)
[10:00:08] <tomaka> glValidateProgramPipeline does the same
[10:00:23] <tomaka> for glValidateProgram it turns out that the list of things that are checked can be checked manually
[10:00:28] *** Joins: ZRM (ZRM@moz-9nvm5g.range109-149.btcentralplus.com)
[10:00:31] <tomaka> for glValidateProgramPipeline, I can't find infos
[10:01:49] *** Joins: gonzaloserrano (Adium@moz-7tk.n87.126.91.IP)
[10:02:54] *** Quits: gonzaloserrano (Adium@moz-7tk.n87.126.91.IP) (Quit: Leaving.)
[10:03:48] *** Joins: gonzaloserrano (Adium@moz-7tk.n87.126.91.IP)
[10:04:59] *** Quits: canhtak (jeremy@moz-kcs.u0t.149.5.IP) (Client exited)
[10:07:14] *** Joins: canhtak (jeremy@moz-kcs.u0t.149.5.IP)
[10:13:36] *** Quits: canhtak (jeremy@moz-kcs.u0t.149.5.IP) (Ping timeout: 121 seconds)
[10:22:16] *** Quits: bjz (bjz@moz-i73d81.iinet.net.au) (Quit: My Mac has gone to sleep. ZZZzzz…)
[10:24:48] <stratact> tomaka: how is ##opengl still treating you?
[10:27:01] <OneSadCookie> you don't call glValidate*
[10:27:21] <OneSadCookie> unless your shader is failing to render or falling back to software and you don't understand why ;)
[10:27:27] *** Quits: kazimuth (james@moz-lff16e.wa.comcast.net) (Quit: Textual IRC Client: www.textualapp.com)
[10:27:53] <OneSadCookie> you can theoretically use it force a driver compilation against the current state
[10:28:06] <OneSadCookie> but honestly if you want to do that (for preloading or whatever) doing a real draw is gonna be safer
[10:28:38] <OneSadCookie> rather than hoping that everybody really implemented that bit of glValidate*, rather than no-oping it to return true to improve performance :p
[10:29:52] <OneSadCookie> what're you gonna do if glValidateProgram fails in the wild anyway? it's one of those shitty things, that you don't have any actual guarantee that a shader which worked on the last driver version will work on this one
[10:33:43] <stratact> mindtree: you around?
[10:34:03] <mindtree> stratact: yeah i'm here for a bit :)
[10:35:47] <stratact> mindtree: is there a text widget that allows selectable text, even while input is `.enabled(false)`? I tried it with textbox, doesn't work.
[10:37:11] <mindtree> stratact: nah not at the moment sorry - would be nice to have though
[10:37:22] <rsaarelm> tomaka: If I throw away glutin::PollEventsIterator or glutin::WaitEventsIterator before iterating to the end, will I lose the events in the queue the iterator didn't touch yet?
[10:37:36] <mindtree> stratact: what are you working on btw?
[10:38:24] <stratact> mindtree: trying to write a gui frontend for weechat.
[10:38:37] <rsaarelm> Trying to make a clever thing that pulls events into my system and if it gets a focus lost or window suspended or similar event, it'll switch from using poll to using wait so that it'll sleep the thread until a wakeup event shows up.
[10:38:40] <mindtree> stratact: ahh pretty text heavy I guess!
[10:39:40] <stratact> mindtree: well, more like planning. I'm just prototyping and testing conrod, to learn its API... yeah, it would be text heavy
[10:40:12] <mindtree> stratact: conrod definitely has a way to go with its text stuff before it would be usable I think
[10:40:44] <rsaarelm> I think poll_events at least consumed the events into the iterator when called some time back.
[10:40:59] <rsaarelm> Gonna just slurp it to a vec for the time being then.
[10:41:10] <mindtree> stratact: eddyb was working on some text heavy gui stuff with his IDE - he might have something that is a bit more immediately usable?
[10:41:25] <eddyb> not really
[10:41:39] <eddyb> I mean, it worked...
[10:41:49] <eddyb> but it's not as modular as it was supposed to be
[10:42:15] *** Joins: demilux (demilux@moz-73qa6c.wa.comcast.net)
[10:42:49] *** Joins: dmac_ (dmac@moz-2ig65r.ca.comcast.net)
[10:43:04] <rsaarelm> So here's where it gets tricky. With wait_events, there's no option but to abort the iteration, the iterator will just go on forever. So if I get a keypress event, which I think was the thing that caused me trouble way back when when I was just reading the first item from poll_events, and wait_events also permanently slurps in everything, I'm going to lose either the keypress or the keytyped event when I abort after reading a single event...
[10:43:41] <eddyb> stratact: I did have selectable text though :D
[10:43:54] <rsaarelm> And with just the iterator, there's no way to know if .next() is going to get me the next event immediately in the pipeline or if it'll go to another blocking wait.
[10:43:59] <eddyb> stratact: this is the project mindtree was talking about https://github.com/eddyb/r3
[10:44:28] <mindtree> eddyb: will you go back to work on it any time soon? or busy with uni/other stuff still?
[10:44:33] <rsaarelm> I could assume that the up-waking event will be a focus-gained or window-awakened type thing, which will show up on its own, instead of going straight to input events, and when we get to inputs the app will be in poll mode again though.
[10:46:17] *** Quits: demilux (demilux@moz-73qa6c.wa.comcast.net) (Ping timeout: 121 seconds)
[10:46:21] <stratact> eddyb: thank you, I'll study your code for examples
[10:46:55] *** Quits: dmac_ (dmac@moz-2ig65r.ca.comcast.net) (Ping timeout: 121 seconds)
[10:47:09] <stratact> mindtree: would it be possible to adapt some of his own custom widgets into your project?
[10:47:35] <eddyb> stratact: src/ui/editor.rs has the text editor component
[10:49:20] <mindtree> stratact: for sure! would be worth checking out for inspiration at least
[10:50:14] <tomaka> OneSadCookie: I *need* to call glValidateProgramPipeline to ensure that the pipeline can link correctly
[10:50:25] <tomaka> rsaarelm: You don't lose events
[10:50:31] *** Quits: ytain (ytain@moz-bsdre5.cpe.teksavvy.com) (Quit: Textual IRC Client: www.textualapp.com)
[10:53:00] <rsaarelm> Ah, great.
[10:54:17] <stratact> I feel like I could learn a lot from reading at eddyb's code
[10:55:09] <eddyb> stratact: feel free to ask about anything - it's all very... makeshift
[10:56:03] *** Quits: gonzaloserrano (Adium@moz-7tk.n87.126.91.IP) (Quit: Leaving.)
[10:56:33] <stratact> eddyb: will do
[10:56:40] *** Joins: gonzaloserrano (Adium@moz-7tk.n87.126.91.IP)
[10:57:46] *** Quits: gonzaloserrano (Adium@moz-7tk.n87.126.91.IP) (Quit: Leaving.)
[10:58:12] *** Joins: Bloutiouf (quassel@moz-srp.e9r.22.195.IP)
[10:59:06] *** Joins: gonzaloserrano (Adium@moz-7tk.n87.126.91.IP)
[11:09:07] *** Quits: indefini (indefini@moz-4p4v25.ucom.ne.jp) (Connection closed)
[11:09:30] *** Joins: canhtak (jeremy@moz-kcs.u0t.149.5.IP)
[11:10:52] *** Joins: bdero (bran@moz-91hi89.mit.edu)
[11:13:32] *** Quits: zyphrus (David@moz-ba5.pas.98.101.IP) (Ping timeout: 121 seconds)
[11:14:22] *** Quits: wipeD (wipeD@moz-lls0gt.dynamic.kabel-deutschland.de) (Connection closed)
[11:20:57] *** Quits: canhtak (jeremy@moz-kcs.u0t.149.5.IP) (Client exited)
[11:24:16] *** Quits: gonzaloserrano (Adium@moz-7tk.n87.126.91.IP) (Quit: Leaving.)
[11:25:15] *** Joins: canhtak (jeremy@moz-kcs.u0t.149.5.IP)
[11:26:07] <OneSadCookie> tomaka: eh, if you don't it'll just blow up on draw :p
[11:26:16] <OneSadCookie> certainly no C OpenGL program would call it
[11:26:35] <OneSadCookie> maybe you need to to be safe, but you shouldn't expect it to be *fast*
[11:27:15] *** Quits: genbattle (genbattle@moz-se3hji.xtra.co.nz) (Ping timeout: 121 seconds)
[11:27:20] <OneSadCookie> it forces a synchronous driver compilation of your pipeline+current state
[11:27:32] <OneSadCookie> it's probably literally the slowest OpenGL function in existence
[11:28:03] *** Quits: vadimcn (uid46608@moz-9ioufh.tooting.irccloud.com) (Quit: Connection closed for inactivity)
[11:28:11] <OneSadCookie> (readpixels in a format which doesn't match the GPU or anything the driver can accelerate blits for would give it a run for its money perhaps)
[11:28:36] <fkaa> opengl driver trivia is the best kind of trivia
[11:28:55] <fkaa> you could make a trivial pursuit game just about the specs!
[11:29:09] <OneSadCookie> and once you've called it, you then have to do something like cache the returned status against a hash of the pipeline + current OpenGL state (somehow) to know whether you need to call it again
[11:29:21] <OneSadCookie> unless your API has managed to abstract away all the statefulness
[11:31:49] *** Quits: canhtak (jeremy@moz-kcs.u0t.149.5.IP) (Ping timeout: 121 seconds)
[11:35:23] *** Quits: p1start (p1start@moz-nftjhe.org) (Ping timeout: 121 seconds)
[11:36:55] *** Joins: wai (Mibbit@moz-i264om.customer.tdc.net)
[11:40:41] *** Joins: gonzaloserrano (Adium@moz-7tk.n87.126.91.IP)
[11:42:49] *** Joins: canhtak (jeremy@moz-kcs.u0t.149.5.IP)
[11:43:34] *** Joins: dmac_ (dmac@moz-2ig65r.ca.comcast.net)
[11:47:40] *** Quits: dmac_ (dmac@moz-2ig65r.ca.comcast.net) (Ping timeout: 121 seconds)
[11:54:11] *** Joins: summerlight_ (summerlight@moz-17t.2mj.130.121.IP)
[11:58:42] *** Quits: flowsnake (flowsnake@moz-imbr2b.cable.virginm.net) (Ping timeout: 121 seconds)
[11:59:12] *** Joins: nodweber (nodweber@moz-knt.fgq.178.5.IP)
[11:59:20] <tomaka> no I just wanted to call Validate once, and cache the program pipeline
[11:59:43] <tomaka> the hash would only contain the list of programs and shader stages
[12:00:26] <tomaka> maybe just only the list of programs
[12:00:45] <tomaka> after all for good practice it may be better to just bind whole programs to program pipelines, and return an error if they overlap
[12:00:53] <tomaka> instead of binding specific stages
[12:01:27] <tomaka> I don't see what you would be the advantage of binding specific stages instead of the whole program
[12:01:36] <tomaka> -you
[12:03:57] *** Quits: nodweber (nodweber@moz-knt.fgq.178.5.IP) (A TLS packet with unexpected length was received.)
[12:04:21] *** Joins: nodweber (nodweber@moz-knt.fgq.178.5.IP)
[12:04:40] *** Quits: nodweber (nodweber@moz-knt.fgq.178.5.IP) (A TLS packet with unexpected length was received.)
[12:05:04] *** Joins: meh (meh@moz-44u.rrt.42.151.IP)
[12:06:15] *** Joins: palodequeso (quassel@moz-ebjt83.hfc.comcastbusiness.net)
[12:08:35] *** Joins: nodweber (nodweber@moz-knt.fgq.178.5.IP)
[12:09:10] *** Quits: Bloutiouf (quassel@moz-srp.e9r.22.195.IP) (Ping timeout: 121 seconds)
[12:11:03] *** Joins: tyoverby (tyoverby@moz-7s7brk.5757.jufb.0602.2601.IP)
[12:11:22] *** Joins: Wild_Cat (Max@moz-p74.mqf.175.108.IP)
[12:14:02] <fkaa> tomaka: how do i get the type of a .get or .execute in hlua?
[12:14:02] *** Joins: indefini (chris@moz-ji7n6m.ocn.ne.jp)
[12:14:12] *** Quits: nodweber (nodweber@moz-knt.fgq.178.5.IP) (A TLS packet with unexpected length was received.)
[12:14:51] <tomaka> the type depends on the lua code
[12:15:07] <tomaka> instead you must *request* a type and it will return an error if the lua code produces the wrong type
[12:15:24] <tomaka> like `let a: String = lua.get("a");`
[12:15:33] <tomaka> hmm
[12:15:38] <tomaka> maybe this needs a .unwrap, I don't remember
[12:15:44] <fkaa> found AnyLuaValue
[12:15:48] <tomaka> There's also a type named "Any" or something
[12:15:52] <fkaa> heh
[12:15:52] <tomaka> or yeah that ^
[12:15:57] <fkaa> ool
[12:15:59] <fkaa> cool
[12:15:59] *** Quits: mtsr (mtsr@moz-s5jpgs.yourbnc.co.uk) (Quit: YourBNC - (https://yourbnc.co.uk))
[12:16:07] *** Joins: bjz (bjz@moz-puppgq.tpgi.com.au)
[12:23:29] *** Quits: canhtak (jeremy@moz-kcs.u0t.149.5.IP) (Connection closed)
[12:23:50] *** Joins: nodweber (nodweber@moz-knt.fgq.178.5.IP)
[12:28:53] <fkaa> tomaka: no LuaRead for tables :()
[12:29:09] <fkaa> should it really map every lua value to a rust one though? conversions can be costly
[12:29:38] <fkaa> reading a table into rust would require iterating over it and creating a new one at rust-side i think
[12:30:10] <tomaka> fkaa: you can read a LuaTable
[12:30:22] *** Joins: demilux (demilux@moz-73qa6c.wa.comcast.net)
[12:30:22] <tomaka> which gives you a borrow of the lua table
[12:30:33] <tomaka> and then manually iterate over it
[12:31:05] <fkaa> src/any.rs:50:26: 50:55 error: the trait `LuaRead<&&&L>` is not implemented for the type `collections::vec::Vec<(any::AnyLuaValue, any::AnyLuaValue)>` [E0277]
[12:31:10] <fkaa> / FIXME: reached recursion limit during monomorphization
[12:31:12] <fkaa> sounds scary
[12:31:34] <tomaka> hmm
[12:32:14] *** Quits: nodweber (nodweber@moz-knt.fgq.178.5.IP) (A TLS packet with unexpected length was received.)
[12:32:34] <tomaka> apparently it's simply not implemented
[12:32:45] <tomaka> it's not a problem of inferrence or anything, just LuaRead isnt' implemented on Vec
[12:33:28] <tomaka> but you can read a LuaTable
[12:33:32] <tomaka> which gives you a borrow of the lua table
[12:33:33] *** Joins: nodweber (nodweber@moz-knt.fgq.178.5.IP)
[12:33:35] <tomaka> and then manually iterate over it
[12:34:06] *** Joins: mtsr (mtsr@moz-b5lsuq.yourbnc.co.uk)
[12:34:24] *** Quits: demilux (demilux@moz-73qa6c.wa.comcast.net) (Ping timeout: 121 seconds)
[12:34:49] *** Joins: canhtak (jeremy@moz-kcs.u0t.149.5.IP)
[12:38:55] *** Joins: gonzaloserrano1 (Adium@moz-7tk.n87.126.91.IP)
[12:38:55] *** Quits: gonzaloserrano (Adium@moz-7tk.n87.126.91.IP) (Connection closed)
[12:38:58] *** Quits: nodweber (nodweber@moz-knt.fgq.178.5.IP) (A TLS packet with unexpected length was received.)
[12:39:38] *** Joins: nodweber (nodweber@moz-knt.fgq.178.5.IP)
[12:41:01] <tomaka> (did I mention you could read a LuaTable?)
[12:41:06] *** Quits: ZRM (ZRM@moz-9nvm5g.range109-149.btcentralplus.com) (Client exited)
[12:41:14] *** Quits: OmniMancer (OmniMancer@moz-ffb9qp.xtra.co.nz) (Quit: Leaving.)
[12:41:54] *** Joins: ZRM (ZRM@moz-9nvm5g.range109-149.btcentralplus.com)
[12:43:17] *** Quits: ZRM (ZRM@moz-9nvm5g.range109-149.btcentralplus.com) (Client exited)
[12:43:33] *** Quits: bjz (bjz@moz-puppgq.tpgi.com.au) (Quit: My Mac has gone to sleep. ZZZzzz…)
[12:43:52] *** Joins: Gamecubic (cubic@moz-bglmk5.mc.videotron.ca)
[12:45:46] *** Joins: eddyb_ (eddyb@moz-ihn.hlc.26.188.IP)
[12:45:55] *** Quits: eddyb (eddyb@moz-ir3t1r.residential.rdsnet.ro) (Connection closed)
[12:52:29] *** Quits: canhtak (jeremy@moz-kcs.u0t.149.5.IP) (Client exited)
[12:52:34] *** Quits: summerlight_ (summerlight@moz-17t.2mj.130.121.IP) (Ping timeout: 121 seconds)
[12:52:52] *** Quits: nodweber (nodweber@moz-knt.fgq.178.5.IP) (A TLS packet with unexpected length was received.)
[12:53:34] *** Joins: nodweber (nodweber@moz-knt.fgq.178.5.IP)
[12:53:53] *** Joins: canhtak (jeremy@moz-kcs.u0t.149.5.IP)
[12:54:15] *** Joins: m104ru (m104ru@moz-n4k.f7h.241.77.IP)
[12:57:05] *** Quits: Amaranth (travis@moz-1raqsl.cpe.cableone.net) (Connection closed)
[12:57:55] *** Joins: Amaranth (travis@moz-1raqsl.cpe.cableone.net)
[12:59:27] *** Joins: bjz (bjz@moz-puppgq.tpgi.com.au)
[13:06:13] *** Quits: gonzaloserrano1 (Adium@moz-7tk.n87.126.91.IP) (Quit: Leaving.)
[13:11:01] *** Quits: nodweber (nodweber@moz-knt.fgq.178.5.IP) (Quit: Leaving...)
[13:11:07] *** Quits: bjz (bjz@moz-puppgq.tpgi.com.au) (Quit: My Mac has gone to sleep. ZZZzzz…)
[13:16:01] *** Quits: tyoverby (tyoverby@moz-7s7brk.5757.jufb.0602.2601.IP) (Ping timeout: 121 seconds)
[13:16:56] *** Quits: mindtree (Mitch@moz-ijnkq6.iprimus.net.au) (Ping timeout: 121 seconds)
[13:18:07] *** Quits: canhtak (jeremy@moz-kcs.u0t.149.5.IP) (Client exited)
[13:21:32] *** Joins: mindtree (Mitch@moz-leh2c6.iprimus.net.au)
[13:23:09] *** Quits: Wild_Cat (Max@moz-p74.mqf.175.108.IP) (Connection closed)
[13:25:53] *** Joins: Tobba (Tobba@moz-o13d22.bredband.telia.com)
[13:26:22] *** Joins: w4ffles (textual@moz-j97ur1.slc.googlefiber.net)
[13:26:39] *** Quits: Feyn (aram@moz-hdd.rik.115.42.IP) (Quit: Leaving)
[13:27:58] *** Joins: canhtak (jeremy@moz-kcs.u0t.149.5.IP)
[13:28:40] *** Quits: wai (Mibbit@moz-i264om.customer.tdc.net) (Quit: http://www.mibbit.com ajax IRC Client)
[13:28:55] *** Joins: wai (Mibbit@moz-i264om.customer.tdc.net)
[13:28:58] *** Quits: canhtak (jeremy@moz-kcs.u0t.149.5.IP) (Client exited)
[13:31:16] *** Joins: demilux (demilux@moz-73qa6c.wa.comcast.net)
[13:35:18] *** Quits: demilux (demilux@moz-73qa6c.wa.comcast.net) (Ping timeout: 121 seconds)
[13:38:17] *** Joins: SHC (quassel@moz-nn8.t8t.93.59.IP)
[13:40:36] *** Joins: bjz (bjz@moz-puppgq.tpgi.com.au)
[13:40:40] *** Quits: m104ru (m104ru@moz-n4k.f7h.241.77.IP) (Ping timeout: 121 seconds)
[13:41:56] *** Quits: mindtree (Mitch@moz-leh2c6.iprimus.net.au) (Ping timeout: 121 seconds)
[13:44:03] *** Joins: AngelOfSol (AngelOfSol@moz-h5l336.fios.verizon.net)
[13:46:48] *** Joins: canhtak (jeremy@moz-kcs.u0t.149.5.IP)
[13:46:57] *** Quits: canhtak (jeremy@moz-kcs.u0t.149.5.IP) (Client exited)
[13:48:17] *** Joins: Jonesey13 (Mibbit@moz-u51n37.as13285.net)
[13:50:58] *** Quits: palodequeso (quassel@moz-ebjt83.hfc.comcastbusiness.net) (A TLS packet with unexpected length was received.)
[13:53:39] *** Joins: m104ru (m104ru@moz-n4k.f7h.241.77.IP)
[13:57:23] *** Joins: Jonesey13_ (Jonesey13@moz-u51n37.as13285.net)
[13:57:40] *** Parts: Jonesey13 (Mibbit@moz-u51n37.as13285.net) ()
[13:57:46] *** Quits: nukep (nukep@moz-vlm9dn.cg.shawcable.net) (Quit: Leaving)
[13:58:01] *** Quits: Jonesey13_ (Jonesey13@moz-u51n37.as13285.net) (Quit: Leaving)
[13:58:08] *** Joins: jonesey13 (Jonesey13@moz-u51n37.as13285.net)
[14:03:44] *** Quits: squiddy (squiddy@moz-md4.pm3.19.178.IP) (A TLS packet with unexpected length was received.)
[14:05:05] *** Joins: CodingCat (mreow@moz-i3a5up.dynamic.ziggo.nl)
[14:10:50] *** Joins: ZRM (ZRM@moz-9nvm5g.range109-149.btcentralplus.com)
[14:11:33] *** Quits: erickt (erickt@moz-njt.vqi.14.76.IP) (Ping timeout: 121 seconds)
[14:15:36] *** Joins: erickt (erickt@moz-njt.vqi.14.76.IP)
[14:19:30] *** Joins: Guest_ (textual@moz-il1.n6s.204.65.IP)
[14:20:06] *** Quits: erickt (erickt@moz-njt.vqi.14.76.IP) (Ping timeout: 121 seconds)
[14:22:43] *** Quits: Kingsqueee (kingsley@moz-k72lip.bchsia.telus.net) (Quit: Konversation terminated!)
[14:27:05] *** Joins: blue_deref (blue_deref@moz-vsp.5q5.77.74.IP)
[14:29:05] *** Joins: Gyro (gyro@moz-38c.96l.252.66.IP)
[14:31:55] *** Joins: demilux (demilux@moz-73qa6c.wa.comcast.net)
[14:35:57] *** Quits: demilux (demilux@moz-73qa6c.wa.comcast.net) (Ping timeout: 121 seconds)
[14:36:02] <wai> I'm here.
[14:36:05] <wai> Blue_deref
[14:36:21] <blue_deref> Good afternoonen
[14:36:49] <blue_deref> Did you register with nickserv yet? :P
[14:36:53] <wai> ITS NOT AFTERNOON YET!
[14:37:07] *** eddyb_ is now known as eddyb
[14:37:17] * blue_deref checks the time in Norway
[14:37:24] <blue_deref> wai: Alright.
[14:37:36] *** Joins: felixr (manjaro-kde@moz-0nufm8.dynamic.mnet-online.de)
[14:37:36] <wai> ;p
[14:37:57] <blue_deref> PM when you've cleansed yourself of being a guest on Moznet
[14:38:05] *** Joins: mindtree (Mitch@moz-leh2c6.iprimus.net.au)
[14:38:06] <wai> Yep.
[14:39:38] *** Joins: bvssvni (sven@moz-it1l50.bb.online.no)
[14:41:51] *** Joins: felixrsmith (manjaro-kde@moz-0nufm8.dynamic.mnet-online.de)
[14:41:52] *** Joins: rudder (rudder@moz-ar6k2i.ca.astound.net)
[14:42:16] *** Quits: lu324 (lu324___@moz-gogein.dhcp.embarqhsd.net) (Ping timeout: 121 seconds)
[14:43:37] *** Quits: felixr (manjaro-kde@moz-0nufm8.dynamic.mnet-online.de) (Ping timeout: 121 seconds)
[14:44:18] *** Quits: wai (Mibbit@moz-i264om.customer.tdc.net) (Quit: http://www.mibbit.com ajax IRC Client)
[14:45:08] *** Joins: lu324 (lu324___@moz-gogein.dhcp.embarqhsd.net)
[14:45:39] *** Joins: wai (Mibbit@moz-i264om.customer.tdc.net)
[14:46:42] *** Parts: bvssvni (sven@moz-it1l50.bb.online.no) ()
[14:47:53] *** Joins: woo (Mibbit@moz-i264om.customer.tdc.net)
[14:49:28] *** Quits: mindtree (Mitch@moz-leh2c6.iprimus.net.au) (Ping timeout: 121 seconds)
[14:51:08] *** Quits: Guest_ (textual@moz-il1.n6s.204.65.IP) (Quit: My MacBook Pro has gone to sleep. ZZZzzz…)
[14:51:34] *** Quits: w4ffles (textual@moz-j97ur1.slc.googlefiber.net) (Quit: My Mac has gone to sleep. ZZZzzz…)
[14:52:34] *** Quits: jensnockert (jensnockert@moz-0rd3rj.siw.siwnet.net) (Connection closed)
[14:56:48] *** Joins: Guest_ (textual@moz-il1.n6s.204.65.IP)
[15:03:47] *** Joins: niconii (nicole@moz-944tjf.frgo.qwest.net)
[15:04:09] *** Joins: summerlight_ (summerlight@moz-17t.2mj.130.121.IP)
[15:05:15] *** Joins: SiegeLord (sl@moz-s8hpnn.ca.comcast.net)
[15:07:46] *** Joins: dmac_ (dmac@moz-piq.hdj.88.64.IP)
[15:09:08] *** Joins: mib_d91e7m (Mibbit@moz-91r3lq.dyn.plus.net)
[15:09:51] *** Quits: mib_d91e7m (Mibbit@moz-91r3lq.dyn.plus.net) (Quit: http://www.mibbit.com ajax IRC Client)
[15:10:48] *** Quits: rudder (rudder@moz-ar6k2i.ca.astound.net) (Client exited)
[15:13:19] *** Joins: canhtak (jeremy@moz-kcs.u0t.149.5.IP)
[15:15:47] *** Quits: canhtak (jeremy@moz-kcs.u0t.149.5.IP) (Client exited)
[15:21:00] *** Quits: jxs (jxs@moz-3rn.a4j.61.108.IP) (Quit: bye)
[15:23:26] *** Joins: jensnockert (jensnockert@moz-0rd3rj.siw.siwnet.net)
[15:27:36] *** Quits: jensnockert (jensnockert@moz-0rd3rj.siw.siwnet.net) (Ping timeout: 121 seconds)
[15:27:42] *** Joins: Jonesey13_ (Jonesey13@moz-im0tgb.as13285.net)
[15:29:21] *** Quits: OneSadCookie (sid37878@moz-04c57b.charlton.irccloud.com) (Connection closed)
[15:29:21] *** Quits: frewsxcv (sid86219@moz-99o8eo.charlton.irccloud.com) (Connection closed)
[15:29:22] *** Quits: chas (sid31591@moz-a87n9u.charlton.irccloud.com) (Connection closed)
[15:29:22] *** Quits: reem (sid78397@moz-fjt2tg.charlton.irccloud.com) (Connection closed)
[15:29:54] *** Quits: felixrsmith (manjaro-kde@moz-0nufm8.dynamic.mnet-online.de) (Ping timeout: 121 seconds)
[15:30:07] *** Quits: jonesey13 (Jonesey13@moz-u51n37.as13285.net) (Ping timeout: 121 seconds)
[15:30:10] *** Joins: jxs (jxs@moz-3rn.a4j.61.108.IP)
[15:33:03] *** Quits: SiegeLord (sl@moz-s8hpnn.ca.comcast.net) (Quit: It's a joke, it's all a joke.)
[15:33:18] *** Joins: UberLambda (uber@moz-kjifre.clienti.tiscali.it)
[15:33:45] *** Quits: Armen (armen@moz-s5uns1.static.videotron.ca) (Quit: WeeChat 0.4.2)
[15:35:35] *** Joins: rudder (rudder@moz-e56.tdl.56.172.IP)
[15:38:41] *** Quits: Guest_ (textual@moz-il1.n6s.204.65.IP) (Quit: My MacBook Pro has gone to sleep. ZZZzzz…)
[15:39:27] *** Joins: Guest_ (textual@moz-il1.n6s.204.65.IP)
[15:42:46] *** Joins: eddyb_ (eddyb@moz-uo3.pug.25.188.IP)
[15:43:42] *** Quits: rudder (rudder@moz-e56.tdl.56.172.IP) (Ping timeout: 121 seconds)
[15:45:46] *** Quits: eddyb (eddyb@moz-ihn.hlc.26.188.IP) (Ping timeout: 121 seconds)
[15:48:00] *** Quits: blue_deref (blue_deref@moz-vsp.5q5.77.74.IP) (Quit: bbn)
[15:50:32] *** Joins: O01eg (o01eg@moz-tus.37c.212.176.IP)
[15:55:39] *** Joins: blue_deref (blue_deref@moz-eqnijv.res.rr.com)
[15:55:55] *** Quits: Fenhl (sid30770@moz-mp3mp7.ealing.irccloud.com) (Connection closed)
[16:04:01] *** Joins: palodequeso (quassel@moz-ebjt83.hfc.comcastbusiness.net)
[16:08:17] *** Quits: waii (Mibbit@moz-i264om.customer.tdc.net) (Quit: http://www.mibbit.com ajax IRC Client)
[16:08:49] *** Quits: woo (Mibbit@moz-i264om.customer.tdc.net) (Quit: http://www.mibbit.com ajax IRC Client)
[16:08:59] *** Quits: wai (Mibbit@moz-i264om.customer.tdc.net) (Quit: http://www.mibbit.com ajax IRC Client)
[16:12:13] *** Quits: dmac_ (dmac@moz-piq.hdj.88.64.IP) (Connection closed)
[16:14:51] *** Joins: demilux (demilux@moz-fk1.kt4.14.64.IP)
[16:17:03] <tomaka> I just went from 1.3ms per frame to 0.6ms per frame by changing the way I draw animated sprites
[16:17:39] <Elainemo> nice.
[16:17:46] <Elainemo> what did it?
[16:17:49] <tomaka> instead of drawing each element one by one, I upload the list of sprites as uniforms
[16:17:58] <tomaka> and draw a quad that covers the whole screen
[16:18:06] <tomaka> and check manually in the shader if I'm inside each sprite
[16:18:46] <Elainemo> I wonder how well that performs on mobile :P
[16:19:44] <tomaka> I should mention that I was drawing each element to a texture, then blit that texture to the output
[16:19:50] *** Joins: erickt (erickt@moz-4hh.6p3.217.74.IP)
[16:20:01] *** Joins: wai (Mibbit@moz-i264om.customer.tdc.net)
[16:20:21] *** Joins: tyoverby (tyoverby@moz-7s7brk.5757.jufb.0602.2601.IP)
[16:20:25] <tomaka> in order to avoid depth fighting and avoid issues with transparency
[16:20:30] *** Joins: zjjr (zjjr@moz-a1plh6.oc.cox.net)
[16:20:39] <tomaka> the new method solves these problems
[16:25:11] *** Joins: wipeD (wipeD@moz-lls0gt.dynamic.kabel-deutschland.de)
[16:25:44] *** Joins: chas (sid31591@moz-a87n9u.charlton.irccloud.com)
[16:26:01] *** Joins: jensnockert (jensnockert@moz-0rd3rj.siw.siwnet.net)
[16:27:19] *** Joins: mib_ao4g4n (Mibbit@moz-i264om.customer.tdc.net)
[16:28:28] *** Quits: wai (Mibbit@moz-i264om.customer.tdc.net) (Quit: http://www.mibbit.com ajax IRC Client)
[16:28:28] *** Joins: kendle (Mibbit@moz-i264om.customer.tdc.net)
[16:28:39] *** Joins: wai (Mibbit@moz-i264om.customer.tdc.net)
[16:30:59] *** Joins: CactusCommander (fiveside@moz-t2eatg.vsp.com)
[16:31:08] *** Joins: Fenhl (sid30770@moz-mp3mp7.ealing.irccloud.com)
[16:31:08] *** Joins: OneSadCookie (sid37878@moz-04c57b.charlton.irccloud.com)
[16:35:05] *** Quits: jensnockert (jensnockert@moz-0rd3rj.siw.siwnet.net) (Ping timeout: 121 seconds)
[16:35:43] *** Joins: Bloutiouf (quassel@moz-srp.e9r.22.195.IP)
[16:36:31] *** Quits: ZRM (ZRM@moz-9nvm5g.range109-149.btcentralplus.com) (Client exited)
[16:41:29] *** Joins: kxlzz (kxlzz@moz-a3bguo.vc.shawcable.net)
[16:42:07] *** Quits: Guest_ (textual@moz-il1.n6s.204.65.IP) (Quit: My MacBook Pro has gone to sleep. ZZZzzz…)
[16:44:24] *** Joins: ytain (ytain@moz-bsdre5.cpe.teksavvy.com)
[16:44:25] *** Quits: Bloutiouf (quassel@moz-srp.e9r.22.195.IP) (Ping timeout: 121 seconds)
[16:47:05] *** Quits: m104ru (m104ru@moz-n4k.f7h.241.77.IP) (Ping timeout: 121 seconds)
[16:48:25] *** Quits: UberLambda (uber@moz-kjifre.clienti.tiscali.it) (Ping timeout: 121 seconds)
[16:49:30] <froglegs> is rust vectorization any good
[16:49:53] <Elainemo> not the autovectorization, not usually, it's very fragile.
[16:51:25] <fkaa> tomaka: sorry, i'm using the lua ffi bindings directly :(
[16:52:31] *** Joins: reem (sid78397@moz-fjt2tg.charlton.irccloud.com)
[16:53:45] <Elainemo> froglegs: huon is working on awesome simd support though
[16:54:48] *** Joins: Pierre_M (Pierre_M@moz-b84gag.slkc.qwest.net)
[16:56:05] *** Joins: frewsxcv (sid86219@moz-99o8eo.charlton.irccloud.com)
[16:56:40] <WindowsBunny> froglegs: autovectorization is only as good as llvm is
[16:57:08] <WindowsBunny> and we make llvm's life pretty hard with the sheer amount of unoptimized code we spew at it
[16:58:06] *** Joins: Guest_ (textual@moz-il1.n6s.204.65.IP)
[17:02:18] *** Quits: SHC (quassel@moz-nn8.t8t.93.59.IP) (A TLS packet with unexpected length was received.)
[17:07:15] <huon> I don't think that meme is so true; we're not that much worse than clang for instance
[17:07:53] <huon> one of the really major issues with autovectorisation is checked indexing
[17:08:01] *** Quits: Pierre_M (Pierre_M@moz-b84gag.slkc.qwest.net) (Ping timeout: 121 seconds)
[17:08:13] *** Joins: UberLambda (uber@moz-kjifre.clienti.tiscali.it)
[17:15:48] *** Joins: pcwalton (pcwalton@moz-l8ebtf.sfo1.mozilla.com)
[17:20:08] *** Joins: Jackneill (Jackneill@moz-05fa87.pool.digikabel.hu)
[17:22:55] *** Quits: tyoverby (tyoverby@moz-7s7brk.5757.jufb.0602.2601.IP) (Connection closed)
[17:23:47] *** Joins: ZRM (ZRM@moz-9nvm5g.range109-149.btcentralplus.com)
[17:25:05] *** Quits: wai (Mibbit@moz-i264om.customer.tdc.net) (Quit: http://www.mibbit.com ajax IRC Client)
[17:25:05] *** Quits: kendle (Mibbit@moz-i264om.customer.tdc.net) (Quit: http://www.mibbit.com ajax IRC Client)
[17:25:33] *** Joins: wai (Mibbit@moz-i264om.customer.tdc.net)
[17:25:35] *** Quits: blue_deref (blue_deref@moz-eqnijv.res.rr.com) (Quit: bbn)
[17:25:41] *** Joins: Binero (Binero@moz-ba12u7.91s1.dovs.a03f.2a02.IP)
[17:25:53] *** Quits: UberLambda (uber@moz-kjifre.clienti.tiscali.it) (Quit: GTG)
[17:28:14] *** Quits: O01eg (o01eg@moz-tus.37c.212.176.IP) (Ping timeout: 121 seconds)
[17:29:12] *** Joins: flowsnake (flowsnake@moz-imbr2b.cable.virginm.net)
[17:31:41] *** Joins: futile (felix@moz-cmcd12.unity-media.net)
[17:36:28] *** Quits: wai (Mibbit@moz-i264om.customer.tdc.net) (Quit: http://www.mibbit.com ajax IRC Client)
[17:36:58] *** Quits: mib_ao4g4n (Mibbit@moz-i264om.customer.tdc.net) (Quit: http://www.mibbit.com ajax IRC Client)
[17:43:14] *** Joins: eddyb__ (eddyb@moz-i392ju.residential.rdsnet.ro)
[17:43:37] *** Quits: eddyb_ (eddyb@moz-uo3.pug.25.188.IP) (Connection closed)
[17:56:19] *** Joins: ziad (ziad@moz-fh9.u9c.240.50.IP)
[17:56:59] *** Joins: _zjjr_ (zjjr@moz-a1plh6.oc.cox.net)
[18:00:36] *** Quits: zjjr (zjjr@moz-a1plh6.oc.cox.net) (Ping timeout: 121 seconds)
[18:02:22] *** Quits: ziad (ziad@moz-fh9.u9c.240.50.IP) (Ping timeout: 121 seconds)
[18:05:34] *** Joins: avikpal (avikpal@moz-kvo.9fs.194.117.IP)
[18:08:45] *** eddyb__ is now known as eddyb
[18:11:05] *** Quits: ZRM (ZRM@moz-9nvm5g.range109-149.btcentralplus.com) (Client exited)
[18:14:33] *** Joins: ZRM (ZRM@moz-9nvm5g.range109-149.btcentralplus.com)
[18:20:04] <tomaka> hmmm, my trick is ultra slow on linux
[18:21:10] *** Quits: summerlight_ (summerlight@moz-17t.2mj.130.121.IP) (Ping timeout: 121 seconds)
[18:23:14] *** Joins: avikpal_ (avikpal@moz-668.6u9.79.112.IP)
[18:24:10] <WindowsBunny> oh yeah, checked indexing will murder auto-vectorization
[18:24:40] *** Joins: blue_deref (blue_deref@moz-eqnijv.res.rr.com)
[18:24:42] <meh> anyone here know how to Add<f32> on a num::Complex<f32>? just hoping I'm missing something obvious so I don't have to implement it myself
[18:25:44] <Elainemo> meh: that's not implemented.
[18:25:48] <meh> welp
[18:26:00] <Elainemo> Does that add the f32 to each component?
[18:26:09] <Elainemo> like, is that what you want it to do
[18:26:31] *** Quits: avikpal (avikpal@moz-kvo.9fs.194.117.IP) (Ping timeout: 121 seconds)
[18:26:42] <meh> Elainemo, yeah
[18:26:46] <meh> I'll do it myself, not a problem
[18:27:24] <WindowsBunny> adding to each component is not what some people want
[18:27:41] <WindowsBunny> some people want to add the f32 as a real number, which means adding it to the real part of the complex number only
[18:27:48] <WindowsBunny> adding it to the imaginary component is silly
[18:27:48] <meh> WindowsBunny, yeah, I get the reasons, I just didn't want to write something that was already there
[18:28:58] *** Joins: avikpal (avikpal@moz-kvo.9fs.194.117.IP)
[18:31:15] *** Quits: avikpal_ (avikpal@moz-668.6u9.79.112.IP) (Ping timeout: 121 seconds)
[18:32:41] *** Joins: jensnockert (jensnockert@moz-0rd3rj.siw.siwnet.net)
[18:36:44] *** Quits: jensnockert (jensnockert@moz-0rd3rj.siw.siwnet.net) (Ping timeout: 121 seconds)
[18:36:45] *** Quits: aftershave (textual@moz-jbfg59.priv.bahnhof.se) (Quit: Textual IRC Client: www.textualapp.com)
[18:37:14] *** Joins: wai (Mibbit@moz-i264om.customer.tdc.net)
[18:54:28] *** Quits: pcwalton (pcwalton@moz-l8ebtf.sfo1.mozilla.com) (Client exited)
[18:57:07] *** Joins: Boscop (me@moz-82a.fui.159.180.IP)
[18:57:29] *** Quits: erickt (erickt@moz-4hh.6p3.217.74.IP) (Ping timeout: 121 seconds)
[19:02:29] *** Quits: Amaranth (travis@moz-1raqsl.cpe.cableone.net) (Quit: Sleep time...)
[19:04:17] *** Joins: jsgrant (jsgrant@moz-3j9d6a.mo.charter.com)
[19:04:38] <meh> I thought that wouldn't be a problem, but coherence is killing me :(
[19:04:54] <meh> guess I'll have to figure something else out
[19:05:00] <Elainemo> meh: don't try to implement the trait
[19:05:02] <Elainemo> just add a method.
[19:05:11] <meh> Elainemo, yeah but I also need multiplication
[19:05:21] <Elainemo> just add a method :P
[19:05:46] <meh> and division, that's the main problem
[19:09:11] *** Joins: Pierre_M (Pierre_M@moz-g3a.5hf.152.12.IP)
[19:09:25] *** Quits: Pierre_M (Pierre_M@moz-g3a.5hf.152.12.IP) (Quit: Leaving)
[19:11:25] *** Joins: Pierre_M (Pierre_M@moz-b84gag.slkc.qwest.net)
[19:19:09] *** Joins: Boscop_ (me@moz-k6c.jra.250.104.IP)
[19:21:41] *** Quits: _zjjr_ (zjjr@moz-a1plh6.oc.cox.net) (Ping timeout: 121 seconds)
[19:21:44] *** Quits: palodequeso (quassel@moz-ebjt83.hfc.comcastbusiness.net) (A TLS packet with unexpected length was received.)
[19:22:00] *** Quits: Boscop (me@moz-82a.fui.159.180.IP) (Ping timeout: 121 seconds)
[19:27:07] *** Joins: nodweber (nodweber@moz-knt.fgq.178.5.IP)
[19:28:51] *** Joins: UberLambda (uber@moz-kjifre.clienti.tiscali.it)
[19:33:52] *** Quits: ZRM (ZRM@moz-9nvm5g.range109-149.btcentralplus.com) (Client exited)
[19:34:08] *** Joins: jensnockert (jensnockert@moz-0rd3rj.siw.siwnet.net)
[19:36:02] *** Joins: Boscop__ (me@moz-82a.fui.159.180.IP)
[19:37:46] *** Joins: Boscop (me@moz-k42.qg1.139.174.IP)
[19:38:11] *** Quits: jensnockert (jensnockert@moz-0rd3rj.siw.siwnet.net) (Ping timeout: 121 seconds)
[19:38:45] *** Joins: FrozenCow (FrozenCow@moz-i2tvv4.chello.nl)
[19:39:31] *** Quits: Boscop_ (me@moz-k6c.jra.250.104.IP) (Ping timeout: 121 seconds)
[19:40:08] *** Quits: Boscop__ (me@moz-82a.fui.159.180.IP) (Ping timeout: 121 seconds)
[19:40:53] *** Joins: O01eg (o01eg@moz-j1v4s6.ivch.3egh.2698.2a02.IP)
[19:41:26] *** Quits: nodweber (nodweber@moz-knt.fgq.178.5.IP) (A TLS packet with unexpected length was received.)
[19:42:12] *** Joins: nodweber (nodweber@moz-knt.fgq.178.5.IP)
[19:45:58] *** Joins: ZRM (ZRM@moz-9nvm5g.range109-149.btcentralplus.com)
[19:46:05] *** Quits: wai (Mibbit@moz-i264om.customer.tdc.net) (Quit: http://www.mibbit.com ajax IRC Client)
[19:47:26] <tomaka> I love when cargo tells me "permission denied to open foo.exe" after five long minutes of compilation
[19:47:33] <Elainemo> aw
[19:47:38] <tomaka> and it isn't even true
[19:48:30] *** Quits: UberLambda (uber@moz-kjifre.clienti.tiscali.it) (Quit: GTG)
[19:49:14] *** Joins: dmac_ (dmac@moz-rn5.5su.170.198.IP)
[19:49:36] <jpernst> i think there's some kind of race condition with windows file locking
[19:49:45] <jpernst> i remember D's build system having a similar issue a while back
