[00:07:05] *** Quits: erickt (erickt@moz-4hh.6p3.217.74.IP) (Ping timeout: 121 seconds)
[00:18:33] *** Quits: aatch (james@moz-is4j4r.cable.telstraclear.net) (Quit: Leaving)
[00:35:19] *** Quits: Tobba (Tobba@moz-o13d22.bredband.telia.com) (Ping timeout: 121 seconds)
[00:36:14] *** Quits: mcpherrin (uid11663@moz-cgplg8.brockwell.irccloud.com) (Quit: Connection closed for inactivity)
[00:47:22] *** Quits: simukis1 (nagisa@moz-8t068g.static.zebra.lt) (Quit: Leaving.)
[01:54:09] *** Joins: annodomini (lambda@moz-qgii5v.ma.comcast.net)
[01:54:12] *** Quits: annodomini (lambda@moz-qgii5v.ma.comcast.net) (Client exited)
[01:55:21] *** Quits: Rym (y@moz-rmaga4.range86-187.btcentralplus.com) (Connection closed)
[01:55:54] *** Joins: Rym (y@moz-rmaga4.range86-187.btcentralplus.com)
[02:27:23] *** Quits: kimundi (kimundi@moz-tnjjh1.dip0.t-ipconnect.de) (Ping timeout: 121 seconds)
[02:28:43] *** Joins: zz_kimundi (kimundi@moz-3muk93.dip0.t-ipconnect.de)
[02:28:44] *** zz_kimundi is now known as kimundi
[03:14:23] *** Joins: Tobba (Tobba@moz-o13d22.bredband.telia.com)
[03:20:01] *** Quits: Tobba (Tobba@moz-o13d22.bredband.telia.com) (Ping timeout: 121 seconds)
[04:02:59] *** mcpherri2 is now known as mcpherrin
[04:14:50] *** Joins: brson (brson@moz-sni.tdl.56.172.IP)
[04:14:50] *** ChanServ sets mode: +qo brson brson
[04:58:14] *** Joins: Rym_ (y@moz-rmaga4.range86-187.btcentralplus.com)
[04:58:30] *** Quits: Rym (y@moz-rmaga4.range86-187.btcentralplus.com) (Connection closed)
[05:47:12] *** Quits: brson (brson@moz-sni.tdl.56.172.IP) (Quit: leaving)
[05:55:55] *** Quits: Rym_ (y@moz-rmaga4.range86-187.btcentralplus.com) (Ping timeout: 121 seconds)
[06:22:45] *** Joins: Rym_ (y@moz-rmaga4.range86-187.btcentralplus.com)
[06:26:54] *** Quits: Rym_ (y@moz-rmaga4.range86-187.btcentralplus.com) (Ping timeout: 121 seconds)
[07:16:51] *** Joins: Rym_ (y@moz-rmaga4.range86-187.btcentralplus.com)
[07:21:05] *** Quits: Rym_ (y@moz-rmaga4.range86-187.btcentralplus.com) (Ping timeout: 121 seconds)
[08:11:00] *** Joins: Rym_ (y@moz-rmaga4.range86-187.btcentralplus.com)
[08:15:14] *** Quits: Rym_ (y@moz-rmaga4.range86-187.btcentralplus.com) (Ping timeout: 121 seconds)
[08:54:44] *** Joins: gleb (gleb@moz-3u1drv.rusanovka-net.kiev.ua)
[09:05:08] *** Joins: Rym_ (y@moz-rmaga4.range86-187.btcentralplus.com)
[09:09:24] *** Quits: Rym_ (y@moz-rmaga4.range86-187.btcentralplus.com) (Ping timeout: 121 seconds)
[09:23:54] *** Joins: simukis (nagisa@moz-8t068g.static.zebra.lt)
[09:59:20] *** Joins: Rym_ (y@moz-rmaga4.range86-187.btcentralplus.com)
[10:03:34] *** Quits: Rym_ (y@moz-rmaga4.range86-187.btcentralplus.com) (Ping timeout: 121 seconds)
[10:51:51] *** Quits: gleb (gleb@moz-3u1drv.rusanovka-net.kiev.ua) (Ping timeout: 121 seconds)
[10:53:31] *** Joins: Rym_ (y@moz-rmaga4.range86-187.btcentralplus.com)
[10:56:42] *** Joins: jooert (johannes@moz-p1f45d.s5d4.oeh7.0908.2a02.IP)
[10:57:43] *** Quits: Rym_ (y@moz-rmaga4.range86-187.btcentralplus.com) (Ping timeout: 121 seconds)
[11:17:58] *** Joins: Tobba (Tobba@moz-o13d22.bredband.telia.com)
[11:35:50] *** Quits: p1start (p1start@moz-nftjhe.org) (Ping timeout: 121 seconds)
[11:47:41] *** Joins: Rym_ (y@moz-rmaga4.range86-187.btcentralplus.com)
[11:51:55] *** Quits: Rym_ (y@moz-rmaga4.range86-187.btcentralplus.com) (Ping timeout: 121 seconds)
[12:17:17] *** Joins: sigma (sigma@moz-llrbra.range86-135.btcentralplus.com)
[12:39:04] *** Quits: LinuxBunny (Retep998@moz-prmara.east.verizon.net) (Ping timeout: 121 seconds)
[12:41:49] *** Joins: Rym_ (y@moz-rmaga4.range86-187.btcentralplus.com)
[12:46:03] *** Quits: Rym_ (y@moz-rmaga4.range86-187.btcentralplus.com) (Ping timeout: 121 seconds)
[13:03:45] *** Joins: burntsushi__ (burntsushi@moz-t92kn9.ma.charter.com)
[13:04:09] *** Quits: burntsushi (burntsushi@moz-t92kn9.ma.charter.com) (Ping timeout: 121 seconds)
[13:36:01] *** Joins: Rym_ (y@moz-rmaga4.range86-187.btcentralplus.com)
[13:40:15] *** Quits: Rym_ (y@moz-rmaga4.range86-187.btcentralplus.com) (Ping timeout: 121 seconds)
[13:50:10] *** Quits: jooert (johannes@moz-p1f45d.s5d4.oeh7.0908.2a02.IP) (Ping timeout: 121 seconds)
[14:01:57] *** Joins: Rym_ (y@moz-rmaga4.range86-187.btcentralplus.com)
[14:27:21] *** Joins: annodomini (lambda@moz-qgii5v.ma.comcast.net)
[14:29:40] *** Joins: killercup (killercup@moz-gpufip.dip0.t-ipconnect.de)
[14:47:37] *** Quits: Rym_ (y@moz-rmaga4.range86-187.btcentralplus.com) (Ping timeout: 121 seconds)
[15:01:34] *** Quits: simukis (nagisa@moz-8t068g.static.zebra.lt) (Ping timeout: 121 seconds)
[15:11:23] *** Joins: Rym_ (y@moz-rmaga4.range86-187.btcentralplus.com)
[15:19:55] *** Joins: simukis (nagisa@moz-8t068g.static.zebra.lt)
[15:27:37] *** Joins: blank_na1e (blank_name@moz-204.u7h.36.50.IP)
[15:28:02] *** Quits: blank_name (blank_name@moz-trd.8u3.36.50.IP) (Ping timeout: 121 seconds)
[16:40:48] *** Joins: erickt (erickt@moz-njt.vqi.14.76.IP)
[17:08:16] *** Quits: simukis (nagisa@moz-8t068g.static.zebra.lt) (Ping timeout: 121 seconds)
[17:10:17] *** Quits: sigma (sigma@moz-llrbra.range86-135.btcentralplus.com) (Ping timeout: 121 seconds)
[17:26:18] *** Joins: simukis (nagisa@moz-8t068g.static.zebra.lt)
[18:00:41] *** Quits: simukis (nagisa@moz-8t068g.static.zebra.lt) (Quit: Leaving.)
[18:00:53] *** Quits: annodomini (lambda@moz-qgii5v.ma.comcast.net) (Client exited)
[18:01:50] *** Joins: gleb (gleb@moz-3u1drv.rusanovka-net.kiev.ua)
[18:02:02] *** Joins: simukis (nagisa@moz-8t068g.static.zebra.lt)
[18:07:59] *** Joins: Rym (y@moz-rmaga4.range86-187.btcentralplus.com)
[18:08:07] *** Quits: Rym_ (y@moz-rmaga4.range86-187.btcentralplus.com) (Connection closed)
[19:10:31] *** Joins: killercu_ (killercup@moz-gpufip.dip0.t-ipconnect.de)
[19:13:05] *** Quits: killercup (killercup@moz-gpufip.dip0.t-ipconnect.de) (Ping timeout: 121 seconds)
[19:15:43] *** Quits: erickt (erickt@moz-njt.vqi.14.76.IP) (Ping timeout: 121 seconds)
[19:17:59] *** Joins: annodomini (lambda@moz-qgii5v.ma.comcast.net)
[19:47:55] *** Joins: erickt (erickt@moz-njt.vqi.14.76.IP)
[20:22:47] *** Quits: erickt (erickt@moz-njt.vqi.14.76.IP) (Ping timeout: 121 seconds)
[20:53:19] *** Quits: killercu_ (killercup@moz-gpufip.dip0.t-ipconnect.de) (Quit: Bye)
[21:33:37] *** Joins: p1start (p1start@moz-nftjhe.org)
[21:36:30] *** Quits: simukis (nagisa@moz-8t068g.static.zebra.lt) (Ping timeout: 121 seconds)
[21:54:21] *** Joins: simukis (nagisa@moz-8t068g.static.zebra.lt)
[22:18:14] *** Quits: blank_na1e (blank_name@moz-204.u7h.36.50.IP) (Ping timeout: 121 seconds)
[22:19:15] *** Joins: blank_name (blank_name@moz-204.u7h.36.50.IP)
[22:20:26] *** Quits: blank_name (blank_name@moz-204.u7h.36.50.IP) (Quit: leaving)
[22:28:55] *** Joins: erickt (erickt@moz-g7qhvc.vlljca.sbcglobal.net)
[22:43:33] *** Quits: p1start (p1start@moz-nftjhe.org) (Ping timeout: 121 seconds)
[22:44:36] *** Joins: p1start (p1start@moz-nftjhe.org)
[22:48:06] *** Quits: annodomini (lambda@moz-qgii5v.ma.comcast.net) (Client exited)
[22:52:52] *** burntsushi__ is now known as burntsushi
[23:09:15] *** Joins: blank_name (blank_name@moz-204.u7h.36.50.IP)
[23:26:40] *** Quits: Rym (y@moz-rmaga4.range86-187.btcentralplus.com) (Ping timeout: 121 seconds)
[23:51:21] *** Joins: proc (proc@moz-c2t5u7.dip0.t-ipconnect.de)
[23:53:40] *** Joins: Rym (y@moz-rmaga4.range86-187.btcentralplus.com)
[23:57:51] *** Quits: Rym (y@moz-rmaga4.range86-187.btcentralplus.com) (Ping timeout: 121 seconds)
