[00:00:38] *** Quits: swgillespie (swgillespie@moz-upj.3un.220.167.IP) (Quit: My MacBook Pro has gone to sleep. ZZZzzz…)
[00:02:09] *** Quits: dfoelber (dfoelber@moz-obfuab.fios.verizon.net) (Ping timeout: 121 seconds)
[00:02:11] *** panicbit1 is now known as panicbit
[00:15:42] *** Quits: Rym (y@moz-o8t.887.55.31.IP) (Ping timeout: 121 seconds)
[00:15:59] *** Quits: tcurdt (tcurdt@moz-kbsrse.dip0.t-ipconnect.de) (Quit: Textual IRC Client: www.textualapp.com)
[00:17:32] *** Joins: Rym (y@moz-o8t.887.55.31.IP)
[00:19:17] *** Quits: glennpratt (glennpratt@moz-neq2gf.dsl-w.verizon.net) (A TLS packet with unexpected length was received.)
[00:19:39] *** Quits: Rym (y@moz-o8t.887.55.31.IP) (Connection closed)
[00:21:54] *** Quits: bluss (bluss@moz-ec5o68.cust.bredbandsbolaget.se) (Ping timeout: 121 seconds)
[00:22:54] *** Joins: dcb (textual@moz-j72nfe.ca.comcast.net)
[00:23:09] *** Quits: dcb (textual@moz-j72nfe.ca.comcast.net) (Quit: Textual IRC Client: www.textualapp.com)
[00:25:22] *** Joins: brson (brson@moz-k2tblc.tmodns.net)
[00:32:00] *** Joins: glennpratt (glennpratt@moz-neq2gf.dsl-w.verizon.net)
[00:38:09] *** Joins: ytain (ytain@moz-6bg2hd.dsl.teksavvy.com)
[00:45:33] *** Quits: brson (brson@moz-k2tblc.tmodns.net) (Quit: leaving)
[00:51:22] *** Joins: Rym (y@moz-o8t.887.55.31.IP)
[01:11:55] *** Joins: swgillespie (swgillespie@moz-rn1.vmq.232.104.IP)
[01:12:46] *** Quits: Rym (y@moz-o8t.887.55.31.IP) (Ping timeout: 121 seconds)
[01:16:34] *** Quits: swgillespie (swgillespie@moz-rn1.vmq.232.104.IP) (Quit: My MacBook Pro has gone to sleep. ZZZzzz…)
[01:24:05] *** Quits: FreeFull (freefull@moz-ot4gb1.range165-120.btcentralplus.com) (Ping timeout: 121 seconds)
[01:26:07] *** Joins: FreeFull (freefull@moz-f96o13.range109-148.btcentralplus.com)
[01:29:32] *** Joins: swgillespie (swgillespie@moz-rn1.vmq.232.104.IP)
[01:30:20] *** Quits: pcwalton (pcwalton@moz-l8ebtf.sfo1.mozilla.com) (Client exited)
[01:31:47] *** Joins: jminer (Instantbird@moz-b1u.qch.163.66.IP)
[01:41:04] *** Joins: Rym (y@moz-o8t.887.55.31.IP)
[01:41:16] *** Quits: ytain (ytain@moz-6bg2hd.dsl.teksavvy.com) (Quit: Textual IRC Client: www.textualapp.com)
[01:43:12] *** Joins: geomyidae_ (uid214@moz-n22p0h.charlton.irccloud.com)
[01:56:44] *** Quits: swgillespie (swgillespie@moz-rn1.vmq.232.104.IP) (Quit: My MacBook Pro has gone to sleep. ZZZzzz…)
[02:18:51] *** Joins: bitshifternz (bitshiftern@moz-08mg32.tpgi.com.au)
[02:25:51] *** Cifram_ is now known as Cifram
[02:31:24] *** Joins: brson (brson@moz-k2tblc.tmodns.net)
[02:31:56] *** Joins: c74d (c74d3a4ebb6@moz-bpqgf0.mggc.hibn.4404.2002.IP)
[02:32:32] *** Quits: c74d3 (c74d3a4ebb6@moz-0ersgu.oc.cox.net) (Ping timeout: 121 seconds)
[02:43:59] *** Quits: brson (brson@moz-k2tblc.tmodns.net) (Quit: leaving)
[02:50:18] *** Quits: kimundi (kimundi@moz-d0vsal.dip0.t-ipconnect.de) (Ping timeout: 121 seconds)
[02:51:16] *** Joins: kimundi (kimundi@moz-0fkcjr.dip0.t-ipconnect.de)
[02:55:46] *** kimundi is now known as zz_kimundi
[02:56:08] *** Quits: glennpratt (glennpratt@moz-neq2gf.dsl-w.verizon.net) (A TLS packet with unexpected length was received.)
[03:03:05] *** zz_kimundi is now known as kimundi
[03:05:01] *** Joins: glennpratt (glennpratt@moz-neq2gf.dsl-w.verizon.net)
[03:27:41] *** Joins: brson (brson@moz-sn7.c9m.56.172.IP)
[03:33:14] *** Joins: reem (reem@moz-m5i.bm2.75.97.IP)
[03:40:11] *** Joins: mzabaluev (Thunderbird@moz-3bijqs.bb.dnainternet.fi)
[03:42:56] *** Quits: psd|afk (psd@moz-acc.mpg.78.202.IP) (Ping timeout: 121 seconds)
[03:47:32] *** Quits: reem (reem@moz-m5i.bm2.75.97.IP) (Connection closed)
[03:47:34] *** Joins: reem (reem@moz-m5i.bm2.75.97.IP)
[03:50:49] *** Joins: c74d3 (c74d3a4ebb6@moz-0ersgu.oc.cox.net)
[03:50:53] *** Quits: reem (reem@moz-m5i.bm2.75.97.IP) (Connection closed)
[03:51:01] *** Quits: c74d (c74d3a4ebb6@moz-bpqgf0.mggc.hibn.4404.2002.IP) (Ping timeout: 121 seconds)
[03:54:24] *** Joins: reem (reem@moz-90buup.hfc.comcastbusiness.net)
[04:08:44] *** Quits: glennpratt (glennpratt@moz-neq2gf.dsl-w.verizon.net) (A TLS packet with unexpected length was received.)
[04:13:39] *** Quits: Rym (y@moz-o8t.887.55.31.IP) (Ping timeout: 121 seconds)
[04:16:55] *** Quits: reem (reem@moz-90buup.hfc.comcastbusiness.net) (Connection closed)
[04:18:03] *** Joins: reem (reem@moz-m5i.bm2.75.97.IP)
[04:19:21] *** Quits: reem (reem@moz-m5i.bm2.75.97.IP) (Connection closed)
[04:20:46] *** Joins: reem (reem@moz-90buup.hfc.comcastbusiness.net)
[04:24:16] *** Quits: reem (reem@moz-90buup.hfc.comcastbusiness.net) (Connection closed)
[04:28:45] *** Joins: glennpratt (glennpratt@moz-neq2gf.dsl-w.verizon.net)
[04:37:12] *** Joins: reem (reem@moz-90buup.hfc.comcastbusiness.net)
[04:37:26] *** Quits: reem (reem@moz-90buup.hfc.comcastbusiness.net) (Connection closed)
[04:37:48] *** Joins: reem (reem@moz-90buup.hfc.comcastbusiness.net)
[04:40:04] *** Joins: Rym (y@moz-o8t.887.55.31.IP)
[04:41:05] *** Quits: panicbit (panicbit@moz-r4ks4s.dip0.t-ipconnect.de) (Ping timeout: 121 seconds)
[04:42:11] *** Quits: reem (reem@moz-90buup.hfc.comcastbusiness.net) (Ping timeout: 121 seconds)
[04:44:26] *** Quits: Rym (y@moz-o8t.887.55.31.IP) (Ping timeout: 121 seconds)
[04:50:07] *** Joins: reem (reem@moz-90buup.hfc.comcastbusiness.net)
[04:51:56] *** Quits: reem (reem@moz-90buup.hfc.comcastbusiness.net) (Connection closed)
[05:17:43] *** Joins: Shackra (Jorge@moz-7bh.ng6.177.186.IP)
[05:28:31] *** Quits: geomyidae_ (uid214@moz-n22p0h.charlton.irccloud.com) (Quit: Connection closed for inactivity)
[05:34:12] *** Joins: Rym (y@moz-o8t.887.55.31.IP)
[05:35:08] *** Quits: mzabaluev (Thunderbird@moz-3bijqs.bb.dnainternet.fi) (Ping timeout: 121 seconds)
[05:38:37] *** Quits: Rym (y@moz-o8t.887.55.31.IP) (Ping timeout: 121 seconds)
[05:43:49] *** Quits: bitshifternz (bitshiftern@moz-08mg32.tpgi.com.au) (Ping timeout: 121 seconds)
[06:08:09] *** Joins: SneakySnake (nya@moz-i9is4u.pool.telekom.hu)
[06:13:39] *** Quits: Shackra (Jorge@moz-7bh.ng6.177.186.IP) (Ping timeout: 121 seconds)
[06:14:19] *** Joins: Shackra (Jorge@moz-7bh.ng6.177.186.IP)
[06:15:30] *** Quits: jminer (Instantbird@moz-b1u.qch.163.66.IP) (Ping timeout: 121 seconds)
[06:28:19] *** Joins: Rym (y@moz-o8t.887.55.31.IP)
[06:32:34] *** Joins: pcwalton (pcwalton@moz-6kjabm.ca.comcast.net)
[06:32:45] *** Quits: Rym (y@moz-o8t.887.55.31.IP) (Ping timeout: 121 seconds)
[06:49:39] *** Quits: SneakySnake (nya@moz-i9is4u.pool.telekom.hu) (Connection closed)
[06:56:32] *** Quits: pcwalton (pcwalton@moz-6kjabm.ca.comcast.net) (Client exited)
[07:04:38] *** Quits: barosl (barosl@moz-tmp.qma.67.220.IP) (Connection closed)
[07:09:49] *** Joins: barosl (barosl@moz-tmp.qma.67.220.IP)
[07:14:30] *** Joins: ptalbot (ptalbot@moz-j4gnuh.fbx.proxad.net)
[07:18:35] *** Quits: brson (brson@moz-sn7.c9m.56.172.IP) (Quit: leaving)
[07:22:30] *** Joins: Rym (y@moz-o8t.887.55.31.IP)
[07:25:40] *** Joins: vpol (vpol@moz-gcb52h.static.zebra.lt)
[07:26:53] *** Quits: Rym (y@moz-o8t.887.55.31.IP) (Ping timeout: 121 seconds)
[07:52:39] *** Joins: reem (reem@moz-90buup.hfc.comcastbusiness.net)
[07:56:49] *** Quits: reem (reem@moz-90buup.hfc.comcastbusiness.net) (Ping timeout: 121 seconds)
[08:01:33] *** Quits: Mutabah (tpg@moz-hklpnj.mutabah.net) (Ping timeout: 121 seconds)
[08:07:04] *** Joins: Mutabah (tpg@moz-hklpnj.mutabah.net)
[08:16:38] *** Joins: Rym (y@moz-o8t.887.55.31.IP)
[08:21:02] *** Quits: Rym (y@moz-o8t.887.55.31.IP) (Ping timeout: 121 seconds)
[08:25:56] *** Quits: Shackra (Jorge@moz-7bh.ng6.177.186.IP) (Ping timeout: 121 seconds)
[08:28:34] *** Joins: bluss (bluss@moz-ec5o68.cust.bredbandsbolaget.se)
[08:32:51] *** Joins: psd (psd@moz-acc.mpg.78.202.IP)
[08:35:05] *** Joins: SneakySnake (nya@moz-i9is4u.pool.telekom.hu)
[08:53:14] *** Joins: mzabaluev (Thunderbird@moz-3bijqs.bb.dnainternet.fi)
[08:53:16] *** Quits: ptalbot (ptalbot@moz-j4gnuh.fbx.proxad.net) (Connection closed)
[09:10:45] *** Joins: Rym (y@moz-o8t.887.55.31.IP)
[09:15:11] *** Quits: Rym (y@moz-o8t.887.55.31.IP) (Ping timeout: 121 seconds)
[10:01:01] *** Quits: mzabaluev (Thunderbird@moz-3bijqs.bb.dnainternet.fi) (Client exited)
[10:13:09] *** Quits: O01eg (o01eg@moz-s1po2u.itej.3egh.2698.2a02.IP) (Client exited)
[10:37:14] *** Quits: dustinm` (dustinm@moz-es6jb7.ip-167-114-152.net) (Ping timeout: 121 seconds)
[10:41:35] *** Quits: SneakySnake (nya@moz-i9is4u.pool.telekom.hu) (Quit: Leaving)
[10:42:34] *** Joins: SneakySnake (nya@moz-i9is4u.pool.telekom.hu)
[10:55:48] *** Joins: dustinm` (dustinm@moz-1c1j82.fu2o.sj0n.5300.2607.IP)
[10:59:05] *** Joins: Rym (y@moz-o8t.887.55.31.IP)
[11:03:31] *** Quits: Rym (y@moz-o8t.887.55.31.IP) (Ping timeout: 121 seconds)
[11:14:13] *** Quits: qrlpx (smuxi@moz-012.b4n.126.176.IP) (Ping timeout: 121 seconds)
[11:15:54] *** Joins: edlothiol (user@moz-chhfor.hsi02.unitymediagroup.de)
[11:19:12] *** Joins: qrlpx (smuxi@moz-uj6a1b.dip0.t-ipconnect.de)
[11:50:03] *** Quits: psd (psd@moz-acc.mpg.78.202.IP) (Ping timeout: 121 seconds)
[11:53:22] *** Joins: Rym (y@moz-o8t.887.55.31.IP)
[11:54:26] *** Quits: hugod (user@moz-885.jmo.24.70.IP) (Connection closed)
[11:57:38] *** Quits: Rym (y@moz-o8t.887.55.31.IP) (Ping timeout: 121 seconds)
[12:01:38] *** Joins: hugod (user@moz-885.jmo.24.70.IP)
[12:07:40] *** Joins: ytain (ytain@moz-6bg2hd.dsl.teksavvy.com)
[12:09:22] *** Joins: psd (psd@moz-acc.mpg.78.202.IP)
[12:47:22] *** Joins: Rym (y@moz-o8t.887.55.31.IP)
[12:48:21] *** Joins: killercup (killercup@moz-edmf2j.dip0.t-ipconnect.de)
[12:51:48] *** Quits: Rym (y@moz-o8t.887.55.31.IP) (Ping timeout: 121 seconds)
[12:58:01] <mitsuhiko> can you indicate somehow to crates.io that you're beta compatible?
[12:58:05] <mitsuhiko> and show beta compatible crates?
[13:08:17] *** Quits: FreeFull (freefull@moz-f96o13.range109-148.btcentralplus.com) (Ping timeout: 121 seconds)
[13:13:15] *** Quits: qrlpx (smuxi@moz-uj6a1b.dip0.t-ipconnect.de) (Ping timeout: 121 seconds)
[13:18:14] *** Joins: qrlpx (smuxi@moz-012.b4n.126.176.IP)
[13:19:06] *** Joins: FreeFull (freefull@moz-f96o13.range109-148.btcentralplus.com)
[13:23:02] *** Joins: panicbit (panicbit@moz-m6rkkt.versanet.de)
[13:34:32] *** Quits: panicbit (panicbit@moz-m6rkkt.versanet.de) (Ping timeout: 121 seconds)
[13:41:33] *** Joins: Rym (y@moz-o8t.887.55.31.IP)
[13:42:13] *** Quits: psd (psd@moz-acc.mpg.78.202.IP) (Ping timeout: 121 seconds)
[13:44:19] *** Joins: aepsil0n (eduard@moz-6491ha.mv2h.pepi.8071.2a02.IP)
[13:45:58] *** Quits: Rym (y@moz-o8t.887.55.31.IP) (Ping timeout: 121 seconds)
[13:48:10] *** Joins: panicbit (panicbit@moz-9fh7th.versanet.de)
[13:55:37] *** Joins: psd (psd@moz-gfk.udv.203.116.IP)
[14:03:16] *** Quits: panicbit (panicbit@moz-9fh7th.versanet.de) (Quit: Leaving)
[14:33:49] *** Quits: psd (psd@moz-gfk.udv.203.116.IP) (Ping timeout: 121 seconds)
[14:35:42] *** Joins: Rym (y@moz-o8t.887.55.31.IP)
[14:38:57] *** kimundi is now known as zz_kimundi
[14:40:08] *** Quits: Rym (y@moz-o8t.887.55.31.IP) (Ping timeout: 121 seconds)
[14:44:30] *** Joins: iu (iu@moz-glc854.cust.bredbandsbolaget.se)
[14:49:43] *** Quits: iu (iu@moz-glc854.cust.bredbandsbolaget.se) (Quit: )
[14:53:08] *** Joins: psd (psd@moz-acc.mpg.78.202.IP)
[14:53:41] *** Joins: Rym (y@moz-o8t.887.55.31.IP)
[15:48:19] *** Joins: ptalbot (ptalbot@moz-j4gnuh.fbx.proxad.net)
[16:04:20] *** Quits: ptalbot (ptalbot@moz-j4gnuh.fbx.proxad.net) (Ping timeout: 121 seconds)
[16:08:09] *** Quits: psd (psd@moz-acc.mpg.78.202.IP) (A TLS packet with unexpected length was received.)
[16:26:28] *** Joins: reem (reem@moz-90buup.hfc.comcastbusiness.net)
[16:30:21] *** Quits: vpol (vpol@moz-gcb52h.static.zebra.lt) (Client exited)
[16:36:02] *** Joins: pcwalton (pcwalton@moz-6kjabm.ca.comcast.net)
[16:41:50] *** Quits: reem (reem@moz-90buup.hfc.comcastbusiness.net) (Connection closed)
[16:41:54] *** Joins: reem (reem@moz-90buup.hfc.comcastbusiness.net)
[16:41:54] *** Quits: reem (reem@moz-90buup.hfc.comcastbusiness.net) (Connection closed)
[16:53:14] *** Joins: ptalbot (ptalbot@moz-j4gnuh.fbx.proxad.net)
[17:05:09] *** Joins: brson (brson@moz-8u1.c9m.56.172.IP)
[17:26:50] *** Quits: pcwalton (pcwalton@moz-6kjabm.ca.comcast.net) (Client exited)
[17:27:30] *** Joins: reem (reem@moz-90buup.hfc.comcastbusiness.net)
[17:30:13] *** Joins: jminer (Instantbird@moz-b1u.qch.163.66.IP)
[17:39:46] *** Quits: SneakySnake (nya@moz-i9is4u.pool.telekom.hu) (Quit: Leaving)
[17:41:00] *** Joins: SneakySnake (nya@moz-i9is4u.pool.telekom.hu)
[17:45:01] *** Joins: reem_ (uid78397@moz-octfcu.brockwell.irccloud.com)
[17:45:05] *** Quits: reem (reem@moz-90buup.hfc.comcastbusiness.net) (Quit: )
[17:45:08] *** reem_ is now known as reem
[17:53:04] *** Quits: barosl (barosl@moz-tmp.qma.67.220.IP) (Quit: Leaving)
[17:55:54] *** Joins: barosl (barosl@moz-tmp.qma.67.220.IP)
[18:01:40] *** Quits: brson (brson@moz-8u1.c9m.56.172.IP) (Quit: leaving)
[18:06:16] *** Quits: aepsil0n (eduard@moz-6491ha.mv2h.pepi.8071.2a02.IP) (Connection closed)
[18:49:22] *** c74d3 is now known as c74d
[18:51:54] *** Joins: swgillespie (swgillespie@moz-rn1.vmq.232.104.IP)
[18:54:06] *** Quits: Rym (y@moz-o8t.887.55.31.IP) (Ping timeout: 121 seconds)
[19:28:50] *** Quits: swgillespie (swgillespie@moz-rn1.vmq.232.104.IP) (Quit: My MacBook Pro has gone to sleep. ZZZzzz…)
[19:29:34] *** Joins: psd (psd@moz-acc.mpg.78.202.IP)
[19:55:51] *** Joins: brson (brson@moz-ppb.c9m.56.172.IP)
[19:57:22] *** Joins: swgillespie (swgillespie@moz-rn1.vmq.232.104.IP)
[20:11:59] *** Quits: swgillespie (swgillespie@moz-rn1.vmq.232.104.IP) (Quit: My MacBook Pro has gone to sleep. ZZZzzz…)
[20:28:17] *** Joins: JanC_ (janc@moz-mt5jru.dsl.scarlet.be)
[20:30:53] *** Quits: JanC__ (janc@moz-jl4o2p.dsl.scarlet.be) (Ping timeout: 121 seconds)
[20:44:03] *** Joins: panicbit (panicbit@moz-r4ks4s.dip0.t-ipconnect.de)
[21:21:21] *** Parts: bluss (bluss@moz-ec5o68.cust.bredbandsbolaget.se) ()
[21:22:13] *** Quits: SneakySnake (nya@moz-i9is4u.pool.telekom.hu) (Quit: Leaving)
[21:23:45] *** Quits: psd (psd@moz-acc.mpg.78.202.IP) (A TLS packet with unexpected length was received.)
[21:45:41] *** Joins: dcb (textual@moz-i0id0o.ca.comcast.net)
[21:51:57] *** Quits: ptalbot (ptalbot@moz-j4gnuh.fbx.proxad.net) (Ping timeout: 121 seconds)
[22:04:25] *** Joins: kontinuity (kontinuity@moz-1omfjr.oc.cox.net)
[22:05:21] *** Joins: Rym (y@moz-cfe.mso.205.31.IP)
[22:15:17] *** Quits: barosl (barosl@moz-tmp.qma.67.220.IP) (Connection closed)
[22:15:20] *** Joins: bitshifternz (bitshiftern@moz-08mg32.tpgi.com.au)
[22:19:47] *** Quits: killercup (killercup@moz-edmf2j.dip0.t-ipconnect.de) (Quit: My Mac has gone to sleep. ZZZzzz…)
[22:44:12] *** Joins: hugoduncan (user@moz-885.jmo.24.70.IP)
[22:46:33] *** Quits: hugod (user@moz-885.jmo.24.70.IP) (Ping timeout: 121 seconds)
[22:53:28] *** Quits: Rym (y@moz-cfe.mso.205.31.IP) (Ping timeout: 121 seconds)
[22:54:18] *** Quits: dcb (textual@moz-i0id0o.ca.comcast.net) (Quit: My Mac has gone to sleep. ZZZzzz…)
[23:07:27] *** hugoduncan is now known as hugod
[23:17:02] *** Quits: ytain (ytain@moz-6bg2hd.dsl.teksavvy.com) (Quit: Textual IRC Client: www.textualapp.com)
[23:21:38] *** Joins: dcb (textual@moz-j72nfe.ca.comcast.net)
[23:28:27] *** Quits: qrlpx (smuxi@moz-012.b4n.126.176.IP) (Ping timeout: 121 seconds)
[23:30:25] *** Joins: swgillespie (swgillespie@moz-rn1.vmq.232.104.IP)
[23:33:27] *** Joins: qrlpx (smuxi@moz-b220aj.dip0.t-ipconnect.de)
[23:50:43] *** Joins: Rym (y@moz-cfe.mso.205.31.IP)
[23:55:07] *** Quits: Rym (y@moz-cfe.mso.205.31.IP) (Ping timeout: 121 seconds)
