[00:01:10] *** Quits: harrisonclarke (harrisoncla@moz-nhv.35b.255.199.IP) (Connection closed)
[00:01:16] *** Joins: harrisonclarke (harrisoncla@moz-7hfo21.eastlink.ca)
[00:01:58] *** Quits: santiago (santiago@moz-8th.j2e.167.12.IP) (Ping timeout: 121 seconds)
[00:03:23] *** Joins: santiago (santiago@moz-8th.j2e.167.12.IP)
[00:04:25] *** Quits: santiago (santiago@moz-8th.j2e.167.12.IP) (Quit: Computer has gone to sleep.)
[00:32:04] *** Quits: swgillespie (swgillespie@moz-1i5.3un.220.167.IP) (Quit: My MacBook Pro has gone to sleep. ZZZzzz…)
[00:50:48] *** Quits: erickt (erickt@moz-4hh.6p3.217.74.IP) (Ping timeout: 121 seconds)
[00:59:53] *** Quits: pcwalton (pcwalton@moz-l8ebtf.sfo1.mozilla.com) (Client exited)
[01:08:20] *** Quits: harrisonclarke (harrisoncla@moz-7hfo21.eastlink.ca) (Connection closed)
[01:09:46] *** Quits: erz (erz@moz-n26c5c.broadband.corbina.ru) (Quit: My Mac has gone to sleep. ZZZzzz…)
[01:11:45] *** Joins: harrisonclarke (harrisoncla@moz-7hfo21.eastlink.ca)
[01:18:45] *** Quits: harrisonclarke (harrisoncla@moz-7hfo21.eastlink.ca) (Connection closed)
[01:19:05] *** Joins: harrisonclarke (harrisoncla@moz-7hfo21.eastlink.ca)
[01:19:27] *** Quits: harrisonclarke (harrisoncla@moz-7hfo21.eastlink.ca) (Connection closed)
[01:19:28] *** Joins: harrisonclarke (harrisoncla@moz-7hfo21.eastlink.ca)
[01:20:55] *** Quits: harrisonclarke (harrisoncla@moz-7hfo21.eastlink.ca) (Connection closed)
[01:22:21] *** Joins: harrisonclarke (harrisoncla@moz-7hfo21.eastlink.ca)
[01:22:25] *** Joins: fkaa (tundmatu@moz-501od2.business.telia.com)
[01:29:25] *** Quits: harrisonclarke (harrisoncla@moz-7hfo21.eastlink.ca) (Connection closed)
[01:30:07] *** Joins: harrisonclarke (harrisoncla@moz-7hfo21.eastlink.ca)
[01:34:10] *** Quits: harrisonclarke (harrisoncla@moz-7hfo21.eastlink.ca) (Ping timeout: 121 seconds)
[01:39:30] *** Joins: harrisonclarke (harrisoncla@moz-7hfo21.eastlink.ca)
[01:44:37] *** Quits: harrisonclarke (harrisoncla@moz-7hfo21.eastlink.ca) (Connection closed)
[01:46:28] *** Joins: newbie (eibwen@moz-t09e97.dip0.t-ipconnect.de)
[01:49:23] *** Quits: eibwen (eibwen@moz-96pnjp.dip0.t-ipconnect.de) (Ping timeout: 121 seconds)
[02:14:39] *** Joins: harrisonclarke (harrisoncla@moz-7hfo21.eastlink.ca)
[02:17:47] *** Quits: zz_kimundi (kimundi@moz-ovh.rvb.226.79.IP) (Ping timeout: 121 seconds)
[02:20:25] *** Joins: zz_kimundi (kimundi@moz-a3om2j.dip0.t-ipconnect.de)
[02:20:27] *** zz_kimundi is now known as kimundi
[02:38:28] *** Joins: swgillespie (swgillespie@moz-rn1.vmq.232.104.IP)
[02:47:01] *** Joins: erickt (erickt@moz-njt.vqi.14.76.IP)
[02:51:31] *** Joins: harrison_ (harrisoncla@moz-7hfo21.eastlink.ca)
[02:54:43] *** Quits: harrisonclarke (harrisoncla@moz-7hfo21.eastlink.ca) (Ping timeout: 121 seconds)
[02:55:54] *** Quits: swgillespie (swgillespie@moz-rn1.vmq.232.104.IP) (Quit: My MacBook Pro has gone to sleep. ZZZzzz…)
[02:56:05] *** Quits: harrison_ (harrisoncla@moz-7hfo21.eastlink.ca) (Connection closed)
[02:56:07] *** Joins: harrisonclarke (harrisoncla@moz-7hfo21.eastlink.ca)
[02:56:13] *** Joins: swgillespie (swgillespie@moz-rn1.vmq.232.104.IP)
[02:58:25] *** Quits: jxv (jxv@moz-2celrt.res.rr.com) (Connection closed)
[03:08:17] *** Quits: newbie (eibwen@moz-t09e97.dip0.t-ipconnect.de) (Ping timeout: 121 seconds)
[03:09:19] <Mutabah> Is it possible to publish a crate that uses non-cargo deps?
[03:09:27] *** Quits: erickt (erickt@moz-njt.vqi.14.76.IP) (Ping timeout: 121 seconds)
[03:09:43] <Mutabah> (I have a plugin crate that uses compiletest for testing, which isn't on cargo)
[03:11:41] *** Quits: Rym_ (y@moz-o80acm.range86-189.btcentralplus.com) (Ping timeout: 121 seconds)
[03:18:48] <huon> you mean non-crates.io deps?
[03:23:19] <Mutabah> derp, yes
[03:28:33] <huon> I don't believe so, but it may work for dev-dependencies or optional dependencies
[03:30:50] <Mutabah> It's listed as a dev dependency...
[03:34:30] <Dabo> it should work then I would think, since dev dependencies aren't required for compiling afaik
[03:35:35] <huon> Mutabah: oh, have you tried and are getting an error message?
[03:38:08] *** Joins: brson (brson@moz-uf6fgd.tmodns.net)
[03:41:21] *** Joins: Rym_ (y@moz-o80acm.range86-189.btcentralplus.com)
[03:44:42] *** Quits: brson (brson@moz-uf6fgd.tmodns.net) (Ping timeout: 121 seconds)
[03:45:45] *** Quits: Rym_ (y@moz-o80acm.range86-189.btcentralplus.com) (Ping timeout: 121 seconds)
[03:45:54] *** Joins: brson (brson@moz-uf6fgd.tmodns.net)
[03:47:31] *** Joins: erickt (erickt@moz-njt.vqi.14.76.IP)
[03:49:27] *** Quits: brson (brson@moz-uf6fgd.tmodns.net) (Quit: leaving)
[03:52:39] *** Quits: erickt (erickt@moz-njt.vqi.14.76.IP) (Ping timeout: 121 seconds)
[03:55:11] *** Quits: FreeFull (freefull@moz-f65lp3.skybroadband.com) (Ping timeout: 121 seconds)
[03:57:14] *** Joins: FreeFull (freefull@moz-f65lp3.skybroadband.com)
[03:58:32] *** Quits: harrisonclarke (harrisoncla@moz-7hfo21.eastlink.ca) (Connection closed)
[03:59:02] *** Joins: harrisonclarke (harrisoncla@moz-7hfo21.eastlink.ca)
[04:02:17] *** Joins: erickt (erickt@moz-njt.vqi.14.76.IP)
[04:03:15] *** Quits: harrisonclarke (harrisoncla@moz-7hfo21.eastlink.ca) (Ping timeout: 121 seconds)
[04:04:37] <Mutabah> huon: Yes, "all dependencies must come from the same source."
[04:07:20] *** Quits: erickt (erickt@moz-njt.vqi.14.76.IP) (Ping timeout: 121 seconds)
[04:08:40] <Dabo> Mutabah, I guess it could be because of the `cargo test -p <package>` command to test dependencies (from crates.io possibly)
[04:09:13] <Mutabah> possbly
[04:09:14] <Dabo> I mean part of the point of crates.io is that if it works, it keeps working, so that probably goes for dependency's tests as well
[04:14:02] *** Joins: harrisonclarke (harrisoncla@moz-uur7pt.eastlink.ca)
[04:23:57] *** Joins: Rym_ (y@moz-o80acm.range86-189.btcentralplus.com)
[04:28:23] *** Quits: Rym_ (y@moz-o80acm.range86-189.btcentralplus.com) (Ping timeout: 121 seconds)
[04:38:20] *** Joins: santiago (santiago@moz-8th.j2e.167.12.IP)
[04:49:59] *** Joins: brson (brson@moz-uf6fgd.tmodns.net)
[04:50:06] <Mutabah> Is there any issue with compiletest being put on crates.io?
[04:50:23] <Mutabah> (Ponderng asking the developer to publish it)
[04:51:42] <Mutabah> According to the description on github, it's an extraction of rustc's compiletest utility
[04:52:45] <brson> Mutabah: not from a licensing perspective, no
[04:53:20] <brson> one thing to consider is that all the in-tree rust libraries are reserved names in the registry
[04:53:28] <brson> not so for compiletest because it isn't a library
[04:53:53] <brson> i'm not concerned about it particularly though
[04:54:05] <brson> if somebody wants to do something cool with compiletest then cool
[04:55:33] <brson> hey cargo, constantly pinging the registry while i'm tethered is lame
[04:57:17] <brson> does cargo keep a cache of all the crates it's downloaded? could it be taught to prefer to make due with whatever it's got available locally instead of freshening things?
[04:58:08] <huon> theoretically the explicit lock / `cargo update` means that it shouldn't need to ping the registry ever, once everything is downloaded (right?)
[05:01:20] <brson> yeah, what i'm seeing might be inevitable. it feels like i'm seeing it alot though!
[05:02:18] *** Quits: brson (brson@moz-uf6fgd.tmodns.net) (Quit: leaving)
[05:18:05] *** Joins: Rym_ (y@moz-o80acm.range86-189.btcentralplus.com)
[05:22:33] *** Quits: Rym_ (y@moz-o80acm.range86-189.btcentralplus.com) (Ping timeout: 121 seconds)
[05:33:43] *** Joins: panicbit (panicbit@moz-r4ks4s.dip0.t-ipconnect.de)
[05:53:35] *** Joins: Rym_ (y@moz-o80acm.range86-189.btcentralplus.com)
[05:58:02] *** Quits: Rym_ (y@moz-o80acm.range86-189.btcentralplus.com) (Ping timeout: 121 seconds)
[06:17:57] *** Quits: panicbit (panicbit@moz-r4ks4s.dip0.t-ipconnect.de) (Ping timeout: 121 seconds)
[06:29:53] *** Quits: harrisonclarke (harrisoncla@moz-uur7pt.eastlink.ca) (Connection closed)
[06:39:44] *** Joins: SneakySnake (nya@moz-i9is4u.pool.telekom.hu)
[06:46:51] *** Joins: brson (brson@moz-uf6fgd.tmodns.net)
[06:47:44] *** Joins: Rym_ (y@moz-o80acm.range86-189.btcentralplus.com)
[06:52:10] *** Quits: Rym_ (y@moz-o80acm.range86-189.btcentralplus.com) (Ping timeout: 121 seconds)
[07:02:46] *** Quits: brson (brson@moz-uf6fgd.tmodns.net) (Quit: leaving)
[07:04:18] *** Joins: laumann (thomas@moz-n9e72h.0.fullrate.dk)
[07:15:17] *** Quits: santiago (santiago@moz-8th.j2e.167.12.IP) (Quit: Computer has gone to sleep.)
[07:37:21] *** Joins: santiago (santiago@moz-ro2mm9.res.rr.com)
[07:41:54] *** Joins: Rym_ (y@moz-o80acm.range86-189.btcentralplus.com)
[07:46:20] *** Quits: Rym_ (y@moz-o80acm.range86-189.btcentralplus.com) (Ping timeout: 121 seconds)
[08:25:58] *** Joins: ptalbot (ptalbot@moz-lrq2ca.dyn.as47377.net)
[08:27:16] *** Joins: filsmick (filsmick@moz-tj8j41.abo.wanadoo.fr)
[08:31:58] *** Quits: Shackra (Jorge@moz-7bh.ng6.177.186.IP) (Connection closed)
[08:32:07] *** Quits: filsmick (filsmick@moz-tj8j41.abo.wanadoo.fr) (Connection closed)
[08:32:30] *** Joins: filsmick (filsmick@moz-tj8j41.abo.wanadoo.fr)
[08:36:02] *** Joins: Rym_ (y@moz-o80acm.range86-189.btcentralplus.com)
[08:36:32] *** Quits: filsmick (filsmick@moz-tj8j41.abo.wanadoo.fr) (Ping timeout: 121 seconds)
[08:38:03] <laumann> hi, i'm trying to publish http://github.com/laumann/compiletest-rs as a crate, but the name seems to be reserved - how do I know which names are reserved and not?
[08:39:13] <tomaka> laumann: https://github.com/rust-lang/crates.io/blob/master/src/reserved_crates.txt
[08:39:45] *** Joins: filsmick (filsmick@moz-tj8j41.abo.wanadoo.fr)
[08:40:30] *** Quits: Rym_ (y@moz-o80acm.range86-189.btcentralplus.com) (Ping timeout: 121 seconds)
[08:41:19] <laumann> tomaka: thanks
[08:43:22] <laumann> all I need to do is change the name in Cargo.toml, right?
[08:43:38] <laumann> it doesn't matter what the GH repo is called?
[08:43:53] <tomaka> yes
[08:53:02] <laumann> ok, now to think of a good name :-)
[08:53:54] <tomaka> compiletest2? :>
[08:56:00] *** Quits: swgillespie (swgillespie@moz-rn1.vmq.232.104.IP) (Quit: My MacBook Pro has gone to sleep. ZZZzzz…)
[08:57:21] <laumann> could be - it's not a rewrite of compiletest though, I've just moved the existing code into its own crate (plus a little modification)
[09:02:28] *** Quits: ptalbot (ptalbot@moz-lrq2ca.dyn.as47377.net) (Ping timeout: 121 seconds)
[09:05:53] *** Joins: swgillespie (swgillespie@moz-rn1.vmq.232.104.IP)
[09:17:37] *** Joins: cjs2 (cjs2@moz-tjbrim.lsn.wtnet.de)
[09:24:53] *** Quits: O01eg (o01eg@moz-sgb7te.m4if.3egh.2698.2a02.IP) (Client exited)
[09:30:12] *** Joins: Rym_ (y@moz-o80acm.range86-189.btcentralplus.com)
[09:34:40] *** Quits: Rym_ (y@moz-o80acm.range86-189.btcentralplus.com) (Ping timeout: 121 seconds)
[09:44:00] *** Joins: erz (erz@moz-n26c5c.broadband.corbina.ru)
[09:54:40] *** Quits: filsmick (filsmick@moz-tj8j41.abo.wanadoo.fr) (Connection closed)
[10:18:18] *** Quits: swgillespie (swgillespie@moz-rn1.vmq.232.104.IP) (Quit: My MacBook Pro has gone to sleep. ZZZzzz…)
[10:21:53] *** Joins: filsmick (filsmick@moz-tj8j41.abo.wanadoo.fr)
[10:24:21] *** Joins: Rym_ (y@moz-o80acm.range86-189.btcentralplus.com)
[10:26:30] *** Quits: filsmick (filsmick@moz-tj8j41.abo.wanadoo.fr) (Connection closed)
[10:28:09] *** Joins: filsmick (filsmick@moz-tj8j41.abo.wanadoo.fr)
[10:28:49] *** Quits: Rym_ (y@moz-o80acm.range86-189.btcentralplus.com) (Ping timeout: 121 seconds)
[10:34:37] *** Quits: filsmick (filsmick@moz-tj8j41.abo.wanadoo.fr) (Connection closed)
[10:36:35] *** Joins: filsmick (filsmick@moz-tj8j41.abo.wanadoo.fr)
[10:41:11] *** Quits: filsmick (filsmick@moz-tj8j41.abo.wanadoo.fr) (Connection closed)
[10:46:10] *** Quits: p1start (p1start@moz-nftjhe.org) (Ping timeout: 121 seconds)
[10:52:51] *** Joins: filsmick (filsmick@moz-tj8j41.abo.wanadoo.fr)
[11:02:06] *** Quits: Kingsquee (kingsley@moz-3fm07c.bchsia.telus.net) (Quit: Konversation terminated!)
[11:18:30] *** Joins: Rym_ (y@moz-o80acm.range86-189.btcentralplus.com)
[11:21:31] *** Joins: ytain (ytain@moz-pr2.aip.175.108.IP)
[11:22:58] *** Quits: Rym_ (y@moz-o80acm.range86-189.btcentralplus.com) (Ping timeout: 121 seconds)
[11:28:56] *** Joins: nerdopoly (nerdopoly@moz-ouaagf.range86-143.btcentralplus.com)
[11:29:47] *** Joins: ptalbot (ptalbot@moz-lrq2ca.dyn.as47377.net)
[11:41:06] *** Quits: filsmick (filsmick@moz-tj8j41.abo.wanadoo.fr) (Connection closed)
[11:44:53] *** Joins: filsmick (filsmick@moz-tj8j41.abo.wanadoo.fr)
[11:49:09] *** Joins: larsberg (Adium@moz-kmvlue.cable.rcn.com)
[11:50:50] *** Joins: filsmick_ (filsmick@moz-tj8j41.abo.wanadoo.fr)
[11:50:53] *** Quits: larsberg (Adium@moz-kmvlue.cable.rcn.com) (Quit: Leaving.)
[11:51:10] *** Joins: larsberg (sid89@moz-1a60qu.0j4i.jtu0.0101.2620.IP)
[11:52:55] *** Quits: filsmick (filsmick@moz-tj8j41.abo.wanadoo.fr) (Ping timeout: 121 seconds)
[11:53:37] *** Quits: filsmick_ (filsmick@moz-tj8j41.abo.wanadoo.fr) (Connection closed)
[12:00:40] *** Quits: nerdopoly (nerdopoly@moz-ouaagf.range86-143.btcentralplus.com) (Connection closed)
[12:03:31] *** Joins: harrisonclarke (harrisoncla@moz-uur7pt.eastlink.ca)
[12:12:48] *** Joins: Rym_ (y@moz-o80acm.range86-189.btcentralplus.com)
[12:13:30] *** Joins: newbie (eibwen@moz-t09e97.dip0.t-ipconnect.de)
[12:17:06] *** Quits: Rym_ (y@moz-o80acm.range86-189.btcentralplus.com) (Ping timeout: 121 seconds)
[12:25:00] *** Joins: ptalbot_ (ptalbot@moz-h7l0dh.dyn.as47377.net)
[12:25:45] *** Quits: ptalbot (ptalbot@moz-lrq2ca.dyn.as47377.net) (Ping timeout: 121 seconds)
[12:25:51] *** Joins: filsmick (filsmick@moz-tj8j41.abo.wanadoo.fr)
[12:55:13] *** Quits: ptalbot_ (ptalbot@moz-h7l0dh.dyn.as47377.net) (Ping timeout: 121 seconds)
[13:01:04] *** Quits: noustuff (sid82844@moz-n7p65f.uxbridge.irccloud.com) (Quit: )
[13:01:12] *** Joins: noustuff (sid82844@moz-n7p65f.uxbridge.irccloud.com)
[13:06:49] *** Joins: Rym_ (y@moz-o80acm.range86-189.btcentralplus.com)
[13:11:17] *** Quits: Rym_ (y@moz-o80acm.range86-189.btcentralplus.com) (Ping timeout: 121 seconds)
[13:15:53] *** Quits: filsmick (filsmick@moz-tj8j41.abo.wanadoo.fr) (Quit: )
[13:18:17] *** Quits: cjs2 (cjs2@moz-tjbrim.lsn.wtnet.de) (Connection closed)
[13:24:59] *** Joins: ptalbot_ (ptalbot@moz-h7l0dh.dyn.as47377.net)
[13:35:58] *** Quits: rovar (rovar@moz-6iq.47m.88.38.IP) (NickServ (RECOVER command used by Guest13268))
[13:35:59] *** Guest13268 is now known as rovar
[13:36:11] *** Joins: rovar_ (rovar@moz-6iq.47m.88.38.IP)
[13:39:47] *** Joins: panicbit (panicbit@moz-r4ks4s.dip0.t-ipconnect.de)
[13:47:26] *** Joins: bluss (bluss@moz-ec5o68.cust.bredbandsbolaget.se)
[13:48:08] <bluss> new cargo made a package with too much junk / random files from my directory. Did something change? 
[13:48:11] <bluss> cargo 0.2.0-nightly (0d75eb6 2015-05-07) (built 2015-05-08)
[13:48:46] *** Joins: gleb (gleb@moz-3u1drv.rusanovka-net.kiev.ua)
[13:52:26] <bluss> acrichto: https://github.com/rust-lang/cargo/pull/1584
[13:52:48] *** Joins: jxv (jxv@moz-2celrt.res.rr.com)
[13:59:54] <huon> bluss: I suspect the fix may be "add it to your .gitignore"
[13:59:55] *** Joins: Rym_ (y@moz-o80acm.range86-189.btcentralplus.com)
[13:59:58] * huon is unsure
[14:00:07] <bluss> nope
[14:00:14] <bluss> Cargo.lock is in my gitignore
[14:00:28] <huon> huh
[14:00:47] <bluss> generated package includes ./target subdir too
[14:01:02] <bluss> hm wait
[14:01:20] <bluss> I'll review it more carefully
[14:01:37] <bluss> anyway, it's a big change in cargo, it used to ignore all the junk I had everywhere
[14:01:55] <huon> if it is in fact true, it'd be good to add those two details out to your comment too
[14:01:57] <huon> s/out//
[14:03:18] <bluss> yeah that Cargo.lock and target part is just my misunderstanding
[14:05:26] <bluss> ok, so .gitignore is a fix
[14:05:45] <bluss> the Cargo.lock and stuff I saw was of course left over from verification
[14:05:57] <bluss> anyway, I'll for sure slip lots of junk into crates.io this way
[14:06:24] <huon> yeah, that's why I've been nervous about that change
[14:07:31] <bluss> so the PSA is entirely appropriate
[14:07:40] <bluss> I'll just fill it in with better understanding
[14:07:46] <bluss> soon.. when that lands ;-)
[14:08:11] <bluss> the PR didn't make it entirely clear to me that scan untracked files == include all untracked files
[14:08:18] <bluss> scan means look at stuff
[14:14:14] <bluss> allright, now the situation is under control :) Extract .crate as .tar.gz and verify. make sure there are no untracked files
[14:14:19] <bluss> and publish away..
[14:19:47] <bluss> gh1597
[14:19:57] <bluss> :(
[14:20:09] <bluss> [o__o]: gh1597
[14:21:20] * bluss goes to mine crates.io for bank acct #'s
[14:27:56] *** Quits: Rym_ (y@moz-o80acm.range86-189.btcentralplus.com) (Ping timeout: 121 seconds)
[14:54:23] *** Joins: Rym_ (y@moz-o80acm.range86-189.btcentralplus.com)
[14:54:40] *** Joins: dcuddeback (textual@moz-ilr344.ca.comcast.net)
[14:58:47] *** Quits: Rym_ (y@moz-o80acm.range86-189.btcentralplus.com) (Ping timeout: 121 seconds)
[14:59:44] *** Quits: SneakySnake (nya@moz-i9is4u.pool.telekom.hu) (Connection closed)
[15:47:56] *** Quits: ptalbot_ (ptalbot@moz-h7l0dh.dyn.as47377.net) (Ping timeout: 121 seconds)
[15:48:30] *** Joins: Rym_ (y@moz-o80acm.range86-189.btcentralplus.com)
[15:52:56] *** Quits: Rym_ (y@moz-o80acm.range86-189.btcentralplus.com) (Ping timeout: 121 seconds)
[15:53:40] *** Quits: harrisonclarke (harrisoncla@moz-uur7pt.eastlink.ca) (Connection closed)
[16:18:04] *** Quits: JanC__ (janc@moz-eh24b8.dsl.scarlet.be) (Ping timeout: 121 seconds)
[16:31:27] *** Joins: JanC__ (janc@moz-l4rci6.dsl.scarlet.be)
[16:42:40] *** Joins: Rym_ (y@moz-o80acm.range86-189.btcentralplus.com)
[16:47:06] *** Quits: Rym_ (y@moz-o80acm.range86-189.btcentralplus.com) (Ping timeout: 121 seconds)
[16:53:07] *** Joins: aidanhs (aidanhs@moz-417.5v2.4.81.IP)
[17:05:37] *** Joins: ptalbot_ (ptalbot@moz-h7l0dh.dyn.as47377.net)
[17:22:29] *** Quits: ptalbot_ (ptalbot@moz-h7l0dh.dyn.as47377.net) (Ping timeout: 121 seconds)
[17:36:47] *** Joins: Rym_ (y@moz-o80acm.range86-189.btcentralplus.com)
[17:41:15] *** Quits: Rym_ (y@moz-o80acm.range86-189.btcentralplus.com) (Ping timeout: 121 seconds)
[17:51:58] *** Joins: harrisonclarke (harrisoncla@moz-7hfo21.eastlink.ca)
[18:00:25] *** Joins: Shackra (Jorge@moz-7bh.ng6.177.186.IP)
[18:04:13] *** Joins: Shackra_ (Jorge@moz-7bh.ng6.177.186.IP)
[18:04:18] *** Quits: Shackra (Jorge@moz-7bh.ng6.177.186.IP) (Connection closed)
[18:25:51] *** Quits: harrisonclarke (harrisoncla@moz-7hfo21.eastlink.ca) (Connection closed)
[18:30:55] *** Joins: Rym_ (y@moz-o80acm.range86-189.btcentralplus.com)
[18:34:06] *** Joins: harrisonclarke (harrisoncla@moz-7hfo21.eastlink.ca)
[18:35:23] *** Quits: Rym_ (y@moz-o80acm.range86-189.btcentralplus.com) (Ping timeout: 121 seconds)
[18:35:59] *** Joins: swgillespie (swgillespie@moz-rn1.vmq.232.104.IP)
[18:44:49] *** Quits: swgillespie (swgillespie@moz-rn1.vmq.232.104.IP) (Quit: My MacBook Pro has gone to sleep. ZZZzzz…)
[18:51:16] *** Joins: ascarter (ascarter@moz-705hf8.wa.comcast.net)
[18:56:45] *** Parts: aidanhs (aidanhs@moz-417.5v2.4.81.IP) ()
[19:04:53] *** Quits: ascarter (ascarter@moz-705hf8.wa.comcast.net) (Quit: My Mac has gone to sleep. ZZZzzz…)
[19:14:52] *** Quits: harrisonclarke (harrisoncla@moz-7hfo21.eastlink.ca) (Connection closed)
[19:16:35] *** Joins: harrisonclarke (harrisoncla@moz-7hfo21.eastlink.ca)
[19:25:05] *** Joins: Rym_ (y@moz-o80acm.range86-189.btcentralplus.com)
[19:26:45] *** Quits: panicbit (panicbit@moz-r4ks4s.dip0.t-ipconnect.de) (Ping timeout: 121 seconds)
[19:28:45] *** Quits: Shackra_ (Jorge@moz-7bh.ng6.177.186.IP) (Client exited)
[19:29:31] *** Quits: Rym_ (y@moz-o80acm.range86-189.btcentralplus.com) (Ping timeout: 121 seconds)
[19:37:02] *** Joins: panicbit (panicbit@moz-r4ks4s.dip0.t-ipconnect.de)
[19:50:32] *** Joins: ascarter (ascarter@moz-705hf8.wa.comcast.net)
[19:51:45] *** Quits: ascarter (ascarter@moz-705hf8.wa.comcast.net) (A TLS packet with unexpected length was received.)
[19:52:42] *** Joins: ascarter (ascarter@moz-705hf8.wa.comcast.net)
[20:07:05] *** Joins: swgillespie (swgillespie@moz-rn1.vmq.232.104.IP)
[20:11:45] *** Quits: ascarter (ascarter@moz-705hf8.wa.comcast.net) (Quit: My Mac has gone to sleep. ZZZzzz…)
[20:19:15] *** Joins: Rym_ (y@moz-o80acm.range86-189.btcentralplus.com)
[20:23:41] *** Quits: Rym_ (y@moz-o80acm.range86-189.btcentralplus.com) (Ping timeout: 121 seconds)
[20:37:09] *** Quits: harrisonclarke (harrisoncla@moz-7hfo21.eastlink.ca) (Ping timeout: 121 seconds)
[20:38:32] *** Joins: Kingsquee (kingsley@moz-3fm07c.bchsia.telus.net)
[20:48:52] *** Joins: p1start (p1start@moz-nftjhe.org)
[20:49:39] *** Joins: harrisonclarke (harrisoncla@moz-7hfo21.eastlink.ca)
[20:56:42] *** Quits: Kingsquee (kingsley@moz-3fm07c.bchsia.telus.net) (Quit: Konversation terminated!)
[21:06:58] *** Joins: Rym_ (y@moz-o80acm.range86-189.btcentralplus.com)
[21:09:08] *** Quits: harrisonclarke (harrisoncla@moz-7hfo21.eastlink.ca) (Connection closed)
[21:10:35] *** Joins: kalail (uid62296@moz-5ck9vu.charlton.irccloud.com)
[21:17:36] *** Quits: erz (erz@moz-n26c5c.broadband.corbina.ru) (Connection closed)
[21:17:57] *** Joins: erz (erz@moz-n26c5c.broadband.corbina.ru)
[21:19:12] *** Joins: Kingsquee (kingsley@moz-3fm07c.bchsia.telus.net)
[21:20:07] *** Joins: harrisonclarke (harrisoncla@moz-7hfo21.eastlink.ca)
[21:22:37] *** Joins: brson (brson@moz-iu7.mao.34.45.IP)
[21:26:35] *** Quits: harrisonclarke (harrisoncla@moz-7hfo21.eastlink.ca) (Connection closed)
[21:27:16] *** Joins: harrisonclarke (harrisoncla@moz-7hfo21.eastlink.ca)
[21:31:18] *** Quits: harrisonclarke (harrisoncla@moz-7hfo21.eastlink.ca) (Ping timeout: 121 seconds)
[21:36:08] *** Quits: brson (brson@moz-iu7.mao.34.45.IP) (Quit: leaving)
[21:56:54] *** Quits: panicbit (panicbit@moz-r4ks4s.dip0.t-ipconnect.de) (Ping timeout: 121 seconds)
[22:06:32] *** Quits: JanC__ (janc@moz-l4rci6.dsl.scarlet.be) (Ping timeout: 121 seconds)
[22:06:49] *** Quits: Rym_ (y@moz-o80acm.range86-189.btcentralplus.com) (Ping timeout: 121 seconds)
[22:10:11] *** Joins: harrisonclarke (harrisoncla@moz-7hfo21.eastlink.ca)
[22:17:57] *** Quits: harrisonclarke (harrisoncla@moz-7hfo21.eastlink.ca) (Connection closed)
[22:18:28] *** Joins: harrisonclarke (harrisoncla@moz-7hfo21.eastlink.ca)
[22:22:41] *** Quits: harrisonclarke (harrisoncla@moz-7hfo21.eastlink.ca) (Ping timeout: 121 seconds)
[22:23:03] *** Quits: barosl (barosl@moz-tmp.qma.67.220.IP) (Quit: Leaving)
[22:25:28] *** Joins: JanC__ (janc@moz-k7vuuu.dsl.scarlet.be)
[22:29:22] *** Joins: Rym_ (y@moz-o80acm.range86-189.btcentralplus.com)
[22:43:43] *** Quits: fkaa (tundmatu@moz-501od2.business.telia.com) (Ping timeout: 121 seconds)
[22:44:46] *** Joins: erickt (erickt@moz-njt.vqi.14.76.IP)
[23:15:17] *** Joins: brson (brson@moz-iu7.mao.34.45.IP)
[23:20:13] *** Quits: Rym_ (y@moz-o80acm.range86-189.btcentralplus.com) (Ping timeout: 121 seconds)
[23:31:33] *** Quits: erickt (erickt@moz-njt.vqi.14.76.IP) (Ping timeout: 121 seconds)
[23:33:55] *** Joins: Rym_ (y@moz-o80acm.range86-189.btcentralplus.com)
[23:45:31] *** Quits: swgillespie (swgillespie@moz-rn1.vmq.232.104.IP) (Quit: My MacBook Pro has gone to sleep. ZZZzzz…)
[23:52:41] *** Joins: ascarter (ascarter@moz-705hf8.wa.comcast.net)
[23:56:55] *** Quits: gleb (gleb@moz-3u1drv.rusanovka-net.kiev.ua) (Ping timeout: 121 seconds)
[23:58:46] *** Joins: erickt (erickt@moz-njt.vqi.14.76.IP)
