[00:23:51] *** Joins: aatch (james@moz-is4j4r.cable.telstraclear.net)
[00:24:56] *** kimundi is now known as zz_kimundi
[00:35:40] *** Joins: brson (brson@moz-omn.omd.251.216.IP)
[00:35:41] *** ChanServ sets mode: +qo brson brson
[00:38:14] *** Quits: bluss (bluss@moz-ec5o68.cust.bredbandsbolaget.se) (Ping timeout: 121 seconds)
[01:41:52] *** Quits: brson (brson@moz-omn.omd.251.216.IP) (Connection closed)
[02:11:26] *** Quits: Tobba (Tobba@moz-o13d22.bredband.telia.com) (Ping timeout: 121 seconds)
[02:23:14] *** Joins: Tobba (Tobba@moz-o13d22.bredband.telia.com)
[02:40:33] *** Quits: zz_kimundi (kimundi@moz-dn7o4m.dip0.t-ipconnect.de) (Ping timeout: 121 seconds)
[02:42:30] *** Joins: zz_kimundi (kimundi@moz-aokeeu.dip0.t-ipconnect.de)
[02:42:32] *** zz_kimundi is now known as kimundi
[03:52:41] *** Quits: Rym (uid91135@moz-n2i7qm.charlton.irccloud.com) (Quit: Connection closed for inactivity)
[04:41:44] *** Quits: Tobba (Tobba@moz-o13d22.bredband.telia.com) (Ping timeout: 121 seconds)
[04:48:18] *** Quits: burntsushi (burntsushi@moz-t92kn9.ma.charter.com) (Ping timeout: 121 seconds)
[04:56:33] *** Joins: burntsushi (burntsushi@moz-t92kn9.ma.charter.com)
[05:19:51] *** Joins: Tobba (Tobba@moz-o13d22.bredband.telia.com)
[07:11:26] *** Joins: bluss (bluss@moz-ec5o68.cust.bredbandsbolaget.se)
[07:19:05] *** Quits: eternaleye (eternaleye@moz-7ps.ehi.245.50.IP) (Ping timeout: 121 seconds)
[07:56:45] *** Quits: Tobba (Tobba@moz-o13d22.bredband.telia.com) (Connection closed)
[07:59:16] *** Joins: Tobba (Tobba@moz-o13d22.bredband.telia.com)
[08:29:14] *** Quits: burntsushi (burntsushi@moz-t92kn9.ma.charter.com) (Ping timeout: 121 seconds)
[08:30:49] *** Joins: burntsushi (burntsushi@moz-t92kn9.ma.charter.com)
[08:46:45] *** Joins: eternaleye (eternaleye@moz-7ps.ehi.245.50.IP)
[09:28:27] *** Quits: aatch (james@moz-is4j4r.cable.telstraclear.net) (Ping timeout: 121 seconds)
[09:48:49] *** Quits: burntsushi (burntsushi@moz-t92kn9.ma.charter.com) (Ping timeout: 121 seconds)
[09:49:04] *** Joins: burntsushi (burntsushi@moz-t92kn9.ma.charter.com)
[10:12:36] *** Joins: gleb (gleb@moz-3u1drv.rusanovka-net.kiev.ua)
[10:14:38] *** Joins: nagisa (nagisa@moz-8t068g.static.zebra.lt)
[15:46:38] *** Quits: Asandari (Asandari@moz-emp96u.cable.teksavvy.com) (Quit: Dying)
[15:46:58] *** Quits: eternaleye (eternaleye@moz-7ps.ehi.245.50.IP) (Ping timeout: 121 seconds)
[15:51:24] *** Joins: Asandari (Asandari@moz-emp96u.cable.teksavvy.com)
[15:51:54] *** Joins: eternaleye (eternaleye@moz-7ps.ehi.245.50.IP)
[16:29:51] *** Quits: gleb (gleb@moz-3u1drv.rusanovka-net.kiev.ua) (Ping timeout: 121 seconds)
[16:49:24] *** Joins: brson (brson@moz-ilu.bfn.243.173.IP)
[16:49:24] *** ChanServ sets mode: +qo brson brson
[18:03:37] *** Joins: gleb (gleb@moz-3u1drv.rusanovka-net.kiev.ua)
[18:47:07] *** Quits: brson (brson@moz-ilu.bfn.243.173.IP) (Ping timeout: 121 seconds)
[18:58:16] *** Quits: rustbot (havvy@moz-epv20b.wa.comcast.net) (Ping timeout: 121 seconds)
[19:06:50] *** Joins: brson (brson@moz-ilu.bfn.243.173.IP)
[19:06:51] *** ChanServ sets mode: +qo brson brson
[19:28:46] *** Joins: rustbot (havvy@moz-epv20b.wa.comcast.net)
[21:52:47] *** Quits: gleb (gleb@moz-3u1drv.rusanovka-net.kiev.ua) (Ping timeout: 121 seconds)
[22:19:18] *** kimundi is now known as zz_kimundi
[23:30:47] *** Quits: nagisa (nagisa@moz-8t068g.static.zebra.lt) (Ping timeout: 121 seconds)
