[00:03:01] *** Quits: Rym (y@moz-o80acm.range86-189.btcentralplus.com) (Ping timeout: 121 seconds)
[00:04:28] *** Quits: pcwalton (pcwalton@moz-l8ebtf.sfo1.mozilla.com) (Ping timeout: 121 seconds)
[00:07:46] *** Quits: jtdowney (jtdowney@moz-obnifk.il.comcast.net) (Quit: )
[00:28:27] *** Quits: brson (brson@moz-cfhap5.mtv2.mozilla.com) (Quit: leaving)
[00:30:08] *** Joins: Rym (y@moz-o80acm.range86-189.btcentralplus.com)
[00:34:27] *** Quits: Rym (y@moz-o80acm.range86-189.btcentralplus.com) (Ping timeout: 121 seconds)
[00:35:52] *** Joins: jtdowney (jtdowney@moz-obnifk.il.comcast.net)
[00:49:41] *** Joins: pcwalton (pcwalton@moz-l8ebtf.sfo1.mozilla.com)
[00:50:18] *** Quits: pcwalton (pcwalton@moz-l8ebtf.sfo1.mozilla.com) (Client exited)
[00:53:23] *** Quits: jtdowney (jtdowney@moz-obnifk.il.comcast.net) (Quit: )
[01:07:52] *** Quits: santiago (santiago@moz-8th.j2e.167.12.IP) (Quit: Computer has gone to sleep.)
[01:09:00] *** Quits: erickt (erickt@moz-4hh.6p3.217.74.IP) (Ping timeout: 121 seconds)
[01:18:53] *** Quits: swgillespie (swgillespie@moz-1i5.3un.220.167.IP) (Quit: My MacBook Pro has gone to sleep. ZZZzzz…)
[01:23:24] *** Joins: fkaa (tundmatu@moz-501od2.business.telia.com)
[01:25:53] *** Quits: larsberg (Adium@moz-kmvlue.cable.rcn.com) (Quit: Leaving.)
[01:33:52] *** Joins: Rym (y@moz-o80acm.range86-189.btcentralplus.com)
[01:35:59] *** Joins: pcwalton (pcwalton@moz-6kjabm.ca.comcast.net)
[02:07:11] *** Quits: qrlpx_ (smuxi@moz-n7t.3nb.211.95.IP) (Ping timeout: 121 seconds)
[02:12:06] *** Joins: swgillespie (swgillespie@moz-rn1.vmq.232.104.IP)
[02:14:24] *** Quits: zz_kimundi (kimundi@moz-krnn6s.dip0.t-ipconnect.de) (Ping timeout: 121 seconds)
[02:15:19] *** Joins: Rym_ (y@moz-o80acm.range86-189.btcentralplus.com)
[02:15:43] *** Quits: Rym (y@moz-o80acm.range86-189.btcentralplus.com) (Ping timeout: 121 seconds)
[02:16:04] *** Joins: zz_kimundi (kimundi@moz-ocelec.dip0.t-ipconnect.de)
[02:16:05] *** zz_kimundi is now known as kimundi
[02:25:24] *** Joins: santiago (santiago@moz-ro2mm9.res.rr.com)
[02:40:42] *** Quits: ytain (ytain@moz-01dgko.cpe.pppoe.ca) (Quit: Textual IRC Client: www.textualapp.com)
[02:50:15] *** Quits: pcwalton (pcwalton@moz-6kjabm.ca.comcast.net) (Client exited)
[03:06:46] *** Joins: tunnuz (tunnuz@moz-meb4uj.net)
[03:09:27] *** Joins: p1start (p1start@moz-nftjhe.org)
[03:20:24] *** Joins: erickt (erickt@moz-njt.vqi.14.76.IP)
[03:24:06] *** Quits: erz (erz@moz-n26c5c.broadband.corbina.ru) (Quit: My Mac has gone to sleep. ZZZzzz…)
[03:25:22] *** Quits: erickt (erickt@moz-njt.vqi.14.76.IP) (Ping timeout: 121 seconds)
[03:28:42] *** Joins: erickt (erickt@moz-njt.vqi.14.76.IP)
[03:44:04] *** Quits: erickt (erickt@moz-njt.vqi.14.76.IP) (Ping timeout: 121 seconds)
[03:46:03] *** Joins: erickt (erickt@moz-njt.vqi.14.76.IP)
[03:50:36] *** Quits: panicbit (panicbit@moz-r4ks4s.dip0.t-ipconnect.de) (Ping timeout: 121 seconds)
[04:02:22] *** Quits: erickt (erickt@moz-njt.vqi.14.76.IP) (Ping timeout: 121 seconds)
[04:05:37] *** Quits: Rym_ (y@moz-o80acm.range86-189.btcentralplus.com) (Connection closed)
[04:05:58] *** Joins: Rym_ (y@moz-o80acm.range86-189.btcentralplus.com)
[04:15:39] *** Joins: fkaa_ (tundmatu@moz-501od2.business.telia.com)
[04:18:08] *** Quits: fkaa (tundmatu@moz-501od2.business.telia.com) (Ping timeout: 121 seconds)
[04:31:35] *** Joins: jedireza (jedireza@moz-allpoi.ca.comcast.net)
[04:34:49] *** Quits: Rym_ (y@moz-o80acm.range86-189.btcentralplus.com) (Ping timeout: 121 seconds)
[04:44:23] *** Quits: jedireza (jedireza@moz-allpoi.ca.comcast.net) (Quit: My Mac has gone to sleep. ZZZzzz…)
[04:45:15] *** Joins: jedireza (jedireza@moz-s2v.juj.177.166.IP)
[04:52:51] *** Joins: ytain (ytain@moz-01dgko.cpe.pppoe.ca)
[05:01:56] *** Joins: Rym_ (y@moz-o80acm.range86-189.btcentralplus.com)
[05:06:22] *** Quits: Rym_ (y@moz-o80acm.range86-189.btcentralplus.com) (Ping timeout: 121 seconds)
[05:27:16] *** Quits: O01eg (o01eg@moz-cn8.4u9.194.109.IP) (Client exited)
[05:31:57] *** Joins: pcwalton (pcwalton@moz-6kjabm.ca.comcast.net)
[05:32:01] *** Quits: pcwalton (pcwalton@moz-6kjabm.ca.comcast.net) (Client exited)
[05:56:05] *** Joins: Rym_ (y@moz-o80acm.range86-189.btcentralplus.com)
[05:56:34] *** Quits: ytain (ytain@moz-01dgko.cpe.pppoe.ca) (Quit: Textual IRC Client: www.textualapp.com)
[05:58:34] *** Joins: SneakySnake (nya@moz-i9is4u.pool.telekom.hu)
[06:00:31] *** Quits: Rym_ (y@moz-o80acm.range86-189.btcentralplus.com) (Ping timeout: 121 seconds)
[06:50:16] *** Joins: Rym_ (y@moz-o80acm.range86-189.btcentralplus.com)
[06:54:42] *** Quits: Rym_ (y@moz-o80acm.range86-189.btcentralplus.com) (Ping timeout: 121 seconds)
[07:15:45] *** Quits: swgillespie (swgillespie@moz-rn1.vmq.232.104.IP) (Quit: My MacBook Pro has gone to sleep. ZZZzzz…)
[07:20:15] *** Joins: hebz0rl (hebz0rl@moz-cfcrtj.static.qsc.de)
[07:26:49] *** Joins: ptalbot (ptalbot@moz-g2mokk.ircam.fr)
[07:27:48] *** Quits: jedireza (jedireza@moz-s2v.juj.177.166.IP) (Quit: My Mac has gone to sleep. ZZZzzz…)
[07:27:53] *** Joins: jedireza (jedireza@moz-allpoi.ca.comcast.net)
[07:44:24] *** Joins: Rym_ (y@moz-o80acm.range86-189.btcentralplus.com)
[07:48:50] *** Quits: Rym_ (y@moz-o80acm.range86-189.btcentralplus.com) (Ping timeout: 121 seconds)
[08:07:53] *** Joins: doener (doener@moz-929cn9.unity-media.net)
[08:29:27] *** Joins: tomaka_ (Pierre@moz-8lbrro.abo.wanadoo.fr)
[08:30:37] *** Quits: tomaka (Pierre@moz-8lbrro.abo.wanadoo.fr) (Ping timeout: 121 seconds)
[08:36:33] *** Joins: panicbit (panicbit@moz-r4ks4s.dip0.t-ipconnect.de)
[08:38:33] *** Joins: Rym_ (y@moz-o80acm.range86-189.btcentralplus.com)
[08:43:01] *** Quits: Rym_ (y@moz-o80acm.range86-189.btcentralplus.com) (Ping timeout: 121 seconds)
[08:46:36] *** tomaka_ is now known as tomaka
[08:54:06] *** Joins: nerdopoly (nerdopoly@moz-aqvski.range86-143.btcentralplus.com)
[08:57:56] *** Joins: CarpNet_ (Alasdair@moz-44bvmo.kimsufi.com)
[08:57:57] *** Quits: CarpNet (Alasdair@moz-44bvmo.kimsufi.com) (Connection closed)
[08:58:55] *** CarpNet_ is now known as CarpNet
[09:07:19] *** Quits: hiberno (flume@moz-bio9kd.io) (Quit: WeeChat 1.1.1)
[09:22:36] *** Quits: tunnuz (tunnuz@moz-meb4uj.net) (Quit: Leaving)
[09:27:10] *** Quits: mme (mme@moz-osl5of.de) (Quit: ZNC - http://znc.in)
[09:27:21] *** Joins: mme (mme@moz-osl5of.de)
[09:31:25] *** Quits: mme (mme@moz-osl5of.de) (Ping timeout: 121 seconds)
[09:32:44] *** Joins: Rym_ (y@moz-o80acm.range86-189.btcentralplus.com)
[09:32:49] *** Joins: mme (mme@moz-osl5of.de)
[09:37:09] *** Quits: Rym_ (y@moz-o80acm.range86-189.btcentralplus.com) (Ping timeout: 121 seconds)
[09:37:11] *** Quits: mme (mme@moz-osl5of.de) (Quit: ZNC - http://znc.in)
[09:41:45] *** Quits: barosl (barosl@moz-tmp.qma.67.220.IP) (Quit: Leaving)
[09:45:34] *** Joins: barosl (barosl@moz-tmp.qma.67.220.IP)
[09:47:22] *** Joins: qrlpx (smuxi@moz-n7t.3nb.211.95.IP)
[10:09:37] *** Joins: mme (mme@moz-osl5of.de)
[10:26:52] *** Joins: Rym_ (y@moz-o80acm.range86-189.btcentralplus.com)
[10:31:20] *** Quits: Rym_ (y@moz-o80acm.range86-189.btcentralplus.com) (Ping timeout: 121 seconds)
[10:35:34] *** Quits: nonsensickle (nonsensickl@moz-4v0.gkd.16.182.IP) (Ping timeout: 121 seconds)
[10:36:44] *** Joins: nonsensickle (nonsensickl@moz-4v0.gkd.16.182.IP)
[10:37:28] *** Quits: stl (stl@moz-fg4.kee.15.176.IP) (Ping timeout: 121 seconds)
[10:39:13] *** Joins: nonsensickle_ (nonsensickl@moz-4v0.gkd.16.182.IP)
[10:39:35] *** Quits: jedireza (jedireza@moz-allpoi.ca.comcast.net) (Quit: My Mac has gone to sleep. ZZZzzz…)
[10:42:04] *** Quits: nonsensickle (nonsensickl@moz-4v0.gkd.16.182.IP) (Ping timeout: 121 seconds)
[10:54:22] *** Quits: panicbit (panicbit@moz-r4ks4s.dip0.t-ipconnect.de) (Ping timeout: 121 seconds)
[10:56:26] *** Joins: stl (stl@moz-h0r.qae.15.176.IP)
[11:08:06] *** Quits: p1start (p1start@moz-nftjhe.org) (Ping timeout: 121 seconds)
[11:08:18] *** Quits: Kingsquee (kingsley@moz-3fm07c.bchsia.telus.net) (Quit: Konversation terminated!)
[11:21:01] *** Joins: Rym_ (y@moz-o80acm.range86-189.btcentralplus.com)
[11:24:47] *** Joins: duncan (paul@moz-9vabq7.sgnwmi.sbcglobal.net)
[11:25:29] *** Quits: Rym_ (y@moz-o80acm.range86-189.btcentralplus.com) (Ping timeout: 121 seconds)
[11:29:56] *** Quits: JanC (janc@moz-kp9cpe.dsl.scarlet.be) (Ping timeout: 121 seconds)
[11:30:07] *** Joins: ascarter (ascarter@moz-705hf8.wa.comcast.net)
[11:43:11] *** Joins: JanC (janc@moz-dg42uv.dsl.scarlet.be)
[11:59:42] *** Quits: ascarter (ascarter@moz-705hf8.wa.comcast.net) (A TLS packet with unexpected length was received.)
[12:01:11] *** Joins: ascarter (ascarter@moz-705hf8.wa.comcast.net)
[12:14:44] *** Quits: kalail (uid62296@moz-5ck9vu.charlton.irccloud.com) (Quit: Connection closed for inactivity)
[12:15:12] *** Joins: Rym_ (y@moz-o80acm.range86-189.btcentralplus.com)
[12:17:28] *** Quits: ascarter (ascarter@moz-705hf8.wa.comcast.net) (Quit: My Mac has gone to sleep. ZZZzzz…)
[12:19:10] *** Quits: nerdopoly (nerdopoly@moz-aqvski.range86-143.btcentralplus.com) (Quit: leaving)
[12:19:39] *** Quits: Rym_ (y@moz-o80acm.range86-189.btcentralplus.com) (Ping timeout: 121 seconds)
[12:30:45] *** Joins: erz (erz@moz-n26c5c.broadband.corbina.ru)
[12:36:53] *** Joins: panicbit (panicbit@moz-78m9qi.itmc.tu-dortmund.de)
[12:50:22] *** Joins: jtdowney (jtdowney@moz-obnifk.il.comcast.net)
[12:51:45] *** Joins: gleb (gleb@moz-3u1drv.rusanovka-net.kiev.ua)
[13:02:09] *** Quits: jtdowney (jtdowney@moz-obnifk.il.comcast.net) (Quit: )
[13:09:22] *** Joins: Rym_ (y@moz-o80acm.range86-189.btcentralplus.com)
[13:13:48] *** Quits: Rym_ (y@moz-o80acm.range86-189.btcentralplus.com) (Ping timeout: 121 seconds)
[13:20:45] *** Joins: Rym_ (y@moz-o80acm.range86-189.btcentralplus.com)
[13:26:08] *** Joins: eibwen (eibwen@moz-8ev814.dip0.t-ipconnect.de)
[13:35:42] *** fkaa_ is now known as fkaa
[13:39:45] *** Joins: ytain (ytain@moz-01dgko.cpe.pppoe.ca)
[13:51:32] *** Joins: jtdowney (jtdowney@moz-obnifk.il.comcast.net)
[14:01:36] *** Joins: erickt (erickt@moz-njt.vqi.14.76.IP)
[14:11:14] *** Quits: panicbit (panicbit@moz-78m9qi.itmc.tu-dortmund.de) (Ping timeout: 121 seconds)
[14:21:58] *** Quits: erickt (erickt@moz-njt.vqi.14.76.IP) (Ping timeout: 121 seconds)
[14:32:57] *** bvssvni_ is now known as bvssvni
[14:35:41] *** Joins: jtdowney_ (jtdowney@moz-34f.r8n.113.216.IP)
[14:38:14] *** Quits: jtdowney (jtdowney@moz-obnifk.il.comcast.net) (Ping timeout: 121 seconds)
[14:39:20] *** Joins: jtdowney (jtdowney@moz-obnifk.il.comcast.net)
[14:39:36] *** Joins: panicbit (panicbit@moz-78m9qi.itmc.tu-dortmund.de)
[14:41:58] *** Quits: jtdowney_ (jtdowney@moz-34f.r8n.113.216.IP) (Ping timeout: 121 seconds)
[14:43:03] *** Joins: jtdowney_ (jtdowney@moz-34f.r8n.113.216.IP)
[14:44:21] *** Joins: larsberg (Adium@moz-kmvlue.cable.rcn.com)
[14:45:18] *** Quits: jtdowney (jtdowney@moz-obnifk.il.comcast.net) (Ping timeout: 121 seconds)
[14:48:17] *** Quits: Rym_ (y@moz-o80acm.range86-189.btcentralplus.com) (Ping timeout: 121 seconds)
[15:05:06] *** Joins: jtdowney (jtdowney@moz-obnifk.il.comcast.net)
[15:06:44] *** Joins: Binero (jeroen@moz-91joat.69vi.s4ge.1810.2a02.IP)
[15:07:54] *** Quits: jtdowney_ (jtdowney@moz-34f.r8n.113.216.IP) (Ping timeout: 121 seconds)
[15:17:53] *** Joins: harrisonclarke (harrisoncla@moz-uur7pt.eastlink.ca)
[15:18:09] *** Joins: killercup (killercup@moz-qj5qhi.dip0.t-ipconnect.de)
[15:22:34] *** Quits: harrisonclarke (harrisoncla@moz-uur7pt.eastlink.ca) (Connection closed)
[15:23:53] *** Joins: jxv (jxv@moz-2celrt.res.rr.com)
[15:24:21] *** Joins: Rym_ (y@moz-o80acm.range86-189.btcentralplus.com)
[15:24:32] *** Quits: Binero (jeroen@moz-91joat.69vi.s4ge.1810.2a02.IP) (Client exited)
[15:26:23] *** Joins: Binero (jeroen@moz-91joat.69vi.s4ge.1810.2a02.IP)
[15:28:09] *** Quits: tomaka (Pierre@moz-8lbrro.abo.wanadoo.fr) (Ping timeout: 121 seconds)
[15:28:33] *** Joins: nerdopoly (nerdopoly@moz-aqvski.range86-143.btcentralplus.com)
[15:28:35] *** Joins: tomaka (Pierre@moz-8lbrro.abo.wanadoo.fr)
[15:47:33] *** Joins: jarrednicholls (uid19542@moz-s0evcl.uxbridge.irccloud.com)
[15:50:15] *** Quits: barosl (barosl@moz-tmp.qma.67.220.IP) (Quit: Leaving)
[15:52:11] *** Joins: erickt (erickt@moz-4hh.6p3.217.74.IP)
[15:52:41] *** Joins: O01eg (o01eg@moz-ail.kf2.112.37.IP)
[15:53:08] *** Joins: barosl (barosl@moz-tmp.qma.67.220.IP)
[15:58:43] *** Joins: harrisonclarke (harrisoncla@moz-th044a.ns.bellaliant.net)
[16:00:01] *** Joins: ascarter_ (ascarter@moz-705hf8.wa.comcast.net)
[16:02:05] *** Quits: Binero (jeroen@moz-91joat.69vi.s4ge.1810.2a02.IP) (Connection closed)
[16:13:12] *** Quits: ascarter_ (ascarter@moz-705hf8.wa.comcast.net) (Quit: My Mac has gone to sleep. ZZZzzz…)
[16:13:23] *** Quits: harrisonclarke (harrisoncla@moz-th044a.ns.bellaliant.net) (Connection closed)
[16:14:45] *** Joins: harrisonclarke (harrisoncla@moz-th044a.ns.bellaliant.net)
[16:20:14] *** Joins: Binero (jeroen@moz-91joat.69vi.s4ge.1810.2a02.IP)
[16:29:36] *** Quits: Binero (jeroen@moz-91joat.69vi.s4ge.1810.2a02.IP) (Connection closed)
[16:29:58] *** Joins: Binero (jeroen@moz-91joat.69vi.s4ge.1810.2a02.IP)
[16:34:38] *** Quits: rovar_ (rovar@moz-96effg.dyn.optonline.net) (Ping timeout: 121 seconds)
[16:47:01] *** Joins: rovar_ (rovar@moz-96effg.dyn.optonline.net)
[16:54:24] *** Quits: tomaka (Pierre@moz-8lbrro.abo.wanadoo.fr) (Ping timeout: 121 seconds)
[16:54:59] *** Quits: harrisonclarke (harrisoncla@moz-th044a.ns.bellaliant.net) (Connection closed)
[16:55:12] *** Joins: harrisonclarke (harrisoncla@moz-th044a.ns.bellaliant.net)
[16:55:44] *** Quits: harrisonclarke (harrisoncla@moz-th044a.ns.bellaliant.net) (Connection closed)
[16:56:46] *** Quits: jtdowney (jtdowney@moz-obnifk.il.comcast.net) (Quit: )
[16:58:16] *** Joins: pcwalton (pcwalton@moz-l8ebtf.sfo1.mozilla.com)
[17:08:49] *** Joins: brson (brson@moz-cfhap5.mtv2.mozilla.com)
[17:26:14] *** Joins: jedireza (jedireza@moz-allpoi.ca.comcast.net)
[17:27:27] *** Quits: panicbit (panicbit@moz-78m9qi.itmc.tu-dortmund.de) (Ping timeout: 121 seconds)
[17:30:59] *** Quits: Binero (jeroen@moz-91joat.69vi.s4ge.1810.2a02.IP) (Client exited)
[17:41:10] *** Joins: harrisonclarke (harrisoncla@moz-6v8.jf9.227.142.IP)
[17:46:42] *** Quits: harrisonclarke (harrisoncla@moz-6v8.jf9.227.142.IP) (Connection closed)
[17:48:04] *** Joins: ascarter_ (ascarter@moz-705hf8.wa.comcast.net)
[17:51:54] *** Parts: duncan (paul@moz-9vabq7.sgnwmi.sbcglobal.net) ()
[17:52:18] *** Joins: duncan1 (paul@moz-tqmn0g.j2ha.udjj.0306.2602.IP)
[17:53:04] *** Joins: harrisonclarke (harrisoncla@moz-6v8.jf9.227.142.IP)
[17:56:47] *** Joins: tomaka (Pierre@moz-6lc2ai.abo.wanadoo.fr)
[17:58:36] *** Quits: ascarter_ (ascarter@moz-705hf8.wa.comcast.net) (Quit: My Mac has gone to sleep. ZZZzzz…)
[18:15:43] *** Joins: dschatzberg (dschatz@moz-nk1clf.bu.edu)
[18:17:26] <dschatzberg> I'm trying to build a cargo project with a custom target spec. It then cannot find crate core. So I made a cargo compatible core crate and made it a dependency of my project. This works, but not for other dependencies which depend on core. What is the way to resolve this issue?
[18:21:13] *** Quits: jedireza (jedireza@moz-allpoi.ca.comcast.net) (Quit: My Mac has gone to sleep. ZZZzzz…)
[18:23:15] <tomaka> I think you're stuck
[18:24:06] <dschatzberg> I see, too bad, was hoping to use cargo here
[18:31:14] *** Quits: pcwalton (pcwalton@moz-l8ebtf.sfo1.mozilla.com) (Client exited)
[18:32:07] *** Joins: pcwalton (pcwalton@moz-l8ebtf.sfo1.mozilla.com)
[18:37:59] *** Joins: kalail (uid62296@moz-5ck9vu.charlton.irccloud.com)
[18:40:35] <FreeFull> dschatzberg: You'll have to edit all dependencies to use it, I think
[18:41:14] <dschatzberg> you mean edit the dependencies Cargo.toml?
[18:42:00] *** Joins: jtdowney (jtdowney@moz-obnifk.il.comcast.net)
[18:42:03] <FreeFull> dschatzberg: Yeah
[18:42:28] <FreeFull> I don't know if there is a better way
[18:43:07] <dschatzberg> yeah, then there's no point in using cargo anyways
[18:43:52] <FreeFull> Unless it's possible to do with a build script
[18:43:57] <FreeFull> No idea
[18:52:50] *** Quits: duncan1 (paul@moz-tqmn0g.j2ha.udjj.0306.2602.IP) (Ping timeout: 121 seconds)
[19:00:06] *** Joins: qrlpx_ (smuxi@moz-n7t.3nb.211.95.IP)
[19:11:21] *** Joins: duncan (paul@moz-8aodfa.j2ha.udjj.0306.2602.IP)
[19:13:24] *** Joins: panicbit (panicbit@moz-r4ks4s.dip0.t-ipconnect.de)
[19:18:49] *** Quits: ptalbot (ptalbot@moz-g2mokk.ircam.fr) (Ping timeout: 121 seconds)
[19:28:56] *** Quits: jarrednicholls (uid19542@moz-s0evcl.uxbridge.irccloud.com) (Quit: Connection closed for inactivity)
[19:29:09] *** Quits: nerdopoly (nerdopoly@moz-aqvski.range86-143.btcentralplus.com) (Quit: leaving)
[19:30:30] *** Joins: jtdowney_ (jtdowney@moz-34f.r8n.113.216.IP)
[19:32:24] *** Quits: jtdowney (jtdowney@moz-obnifk.il.comcast.net) (Ping timeout: 121 seconds)
[19:37:20] *** Joins: jtdowney (jtdowney@moz-obnifk.il.comcast.net)
[19:39:46] *** Quits: jtdowney_ (jtdowney@moz-34f.r8n.113.216.IP) (Ping timeout: 121 seconds)
[19:46:57] *** Joins: JanC_ (janc@moz-fp4nu2.dsl.scarlet.be)
[19:47:38] *** Quits: JanC (janc@moz-dg42uv.dsl.scarlet.be) (Ping timeout: 121 seconds)
[19:54:09] <Dabo> isn't there a local override for the dependency paths that could be used for that?
[19:54:46] <Dabo> dschatzberg, http://doc.crates.io/guide.html#overriding-dependencies
[19:54:48] *** Quits: erickt (erickt@moz-4hh.6p3.217.74.IP) (Ping timeout: 121 seconds)
[19:55:02] <Dabo> I would think that would allow you to get all packages that use core to use your thing instead
[19:56:14] <dschatzberg> I don't see how that works, the other packages don't list core as a dependency
[19:57:52] *** Quits: hugod (user@moz-885.jmo.24.70.IP) (Connection closed)
[20:01:07] *** Quits: duncan (paul@moz-8aodfa.j2ha.udjj.0306.2602.IP) (Connection closed)
[20:02:11] <Dabo> dschatzberg, oh, I see what you mean
[20:02:21] <Dabo> sorry, nevermind then
[20:02:59] <Dabo> dschatzberg, it would at least work for ones which use no_std I would think, and use the core crate
[20:03:06] <Dabo> but not for regular things, no
[20:03:51] *** Joins: p1start (p1start@moz-nftjhe.org)
[20:03:54] <dschatzberg> how would that work? cargo won't know that the package is dependent on core
[20:04:11] <dschatzberg> it doesn't read the source, just the Cargo.toml which wouldn't list it
[20:04:53] <Dabo> oh, I guess that is true
[20:05:00] <Dabo> sorry, nevermind then, not sure what I was thinking
[20:05:46] *** Quits: Rym_ (y@moz-o80acm.range86-189.btcentralplus.com) (Ping timeout: 121 seconds)
[20:06:19] *** Joins: Rym_ (y@moz-o80acm.range86-189.btcentralplus.com)
[20:07:37] <dschatzberg> what I need is a way to get cargo to pass an additional -L to rustc, but I can't figure that out
[20:08:18] <Dabo> you can pass -L with build scripts afaik
[20:09:04] <Dabo> http://doc.crates.io/build-script.html#outputs-of-the-build-script
[20:09:18] <dschatzberg> hmm
[20:09:31] <dschatzberg> will try that out
[20:10:24] <dschatzberg> I'm guess that still only applies to my package, not all of it's dependencies
[20:11:04] *** Quits: killercup (killercup@moz-qj5qhi.dip0.t-ipconnect.de) (Quit: Bye)
[20:11:10] <Dabo> ah, probably, yeah
[20:11:25] <Dabo> dschatzberg, do you think the command added in https://github.com/rust-lang/cargo/pull/1568 would be of any help?
[20:13:41] <dschatzberg> does that recompile dependencies with the given flags?
[20:15:25] *** Joins: hugod (user@moz-885.jmo.24.70.IP)
[20:15:28] <dschatzberg> that PR seems to indicate that they do not, which means it doesn't work for me
[20:18:48] <Dabo>  ah yeah, still no
[20:18:51] <Dabo> I guess not :(
[20:20:59] *** Joins: Binero (jeroen@moz-91joat.69vi.s4ge.1810.2a02.IP)
[20:22:22] <tomaka> For some reason, if I have a "Cargo.lock" commited, then run "cargo build", then "git status"
[20:22:28] <tomaka> git thinks that the Cargo.lock has been modified
[20:22:37] <tomaka> however if I "git diff" it doesn't find any difference
[20:23:00] <tomaka> and if I "git add Cargo.lock", it then no longer thinks it has been modified
[20:23:01] <steveklabnik> git diff --cached
[20:24:01] *** Quits: passcod (passcod@moz-p68.ijk.131.104.IP) (A TLS packet with unexpected length was received.)
[20:24:56] *** Joins: passcod (passcod@moz-p68.ijk.131.104.IP)
[20:28:10] *** Quits: Rym_ (y@moz-o80acm.range86-189.btcentralplus.com) (Ping timeout: 121 seconds)
[20:29:25] *** Quits: dschatzberg (dschatz@moz-nk1clf.bu.edu) (Quit: Leaving)
[20:30:03] *** Joins: Kingsquee (kingsley@moz-3fm07c.bchsia.telus.net)
[20:31:11] *** Joins: imperio (Mibbit@moz-8otf3a.fbx.proxad.net)
[20:31:47] <imperio> I have the error "cannot publish, no such file or directory", by what is it caused ? Cargo build just run perfectly fine, I don't get the problem..
[20:35:08] *** Joins: erickt (erickt@moz-4hh.6p3.217.74.IP)
[20:36:10] *** Quits: p1start (p1start@moz-nftjhe.org) (Ping timeout: 121 seconds)
[20:36:42] <Dabo> imperio, are all of your files committed to git?
[20:36:46] <Dabo> source files, that is
[20:38:59] *** Joins: Rym_ (y@moz-o80acm.range86-189.btcentralplus.com)
[20:39:42] <imperio> oooh
[20:39:43] <imperio> ok
[20:39:47] <imperio> I did a git mv
[20:39:51] <imperio> that must be it !
[20:39:56] <imperio> thanks a lot !
[20:40:02] <Dabo> no problem :P
[20:40:11] <Dabo> Cargo does use the git index for packaging 
[20:43:43] <imperio> that seems so weird ^^
[20:43:51] <imperio> and yes, it was that
[20:44:02] <imperio> the error really need to be more specific
[20:44:48] *** Quits: Binero (jeroen@moz-91joat.69vi.s4ge.1810.2a02.IP) (Client exited)
[20:53:06] *** Parts: imperio (Mibbit@moz-8otf3a.fbx.proxad.net) ()
[20:58:44] *** Quits: pcwalton (pcwalton@moz-l8ebtf.sfo1.mozilla.com) (Client exited)
[20:59:14] *** Joins: pcwalton (pcwalton@moz-l8ebtf.sfo1.mozilla.com)
[21:04:16] *** Joins: ptalbot (ptalbot@moz-j4gnuh.fbx.proxad.net)
[21:15:42] *** Quits: harrisonclarke (harrisoncla@moz-6v8.jf9.227.142.IP) (Connection closed)
[21:19:50] *** Joins: harrisonclarke (harrisoncla@moz-6v8.jf9.227.142.IP)
[21:38:27] *** Quits: harrisonclarke (harrisoncla@moz-6v8.jf9.227.142.IP) (Connection closed)
[21:40:12] *** Joins: harrisonclarke (harrisoncla@moz-6v8.jf9.227.142.IP)
[21:40:56] *** Quits: santiago (santiago@moz-ro2mm9.res.rr.com) (Quit: Computer has gone to sleep.)
[21:41:12] *** Quits: larsberg (Adium@moz-kmvlue.cable.rcn.com) (Quit: Leaving.)
[21:41:33] *** Quits: jtdowney (jtdowney@moz-obnifk.il.comcast.net) (Quit: )
[21:52:38] *** Quits: erz (erz@moz-n26c5c.broadband.corbina.ru) (Quit: My Mac has gone to sleep. ZZZzzz…)
[21:54:37] *** Joins: swgillespie (swgillespie@moz-1i5.3un.220.167.IP)
[21:55:36] *** Quits: swgillespie (swgillespie@moz-1i5.3un.220.167.IP) (Quit: My MacBook Pro has gone to sleep. ZZZzzz…)
[21:59:07] *** Joins: swgillespie (swgillespie@moz-1i5.3un.220.167.IP)
[21:59:34] *** Quits: eibwen (eibwen@moz-8ev814.dip0.t-ipconnect.de) (Ping timeout: 121 seconds)
[22:11:51] *** Quits: swgillespie (swgillespie@moz-1i5.3un.220.167.IP) (Quit: My MacBook Pro has gone to sleep. ZZZzzz…)
[22:18:40] *** Quits: harrisonclarke (harrisoncla@moz-6v8.jf9.227.142.IP) (Connection closed)
[22:28:38] <brson> what are the prospects for teaching cargo to retry on network failure?
[22:28:46] <brson> or maybe pre-cache all the network artifacts cargo is going to want
[22:29:04] <brson> so I can do the networking stuff in a retry loop?
[22:29:23] *** Quits: fkaa (tundmatu@moz-501od2.business.telia.com) (Ping timeout: 121 seconds)
[22:30:24] <steveklabnik> cargo fetch will grab everything
[22:31:40] *** Joins: acharles (acharles@moz-dvfnah.static.qwest.net)
[22:33:05] *** Parts: acharles (acharles@moz-dvfnah.static.qwest.net) ()
[22:33:23] <brson> i'm going to add retries to all the curls and prefetch all the cargo deps to try to avoid network crumminess in crater
[22:33:45] *** Joins: acharles (acharles@moz-dvfnah.static.qwest.net)
[22:34:52] *** Quits: SneakySnake (nya@moz-i9is4u.pool.telekom.hu) (Connection closed)
[22:38:18] *** Joins: harrisonclarke (harrisoncla@moz-6v8.jf9.227.142.IP)
[22:38:39] <brson> here's an issue asking for `cargo fetch --retry N` https://github.com/rust-lang/cargo/issues/1602
[22:44:44] *** Quits: kalail (uid62296@moz-5ck9vu.charlton.irccloud.com) (Quit: Connection closed for inactivity)
[22:46:31] *** Joins: santiago (santiago@moz-8th.j2e.167.12.IP)
[22:46:41] *** Joins: swgillespie (swgillespie@moz-1i5.3un.220.167.IP)
[22:48:52] *** Quits: ptalbot (ptalbot@moz-j4gnuh.fbx.proxad.net) (Ping timeout: 121 seconds)
[22:55:04] *** Quits: doener (doener@moz-929cn9.unity-media.net) (Ping timeout: 121 seconds)
[22:56:04] *** Joins: doener (doener@moz-929cn9.unity-media.net)
[23:42:07] *** Quits: harrisonclarke (harrisoncla@moz-6v8.jf9.227.142.IP) (Connection closed)
[23:50:04] *** Quits: brson (brson@moz-cfhap5.mtv2.mozilla.com) (Quit: leaving)
[23:55:02] *** kimundi is now known as zz_kimundi
