[00:02:49] <thelink2012> cmr: nothing it seems
[00:04:33] <cmr> thelink2012: The "exception" it mentions doesn't seem relevant?
[00:06:43] <thelink2012> "and <width> and <height> to 2." wow so much valid
[00:07:39] <thelink2012> well I hope no vendor screws me up :P
[00:09:02] <thelink2012> Interesting on the NPOT spec it mentions st3c https://www.opengl.org/registry/specs/ARB/texture_non_power_of_two.txt at issue 10
[00:09:16] <thelink2012> "just as they are for the 1x1 and 2x2 mipmaps of a POT S3TC-compressed texture."
[00:09:16] *** Joins: erickt (erickt@moz-njt.vqi.14.76.IP)
[00:10:00] *** Quits: zyphrus (David@moz-3h0.d1d.98.101.IP) (A TLS packet with unexpected length was received.)
[00:15:02] *** Quits: Tobba (Tobba@moz-o13d22.bredband.telia.com) (Ping timeout: 121 seconds)
[00:26:29] *** Quits: demilux (demilux@moz-fk1.kt4.14.64.IP) (A TLS packet with unexpected length was received.)
[00:27:03] *** Joins: samx (sami@moz-7h0c98.dyn.optonline.net)
[00:29:02] *** Quits: Gabriel_7 (Gabriel@moz-9g063k.mtgr.92aj.0e35.2a01.IP) (Quit: Quitte)
[00:31:47] *** Quits: dpc (dpc@moz-7gui97.nvidia.com) (Ping timeout: 121 seconds)
[00:36:37] *** Quits: aatch (james@moz-is4j4r.cable.telstraclear.net) (Ping timeout: 121 seconds)
[00:43:50] *** Quits: bss (brian@moz-1c0d6p.east.myfairpoint.net) (Ping timeout: 121 seconds)
[00:44:32] <OneSadCookie> thelink2012: how I described is how it works on OS X: https://files.app.net/7ztk9ujEh.png and I'm pretty sure we got that right :p
[00:46:56] *** Quits: samx (sami@moz-7h0c98.dyn.optonline.net) (Quit: This computer has gone to sleep)
[00:47:10] <thelink2012> OneSadCookie: I hope it's fine everywhere :D by the way is that Swift?
[00:47:35] <OneSadCookie> yeah
[00:48:03] <OneSadCookie> was supposed to be the easiest way to test things but instead the compiler crashed a bunch and the playground refused to evaluate
[00:48:04] <OneSadCookie> :/
[00:48:32] <cmr> lol
[00:48:42] *** Joins: chc4 (chc4@moz-pdo0at.ma.comcast.net)
[00:48:44] <jpernst> yeah, the swift compiler is still pretty dodgy
[00:48:57] <jpernst> the error messages in particular are bad
[00:50:21] *** Quits: p1start (p1start@moz-nftjhe.org) (Ping timeout: 121 seconds)
[00:51:13] *** Joins: p1start (p1start@moz-nftjhe.org)
[00:51:46] *** kimundi is now known as zz_kimundi
[00:51:57] *** Quits: erz (erz@moz-k8vhqj.broadband.corbina.ru) (Quit: My Mac has gone to sleep. ZZZzzz…)
[00:52:42] *** Joins: Tobba (Tobba@moz-o13d22.bredband.telia.com)
[00:56:03] *** Joins: Guest_ (textual@moz-lmfinb.fios.verizon.net)
[00:56:10] *** Joins: bss (brian@moz-1c0d6p.east.myfairpoint.net)
[01:03:50] *** Quits: Binero (Binero@moz-91joat.69vi.s4ge.1810.2a02.IP) (Ping timeout: 121 seconds)
[01:06:44] *** Quits: brandonw (brandonw@moz-36sv6k.ma.charter.com) (Ping timeout: 121 seconds)
[01:07:28] *** Joins: esclear (esclear@moz-g89dhh.dip0.t-ipconnect.de)
[01:07:29] *** Joins: lenstr (lenstr@moz-ncr.vju.25.171.IP)
[01:08:15] *** Quits: lenstr (lenstr@moz-ncr.vju.25.171.IP) (A TLS packet with unexpected length was received.)
[01:10:07] *** Quits: esclear_ (esclear@moz-bn1.4m4.153.84.IP) (Ping timeout: 121 seconds)
[01:11:22] *** Joins: orangeshark (erik@moz-ltc7lf.44tj.56ot.0306.2602.IP)
[01:13:09] *** Quits: Astrum|Lap (Astrum|Lap@moz-skcefh.co.comcast.net) (Client exited)
[01:15:35] *** Joins: ytain (ytain@moz-p96068.dsl.teksavvy.com)
[01:15:41] *** Joins: samx (sami@moz-7h0c98.dyn.optonline.net)
[01:18:47] *** Quits: eddyb_ (eddyb@moz-5ad.8f9.121.86.IP) (Connection closed)
[01:18:51] *** Joins: eddyb_ (eddyb@moz-5ad.8f9.121.86.IP)
[01:21:45] <thelink2012> I wonder is it required to have all mipmaps levels? For instance am I able to have a 256x256 texture that have only the 128x128 mipmap?
[01:22:37] *** Joins: brandonw (brandonw@moz-36sv6k.ma.charter.com)
[01:23:10] *** Quits: brandonw (brandonw@moz-36sv6k.ma.charter.com) (Quit: Lost terminal)
[01:23:23] *** Joins: brandonw (brandonw@moz-36sv6k.ma.charter.com)
[01:25:42] <ytain> only if that texture is used on objects that might be placed very far from the camera
[01:26:18] <ytain> if the object is never far from the camera, then no mipmap or only one level of mipmap is sometimes warranted
[01:26:35] <ytain> like in the case of Diablo like environment
[01:26:39] <jpernst> thelink2012, you can set the miprange you want with TEXTURE_MIN_LEVEL/TEXTURE_MAX_LEVEL parameters
[01:27:09] <OneSadCookie> and as long as you set that range, you don't have to provide the image levels that can't be accesses
[01:27:13] <OneSadCookie> d
[01:30:12] *** Quits: sambotron (sambotron@moz-nao11s.ca.comcast.net) (Connection closed)
[01:30:33] *** Joins: sambotron (sambotron@moz-nao11s.ca.comcast.net)
[01:32:38] *** Joins: blue_deref (blue_deref@moz-u9gmm1.res.rr.com)
[01:34:35] *** Quits: sambotron (sambotron@moz-nao11s.ca.comcast.net) (Ping timeout: 121 seconds)
[01:37:38] *** Joins: laggybit (laggybit@moz-prre92.mc.videotron.ca)
[01:46:01] *** Quits: Guest_ (textual@moz-lmfinb.fios.verizon.net) (Quit: My MacBook Pro has gone to sleep. ZZZzzz…)
[01:49:32] *** Quits: ytain (ytain@moz-p96068.dsl.teksavvy.com) (Quit: Textual IRC Client: www.textualapp.com)
[01:57:44] *** Joins: dpc (dpc@moz-t6gr4b.ca.comcast.net)
[01:59:20] *** Joins: dpc_ (dpc@moz-t6gr4b.ca.comcast.net)
[01:59:31] *** Quits: dpc_ (dpc@moz-t6gr4b.ca.comcast.net) (Connection closed)
[02:03:09] *** Joins: SHC (quassel@moz-00l.4gp.213.117.IP)
[02:03:13] *** Joins: demilux (demilux@moz-73qa6c.wa.comcast.net)
[02:06:58] *** Joins: SpaceManiac (Tad@moz-bd3s4o.dyn.suddenlink.net)
[02:08:34] *** Joins: lenstr (lenstr@moz-ncr.vju.25.171.IP)
[02:08:47] *** Joins: SiegeLord (sl@moz-9jtaei.ca.comcast.net)
[02:11:55] *** Joins: drbawb (drbawb@moz-8l0lkq.9vd0.jkgc.8800.2604.IP)
[02:13:37] *** Quits: lenstr (lenstr@moz-ncr.vju.25.171.IP) (Ping timeout: 121 seconds)
[02:16:14] *** Quits: dmac (dmac@moz-4kcd1c.ca.comcast.net) (Ping timeout: 121 seconds)
[02:17:16] *** Joins: Guest_ (textual@moz-lmfinb.fios.verizon.net)
[02:20:11] *** Quits: Guest_ (textual@moz-lmfinb.fios.verizon.net) (Quit: My MacBook Pro has gone to sleep. ZZZzzz…)
[02:22:53] *** Quits: bjz (bjz@moz-puppgq.tpgi.com.au) (Quit: My Mac has gone to sleep. ZZZzzz…)
[02:25:07] *** Joins: SpaceManiac_ (Tad@moz-bd3s4o.dyn.suddenlink.net)
[02:25:12] *** Quits: SpaceManiac_ (Tad@moz-bd3s4o.dyn.suddenlink.net) (Quit: Leaving)
[02:44:15] *** Joins: dmac (dmac@moz-2ig65r.ca.comcast.net)
[02:45:12] *** Quits: zz_kimundi (kimundi@moz-qkt.503.188.87.IP) (Ping timeout: 121 seconds)
[02:46:20] *** Joins: zz_kimundi (kimundi@moz-t4jqnn.dip0.t-ipconnect.de)
[02:46:21] *** zz_kimundi is now known as kimundi
[02:48:15] *** Joins: sargas (sargas@moz-54vg3d.slkc.qwest.net)
[02:48:16] *** Joins: vky (vky@moz-fqci96.ca.comcast.net)
[02:50:15] *** Joins: Wild_Cat (Max@moz-gcfccq.dsl.teksavvy.com)
[03:06:58] *** Quits: bss (brian@moz-1c0d6p.east.myfairpoint.net) (Quit: Leaving.)
[03:12:55] *** Joins: mindtree (Mitch@moz-ce9k96.iprimus.net.au)
[03:18:54] *** Quits: pcwalton (pcwalton@moz-l8ebtf.sfo1.mozilla.com) (Client exited)
[03:19:48] *** Joins: Guest_ (textual@moz-lmfinb.fios.verizon.net)
[03:20:20] *** Joins: cakecatz (cakecatz@moz-p2jcfo.sannet.ne.jp)
[03:24:53] *** Quits: Guest_ (textual@moz-lmfinb.fios.verizon.net) (Quit: My MacBook Pro has gone to sleep. ZZZzzz…)
[03:25:02] *** Joins: avikpal (avikpal@moz-i2b.onn.194.117.IP)
[03:29:03] *** Quits: avikpal (avikpal@moz-i2b.onn.194.117.IP) (Connection closed)
[03:31:23] *** Joins: avikpal (avikpal@moz-3fg.p8t.194.117.IP)
[03:35:58] *** Quits: avikpal (avikpal@moz-3fg.p8t.194.117.IP) (Ping timeout: 121 seconds)
[03:36:25] *** Quits: sargas (sargas@moz-54vg3d.slkc.qwest.net) (Quit: Leaving)
[03:40:06] *** Joins: avikpal (avikpal@moz-gl0.9l2.194.117.IP)
[03:41:46] *** Joins: Guest_ (textual@moz-lmfinb.fios.verizon.net)
[03:45:58] *** Quits: avikpal (avikpal@moz-gl0.9l2.194.117.IP) (Ping timeout: 121 seconds)
[03:48:19] *** Joins: aatch (james@moz-is4j4r.cable.telstraclear.net)
[03:57:37] *** Quits: aatch (james@moz-is4j4r.cable.telstraclear.net) (Connection closed)
[03:58:54] *** Joins: aatch (james@moz-is4j4r.cable.telstraclear.net)
[04:04:28] *** Quits: Guest_ (textual@moz-lmfinb.fios.verizon.net) (Quit: My MacBook Pro has gone to sleep. ZZZzzz…)
[04:04:31] *** Joins: Guest (textual@moz-lmfinb.fios.verizon.net)
[04:08:27] *** Quits: jakevn (jakevn@moz-0agbgk.miamfl.sbcglobal.net) (Ping timeout: 121 seconds)
[04:10:12] *** Quits: vky (vky@moz-fqci96.ca.comcast.net) (Ping timeout: 121 seconds)
[04:10:54] *** Joins: zeiris (dan@moz-8jbmam.letter.agency)
[04:10:57] *** Joins: pcwalton (pcwalton@moz-6kjabm.ca.comcast.net)
[04:15:16] *** Quits: pcwalton (pcwalton@moz-6kjabm.ca.comcast.net) (Client exited)
[04:16:22] *** Quits: Wild_Cat (Max@moz-gcfccq.dsl.teksavvy.com) (Ping timeout: 121 seconds)
[04:16:41] *** Quits: SpaceManiac (Tad@moz-bd3s4o.dyn.suddenlink.net) (Ping timeout: 121 seconds)
[04:17:30] *** Quits: erickt (erickt@moz-njt.vqi.14.76.IP) (Ping timeout: 121 seconds)
[04:20:06] *** Quits: Jesin (Jesin@moz-mq5nj3.eecs.lehigh.edu) (Quit: Leaving)
[04:25:18] *** Quits: Johannes (Johannes@moz-4et8d7.ocn.ne.jp) (Ping timeout: 121 seconds)
[04:26:30] *** Quits: lahwran (lahwran@lahwran.net) (Ping timeout: 121 seconds)
[04:27:03] *** Quits: Tiktalik (quassel@moz-2hp0b7.net) (Quit: No Ping reply in 180 seconds.)
[04:28:09] *** Joins: Tiktalik (quassel@moz-j5b0ac.8ou1.oi46.fcd0.2607.IP)
[04:28:27] *** Quits: Guest (textual@moz-lmfinb.fios.verizon.net) (Quit: My MacBook Pro has gone to sleep. ZZZzzz…)
[04:29:02] *** Joins: lahwran (lahwran@lahwran.net)
[04:32:10] *** Joins: avikpal (avikpal@moz-vtr.4af.194.117.IP)
[04:32:12] *** Joins: Johannes (Johannes@moz-4et8d7.ocn.ne.jp)
[04:32:21] *** Quits: saml_ (saml@moz-rkfmct.res.rr.com) (Ping timeout: 121 seconds)
[04:32:56] *** Joins: eerie (eerie@moz-2u3428.red.bezeqint.net)
[04:35:14] *** Quits: eerie (eerie@moz-2u3428.red.bezeqint.net) (Connection closed)
[04:35:16] *** Joins: eerie (eerie@moz-2u3428.red.bezeqint.net)
[04:35:35] *** Quits: eerie (eerie@moz-2u3428.red.bezeqint.net) (Quit: )
[04:35:37] *** Joins: eerie (eerie@moz-2u3428.red.bezeqint.net)
[04:38:08] *** Quits: avikpal (avikpal@moz-vtr.4af.194.117.IP) (Ping timeout: 121 seconds)
[04:38:10] *** Joins: avikpal_ (avikpal@moz-9pm.420.194.117.IP)
[04:42:50] *** Quits: avikpal_ (avikpal@moz-9pm.420.194.117.IP) (Ping timeout: 121 seconds)
[04:44:18] *** Quits: techzapper (techiewicki@moz-er3.jjd.88.202.IP) (Ping timeout: 121 seconds)
[04:44:37] *** Quits: orangeshark (erik@moz-ltc7lf.44tj.56ot.0306.2602.IP) (Quit: Leaving)
[04:44:54] *** Joins: avikpal (avikpal@moz-db8.mf2.194.117.IP)
[04:46:05] *** Joins: techzapper (techiewicki@moz-er3.jjd.88.202.IP)
[04:47:58] *** Quits: Johannes (Johannes@moz-4et8d7.ocn.ne.jp) (Connection closed)
[04:48:47] *** Joins: avikpal_ (avikpal@moz-88s.mf2.194.117.IP)
[04:49:15] *** Quits: avikpal (avikpal@moz-db8.mf2.194.117.IP) (Ping timeout: 121 seconds)
[04:49:58] *** Joins: Johannes (Johannes@moz-4et8d7.ocn.ne.jp)
[04:54:47] *** Quits: avikpal_ (avikpal@moz-88s.mf2.194.117.IP) (Ping timeout: 121 seconds)
[04:55:18] *** Quits: bdero (bran@moz-lbs.91h.47.73.IP) (Ping timeout: 121 seconds)
[04:59:01] *** Joins: lenstr (lenstr@moz-ncr.vju.25.171.IP)
[04:59:23] *** Quits: SHC (quassel@moz-00l.4gp.213.117.IP) (A TLS packet with unexpected length was received.)
[04:59:31] *** Quits: dpc (dpc@moz-t6gr4b.ca.comcast.net) (Quit: Leaving)
[05:03:01] *** Joins: avikpal_ (avikpal@moz-edd.onn.194.117.IP)
[05:03:03] *** Quits: lenstr (lenstr@moz-ncr.vju.25.171.IP) (Ping timeout: 121 seconds)
[05:03:14] *** Quits: chc4 (chc4@moz-pdo0at.ma.comcast.net) (Quit: AHHHHH BEES)
[05:04:58] *** Joins: jakevn (jakevn@moz-0agbgk.miamfl.sbcglobal.net)
[05:07:41] *** Quits: avikpal_ (avikpal@moz-edd.onn.194.117.IP) (Ping timeout: 121 seconds)
[05:09:04] *** Quits: jakevn (jakevn@moz-0agbgk.miamfl.sbcglobal.net) (Ping timeout: 121 seconds)
[05:15:28] *** Quits: blue_deref (blue_deref@moz-u9gmm1.res.rr.com) (Quit: bbn)
[05:19:22] *** Quits: eerie (eerie@moz-2u3428.red.bezeqint.net) (Connection closed)
[05:28:28] *** Joins: zyphrus (David@moz-3h0.d1d.98.101.IP)
[05:34:02] *** Quits: amstrad (chatzilla@moz-l701jl.xnet.co.nz) (Ping timeout: 121 seconds)
[05:41:56] *** Joins: amstrad (chatzilla@moz-l701jl.xnet.co.nz)
[05:45:42] *** Quits: laggybit (laggybit@moz-prre92.mc.videotron.ca) (Quit: Leaving)
[05:58:14] *** Quits: qrlpx_ (smuxi@moz-hfpd1m.dip0.t-ipconnect.de) (Connection closed)
[06:00:17] *** Quits: RCIX (RCIX@moz-mgo.dfa.8.198.IP) (Quit: Leaving)
[06:00:55] *** Joins: mithsv (mithsv@moz-gahb71.dynamic.caiway.nl)
[06:11:18] *** Quits: mithsv (mithsv@moz-gahb71.dynamic.caiway.nl) (Quit: )
[06:12:31] *** Quits: thelink2012 (thelink2012@moz-65k.mdj.115.189.IP) (Connection closed)
[06:13:32] *** Joins: Cifram_ (Cifram@moz-l63.9pu.126.76.IP)
[06:13:37] *** Quits: Cifram (Cifram@moz-l63.9pu.126.76.IP) (Ping timeout: 121 seconds)
[06:17:45] *** Cifram_ is now known as cifram
[06:19:46] *** Joins: eerie (eerie@moz-2u3428.red.bezeqint.net)
[06:23:55] *** Quits: eerie (eerie@moz-2u3428.red.bezeqint.net) (Ping timeout: 121 seconds)
[06:23:55] *** Joins: wipeD (wipeD@moz-09da8n.dip0.t-ipconnect.de)
[06:27:39] *** Quits: Gamecubic (cubic@moz-bglmk5.mc.videotron.ca) (Quit: Leaving)
[06:36:57] *** Joins: SneakySnake (nya@moz-i9is4u.pool.telekom.hu)
[06:38:09] *** Quits: zimbatm (zimbatm@moz-f37kde.com) (Quit: Bye)
[06:39:08] *** Joins: dmac_ (dmac@moz-2ig65r.ca.comcast.net)
[06:39:40] *** Joins: zimbatm (zimbatm@moz-f37kde.com)
[06:43:12] *** Quits: dmac_ (dmac@moz-2ig65r.ca.comcast.net) (Ping timeout: 121 seconds)
[06:51:35] *** Joins: Feyn (aram@moz-5vj.68e.115.42.IP)
[06:53:31] *** Joins: eerie (eerie@moz-2u3428.red.bezeqint.net)
[06:54:11] *** Joins: jakevn (jakevn@moz-0agbgk.miamfl.sbcglobal.net)
[06:54:30] *** Quits: SneakySnake (nya@moz-i9is4u.pool.telekom.hu) (Quit: Leaving)
[06:56:49] *** Joins: SneakySnake (nya@moz-i9is4u.pool.telekom.hu)
[06:57:01] *** Joins: mithsv (mithsv@moz-gahb71.dynamic.caiway.nl)
[06:58:17] *** Quits: jakevn (jakevn@moz-0agbgk.miamfl.sbcglobal.net) (Ping timeout: 121 seconds)
[07:03:42] *** Quits: samx (sami@moz-7h0c98.dyn.optonline.net) (Quit: This computer has gone to sleep)
[07:08:48] *** Joins: Jackneill_ (Jackneill@moz-8lr12o.pool.digikabel.hu)
[07:10:52] *** Joins: lenstr (lenstr@moz-ncr.vju.25.171.IP)
[07:14:33] *** Quits: SiegeLord (sl@moz-9jtaei.ca.comcast.net) (Quit: It's a joke, it's all a joke.)
[07:16:05] *** Quits: eerie (eerie@moz-2u3428.red.bezeqint.net) (Connection closed)
[07:16:07] *** Joins: kazimuth (james@moz-lff16e.wa.comcast.net)
[07:18:32] *** Joins: avikpal (avikpal@moz-jgl.qfb.226.117.IP)
[07:20:26] *** Quits: Jackneill_ (Jackneill@moz-8lr12o.pool.digikabel.hu) (Quit: Leaving)
[07:22:57] *** Joins: nwin (textual@moz-01ci3n.pools.arcor-ip.net)
[07:24:38] *** Quits: lenstr (lenstr@moz-ncr.vju.25.171.IP) (Connection closed)
[07:25:28] *** Joins: lenstr (lenstr@moz-ncr.vju.25.171.IP)
[07:26:04] *** Quits: zeiris (dan@moz-8jbmam.letter.agency) (Ping timeout: 121 seconds)
[07:29:24] *** Quits: lenstr (lenstr@moz-ncr.vju.25.171.IP) (Quit: Leaving...)
[07:31:17] *** Quits: avikpal (avikpal@moz-jgl.qfb.226.117.IP) (Connection closed)
[07:31:37] *** Joins: avikpal (avikpal@moz-jgl.qfb.226.117.IP)
[07:32:20] *** Joins: zeiris (dan@moz-8jbmam.letter.agency)
[07:33:09] *** Quits: mithsv (mithsv@moz-gahb71.dynamic.caiway.nl) (Quit: )
[07:33:59] *** Quits: techzapper (techiewicki@moz-er3.jjd.88.202.IP) (Ping timeout: 121 seconds)
[07:34:47] *** Joins: cherrionella (cherrionell@moz-9od.j7a.94.2.IP)
[07:35:37] *** Joins: eerie (eerie@moz-2u3428.red.bezeqint.net)
[07:36:31] *** Joins: techzapper (techiewicki@moz-er3.jjd.88.202.IP)
[07:36:37] *** Quits: zeiris (dan@moz-8jbmam.letter.agency) (Ping timeout: 121 seconds)
[07:37:21] *** Joins: zeiris (dan@moz-8jbmam.letter.agency)
[07:38:18] *** Joins: blueridanus (Mibbit@moz-cj7.1d0.20.201.IP)
[07:39:55] *** Joins: dmac_ (dmac@moz-2ig65r.ca.comcast.net)
[07:41:36] *** Quits: zeiris (dan@moz-8jbmam.letter.agency) (Ping timeout: 121 seconds)
[07:42:21] *** Joins: zeiris (dan@moz-8jbmam.letter.agency)
[07:43:59] *** Quits: dmac_ (dmac@moz-2ig65r.ca.comcast.net) (Ping timeout: 121 seconds)
[07:45:43] <tomaka> wut docs.gl has been redesigned
[07:46:08] <tomaka> it has glsl functions now as well
[07:51:44] *** Quits: wipeD (wipeD@moz-09da8n.dip0.t-ipconnect.de) (Connection closed)
[07:53:08] *** Joins: wipeD (wipeD@moz-09da8n.dip0.t-ipconnect.de)
[08:04:29] *** Quits: aatch (james@moz-is4j4r.cable.telstraclear.net) (Ping timeout: 121 seconds)
[08:05:42] *** Joins: eerie_ (eerie@moz-2u3428.red.bezeqint.net)
[08:05:42] *** Quits: eerie (eerie@moz-2u3428.red.bezeqint.net) (NickServ (RECOVER command used by eerie_))
[08:05:42] *** eerie_ is now known as eerie
[08:08:25] *** Joins: sambotron (sambotron@moz-hd2qpu.ca.comcast.net)
[08:09:04] *** Quits: sambotron (sambotron@moz-hd2qpu.ca.comcast.net) (Connection closed)
[08:10:14] *** Joins: jaen (jaen@moz-ifmik2.copit.pl)
[08:12:16] *** Quits: avikpal (avikpal@moz-jgl.qfb.226.117.IP) (Connection closed)
[08:13:49] *** Quits: nwin (textual@moz-01ci3n.pools.arcor-ip.net) (Quit: My Mac Mini has gone to sleep. ZZZzzz…)
[08:21:57] *** Quits: demilux (demilux@moz-73qa6c.wa.comcast.net) (A TLS packet with unexpected length was received.)
[08:26:57] *** Joins: nwin (textual@moz-01ci3n.pools.arcor-ip.net)
[08:32:04] *** Joins: Jackneill (Jackneill@moz-8lr12o.pool.digikabel.hu)
[08:34:38] *** Quits: zeiris (dan@moz-8jbmam.letter.agency) (Ping timeout: 121 seconds)
[08:34:40] *** Joins: zeiris (dan@moz-8jbmam.letter.agency)
[08:35:44] *** Joins: eerie_ (eerie@moz-2u3428.red.bezeqint.net)
[08:35:44] *** Quits: eerie (eerie@moz-2u3428.red.bezeqint.net) (NickServ (RECOVER command used by eerie_))
[08:35:44] *** eerie_ is now known as eerie
[08:37:47] *** Quits: DDR (David@moz-m0hr92.vc.shawcable.net) (Ping timeout: 121 seconds)
[08:40:34] *** Joins: dmac_ (dmac@moz-2ig65r.ca.comcast.net)
[08:42:52] *** Joins: jakevn (jakevn@moz-0agbgk.miamfl.sbcglobal.net)
[08:44:38] *** Quits: dmac_ (dmac@moz-2ig65r.ca.comcast.net) (Ping timeout: 121 seconds)
[08:49:23] *** Joins: edlothiol (user@moz-rge115.dynamic.kabel-deutschland.de)
[08:49:23] *** Quits: jakevn (jakevn@moz-0agbgk.miamfl.sbcglobal.net) (Ping timeout: 121 seconds)
[08:51:44] *** Joins: cmr (cmr@moz-35s2fm.members.linode.com)
[08:54:26] *** Joins: Oflor (Oflor@moz-482d77.dsl.orel.ru)
[08:56:58] *** Joins: SHC (quassel@moz-00l.4gp.213.117.IP)
[09:00:48] *** Quits: Oflor (Oflor@moz-482d77.dsl.orel.ru) (Quit: Leaving)
[09:22:41] *** Joins: demilux (demilux@moz-73qa6c.wa.comcast.net)
[09:26:43] *** Quits: demilux (demilux@moz-73qa6c.wa.comcast.net) (Ping timeout: 121 seconds)
[09:41:23] *** Joins: dmac_ (dmac@moz-2ig65r.ca.comcast.net)
[09:43:48] *** Joins: Gabriel_7 (Gabriel@moz-9j5nqc.mtgr.92aj.0e35.2a01.IP)
[09:45:27] *** Quits: dmac_ (dmac@moz-2ig65r.ca.comcast.net) (Ping timeout: 121 seconds)
[09:46:09] *** Joins: mithsv (mithsv@moz-gahb71.dynamic.caiway.nl)
[09:58:57] *** Quits: nwin (textual@moz-01ci3n.pools.arcor-ip.net) (Quit: My Mac Mini has gone to sleep. ZZZzzz…)
[10:26:20] *** Joins: avikpal (avikpal@moz-a3u.lfd.238.117.IP)
[10:28:31] *** Joins: erz (erz@moz-k8vhqj.broadband.corbina.ru)
[10:32:36] *** Quits: niconii (nicole@moz-r8dlmh.frgo.qwest.net) (Quit: leaving)
[10:33:01] *** Joins: hhhhhhhhhh (mike@moz-969kuj.cable.virginm.net)
[10:33:24] *** Joins: jakevn (jakevn@moz-0agbgk.miamfl.sbcglobal.net)
[10:39:21] *** Joins: aepsil0n (eduard@moz-6491ha.mv2h.pepi.8071.2a02.IP)
[10:39:32] *** Quits: jakevn (jakevn@moz-0agbgk.miamfl.sbcglobal.net) (Ping timeout: 121 seconds)
[10:39:41] *** Quits: aepsil0n (eduard@moz-6491ha.mv2h.pepi.8071.2a02.IP) (Quit: Leaving.)
[10:42:05] *** Joins: dmac_ (dmac@moz-2ig65r.ca.comcast.net)
[10:43:16] *** Joins: avikpal_ (avikpal@moz-a3u.lfd.238.117.IP)
[10:43:17] *** Quits: avikpal (avikpal@moz-a3u.lfd.238.117.IP) (Ping timeout: 121 seconds)
[10:43:24] *** Quits: SneakySnake (nya@moz-i9is4u.pool.telekom.hu) (Quit: Leaving)
[10:44:57] *** Joins: SneakySnake (nya@moz-i9is4u.pool.telekom.hu)
[10:46:09] *** Quits: dmac_ (dmac@moz-2ig65r.ca.comcast.net) (Ping timeout: 121 seconds)
[10:53:01] *** Joins: nerdopoly (nerdopoly@moz-l5r8u8.range217-42.btcentralplus.com)
[10:53:35] *** Quits: nerdopoly (nerdopoly@moz-l5r8u8.range217-42.btcentralplus.com) (Quit: leaving)
[11:03:58] *** Joins: meh (meh@moz-osoov8.42-151.net24.it)
[11:11:21] *** Quits: hhhhhhhhhh (mike@moz-969kuj.cable.virginm.net) (Quit: WeeChat 1.2)
[11:15:17] *** Joins: ytain (ytain@moz-p96068.dsl.teksavvy.com)
[11:15:39] *** Joins: aatch (james@moz-is4j4r.cable.telstraclear.net)
[11:17:54] *** Joins: Guest (textual@moz-lmfinb.fios.verizon.net)
[11:20:13] *** Joins: harrisonclarke (harrisoncla@moz-uur7pt.eastlink.ca)
[11:21:40] *** Joins: Lilly (Lilly@moz-pfkvo9.bredband.comhem.se)
[11:32:28] *** Quits: mithsv (mithsv@moz-gahb71.dynamic.caiway.nl) (Connection closed)
[11:33:23] *** Joins: mithsv (mithsv@moz-gahb71.dynamic.caiway.nl)
[11:42:55] *** Joins: dmac_ (dmac@moz-2ig65r.ca.comcast.net)
[11:43:07] *** Joins: Astrum|Lap (Astrum|Lap@moz-skcefh.co.comcast.net)
[11:44:01] *** Quits: zyphrus (David@moz-3h0.d1d.98.101.IP) (Ping timeout: 121 seconds)
[11:44:20] *** Quits: Guest (textual@moz-lmfinb.fios.verizon.net) (Quit: My MacBook Pro has gone to sleep. ZZZzzz…)
[11:44:50] *** Quits: harrisonclarke (harrisoncla@moz-uur7pt.eastlink.ca) (Connection closed)
[11:46:02] *** Joins: jeremija (jeremija@moz-t5r.rue.85.95.IP)
[11:46:57] <jeremija> names
[11:46:59] *** Quits: dmac_ (dmac@moz-2ig65r.ca.comcast.net) (Ping timeout: 121 seconds)
[11:47:33] *** Joins: harrisonclarke (harrisoncla@moz-uur7pt.eastlink.ca)
[11:47:52] *** Quits: Astrum|Lap (Astrum|Lap@moz-skcefh.co.comcast.net) (Client exited)
[11:47:59] *** Joins: gonzaloserrano (Adium@moz-ljn7sg.staticIP.rima-tde.net)
[11:48:10] *** Joins: Binero (Binero@moz-91joat.69vi.s4ge.1810.2a02.IP)
[11:48:53] *** Quits: gonzaloserrano (Adium@moz-ljn7sg.staticIP.rima-tde.net) (Quit: Leaving.)
[11:57:04] *** Quits: zeiris (dan@moz-8jbmam.letter.agency) (Ping timeout: 121 seconds)
[12:02:12] *** Joins: Guest (textual@moz-lmfinb.fios.verizon.net)
[12:03:24] *** Joins: zeiris (dan@moz-8jbmam.letter.agency)
[12:06:14] *** Quits: Guest (textual@moz-lmfinb.fios.verizon.net) (Ping timeout: 121 seconds)
[12:07:25] *** Joins: DDR (David@moz-m0hr92.vc.shawcable.net)
[12:07:52] *** Quits: p1start (p1start@moz-nftjhe.org) (Ping timeout: 121 seconds)
[12:09:56] *** Quits: zeiris (dan@moz-8jbmam.letter.agency) (Ping timeout: 121 seconds)
[12:12:37] *** Quits: erz (erz@moz-k8vhqj.broadband.corbina.ru) (Quit: My Mac has gone to sleep. ZZZzzz…)
[12:18:57] *** Joins: zeiris (dan@moz-8jbmam.letter.agency)
[12:24:23] *** Joins: jakevn (jakevn@moz-0agbgk.miamfl.sbcglobal.net)
[12:29:30] *** Quits: jakevn (jakevn@moz-0agbgk.miamfl.sbcglobal.net) (Ping timeout: 121 seconds)
[12:34:38] *** Quits: harrisonclarke (harrisoncla@moz-uur7pt.eastlink.ca) (Connection closed)
[12:40:31] *** Quits: avikpal_ (avikpal@moz-a3u.lfd.238.117.IP) (Connection closed)
[12:43:35] *** Joins: dmac_ (dmac@moz-2ig65r.ca.comcast.net)
[12:47:39] *** Quits: dmac_ (dmac@moz-2ig65r.ca.comcast.net) (Ping timeout: 121 seconds)
[12:52:16] *** Joins: saml_ (saml@moz-rkfmct.res.rr.com)
[12:58:04] *** Joins: nerdopoly (nerdopoly@moz-l5r8u8.range217-42.btcentralplus.com)
[13:06:22] *** Quits: cakecatz (cakecatz@moz-p2jcfo.sannet.ne.jp) (Quit: My Mac has gone to sleep. ZZZzzz…)
[13:06:32] *** Joins: cakecatz (cakecatz@moz-p2jcfo.sannet.ne.jp)
[13:06:39] *** Quits: daimrod (daimrod@moz-jvg.jcl.121.91.IP) (Ping timeout: 121 seconds)
[13:14:25] *** Joins: bdero (bran@moz-lbs.91h.47.73.IP)
[13:14:58] *** Joins: avikpal (avikpal@moz-a3u.lfd.238.117.IP)
[13:17:44] *** Quits: Amaranth (travis@moz-1raqsl.cpe.cableone.net) (Connection closed)
[13:19:30] *** Quits: blueridanus (Mibbit@moz-cj7.1d0.20.201.IP) (Quit: http://www.mibbit.com ajax IRC Client)
[13:23:41] *** Quits: Lilly (Lilly@moz-pfkvo9.bredband.comhem.se) (Quit: bajs)
[13:29:43] *** Quits: nerdopoly (nerdopoly@moz-l5r8u8.range217-42.btcentralplus.com) (Quit: leaving)
[13:35:16] *** Joins: samx (sami@moz-7h0c98.dyn.optonline.net)
[13:37:17] *** Quits: jeremija (jeremija@moz-t5r.rue.85.95.IP) (Quit: leaving)
[13:37:44] *** Joins: jeremija (jeremija@moz-t5r.rue.85.95.IP)
[13:38:24] *** Joins: demilux (demilux@moz-73qa6c.wa.comcast.net)
[13:38:50] *** Joins: jakevn (jakevn@moz-0agbgk.miamfl.sbcglobal.net)
[13:41:30] *** Joins: Wild_Cat (Max@moz-gcfccq.dsl.teksavvy.com)
[13:42:26] *** Quits: demilux (demilux@moz-73qa6c.wa.comcast.net) (Ping timeout: 121 seconds)
[13:44:21] *** Joins: dmac_ (dmac@moz-2ig65r.ca.comcast.net)
[13:45:48] *** Joins: blaphmat (Mibbit@moz-l7qi06.skybroadband.com)
[13:46:48] *** Quits: Feyn (aram@moz-5vj.68e.115.42.IP) (Quit: Leaving)
[13:48:25] *** Quits: dmac_ (dmac@moz-2ig65r.ca.comcast.net) (Ping timeout: 121 seconds)
[13:54:11] *** Quits: blaphmat (Mibbit@moz-l7qi06.skybroadband.com) (Quit: http://www.mibbit.com ajax IRC Client)
[14:06:14] *** Quits: samx (sami@moz-7h0c98.dyn.optonline.net) (Quit: This computer has gone to sleep)
[14:09:07] *** Joins: hhhhhhhhhh (mike@moz-969kuj.cable.virginm.net)
[14:16:19] *** Joins: harrisonclarke (harrisoncla@moz-uur7pt.eastlink.ca)
[14:20:19] *** Joins: samx (sami@moz-7h0c98.dyn.optonline.net)
[14:23:53] *** Quits: samx (sami@moz-7h0c98.dyn.optonline.net) (Quit: This computer has gone to sleep)
[14:26:49] *** Quits: harrisonclarke (harrisoncla@moz-uur7pt.eastlink.ca) (Connection closed)
[14:27:44] *** Joins: harrisonclarke (harrisoncla@moz-uur7pt.eastlink.ca)
[14:27:47] <amstrad> hey all
[14:28:02] <amstrad> just looking for something simple, sqrt
[14:28:12] <amstrad> where is the sqrt function in rust?
[14:29:03] <amstrad> oh, nevermind
[14:29:12] <amstrad> its implemented as a trait, which is interesting
[14:31:33] *** Joins: samx (sami@moz-7h0c98.dyn.optonline.net)
[14:35:44] *** Quits: eerie (eerie@moz-2u3428.red.bezeqint.net) (Connection closed)
[14:35:48] *** Joins: eerie (eerie@moz-qld.8t4.67.109.IP)
[14:40:02] *** Quits: harrisonclarke (harrisoncla@moz-uur7pt.eastlink.ca) (Connection closed)
[14:43:08] *** Quits: samx (sami@moz-7h0c98.dyn.optonline.net) (Quit: This computer has gone to sleep)
[14:45:07] *** Joins: dmac_ (dmac@moz-2ig65r.ca.comcast.net)
[14:48:32] *** Quits: raignarok (raignarok@moz-6gb.dqt.87.217.IP) (Quit: ZNC - http://znc.in)
[14:49:10] *** Quits: dmac_ (dmac@moz-2ig65r.ca.comcast.net) (Ping timeout: 121 seconds)
[14:49:41] *** Joins: samx (sami@moz-7h0c98.dyn.optonline.net)
[14:51:26] *** Joins: raignarok (raignarok@moz-jvugce.dip0.t-ipconnect.de)
[14:53:09] *** Quits: samx (sami@moz-7h0c98.dyn.optonline.net) (Quit: This computer has gone to sleep)
[14:55:48] *** Quits: Gabriel_7 (Gabriel@moz-9j5nqc.mtgr.92aj.0e35.2a01.IP) (Ping timeout: 121 seconds)
[14:55:50] *** Joins: Amaranth (travis@moz-1raqsl.cpe.cableone.net)
[14:59:11] *** Quits: SneakySnake (nya@moz-i9is4u.pool.telekom.hu) (Quit: Leaving)
[15:00:09] *** Joins: SneakySnake (nya@moz-i9is4u.pool.telekom.hu)
[15:03:45] *** Joins: samx (sami@moz-7h0c98.dyn.optonline.net)
[15:05:51] *** Joins: eerie_ (eerie@moz-qld.8t4.67.109.IP)
[15:05:51] *** Quits: eerie (eerie@moz-qld.8t4.67.109.IP) (NickServ (RECOVER command used by eerie_))
[15:05:51] *** eerie_ is now known as eerie
[15:06:36] *** Joins: filsmick (filsmick@moz-egb12q.abo.wanadoo.fr)
[15:16:55] *** Quits: avikpal (avikpal@moz-a3u.lfd.238.117.IP) (Connection closed)
[15:17:09] *** Joins: avikpal (avikpal@moz-a3u.lfd.238.117.IP)
[15:19:32] *** Quits: lu324 (lu324___@moz-3v8ljg.dhcp.embarqhsd.net) (Ping timeout: 121 seconds)
[15:24:22] *** Quits: avikpal (avikpal@moz-a3u.lfd.238.117.IP) (Connection closed)
[15:26:18] *** Quits: eerie (eerie@moz-qld.8t4.67.109.IP) (Connection closed)
[15:26:24] *** Joins: lu324 (lu324___@moz-3v8ljg.dhcp.embarqhsd.net)
[15:27:53] *** Joins: Lilly (Lilly@moz-pfkvo9.bredband.comhem.se)
[15:29:35] <Binero> Does anyone know why BaseNum in cgmath doesn't implement Ord?
[15:29:48] <Binero> it seems to be on purpose, it does implement it's own PartialOrd
[15:33:03] *** Quits: iliekturtles (mike@moz-c7hb0v.me.comcast.net) (A TLS packet with unexpected length was received.)
[15:40:45] *** Quits: samx (sami@moz-7h0c98.dyn.optonline.net) (Quit: This computer has gone to sleep)
[15:43:50] *** Joins: samx (sami@moz-7h0c98.dyn.optonline.net)
[15:44:08] *** Quits: hhhhhhhhhh (mike@moz-969kuj.cable.virginm.net) (Quit: WeeChat 1.2)
[15:45:51] *** Joins: dmac_ (dmac@moz-2ig65r.ca.comcast.net)
[15:46:20] *** Quits: samx (sami@moz-7h0c98.dyn.optonline.net) (Quit: This computer has gone to sleep)
[15:49:40] *** Joins: iliekturtles (mike@moz-c7hb0v.me.comcast.net)
[15:49:55] *** Quits: dmac_ (dmac@moz-2ig65r.ca.comcast.net) (Ping timeout: 121 seconds)
[15:54:17] *** Joins: samx (sami@moz-7h0c98.dyn.optonline.net)
[16:00:02] *** Joins: erz (erz@moz-k8vhqj.broadband.corbina.ru)
[16:01:01] *** Joins: avikpal (avikpal@moz-s5l.9qa.226.117.IP)
[16:07:36] *** Quits: samx (sami@moz-7h0c98.dyn.optonline.net) (Quit: This computer has gone to sleep)
[16:09:12] *** Joins: demilux (demilux@moz-73qa6c.wa.comcast.net)
[16:10:22] *** Quits: ytain (ytain@moz-p96068.dsl.teksavvy.com) (Quit: Textual IRC Client: www.textualapp.com)
[16:12:18] *** Joins: AxP (Mibbit@moz-huag2e.rz.uni-karlsruhe.de)
[16:13:14] *** Quits: demilux (demilux@moz-73qa6c.wa.comcast.net) (Ping timeout: 121 seconds)
[16:18:02] <AxP> Hello guys and gals! I'm interested in trying OpenGL with Rust. I come from C++ with glfw and glew. I saw there is a wrapper of glfw for rust and glutin. Are some other libraries which could be interesting for me? Some pointers? ;]
[16:18:28] *** Joins: blue_deref (blue_deref@moz-u9gmm1.res.rr.com)
[16:18:35] <eddyb_> well, at this point, there probably is no good reason not to use glutin
[16:19:00] <eddyb_> it keeps getting better and better
[16:19:01] <tomaka> AxP: glium!
[16:19:08] <AxP> It is window creation, input and bindings, right?
[16:19:33] <eddyb_> AxP: glutin by itself doesn't have OpenGL bindings
[16:19:34] <AxP> glium, will search it ...
[16:20:18] <AxP> That's glium for, correct :P
[16:20:26] <eddyb_> for that you have a few choices, though OpenGL-only glium is likely your best bet
[16:20:37] <eddyb_> *for OpenGL-only
[16:20:37] <AxP> Awesome
[16:20:49] <AxP> Perfect
[16:21:09] *** Joins: samx (sami@moz-7h0c98.dyn.optonline.net)
[16:21:59] *** Joins: SiegeLord (sl@moz-9jtaei.ca.comcast.net)
[16:22:28] <AxP> Another question. What about for example OpenAL?
[16:23:02] <tomaka> There are wrappers for portaudio and OpenAL
[16:23:03] <fkaa> not sure if cpal is production-ready
[16:23:04] <eddyb_> I saw something... maybe RustAudio? or rust-dsp
[16:23:18] <tomaka> there's also cpal but it's not really robust for the moment
[16:24:37] <AxP> Oha, it seems that everything's there! Nothing stopping me from trying something 'gamey' or such.
[16:24:41] *** Quits: samx (sami@moz-7h0c98.dyn.optonline.net) (Quit: This computer has gone to sleep)
[16:25:15] <AxP> Except learning the language first
[16:25:28] <fkaa> that's a good start :)
[16:25:56] *** kimundi is now known as zz_kimundi
[16:26:11] <AxP> You answered my questions pretty quickly, you're great! Thanks!
[16:26:59] *** Joins: eerie (eerie@moz-qld.8t4.67.109.IP)
[16:31:22] *** Quits: eerie (eerie@moz-qld.8t4.67.109.IP) (Ping timeout: 121 seconds)
[16:44:18] <AxP> What's a useful IDE, with code completion and such?
[16:46:36] *** Joins: dmac_ (dmac@moz-2ig65r.ca.comcast.net)
[16:49:09] *** Quits: mithsv (mithsv@moz-gahb71.dynamic.caiway.nl) (Quit: )
[16:49:19] *** Joins: demilux (demilux@moz-73qa6c.wa.comcast.net)
[16:49:25] *** Quits: cifram (Cifram@moz-l63.9pu.126.76.IP) (Connection closed)
[16:49:32] *** Joins: cifram (Cifram@moz-l63.9pu.126.76.IP)
[16:50:40] *** Quits: dmac_ (dmac@moz-2ig65r.ca.comcast.net) (Ping timeout: 121 seconds)
[16:51:04] <jeremija> hi everybody, is it just me or do most of the projects at https://github.com/PistonDevelopers/ lack tests?
[16:53:52] *** Joins: OxMLR23 (OxMLR@moz-2ughmu.res.rr.com)
[16:54:28] *** Quits: avikpal (avikpal@moz-s5l.9qa.226.117.IP) (Connection closed)
[16:54:53] <delma>  There is integration for racer for most IDEs
[16:55:02] *** Quits: filsmick (filsmick@moz-egb12q.abo.wanadoo.fr) (Quit: )
[16:55:09] <delma> which does code completion
[16:58:44] *** Joins: aotic (martini_bik@moz-n7ct10.35n5.ltgp.0306.2602.IP)
[16:59:37] *** Joins: harrisonclarke (harrisoncla@moz-uur7pt.eastlink.ca)
[16:59:38] *** Joins: xilec (Mibbit@moz-g6k.oht.161.46.IP)
[17:00:41] *** Joins: skitoo (Thunderbird@moz-urd0va.fbx.proxad.net)
[17:06:52] *** Quits: harrisonclarke (harrisoncla@moz-uur7pt.eastlink.ca) (Connection closed)
[17:07:47] *** Joins: mithsv (mithsv@moz-gahb71.dynamic.caiway.nl)
[17:20:43] *** Joins: harrisonclarke (harrisoncla@moz-uur7pt.eastlink.ca)
[17:20:49] <AxP> Thanks
[17:24:03] *** Quits: edlothiol (user@moz-rge115.dynamic.kabel-deutschland.de) (Connection closed)
[17:25:07] *** Quits: mithsv (mithsv@moz-gahb71.dynamic.caiway.nl) (Quit: )
[17:25:41] *** Joins: Guest (textual@moz-lmfinb.fios.verizon.net)
[17:26:37] *** Quits: jakevn (jakevn@moz-0agbgk.miamfl.sbcglobal.net) (Ping timeout: 121 seconds)
[17:27:39] *** Joins: eerie (eerie@moz-qld.8t4.67.109.IP)
[17:29:02] *** Quits: cakecatz (cakecatz@moz-p2jcfo.sannet.ne.jp) (Quit: My Mac has gone to sleep. ZZZzzz…)
[17:29:59] *** Joins: edlothiol (user@moz-rge115.dynamic.kabel-deutschland.de)
[17:32:07] *** Quits: eerie (eerie@moz-qld.8t4.67.109.IP) (Ping timeout: 121 seconds)
[17:32:10] *** Quits: OxMLR23 (OxMLR@moz-2ughmu.res.rr.com) (Ping timeout: 121 seconds)
[17:36:01] *** Quits: blue_deref (blue_deref@moz-u9gmm1.res.rr.com) (Quit: bbn)
[17:37:02] *** zz_kimundi is now known as kimundi
[17:38:35] <meh> tomaka, is there a plan to add more SwapBuffersError variants?
[17:39:01] *** bvssvni_ is now known as bvssvni
[17:39:46] *** Joins: eerie (eerie@moz-qld.8t4.67.109.IP)
[17:40:12] <bvssvni> jeremija: which projects?
[17:41:40] <tomaka> meh: not yet
[17:42:06] <meh> tomaka, still best to check for the variants instead of just checking if there was an error?
[17:43:02] <tomaka> hmmm
[17:43:10] *** Quits: harrisonclarke (harrisoncla@moz-uur7pt.eastlink.ca) (Connection closed)
[17:43:22] <tomaka> well, the idea is that you can just .unwrap() unless you want to deal with context losses
[17:43:39] <meh> I want to deal with that
[17:44:33] *** Quits: Binero (Binero@moz-91joat.69vi.s4ge.1810.2a02.IP) (Ping timeout: 121 seconds)
[17:44:37] <tomaka> to deal with a context loss you have to recreate all the objects
[17:44:48] <meh> yeah
[17:44:50] <tomaka> so even if I add a new error later
[17:45:00] <tomaka> if your code interprets it as a context loss, well too bad but it will still work
[17:45:01] <meh> I have a Renderer that keeps track of all that stuff, so I just recreate it
[17:46:30] *** Joins: blue_deref (blue_deref@moz-u9gmm1.res.rr.com)
[17:47:22] *** Joins: dmac_ (dmac@moz-2ig65r.ca.comcast.net)
[17:51:26] *** Quits: dmac_ (dmac@moz-2ig65r.ca.comcast.net) (Ping timeout: 121 seconds)
[17:54:13] *** Joins: jakevn (jakevn@moz-0agbgk.miamfl.sbcglobal.net)
[17:54:43] *** Joins: vky (vky@moz-fqci96.ca.comcast.net)
[17:57:30] *** Joins: eerie_ (eerie@moz-qld.8t4.67.109.IP)
[17:57:30] *** Quits: eerie (eerie@moz-qld.8t4.67.109.IP) (NickServ (RECOVER command used by eerie_))
[17:57:30] *** eerie_ is now known as eerie
[17:59:08] *** Quits: SHC (quassel@moz-00l.4gp.213.117.IP) (A TLS packet with unexpected length was received.)
[17:59:13] *** Quits: Tobba (Tobba@moz-o13d22.bredband.telia.com) (Connection closed)
[17:59:44] *** Joins: thelink2012 (thelink2012@moz-65k.mdj.115.189.IP)
[18:00:11] *** Joins: Gamecubic (cubic@moz-bglmk5.mc.videotron.ca)
[18:00:49] *** Joins: orangeshark (erik@moz-0semg9.44tj.56ot.0306.2602.IP)
[18:04:12] *** Joins: Tobba (Tobba@moz-o13d22.bredband.telia.com)
[18:08:44] *** Joins: AngelOfSol (AngelOfSol@moz-9l0nls.fios.verizon.net)
[18:14:25] <meh> tomaka, I assume I'd get a context loss if the driver crashes and recovers by itself?
[18:15:25] <tomaka> I think so
[18:15:49] <meh> then I want to handle that, the nvidia drivers on my desktop crash constantly :P
[18:20:17] *** Quits: eerie (eerie@moz-qld.8t4.67.109.IP) (Connection closed)
[18:23:09] *** Quits: mtsr (mtsr@moz-40gpj7.yourbnc.co.uk) (A TLS packet with unexpected length was received.)
[18:24:22] *** Quits: zeiris (dan@moz-8jbmam.letter.agency) (Ping timeout: 121 seconds)
[18:25:07] *** Joins: mtsr (mtsr@moz-b5lsuq.yourbnc.co.uk)
[18:30:00] *** Quits: DDR (David@moz-m0hr92.vc.shawcable.net) (Quit: DDR is not Dance Dance Revolution)
[18:31:52] *** Joins: sargas (sargas@moz-sds8ue.slkc.qwest.net)
[18:37:42] *** Quits: AxP (Mibbit@moz-huag2e.rz.uni-karlsruhe.de) (Quit: http://www.mibbit.com ajax IRC Client)
[18:38:57] *** Quits: vky (vky@moz-fqci96.ca.comcast.net) (Ping timeout: 121 seconds)
[18:41:40] *** Joins: zeiris (dan@moz-8jbmam.letter.agency)
[18:42:06] *** Joins: eerie (eerie@moz-qld.8t4.67.109.IP)
[18:43:36] *** Joins: mithsv (mithsv@moz-gahb71.dynamic.caiway.nl)
[18:44:02] *** Quits: eerie (eerie@moz-qld.8t4.67.109.IP) (Connection closed)
[18:44:06] *** Quits: jakevn (jakevn@moz-0agbgk.miamfl.sbcglobal.net) (Ping timeout: 121 seconds)
[18:44:12] *** Quits: Lilly (Lilly@moz-pfkvo9.bredband.comhem.se) (Quit: bajs)
[18:46:05] *** Joins: Kingdutch (kingdutch@moz-8m36nn.alexandervarwijk.com)
[18:48:08] *** Joins: dmac_ (dmac@moz-2ig65r.ca.comcast.net)
[18:48:14] *** Joins: samx (sami@moz-7h0c98.dyn.optonline.net)
[18:49:39] *** Joins: eerie (eerie@moz-qld.8t4.67.109.IP)
[18:49:41] *** Quits: zeiris (dan@moz-8jbmam.letter.agency) (Ping timeout: 121 seconds)
[18:51:23] *** Quits: eerie (eerie@moz-qld.8t4.67.109.IP) (Connection closed)
[18:52:12] *** Quits: dmac_ (dmac@moz-2ig65r.ca.comcast.net) (Ping timeout: 121 seconds)
[18:54:26] *** Quits: samx (sami@moz-7h0c98.dyn.optonline.net) (Quit: This computer has gone to sleep)
[18:56:38] *** Joins: eerie (eerie@moz-qld.8t4.67.109.IP)
[18:59:57] *** Quits: Wild_Cat (Max@moz-gcfccq.dsl.teksavvy.com) (Ping timeout: 121 seconds)
[19:00:00] *** Joins: Jeanne-Kamikaze (Jeanne-Kami@moz-d1ui4h.4hk1.m2ej.0647.2601.IP)
[19:00:45] *** Joins: RCIX (RCIX@moz-ncp.dfa.8.198.IP)
[19:00:57] *** Quits: eerie (eerie@moz-qld.8t4.67.109.IP) (Connection closed)
[19:05:41] *** Quits: aotic (martini_bik@moz-n7ct10.35n5.ltgp.0306.2602.IP) (Connection closed)
[19:06:02] *** Joins: samx (sami@moz-7h0c98.dyn.optonline.net)
[19:08:09] *** Quits: Jeanne-Kamikaze (Jeanne-Kami@moz-d1ui4h.4hk1.m2ej.0647.2601.IP) (Quit: Leaving)
[19:08:12] *** Joins: Jeanne-Kamikaze (Jeanne-Kami@moz-d1ui4h.4hk1.m2ej.0647.2601.IP)
[19:19:20] *** Joins: zeiris (dan@moz-8jbmam.letter.agency)
[19:22:12] *** Quits: meh (meh@moz-osoov8.42-151.net24.it) (Ping timeout: 121 seconds)
[19:28:03] *** Quits: zeiris (dan@moz-8jbmam.letter.agency) (Ping timeout: 121 seconds)
[19:28:15] *** Joins: hhhhhhhhhh (mike@moz-969kuj.cable.virginm.net)
[19:29:27] *** Joins: zeiris (dan@moz-8jbmam.letter.agency)
[19:31:42] *** Joins: Gabriel_7 (Gabriel@moz-9j5nqc.mtgr.92aj.0e35.2a01.IP)
[19:33:39] *** Quits: zeiris (dan@moz-8jbmam.letter.agency) (Ping timeout: 121 seconds)
[19:34:24] *** Joins: eerie (eerie@moz-qld.8t4.67.109.IP)
[19:37:19] *** Joins: dmac_ (dmac@moz-2ig65r.ca.comcast.net)
[19:41:22] *** Joins: zeiris (dan@moz-8jbmam.letter.agency)
[19:41:23] *** Quits: dmac_ (dmac@moz-2ig65r.ca.comcast.net) (Ping timeout: 121 seconds)
[19:45:34] *** Quits: zeiris (dan@moz-8jbmam.letter.agency) (Ping timeout: 121 seconds)
[19:47:19] *** Joins: tyoverby (ty@moz-i6c4to.wa.comcast.net)
[19:47:34] <tyoverby> I can't join the #rust channel; anyone know why?
[19:47:45] <tyoverby> it says that I must be "authenticated" or something 
[19:48:52] *** Joins: dmac_ (dmac@moz-2ig65r.ca.comcast.net)
[19:50:49] *** Joins: Binero (Binero@moz-9quuoa.access.telenet.be)
[19:51:11] *** Quits: Guest (textual@moz-lmfinb.fios.verizon.net) (Quit: My MacBook Pro has gone to sleep. ZZZzzz…)
[19:52:56] *** Quits: dmac_ (dmac@moz-2ig65r.ca.comcast.net) (Ping timeout: 121 seconds)
[19:55:56] <SneakySnake> tyoverby: Due to recent spam attacks, now only registered users can join the channel
[19:56:21] <SneakySnake> You can register your nick with NickServ
[19:57:12] *** Joins: Guest (textual@moz-lmfinb.fios.verizon.net)
[19:57:29] *** Quits: mindtree (Mitch@moz-ce9k96.iprimus.net.au) (Ping timeout: 121 seconds)
[19:58:59] *** Joins: thlst (thlst@moz-fin.s1b.154.177.IP)
[19:59:17] <tyoverby> oh crap I'm finally going to have to do that 
[20:00:30] *** Quits: tyoverby (ty@moz-i6c4to.wa.comcast.net) (Quit: leaving)
[20:04:22] *** Joins: eerie_ (eerie@moz-qld.8t4.67.109.IP)
[20:04:22] *** Quits: eerie (eerie@moz-qld.8t4.67.109.IP) (NickServ (RECOVER command used by eerie_))
[20:04:22] *** eerie_ is now known as eerie
[20:06:05] *** Quits: kazimuth (james@moz-lff16e.wa.comcast.net) (Quit: My Mac has gone to sleep. ZZZzzz…)
[20:09:59] *** Joins: zeiris (dan@moz-8jbmam.letter.agency)
[20:14:04] *** Quits: zeiris (dan@moz-8jbmam.letter.agency) (Ping timeout: 121 seconds)
[20:14:16] *** Quits: eerie (eerie@moz-qld.8t4.67.109.IP) (Connection closed)
[20:19:11] *** Quits: thelink2012 (thelink2012@moz-65k.mdj.115.189.IP) (Ping timeout: 121 seconds)
[20:19:22] *** Joins: thelink2012 (thelink2012@moz-65k.mdj.115.189.IP)
[20:20:39] *** Joins: zeiris (dan@moz-8jbmam.letter.agency)
[20:20:53] *** Joins: harrisonclarke (harrisoncla@moz-uur7pt.eastlink.ca)
[20:24:31] *** Joins: Astrum|Lap (Astrum|Lap@moz-skcefh.co.comcast.net)
[20:25:17] *** Quits: zeiris (dan@moz-8jbmam.letter.agency) (Ping timeout: 121 seconds)
[20:28:19] *** Joins: jakevn (jakevn@moz-0agbgk.miamfl.sbcglobal.net)
[20:32:26] *** Quits: jakevn (jakevn@moz-0agbgk.miamfl.sbcglobal.net) (Ping timeout: 121 seconds)
[20:41:40] *** Joins: Wild_Cat (Max@moz-gcfccq.dsl.teksavvy.com)
[20:45:42] *** Quits: samx (sami@moz-7h0c98.dyn.optonline.net) (Quit: This computer has gone to sleep)
[20:48:00] *** Joins: OxMLR (OxMLR@moz-oql6rl.austtx.sbcglobal.net)
[20:48:25] *** Joins: zeiris (dan@moz-8jbmam.letter.agency)
[20:49:38] *** Joins: dmac_ (dmac@moz-2ig65r.ca.comcast.net)
[20:50:43] *** Joins: niconii (nicole@moz-r8dlmh.frgo.qwest.net)
[20:52:07] *** Joins: samx (sami@moz-7h0c98.dyn.optonline.net)
[20:52:40] *** Quits: zeiris (dan@moz-8jbmam.letter.agency) (Ping timeout: 121 seconds)
[20:52:43] *** Joins: Layl (Layl@moz-65hqmf.direct-adsl.nl)
[20:53:10] <Layl> heya, I'm getting a few weird graphical glitches on my new GPU, anyone could give me a hand finding the problem?
[20:53:42] *** Quits: dmac_ (dmac@moz-2ig65r.ca.comcast.net) (Ping timeout: 121 seconds)
[20:53:48] *** Joins: zeiris (dan@moz-8jbmam.letter.agency)
[20:53:58] *** Quits: samx (sami@moz-7h0c98.dyn.optonline.net) (Quit: This computer has gone to sleep)
[20:54:00] <Layl> here's a screenshot http://i.imgur.com/QPUXzWS.png
[20:54:27] <Layl> the line at the top shouldn't be in another color, and the text's very obviously getting a weird effect
[20:56:56] *** Joins: vky (vky@moz-fqci96.ca.comcast.net)
[20:57:24] <fkaa> does it happen when just clearing the window?
[20:58:07] <Layl> I am clearing the window
[20:58:31] *** Quits: zeiris (dan@moz-8jbmam.letter.agency) (Ping timeout: 121 seconds)
[20:58:48] <fkaa> when just clearing
[20:58:50] <fkaa> no other stuff
[20:59:08] <Layl> just clearing and nothing else shows no change in the line at the top
[20:59:18] <Layl> I mean, it's the same color as the rest
[20:59:26] <Layl> and the text isn't visible at all
[21:00:15] *** Joins: RCsurface (RCIX@moz-vnmep7.ph.cox.net)
[21:00:26] <jpernst> it looks like a problem with the texture coords/filtering
[21:00:47] <Layl> the odd thing is this wasn't happening with my old GPU or on my laptop
[21:01:00] *** Joins: samx (sami@moz-7h0c98.dyn.optonline.net)
[21:01:03] <jpernst> it almost looks like some of the text is using a miplevel that's too high
[21:01:14] <jpernst> like on the r there you can see some of the adjacent glyph bleeding in
[21:01:22] <Layl> and the text's just rendered through gfx_text
[21:01:35] <Layl> it looks like it's bleeding other glyphs
[21:02:01] *** Quits: samx (sami@moz-7h0c98.dyn.optonline.net) (Quit: This computer has gone to sleep)
[21:02:41] *** Quits: RCIX (RCIX@moz-ncp.dfa.8.198.IP) (Ping timeout: 121 seconds)
[21:04:19] <Layl> I really hope this is a problem with my program
[21:04:23] <Layl> and not with my brand new GPU
[21:04:33] <jpernst> which brand?
[21:04:39] <Layl> NVIDIA, MSI
[21:04:49] <Layl> it's a brand new 970
[21:05:05] <jpernst> what about your old one and your laptop?
[21:05:38] <Layl> my old one was a NVIDIA 670, from MSI as well
[21:05:48] <Layl> my laptop is a 2011 macbook with an AMD card
[21:06:52] <jpernst> do other games look generally ok or have you noticed other glitching?
[21:07:18] <Layl> I've been running the witcher 3 for quite a while earlier today and didn't notice anything weird
[21:07:34] <Layl> it looked off but that's probably just because I've been able to raise my settings from everything medium/low to high/ultra
[21:07:42] <jpernst> yeah, if it were defective i'd expect a modern game that pushes it really hard to provoke more problems
[21:09:00] *** Quits: harrisonclarke (harrisoncla@moz-uur7pt.eastlink.ca) (Connection closed)
[21:10:10] <jpernst> is this result exactly the same every time?
[21:10:37] <Layl> the line at the top yes, the glitched text varies a bit
[21:11:07] *** Joins: zeiris (dan@moz-8jbmam.letter.agency)
[21:11:46] *** Joins: aotic (martini_bik@moz-35p504.35n5.ltgp.0306.2602.IP)
[21:11:59] <jpernst> hmm, if it were a problem with the program i'd expect the results to be pixel identical each time given the same inputs
[21:12:17] <Layl> well again the text's rendered through gfx_text
[21:12:23] <Layl> I don't know what the internals of that are
[21:12:34] <Layl> I think there it's a texture atlas bleeding problem
[21:15:00] *** Joins: Oflor (Oflor@moz-482d77.dsl.orel.ru)
[21:15:29] <jpernst> yeah, the author of gfx_text would probably be able to provide a more insightful diagnosis, since it's highly dependent on how the text is actually being rendered
[21:15:33] <jpernst> without knowing that it's all speculation
[21:16:20] *** Quits: Jeanne-Kamikaze (Jeanne-Kami@moz-d1ui4h.4hk1.m2ej.0647.2601.IP) (Quit: Leaving)
[21:16:29] *** Joins: Jeanne-Kamikaze (Jeanne-Kami@moz-d1ui4h.4hk1.m2ej.0647.2601.IP)
[21:16:44] <Layl> hm, i think I've found out why the line's there
[21:16:56] <Layl> the projection matrix is ever so slightly off
[21:17:10] *** Quits: zeiris (dan@moz-8jbmam.letter.agency) (Ping timeout: 121 seconds)
[21:17:22] *** Joins: samx (sami@moz-7h0c98.dyn.optonline.net)
[21:17:46] *** Quits: Jackneill (Jackneill@moz-8lr12o.pool.digikabel.hu) (A TLS packet with unexpected length was received.)
[21:18:13] <Layl> no idea how to fix that though, I'm feeding into cgmath exactly the values I need it to be
[21:18:36] *** Joins: meh (meh@moz-osoov8.42-151.net24.it)
[21:18:37] <fkaa> add some padding?
[21:19:08] <Layl> not an option as the code that renders the background is the same code that renders nested elements
[21:19:12] <Layl> padding would displace the rest
[21:19:26] <Layl> actually I think I'm wrong
[21:19:35] <Layl> 0.003 seems to be a perfectly normal value for this
[21:20:13] <Layl> that means the problem's in the shader
[21:20:15] <fkaa> maybe your drivers force some crazy filtering
[21:20:26] <Layl> it's a default installed nvidia driver
[21:20:38] <Layl> no different from the driver my 670 used
[21:20:41] <fkaa> nvidia == crazy
[21:20:44] <fkaa> :)
[21:21:43] *** Quits: wipeD (wipeD@moz-09da8n.dip0.t-ipconnect.de) (Connection closed)
[21:23:08] <Layl> surely there's a way to fix this though
[21:23:40] <Layl> I mean, there exist programs that render using opengl and do not have these weird artifacts
[21:24:10] <jpernst> see if you can find any other phosphur/gfx_text demos and compare the results
[21:24:27] *** Quits: samx (sami@moz-7h0c98.dyn.optonline.net) (Quit: This computer has gone to sleep)
[21:24:39] <Layl> there's not going to be any other phosphorus examples, I'm developing phosphorus
[21:24:49] <Layl> i can quickly get the latest gfx_text version and try out the example though
[21:24:52] <jpernst> oh, heh
[21:24:58] <jpernst> yeah, that's a good start
[21:26:32] <Layl> yep the artifacts are there
[21:26:54] <Layl> I'm gonna run some gfx examples and see
[21:28:42] <Layl> egh gfx_examples requires cmake for something
[21:28:49] *** Quits: SneakySnake (nya@moz-i9is4u.pool.telekom.hu) (Quit: Leaving)
[21:28:49] <fkaa> wat
[21:28:57] *** Joins: SneakySnake (nya@moz-i9is4u.pool.telekom.hu)
[21:29:01] <fkaa> also gfx_examples is deprecated
[21:29:03] <Layl> one of the dependencies I assume
[21:29:07] *** Joins: jakevn (jakevn@moz-0agbgk.miamfl.sbcglobal.net)
[21:29:07] <Layl> huh, which one should I use?
[21:29:11] <fkaa> gfx
[21:29:27] <fkaa> https://github.com/gfx-rs/gfx
[21:29:34] *** Joins: FrozenCow (FrozenCow@moz-i2tvv4.chello.nl)
[21:30:31] <Layl> same error
[21:30:41] <fkaa> what error
[21:30:47] <Layl> "Failed to build with cmake"
[21:30:52] <Layl> seems the problem is the glfw dependency
[21:31:02] <fkaa> it builds from source?
[21:31:05] <fkaa> weird
[21:31:06] <Layl> seems so
[21:31:12] <Layl> why is it using glfw anyways though
[21:31:25] <jpernst> probably for the windowing backend
[21:31:30] <jpernst> maybe you can switch it to use glutin or something
[21:31:41] <Layl> oh fudgecicles
[21:31:43] <Layl> I think I know the problem
[21:32:29] <fkaa> jpernst: a few of the older examples use glfw
[21:32:36] <Layl> how can I turn off multisampling in glutin
[21:32:47] <fkaa> it's off by default?
[21:32:52] <Layl> I would think so
[21:32:58] <Layl> but I'm guessing this might be the problem
[21:33:07] <Layl> I've seen it mess up texture filtering before
[21:33:14] *** Quits: jakevn (jakevn@moz-0agbgk.miamfl.sbcglobal.net) (Ping timeout: 121 seconds)
[21:33:35] <jpernst> i think multisampling is enabled by default in gl, but you won't actually get multisampling unless you request a framebuffer with it
[21:37:10] <Layl> it seems with_multisampling doesn't accept 0
[21:37:18] <Layl> so I can't explicitly turn it off in glutin
[21:37:25] <fkaa> it's None by default
[21:37:34] *** Quits: Guest (textual@moz-lmfinb.fios.verizon.net) (Quit: My MacBook Pro has gone to sleep. ZZZzzz…)
[21:38:19] <Layl> does "None" make it explicitly communicate that to OpenGL?
[21:39:10] <fkaa> has nothing to do with OpenGL, it makes it not request multisampling from glx/wgl/cgl
[21:39:20] <fkaa> like jpernst said
[21:39:36] <jpernst> to be extra double sure you could try gldisable(GL_MULTISAMPLE), but yeah
[21:39:46] <jpernst> unless you request a multisampled framebuffer it shouldn't have any effect
[21:40:19] <Layl> is there some kind of program I can use to quickly debug these kind of things that does not require an invasive installation
[21:45:33] *** Joins: zeiris (dan@moz-8jbmam.letter.agency)
[21:45:38] <jpernst> back when i was using windows i used msys to compile things into a "local" directory then added that to my path, so i could add and remove things to it easily
[21:45:53] <jpernst> just had to run the configure script with --prefix="mylocaldir"
[21:46:03] <jpernst> but yeah, it's a bit obnoxious to maintain
[21:46:35] *** Joins: geb019_ (geb019@moz-fhohco.cpe.pppoe.ca)
[21:46:49] *** Joins: zyphrus (David@moz-3h0.d1d.98.101.IP)
[21:47:57] <WindowsBunny> jpernst: It's why I prefer just using pure-rust stuff
[21:48:05] <WindowsBunny> No hassle with C/C++ dependencies
[21:48:16] <jpernst> yeah
[21:48:28] <jpernst> on linux that's way less of a problem so i don't really feel the pain anymore
[21:48:38] *** Quits: SneakySnake (nya@moz-i9is4u.pool.telekom.hu) (Connection closed)
[21:49:28] *** Quits: geb019 (geb019@moz-vgb.s9e.95.209.IP) (Ping timeout: 121 seconds)
[21:49:33] *** Quits: sargas (sargas@moz-sds8ue.slkc.qwest.net) (Quit: Leaving)
[21:49:38] *** Quits: zeiris (dan@moz-8jbmam.letter.agency) (Ping timeout: 121 seconds)
[21:49:39] <Layl> this is why glutin exists
[21:49:47] *** Quits: vky (vky@moz-fqci96.ca.comcast.net) (Ping timeout: 121 seconds)
[21:50:23] *** Joins: dmac_ (dmac@moz-2ig65r.ca.comcast.net)
[21:50:40] <WindowsBunny> Layl: All you need is rust + winapi
[21:50:48] <WindowsBunny> and you can do everything!
[21:51:33] <fkaa> what does the bunny say
[21:51:52] <WindowsBunny> "Use my libraries everywhere or else"
[21:52:35] <fkaa> world domination?
[21:54:27] *** Quits: dmac_ (dmac@moz-2ig65r.ca.comcast.net) (Ping timeout: 121 seconds)
[21:55:57] *** Quits: eddyb (eddyb@moz-5ad.8f9.121.86.IP) (Connection closed)
[21:56:07] *** Quits: skitoo (Thunderbird@moz-urd0va.fbx.proxad.net) (Ping timeout: 121 seconds)
[21:56:13] *** Joins: eddyb (eddyb@moz-5ad.8f9.121.86.IP)
[21:58:05] *** Joins: vky (vky@moz-fqci96.ca.comcast.net)
[21:58:23] *** Joins: samx (sami@moz-7h0c98.dyn.optonline.net)
[21:59:06] *** Quits: eddyb (eddyb@moz-5ad.8f9.121.86.IP) (Quit: Konversation terminated!)
[22:02:52] *** Joins: zeiris (dan@moz-8jbmam.letter.agency)
[22:03:14] <Layl> so, anyone got a clue how I can at least fix that weird line at the top
[22:04:24] *** Quits: vky (vky@moz-fqci96.ca.comcast.net) (Ping timeout: 121 seconds)
[22:07:41] *** Joins: eddyb (eddyb@moz-5ad.8f9.121.86.IP)
[22:09:03] *** Quits: dmac (dmac@moz-2ig65r.ca.comcast.net) (Connection closed)
[22:10:24] <Layl> I really have no idea where I should even look for where the problem might be
[22:13:00] *** Joins: p1start (p1start@moz-nftjhe.org)
[22:16:44] *** Joins: Guest (textual@moz-lmfinb.fios.verizon.net)
[22:17:31] *** Quits: jaen (jaen@moz-ifmik2.copit.pl) (Quit: WeeChat 1.2)
[22:17:56] *** Quits: Guest (textual@moz-lmfinb.fios.verizon.net) (Quit: My MacBook Pro has gone to sleep. ZZZzzz…)
[22:18:18] *** Joins: harrisonclarke (harrisoncla@moz-uur7pt.eastlink.ca)
[22:21:43] <niconii> i guess you could try cutting out code to try and narrow down where it's coming from
[22:22:18] <niconii> since you say it's not there when just clearing it
[22:22:46] *** Quits: erz (erz@moz-k8vhqj.broadband.corbina.ru) (Quit: My Mac has gone to sleep. ZZZzzz…)
[22:24:37] <meh> tomaka, did something change with the blending stuff?
[22:24:42] <meh> since I updated I'm getting a different result
[22:29:49] *** Joins: jakevn (jakevn@moz-0agbgk.miamfl.sbcglobal.net)
[22:30:10] <Layl> well, niconii, I assume it's there because the top of the square is being anti aliased
[22:30:18] <Layl> I guess what I could try is forcing MSAA off in the drivers
[22:30:59] *** Quits: edlothiol (user@moz-rge115.dynamic.kabel-deutschland.de) (Ping timeout: 121 seconds)
[22:31:23] <meh> tomaka, or in the textures?
[22:31:47] *** Quits: harrisonclarke (harrisoncla@moz-uur7pt.eastlink.ca) (Connection closed)
[22:32:06] <meh> tomaka, pls tell me it's not the ffmpeg update
[22:33:03] *** Quits: Tobba (Tobba@moz-o13d22.bredband.telia.com) (Ping timeout: 121 seconds)
[22:33:07] *** Quits: hhhhhhhhhh (mike@moz-969kuj.cable.virginm.net) (Quit: WeeChat 1.2)
[22:33:55] *** Quits: jakevn (jakevn@moz-0agbgk.miamfl.sbcglobal.net) (Ping timeout: 121 seconds)
[22:33:59] *** Quits: Binero (Binero@moz-9quuoa.access.telenet.be) (Ping timeout: 121 seconds)
[22:35:29] *** Joins: James (quassel@moz-g7un1m.range86-163.btcentralplus.com)
[22:35:30] *** Quits: samx (sami@moz-7h0c98.dyn.optonline.net) (Quit: This computer has gone to sleep)
[22:40:04] *** Joins: cakecatz (cakecatz@moz-p2jcfo.sannet.ne.jp)
[22:45:21] *** Joins: nerdopoly (nerdopoly@moz-l5r8u8.range217-42.btcentralplus.com)
[22:48:30] <meh> tomaka, yep, it's glium
[22:49:09] <fkaa> srgb?
[22:49:19] <meh> yes
[22:49:26] <meh> did I fuck that up?
[22:49:40] <meh> SrgbTexture2d::new doing this
[22:50:00] <fkaa> glutin had a update few weeks ago to make srgb enabled by default
[22:50:07] <jpernst> are you on the intel mesa driver?
[22:50:17] <meh> jpernst, I think so, yes
[22:50:22] <meh> but it was working before
[22:50:24] <meh> I didn't change the code
[22:50:27] <meh> it just looks different
[22:50:29] <jpernst> did you recently do a system update?
[22:50:39] <jpernst> if so, i suspect i know what's wrong
[22:50:40] <meh> yes, but if I downgrade glium it works as before
[22:50:45] <jpernst> ah, hmm
[22:50:50] <jpernst> nevermind then
[22:50:52] <meh> it's something in how I'm handling the texture
[22:51:12] <meh> http://sprunge.us/gACY?rust
[22:51:15] <meh> fkaa, any idea?
[22:51:26] <fkaa> calling dr. tomaka 
[22:51:28] *** Joins: samx (sami@moz-7h0c98.dyn.optonline.net)
[22:51:28] <WindowsBunny> meh: When using sRGB, you need to make sure that you load textures as srgb and that the output framebuffer is srgb
[22:51:39] <WindowsBunny> If you do one, but not the other, then the result is incorrect
[22:51:48] <jpernst> yeah
[22:52:03] <WindowsBunny> if you do neither, then blending is somewhat incorrect
[22:52:06] <jpernst> i was going to point out that, in recent version of intel mesa, srgb on the default framebuffer is broken
[22:52:12] <WindowsBunny> if you do both, everything will be correct
[22:52:17] <jpernst> to get correct output, you need to create an srgb FBO and blit that to the default framebuffer
[22:52:25] <meh> WindowsBunny, ah
[22:52:28] <meh> yeah, I'm not calling with_srgb
[22:52:30] <meh> that must be it
[22:52:31] <WindowsBunny> and if your driver sucks at srgb framebuffers, sucks for you
[22:52:37] <meh> WindowsBunny, kek, yeah
[22:53:16] <meh> let me try with_srgb
[22:53:20] <meh> that's most likely the reason
[22:53:23] *** Joins: harrisonclarke (harrisoncla@moz-uur7pt.eastlink.ca)
[22:53:25] <WindowsBunny> I know from personal experience implementing sRGB in a C++ game I made a while ago
[22:53:35] <meh> WindowsBunny, are there alternatives?
[22:53:44] <meh> WindowsBunny, I'm getting frames from ffmpeg
[22:53:48] <meh> I can convert them to whatever
[22:54:01] <meh> using srgb was just the first thing I tried that happened to work
[22:54:15] <WindowsBunny> meh: Well, if ffmpeg hands you sRGB encoded frames, you need an SrgbTexture
[22:54:22] <meh> WindowsBunny, I can convert them to anything
[22:54:34] <meh> yeah, still doesn't work even with_srgb
[22:54:41] <WindowsBunny> meh: Can it give you linear RGB frames instead?
[22:54:52] <meh> WindowsBunny, I honestly don't know the difference between the two :D
[22:55:04] <Layl> does anyone know the equivalent of glDisable(GL_MULTISAMPLE); in gfx?
[22:55:11] <WindowsBunny> meh: Do you need an explanation of sRGB?
[22:55:19] <meh> WindowsBunny, I'll 2G4o8o2g3l4e it
[22:55:32] <aatch> meh, ._.
[22:55:36] <WindowsBunny> meh: sRGB is an RGB color space standard
[22:55:38] <jpernst> Layl, i think gfx exposes the raw gl interface, so you can probably call it manually
[22:55:48] <WindowsBunny> meh: It dictates a specific white point and chromaticities
[22:55:51] <jpernst> i'm not sure if there's an actual gfx way to doing it
[22:55:55] <Layl> jpernst, that would be weird since it doesn't always run on opengl
[22:56:15] <jpernst> well, it does if you're using the gl device i mean
[22:56:25] <Layl> that defeats the point of using gfx though
[22:56:26] <WindowsBunny> meh: But sRGB, in order to preserve detail in dark colors, does not store values linearly, rather it uses a gamma function to compress them
[22:56:41] <WindowsBunny> meh: So a red channel of 0.5 in sRGB is NOT half as bright as 1.0
[22:56:51] <meh> I see
[22:57:06] <WindowsBunny> meh: So if you try to blend two sRGB colors the result you get is incorrect
[22:57:44] <WindowsBunny> meh: So what people do is they first apply the inverse of the gamma function to get linear values, do all the blending, then re-apply the gamma function to get sRGB to display to your monitor
[22:57:58] <WindowsBunny> meh: Almost everything uses sRGB, your camera, your monitor, your image editor
[22:59:06] <WindowsBunny> meh: OpenGL has two things that help with working with sRGB, one that specifies a texture is sRGB, so OpenGL will automatically gamma decode the texture when sampling from it, and another that specifies the framebuffer is sRGB so OpenGL will automatically gamma encode the result
[23:00:46] <meh> WindowsBunny, makes sense, thanks
[23:00:53] <meh> and apparently ffmpeg only uses sRGB
[23:01:01] <meh> so I have to figure out what changed from 0.5 to 0.6
[23:01:06] <meh> and why it's not working anymore
[23:01:44] <WindowsBunny> meh: I know too much about sRGB because I wrote an ascii art program
[23:02:08] <meh> I always wanted to do that
[23:02:17] <WindowsBunny> Which involved stuff like dithering which really emphasizes the effect of incorrect blending
[23:02:33] <jpernst> meh: yeah, if srgb textures were recently switched on, and you're on the intel mesa driver, that will break your output
[23:02:51] <jpernst> you can try rendering to an FBO and blitting it to the default framebuffer, which solved the problem for me
[23:03:16] *** Quits: nerdopoly (nerdopoly@moz-l5r8u8.range217-42.btcentralplus.com) (Quit: leaving)
[23:03:40] <meh> jpernst, what I don't get is, I was using srgb textures before with 0.5, and the output was correct, now with 0.6 it's not
[23:03:49] *** Quits: mithsv (mithsv@moz-gahb71.dynamic.caiway.nl) (Quit: )
[23:03:55] <meh> or maybe the fact it was using srgb was a lie and it just seemed like the output was correct
[23:04:04] <jpernst> what i mean is if glium recently started creating textures marked as srgb where as before they were marked as linear
[23:04:04] <meh> if I downgrade to 0.5 I get the same output as before the system upgrade
[23:04:28] *** Joins: ytain (ytain@moz-p96068.dsl.teksavvy.com)
[23:04:29] <meh> guess we need tomaka to tell us if SrgbTexture2d was lying :P
[23:04:36] <WindowsBunny> meh: It can be hard to notice the difference between no sRGB compensation at all, and full correct sRGB compensation
[23:05:17] <jpernst> it's also doubly confusing because even though opengl considered everything "linear" most of the color data people push around is ACTUALLY srgb
[23:05:35] <WindowsBunny> meh: Let's do a test to determine the gamma of your setup
[23:05:56] <WindowsBunny> meh: http://www.4p8.com/eric.brasseur/gamma_2.2.jpg
[23:06:22] <WindowsBunny> meh: If your monitor is setup correctly, all those grays should be the same gray
[23:06:49] <Layl> those aren't grays
[23:06:50] <aatch> Well my monitor is clearly not set up correctly...
[23:06:53] <Layl> they're lines
[23:06:56] *** Quits: cakecatz (cakecatz@moz-p2jcfo.sannet.ne.jp) (Quit: My Mac has gone to sleep. ZZZzzz…)
[23:06:57] *** Quits: harrisonclarke (harrisoncla@moz-uur7pt.eastlink.ca) (Connection closed)
[23:07:00] <WindowsBunny> Layl: Squint then
[23:07:09] <WindowsBunny> Also http://www.4p8.com/eric.brasseur/gamma_colors.jpg
[23:07:15] <Layl> squinting gives for me different greys
[23:07:20] <WindowsBunny> colors on the left should match colors on the right
[23:07:21] <aatch> If I zoom in slightly, they go grey.
[23:07:30] <Layl> but for some shitty reason my monitor refuses to turn off contrast boosting entirely
[23:07:33] <WindowsBunny> aatch: Do _not_ zoom in or out
[23:07:45] <meh> WindowsBunny, I have a simpler test in mind
[23:07:52] <meh> I'll actually compare the output to a real video player
[23:08:00] <WindowsBunny> aatch: zooming invokes the resizing of your browser which 99% of the time does not account for sRGB
[23:08:01] <aatch> WindowsBunny, I know. It's just cool to test
[23:08:20] <WindowsBunny> Also http://www.4p8.com/eric.brasseur/gamma_3x3.jpg
[23:08:23] <meh> yeah, I confirm it was working correctly with 0.5
[23:08:26] <WindowsBunny> Should appear uniform gray if you squint
[23:08:27] <meh> but it gets weird with 0.6
[23:08:34] <aatch> WindowsBunny, but on the grey test, all but one of the boxes is yellowish
[23:08:54] *** Joins: lenstr (lenstr@moz-qp8.vju.25.171.IP)
[23:09:05] <Layl> yellowish?
[23:09:07] <meh> it gets a lot darker
[23:09:09] <Layl> they're blueish for me
[23:09:13] <WindowsBunny> I find it useful to calibrate your monitor while viewing those images
[23:09:34] <Layl> on my right monitor they're red-ish instead
[23:09:40] <aatch> Fortunately I'm not a designer, so I don't care that much.
[23:10:11] <WindowsBunny> If you're devving a game, and you want to make sure you're handling sRGB correctly
[23:10:22] <WindowsBunny> first calibrate your monitor so those images appear correctly
[23:10:23] <jpernst> yeah, colors that are too dark are a very strong indicator that the srgb data you're getting from ffmpeg is being converted to linear by opengl, but not propery converted back to srgb when it goes to the framebuffer
[23:10:30] <WindowsBunny> then try using them as textures in your game
[23:10:46] <meh> http://i.imgur.com/mm8Fqws.png with 0.5, http://i.imgur.com/L55BUn3.png with 0.6
[23:10:47] <meh> same code
[23:10:47] <aatch> And I can't really be bothered trying to figure out how to calibrate my laptop screen.
[23:10:57] <WindowsBunny> aatch: on windows it is super easy
[23:11:35] <aatch> WindowsBunny, oh sure, if I was actually making a game I'd put the effort in. But I'm more interested in the lower-level stuff related to game-dev than actual game-dev.
[23:12:05] *** Joins: harrisonclarke (harrisoncla@moz-uur7pt.eastlink.ca)
[23:12:06] <WindowsBunny> hey tomaka, you should totally add an example to glutin/glium that uses images like those
[23:12:27] <WindowsBunny> tomaka: So people can determine whether sRGB works correctly on their systems :D
[23:13:37] <WindowsBunny> Anyway, for anyone who wants to read more on sRGB gamma http://www.4p8.com/eric.brasseur/gamma.html
[23:14:06] *** Quits: lenstr (lenstr@moz-qp8.vju.25.171.IP) (Connection closed)
[23:16:10] <meh> I'm using redshift anyway, so everything is orange right now :D
[23:17:33] *** Joins: lenstr (lenstr@moz-qp8.vju.25.171.IP)
[23:19:38] <jpernst> meh: you can try downgrading to mesa 10.5.4, which has correct srgb behavior, or implement the FBO workaround
[23:20:00] <WindowsBunny> or use windows where srgb works fine
[23:20:28] <jpernst> like there's never been an opengl driver bug on windows
[23:20:45] *** RCsurface is now known as RCIX
[23:20:48] *** Quits: lenstr (lenstr@moz-qp8.vju.25.171.IP) (Connection closed)
[23:21:01] <meh> jpernst, what I'm trying to understand is the difference between glium 0.5 and 0.6
[23:21:16] <WindowsBunny> jpernst: Well there have, but its still significantly better off than linux :P
[23:21:22] <jpernst> meh: someone here said that glium recently enabled srgb by default for textures
[23:21:37] *** RCIX is now known as RC9
[23:21:46] <jpernst> if that happened between 0.5 and 0.6, that would explain what you're seeing
[23:22:03] <meh> jpernst, but I was using an SrgbTexture2d
[23:22:04] *** Joins: lenstr (lenstr@moz-qp8.vju.25.171.IP)
[23:22:12] <jpernst> hmm
[23:22:25] <meh> I'll test and downgrade mesa too
[23:22:49] <jpernst> yeah, it's it's not too much trouble you can try mesa 10.5.4
[23:22:55] <jpernst> if the problem still exists then it must be something else
[23:23:02] <jpernst> *if it's
[23:24:16] *** Quits: harrisonclarke (harrisoncla@moz-uur7pt.eastlink.ca) (Connection closed)
[23:24:19] <jpernst> it works fine on my ubuntu laptop since it uses a mesa that's old enough so it doesn't have the problem
[23:24:34] <Layl> okay
[23:24:35] <jpernst> my main arch box has newer mesa so it had the problem until i rolled it back
[23:24:38] <Layl> it's definitely a glutin bug
[23:24:44] <Layl> multisampling is not off by default
[23:24:45] <jpernst> interesting
[23:24:55] <Layl> when I force it off in my drivers, phosphorus renders fine
[23:25:18] <fkaa> Layl: windows?
[23:26:52] <Layl> comparison, the only setting changed is forcing MSAA to be off:
[23:26:56] <Layl> with it off: http://i.imgur.com/f0xtbp5.png
[23:27:04] <Layl> with it decided by application: http://i.imgur.com/htwAQVi.png
[23:27:13] *** Quits: cherrionella (cherrionell@moz-9od.j7a.94.2.IP) (Quit: Leaving)
[23:27:20] <Layl> rather extreme difference
[23:27:40] <jpernst> is the right half of the bottom string supposed to be bold?
[23:27:49] <Layl> it's not
[23:27:51] <Layl> but it's an unrelated bugh
[23:27:53] <Layl> *bug
[23:29:05] <fkaa> weird
[23:29:07] <fkaa> https://github.com/tomaka/glutin/blob/master/src/api/wgl/mod.rs#L400
[23:29:37] <fkaa> nm
[23:29:38] <fkaa> nvm*
[23:30:59] *** Joins: jakevn (jakevn@moz-0agbgk.miamfl.sbcglobal.net)
[23:32:19] <Layl> I think the bold text problem is a problem in gfx_text and not really related to my stuff
[23:32:36] <Layl> probably it assumes that the renderer is able to take sub-pixel stuff into account
[23:32:37] <Layl> and it isn't
[23:33:37] <Layl> tomaka, ping
[23:34:26] <Layl> I would assume with this I would get some quite entertianing results if I try to run the deferred gfx example
[23:35:06] *** Quits: jakevn (jakevn@moz-0agbgk.miamfl.sbcglobal.net) (Ping timeout: 121 seconds)
[23:37:35] <ytain> tomaka is on european timezone so he must be sleeping 
[23:37:59] <fkaa> i'm not sleeping :o
[23:38:23] <Layl> neither am I
[23:38:25] <ytain> ok, got to go
[23:38:28] <ytain> have fun
[23:38:30] *** Quits: ytain (ytain@moz-p96068.dsl.teksavvy.com) (Quit: Textual IRC Client: www.textualapp.com)
[23:39:50] *** Joins: harrisonclarke (harrisoncla@moz-uur7pt.eastlink.ca)
[23:40:45] *** RC9 is now known as RCIX
[23:42:38] *** Quits: harrisonclarke (harrisoncla@moz-uur7pt.eastlink.ca) (Connection closed)
[23:48:41] *** RCIX is now known as RC9
[23:48:46] *** Quits: Astrum|Lap (Astrum|Lap@moz-skcefh.co.comcast.net) (Client exited)
[23:53:11] *** Quits: meh (meh@moz-osoov8.42-151.net24.it) (Ping timeout: 121 seconds)
[23:55:36] *** Joins: brson (brson@moz-u3dg2t.sfo1.mozilla.com)
[23:58:13] *** Quits: brson (brson@moz-u3dg2t.sfo1.mozilla.com) (Quit: leaving)
[23:59:51] *** Joins: Astrum|Lap (Astrum|Lap@moz-skcefh.co.comcast.net)
