[00:07:09] *** Quits: xales (xales@moz-7DEA692E.forevernothing.com) (NickServ (GHOST command used by xales1))
[00:07:27] *** Joins: xales1 (xales@moz-7DEA692E.forevernothing.com)
[00:08:57] *** Joins: xales (xales@moz-2499F5A4.naveria.com)
[00:13:54] *** Joins: brson_ (brson@moz-DFAA4E15.p2p.sfo1.mozilla.com)
[00:15:01] *** Quits: brson (brson@6A848D32.C1B840DD.76F66111.IP) (Ping timeout)
[00:17:03] *** Quits: xales1 (xales@moz-7DEA692E.forevernothing.com) (Quit: Derp)
[00:22:31] *** Quits: brson_ (brson@moz-DFAA4E15.p2p.sfo1.mozilla.com) (Ping timeout)
[00:25:45] *** Quits: pcwalton (pcwalton@moz-DA87EE4.hsd1.ca.comcast.net) (Quit: pcwalton)
[00:27:55] *** Joins: brson (brson@moz-DFAA4E15.p2p.sfo1.mozilla.com)
[00:52:02] *** Joins: pcwalton (pcwalton@moz-DA87EE4.hsd1.ca.comcast.net)
[00:52:02] *** ChanServ sets mode: +qo pcwalton pcwalton
[00:52:27] *** Quits: pcwalton (pcwalton@moz-DA87EE4.hsd1.ca.comcast.net) (Quit: pcwalton)
[01:01:10] *** Joins: doomlord__ (servitor@moz-858B6E73.range86-148.btcentralplus.com)
[01:07:40] *** Joins: summerlight (summerligh@327FC32B.2C956A45.501EFF44.IP)
[01:21:54] *** bstrie is now known as bstrie_test
[01:23:57] *** Quits: SiegeLord (sl@moz-CAF07B4C.hsd1.ma.comcast.net) (Quit: It's a joke, it's all a joke.)
[01:24:12] *** bstrie_test is now known as bstrie
[01:29:13] *** Joins: kaksmet (kaksmet@moz-2D34ADFA.dynamic.se.alltele.net)
[01:30:49] *** Quits: xales (xales@moz-2499F5A4.naveria.com) (Ping timeout)
[01:31:02] *** Quits: kaksmet (kaksmet@moz-2D34ADFA.dynamic.se.alltele.net) (Ping timeout)
[01:37:07] *** Quits: tiffany (kawaii@moz-FC0DB29D.dhcp.embarqhsd.net) (Input/output error)
[01:50:58] *** Quits: brson (brson@moz-DFAA4E15.p2p.sfo1.mozilla.com) (Quit: leaving)
[01:52:55] *** Joins: pcwalton (pcwalton@moz-DA87EE4.hsd1.ca.comcast.net)
[01:52:55] *** ChanServ sets mode: +qo pcwalton pcwalton
[01:57:42] *** Joins: xales (xales@moz-2499F5A4.naveria.com)
[01:58:38] *** Quits: ecl3ctic (ecl3ctic@moz-E1FAD64C.wzfv1.vic.bigpond.net.au) (Ping timeout)
[02:05:56] *** Joins: tiernjo (quassel@moz-21A5F23D.ks.ks.cox.net)
[02:08:04] *** Joins: SiegeLord (sl@moz-CAF07B4C.hsd1.ma.comcast.net)
[02:12:07] *** Quits: glennsl (textual@moz-5D7B804F.getinternet.no) (Quit: My MacBook Pro has gone to sleep. ZZZzzz…)
[02:20:26] *** Quits: dmac1 (Adium@moz-99EF2EE6.hfc.comcastbusiness.net) (Quit: Leaving.)
[02:29:49] *** Joins: kaksmet (kaksmet@moz-2D34ADFA.dynamic.se.alltele.net)
[02:31:55] *** Quits: kaksmet (kaksmet@moz-2D34ADFA.dynamic.se.alltele.net) (Ping timeout)
[02:32:42] *** Quits: canhtak (canhtak@moz-8DFB5E6A.wl.t.ulaval.ca) (Quit: canhtak)
[02:34:10] *** Quits: tiernjo (quassel@moz-21A5F23D.ks.ks.cox.net) (Client exited)
[02:34:37] *** Joins: csherratt (csherratt@moz-7685819.cpe.teksavvy.com)
[02:47:57] *** Quits: csherratt (csherratt@moz-7685819.cpe.teksavvy.com) (Ping timeout)
[02:48:39] *** Joins: csherratt (csherratt@moz-7685819.cpe.teksavvy.com)
[03:18:08] *** Quits: zz_kimundi (kimundi@moz-388F7F53.dip0.t-ipconnect.de) (Ping timeout)
[03:22:37] *** Joins: zz_kimundi (kimundi@moz-D22EACF1.dip0.t-ipconnect.de)
[03:22:38] *** zz_kimundi is now known as kimundi
[03:30:45] *** Joins: kaksmet (kaksmet@moz-2D34ADFA.dynamic.se.alltele.net)
[03:32:11] *** Quits: kaksmet (kaksmet@moz-2D34ADFA.dynamic.se.alltele.net) (Connection reset by peer)
[03:32:23] *** Joins: kaksmet (kaksmet@moz-2D34ADFA.dynamic.se.alltele.net)
[03:32:39] *** Quits: jsonnull (Thunderbir@26F61E6.CFD9471D.494A0F8B.IP) (Ping timeout)
[03:34:27] *** Quits: kaksmet (kaksmet@moz-2D34ADFA.dynamic.se.alltele.net) (Ping timeout)
[03:35:58] *** Joins: darthdeu (darthdeus@EEC5B4DB.3B96A244.4E88690D.IP)
[03:36:01] *** Joins: jsonnull (Thunderbir@26F61E6.CFD9471D.494A0F8B.IP)
[03:36:05] *** Joins: hamburgerath (darthdeus@EEC5B4DB.3B96A244.4E88690D.IP)
[03:36:06] *** Quits: darthdeu (darthdeus@EEC5B4DB.3B96A244.4E88690D.IP) (Connection reset by peer)
[03:36:06] *** Quits: darthdeus (darthdeus@EEC5B4DB.3B96A244.4E88690D.IP) (Connection reset by peer)
[03:36:20] *** Joins: tiernjo (quassel@moz-21A5F23D.ks.ks.cox.net)
[03:46:40] <cmr> main.rs:47:12: 47:43 error: binary operation `==` cannot be applied to type `glfw::MouseButton`
[03:46:42] <cmr> main.rs:47         if button == glfw::MouseButtonLeft && action == glfw::Release {
[03:46:44] <cmr>                       ^~~~~~~~~~~~~~~~~~~~~~~~~~~~~~~
[03:46:47] <cmr> !?
[03:47:03] <cmr> oh it seems my glfw-rs is built with an old rustc
[03:47:10] <cmr> it's amusnig the mysterious failures that can cause.
[03:55:05] <cmr> bjz: yay event rewrite, I no longer have global state \o/
[04:01:58] *** Quits: CarpNet (ac@moz-FD24B77.sohonet.co.uk) (Ping timeout)
[04:06:02] *** Joins: CarpNet (ac@moz-FD24B77.sohonet.co.uk)
[04:10:01] *** Quits: summerlight (summerligh@327FC32B.2C956A45.501EFF44.IP) (Ping timeout)
[04:28:36] *** Quits: SiegeLord (sl@moz-CAF07B4C.hsd1.ma.comcast.net) (Quit: It's a joke, it's all a joke.)
[04:33:09] *** Joins: kaksmet (kaksmet@moz-2D34ADFA.dynamic.se.alltele.net)
[04:35:11] *** Quits: kaksmet (kaksmet@moz-2D34ADFA.dynamic.se.alltele.net) (Ping timeout)
[04:49:06] *** Joins: alex-abreu (alex@C08D9303.9289A342.80AB4F0.IP)
[04:49:16] *** Joins: ecl3ctic (ecl3ctic@moz-E1FAD64C.wzfv1.vic.bigpond.net.au)
[04:50:04] *** Joins: ryeguy (ryeguy@9C569A0.5D1143CD.E8644521.IP)
[04:50:15] *** Quits: ryeguy (ryeguy@9C569A0.5D1143CD.E8644521.IP) (Quit: )
[04:58:40] *** Joins: ssira (ssira@moz-DC71C200.kanagawa.ocn.ne.jp)
[05:00:32] *** Quits: ssira (ssira@moz-DC71C200.kanagawa.ocn.ne.jp) (Ping timeout)
[05:19:23] *** Quits: Yurumechan (23f9939a@B2F514.E4420F21.EEF52F3A.IP) (Ping timeout)
[05:19:36] *** Joins: ssira (ssira@moz-DC71C200.kanagawa.ocn.ne.jp)
[05:19:50] *** Quits: rdn (rdn@moz-3FCD2726.tk) (Ping timeout)
[05:21:08] *** Joins: Yurumechan (23f9939a@B2F514.E4420F21.EEF52F3A.IP)
[05:22:37] *** Joins: rdn (rdn@moz-3FCD2726.tk)
[05:33:55] *** Joins: kaksmet (kaksmet@moz-2D34ADFA.dynamic.se.alltele.net)
[05:35:56] *** Quits: kaksmet (kaksmet@moz-2D34ADFA.dynamic.se.alltele.net) (Ping timeout)
[05:47:09] *** Quits: rdn (rdn@moz-3FCD2726.tk) (Ping timeout)
[05:47:21] *** Joins: canhtak (canhtak@moz-8DFB5E6A.wl.t.ulaval.ca)
[05:47:42] *** Quits: zippity (Mibbit@moz-CBD76C21.bb.online.no) (Quit: http://www.mibbit.com ajax IRC Client)
[05:55:50] *** Quits: alex-abreu (alex@C08D9303.9289A342.80AB4F0.IP) (Ping timeout)
[06:12:30] *** Joins: NiccosSystem (NiccosSyst@AB1AFDE.FC7B0C35.A7597CB6.IP)
[06:12:37] *** Joins: rdn (rdn@moz-3FCD2726.tk)
[06:22:05] *** Joins: tiffany (kawaii@moz-FC0DB29D.dhcp.embarqhsd.net)
[06:25:59] *** Quits: ssira (ssira@moz-DC71C200.kanagawa.ocn.ne.jp) (Client exited)
[06:26:20] *** Joins: ssira (ssira@moz-DC71C200.kanagawa.ocn.ne.jp)
[06:28:12] *** Quits: ssira (ssira@moz-DC71C200.kanagawa.ocn.ne.jp) (Ping timeout)
[06:34:36] *** Joins: kaksmet (kaksmet@moz-2D34ADFA.dynamic.se.alltele.net)
[06:38:14] *** Joins: ssira (ssira@moz-DC71C200.kanagawa.ocn.ne.jp)
[06:43:40] *** Joins: Ferreus (ferreus@moz-6811FD8D.dip0.t-ipconnect.de)
[06:44:10] *** Quits: canhtak (canhtak@moz-8DFB5E6A.wl.t.ulaval.ca) (Quit: canhtak)
[06:47:30] *** Quits: hamburgerath (darthdeus@EEC5B4DB.3B96A244.4E88690D.IP) (Quit: Leaving...)
[06:48:20] *** Joins: benjamin_ (benjamin@moz-FFC9492F.dip0.t-ipconnect.de)
[07:00:46] *** Quits: jeaye (jeaye@moz-34FEF2BB.hsd1.ca.comcast.net) (Quit: zzz)
[07:09:52] *** Quits: pcwalton (pcwalton@moz-DA87EE4.hsd1.ca.comcast.net) (Quit: pcwalton)
[07:21:09] *** Joins: dbaupp1 (Thunderbir@2702835C.D5A1DCF.37681C44.IP)
[07:27:18] *** Quits: nielsle (nielsle@moz-C46DA772.boa.fiberby.dk) (Ping timeout)
[07:29:35] *** Quits: ssira (ssira@moz-DC71C200.kanagawa.ocn.ne.jp) (Client exited)
[07:29:56] *** Joins: ssira (ssira@moz-DC71C200.kanagawa.ocn.ne.jp)
[07:31:40] *** Quits: ssira (ssira@moz-DC71C200.kanagawa.ocn.ne.jp) (Ping timeout)
[07:43:17] *** Joins: ssira (ssira@moz-DC71C200.kanagawa.ocn.ne.jp)
[08:01:04] *** Quits: TimAbraldes (quassel@moz-7FD19BDC.hsd1.or.comcast.net) (Connection reset by peer)
[08:03:40] *** Quits: jsonnull (Thunderbir@26F61E6.CFD9471D.494A0F8B.IP) (Ping timeout)
[08:06:53] *** Quits: dbaupp1 (Thunderbir@2702835C.D5A1DCF.37681C44.IP) (Ping timeout)
[08:07:29] *** Joins: jsonnull (Thunderbir@26F61E6.CFD9471D.494A0F8B.IP)
[08:09:21] *** Quits: rustilite (rustilite@moz-54F7FD49.cpe.net.cable.rogers.com) (Connection reset by peer)
[08:09:21] *** Quits: rusti (rusti@moz-54F7FD49.cpe.net.cable.rogers.com) (Connection reset by peer)
[08:09:48] *** Joins: rustilite (rustilite@moz-54F7FD49.cpe.net.cable.rogers.com)
[08:09:54] *** Joins: rusti (rusti@moz-54F7FD49.cpe.net.cable.rogers.com)
[08:16:20] *** Joins: squiddy (squiddy@moz-641191C3.adsl.alicedsl.de)
[08:25:20] *** Joins: summerlight (summerligh@327FC32B.2C956A45.501EFF44.IP)
[08:39:05] *** Joins: darthdeus (darthdeus@EEC5B4DB.3B96A244.4E88690D.IP)
[08:50:12] *** Quits: patpat (patpat@moz-1599AAE4.as13285.net) (Quit: )
[08:52:54] *** Quits: csherratt (csherratt@moz-7685819.cpe.teksavvy.com) (Quit: csherratt)
[08:54:10] *** kimundi is now known as zz_kimundi
[09:02:01] *** Joins: dbaupp (Thunderbir@moz-25BBAF91.lns20.syd6.internode.on.net)
[09:12:18] *** Quits: tiernjo (quassel@moz-21A5F23D.ks.ks.cox.net) (Client exited)
[09:24:07] *** Quits: onelson (owen@18CF7301.95770028.5B6BFE7D.IP) (Ping timeout)
[09:25:11] *** Joins: dmac (Adium@moz-94F55C3.hfc.comcastbusiness.net)
[09:26:56] *** Quits: dmac (Adium@moz-94F55C3.hfc.comcastbusiness.net) (Ping timeout)
[09:45:26] *** Quits: NiccosSystem (NiccosSyst@AB1AFDE.FC7B0C35.A7597CB6.IP) (Ping timeout)
[09:49:16] *** Joins: nielsle (nielsle@moz-C46DA772.boa.fiberby.dk)
[09:50:23] *** Quits: summerlight (summerligh@327FC32B.2C956A45.501EFF44.IP) (Ping timeout)
[09:55:14] *** Joins: dmac (Adium@moz-94F55C3.hfc.comcastbusiness.net)
[10:00:37] *** Quits: dmac (Adium@moz-94F55C3.hfc.comcastbusiness.net) (Ping timeout)
[10:14:20] *** Quits: ecl3ctic (ecl3ctic@moz-E1FAD64C.wzfv1.vic.bigpond.net.au) (Ping timeout)
[10:16:03] *** Quits: jsonnull (Thunderbir@26F61E6.CFD9471D.494A0F8B.IP) (Ping timeout)
[10:19:25] *** Joins: jsonnull (Thunderbir@26F61E6.CFD9471D.494A0F8B.IP)
[10:24:49] *** Joins: NiccosSystem (NiccosSyst@AB1AFDE.FC7B0C35.A7597CB6.IP)
[10:38:43] *** Quits: rdn (rdn@moz-3FCD2726.tk) (Ping timeout)
[10:43:07] *** Joins: rdn (rdn@moz-3FCD2726.tk)
[11:11:19] *** Joins: dmac (Adium@moz-94F55C3.hfc.comcastbusiness.net)
[11:13:00] *** Quits: dmac (Adium@moz-94F55C3.hfc.comcastbusiness.net) (Ping timeout)
[11:16:19] *** zz_kimundi is now known as kimundi
[11:24:21] *** Quits: kaksmet (kaksmet@moz-2D34ADFA.dynamic.se.alltele.net) (Client exited)
[11:30:38] *** Quits: benjamin_ (benjamin@moz-FFC9492F.dip0.t-ipconnect.de) (Ping timeout)
[11:32:55] *** kimundi is now known as zz_kimundi
[11:48:33] *** Quits: darthdeus (darthdeus@EEC5B4DB.3B96A244.4E88690D.IP) (Quit: Leaving...)
[11:55:17] *** Joins: FrozenCow (FrozenCow@moz-E69F48E.dynamic.upc.nl)
[12:01:34] *** Joins: kaksmet (kaksmet@moz-2D34ADFA.dynamic.se.alltele.net)
[12:03:47] *** Quits: kaksmet (kaksmet@moz-2D34ADFA.dynamic.se.alltele.net) (Client exited)
[12:11:34] *** Joins: dmac (Adium@moz-94F55C3.hfc.comcastbusiness.net)
[12:13:21] *** Quits: dmac (Adium@moz-94F55C3.hfc.comcastbusiness.net) (Ping timeout)
[12:44:49] *** Joins: darthdeus (darthdeus@EEC5B4DB.3B96A244.4E88690D.IP)
[12:45:16] *** Joins: alex-abreu (alex@C08D9303.9289A342.80AB4F0.IP)
[12:55:29] *** Joins: kaksmet (kaksmet@moz-2D34ADFA.dynamic.se.alltele.net)
[12:57:33] *** Quits: kaksmet (kaksmet@moz-2D34ADFA.dynamic.se.alltele.net) (Ping timeout)
[13:11:54] *** Joins: dmac (Adium@moz-94F55C3.hfc.comcastbusiness.net)
[13:13:40] *** Quits: dmac (Adium@moz-94F55C3.hfc.comcastbusiness.net) (Ping timeout)
[13:26:45] *** Quits: alex-abreu (alex@C08D9303.9289A342.80AB4F0.IP) (Ping timeout)
[13:41:52] *** Joins: alex-abreu (alex@C08D9303.9289A342.80AB4F0.IP)
[13:42:00] *** Joins: canhtak (canhtak@moz-8DFB5E6A.wl.t.ulaval.ca)
[13:42:11] *** Joins: patpat (patpat@moz-1599AAE4.as13285.net)
[13:43:47] *** Quits: alex-abreu (alex@C08D9303.9289A342.80AB4F0.IP) (Ping timeout)
[13:56:36] *** Joins: kaksmet (kaksmet@moz-2D34ADFA.dynamic.se.alltele.net)
[13:58:34] *** Quits: kaksmet (kaksmet@moz-2D34ADFA.dynamic.se.alltele.net) (Ping timeout)
[14:00:03] *** Joins: alex-abreu (alex@C08D9303.9289A342.80AB4F0.IP)
[14:12:18] *** Joins: dmac (Adium@moz-94F55C3.hfc.comcastbusiness.net)
[14:14:07] *** Quits: dmac (Adium@moz-94F55C3.hfc.comcastbusiness.net) (Ping timeout)
[14:36:18] *** Quits: pzol (pzol@86821BC.DEB41A6D.AADC76B.IP) (Ping timeout)
[14:37:45] *** Quits: darthdeus (darthdeus@EEC5B4DB.3B96A244.4E88690D.IP) (Ping timeout)
[14:38:20] *** Joins: pzol (pzol@86821BC.DEB41A6D.AADC76B.IP)
[14:42:08] *** Joins: summerlight (summerligh@327FC32B.2C956A45.501EFF44.IP)
[14:42:09] *** Joins: bjustin (bjustin@moz-8FC28563.sierrabravo.net)
[14:55:03] *** Joins: kaksmet (kaksmet@moz-2D34ADFA.dynamic.se.alltele.net)
[14:56:54] *** Quits: kaksmet (kaksmet@moz-2D34ADFA.dynamic.se.alltele.net) (Ping timeout)
[15:03:41] *** Quits: pzol (pzol@86821BC.DEB41A6D.AADC76B.IP) (Ping timeout)
[15:05:28] *** Joins: pzol (pzol@86821BC.DEB41A6D.AADC76B.IP)
[15:07:40] *** Joins: SiegeLord (sl@moz-CAF07B4C.hsd1.ma.comcast.net)
[15:12:36] *** Joins: dmac (Adium@moz-94F55C3.hfc.comcastbusiness.net)
[15:14:22] *** Quits: dmac (Adium@moz-94F55C3.hfc.comcastbusiness.net) (Ping timeout)
[15:20:56] *** Quits: canhtak (canhtak@moz-8DFB5E6A.wl.t.ulaval.ca) (Quit: canhtak)
[15:21:53] *** Joins: kaksmet (kaksmet@moz-2D34ADFA.dynamic.se.alltele.net)
[15:25:02] *** Quits: summerlight (summerligh@327FC32B.2C956A45.501EFF44.IP) (Ping timeout)
[15:31:25] *** Quits: Ferreus (ferreus@moz-6811FD8D.dip0.t-ipconnect.de) (Ping timeout)
[15:36:22] *** Quits: rdn (rdn@moz-3FCD2726.tk) (Ping timeout)
[15:37:59] *** Joins: canhtak (canhtak@moz-8DFB5E6A.wl.t.ulaval.ca)
[15:40:09] *** Joins: rdn (rdn@moz-3FCD2726.tk)
[15:48:47] *** Quits: ssira (ssira@moz-DC71C200.kanagawa.ocn.ne.jp) (Client exited)
[15:49:08] *** Joins: ssira (ssira@moz-DC71C200.kanagawa.ocn.ne.jp)
[15:50:51] *** Quits: ssira (ssira@moz-DC71C200.kanagawa.ocn.ne.jp) (Ping timeout)
[16:00:37] *** Quits: squiddy (squiddy@moz-641191C3.adsl.alicedsl.de) (Input/output error)
[16:06:50] *** zz_kimundi is now known as kimundi
[16:08:00] *** Joins: csherratt (csherratt@moz-7685819.cpe.teksavvy.com)
[16:12:56] *** Joins: dmac (Adium@moz-94F55C3.hfc.comcastbusiness.net)
[16:14:37] *** Quits: dmac (Adium@moz-94F55C3.hfc.comcastbusiness.net) (Ping timeout)
[16:14:41] *** Joins: TimAbraldes (quassel@moz-7FD19BDC.hsd1.or.comcast.net)
[16:23:27] *** Joins: glennsl (textual@moz-5D7B804F.getinternet.no)
[16:27:47] *** Quits: mib_40unqv (Mibbit@moz-8DD6871F.nyc.biz.rr.com) (Quit: http://www.mibbit.com ajax IRC Client)
[16:29:06] *** Quits: japaric (japaric@FDCA8EB5.4F37C8B4.BFC118EE.IP) (Ping timeout)
[16:36:06] *** Quits: canhtak (canhtak@moz-8DFB5E6A.wl.t.ulaval.ca) (Quit: canhtak)
[16:44:53] *** Quits: csherratt (csherratt@moz-7685819.cpe.teksavvy.com) (Quit: csherratt)
[16:47:10] *** Joins: canhtak (canhtak@moz-8DFB5E6A.wl.t.ulaval.ca)
[16:52:21] *** Quits: angdev (uid7041@moz-E77DEB21.irccloud.com) (Ping timeout)
[16:56:52] *** Joins: jeaye (jeaye@moz-34FEF2BB.hsd1.ca.comcast.net)
[16:59:52] *** Joins: angdev (uid7041@moz-E77DEB21.irccloud.com)
[17:01:28] *** Joins: csherratt (csherratt@moz-7685819.cpe.teksavvy.com)
[17:04:10] *** Joins: Ferreus (ferreus@moz-1E576283.pools.arcor-ip.net)
[17:04:16] *** Quits: csherratt (csherratt@moz-7685819.cpe.teksavvy.com) (Quit: csherratt)
[17:04:26] *** Joins: csherratt (csherratt@moz-7685819.cpe.teksavvy.com)
[17:06:08] *** Quits: Ferreus (ferreus@moz-1E576283.pools.arcor-ip.net) (Quit: WeeChat 0.4.3-dev)
[17:06:50] *** Joins: Ferreus (ferreus@moz-1E576283.pools.arcor-ip.net)
[17:11:34] *** Quits: csherratt (csherratt@moz-7685819.cpe.teksavvy.com) (Quit: csherratt)
[17:13:24] *** Joins: dmac (Adium@moz-94F55C3.hfc.comcastbusiness.net)
[17:16:55] *** Quits: dmac (Adium@moz-94F55C3.hfc.comcastbusiness.net) (Ping timeout)
[17:25:17] *** Joins: pcwalton (pcwalton@moz-7B0110AD.mv.mozilla.com)
[17:25:17] *** ChanServ sets mode: +qo pcwalton pcwalton
[17:31:14] *** Joins: tiernjo (quassel@moz-21A5F23D.ks.ks.cox.net)
[17:31:48] *** Joins: erickt (etryzelaar@8C9ECD8F.3A598286.F12515B4.IP)
[17:34:30] *** Quits: Ferreus (ferreus@moz-1E576283.pools.arcor-ip.net) (Quit: WeeChat 0.4.3-dev)
[17:36:28] *** Joins: Ferreus (ferreus@moz-1E576283.pools.arcor-ip.net)
[17:51:49] *** Quits: pcwalton (pcwalton@moz-7B0110AD.mv.mozilla.com) (Quit: pcwalton)
[17:54:24] *** Joins: jdm (jdm@2F1C87B2.CB89F2A8.6AA50C35.IP)
[17:55:34] *** Quits: erickt (etryzelaar@8C9ECD8F.3A598286.F12515B4.IP) (Ping timeout)
[18:04:13] *** Joins: pcwalton (pcwalton@moz-7B0110AD.mv.mozilla.com)
[18:04:14] *** ChanServ sets mode: +qo pcwalton pcwalton
[18:13:07] *** Quits: CarpNet (ac@moz-FD24B77.sohonet.co.uk) (Quit: Leaving)
[18:25:07] *** Joins: dmac (Adium@moz-99EF2EE6.hfc.comcastbusiness.net)
[18:31:22] *** Quits: NiccosSystem (NiccosSyst@AB1AFDE.FC7B0C35.A7597CB6.IP) (Ping timeout)
[18:31:36] *** Quits: SiegeLord (sl@moz-CAF07B4C.hsd1.ma.comcast.net) (Quit: It's a joke, it's all a joke.)
[18:39:58] *** Quits: tiernjo (quassel@moz-21A5F23D.ks.ks.cox.net) (Client exited)
[18:43:55] *** Quits: bjz (bjz@B398BE78.F804C29E.D35A31DF.IP) (Ping timeout)
[18:44:18] *** Joins: bjz (bjz@B398BE78.F804C29E.D35A31DF.IP)
[18:48:23] *** Joins: tiernjo (quassel@moz-21A5F23D.ks.ks.cox.net)
[18:57:50] *** Quits: tiernjo (quassel@moz-21A5F23D.ks.ks.cox.net) (Client exited)
[19:01:29] *** Joins: tabraldes (quassel@moz-7FD19BDC.hsd1.or.comcast.net)
[19:01:35] *** Quits: brandonw (brandonw@moz-B334F9B.dhcp.oxfr.ma.charter.com) (Ping timeout)
[19:01:35] *** Quits: jpf (jan@moz-A8C26A15.org) (Ping timeout)
[19:01:35] *** Quits: rsaarelm (rsaarelm@moz-84E87CA5.kapsi.fi) (Ping timeout)
[19:01:35] *** Quits: jeaye (jeaye@moz-34FEF2BB.hsd1.ca.comcast.net) (Ping timeout)
[19:01:36] *** Joins: jpf (jan@moz-A8C26A15.org)
[19:01:37] *** Joins: rsaarelm (rsaarelm@moz-84E87CA5.kapsi.fi)
[19:01:45] *** Joins: brandonw (brandonw@moz-B334F9B.dhcp.oxfr.ma.charter.com)
[19:01:49] *** Joins: jeaye (jeaye@moz-34FEF2BB.hsd1.ca.comcast.net)
[19:02:15] *** Quits: TimAbraldes (quassel@moz-7FD19BDC.hsd1.or.comcast.net) (Ping timeout)
[19:02:15] *** Quits: yuriks (yuriks@14F330CC.3D924459.5419EADB.IP) (Ping timeout)
[19:02:15] *** Quits: alex-abreu (alex@C08D9303.9289A342.80AB4F0.IP) (Ping timeout)
[19:02:27] *** Joins: alex-abreu (alex@C08D9303.9289A342.80AB4F0.IP)
[19:06:20] *** Joins: yuriks (yuriks@14F330CC.3D924459.5419EADB.IP)
[19:29:49] *** Joins: erickt (etryzelaar@8C9ECD8F.3A598286.F12515B4.IP)
[19:38:46] *** Joins: onelson (owen@18CF7301.95770028.5B6BFE7D.IP)
[19:42:37] *** Quits: jdm (jdm@2F1C87B2.CB89F2A8.6AA50C35.IP) (Ping timeout)
[19:42:55] *** Joins: jdm (jdm@2F1C87B2.CB89F2A8.6AA50C35.IP)
[19:53:05] *** Quits: pcwalton (pcwalton@moz-7B0110AD.mv.mozilla.com) (Quit: pcwalton)
[19:53:37] *** Quits: erickt (etryzelaar@8C9ECD8F.3A598286.F12515B4.IP) (Ping timeout)
[20:00:02] *** Joins: NiccosSystem (NiccosSyst@AB1AFDE.FC7B0C35.A7597CB6.IP)
[20:01:12] *** Joins: jensnockert (jensnocker@moz-7DC16A5F.afb.bredband2.com)
[20:02:53] *** Quits: jdm (jdm@2F1C87B2.CB89F2A8.6AA50C35.IP) (Ping timeout)
[20:02:59] *** Joins: jdm (jdm@2F1C87B2.CB89F2A8.6AA50C35.IP)
[20:11:13] *** Joins: erickt (etryzelaar@8C9ECD8F.3A598286.F12515B4.IP)
[20:26:43] *** Joins: tiernjo (quassel@moz-21A5F23D.ks.ks.cox.net)
[20:26:47] *** Quits: erickt (etryzelaar@8C9ECD8F.3A598286.F12515B4.IP) (Ping timeout)
[20:39:38] *** Quits: tabraldes (quassel@moz-7FD19BDC.hsd1.or.comcast.net) (Connection reset by peer)
[20:50:39] *** Joins: Kjelle (karl@moz-E08C6219.tbcn.telia.com)
[20:53:34] *** Kjelle is now known as Zylinski
[20:54:17] *** Quits: alex-abreu (alex@C08D9303.9289A342.80AB4F0.IP) (Ping timeout)
[20:56:35] *** Joins: squiddy (squiddy@moz-641191C3.adsl.alicedsl.de)
[21:15:01] *** Quits: jensnockert (jensnocker@moz-7DC16A5F.afb.bredband2.com) (Input/output error)
[21:15:30] *** Joins: jensnockert (jensnocker@moz-7DC16A5F.afb.bredband2.com)
[21:17:16] *** Quits: jensnockert (jensnocker@moz-7DC16A5F.afb.bredband2.com) (Ping timeout)
[21:17:52] *** Joins: brson (brson@moz-BBE3ABD.mv.mozilla.com)
[21:18:16] *** Joins: pcwalton (pcwalton@moz-7B0110AD.mv.mozilla.com)
[21:18:16] *** ChanServ sets mode: +qo pcwalton pcwalton
[21:26:02] *** Joins: ofeldt- (ofeldt@moz-90F37CE7.dip0.t-ipconnect.de)
[21:26:46] *** Quits: ofeldt (ofeldt@moz-F73DCD6F.dip0.t-ipconnect.de) (Ping timeout)
[21:27:03] *** Joins: erickt (etryzelaar@8C9ECD8F.3A598286.F12515B4.IP)
[21:31:48] *** Quits: FrozenCow (FrozenCow@moz-E69F48E.dynamic.upc.nl) (Client exited)
[21:32:34] *** Joins: jensnockert (jensnocker@moz-7DC16A5F.afb.bredband2.com)
[21:33:15] *** Quits: erickt (etryzelaar@8C9ECD8F.3A598286.F12515B4.IP) (Ping timeout)
[21:37:55] *** Quits: pcwalton (pcwalton@moz-7B0110AD.mv.mozilla.com) (Ping timeout)
[21:45:39] *** Joins: pcwalton (pcwalton@moz-7B0110AD.mv.mozilla.com)
[21:45:39] *** ChanServ sets mode: +qo pcwalton pcwalton
[21:51:36] *** Quits: squiddy (squiddy@moz-641191C3.adsl.alicedsl.de) (Quit: Leaving)
[21:55:48] *** Joins: ecl3ctic (ecl3ctic@moz-E1FAD64C.wzfv1.vic.bigpond.net.au)
[21:56:28] *** Quits: tiffany (kawaii@moz-FC0DB29D.dhcp.embarqhsd.net) (Input/output error)
[22:01:54] *** Quits: bjustin (bjustin@moz-8FC28563.sierrabravo.net) (Quit: Textual IRC Client: www.textualapp.com)
[22:13:40] *** Quits: jsonnull (Thunderbir@26F61E6.CFD9471D.494A0F8B.IP) (Connection reset by peer)
[22:16:38] *** Quits: NiccosSystem (NiccosSyst@AB1AFDE.FC7B0C35.A7597CB6.IP) (Ping timeout)
[22:19:33] *** Joins: SiegeLord (sl@moz-CAF07B4C.hsd1.ma.comcast.net)
[22:25:23] *** Quits: Zylinski (karl@moz-E08C6219.tbcn.telia.com) (Quit: Zylinski)
[22:35:52] *** Joins: Zylinski (karl@moz-E08C6219.tbcn.telia.com)
[22:38:49] *** Quits: MrByte (Dartakio@moz-81792842.chy-wy.client.bresnan.net) (Ping timeout)
[22:39:35] *** Joins: MrByte (Dartakio@moz-81792842.chy-wy.client.bresnan.net)
[22:51:47] *** Quits: yuriks (yuriks@14F330CC.3D924459.5419EADB.IP) (Connection reset by peer)
[22:52:00] *** Joins: yuriks (yuriks@C93719AB.4576F2C7.8E0C6B01.IP)
[23:00:08] *** Joins: erickt (etryzelaar@8C9ECD8F.3A598286.F12515B4.IP)
[23:01:33] *** Quits: jdm (jdm@2F1C87B2.CB89F2A8.6AA50C35.IP) (Ping timeout)
[23:01:37] *** Quits: rusti (rusti@moz-54F7FD49.cpe.net.cable.rogers.com) (Ping timeout)
[23:01:38] *** Joins: rusti (rusti@moz-54F7FD49.cpe.net.cable.rogers.com)
[23:02:06] *** Quits: canhtak (canhtak@moz-8DFB5E6A.wl.t.ulaval.ca) (Quit: canhtak)
[23:02:20] *** Quits: Zylinski (karl@moz-E08C6219.tbcn.telia.com) (Quit: Zylinski)
[23:02:29] *** Quits: erickt (etryzelaar@8C9ECD8F.3A598286.F12515B4.IP) (Ping timeout)
[23:05:42] *** Joins: csherratt (csherratt@moz-7685819.cpe.teksavvy.com)
[23:08:35] *** Quits: jensnockert (jensnocker@moz-7DC16A5F.afb.bredband2.com) (Input/output error)
[23:16:40] *** Quits: yuriks (yuriks@C93719AB.4576F2C7.8E0C6B01.IP) (Ping timeout)
[23:19:27] *** Joins: yuriks (yuriks@A61B73A9.3D6294A3.10054EA3.IP)
