[01:30:53] *** Joins: bjz (bjz@B398BE78.F804C29E.D35A31DF.IP)
[02:05:48] *** Quits: pcwalton (pcwalton@moz-7B0110AD.mv.mozilla.com) (Quit: pcwalton)
[02:13:06] *** Quits: bjz (bjz@B398BE78.F804C29E.D35A31DF.IP) (Quit: ZZZzzz…)
[02:57:27] *** Quits: brson (brson@moz-BBE3ABD.mv.mozilla.com) (Ping timeout)
[03:01:52] *** Joins: brson (brson@981AA104.E81F12CD.76F66111.IP)
[03:21:55] *** Quits: brson (brson@981AA104.E81F12CD.76F66111.IP) (Quit: leaving)
[03:55:22] *** Joins: kimundi_ (kimundi@moz-F8D99315.dip0.t-ipconnect.de)
[03:56:04] *** Quits: kimundi (kimundi@moz-3999E347.dip0.t-ipconnect.de) (Ping timeout)
[03:56:04] *** kimundi_ is now known as kimundi
[03:57:07] *** Joins: bjz (bjz@B398BE78.F804C29E.D35A31DF.IP)
[04:04:20] *** kimundi is now known as zz_kimundi
[04:11:27] *** zz_kimundi is now known as kimundi
[04:28:58] *** Quits: bjz (bjz@B398BE78.F804C29E.D35A31DF.IP) (Quit: ZZZzzz…)
[04:37:53] *** Joins: bjz (bjz@B398BE78.F804C29E.D35A31DF.IP)
[04:54:14] *** Quits: bjz (bjz@B398BE78.F804C29E.D35A31DF.IP) (Quit: ZZZzzz…)
[04:54:21] *** Joins: canhtak (canhtak@moz-66A0054D.wl.t.ulaval.ca)
[05:23:02] *** Joins: bjz (bjz@B398BE78.F804C29E.D35A31DF.IP)
[05:29:06] *** Quits: adarq (x@moz-87A29603.hsd1.fl.comcast.net) (Quit: Lost terminal)
[05:48:00] *** Joins: eddyb (eddy@FE23D96E.F33C1089.FB866788.IP)
[05:51:42] *** Quits: canhtak (canhtak@moz-66A0054D.wl.t.ulaval.ca) (Quit: canhtak)
[06:14:08] *** Quits: wolfwood (wolfwood@moz-A19F104D.pitbpa.fios.verizon.net) (Ping timeout)
[06:38:57] *** Quits: bjz (bjz@B398BE78.F804C29E.D35A31DF.IP) (Connection reset by peer)
[06:39:01] *** Joins: bjz (bjz@B398BE78.F804C29E.D35A31DF.IP)
[06:43:43] <eddyb> http://www.cracked.com/photoplasty_276_24-things-other-countries-suspect-about-life-in-america_p24/#19 lol, ritalin
[06:56:31] *** Quits: eddyb9 (eddy@FE23D96E.F33C1089.FB866788.IP) (Ping timeout)
[07:11:49] *** Quits: strcat (strcat@moz-54F7FD49.cpe.net.cable.rogers.com) (Quit: WeeChat 0.4.2)
[07:15:59] *** Joins: eddyb9 (eddy@971C3AAF.8D069E5A.4A6B528C.IP)
[07:38:51] *** Joins: canhtak (canhtak@moz-66A0054D.wl.t.ulaval.ca)
[07:39:26] *** Quits: canhtak (canhtak@moz-66A0054D.wl.t.ulaval.ca) (Quit: canhtak)
[08:38:43] <eddyb9> this is stupid, I think I'm losing time
[08:41:25] <eddyb9> as in, 25 minutes pass, and it feels like 5
[08:41:53] <eddyb9> I feel like I turn every channel into #eddbymentalproblems
[09:08:22] *** Joins: tiffany (kawaii@moz-28A8742A.dhcp.embarqhsd.net)
[09:16:23] *** Quits: bjz (bjz@B398BE78.F804C29E.D35A31DF.IP) (Quit: ZZZzzz…)
[09:30:39] *** Joins: bjz (bjz@B398BE78.F804C29E.D35A31DF.IP)
[09:36:58] *** Quits: bjz (bjz@B398BE78.F804C29E.D35A31DF.IP) (Ping timeout)
[09:41:31] *** Joins: bjz (bjz@B398BE78.F804C29E.D35A31DF.IP)
[11:41:45] *** Joins: pnkfelix (pnkfelix@87C1F78E.1DE10CA8.D8E68FF6.IP)
[11:42:51] *** Quits: pnkfelix (pnkfelix@87C1F78E.1DE10CA8.D8E68FF6.IP) (Quit: Leaving.)
[11:42:56] *** Joins: pnkfelix (pnkfelix@87C1F78E.1DE10CA8.D8E68FF6.IP)
[11:43:54] *** Quits: eddyb9 (eddy@971C3AAF.8D069E5A.4A6B528C.IP) (Ping timeout)
[13:03:11] *** Joins: canhtak (canhtak@moz-14E3CE16.wl.t.ulaval.ca)
[15:06:15] *** Joins: eddyb9 (eddy@FE23D96E.F33C1089.FB866788.IP)
[15:07:52] *** Quits: eddyb (eddy@FE23D96E.F33C1089.FB866788.IP) (Ping timeout)
[15:12:08] *** Quits: canhtak (canhtak@moz-14E3CE16.wl.t.ulaval.ca) (Quit: canhtak)
[15:20:51] *** Joins: canhtak (canhtak@moz-14E3CE16.wl.t.ulaval.ca)
[16:38:20] *** Quits: pnkfelix (pnkfelix@87C1F78E.1DE10CA8.D8E68FF6.IP) (Quit: Leaving.)
[16:59:05] *** Quits: canhtak (canhtak@moz-14E3CE16.wl.t.ulaval.ca) (Quit: canhtak)
[17:05:56] *** Joins: canhtak (canhtak@moz-14E3CE16.wl.t.ulaval.ca)
[17:09:36] *** Quits: dbaupp (Thunderbir@moz-B3C9E9E8.lns20.syd6.internode.on.net) (Ping timeout)
[17:12:02] *** Joins: devbug_ (quassel@2D4E172D.4C8B6099.9B57EA59.IP)
[17:46:07] *** Joins: nielsle (nielsle@moz-C46DA772.boa.fiberby.dk)
[17:53:57] *** Joins: brson (brson@moz-BBE3ABD.mv.mozilla.com)
[17:56:49] *** Joins: pcwalton (pcwalton@moz-C07D5168.p2p.sfo1.mozilla.com)
[18:02:51] *** Quits: canhtak (canhtak@moz-14E3CE16.wl.t.ulaval.ca) (Quit: canhtak)
[18:08:54] *** Joins: canhtak (canhtak@moz-14E3CE16.wl.t.ulaval.ca)
[20:02:33] *** sam113101 is now known as sam113101_afk
[20:20:53] <eddyb9> hmm...
[20:21:46] <eddyb9> pcmattman: do you happen to know if it's possible to replace syscalls with some kind of task switch far call, and if there's a performance difference?
[21:41:45] *** Quits: tiffany (kawaii@moz-28A8742A.dhcp.embarqhsd.net) (Ping timeout)
[21:42:01] *** Joins: tiffany (kawaii@moz-28A8742A.dhcp.embarqhsd.net)
[21:47:17] *** Joins: thewonderidiot (mstewart@moz-E41129BA.ipnetworksinc.net)
[22:01:43] *** Quits: devbug_ (quassel@2D4E172D.4C8B6099.9B57EA59.IP) (Ping timeout)
[22:17:45] *** Joins: strcat (strcat@moz-54F7FD49.cpe.net.cable.rogers.com)
[22:58:23] *** Joins: devbug_ (quassel@23AC5F12.9D950176.3655BBF5.IP)
[23:02:45] *** Quits: devbug (quassel@23AC5F12.9D950176.3655BBF5.IP) (Connection reset by peer)
[23:23:31] *** Joins: dbaupp (Thunderbir@moz-B3C9E9E8.lns20.syd6.internode.on.net)
[23:28:53] *** Joins: devbug (quassel@23AC5F12.9D950176.3655BBF5.IP)
[23:41:13] *** Joins: jeffdb (jeff@moz-ED35AD97.hsd1.ca.comcast.net)
[23:43:20] <pcmattman> eddyb9: there's task gates as an alternative to syscalls
[23:43:38] <pcmattman> the better solution is syscall/sysenter
