[00:00:34] *** Joins: saati (s@moz-11469F61.harmless.hu)
[00:04:59] <bjz_> doomlord_: lots of patterns in Java and C++ come about due to the fact they lack pattern matching and ADTs
[00:06:14] <bjz_> "... back when trait-objects had more bugs i guess" no, it's more that if you add one more entry to your ADT, you have to go through every usage of it and add that case
[00:06:35] <bjz_> you also break all your client's code if you're writing a library
[00:07:27] <bjz_> they're good if you're not altering them all the time
[00:07:34] <bjz_> though
[00:09:46] <dbaupp> (or if it's an internal implementation detail)
[00:10:38] <bjz_> also using interfaces/traits have the disadvantage of splitting up all the logic into lots of different places
[00:11:21] <bjz_> and more to the heart of the expression problem, if you add another method you break your client code too
[00:12:41] <bjz_> so ADTs are good if you need to be adding new functions all the time to a set of cases that are reasonably static, where as type classes are good when you need the cases to be extensible whilst the api stays relatively stable
[00:13:03] <bjz_> but it's really difficult to do both (impossible?)
[00:14:47] <dbaupp> using inferfaces/traits has the advantage of splitting up the logic into different places, so that you're not having to lump disjoint concepts together :P (so that the API can be stable, because you don't add a method to a class, you just implement a new trait, which downstream users can ignore if they don't need that functionality)
[00:27:36] *** Joins: samx (sami@moz-D9DA5773.dyn.optonline.net)
[00:32:14] *** Quits: sp3d (s@6361F3B1.19CD1E54.8354FB35.IP) (Ping timeout)
[00:35:29] *** Quits: glennsl (textual@moz-5D7B804F.getinternet.no) (Quit: My MacBook Pro has gone to sleep. ZZZzzz…)
[00:36:19] *** Quits: rusti (rusti@moz-54F7FD49.cpe.net.cable.rogers.com) (Client exited)
[00:39:28] *** Joins: rusti (rusti@moz-54F7FD49.cpe.net.cable.rogers.com)
[01:02:55] <doomlord_> "splitting up the logic into a lot of different places"  ... can be a virtue or a hazard depending on your POV
[01:03:09] <doomlord_> depending on how you collaborate with others
[01:04:24] *** Quits: FrozenCow (FrozenCow@moz-B2DF4929.chello.nl) (Quit: Leaving)
[01:05:22] *** Joins: sp3d (s@6361F3B1.19CD1E54.8354FB35.IP)
[01:13:41] *** Joins: glennsl (textual@moz-5D7B804F.getinternet.no)
[01:14:20] *** Quits: dbaupp (Thunderbir@moz-54ADD9F4.lns20.syd6.internode.on.net) (Ping timeout)
[01:20:20] *** Quits: jxv (jxv@4732E7D7.2AB34561.9B38A32A.IP) (Ping timeout)
[01:20:49] *** Quits: dmarcos (dmarcos@BB6E104B.65B1138D.BC0068E5.IP) (Quit: Leaving...)
[01:30:32] *** Joins: erickt1 (Adium@49C4075F.3AC15C18.2321E71E.IP)
[01:30:51] *** Quits: erickt1 (Adium@49C4075F.3AC15C18.2321E71E.IP) (Quit: Leaving.)
[01:35:47] *** Joins: jeffdb_ (jeff@moz-D13B6004.hsd1.ca.comcast.net)
[01:35:52] *** Quits: bjz_ (brendanzab@B398BE78.F804C29E.D35A31DF.IP) (Quit: Bye!)
[01:35:59] *** Joins: bjz (brendanzab@B398BE78.F804C29E.D35A31DF.IP)
[01:47:51] *** Quits: brson (brson@moz-BBE3ABD.mv.mozilla.com) (Ping timeout)
[01:52:09] *** Joins: brson (brson@981AA104.E81F12CD.76F66111.IP)
[02:07:01] *** Joins: SiegeLord (sl@moz-CAF07B4C.hsd1.ma.comcast.net)
[02:08:06] *** Quits: samx (sami@moz-D9DA5773.dyn.optonline.net) (Quit: This computer has gone to sleep)
[02:18:29] *** Quits: tiffany (kawaii@moz-28A8742A.dhcp.embarqhsd.net) (Ping timeout)
[02:18:30] *** Quits: brson (brson@981AA104.E81F12CD.76F66111.IP) (Ping timeout)
[02:19:57] *** Joins: tiffany (kawaii@moz-28A8742A.dhcp.embarqhsd.net)
[02:24:41] *** Quits: zz_kimundi (kimundi@moz-265AA1A2.dip0.t-ipconnect.de) (Ping timeout)
[02:28:07] *** Joins: zz_kimundi (kimundi@moz-55AF642C.dip0.t-ipconnect.de)
[02:28:08] *** zz_kimundi is now known as kimundi
[02:31:24] *** Quits: tiffany (kawaii@moz-28A8742A.dhcp.embarqhsd.net) (Ping timeout)
[02:31:39] *** Joins: tiffany (kawaii@moz-28A8742A.dhcp.embarqhsd.net)
[02:33:22] *** Quits: glennsl (textual@moz-5D7B804F.getinternet.no) (Quit: My MacBook Pro has gone to sleep. ZZZzzz…)
[02:48:25] *** Quits: sp3d (s@6361F3B1.19CD1E54.8354FB35.IP) (Quit: sp3d)
[02:50:46] *** fmt is now known as fmtq
[03:00:45] *** Quits: rveach (rveach@410D297A.C7FE7DD2.1302FB2C.IP) (Ping timeout)
[03:08:50] *** Joins: dbaupp (Thunderbir@7B3DE86F.D5A1DCF.37681C44.IP)
[03:09:17] *** Joins: sp3d (s@6361F3B1.19CD1E54.8354FB35.IP)
[03:13:47] *** Joins: jxv (jxv@4732E7D7.2AB34561.9B38A32A.IP)
[03:15:38] *** Joins: rveach (rveach@410D297A.C7FE7DD2.1302FB2C.IP)
[03:17:01] <bjz> jack: re: glfw-rs, jikes
[03:17:06] <bjz> *ykes
[03:17:19] <bjz> I will have to look into it :/
[03:21:13] <jack> bjz: no need. it's a rust bug. i only ran into it because i'm bisecting for a different rust bug when compiling servo :)
[03:26:22] *** Quits: pcwalton (pcwalton@moz-B51927E9.hsd1.ca.comcast.net) (Quit: pcwalton)
[03:47:16] <jeffdb_> bjz: what's the status of color-rs?
[03:50:04] <jeffdb_> I'd like to contribute some to it.
[03:56:45] *** Quits: SiegeLord (sl@moz-CAF07B4C.hsd1.ma.comcast.net) (Ping timeout)
[03:58:00] <bjz> jeffdb_:t need some love - lookong for a chanpion :)
[03:59:08] *** Quits: rveach (rveach@410D297A.C7FE7DD2.1302FB2C.IP) (Client exited)
[04:01:06] *** Quits: dbaupp (Thunderbir@7B3DE86F.D5A1DCF.37681C44.IP) (Ping timeout)
[04:01:10] <jeffdb_> bjz: cool! has the general design of it been pretty successful in practice (it seems pretty straightforward), and is there some direction/ design philosophy you have for it?
[04:01:54] *** Joins: SiegeLord (sl@moz-CAF07B4C.hsd1.ma.comcast.net)
[04:07:03] *** Quits: canhtak (jeremy@moz-3DC6023A.wl.t.ulaval.ca) (Quit: canhtak)
[04:13:41] *** Quits: jeffdb_ (jeff@moz-D13B6004.hsd1.ca.comcast.net) (Quit: jeffdb_)
[04:14:55] *** Joins: jeffdb_ (jeff@moz-D13B6004.hsd1.ca.comcast.net)
[04:16:47] *** Quits: SiegeLord (sl@moz-CAF07B4C.hsd1.ma.comcast.net) (Quit: It's a joke, it's all a joke.)
[04:34:46] *** Quits: sp3d (s@6361F3B1.19CD1E54.8354FB35.IP) (Ping timeout)
[04:54:06] *** Joins: dmarcos (dmarcos@moz-ACD3DE9B.west.biz.rr.com)
[05:12:10] *** Joins: pepper_chico (pepper_chi@5B1C9931.F07E9C90.2E5C92D8.IP)
[05:39:07] *** Quits: jxv (jxv@4732E7D7.2AB34561.9B38A32A.IP) (Client exited)
[05:40:00] *** Joins: sp3d (s@6361F3B1.19CD1E54.8354FB35.IP)
[05:41:10] *** Joins: tikue (quassel@moz-FEADCD38.hsd1.pa.comcast.net)
[05:44:53] *** Quits: jeffdb_ (jeff@moz-D13B6004.hsd1.ca.comcast.net) (Ping timeout)
[05:49:06] *** Quits: pepper_chico (pepper_chi@5B1C9931.F07E9C90.2E5C92D8.IP) (Quit: Ex-Chat)
[05:54:18] *** Quits: dmarcos (dmarcos@moz-ACD3DE9B.west.biz.rr.com) (Quit: Leaving...)
[06:10:13] *** Joins: dbaupp (Thunderbir@moz-54ADD9F4.lns20.syd6.internode.on.net)
[06:13:00] *** Quits: nielsle (nielsle@moz-5CE8ECCD.boa.fiberby.dk) (Quit: Ex-Chat)
[06:31:32] *** Joins: squiddy (squiddy@moz-D3754FCB.adsl.alicedsl.de)
[06:32:20] *** Quits: bjz (brendanzab@B398BE78.F804C29E.D35A31DF.IP) (Quit: Leaving...)
[06:56:19] *** Quits: jeaye (Jeaye@moz-34FEF2BB.hsd1.ca.comcast.net) (Quit: zzz)
[07:00:12] *** Joins: rveach (kvirc@410D297A.C7FE7DD2.1302FB2C.IP)
[07:13:41] *** Quits: dbaupp (Thunderbir@moz-54ADD9F4.lns20.syd6.internode.on.net) (Quit: dbaupp)
[07:14:47] *** Joins: dbaupp (Thunderbir@moz-54ADD9F4.lns20.syd6.internode.on.net)
[07:43:21] *** Quits: tiffany (kawaii@moz-28A8742A.dhcp.embarqhsd.net) (Ping timeout)
[07:51:21] *** Joins: Ferreus (ferreus@moz-AFBE732E.dip0.t-ipconnect.de)
[08:24:08] *** Joins: bjz (brendanzab@moz-38D46E1C.perm.iinet.net.au)
[08:39:45] *** Joins: CarpNet (ac@moz-FD24B77.sohonet.co.uk)
[08:52:32] *** Quits: rveach (kvirc@410D297A.C7FE7DD2.1302FB2C.IP) (Quit: KVIrc 4.2.0 Equilibrium http://www.kvirc.net/)
[10:12:30] *** Quits: StarLight (StarLight@moz-C80940BC.pppoe.avangarddsl.ru) (Ping timeout)
[10:14:14] *** Joins: jdm (jdm@moz-300427AD.cable.virginmedia.com)
[10:16:50] *** Joins: StarLight (StarLight@moz-C2023557.dynamic.avangarddsl.ru)
[10:35:22] *** Joins: mib_8s9exv (Mibbit@1CC1662.4C84EF83.57DA49D3.IP)
[10:35:30] *** Quits: mib_8s9exv (Mibbit@1CC1662.4C84EF83.57DA49D3.IP) (Quit: http://www.mibbit.com ajax IRC Client)
[11:52:00] *** Quits: bjz (brendanzab@moz-38D46E1C.perm.iinet.net.au) (Quit: Leaving...)
[11:55:49] *** Quits: jdm (jdm@moz-300427AD.cable.virginmedia.com) (Ping timeout)
[11:56:07] *** kimundi is now known as zz_kimundi
[11:57:08] *** Joins: jdm (jdm@moz-300427AD.cable.virginmedia.com)
[11:57:22] *** Joins: reedlepee (Mibbit@BD7C15CC.C619D10B.9D59D0D8.IP)
[11:59:57] *** Quits: jdm (jdm@moz-300427AD.cable.virginmedia.com) (Ping timeout)
[12:11:42] *** zz_kimundi is now known as kimundi
[12:22:47] *** Joins: canhtak (jeremy@moz-44A7DE0.wl.t.ulaval.ca)
[12:35:06] *** Joins: bjz (brendanzab@B398BE78.F804C29E.D35A31DF.IP)
[12:49:05] *** Joins: SiegeLord (sl@moz-CAF07B4C.hsd1.ma.comcast.net)
[13:22:03] *** Joins: FrozenCow (FrozenCow@moz-B2DF4929.chello.nl)
[13:22:45] *** Quits: SiegeLord (sl@moz-CAF07B4C.hsd1.ma.comcast.net) (Quit: It's a joke, it's all a joke.)
[13:48:23] *** Joins: sebcrozet (sebcrozet@moz-2517AE39.w80-13.abo.wanadoo.fr)
[14:06:43] *** Joins: jdm (jdm@514D186.F3BBB17D.144F44FA.IP)
[14:07:59] *** Joins: jdm_ (jdm@88F51059.F3BBB17D.144F44FA.IP)
[14:08:25] *** Quits: jdm (jdm@514D186.F3BBB17D.144F44FA.IP) (Ping timeout)
[14:13:04] *** Joins: pnkfelix (pnkfelix@moz-B65AF445.hfc.comcastbusiness.net)
[14:29:59] *** Joins: mortisha (Mibbit@moz-CB26A36D.inter-intelli.com)
[14:30:10] *** Quits: mortisha (Mibbit@moz-CB26A36D.inter-intelli.com) (Quit: http://www.mibbit.com ajax IRC Client)
[14:44:24] *** jdm_ is now known as jdm
[14:58:22] *** Joins: jeaye (Jeaye@moz-34FEF2BB.hsd1.ca.comcast.net)
[15:26:59] *** Quits: alex-abreu (alex@moz-7421D6C9.mc.videotron.ca) (Client exited)
[15:29:56] *** Joins: alex-abreu (alex@moz-7421D6C9.mc.videotron.ca)
[15:46:11] <zokier`> wait, what. opengl changes the screen-space coordinates when window is resized. no wonder my vertex shader behaved oddly
[15:48:14] <zokier`> I kinda assumed that it's always -1.0 to 1.0, but apparently not
[15:58:58] *** Quits: Ferreus (ferreus@moz-AFBE732E.dip0.t-ipconnect.de) (Ping timeout)
[16:01:49] *** Joins: mystal (Mibbit@24D1937F.D6CCE4AE.77834EAA.IP)
[16:05:22] *** Quits: mystal (Mibbit@24D1937F.D6CCE4AE.77834EAA.IP) (Quit: http://www.mibbit.com ajax IRC Client)
[16:06:48] *** Joins: rveach (kvirc@EAFF8742.1B4F02A2.27500626.IP)
[16:13:01] *** Joins: dmarcos (dmarcos@moz-DCCC7963.public.wayport.net)
[16:16:14] *** Joins: pcwalton (pcwalton@moz-B51927E9.hsd1.ca.comcast.net)
[16:16:14] *** ChanServ sets mode: +qo pcwalton pcwalton
[16:17:56] *** Quits: canhtak (jeremy@moz-44A7DE0.wl.t.ulaval.ca) (Ping timeout)
[16:19:53] *** Joins: canhtak (jeremy@moz-44A7DE0.wl.t.ulaval.ca)
[16:46:17] *** Quits: Yurume (yurume@AC58A8CE.8A059B47.E313B915.IP) (Ping timeout)
[16:49:34] *** Quits: pcwalton (pcwalton@moz-B51927E9.hsd1.ca.comcast.net) (Ping timeout)
[16:54:53] *** Joins: tiffany (kawaii@moz-28A8742A.dhcp.embarqhsd.net)
[16:56:13] *** Quits: lbergstrom (Adium@moz-5D8E4B14.lightspeed.cicril.sbcglobal.net) (Quit: Leaving.)
[16:56:18] *** Joins: lbergstrom (Adium@moz-5D8E4B14.lightspeed.cicril.sbcglobal.net)
[17:00:21] *** Joins: brson (brson@moz-BBE3ABD.mv.mozilla.com)
[17:06:46] *** Quits: dmarcos (dmarcos@moz-DCCC7963.public.wayport.net) (Quit: Leaving...)
[17:19:13] *** Quits: pnkfelix (pnkfelix@moz-B65AF445.hfc.comcastbusiness.net) (Quit: Leaving.)
[17:21:08] *** Joins: pnkfelix (pnkfelix@moz-B65AF445.hfc.comcastbusiness.net)
[17:22:47] *** Quits: squiddy (squiddy@moz-D3754FCB.adsl.alicedsl.de) (Ping timeout)
[17:23:04] *** Joins: dmarcos (dmarcos@moz-DCCC7963.public.wayport.net)
[17:26:29] *** Joins: squiddy (squiddy@moz-D3754FCB.adsl.alicedsl.de)
[17:32:58] *** Quits: CarpNet (ac@moz-FD24B77.sohonet.co.uk) (Quit: Leaving)
[17:38:44] *** Joins: Lt_Gravemind (Mibbit@moz-A58DA54C.wireless.gmu.edu)
[17:41:03] *** Quits: Lt_Gravemind (Mibbit@moz-A58DA54C.wireless.gmu.edu) (Quit: http://www.mibbit.com ajax IRC Client)
[17:55:59] *** Joins: maik (maik@moz-FF7537DA.dip0.t-ipconnect.de)
[18:05:34] *** Joins: jxv (jxv@4732E7D7.2AB34561.9B38A32A.IP)
[18:07:36] *** Joins: glennsl (textual@moz-5D7B804F.getinternet.no)
[18:09:59] *** Quits: jdm (jdm@88F51059.F3BBB17D.144F44FA.IP) (Ping timeout)
[18:12:12] *** Quits: squiddy (squiddy@moz-D3754FCB.adsl.alicedsl.de) (Ping timeout)
[18:17:14] *** Quits: maik (maik@moz-FF7537DA.dip0.t-ipconnect.de) (Client exited)
[18:25:55] *** lbergstrom is now known as lbergstrom|meeting
[18:30:17] *** Quits: alex-abreu (alex@moz-7421D6C9.mc.videotron.ca) (Client exited)
[18:31:26] *** Joins: alex-abreu (alex@moz-7421D6C9.mc.videotron.ca)
[18:45:27] *** Joins: pcwalton (pcwalton@moz-BE33DA21.fw1.sfo1.mozilla.net)
[18:45:27] *** ChanServ sets mode: +qo pcwalton pcwalton
[18:53:34] *** Quits: rveach (kvirc@EAFF8742.1B4F02A2.27500626.IP) (Quit: KVIrc 4.2.0 Equilibrium http://www.kvirc.net/)
[19:00:27] *** Quits: dmarcos (dmarcos@moz-DCCC7963.public.wayport.net) (Quit: Leaving...)
[19:36:14] *** Quits: alex-abreu (alex@moz-7421D6C9.mc.videotron.ca) (Client exited)
[19:37:18] *** Joins: alex-abreu (alex@moz-7421D6C9.mc.videotron.ca)
[19:37:24] *** Quits: Amaranth (travis@moz-F81BB56A.cpe.cableone.net) (Quit: Linkinus - http://linkinus.com)
[19:37:45] *** Joins: Amaranth (travis@moz-D359BBDD.sxct.qwest.net)
[19:46:57] *** Quits: pcwalton (pcwalton@moz-BE33DA21.fw1.sfo1.mozilla.net) (Ping timeout)
[19:58:56] *** Quits: FrozenCow (FrozenCow@moz-B2DF4929.chello.nl) (Client exited)
[20:12:31] *** Joins: dmarcos (dmarcos@BB6E104B.65B1138D.BC0068E5.IP)
[20:13:48] *** Quits: dmarcos (dmarcos@BB6E104B.65B1138D.BC0068E5.IP) (Quit: Leaving...)
[20:16:06] *** Joins: dmarcos (dmarcos@BB6E104B.65B1138D.BC0068E5.IP)
[20:27:06] *** lbergstrom|meeting is now known as lbergstrom
[20:27:43] *** lbergstrom is now known as help
[20:28:06] *** help is now known as lbergstrom
[20:46:45] *** Joins: pcwalton (pcwalton@moz-BE33DA21.fw1.sfo1.mozilla.net)
[20:46:45] *** ChanServ sets mode: +qo pcwalton pcwalton
[21:14:09] *** Quits: pnkfelix (pnkfelix@moz-B65AF445.hfc.comcastbusiness.net) (Quit: Leaving.)
[22:16:47] *** Joins: Amaranthus (travis@moz-F81BB56A.cpe.cableone.net)
[22:16:56] *** Quits: Amaranthus (travis@moz-F81BB56A.cpe.cableone.net) (Quit: Linkinus - http://linkinus.com)
[22:17:33] *** Quits: Amaranth (travis@moz-D359BBDD.sxct.qwest.net) (Connection reset by peer)
[22:21:56] *** Quits: pcwalton (pcwalton@moz-BE33DA21.fw1.sfo1.mozilla.net) (Ping timeout)
[22:25:12] *** lbergstrom is now known as lbergstrom|dinner
[22:34:43] *** Joins: mib_js05qj (Mibbit@moz-C15C4576.bb.online.no)
[22:36:26] *** Quits: mib_js05qj (Mibbit@moz-C15C4576.bb.online.no) (Quit: http://www.mibbit.com ajax IRC Client)
[22:38:59] *** Quits: sebcrozet (sebcrozet@moz-2517AE39.w80-13.abo.wanadoo.fr) (Quit: Gone)
[22:39:17] *** Joins: Amaranth (travis@moz-D359BBDD.sxct.qwest.net)
[22:41:15] *** Quits: erickt (etryzelaar@8C9ECD8F.3A598286.F12515B4.IP) (Ping timeout)
[22:46:48] *** lbergstrom|dinner is now known as lbergstrom
[23:02:36] *** Joins: SiegeLord (sl@moz-CAF07B4C.hsd1.ma.comcast.net)
[23:46:53] *** Joins: rveach (kvirc@moz-7E54B3A2.hsd1.ca.comcast.net)
[23:48:07] *** Joins: ercxx (ercan@moz-7CFF3469.dyn.optonline.net)
