[00:31:50] *** Quits: ptc (Adium@moz-8F01578B.z72-46-65.customer.algx.net) (Quit: Leaving.)
[00:45:14] *** Joins: summerlight (summerligh@327FC32B.2C956A45.501EFF44.IP)
[00:50:44] *** Joins: tiffany (kawaii@moz-FC0DB29D.dhcp.embarqhsd.net)
[00:51:14] *** Joins: ptc (Adium@moz-8F01578B.z72-46-65.customer.algx.net)
[01:14:16] *** Quits: canhtak (canhtak@moz-4B5B3414.wl.t.ulaval.ca) (Quit: canhtak)
[01:14:44] *** Quits: dbaupp (Thunderbir@moz-F3F7375F.lns20.syd6.internode.on.net) (Ping timeout)
[01:33:47] *** Quits: brson (brson@moz-BBE3ABD.mv.mozilla.com) (Quit: Lost terminal)
[01:34:01] *** Joins: brson (brson@moz-BBE3ABD.mv.mozilla.com)
[01:43:43] *** Quits: ptc (Adium@moz-8F01578B.z72-46-65.customer.algx.net) (Quit: Leaving.)
[02:08:03] <mcpherrin> I think the thing that causes Rust on bare metal is Oxygen
[02:08:56] <mcpherrin> Unfortunately somebody has already taken that as the name of an operating system :(
[02:14:36] *** Joins: dbaupp (Thunderbir@C5782B92.D5A1DCF.37681C44.IP)
[02:21:11] *** kimundi is now known as zz_kimundi
[02:37:33] *** Quits: carter (carter@moz-3589B90B.c.ircrelay.com) (Quit: IRCRelay - http://ircrelay.com)
[02:55:06] <cmr> take it back ;p
[03:13:15] *** Quits: zz_kimundi (kimundi@moz-A0A35D8B.dip0.t-ipconnect.de) (Ping timeout)
[03:16:14] *** Quits: dbaupp (Thunderbir@C5782B92.D5A1DCF.37681C44.IP) (Quit: dbaupp)
[03:16:39] *** Joins: dbaupp (Thunderbir@C5782B92.D5A1DCF.37681C44.IP)
[03:16:45] *** Joins: zz_kimundi (kimundi@moz-646723D.dip0.t-ipconnect.de)
[03:16:46] *** zz_kimundi is now known as kimundi
[03:32:56] *** Joins: ptc (Adium@moz-192425C4.nyc.res.rr.com)
[03:43:29] *** Quits: ptc (Adium@moz-192425C4.nyc.res.rr.com) (Quit: Leaving.)
[04:54:50] *** Quits: dbaupp (Thunderbir@C5782B92.D5A1DCF.37681C44.IP) (Ping timeout)
[04:57:08] *** Quits: Gracenotes (person@EBE65A41.2EC0B472.9510F13D.IP) (Ping timeout)
[04:59:20] *** Joins: Gracenotes (person@EBE65A41.2EC0B472.9510F13D.IP)
[04:59:40] *** Quits: brson (brson@moz-BBE3ABD.mv.mozilla.com) (Ping timeout)
[05:03:06] *** Joins: brson (brson@981AA104.E81F12CD.76F66111.IP)
[05:04:22] *** Quits: strcat (strcat@moz-54F7FD49.cpe.net.cable.rogers.com) (Quit: sleep)
[05:20:32] *** Quits: brson (brson@981AA104.E81F12CD.76F66111.IP) (Ping timeout)
[05:21:29] *** Joins: canhtak (canhtak@moz-4B5B3414.wl.t.ulaval.ca)
[05:24:48] *** Joins: brson (brson@moz-BBE3ABD.mv.mozilla.com)
[05:58:34] *** Joins: dbaupp (Thunderbir@moz-59CE1D72.lns20.syd6.internode.on.net)
[06:04:16] *** Joins: eddyb (eddy@EDE07015.D51DAF03.FB866788.IP)
[06:32:01] *** Joins: Tobba (Tobba@moz-462B7F7F.ias.bredband.telia.com)
[06:35:50] *** Quits: canhtak (canhtak@moz-4B5B3414.wl.t.ulaval.ca) (Quit: canhtak)
[06:38:30] *** Quits: Tobba (Tobba@moz-462B7F7F.ias.bredband.telia.com) (Ping timeout)
[06:50:03] *** Quits: brson (brson@moz-BBE3ABD.mv.mozilla.com) (Quit: leaving)
[06:58:39] *** Quits: ldunn (username@moz-94CB0FA.cyberius.net) (Ping timeout)
[07:00:50] *** Joins: ldunn (username@moz-94CB0FA.cyberius.net)
[07:10:39] *** Quits: yuriks (yuriks@50BCCB4D.6C9AD9C4.8E0C6B01.IP) (Ping timeout)
[07:14:25] *** Quits: TimAbraldes (quassel@moz-7FD19BDC.hsd1.or.comcast.net) (Connection reset by peer)
[07:58:49] *** Quits: dbaupp (Thunderbir@moz-59CE1D72.lns20.syd6.internode.on.net) (Ping timeout)
[08:02:45] *** Joins: dbaupp (Thunderbir@moz-EE10A658.lns20.syd6.internode.on.net)
[08:14:17] *** Quits: rusti (rusti@moz-54F7FD49.cpe.net.cable.rogers.com) (Client exited)
[08:14:50] *** Quits: summerlight (summerligh@327FC32B.2C956A45.501EFF44.IP) (Ping timeout)
[08:20:07] *** Joins: strcat (strcat@moz-54F7FD49.cpe.net.cable.rogers.com)
[08:28:48] *** Quits: strcat (strcat@moz-54F7FD49.cpe.net.cable.rogers.com) (Ping timeout)
[08:33:58] *** Joins: strcat (strcat@moz-54F7FD49.cpe.net.cable.rogers.com)
[08:38:27] *** Quits: bjz (bjz@B398BE78.F804C29E.D35A31DF.IP) (Connection reset by peer)
[08:39:15] *** Joins: bjz (bjz@B398BE78.F804C29E.D35A31DF.IP)
[08:57:48] *** Quits: Yurume (Yurume@A826BD81.8A0DEF81.38747683.IP) (Ping timeout)
[08:57:59] *** Joins: Yurume (Yurume@A826BD81.8A0DEF81.38747683.IP)
[09:50:29] *** Joins: summerlight (summerligh@327FC32B.2C956A45.501EFF44.IP)
[09:51:22] *** Joins: binsh (binsh@moz-54F7FD49.cpe.net.cable.rogers.com)
[09:51:23] *** Quits: binsh (binsh@moz-54F7FD49.cpe.net.cable.rogers.com) (Client exited)
[09:51:37] *** Joins: notrusti (notrusti@moz-54F7FD49.cpe.net.cable.rogers.com)
[09:54:27] *** Joins: rusti (rusti@moz-54F7FD49.cpe.net.cable.rogers.com)
[10:08:13] *** Quits: rusti (rusti@moz-54F7FD49.cpe.net.cable.rogers.com) (Client exited)
[10:08:32] *** Joins: rusti (rusti@moz-54F7FD49.cpe.net.cable.rogers.com)
[10:16:53] *** Quits: notrusti (notrusti@moz-54F7FD49.cpe.net.cable.rogers.com) (Client exited)
[10:17:17] *** Joins: notrusti (notrusti@moz-54F7FD49.cpe.net.cable.rogers.com)
[10:59:31] *** Quits: bjz (bjz@B398BE78.F804C29E.D35A31DF.IP) (Connection reset by peer)
[11:15:25] *** Quits: cyndis (cyndis@moz-C4357EA7.kapsi.fi) (Ping timeout)
[11:30:34] *** Joins: cyndis (cyndis@moz-C4357EA7.kapsi.fi)
[11:37:27] *** Quits: rusti (rusti@moz-54F7FD49.cpe.net.cable.rogers.com) (Client exited)
[11:44:25] *** Quits: notrusti (notrusti@moz-54F7FD49.cpe.net.cable.rogers.com) (Client exited)
[11:44:56] *** Joins: rusti (rusti@moz-54F7FD49.cpe.net.cable.rogers.com)
[11:46:02] *** Joins: rustilite (rustilite@moz-54F7FD49.cpe.net.cable.rogers.com)
[12:02:59] *** Joins: xorcon (Mibbit@moz-A86F4A01.ip-37-187-44.eu)
[12:03:19] *** Quits: xorcon (Mibbit@moz-A86F4A01.ip-37-187-44.eu) (Quit: http://www.mibbit.com ajax IRC Client)
[12:07:59] *** Quits: strcat (strcat@moz-54F7FD49.cpe.net.cable.rogers.com) (Quit: WeeChat 0.4.2)
[12:39:45] *** Quits: sigma (sigma@moz-1C81041B.range86-184.btcentralplus.com) (Ping timeout)
[12:42:00] *** Joins: sigma (sigma@moz-1C81041B.range86-184.btcentralplus.com)
[12:43:07] *** Quits: eddyb (eddy@EDE07015.D51DAF03.FB866788.IP) (Ping timeout)
[12:44:15] *** Joins: eddyb (eddy@EDE07015.D51DAF03.FB866788.IP)
[12:45:59] *** Quits: sigma (sigma@moz-1C81041B.range86-184.btcentralplus.com) (Ping timeout)
[12:49:26] *** Joins: sigma (sigma@moz-1C81041B.range86-184.btcentralplus.com)
[13:24:05] *** Joins: Tobba (Tobba@moz-462B7F7F.ias.bredband.telia.com)
[14:35:40] *** Quits: Tobba (Tobba@moz-462B7F7F.ias.bredband.telia.com) (Ping timeout)
[14:43:03] *** Joins: sbalmos (quassel@CA5677B6.576D0C1.ED2EFC1B.IP)
[15:41:28] *** Quits: badviceman (chatzilla@FAB9F891.11DBD107.FD4497A0.IP) (Quit: ChatZilla 0.9.90.1 [SeaMonkey 2.23/20131210201652])
[16:00:59] *** Joins: canhtak (canhtak@moz-4B5B3414.wl.t.ulaval.ca)
[16:02:00] *** Quits: eddyb (eddy@EDE07015.D51DAF03.FB866788.IP) (Ping timeout)
[16:10:14] *** Quits: summerlight (summerligh@327FC32B.2C956A45.501EFF44.IP) (Ping timeout)
[16:13:38] *** Joins: summerlight (summerligh@327FC32B.2C956A45.501EFF44.IP)
[16:14:25] *** Joins: yuriks (yuriks@50BCCB4D.6C9AD9C4.8E0C6B01.IP)
[17:07:49] *** Quits: summerlight (summerligh@327FC32B.2C956A45.501EFF44.IP) (Ping timeout)
[17:13:05] *** Joins: devbug (quassel@2D4E172D.4C8B6099.9B57EA59.IP)
[17:17:17] *** Joins: TimAbraldes (quassel@125EF623.B2666F0E.66399531.IP)
[17:21:02] *** Joins: eddyb (eddy@EDE07015.D51DAF03.FB866788.IP)
[17:25:29] *** Quits: TimAbraldes (quassel@125EF623.B2666F0E.66399531.IP) (Ping timeout)
[17:30:32] *** Quits: eddyb (eddy@EDE07015.D51DAF03.FB866788.IP) (Ping timeout)
[17:32:14] *** Joins: TimAbraldes (quassel@125EF623.B2666F0E.66399531.IP)
[17:47:00] *** Joins: Tobba (Tobba@moz-462B7F7F.ias.bredband.telia.com)
[17:55:39] *** Joins: bjz (bjz@B398BE78.F804C29E.D35A31DF.IP)
[17:58:02] *** Joins: summerlight (summerligh@327FC32B.2C956A45.501EFF44.IP)
[18:04:56] *** Joins: brson (brson@moz-BBE3ABD.mv.mozilla.com)
[18:08:25] *** Quits: brson (brson@moz-BBE3ABD.mv.mozilla.com) (Quit: leaving)
[18:08:29] *** Joins: brson (brson@moz-BBE3ABD.mv.mozilla.com)
[18:20:59] *** Joins: yuriks_ (yuriks@8E8458DA.1755AC6C.F6EE4B40.IP)
[18:21:27] *** Quits: yuriks (yuriks@50BCCB4D.6C9AD9C4.8E0C6B01.IP) (Ping timeout)
[18:29:57] *** Quits: TimAbraldes (quassel@125EF623.B2666F0E.66399531.IP) (Ping timeout)
[18:30:39] *** Joins: TimAbraldes (quassel@125EF623.B2666F0E.66399531.IP)
[18:31:52] *** Quits: brson (brson@moz-BBE3ABD.mv.mozilla.com) (Quit: leaving)
[18:31:55] *** Joins: brson (brson@moz-BBE3ABD.mv.mozilla.com)
[19:02:10] *** Joins: killerswan (kevin.cant@E9A7755D.F485DE6D.5604FD67.IP)
[19:12:49] *** Quits: killerswan (kevin.cant@E9A7755D.F485DE6D.5604FD67.IP) (Ping timeout)
[19:56:50] *** Quits: devbug (quassel@2D4E172D.4C8B6099.9B57EA59.IP) (Ping timeout)
[20:01:09] *** Quits: summerlight (summerligh@327FC32B.2C956A45.501EFF44.IP) (Ping timeout)
[20:05:55] *** Joins: devbug (quassel@2D4E172D.4C8B6099.9B57EA59.IP)
[20:23:17] *** Joins: ptc (Adium@moz-8F01578B.z72-46-65.customer.algx.net)
[20:26:08] *** Quits: lexs (uid12437@moz-5F4AA75A.irccloud.com) (Ping timeout)
[20:28:34] *** Joins: lexs (uid12437@moz-5F4AA75A.irccloud.com)
[20:39:02] *** Joins: eddyb (eddy@EDE07015.D51DAF03.FB866788.IP)
[20:42:49] *** Quits: eddyb (eddy@EDE07015.D51DAF03.FB866788.IP) (Ping timeout)
[20:44:21] *** Joins: eddyb (eddy@EDE07015.D51DAF03.FB866788.IP)
[20:50:41] *** Quits: eddyb (eddy@EDE07015.D51DAF03.FB866788.IP) (Ping timeout)
[20:51:21] *** Joins: eddyb (eddy@EDE07015.D51DAF03.FB866788.IP)
[21:08:24] *** bstrie_disappeared is now known as bstrie_reappeared
[21:20:51] *** Joins: geoffhill (geoffhill@moz-738DC0DB.org)
[21:37:00] *** Quits: bjz (bjz@B398BE78.F804C29E.D35A31DF.IP) (Connection reset by peer)
[21:37:07] *** Joins: bjz (bjz@B398BE78.F804C29E.D35A31DF.IP)
[21:54:15] *** Quits: canhtak (canhtak@moz-4B5B3414.wl.t.ulaval.ca) (Quit: canhtak)
[22:00:55] *** bstrie_reappeared is now known as bstrie_disappeared_again
[22:23:46] *** Joins: canhtak (canhtak@moz-4B5B3414.wl.t.ulaval.ca)
[22:36:29] *** Quits: eddyb (eddy@EDE07015.D51DAF03.FB866788.IP) (Ping timeout)
[22:50:52] *** Quits: erickt (etryzelaar@8C9ECD8F.3A598286.F12515B4.IP) (Ping timeout)
[22:51:41] *** Quits: rusti (rusti@moz-54F7FD49.cpe.net.cable.rogers.com) (Client exited)
[22:51:41] *** Quits: rustilite (rustilite@moz-54F7FD49.cpe.net.cable.rogers.com) (Broken pipe)
[22:54:32] *** Joins: rusti (rusti@moz-54F7FD49.cpe.net.cable.rogers.com)
[22:54:40] *** Joins: rustilite (rustilite@moz-54F7FD49.cpe.net.cable.rogers.com)
[22:54:48] *** Joins: strcat (strcat@moz-54F7FD49.cpe.net.cable.rogers.com)
[22:58:34] *** Quits: devbug (quassel@2D4E172D.4C8B6099.9B57EA59.IP) (Ping timeout)
[23:11:48] *** Joins: bjz_ (bjz@B398BE78.F804C29E.D35A31DF.IP)
[23:12:12] *** Quits: bjz (bjz@B398BE78.F804C29E.D35A31DF.IP) (Connection reset by peer)
[23:21:04] *** Quits: bjz_ (bjz@B398BE78.F804C29E.D35A31DF.IP) (Ping timeout)
[23:21:50] *** Joins: bjz (bjz@B398BE78.F804C29E.D35A31DF.IP)
[23:27:32] *** Quits: bjz (bjz@B398BE78.F804C29E.D35A31DF.IP) (Connection reset by peer)
[23:27:51] *** Joins: bjz (bjz@B398BE78.F804C29E.D35A31DF.IP)
[23:29:08] *** Quits: ptc (Adium@moz-8F01578B.z72-46-65.customer.algx.net) (Quit: Leaving.)
[23:59:35] *** Quits: Tobba (Tobba@moz-462B7F7F.ias.bredband.telia.com) (Ping timeout)
