[00:57:25] *** Quits: whitglint (uid15486@moz-31ABA2C0.irccloud.com) (Ping timeout)
[01:02:14] *** flaper87 is now known as flaper87|afk
[01:32:22] *** Joins: whitglint (uid15486@moz-31ABA2C0.irccloud.com)
[04:32:00] *** Quits: whitglint (uid15486@moz-31ABA2C0.irccloud.com) (Ping timeout)
[04:57:16] *** Joins: whitglint (uid15486@moz-31ABA2C0.irccloud.com)
[05:52:50] *** Joins: huon (Thunderbir@9E0D83DA.D5A1DCF.37681C44.IP)
[05:52:50] *** ChanServ sets mode: +v huon
[06:42:09] *** Quits: huon (Thunderbir@9E0D83DA.D5A1DCF.37681C44.IP) (Quit: huon)
[07:01:30] *** Quits: ChrisMorgan (chris@moz-6AC741CA.static.tpgi.com.au) (Ping timeout)
[07:41:26] *** flaper87|afk is now known as flaper87
[07:45:48] *** Joins: huon (Thunderbir@moz-826BD85A.lns20.syd6.internode.on.net)
[07:45:48] *** ChanServ sets mode: +v huon
[13:10:42] *** Quits: huon (Thunderbir@moz-826BD85A.lns20.syd6.internode.on.net) (Quit: huon)
[13:11:51] *** Joins: huon (Thunderbir@moz-826BD85A.lns20.syd6.internode.on.net)
[13:11:51] *** ChanServ sets mode: +v huon
[15:22:59] *** Joins: doomlord_ (servitor@moz-9B2006BF.range109-151.btcentralplus.com)
[21:38:38] *** Joins: ChrisMorgan (chris@moz-6AC741CA.static.tpgi.com.au)
[21:38:38] *** ChanServ sets mode: +qo ChrisMorgan ChrisMorgan
[22:14:49] *** Quits: huon (Thunderbir@moz-826BD85A.lns20.syd6.internode.on.net) (Quit: huon)
[22:56:25] *** Quits: doomlord_ (servitor@moz-9B2006BF.range109-151.btcentralplus.com) (Quit: Leaving)
[23:26:45] *** flaper87 is now known as flaper87|afk
