[00:07:51] *** Joins: ChrisMorgan (chris@moz-5889E428.static.tpgi.com.au)
[00:36:16] *** Quits: bjz (bjz@B398BE78.F804C29E.D35A31DF.IP) (Ping timeout)
[00:38:44] *** Joins: bjz (bjz@B398BE78.F804C29E.D35A31DF.IP)
[00:38:49] *** bjz changes topic to 'Working on the identity and user experience design of Rust related things. Collaborate, discuss, and critique!'
[00:44:37] *** Quits: TheHydroImpulse (TheHydroIm@moz-A9FB1B83.ed.shawcable.net) (Connection reset by peer)
[00:46:14] *** Joins: TheHydroImpulse (TheHydroIm@moz-A9FB1B83.ed.shawcable.net)
[02:57:03] *** Quits: bjz (bjz@B398BE78.F804C29E.D35A31DF.IP) (Ping timeout)
[02:57:29] *** Joins: bjz (bjz@B398BE78.F804C29E.D35A31DF.IP)
[02:57:33] *** bjz changes topic to 'Working on the identity and user experience design of Rust related things. Collaborate, discuss, and critique!'
[03:26:13] *** Quits: TheHydroImpulse (TheHydroIm@moz-A9FB1B83.ed.shawcable.net) (Connection reset by peer)
[03:27:37] *** Joins: TheHydroImpulse (TheHydroIm@moz-A9FB1B83.ed.shawcable.net)
[04:55:15] *** Quits: TheHydroImpulse (TheHydroIm@moz-A9FB1B83.ed.shawcable.net) (Connection reset by peer)
[04:56:47] *** Joins: TheHydroImpulse (TheHydroIm@moz-A9FB1B83.ed.shawcable.net)
[06:36:09] *** Quits: TheHydroImpulse (TheHydroIm@moz-A9FB1B83.ed.shawcable.net) (Connection reset by peer)
[06:37:27] *** Joins: TheHydroImpulse (TheHydroIm@moz-A9FB1B83.ed.shawcable.net)
[07:20:50] *** Quits: ChrisMorgan (chris@moz-5889E428.static.tpgi.com.au) (Ping timeout)
[07:38:49] *** Quits: TheHydroImpulse (TheHydroIm@moz-A9FB1B83.ed.shawcable.net) (Connection reset by peer)
[07:40:05] *** Joins: TheHydroImpulse (TheHydroIm@moz-A9FB1B83.ed.shawcable.net)
[12:15:58] *** Quits: TheHydroImpulse (TheHydroIm@moz-A9FB1B83.ed.shawcable.net) (Connection reset by peer)
[12:17:56] *** Joins: TheHydroImpulse (TheHydroIm@moz-A9FB1B83.ed.shawcable.net)
[13:32:45] *** Quits: TheHydroImpulse (TheHydroIm@moz-A9FB1B83.ed.shawcable.net) (Connection reset by peer)
[13:34:40] *** Joins: TheHydroImpulse (TheHydroIm@moz-A9FB1B83.ed.shawcable.net)
[14:26:38] *** Quits: TheHydroImpulse (TheHydroIm@moz-A9FB1B83.ed.shawcable.net) (Connection reset by peer)
[14:28:20] *** Joins: TheHydroImpulse (TheHydroIm@moz-A9FB1B83.ed.shawcable.net)
[16:54:58] *** Quits: TheHydroImpulse (TheHydroIm@moz-A9FB1B83.ed.shawcable.net) (Connection reset by peer)
[16:56:58] *** Joins: TheHydroImpulse (TheHydroIm@moz-A9FB1B83.ed.shawcable.net)
[17:49:23] *** Quits: bjz (bjz@B398BE78.F804C29E.D35A31DF.IP) (Ping timeout)
[19:31:05] *** Quits: TheHydroImpulse (TheHydroIm@moz-A9FB1B83.ed.shawcable.net) (Connection reset by peer)
[19:32:58] *** Joins: TheHydroImpulse (TheHydroIm@moz-A9FB1B83.ed.shawcable.net)
[20:46:12] *** Joins: bjz (bjz@B398BE78.F804C29E.D35A31DF.IP)
[20:46:17] *** bjz changes topic to 'Working on the identity and user experience design of Rust related things. Collaborate, discuss, and critique!'
[20:56:16] *** Quits: TheHydroImpulse (TheHydroIm@moz-A9FB1B83.ed.shawcable.net) (Connection reset by peer)
[20:57:51] *** Joins: TheHydroImpulse (TheHydroIm@moz-A9FB1B83.ed.shawcable.net)
[22:12:11] *** Quits: TheHydroImpulse (TheHydroIm@moz-A9FB1B83.ed.shawcable.net) (Connection reset by peer)
[22:13:46] *** Joins: TheHydroImpulse (TheHydroIm@moz-A9FB1B83.ed.shawcable.net)
[23:52:03] *** Joins: ChrisMorgan (chris@moz-5889E428.static.tpgi.com.au)
[23:52:22] *** Quits: ChrisMorgan (chris@moz-5889E428.static.tpgi.com.au) (Connection reset by peer)
[23:55:03] *** Joins: ChrisMorgan (chris@moz-5889E428.static.tpgi.com.au)
[23:59:32] *** Quits: ChrisMorgan (chris@moz-5889E428.static.tpgi.com.au) (Ping timeout)
