[00:04:23] *** Quits: bluz (blaz@moz-CCAB48F7.privacyfoundation.ch) (Input/output error)
[00:27:35] *** Joins: summerlight (summerligh@327FC32B.2C956A45.501EFF44.IP)
[00:32:42] <erickt> hey #rust-osdev! would anyone be interested in presenting at a rust meetup in March?
[00:35:21] <erickt> we can handle remote presentations
[00:35:50] *** Joins: canhtak (canhtak@moz-4D8F0D46.wl.t.ulaval.ca)
[00:38:05] *** Quits: rustilite (rustilite@moz-54F7FD49.cpe.net.cable.rogers.com) (Ping timeout)
[00:38:27] *** Joins: rustilite (rustilite@moz-54F7FD49.cpe.net.cable.rogers.com)
[00:39:41] *** Quits: summerlight (summerligh@327FC32B.2C956A45.501EFF44.IP) (Ping timeout)
[00:46:55] *** Joins: summerlight (summerligh@327FC32B.2C956A45.501EFF44.IP)
[00:57:30] *** Quits: mawuli (mawuli@moz-5ADAB167.com.gh) (Ping timeout)
[00:58:18] *** Joins: mawuli (mawuli@moz-5ADAB167.com.gh)
[01:08:46] *** Quits: erickt (etryzelaar@8C9ECD8F.3A598286.F12515B4.IP) (Ping timeout)
[01:24:38] *** kimundi is now known as zz_kimundi
[01:30:25] *** Quits: mawuli (mawuli@moz-5ADAB167.com.gh) (Ping timeout)
[01:30:38] *** Joins: mawuli (mawuli@moz-5ADAB167.com.gh)
[01:40:53] *** Quits: summerlight (summerligh@327FC32B.2C956A45.501EFF44.IP) (Ping timeout)
[02:00:20] *** Joins: summerlight (summerligh@327FC32B.2C956A45.501EFF44.IP)
[02:10:25] *** Quits: rusti (rusti@moz-54F7FD49.cpe.net.cable.rogers.com) (Client exited)
[02:14:28] *** Quits: brson (brson@moz-DFAA4E15.p2p.sfo1.mozilla.com) (Quit: leaving)
[02:16:14] *** Joins: erickt_ (etryzelaar@8C9ECD8F.3A598286.F12515B4.IP)
[02:18:41] *** Quits: erickt_ (etryzelaar@8C9ECD8F.3A598286.F12515B4.IP) (Ping timeout)
[02:20:22] *** Quits: rustilite (rustilite@moz-54F7FD49.cpe.net.cable.rogers.com) (Client exited)
[02:37:30] *** Quits: pcwalton (pcwalton@moz-C07D5168.p2p.sfo1.mozilla.com) (Quit: pcwalton)
[02:40:37] *** Quits: sunfish (chatzilla@moz-C06D9702.mtv1.mozilla.com) (Ping timeout)
[02:53:53] *** Quits: tiffany (kawaii@moz-FC0DB29D.dhcp.embarqhsd.net) (Input/output error)
[03:15:33] *** Joins: pcwalton (pcwalton@moz-14285ACF.ptr.us.xo.net)
[03:15:55] *** Quits: pcwalton (pcwalton@moz-14285ACF.ptr.us.xo.net) (Quit: pcwalton)
[03:34:43] *** Joins: huon (Thunderbir@moz-826BD85A.lns20.syd6.internode.on.net)
[03:35:26] *** Quits: zz_kimundi (kimundi@moz-7F6EAE0B.dip0.t-ipconnect.de) (Ping timeout)
[03:39:12] *** Joins: zz_kimundi (kimundi@moz-7D8AC97.dip0.t-ipconnect.de)
[03:39:13] *** zz_kimundi is now known as kimundi
[03:45:39] *** Joins: sunfish (chatzilla@moz-8DE7F965.dsl.dynamic.sonic.net)
[03:57:04] *** Joins: rustilite (rustilite@moz-54F7FD49.cpe.net.cable.rogers.com)
[03:57:22] *** Joins: rusti (rusti@moz-54F7FD49.cpe.net.cable.rogers.com)
[04:08:51] *** Joins: pcwalton (pcwalton@moz-DA87EE4.hsd1.ca.comcast.net)
[04:16:12] *** Joins: erickt_ (etryzelaar@8C9ECD8F.3A598286.F12515B4.IP)
[04:18:35] *** Quits: erickt_ (etryzelaar@8C9ECD8F.3A598286.F12515B4.IP) (Ping timeout)
[04:18:35] *** Quits: summerlight (summerligh@327FC32B.2C956A45.501EFF44.IP) (Ping timeout)
[05:11:44] *** Quits: pcwalton (pcwalton@moz-DA87EE4.hsd1.ca.comcast.net) (Quit: pcwalton)
[05:14:19] *** Joins: erickt (etryzelaar@8C9ECD8F.3A598286.F12515B4.IP)
[05:18:07] *** Quits: erickt (etryzelaar@8C9ECD8F.3A598286.F12515B4.IP) (Ping timeout)
[05:18:46] *** Quits: rustilite (rustilite@moz-54F7FD49.cpe.net.cable.rogers.com) (Ping timeout)
[05:19:02] *** Quits: rusti (rusti@moz-54F7FD49.cpe.net.cable.rogers.com) (Ping timeout)
[05:19:06] *** Joins: rustilite (rustilite@moz-54F7FD49.cpe.net.cable.rogers.com)
[05:19:15] *** Joins: rusti (rusti@moz-54F7FD49.cpe.net.cable.rogers.com)
[05:20:48] *** Quits: rustilite (rustilite@moz-54F7FD49.cpe.net.cable.rogers.com) (Ping timeout)
[05:20:57] *** Joins: rustilite (rustilite@moz-54F7FD49.cpe.net.cable.rogers.com)
[05:24:38] *** Quits: rustilite (rustilite@moz-54F7FD49.cpe.net.cable.rogers.com) (Ping timeout)
[05:24:58] *** Joins: rustilite (rustilite@moz-54F7FD49.cpe.net.cable.rogers.com)
[05:37:44] *** Quits: canhtak (canhtak@moz-4D8F0D46.wl.t.ulaval.ca) (Quit: canhtak)
[06:36:18] *** Quits: devbug (quassel@23AC5F12.9D950176.3655BBF5.IP) (Connection reset by peer)
[07:02:37] *** Joins: Tobba (Tobba@moz-462B7F7F.ias.bredband.telia.com)
[07:08:33] *** Quits: Tobba (Tobba@moz-462B7F7F.ias.bredband.telia.com) (Ping timeout)
[07:15:03] *** Joins: eddyb (eddy@688E9026.F7C96DA2.FCAAE698.IP)
[07:16:11] *** Joins: erickt_ (etryzelaar@8C9ECD8F.3A598286.F12515B4.IP)
[07:18:37] *** Quits: erickt_ (etryzelaar@8C9ECD8F.3A598286.F12515B4.IP) (Ping timeout)
[07:34:47] *** Quits: sunfish (chatzilla@moz-8DE7F965.dsl.dynamic.sonic.net) (Ping timeout)
[08:09:21] *** Joins: bluz (blaz@moz-A965956C.torservers.net)
[08:13:19] *** Joins: NiccosSystem (NiccosSyst@AB1AFDE.FC7B0C35.A7597CB6.IP)
[08:13:43] *** Quits: Blaze_ (tuomino2@moz-785A3407.org.aalto.fi) (Ping timeout)
[08:17:08] *** Joins: Blaze_ (tuomino2@moz-785A3407.org.aalto.fi)
[08:17:42] *** Quits: Ke (jkarlson@moz-785A3407.org.aalto.fi) (Ping timeout)
[08:21:36] *** Joins: Ke (jkarlson@moz-785A3407.org.aalto.fi)
[08:49:03] *** Joins: mib_eqpze0 (Mibbit@moz-EA07CEA2.versanet.de)
[08:49:06] *** Quits: mib_eqpze0 (Mibbit@moz-EA07CEA2.versanet.de) (Quit: mib_eqpze0)
[08:54:13] *** Quits: eddyb (eddy@688E9026.F7C96DA2.FCAAE698.IP) (Ping timeout)
[09:00:05] *** Joins: eddyb (eddy@688E9026.F7C96DA2.FCAAE698.IP)
[09:06:03] *** Joins: summerlight (summerligh@327FC32B.2C956A45.501EFF44.IP)
[09:16:08] *** Joins: erickt (etryzelaar@8C9ECD8F.3A598286.F12515B4.IP)
[09:18:28] *** Quits: erickt (etryzelaar@8C9ECD8F.3A598286.F12515B4.IP) (Ping timeout)
[11:16:08] *** Joins: erickt (etryzelaar@8C9ECD8F.3A598286.F12515B4.IP)
[11:18:30] *** Quits: erickt (etryzelaar@8C9ECD8F.3A598286.F12515B4.IP) (Ping timeout)
[11:43:04] *** Joins: vertexclique (vertexcliq@AE702353.C72799FE.6894ADF4.IP)
[11:43:04] *** Quits: vertexclique (vertexcliq@AE702353.C72799FE.6894ADF4.IP) (Client exited)
[11:43:07] *** Joins: vertexclique (vertexcliq@AE702353.C72799FE.6894ADF4.IP)
[12:12:58] *** Quits: rusti (rusti@moz-54F7FD49.cpe.net.cable.rogers.com) (Ping timeout)
[12:13:15] *** Joins: rusti (rusti@moz-54F7FD49.cpe.net.cable.rogers.com)
[12:18:38] *** Quits: rustilite (rustilite@moz-54F7FD49.cpe.net.cable.rogers.com) (Ping timeout)
[12:18:58] *** Quits: rusti (rusti@moz-54F7FD49.cpe.net.cable.rogers.com) (Ping timeout)
[12:18:59] *** Joins: rustilite (rustilite@moz-54F7FD49.cpe.net.cable.rogers.com)
[12:18:59] *** Joins: rusti (rusti@moz-54F7FD49.cpe.net.cable.rogers.com)
[12:20:42] *** Quits: rustilite (rustilite@moz-54F7FD49.cpe.net.cable.rogers.com) (Ping timeout)
[12:20:42] *** Quits: rusti (rusti@moz-54F7FD49.cpe.net.cable.rogers.com) (Ping timeout)
[12:21:00] *** Joins: rustilite (rustilite@moz-54F7FD49.cpe.net.cable.rogers.com)
[12:21:00] *** Joins: rusti (rusti@moz-54F7FD49.cpe.net.cable.rogers.com)
[12:47:19] *** Quits: vertexclique (vertexcliq@AE702353.C72799FE.6894ADF4.IP) (Client exited)
[12:47:25] *** Joins: canhtak (canhtak@moz-4D8F0D46.wl.t.ulaval.ca)
[12:48:03] *** Joins: vertexclique (vertexcliq@AE702353.C72799FE.6894ADF4.IP)
[12:48:12] *** Quits: vertexclique (vertexcliq@AE702353.C72799FE.6894ADF4.IP) (Client exited)
[12:49:03] *** Joins: vertexclique (vertexcliq@AE702353.C72799FE.6894ADF4.IP)
[12:57:32] *** Quits: ecl3ctic (ecl3ctic@moz-E1FAD64C.wzfv1.vic.bigpond.net.au) (Client exited)
[13:16:08] *** Joins: erickt (etryzelaar@8C9ECD8F.3A598286.F12515B4.IP)
[13:17:57] *** Quits: vertexclique (vertexcliq@AE702353.C72799FE.6894ADF4.IP) (Connection reset by peer)
[13:18:05] *** Joins: vertexclique (vertexcliq@AE702353.C72799FE.6894ADF4.IP)
[13:18:27] *** Quits: erickt (etryzelaar@8C9ECD8F.3A598286.F12515B4.IP) (Ping timeout)
[13:20:43] *** Joins: tiffany (kawaii@moz-FC0DB29D.dhcp.embarqhsd.net)
[13:26:48] *** Quits: vertexclique (vertexcliq@AE702353.C72799FE.6894ADF4.IP) (Ping timeout)
[13:27:14] *** Joins: vertexclique (vertexcliq@AE702353.C72799FE.6894ADF4.IP)
[13:33:23] *** kimundi is now known as zz_kimundi
[13:51:20] *** Quits: lexs (uid12437@moz-5F4AA75A.irccloud.com) (Ping timeout)
[14:00:32] *** Quits: mawuli (mawuli@moz-5ADAB167.com.gh) (Ping timeout)
[14:02:05] *** Quits: tiffany (kawaii@moz-FC0DB29D.dhcp.embarqhsd.net) (Ping timeout)
[14:04:07] *** Joins: tiffany (kawaii@moz-FC0DB29D.dhcp.embarqhsd.net)
[14:05:03] *** Quits: vertexclique (vertexcliq@AE702353.C72799FE.6894ADF4.IP) (Ping timeout)
[14:07:21] *** Quits: canhtak (canhtak@moz-4D8F0D46.wl.t.ulaval.ca) (Quit: canhtak)
[14:08:58] *** Joins: sbalmos (quassel@CA5677B6.576D0C1.ED2EFC1B.IP)
[14:12:33] *** Joins: nszceta (hax@moz-4C3EEAB4.wireless.pitt.edu)
[14:24:21] *** Quits: bluz (blaz@moz-A965956C.torservers.net) (Input/output error)
[14:24:33] *** Joins: canhtak (canhtak@moz-4D8F0D46.wl.t.ulaval.ca)
[14:45:24] *** Quits: summerlight (summerligh@327FC32B.2C956A45.501EFF44.IP) (Ping timeout)
[14:51:00] *** zz_kimundi is now known as kimundi
[14:52:48] *** Joins: Tobba (Tobba@moz-462B7F7F.ias.bredband.telia.com)
[14:55:30] *** Joins: vertexclique (vertexcliq@DC63F157.C7ED8189.6894ADF4.IP)
[15:00:06] *** Joins: summerlight (summerligh@327FC32B.2C956A45.501EFF44.IP)
[15:01:02] *** Quits: summerlight (summerligh@327FC32B.2C956A45.501EFF44.IP) (Connection reset by peer)
[15:10:33] *** Joins: lexs (uid12437@moz-5F4AA75A.irccloud.com)
[15:16:10] *** Joins: erickt_ (etryzelaar@8C9ECD8F.3A598286.F12515B4.IP)
[15:18:37] *** Quits: erickt_ (etryzelaar@8C9ECD8F.3A598286.F12515B4.IP) (Ping timeout)
[15:25:19] *** Quits: Leo` (Leo@moz-83832FE2.placeholder.fr) (Ping timeout)
[15:43:14] *** kimundi is now known as zz_kimundi
[15:44:45] *** zz_kimundi is now known as kimundi
[15:55:51] *** Joins: Leo` (Leo@moz-83832FE2.placeholder.fr)
[16:06:30] *** Joins: sunfish (chatzilla@moz-8DE7F965.dsl.dynamic.sonic.net)
[16:58:24] *** Quits: sunfish (chatzilla@moz-8DE7F965.dsl.dynamic.sonic.net) (Client exited)
[17:09:56] *** Joins: pcwalton (pcwalton@moz-DA87EE4.hsd1.ca.comcast.net)
[17:16:10] *** Joins: erickt_ (etryzelaar@8C9ECD8F.3A598286.F12515B4.IP)
[17:18:32] *** Quits: erickt_ (etryzelaar@8C9ECD8F.3A598286.F12515B4.IP) (Ping timeout)
[17:20:55] *** Quits: canhtak (canhtak@moz-4D8F0D46.wl.t.ulaval.ca) (Quit: canhtak)
[17:23:43] *** Quits: pcwalton (pcwalton@moz-DA87EE4.hsd1.ca.comcast.net) (Quit: pcwalton)
[17:28:11] *** Joins: erickt_ (etryzelaar@8C9ECD8F.3A598286.F12515B4.IP)
[17:43:15] *** Joins: canhtak (canhtak@moz-4D8F0D46.wl.t.ulaval.ca)
[17:45:47] *** Quits: erickt_ (etryzelaar@8C9ECD8F.3A598286.F12515B4.IP) (Ping timeout)
[17:46:34] *** Joins: pcwalton (pcwalton@moz-DA87EE4.hsd1.ca.comcast.net)
[17:51:57] *** kimundi is now known as zz_kimundi
[18:01:21] *** Quits: bjz (bjz@B398BE78.F804C29E.D35A31DF.IP) (Ping timeout)
[18:03:50] *** Joins: brson (brson@moz-BBE3ABD.mv.mozilla.com)
[18:05:02] *** Joins: bjz (bjz@B398BE78.F804C29E.D35A31DF.IP)
[18:05:17] *** Quits: brson (brson@moz-BBE3ABD.mv.mozilla.com) (Quit: leaving)
[18:05:34] *** Joins: brson (brson@moz-BBE3ABD.mv.mozilla.com)
[18:14:28] *** zz_kimundi is now known as kimundi
[18:19:43] *** Quits: nszceta (hax@moz-4C3EEAB4.wireless.pitt.edu) (Ping timeout)
[18:38:04] *** Joins: erickt (etryzelaar@8C9ECD8F.3A598286.F12515B4.IP)
[19:15:38] *** Quits: pcwalton (pcwalton@moz-DA87EE4.hsd1.ca.comcast.net) (Quit: pcwalton)
[19:39:56] *** Joins: mawuli (mawuli@moz-5ADAB167.com.gh)
[19:39:56] *** Quits: mawuli (mawuli@moz-5ADAB167.com.gh) (Quit: mawuli)
[19:40:40] *** Joins: mawuli (mawuli@moz-5ADAB167.com.gh)
[19:41:19] *** Quits: whitglint (uid15486@moz-31ABA2C0.irccloud.com) (Ping timeout)
[19:49:43] *** Joins: sunfish (chatzilla@moz-C06D9702.mtv1.mozilla.com)
[19:51:52] *** Quits: brson (brson@moz-BBE3ABD.mv.mozilla.com) (Ping timeout)
[19:54:44] *** Quits: erickt (etryzelaar@8C9ECD8F.3A598286.F12515B4.IP) (Ping timeout)
[19:55:22] *** Joins: brson (brson@moz-BBE3ABD.mv.mozilla.com)
[20:03:49] *** kimundi is now known as zz_kimundi
[20:13:07] *** Quits: canhtak (canhtak@moz-4D8F0D46.wl.t.ulaval.ca) (Quit: canhtak)
[20:17:54] *** Joins: canhtak (canhtak@moz-4D8F0D46.wl.t.ulaval.ca)
[20:25:40] *** Joins: pcwalton (pcwalton@moz-C07D5168.p2p.sfo1.mozilla.com)
[20:47:34] *** Joins: erickt (etryzelaar@8C9ECD8F.3A598286.F12515B4.IP)
[20:49:53] *** Quits: erickt (etryzelaar@8C9ECD8F.3A598286.F12515B4.IP) (Ping timeout)
[20:52:34] *** Joins: erickt (etryzelaar@8C9ECD8F.3A598286.F12515B4.IP)
[20:58:47] *** Quits: eddyb (eddy@688E9026.F7C96DA2.FCAAE698.IP) (Ping timeout)
[20:59:11] *** Joins: eddyb (eddy@688E9026.F7C96DA2.FCAAE698.IP)
[20:59:29] *** Quits: vertexclique (vertexcliq@DC63F157.C7ED8189.6894ADF4.IP) (Client exited)
[21:01:48] *** zz_kimundi is now known as kimundi
[21:02:12] *** Quits: eddyb (eddy@688E9026.F7C96DA2.FCAAE698.IP) (Ping timeout)
[21:02:35] *** Joins: eddyb (eddy@688E9026.F7C96DA2.FCAAE698.IP)
[21:26:21] *** Quits: rustilite (rustilite@moz-54F7FD49.cpe.net.cable.rogers.com) (Client exited)
[21:26:23] *** Quits: rusti (rusti@moz-54F7FD49.cpe.net.cable.rogers.com) (Client exited)
[21:30:42] *** Quits: sunfish (chatzilla@moz-C06D9702.mtv1.mozilla.com) (Ping timeout)
[21:39:46] *** Joins: sunfish (chatzilla@moz-C06D9702.mtv1.mozilla.com)
[22:04:14] *** Quits: pcwalton (pcwalton@moz-C07D5168.p2p.sfo1.mozilla.com) (Quit: pcwalton)
[22:07:33] *** Joins: pcwalton (pcwalton@moz-C07D5168.p2p.sfo1.mozilla.com)
[22:09:30] *** Joins: nszceta (hax@moz-E458A7C0.pharm.pitt.edu)
[22:24:49] *** Quits: huon (Thunderbir@moz-826BD85A.lns20.syd6.internode.on.net) (Ping timeout)
[22:25:09] *** Quits: canhtak (canhtak@moz-4D8F0D46.wl.t.ulaval.ca) (Connection reset by peer)
[22:38:48] *** Quits: sbalmos (quassel@CA5677B6.576D0C1.ED2EFC1B.IP) (Client exited)
[22:44:20] *** Quits: japaric (japaric@61A78F7A.839FBF92.95AFB88D.IP) (Ping timeout)
[22:45:02] *** bstrie is now known as bstrie_vanished
[22:48:40] *** Quits: eddyb (eddy@688E9026.F7C96DA2.FCAAE698.IP) (Ping timeout)
[22:49:14] *** Joins: japaric (japaric@8C26A633.8C2993CE.5C7588CA.IP)
[23:00:19] *** Quits: NiccosSystem (NiccosSyst@AB1AFDE.FC7B0C35.A7597CB6.IP) (Ping timeout)
[23:22:59] *** kimundi is now known as zz_kimundi
[23:34:44] *** Quits: erickt (etryzelaar@8C9ECD8F.3A598286.F12515B4.IP) (Ping timeout)
[23:37:19] *** Quits: Tobba (Tobba@moz-462B7F7F.ias.bredband.telia.com) (Ping timeout)
[23:38:29] *** Joins: devbug (quassel@23AC5F12.9D950176.3655BBF5.IP)
[23:41:54] *** Joins: erickt (etryzelaar@8C9ECD8F.3A598286.F12515B4.IP)
[23:48:09] *** Quits: pcwalton (pcwalton@moz-C07D5168.p2p.sfo1.mozilla.com) (Quit: pcwalton)
[23:54:48] *** Quits: sunfish (chatzilla@moz-C06D9702.mtv1.mozilla.com) (Client exited)
[23:56:21] *** Joins: sunfish (chatzilla@moz-C06D9702.mtv1.mozilla.com)
