[02:13:38] *** Quits: brson (brson@moz-BBE3ABD.mv.mozilla.com) (Ping timeout)
[02:14:44] *** Joins: brson (brson@981AA104.E81F12CD.76F66111.IP)
[03:51:43] *** Joins: TheHydroImpulse (TheHydroIm@moz-A9FB1B83.ed.shawcable.net)
[04:57:10] *** Quits: TheHydroImpulse (TheHydroIm@moz-A9FB1B83.ed.shawcable.net) (Ping timeout)
[05:00:23] *** Joins: ChrisMorgan (chris@moz-6AC741CA.static.tpgi.com.au)
[05:35:55] *** Quits: bjz (bjz@B398BE78.F804C29E.D35A31DF.IP) (Ping timeout)
[05:37:33] *** Joins: bjz (bjz@B398BE78.F804C29E.D35A31DF.IP)
[07:07:31] *** Quits: bjz (bjz@B398BE78.F804C29E.D35A31DF.IP) (Ping timeout)
[07:13:54] *** Joins: bjz (bjz@B398BE78.F804C29E.D35A31DF.IP)
[07:15:35] *** Quits: bjz (bjz@B398BE78.F804C29E.D35A31DF.IP) (Ping timeout)
[07:16:10] *** Joins: bjz (bjz@B398BE78.F804C29E.D35A31DF.IP)
[07:17:56] *** Quits: bjz (bjz@B398BE78.F804C29E.D35A31DF.IP) (Ping timeout)
[07:18:55] *** Joins: bjz (bjz@B398BE78.F804C29E.D35A31DF.IP)
[07:21:54] *** Quits: bjz (bjz@B398BE78.F804C29E.D35A31DF.IP) (Ping timeout)
[08:15:35] *** Quits: brson (brson@981AA104.E81F12CD.76F66111.IP) (Quit: leaving)
[08:15:45] *** Joins: brson (brson@moz-BBE3ABD.mv.mozilla.com)
[08:30:31] *** Joins: bjz (bjz@B398BE78.F804C29E.D35A31DF.IP)
[09:05:20] *** Quits: brson (brson@moz-BBE3ABD.mv.mozilla.com) (Quit: leaving)
[09:48:23] *** Quits: bjz (bjz@B398BE78.F804C29E.D35A31DF.IP) (Ping timeout)
[09:49:42] *** Joins: bjz (bjz@B398BE78.F804C29E.D35A31DF.IP)
[11:08:56] *** Quits: bjz (bjz@B398BE78.F804C29E.D35A31DF.IP) (Ping timeout)
[11:10:15] *** Joins: bjz (bjz@B398BE78.F804C29E.D35A31DF.IP)
[12:00:51] *** Quits: ChrisMorgan (chris@moz-6AC741CA.static.tpgi.com.au) (Ping timeout)
[12:31:13] *** Quits: bjz (bjz@B398BE78.F804C29E.D35A31DF.IP) (Connection reset by peer)
[12:31:13] *** Joins: bjz_ (bjz@B398BE78.F804C29E.D35A31DF.IP)
[15:48:00] *** Joins: brson (brson@moz-BBE3ABD.mv.mozilla.com)
[18:20:55] *** Quits: brson (brson@moz-BBE3ABD.mv.mozilla.com) (Quit: leaving)
[23:46:33] *** Joins: brson (brson@moz-BBE3ABD.mv.mozilla.com)
[23:47:06] *** Quits: brson (brson@moz-BBE3ABD.mv.mozilla.com) (Quit: leaving)
[23:47:23] *** Joins: brson (brson@6A848D32.C1B840DD.76F66111.IP)
[23:58:18] *** Joins: brson_ (brson@moz-BBE3ABD.mv.mozilla.com)
[23:59:15] *** Quits: brson (brson@6A848D32.C1B840DD.76F66111.IP) (Ping timeout)
[23:59:34] *** Quits: brson_ (brson@moz-BBE3ABD.mv.mozilla.com) (Quit: leaving)
[23:59:38] *** Joins: brson (brson@moz-BBE3ABD.mv.mozilla.com)
