[00:01:29] *** Quits: sabrina (Adium@moz-425B2F1E.ptr.terago.net) (Quit: Leaving.)
[00:01:43] *** Joins: sabrina (Adium@9D222422.D1155E2C.CFC2A289.IP)
[00:33:55] *** Quits: alinah1 (Adium@moz-DFAA4E15.p2p.sfo1.mozilla.com) (Quit: Leaving.)
[01:07:27] *** Quits: dethe (delza@moz-425B2F1E.ptr.terago.net) (Quit: dethe)
[01:19:56] *** Quits: sabrina (Adium@9D222422.D1155E2C.CFC2A289.IP) (Quit: Leaving.)
[01:41:18] *** Quits: mavis (Adium@moz-425B2F1E.ptr.terago.net) (Quit: Leaving.)
[01:54:21] *** Joins: sabrina (Adium@9D222422.D1155E2C.CFC2A289.IP)
[02:08:10] *** Joins: sabrina1 (sabrina@A6CF435B.D1155E2C.CFC2A289.IP)
[02:08:43] *** Quits: sabrina1 (sabrina@A6CF435B.D1155E2C.CFC2A289.IP) (Quit: Leaving.)
[02:31:48] *** Quits: sabrina (Adium@9D222422.D1155E2C.CFC2A289.IP) (Quit: Leaving.)
[03:35:54] *** Joins: dethe (delza@D79527A2.D9544441.FE80BCF3.IP)
[04:10:09] *** Joins: fixanoid (Laptop@moz-EE307EE2.nyc.res.rr.com)
[04:26:19] *** Joins: mavis (Adium@1330BF61.2C492593.61E84A1B.IP)
[05:14:05] *** Quits: dethe (delza@D79527A2.D9544441.FE80BCF3.IP) (Quit: dethe)
[06:02:59] *** Quits: fixanoid (Laptop@moz-EE307EE2.nyc.res.rr.com) (Ping timeout)
[08:56:21] *** Quits: mavis (Adium@1330BF61.2C492593.61E84A1B.IP) (Quit: Leaving.)
[16:35:59] *** Joins: mavis (Adium@1330BF61.2C492593.61E84A1B.IP)
[17:11:15] *** Quits: mavis (Adium@1330BF61.2C492593.61E84A1B.IP) (Quit: Leaving.)
[17:22:32] *** Joins: alinah (Adium@moz-5B5DC2D2.hsd1.wa.comcast.net)
[17:24:20] *** Quits: alinah (Adium@moz-5B5DC2D2.hsd1.wa.comcast.net) (Ping timeout)
[17:30:18] *** Joins: alinah (Adium@moz-5B5DC2D2.hsd1.wa.comcast.net)
[18:06:54] *** Joins: mavis (Adium@A6CF435B.D1155E2C.CFC2A289.IP)
[18:37:13] *** Joins: tmonk (tmonk@moz-FD0F41FB.adsl-dyn.isp.belgacom.be)
[18:37:24] *** Quits: tmonk (tmonk@moz-FD0F41FB.adsl-dyn.isp.belgacom.be) (Quit: Leaving.)
[18:56:37] *** Joins: sabrina (Adium@9D222422.D1155E2C.CFC2A289.IP)
[18:57:34] *** Parts: sabrina (Adium@9D222422.D1155E2C.CFC2A289.IP) ()
[18:59:39] *** Joins: sabrina (Adium@9D222422.D1155E2C.CFC2A289.IP)
[20:05:52] *** Joins: dethe (delza@A6CF435B.D1155E2C.CFC2A289.IP)
[20:28:45] *** Quits: sabrina (Adium@9D222422.D1155E2C.CFC2A289.IP) (Quit: Leaving.)
[20:45:54] *** Joins: fixanoid (Laptop@moz-EE307EE2.nyc.res.rr.com)
[21:20:53] *** Joins: sabrina (Adium@9D222422.D1155E2C.CFC2A289.IP)
[21:41:08] *** Parts: sabrina (Adium@9D222422.D1155E2C.CFC2A289.IP) ()
[22:05:00] *** Quits: alinah (Adium@moz-5B5DC2D2.hsd1.wa.comcast.net) (Quit: Leaving.)
[22:05:21] *** Joins: alinah (Adium@moz-5B5DC2D2.hsd1.wa.comcast.net)
[22:46:28] *** Quits: fixanoid (Laptop@moz-EE307EE2.nyc.res.rr.com) (Ping timeout)
[23:08:28] *** Joins: sabrina (Adium@9D222422.D1155E2C.CFC2A289.IP)
