[12:04:46] *** Joins: cmr (moznet@moz-EC676DFE.members.linode.com)
[12:04:46] *** concrete.mozilla.org sets mode: +n 
[12:05:23] *** ChanServ sets mode: +tr 
[12:05:23] *** ChanServ sets mode: +q cmr
[12:05:30] *** cmr sets mode: -o cmr
[12:05:47] *** Joins: dbaupp (Thunderbir@moz-EB2EFE6F.lns20.syd6.internode.on.net)
[12:06:06] *** Joins: fmtq (fmt@moz-5769BD38.static.tpgi.com.au)
[12:06:14] *** Joins: bjz (bjz@B398BE78.F804C29E.D35A31DF.IP)
[12:06:15] *** ChanServ sets mode: +o cmr
[12:06:20] *** cmr changes topic to 'Off-topic jabber'
[12:06:21] <fmtq> back in my day, we ate turnips
[12:06:22] *** cmr sets mode: -o cmr
[12:08:11] <bjz> cmr: did you enjoy our rant about aus?
[12:08:14] <bjz> :D
[12:08:38] <cmr> politics, meh
[12:08:38] *** Joins: zol (Zolomon@moz-CE018D85.members.linode.com)
[12:08:44] <dbaupp> can we move to #offtopic-rust...
[12:08:52] * dbaupp has far to many channels with the rust- prefix :P
[12:08:55] <cmr> heh
[12:08:58] <dbaupp> *too
[12:09:04] <cmr> srs?
[12:09:36] <dbaupp> no
[12:09:39] <cmr> k
[12:09:47] <bjz> cmr: I know aeh. I've stopped watching the news because I'm so annoyed :P
[12:10:04] * dbaupp just moves out of the country for 6 months to avoid the news
[12:10:11] <bjz> ha
[12:10:13] <bjz> where?
[12:10:18] <dbaupp> sweden
[12:10:22] <bjz> ohhhh
[12:10:24] <bjz> yes
[12:10:27] <dbaupp> last year, though
[12:10:29] <bjz> go scandinavian
[12:10:37] <dbaupp> *rust scandinavian
[12:11:03] <bjz> the utopia over the rainbow
[12:11:15] <bjz> (I'm sure it has its own issues)
[13:36:23] *** Joins: bstrie (ben@moz-D5A1D0F5.members.linode.com)
[13:36:25] *** Parts: bstrie (ben@moz-D5A1D0F5.members.linode.com) ()
[13:38:27] *** Joins: bvssvni (Mibbit@moz-CBD76C21.bb.online.no)
[13:38:45] *** Joins: ChrisMorgan (chris@moz-6AC741CA.static.tpgi.com.au)
[13:38:56] <ChrisMorgan> Jabber? I thought it was IRC?
[13:39:40] <cmr> pft
[13:41:01] *** Joins: eddyb (eddy@moz-68E0B7D0.residential.rdsnet.ro)
[15:41:15] *** Parts: eddyb (eddy@moz-68E0B7D0.residential.rdsnet.ro) (Konversation terminated!)
[16:02:36] *** Joins: larsberg (sid16141@moz-A42E5B7B.irccloud.com)
[16:11:45] *** Joins: veddan (viktor@moz-C79BC80B.csbnet.se)
[16:11:55] *** Parts: veddan (viktor@moz-C79BC80B.csbnet.se) (Konversation terminated!)
[17:01:46] *** Parts: larsberg (sid16141@moz-A42E5B7B.irccloud.com) ()
[17:39:53] *** Quits: bjz (bjz@B398BE78.F804C29E.D35A31DF.IP) (Ping timeout)
[18:08:52] *** Joins: bjz (bjz@B398BE78.F804C29E.D35A31DF.IP)
[18:10:54] *** Quits: bjz (bjz@B398BE78.F804C29E.D35A31DF.IP) (Ping timeout)
[19:09:41] *** Joins: bjz (bjz@B398BE78.F804C29E.D35A31DF.IP)
[19:40:48] *** Quits: bjz (bjz@B398BE78.F804C29E.D35A31DF.IP) (Ping timeout)
[21:19:47] *** Joins: adridu59 (Mibbit@moz-E1FF077C.rev.numericable.fr)
[21:28:45] *** Quits: adridu59 (Mibbit@moz-E1FF077C.rev.numericable.fr) (Quit: http://www.mibbit.com ajax IRC Client)
[21:38:56] *** Quits: dbaupp (Thunderbir@moz-EB2EFE6F.lns20.syd6.internode.on.net) (Ping timeout)
[21:49:31] *** Joins: bjz (bjz@B398BE78.F804C29E.D35A31DF.IP)
[22:50:31] *** Joins: dbaupp (Thunderbir@1D1B1F7A.D5A1DCF.37681C44.IP)
[22:52:10] *** Quits: dbaupp (Thunderbir@1D1B1F7A.D5A1DCF.37681C44.IP) (Ping timeout)
[22:52:15] *** Joins: dbaupp (Thunderbir@1D1B1F7A.D5A1DCF.37681C44.IP)
