[00:30:11] *** Quits: hashviss_ (hashvisser@moz-935A9C7F.stny.res.rr.com) (Client exited)
[00:30:32] *** Joins: hashvisser (hashvisser@moz-935A9C7F.stny.res.rr.com)
[00:32:20] *** Quits: hashvisser (hashvisser@moz-935A9C7F.stny.res.rr.com) (Ping timeout)
[00:41:42] *** Joins: ericasackin (Adium@moz-E1E0CB00.nyc.res.rr.com)
[00:41:48] *** Quits: ericasackin (Adium@moz-E1E0CB00.nyc.res.rr.com) (Input/output error)
[01:09:08] *** Quits: brson (brson@moz-BBE3ABD.mv.mozilla.com) (Ping timeout)
[01:16:29] *** Quits: pragmatic (pragmatic@moz-8ACEDA29.hsd1.ca.comcast.net) (Ping timeout)
[01:46:04] *** Quits: CaptainCalliope (CaptainCal@moz-E5B6D66B.hsd1.ma.comcast.net) (Quit: CaptainCalliope)
[01:52:54] *** Joins: hashvisser (hashvisser@34AA7A58.D4C6691D.8E191B11.IP)
[02:00:40] *** Joins: pragmatic (pragmatic@moz-8ACEDA29.hsd1.ca.comcast.net)
[02:01:31] *** Quits: hashvisser (hashvisser@34AA7A58.D4C6691D.8E191B11.IP) (No route to host)
[02:01:37] *** Joins: hashvisser (hashvisser@34AA7A58.D4C6691D.8E191B11.IP)
[02:06:50] *** Quits: hashvisser (hashvisser@34AA7A58.D4C6691D.8E191B11.IP) (Ping timeout)
[02:37:09] *** Joins: Zjab (Zjab@moz-F2CC7A1E.nj.res.rr.com)
[02:40:10] *** Quits: Zjab (Zjab@moz-F2CC7A1E.nj.res.rr.com) (Quit: Zjab)
[03:06:50] *** Joins: brson (brson@moz-BBE3ABD.mv.mozilla.com)
[03:07:10] *** Joins: brson_ (brson@85F686A5.7D4C7FED.7A1399C0.IP)
[03:08:38] *** Quits: brson (brson@moz-BBE3ABD.mv.mozilla.com) (Ping timeout)
[03:22:28] *** Quits: brson_ (brson@85F686A5.7D4C7FED.7A1399C0.IP) (Quit: leaving)
[03:22:32] *** Joins: brson (brson@85F686A5.7D4C7FED.7A1399C0.IP)
[03:30:25] *** Joins: brson_ (brson@moz-BBE3ABD.mv.mozilla.com)
[03:31:04] *** Quits: brson (brson@85F686A5.7D4C7FED.7A1399C0.IP) (Ping timeout)
[03:31:20] *** Quits: brson_ (brson@moz-BBE3ABD.mv.mozilla.com) (Quit: leaving)
[03:31:38] *** Joins: brson (brson@E02A6CDD.75598729.B6A3AE99.IP)
[04:13:26] *** Joins: brson_ (brson@moz-BBE3ABD.mv.mozilla.com)
[04:13:46] *** Quits: brson (brson@E02A6CDD.75598729.B6A3AE99.IP) (Ping timeout)
[04:36:56] *** Joins: brson (brson@E02A6CDD.75598729.B6A3AE99.IP)
[04:38:11] *** Quits: brson_ (brson@moz-BBE3ABD.mv.mozilla.com) (Ping timeout)
[05:31:12] *** Quits: pragmatic (pragmatic@moz-8ACEDA29.hsd1.ca.comcast.net) (Ping timeout)
[05:35:33] *** Joins: hashvisser (hashvisser@moz-935A9C7F.stny.res.rr.com)
[05:45:45] *** Joins: pragmatic (pragmatic@moz-8ACEDA29.hsd1.ca.comcast.net)
[06:20:45] *** Quits: hashvisser (hashvisser@moz-935A9C7F.stny.res.rr.com) (Client exited)
[06:27:49] *** Joins: gasolin (chatzilla@4E6FDBEE.C53C2104.994B67D1.IP)
[06:40:48] *** Quits: gasolin (chatzilla@4E6FDBEE.C53C2104.994B67D1.IP) (Ping timeout)
[06:41:35] *** Joins: gasolin (chatzilla@4E6FDBEE.C53C2104.994B67D1.IP)
[07:04:47] *** Quits: gasolin (chatzilla@4E6FDBEE.C53C2104.994B67D1.IP) (Quit: ChatZilla 0.9.90.1 [Firefox 30.0a1/20140206030201])
[07:28:11] *** Quits: brson (brson@E02A6CDD.75598729.B6A3AE99.IP) (Ping timeout)
[07:28:58] *** Joins: brson (brson@moz-BBE3ABD.mv.mozilla.com)
[07:31:15] *** Joins: hashvisser (hashvisser@moz-935A9C7F.stny.res.rr.com)
[07:32:55] *** Quits: hashvisser (hashvisser@moz-935A9C7F.stny.res.rr.com) (Ping timeout)
[07:45:12] *** Quits: brson (brson@moz-BBE3ABD.mv.mozilla.com) (Quit: leaving)
[07:45:22] *** Joins: brson (brson@59C3BD5D.9810012B.7A1399C0.IP)
[09:21:31] *** Quits: pragmatic (pragmatic@moz-8ACEDA29.hsd1.ca.comcast.net) (Quit: pragmatic)
[10:22:01] *** Quits: brson (brson@59C3BD5D.9810012B.7A1399C0.IP) (Quit: leaving)
[13:18:53] *** Joins: hashvisser (hashvisser@moz-935A9C7F.stny.res.rr.com)
[13:55:13] *** Quits: hashvisser (hashvisser@moz-935A9C7F.stny.res.rr.com) (Client exited)
[15:05:43] *** Joins: hashvisser (hashvisser@moz-935A9C7F.stny.res.rr.com)
[15:07:23] *** Quits: hashvisser (hashvisser@moz-935A9C7F.stny.res.rr.com) (Ping timeout)
[15:46:57] *** Joins: hashvisser (hashvisser@moz-935A9C7F.stny.res.rr.com)
[17:04:59] *** Joins: _6a68 (Adium@moz-3272AFD6.socal.res.rr.com)
[17:31:34] *** Quits: _6a68 (Adium@moz-3272AFD6.socal.res.rr.com) (Quit: Leaving.)
[18:05:12] *** iamjessklein-away is now known as jess
[18:09:47] *** Joins: WodgeyBoy (Thunderbir@C7825D0A.4300D98C.B8D52E29.IP)
[18:18:52] *** Joins: jpcamara (Adium@moz-5D16DDFA.prvdri.fios.verizon.net)
[18:21:27] *** Quits: jpcamara (Adium@moz-5D16DDFA.prvdri.fios.verizon.net) (Quit: Leaving.)
[18:26:05] *** jess is now known as iamjessklein-away
[18:52:00] *** Joins: jpcamara (Adium@moz-5D16DDFA.prvdri.fios.verizon.net)
[18:53:40] *** Quits: jpcamara (Adium@moz-5D16DDFA.prvdri.fios.verizon.net) (Ping timeout)
[18:58:42] *** Joins: pragmatic (pragmatic@moz-8ACEDA29.hsd1.ca.comcast.net)
[19:52:44] *** Joins: jpcamara (Adium@moz-5D16DDFA.prvdri.fios.verizon.net)
[19:54:24] *** Quits: jpcamara (Adium@moz-5D16DDFA.prvdri.fios.verizon.net) (Ping timeout)
[20:32:34] *** Quits: pragmatic (pragmatic@moz-8ACEDA29.hsd1.ca.comcast.net) (Ping timeout)
[20:33:05] *** Joins: pragmatic (pragmatic@moz-8ACEDA29.hsd1.ca.comcast.net)
[20:45:10] *** Quits: hashvisser (hashvisser@moz-935A9C7F.stny.res.rr.com) (Client exited)
[20:53:29] *** Joins: jpcamara (Adium@moz-5D16DDFA.prvdri.fios.verizon.net)
[20:55:10] *** Quits: jpcamara (Adium@moz-5D16DDFA.prvdri.fios.verizon.net) (Ping timeout)
[21:14:17] *** Joins: brson (brson@E02A6CDD.75598729.B6A3AE99.IP)
[21:16:51] *** Quits: brson (brson@E02A6CDD.75598729.B6A3AE99.IP) (Quit: leaving)
[21:16:56] *** Joins: brson (brson@E02A6CDD.75598729.B6A3AE99.IP)
[21:19:21] *** Joins: jpcamara (Adium@moz-5D16DDFA.prvdri.fios.verizon.net)
[21:21:02] *** Quits: jpcamara (Adium@moz-5D16DDFA.prvdri.fios.verizon.net) (Ping timeout)
[21:55:40] *** Joins: hashvisser (hashvisser@moz-935A9C7F.stny.res.rr.com)
[21:57:21] *** Quits: hashvisser (hashvisser@moz-935A9C7F.stny.res.rr.com) (Ping timeout)
[22:20:06] *** Joins: jpcamara (Adium@moz-5D16DDFA.prvdri.fios.verizon.net)
[22:20:51] *** Joins: francois (francois@34E8ECDF.DC2C3734.616A18A6.IP)
[22:21:46] *** Quits: jpcamara (Adium@moz-5D16DDFA.prvdri.fios.verizon.net) (Ping timeout)
[23:20:52] *** Joins: jpcamara (Adium@moz-5D16DDFA.prvdri.fios.verizon.net)
[23:22:32] *** Quits: jpcamara (Adium@moz-5D16DDFA.prvdri.fios.verizon.net) (Ping timeout)
