[17:01:25] *** Joins: tjc (tjc@moz-6EB4E533.dsl.tsoft.com)
[17:01:29] *** Joins: brson (brson@moz-BBE3ABD.mv.mozilla.com)
[17:01:37] <tjc> I'll be in vidyo CYA in three minutes
[17:08:08] <tjc> 5723
[17:08:55] <tjc> 5993
[17:11:24] <tjc> 7881
[17:13:26] <tjc> 7961
[17:14:55] <tjc> 9696
[17:16:34] <tjc> 9758
[17:17:41] <tjc> 9910
[17:18:19] <tjc> 9912
[17:21:30] <tjc> 9957
[17:22:23] <tjc> 9962
[17:23:11] <tjc> 9995
[17:24:35] <tjc> 9996
[17:27:20] <tjc> 10010
[17:28:19] <tjc> 10024
[17:29:53] <tjc> 10025
[17:31:39] <tjc> 10039
[17:34:40] <tjc> 10041
[17:36:26] <tjc> 10049
[17:38:12] <tjc> https://github.com/mozilla/rust/issues?direction=asc&labels=P-high-untriaged
[17:38:21] <tjc> 1804
[17:39:06] <tjc> 1835
[17:41:38] <tjc> 1843
[17:42:50] <tjc> 1921
[17:43:22] <tjc> 1928
[17:44:04] <tjc> 1930
[17:44:38] <tjc> 1946
[17:45:06] <tjc> 1972
[17:45:39] <tjc> 1980
[17:47:13] <tjc> 1998
[17:47:28] <tjc> 1986
[17:47:57] <tjc> 1998
[17:48:30] <tjc> 1999
[17:49:18] <tjc> 2057
[17:49:38] <tjc> 2061
[17:51:03] <tjc> 2063
[17:53:03] <tjc> 20802092
[17:53:04] <tjc> 2092
[17:53:53] <tjc> 2105
[17:54:23] <tjc> 2128
[17:54:56] <tjc> 2166
[17:56:41] <tjc> 2206
[17:57:04] <tjc> 2207
[17:57:35] <tjc> 2247
[17:58:39] <tjc> 2302
[17:59:41] <tjc> 2369
[18:01:02] *** Parts: brson (brson@moz-BBE3ABD.mv.mozilla.com) ()
[18:27:21] *** Joins: jensnockert (jensnocker@moz-7DC16A5F.afb.bredband2.com)
[18:37:08] *** Quits: jensnockert (jensnocker@moz-7DC16A5F.afb.bredband2.com) (Input/output error)
[18:52:55] *** Joins: jensnockert (jensnocker@moz-7DC16A5F.afb.bredband2.com)
[18:54:23] *** Quits: jensnockert (jensnocker@moz-7DC16A5F.afb.bredband2.com) (Input/output error)
[20:41:30] *** Quits: tjc (tjc@moz-6EB4E533.dsl.tsoft.com) (Ping timeout)
[21:01:12] *** Joins: jensnockert (jensnocker@moz-7DC16A5F.afb.bredband2.com)
[21:01:31] *** Quits: jensnockert (jensnocker@moz-7DC16A5F.afb.bredband2.com) (Input/output error)
[21:02:37] *** Joins: jensnockert (jensnocker@moz-7DC16A5F.afb.bredband2.com)
[21:04:35] *** Quits: jensnockert (jensnocker@moz-7DC16A5F.afb.bredband2.com) (Ping timeout)
[21:10:56] *** Joins: tjc (tjc@moz-FF2FB35A.lightspeed.sntcca.sbcglobal.net)
[23:03:24] *** Joins: jensnockert (jensnocker@moz-7DC16A5F.afb.bredband2.com)
[23:05:19] *** Quits: jensnockert (jensnocker@moz-7DC16A5F.afb.bredband2.com) (Ping timeout)
[23:35:24] *** Quits: tjc (tjc@moz-FF2FB35A.lightspeed.sntcca.sbcglobal.net) (Quit: zzzzzzzzzz)
[23:57:01] *** Joins: tjc (tjc@moz-F65A248F.tmodns.net)
