[16:11:13] *** Joins: cmr (moznet@moz-EC676DFE.members.linode.com)
[16:11:19] <cmr> hullo
[16:52:00] *** Joins: bstrie (ben@moz-D5A1D0F5.members.linode.com)
[16:52:13] <bstrie> who's ready for some self-mutilation
[16:52:41] <cmr> wut
[18:51:42] <bstrie> cmr: ...isn't the point of this channel to brand ourselves with hot irons in the shape of the rust logo?
[18:52:08] <cmr> ah
[18:52:09] <cmr> yes
[18:52:11] <cmr> jokes
[18:52:13] <cmr> those things that exist
[19:00:36] <bstrie> you think this is a joke, but I'm gonna get *so much reddit karma*
[20:01:02] <bstrie> who is TheHydroImpilse
[20:01:07] <bstrie> *pulse
[20:01:31] <cmr> dunno
[20:01:51] <bstrie> bjz: what is the rust website thing in the topic
[22:29:26] *** Joins: TheHydroImpulse (TheHydroIm@moz-A9FB1B83.ed.shawcable.net)
[22:32:21] *** Parts: TheHydroImpulse (TheHydroIm@moz-A9FB1B83.ed.shawcable.net) ()
[23:15:06] *** Joins: TheHydroImpulse (TheHydroIm@moz-A9FB1B83.ed.shawcable.net)
[23:41:02] *** Quits: TheHydroImpulse (TheHydroIm@moz-A9FB1B83.ed.shawcable.net) (Ping timeout)
[23:51:21] *** Joins: TheHydroImpulse (TheHydroIm@moz-A9FB1B83.ed.shawcable.net)
[23:53:11] <TheHydroImpulse> bjz diverse https://raw.github.com/TheHydroImpulse/rust-website/master/img/home.png  -- Going to be putting more content and gonna get the docs up.
