[00:35:14] *** Quits: bjz (bjz@B398BE78.F804C29E.D35A31DF.IP) (Ping timeout)
[00:37:54] *** Joins: bjz (bjz@B398BE78.F804C29E.D35A31DF.IP)
[01:35:34] *** Quits: bjz (bjz@B398BE78.F804C29E.D35A31DF.IP) (Ping timeout)
[01:38:32] *** Joins: bjz (bjz@B398BE78.F804C29E.D35A31DF.IP)
[03:05:22] *** Quits: kvanb (kvanb@moz-E3B38E24.lnse1.win.bigpond.net.au) (Quit: kvanb)
[03:15:40] *** Joins: kvanb (kvanb@moz-5DB011E5.lnse3.lon.bigpond.net.au)
[04:04:46] *** Quits: rocode (rocode@moz-8ACDD150.clsp.qwest.net) (Quit: Leaving)
[06:07:46] *** kvanb is now known as Guus1
[06:25:21] <cmr> So I just found http://mirror.uncyc.org/wiki/Clarkson_University about my university
[06:25:23] <cmr> super hilarious
[06:56:15] *** Quits: Guus1 (kvanb@moz-5DB011E5.lnse3.lon.bigpond.net.au) (Quit: Guus1)
[07:06:46] *** Quits: dbaupp (Thunderbir@32742E97.D5A1DCF.37681C44.IP) (Ping timeout)
[07:23:54] *** Joins: kvanb (kvanb@moz-5DB011E5.lnse3.lon.bigpond.net.au)
[07:40:23] <bjz> cmr: HAH
[07:40:27] <bjz> love it
[07:45:39] *** Quits: kvanb (kvanb@moz-5DB011E5.lnse3.lon.bigpond.net.au) (Quit: kvanb)
[08:02:25] *** Joins: dbaupp (Thunderbir@moz-68C83524.lns20.syd6.internode.on.net)
[08:26:13] *** Joins: kvanb (kvanb@moz-5DB011E5.lnse3.lon.bigpond.net.au)
[08:45:05] *** Quits: kvanb (kvanb@moz-5DB011E5.lnse3.lon.bigpond.net.au) (Quit: kvanb)
[08:48:00] <bjz> http://imgur.com/SUtcxgW
[08:48:05] <bjz> :D
[09:22:18] *** Joins: kvanb (kvanb@moz-5DB011E5.lnse3.lon.bigpond.net.au)
[09:22:33] *** Quits: kvanb (kvanb@moz-5DB011E5.lnse3.lon.bigpond.net.au) (Quit: kvanb)
[10:05:55] *** Joins: kvanb (kvanb@moz-5DB011E5.lnse3.lon.bigpond.net.au)
[11:04:46] *** Quits: kvanb (kvanb@moz-5DB011E5.lnse3.lon.bigpond.net.au) (Ping timeout)
[11:25:19] *** Joins: kvanb (kvanb@moz-C8D7D30C.lnse7.win.bigpond.net.au)
[12:15:09] *** Quits: Yurume (Yurume@A826BD81.8A0DEF81.38747683.IP) (Ping timeout)
[12:16:44] *** Joins: Yurume (Yurume@A826BD81.8A0DEF81.38747683.IP)
[12:46:53] *** Quits: kvanb (kvanb@moz-C8D7D30C.lnse7.win.bigpond.net.au) (Quit: kvanb)
[12:59:56] *** Joins: johnmurray (jmurray@moz-299FF8FF.fw.nyc2.appnexus.com)
[13:02:35] *** Quits: johnmurray (jmurray@moz-299FF8FF.fw.nyc2.appnexus.com) (Quit: johnmurray)
[13:03:57] *** Joins: johnmurray (jmurray@moz-299FF8FF.fw.nyc2.appnexus.com)
[13:50:11] *** Parts: johnmurray (jmurray@moz-299FF8FF.fw.nyc2.appnexus.com) ()
[16:26:07] *** Joins: bjz_ (bjz@B398BE78.F804C29E.D35A31DF.IP)
[16:26:21] *** Quits: bjz (bjz@B398BE78.F804C29E.D35A31DF.IP) (Connection reset by peer)
[16:27:58] *** Quits: bjz_ (bjz@B398BE78.F804C29E.D35A31DF.IP) (Ping timeout)
[16:28:33] *** Joins: bjz (bjz@B398BE78.F804C29E.D35A31DF.IP)
[16:28:58] *** Quits: Yurume (Yurume@A826BD81.8A0DEF81.38747683.IP) (Ping timeout)
[16:30:36] *** Joins: Yurume (Yurume@A826BD81.8A0DEF81.38747683.IP)
[17:02:43] *** Quits: Yurume (Yurume@A826BD81.8A0DEF81.38747683.IP) (Ping timeout)
[17:06:05] *** Joins: Yurume (Yurume@A826BD81.8A0DEF81.38747683.IP)
[18:07:14] <cmr> hahah
[21:24:03] *** Joins: kvanb (kvanb@moz-C8D7D30C.lnse7.win.bigpond.net.au)
[22:06:44] *** Quits: kvanb (kvanb@moz-C8D7D30C.lnse7.win.bigpond.net.au) (Quit: kvanb)
[22:21:09] *** Quits: dbaupp (Thunderbir@moz-68C83524.lns20.syd6.internode.on.net) (Ping timeout)
[22:24:47] *** Quits: bjz (bjz@B398BE78.F804C29E.D35A31DF.IP) (Ping timeout)
