[00:20:47] *** Joins: huon (Thunderbir@B11C0778.D5A1DCF.37681C44.IP)
[01:14:45] *** Quits: Tobba (Tobba@moz-462B7F7F.ias.bredband.telia.com) (Ping timeout)
[07:10:17] *** Quits: huon (Thunderbir@B11C0778.D5A1DCF.37681C44.IP) (Quit: huon)
[08:18:27] *** Joins: huon (Thunderbir@moz-826BD85A.lns20.syd6.internode.on.net)
[09:51:36] *** Joins: Tobba (Tobba@moz-462B7F7F.ias.bredband.telia.com)
[13:16:12] *** Quits: kvanb (kvanb@moz-74E74158.lnse2.lon.bigpond.net.au) (Quit: kvanb)
[13:51:56] *** Quits: ChrisMorgan (chris@moz-6AC741CA.static.tpgi.com.au) (Ping timeout)
[16:30:53] *** Joins: rocode (rocode@moz-398826F7.clsp.qwest.net)
[17:18:03] *** Joins: sunfish (chatzilla@moz-42DA0C69.dsl.dynamic.sonic.net)
[19:01:49] *** Quits: sunfish (chatzilla@moz-42DA0C69.dsl.dynamic.sonic.net) (Ping timeout)
[19:06:03] *** Quits: rocode (rocode@moz-398826F7.clsp.qwest.net) (Quit: Leaving)
[19:27:19] *** Joins: alan_andrade (alan_andra@moz-B2C44770.car1.sanfrancisco1.level3.net)
[19:57:08] *** Joins: sunfish (chatzilla@moz-BBE3ABD.mv.mozilla.com)
[20:09:43] *** Joins: esummers_ (esummers@moz-3B015C90.wi.res.rr.com)
[20:43:42] *** Quits: sunfish (chatzilla@moz-BBE3ABD.mv.mozilla.com) (Client exited)
[21:33:35] *** Joins: sunfish (chatzilla@moz-BBE3ABD.mv.mozilla.com)
[22:02:44] *** Quits: alan_andrade (alan_andra@moz-B2C44770.car1.sanfrancisco1.level3.net) (Input/output error)
[22:48:43] *** Quits: huon (Thunderbir@moz-826BD85A.lns20.syd6.internode.on.net) (Quit: huon)
[23:04:47] *** Joins: alan_andrade (alan_andra@moz-B2C44770.car1.sanfrancisco1.level3.net)
[23:04:59] *** Joins: kvanb (kvanb@moz-74E74158.lnse2.lon.bigpond.net.au)
