[01:27:57] *** Quits: TheHydroImpulse (TheHydroIm@moz-A9FB1B83.ed.shawcable.net) (Connection reset by peer)
[01:29:18] *** Joins: TheHydroImpulse (TheHydroIm@moz-A9FB1B83.ed.shawcable.net)
[03:18:24] *** Joins: cmr (moznet@moz-EC676DFE.members.linode.com)
[04:30:05] *** Quits: brson (brson@moz-BBE3ABD.mv.mozilla.com) (Quit: leaving)
[04:30:23] *** Joins: brson (brson@E02A6CDD.75598729.B6A3AE99.IP)
[04:30:56] *** Quits: TheHydroImpulse (TheHydroIm@moz-A9FB1B83.ed.shawcable.net) (Connection reset by peer)
[04:32:41] *** Joins: TheHydroImpulse (TheHydroIm@moz-A9FB1B83.ed.shawcable.net)
[04:40:54] *** Quits: brson (brson@E02A6CDD.75598729.B6A3AE99.IP) (Ping timeout)
[04:44:21] *** Joins: brson (brson@E02A6CDD.75598729.B6A3AE99.IP)
[08:12:18] *** Quits: TheHydroImpulse (TheHydroIm@moz-A9FB1B83.ed.shawcable.net) (Connection reset by peer)
[08:13:47] *** Joins: TheHydroImpulse (TheHydroIm@moz-A9FB1B83.ed.shawcable.net)
[08:29:06] *** Quits: bjz_ (bjz@B398BE78.F804C29E.D35A31DF.IP) (Ping timeout)
[09:08:58] *** Joins: bjz (bjz@B398BE78.F804C29E.D35A31DF.IP)
[09:10:43] *** Joins: bjz_ (bjz@B398BE78.F804C29E.D35A31DF.IP)
[09:11:03] *** Quits: bjz (bjz@B398BE78.F804C29E.D35A31DF.IP) (No route to host)
[10:14:11] *** Quits: TheHydroImpulse (TheHydroIm@moz-A9FB1B83.ed.shawcable.net) (Connection reset by peer)
[10:14:26] *** Joins: TheHydroImpulse (TheHydroIm@moz-A9FB1B83.ed.shawcable.net)
[10:25:06] *** Quits: TheHydroImpulse (TheHydroIm@moz-A9FB1B83.ed.shawcable.net) (Quit: TheHydroImpulse)
[11:25:20] *** Quits: brson (brson@E02A6CDD.75598729.B6A3AE99.IP) (Ping timeout)
[12:15:32] *** Quits: ChrisMorgan (chris@moz-6AC741CA.static.tpgi.com.au) (Ping timeout)
[17:46:19] *** Joins: bjz (bjz@B398BE78.F804C29E.D35A31DF.IP)
[17:46:28] *** Quits: bjz_ (bjz@B398BE78.F804C29E.D35A31DF.IP) (Connection reset by peer)
[18:58:11] *** Joins: TheHydroImpulse (TheHydroIm@moz-A9FB1B83.ed.shawcable.net)
[19:08:39] *** Quits: TheHydroImpulse (TheHydroIm@moz-A9FB1B83.ed.shawcable.net) (Connection reset by peer)
[19:10:39] *** Joins: TheHydroImpulse (TheHydroIm@moz-A9FB1B83.ed.shawcable.net)
[19:14:36] *** Quits: TheHydroImpulse (TheHydroIm@moz-A9FB1B83.ed.shawcable.net) (Quit: TheHydroImpulse)
[19:15:11] *** Joins: TheHydroImpulse (TheHydroIm@moz-A9FB1B83.ed.shawcable.net)
[20:16:12] *** Quits: TheHydroImpulse (TheHydroIm@moz-A9FB1B83.ed.shawcable.net) (Quit: TheHydroImpulse)
[21:24:05] *** Joins: brson (brson@moz-BBE3ABD.mv.mozilla.com)
[22:59:16] *** Joins: TheHydroImpulse (TheHydroIm@moz-A9FB1B83.ed.shawcable.net)
[23:15:38] *** Quits: TheHydroImpulse (TheHydroIm@moz-A9FB1B83.ed.shawcable.net) (Ping timeout)
[23:59:50] *** Quits: brson (brson@moz-BBE3ABD.mv.mozilla.com) (Ping timeout)
