[00:15:39] <cmr> http://devnull-as-a-service.com/
[00:15:46] <cmr> Truly, the future of OSdev is the cloud
[00:16:37] <pcmattman> good thing the cloud still needs software to run it
[00:17:19] <pcmattman> also that is awesome
[01:31:07] *** Joins: erickt (etryzelaar@BF60BF52.64BC77A3.7FC6A66E.IP)
[02:24:30] *** Quits: pcwalton (pcwalton@moz-7B0110AD.mv.mozilla.com) (Quit: pcwalton)
[02:24:34] *** Joins: guacamole (Mibbit@moz-24A8D406.hsd1.va.comcast.net)
[02:24:53] <guacamole> does anyone know if string has a contains method?
[02:24:57] <guacamole> i've been looking in the documentation
[02:24:59] <guacamole> but only found replace
[02:26:10] <strcat> guacamole: you want to find a substring (also, isn't this a #rust question?)
[02:26:24] <strcat> or a character
[02:27:05] <strcat> http://static.rust-lang.org/doc/master/std/str/trait.StrSlice.html
[02:29:16] <guacamole> true sorry about that
[02:29:17] <guacamole> thx
[03:02:08] *** Quits: test (Mibbit@1914817D.DD5A7578.2B99CF6B.IP) (Ping timeout)
[03:27:35] *** Quits: brson (brson@moz-BBE3ABD.mv.mozilla.com) (Ping timeout)
[03:58:49] *** Quits: kimundi (kimundi@moz-1D7A8D6E.dip0.t-ipconnect.de) (Ping timeout)
[04:02:27] *** Joins: kimundi (kimundi@moz-E3DE4244.dip0.t-ipconnect.de)
[04:06:18] *** Quits: geoffhill (geoffhill@moz-79C8D45C.amazon.com) (Quit: geoffhill)
[04:06:38] *** kimundi is now known as zz_kimundi
[04:14:07] *** zz_kimundi is now known as kimundi
[04:16:05] *** Joins: bjz (textual@B398BE78.F804C29E.D35A31DF.IP)
[04:16:11] *** Quits: guacamole (Mibbit@moz-24A8D406.hsd1.va.comcast.net) (Quit: http://www.mibbit.com ajax IRC Client)
[04:20:22] *** Quits: devbug (quassel@23AC5F12.9D950176.3655BBF5.IP) (Connection reset by peer)
[04:20:22] *** Joins: devbug (quassel@23AC5F12.9D950176.3655BBF5.IP)
[04:38:01] *** Joins: eddyb (eddy@A93A03C9.9065A63B.FCAAE698.IP)
[05:03:46] *** Joins: tiffany (kawaii@moz-28A8742A.dhcp.embarqhsd.net)
[05:09:51] *** Quits: eddyb9 (eddy@A93A03C9.9065A63B.FCAAE698.IP) (Ping timeout)
[05:29:30] *** Joins: eddyb9 (eddy@43ADE84.2484615.4A6B528C.IP)
[05:32:48] *** Joins: geoffhill (geoffhill@moz-2785B672.hsd1.wa.comcast.net)
[05:41:19] *** Quits: geoffhill (geoffhill@moz-2785B672.hsd1.wa.comcast.net) (Quit: geoffhill)
[06:03:00] *** sam113101 is now known as sam113101_afk
[06:31:14] *** sam113101_afk is now known as sam113101
[06:58:59] *** sam113101 is now known as sam113101_afk
[07:00:42] *** Quits: canhtak (canhtak@moz-1BED280F.wl.t.ulaval.ca) (Quit: canhtak)
[07:11:44] *** sam113101_afk is now known as sam113101
[07:20:16] *** sam113101 is now known as sam113101_afk
[07:23:01] *** sam113101_afk is now known as sam113101
[08:14:01] *** Joins: pnkfelix (pnkfelix@87C1F78E.1DE10CA8.D8E68FF6.IP)
[08:42:40] *** kimundi is now known as zz_kimundi
[08:44:05] *** Quits: strcat (strcat@moz-54F7FD49.cpe.net.cable.rogers.com) (Quit: WeeChat 0.4.2)
[08:48:25] *** Quits: devbug (quassel@23AC5F12.9D950176.3655BBF5.IP) (Connection reset by peer)
[08:53:42] *** Quits: erickt (etryzelaar@BF60BF52.64BC77A3.7FC6A66E.IP) (Ping timeout)
[09:09:48] *** Joins: erickt (etryzelaar@BF60BF52.64BC77A3.7FC6A66E.IP)
[09:12:11] *** Quits: erickt (etryzelaar@BF60BF52.64BC77A3.7FC6A66E.IP) (Ping timeout)
[09:32:43] *** zz_kimundi is now known as kimundi
[09:33:25] *** Quits: eddyb9 (eddy@43ADE84.2484615.4A6B528C.IP) (Ping timeout)
[10:03:53] *** Joins: erickt (etryzelaar@BF60BF52.64BC77A3.7FC6A66E.IP)
[10:06:15] *** Quits: erickt (etryzelaar@BF60BF52.64BC77A3.7FC6A66E.IP) (Ping timeout)
[10:11:49] *** Quits: bjz (textual@B398BE78.F804C29E.D35A31DF.IP) (Quit: Textual IRC Client: www.textualapp.com)
[10:12:02] *** Joins: bjz (textual@B398BE78.F804C29E.D35A31DF.IP)
[10:34:48] *** kimundi is now known as zz_kimundi
[10:57:57] *** Joins: erickt (etryzelaar@BF60BF52.64BC77A3.7FC6A66E.IP)
[11:00:20] *** Quits: erickt (etryzelaar@BF60BF52.64BC77A3.7FC6A66E.IP) (Ping timeout)
[11:13:18] *** zz_kimundi is now known as kimundi
[11:26:45] *** Quits: dbaupp (Thunderbir@moz-B3C9E9E8.lns20.syd6.internode.on.net) (Ping timeout)
[11:30:26] *** Joins: dbaupp (Thunderbir@moz-B3C9E9E8.lns20.syd6.internode.on.net)
[11:52:03] *** Joins: erickt (etryzelaar@BF60BF52.64BC77A3.7FC6A66E.IP)
[11:54:24] *** Quits: erickt (etryzelaar@BF60BF52.64BC77A3.7FC6A66E.IP) (Ping timeout)
[12:04:29] *** Joins: erickt (etryzelaar@BF60BF52.64BC77A3.7FC6A66E.IP)
[12:24:35] *** Quits: bjz (textual@B398BE78.F804C29E.D35A31DF.IP) (Ping timeout)
[12:24:57] *** Joins: bjz (textual@B398BE78.F804C29E.D35A31DF.IP)
[12:34:12] *** Joins: canhtak (canhtak@moz-1BED280F.wl.t.ulaval.ca)
[12:58:27] *** Quits: dbaupp (Thunderbir@moz-B3C9E9E8.lns20.syd6.internode.on.net) (Input/output error)
[13:04:49] *** Quits: erickt (etryzelaar@BF60BF52.64BC77A3.7FC6A66E.IP) (Ping timeout)
[13:35:18] *** Joins: erickt (etryzelaar@BF60BF52.64BC77A3.7FC6A66E.IP)
[13:40:25] *** Joins: _eddyb_ (eddy@FE23D96E.F33C1089.FB866788.IP)
[13:40:29] *** Quits: eddyb (eddy@A93A03C9.9065A63B.FCAAE698.IP) (Ping timeout)
[13:43:16] *** Quits: bjz (textual@B398BE78.F804C29E.D35A31DF.IP) (Quit: My MacBook Pro has gone to sleep. ZZZzzz…)
[13:49:12] *** Quits: canhtak (canhtak@moz-1BED280F.wl.t.ulaval.ca) (Quit: canhtak)
[13:49:39] *** Joins: bjz (textual@B398BE78.F804C29E.D35A31DF.IP)
[13:54:37] *** Joins: canhtak (canhtak@moz-1BED280F.wl.t.ulaval.ca)
[13:54:54] *** Quits: bjz (textual@B398BE78.F804C29E.D35A31DF.IP) (Quit: Textual IRC Client: www.textualapp.com)
[13:57:12] *** Joins: bjz (textual@B398BE78.F804C29E.D35A31DF.IP)
[14:09:19] *** Quits: bjz (textual@B398BE78.F804C29E.D35A31DF.IP) (Quit: Textual IRC Client: www.textualapp.com)
[14:09:26] *** Joins: bjz (textual@B398BE78.F804C29E.D35A31DF.IP)
[14:18:31] *** Quits: canhtak (canhtak@moz-1BED280F.wl.t.ulaval.ca) (Quit: canhtak)
[14:20:28] *** _eddyb_ is now known as eddyb
[14:21:38] *** Joins: canhtak (canhtak@moz-1BED280F.wl.t.ulaval.ca)
[14:46:24] *** Quits: erickt (etryzelaar@BF60BF52.64BC77A3.7FC6A66E.IP) (Ping timeout)
[14:47:33] *** Quits: pnkfelix (pnkfelix@87C1F78E.1DE10CA8.D8E68FF6.IP) (Quit: Leaving.)
[15:14:04] *** Joins: erickt (etryzelaar@BF60BF52.64BC77A3.7FC6A66E.IP)
[16:19:28] *** Quits: erickt (etryzelaar@BF60BF52.64BC77A3.7FC6A66E.IP) (Ping timeout)
[16:22:54] *** Joins: erickt (etryzelaar@93E94B80.D1E9439C.98A37E8C.IP)
[16:33:25] *** Quits: erickt (etryzelaar@93E94B80.D1E9439C.98A37E8C.IP) (Ping timeout)
[16:39:43] *** Quits: canhtak (canhtak@moz-1BED280F.wl.t.ulaval.ca) (Quit: canhtak)
[16:53:38] *** Joins: pnkfelix (pnkfelix@moz-43495417.fbx.proxad.net)
[16:57:24] *** Joins: pcwalton (pcwalton@moz-C07D5168.p2p.sfo1.mozilla.com)
[16:58:22] *** Quits: pnkfelix (pnkfelix@moz-43495417.fbx.proxad.net) (Quit: Leaving.)
[17:04:56] *** Joins: pnkfelix (pnkfelix@moz-43495417.fbx.proxad.net)
[17:08:02] *** kimundi is now known as zz_kimundi
[17:14:00] *** Joins: canhtak (canhtak@moz-1BED280F.wl.t.ulaval.ca)
[17:14:39] *** Quits: pnkfelix (pnkfelix@moz-43495417.fbx.proxad.net) (Quit: Leaving.)
[17:14:45] *** Joins: pnkfelix (pnkfelix@moz-43495417.fbx.proxad.net)
[17:19:14] *** Joins: utkarsh (utkarsh@moz-CA9C0A97.members.linode.com)
[17:40:23] *** Quits: canhtak (canhtak@moz-1BED280F.wl.t.ulaval.ca) (Quit: canhtak)
[17:56:59] *** Joins: erickt (etryzelaar@93E94B80.D1E9439C.98A37E8C.IP)
[17:57:12] *** zz_kimundi is now known as kimundi
[18:08:34] *** Quits: erickt (etryzelaar@93E94B80.D1E9439C.98A37E8C.IP) (Ping timeout)
[18:09:27] *** Joins: erickt (etryzelaar@93E94B80.D1E9439C.98A37E8C.IP)
[18:14:43] *** Joins: devbug (quassel@2D4E172D.4C8B6099.9B57EA59.IP)
[18:17:38] *** Quits: bjz (textual@B398BE78.F804C29E.D35A31DF.IP) (Connection reset by peer)
[18:21:18] *** Joins: bjz (textual@B398BE78.F804C29E.D35A31DF.IP)
[18:21:56] *** Quits: erickt (etryzelaar@93E94B80.D1E9439C.98A37E8C.IP) (Ping timeout)
[18:24:15] *** Joins: geoffhill (geoffhill@moz-244CF33A.amazon.com)
[18:48:19] *** pnkfelix is now known as pnkfelix|dinner
[19:01:17] *** Joins: erickt (etryzelaar@BF60BF52.64BC77A3.7FC6A66E.IP)
[19:03:40] *** Joins: strcat (strcat@moz-54F7FD49.cpe.net.cable.rogers.com)
[19:21:55] *** Quits: erickt (etryzelaar@BF60BF52.64BC77A3.7FC6A66E.IP) (Ping timeout)
[19:29:40] *** pnkfelix|dinner is now known as pnkfelix
[19:32:17] *** Quits: pnkfelix (pnkfelix@moz-43495417.fbx.proxad.net) (Quit: Leaving.)
[19:32:31] *** Joins: pnkfelix (pnkfelix@moz-43495417.fbx.proxad.net)
[19:40:29] *** Joins: erickt (etryzelaar@BF60BF52.64BC77A3.7FC6A66E.IP)
[19:55:55] *** Joins: brson (brson@moz-BBE3ABD.mv.mozilla.com)
[20:00:09] *** Quits: erickt (etryzelaar@BF60BF52.64BC77A3.7FC6A66E.IP) (Ping timeout)
[20:02:42] *** Joins: erickt (etryzelaar@BF60BF52.64BC77A3.7FC6A66E.IP)
[20:11:20] *** Joins: canhtak (canhtak@moz-1BED280F.wl.t.ulaval.ca)
[20:16:04] *** Quits: erickt (etryzelaar@BF60BF52.64BC77A3.7FC6A66E.IP) (Ping timeout)
[20:23:57] *** Quits: geoffhill (geoffhill@moz-244CF33A.amazon.com) (Ping timeout)
[20:25:13] *** Joins: geoffhill (geoffhill@moz-244CF33A.amazon.com)
[20:27:44] *** Quits: geoffhill (geoffhill@moz-244CF33A.amazon.com) (Quit: geoffhill)
[20:32:28] *** Joins: erickt (etryzelaar@BF60BF52.64BC77A3.7FC6A66E.IP)
[20:37:23] *** Joins: geoffhill (geoffhill@moz-244CF33A.amazon.com)
[20:40:54] *** Quits: eddyb (eddy@FE23D96E.F33C1089.FB866788.IP) (Ping timeout)
[20:43:19] *** Quits: canhtak (canhtak@moz-1BED280F.wl.t.ulaval.ca) (Quit: canhtak)
[20:46:49] *** Joins: canhtak (canhtak@moz-1BED280F.wl.t.ulaval.ca)
[20:57:55] *** Quits: devbug (quassel@2D4E172D.4C8B6099.9B57EA59.IP) (Ping timeout)
[20:58:42] *** Joins: eddyb9 (eddy@FE23D96E.F33C1089.FB866788.IP)
[21:21:34] *** Joins: devbug (quassel@2D4E172D.4C8B6099.9B57EA59.IP)
[21:22:34] *** Quits: erickt (etryzelaar@BF60BF52.64BC77A3.7FC6A66E.IP) (Ping timeout)
[21:36:18] *** Quits: bjz (textual@B398BE78.F804C29E.D35A31DF.IP) (Quit: My MacBook Pro has gone to sleep. ZZZzzz…)
[21:41:33] *** Joins: bjz (textual@B398BE78.F804C29E.D35A31DF.IP)
[21:42:06] *** Joins: dbaupp (Thunderbir@moz-B3C9E9E8.lns20.syd6.internode.on.net)
[21:58:01] *** Quits: bjz (textual@B398BE78.F804C29E.D35A31DF.IP) (Quit: My MacBook Pro has gone to sleep. ZZZzzz…)
[22:03:55] *** Quits: pcwalton (pcwalton@moz-C07D5168.p2p.sfo1.mozilla.com) (Ping timeout)
[22:05:09] *** Joins: pcwalton (pcwalton@moz-DFAA4E15.p2p.sfo1.mozilla.com)
[22:16:03] *** Quits: pnkfelix (pnkfelix@moz-43495417.fbx.proxad.net) (Quit: Leaving.)
[22:16:18] *** Quits: devbug (quassel@2D4E172D.4C8B6099.9B57EA59.IP) (Ping timeout)
[22:23:04] *** kimundi is now known as zz_kimundi
[23:32:09] *** Quits: canhtak (canhtak@moz-1BED280F.wl.t.ulaval.ca) (Quit: canhtak)
[23:34:03] *** Quits: tiffany (kawaii@moz-28A8742A.dhcp.embarqhsd.net) (Ping timeout)
[23:34:26] *** Quits: brson (brson@moz-BBE3ABD.mv.mozilla.com) (Quit: leaving)
[23:34:30] *** Joins: brson (brson@moz-BBE3ABD.mv.mozilla.com)
[23:36:19] *** Joins: canhtak (canhtak@moz-1BED280F.wl.t.ulaval.ca)
[23:42:53] *** Quits: rusti (rusti@moz-54F7FD49.cpe.net.cable.rogers.com) (Client exited)
