[00:31:36] *** Joins: tjc (tjc@EDA945D6.2D024FDB.284344F5.IP)
[00:36:04] *** Quits: tjc (tjc@EDA945D6.2D024FDB.284344F5.IP) (Ping timeout)
[00:50:39] *** Joins: tjc (tjc@15FD7C9F.870F2FA5.2370DFC3.IP)
[01:12:58] *** Quits: tjc (tjc@15FD7C9F.870F2FA5.2370DFC3.IP) (Ping timeout)
[01:15:43] *** Joins: tjc (tjc@15FD7C9F.870F2FA5.2370DFC3.IP)
[01:17:56] *** Quits: tjc (tjc@15FD7C9F.870F2FA5.2370DFC3.IP) (Quit: zzzzzzzzzz)
[04:35:27] *** Joins: tjc (tjc@126D462B.437331F3.284344F5.IP)
[04:53:53] *** Quits: tjc (tjc@126D462B.437331F3.284344F5.IP) (Ping timeout)
[05:23:06] *** Joins: tjc (tjc@moz-6EB4E533.dsl.tsoft.com)
[07:00:56] *** Joins: jensnockert (jensnocker@moz-8BE55278.customer.t3.se)
[07:21:35] *** Quits: tjc (tjc@moz-6EB4E533.dsl.tsoft.com) (Quit: Places to go, people to annoy)
[07:50:09] *** Quits: jensnockert (jensnocker@moz-8BE55278.customer.t3.se) (Input/output error)
[07:50:37] *** Joins: jensnockert (jensnocker@moz-8BE55278.customer.t3.se)
[07:52:22] *** Quits: jensnockert (jensnocker@moz-8BE55278.customer.t3.se) (Ping timeout)
[08:59:24] *** Joins: jensnockert (jensnocker@moz-8BE55278.customer.t3.se)
[10:42:57] *** Quits: jensnockert (jensnocker@moz-8BE55278.customer.t3.se) (Input/output error)
[10:43:24] *** Joins: jensnockert (jensnocker@moz-8BE55278.customer.t3.se)
[10:45:09] *** Quits: jensnockert (jensnocker@moz-8BE55278.customer.t3.se) (Ping timeout)
[17:45:38] *** Joins: jensnock_ (jensnocker@moz-C5F27039.cust.bredband2.com)
[17:58:03] *** Quits: jensnock_ (jensnocker@moz-C5F27039.cust.bredband2.com) (Input/output error)
[17:58:30] *** Joins: jensnockert (jensnocker@moz-C5F27039.cust.bredband2.com)
[18:00:12] *** Quits: jensnockert (jensnocker@moz-C5F27039.cust.bredband2.com) (Ping timeout)
[19:51:21] *** Joins: jensnockert (jensnocker@moz-8BE55278.customer.t3.se)
[20:04:38] *** Quits: jensnockert (jensnocker@moz-8BE55278.customer.t3.se) (Ping timeout)
[20:18:06] *** Joins: jensnockert (jensnocker@moz-8BE55278.customer.t3.se)
[20:56:20] *** Quits: jensnockert (jensnocker@moz-8BE55278.customer.t3.se) (Input/output error)
[20:56:48] *** Joins: jensnockert (jensnocker@moz-8BE55278.customer.t3.se)
[20:58:37] *** Quits: jensnockert (jensnocker@moz-8BE55278.customer.t3.se) (Ping timeout)
