[01:32:27] *** Quits: jensnockert (jensnocker@moz-8BE55278.customer.t3.se) (Input/output error)
[09:14:24] *** Joins: jensnockert (jensnocker@moz-8BE55278.customer.t3.se)
[10:24:44] *** Quits: jensnockert (jensnocker@moz-8BE55278.customer.t3.se) (Input/output error)
[10:40:34] *** Joins: jensnockert (jensnocker@moz-8BE55278.customer.t3.se)
[12:20:58] *** Quits: jensnockert (jensnocker@moz-8BE55278.customer.t3.se) (Input/output error)
[12:21:34] *** Joins: jensnockert (jensnocker@moz-8BE55278.customer.t3.se)
[13:44:55] *** Quits: jensnockert (jensnocker@moz-8BE55278.customer.t3.se) (Input/output error)
[14:30:32] *** Joins: jensnockert (jensnocker@moz-8BE55278.customer.t3.se)
[17:30:11] *** Joins: tjc (tjc@moz-7B0110AD.mv.mozilla.com)
[18:04:57] *** Quits: tjc (tjc@moz-7B0110AD.mv.mozilla.com) (Ping timeout)
[18:08:55] *** Joins: tjc (tjc@moz-BBE3ABD.mv.mozilla.com)
[18:16:00] *** Quits: tjc (tjc@moz-BBE3ABD.mv.mozilla.com) (Quit: zzzzzzzzzz)
[18:45:32] *** Quits: jensnockert (jensnocker@moz-8BE55278.customer.t3.se) (Input/output error)
[18:48:10] *** Joins: tjc (tjc@moz-7B0110AD.mv.mozilla.com)
[18:49:57] *** Quits: tjc (tjc@moz-7B0110AD.mv.mozilla.com) (Ping timeout)
[18:54:00] *** Joins: tjc (tjc@moz-BBE3ABD.mv.mozilla.com)
[18:56:37] *** Joins: jensnockert (jensnocker@moz-8BE55278.customer.t3.se)
[19:38:12] *** Quits: tjc (tjc@moz-BBE3ABD.mv.mozilla.com) (Quit: zzzzzzzzzz)
[20:07:19] *** Quits: jensnockert (jensnocker@moz-8BE55278.customer.t3.se) (Input/output error)
[20:13:00] *** Joins: tjc (tjc@moz-BBE3ABD.mv.mozilla.com)
[20:47:19] *** Joins: jensnockert (jensnocker@moz-8BE55278.customer.t3.se)
[20:47:23] *** Quits: jensnockert (jensnocker@moz-8BE55278.customer.t3.se) (Input/output error)
[20:48:50] *** Joins: jensnockert (jensnocker@moz-8BE55278.customer.t3.se)
[22:22:47] *** Quits: jensnockert (jensnocker@moz-8BE55278.customer.t3.se) (Input/output error)
[22:30:51] *** Joins: jensnockert (jensnocker@moz-8BE55278.customer.t3.se)
[22:31:18] *** Quits: jensnockert (jensnocker@moz-8BE55278.customer.t3.se) (Connection reset by peer)
[22:31:39] *** Joins: jensnockert (jensnocker@moz-8BE55278.customer.t3.se)
[22:31:41] *** Quits: jensnockert (jensnocker@moz-8BE55278.customer.t3.se) (Input/output error)
