[00:17:12] *** Joins: TheHydroImpulse (TheHydroIm@moz-A9FB1B83.ed.shawcable.net)
[01:49:11] *** Quits: TheHydroImpulse (TheHydroIm@moz-A9FB1B83.ed.shawcable.net) (Connection reset by peer)
[01:51:13] *** Joins: TheHydroImpulse (TheHydroIm@moz-A9FB1B83.ed.shawcable.net)
[04:00:29] *** Quits: TheHydroImpulse (TheHydroIm@moz-A9FB1B83.ed.shawcable.net) (Connection reset by peer)
[04:02:13] *** Joins: TheHydroImpulse (TheHydroIm@moz-A9FB1B83.ed.shawcable.net)
[06:09:43] *** Quits: TheHydroImpulse (TheHydroIm@moz-A9FB1B83.ed.shawcable.net) (Connection reset by peer)
[06:12:12] *** Joins: TheHydroImpulse (TheHydroIm@moz-A9FB1B83.ed.shawcable.net)
[07:18:50] *** Quits: ChrisMorgan (chris@moz-8DCBEA52.vic.adsl.internode.on.net) (Ping timeout)
[08:30:38] *** Quits: TheHydroImpulse (TheHydroIm@moz-A9FB1B83.ed.shawcable.net) (Connection reset by peer)
[08:32:03] *** Joins: TheHydroImpulse (TheHydroIm@moz-A9FB1B83.ed.shawcable.net)
[09:03:08] <TheHydroImpulse> bjz http://devdocs.io/
[09:03:26] <TheHydroImpulse> http://devdocs.io/go/bufio/index#Reader.UnreadByte
[09:03:36] <TheHydroImpulse> The function signatures on the last link are super clear
[10:34:30] <bjz> Heh, sort of like an online version of Dash.app :3
[10:34:37] <bjz> <3 Dash
[10:34:54] <bjz> Have you seen the doxygen docs? http://www.glfw.org/docs/latest/group__window.html
[10:35:39] <bjz> I like how it has sort of an index of all the function signatures at the top, then them listed below in greater detail
[10:40:01] <cmr> if that's the only deployment of doxygen you've seen
[10:40:05] <cmr> you're in for an unpleasant surprise
[10:41:04] <TheHydroImpulse> yeah dash is pretty awesome
[10:57:57] <bjz> cmr: hehe
[10:58:31] <bjz> cmr: I realise that the milage may vary in regards to doxygen
[12:14:33] *** Quits: TheHydroImpulse (TheHydroIm@moz-A9FB1B83.ed.shawcable.net) (Connection reset by peer)
[12:15:57] *** Joins: TheHydroImpulse (TheHydroIm@moz-A9FB1B83.ed.shawcable.net)
[12:43:43] *** Quits: TheHydroImpulse (TheHydroIm@moz-A9FB1B83.ed.shawcable.net) (Connection reset by peer)
[12:45:11] *** Joins: TheHydroImpulse (TheHydroIm@moz-A9FB1B83.ed.shawcable.net)
[14:22:05] *** Quits: TheHydroImpulse (TheHydroIm@moz-A9FB1B83.ed.shawcable.net) (Connection reset by peer)
[14:24:17] *** Joins: TheHydroImpulse (TheHydroIm@moz-A9FB1B83.ed.shawcable.net)
[15:50:38] *** Quits: bjz (bjz@B398BE78.F804C29E.D35A31DF.IP) (Ping timeout)
[16:01:42] *** Quits: TheHydroImpulse (TheHydroIm@moz-A9FB1B83.ed.shawcable.net) (Connection reset by peer)
[16:03:59] *** Joins: TheHydroImpulse (TheHydroIm@moz-A9FB1B83.ed.shawcable.net)
[16:39:20] *** Joins: bjz (bjz@B398BE78.F804C29E.D35A31DF.IP)
[16:39:25] *** bjz changes topic to 'Working on the identity and user experience design of Rust related things. Collaborate, discuss, and critique!'
[19:39:37] *** Quits: TheHydroImpulse (TheHydroIm@moz-A9FB1B83.ed.shawcable.net) (Connection reset by peer)
[19:42:26] *** Joins: TheHydroImpulse (TheHydroIm@moz-A9FB1B83.ed.shawcable.net)
[21:00:20] *** Quits: TheHydroImpulse (TheHydroIm@moz-A9FB1B83.ed.shawcable.net) (Connection reset by peer)
[21:02:45] *** Joins: TheHydroImpulse (TheHydroIm@moz-A9FB1B83.ed.shawcable.net)
[22:46:51] *** Quits: TheHydroImpulse (TheHydroIm@moz-A9FB1B83.ed.shawcable.net) (Connection reset by peer)
[22:49:16] *** Joins: TheHydroImpulse (TheHydroIm@moz-A9FB1B83.ed.shawcable.net)
[23:20:29] *** Joins: ChrisMorgan (chris@moz-8DCBEA52.vic.adsl.internode.on.net)
[23:22:17] *** Quits: ChrisMorgan (chris@moz-8DCBEA52.vic.adsl.internode.on.net) (Ping timeout)
[23:42:36] *** Joins: ChrisMorgan (chris@moz-8DCBEA52.vic.adsl.internode.on.net)
[23:59:48] *** Quits: ChrisMorgan (chris@moz-8DCBEA52.vic.adsl.internode.on.net) (Ping timeout)
