[00:03:51] *** Joins: brendan (brendaneic@moz-569CD944.tor.primus.ca)
[00:04:01] *** Joins: eholk (eholk@moz-58C5EE6F.wavecable.com)
[00:04:10] *** Joins: yichoi (yichoi@5AB4884B.FCC4549.14D5B978.IP)
[00:05:58] *** Quits: yichoi (yichoi@5AB4884B.FCC4549.14D5B978.IP) (Ping timeout)
[00:20:42] *** Quits: brendan (brendaneic@moz-569CD944.tor.primus.ca) (Quit: brendan)
[00:25:14] *** Joins: maxli (maxli@moz-4D28BA20.student.cs.uwaterloo.ca)
[00:25:41] *** Joins: brendan (brendaneic@moz-569CD944.tor.primus.ca)
[00:27:51] *** Quits: klutzy (th@BA61F396.8E859986.ECA1BB11.IP) (Ping timeout)
[00:30:31] *** Joins: klutzy (th@BA61F396.8E859986.ECA1BB11.IP)
[01:04:40] *** Quits: brendan (brendaneic@moz-569CD944.tor.primus.ca) (Quit: brendan)
[01:07:24] *** Quits: brson (brson@981AA104.E81F12CD.76F66111.IP) (Ping timeout)
[01:14:31] *** Joins: brson (brson@981AA104.E81F12CD.76F66111.IP)
[01:14:32] *** ChanServ sets mode: +o brson
[01:25:41] *** Joins: doomlord_ (servitor@moz-D40D68D6.range86-184.btcentralplus.com)
[01:27:01] *** Joins: brendan (brendaneic@moz-569CD944.tor.primus.ca)
[01:36:36] *** kimundi is now known as zz_kimundi
[01:39:39] *** Joins: azita (Azita@moz-C1FB2A8.hsd1.ca.comcast.net)
[01:45:29] *** Quits: azita (Azita@moz-C1FB2A8.hsd1.ca.comcast.net) (Quit: azita)
[01:50:16] *** Quits: ^emi (glenlivet@moz-9FE842F.cpe.net.cable.rogers.com) (Ping timeout)
[01:52:40] *** Quits: brendan (brendaneic@moz-569CD944.tor.primus.ca) (Quit: brendan)
[02:05:04] *** Joins: yichoi (yichoi@5AB4884B.FCC4549.14D5B978.IP)
[02:06:53] *** Quits: yichoi (yichoi@5AB4884B.FCC4549.14D5B978.IP) (Ping timeout)
[02:12:44] *** Quits: eholk (eholk@moz-58C5EE6F.wavecable.com) (Ping timeout)
[02:13:23] *** Joins: eholk (eholk@moz-58C5EE6F.wavecable.com)
[02:22:36] *** Joins: dbaupp (Thunderbir@moz-B267564E.pa.nsw.optusnet.com.au)
[02:24:18] *** Quits: dbaupp (Thunderbir@moz-B267564E.pa.nsw.optusnet.com.au) (Ping timeout)
[02:24:40] *** Joins: dbaupp (Thunderbir@moz-B267564E.pa.nsw.optusnet.com.au)
[02:41:19] *** Quits: dbaupp (Thunderbir@moz-B267564E.pa.nsw.optusnet.com.au) (Ping timeout)
[02:42:15] *** Joins: ^emi (glenlivet@moz-9FE842F.cpe.net.cable.rogers.com)
[02:55:08] *** Quits: klutzy (th@BA61F396.8E859986.ECA1BB11.IP) (Ping timeout)
[02:55:37] *** Joins: klutzy (th@BA61F396.8E859986.ECA1BB11.IP)
[02:56:46] *** Quits: eholk (eholk@moz-58C5EE6F.wavecable.com) (Ping timeout)
[02:57:23] *** Joins: eholk (eholk@moz-58C5EE6F.wavecable.com)
[02:58:32] *** Quits: klutzy (th@BA61F396.8E859986.ECA1BB11.IP) (Ping timeout)
[03:00:40] *** Joins: klutzy (th@BA61F396.8E859986.ECA1BB11.IP)
[03:05:34] *** Joins: yichoi (yichoi@5AB4884B.FCC4549.14D5B978.IP)
[03:06:39] *** Quits: pcwalton (pcwalton@moz-7B0110AD.mv.mozilla.com) (Quit: pcwalton)
[03:07:20] *** Quits: yichoi (yichoi@5AB4884B.FCC4549.14D5B978.IP) (Ping timeout)
[03:14:44] *** Joins: brendan (brendaneic@moz-569CD944.tor.primus.ca)
[03:14:49] *** Quits: ^emi (glenlivet@moz-9FE842F.cpe.net.cable.rogers.com) (Ping timeout)
[03:15:33] *** Joins: vk (chatzilla@moz-4F2E17BF.dsl.dynamic.sonic.net)
[03:25:02] *** Joins: jaebaek (jaebaek@4D10E9F2.E551553C.7544CABF.IP)
[03:34:43] *** vk is now known as vky
[03:35:36] *** Quits: jaebaek (jaebaek@4D10E9F2.E551553C.7544CABF.IP) (Ping timeout)
[03:41:10] *** Quits: brson (brson@981AA104.E81F12CD.76F66111.IP) (Ping timeout)
[03:51:31] *** Quits: zz_kimundi (kimundi@moz-94542831.dip0.t-ipconnect.de) (Ping timeout)
[03:55:10] *** Joins: zz_kimundi (kimundi@moz-570D84D2.dip0.t-ipconnect.de)
[03:55:12] *** zz_kimundi is now known as kimundi
[04:01:43] *** Quits: maxli (maxli@moz-4D28BA20.student.cs.uwaterloo.ca) (Quit: Leaving.)
[04:06:00] *** Joins: yichoi (yichoi@5AB4884B.FCC4549.14D5B978.IP)
[04:07:27] *** Quits: ibnc (ibnc@moz-718F3037.client.mchsi.com) (Client exited)
[04:07:50] *** Quits: yichoi (yichoi@5AB4884B.FCC4549.14D5B978.IP) (Ping timeout)
[04:46:58] *** Joins: brson (brson@moz-BBE3ABD.mv.mozilla.com)
[04:46:58] *** ChanServ sets mode: +o brson
[05:29:23] *** Joins: pcwalton (pcwalton@moz-DA87EE4.hsd1.ca.comcast.net)
[05:29:23] *** ChanServ sets mode: +o pcwalton
[05:29:25] *** Quits: pcwalton (pcwalton@moz-DA87EE4.hsd1.ca.comcast.net) (Quit: pcwalton)
[05:36:19] *** Joins: sankha93 (Instantbir@810A2DB1.A06F18D1.EFB84E89.IP)
[06:04:42] *** Quits: brendan (brendaneic@moz-569CD944.tor.primus.ca) (Quit: brendan)
[06:07:01] *** Joins: vodik (simon@moz-FD4ADBC6.cable.teksavvy.com)
[06:08:36] *** Quits: brson (brson@moz-BBE3ABD.mv.mozilla.com) (Ping timeout)
[06:10:51] *** Joins: nielsle (nielsle@moz-C46DA772.boa.fiberby.dk)
[06:12:36] *** Quits: nielsle (nielsle@moz-C46DA772.boa.fiberby.dk) (Ping timeout)
[06:12:54] *** Joins: brson (brson@6A848D32.C1B840DD.76F66111.IP)
[06:12:54] *** ChanServ sets mode: +o brson
[06:18:29] *** Joins: brendan (brendaneic@moz-569CD944.tor.primus.ca)
[06:23:03] *** Quits: sankha93 (Instantbir@810A2DB1.A06F18D1.EFB84E89.IP) (Quit: Gone to save the world!)
[06:32:55] *** Quits: hoverbear (hoverbear@moz-86FCBF4B.gv.shawcable.net) (Quit: Taking a nap.)
[06:35:08] *** Joins: dbaupp (Thunderbir@moz-6F08F091.pa.nsw.optusnet.com.au)
[06:40:08] *** Quits: brendan (brendaneic@moz-569CD944.tor.primus.ca) (Quit: brendan)
[06:43:52] *** Quits: vodik (simon@moz-FD4ADBC6.cable.teksavvy.com) (Ping timeout)
[06:58:33] *** Joins: gandalf (zbraniecki@moz-B6E035E9.hsd1.ca.comcast.net)
[06:58:41] *** Quits: gandalf (zbraniecki@moz-B6E035E9.hsd1.ca.comcast.net) (Client exited)
[07:07:09] *** Joins: yichoi (yichoi@5AB4884B.FCC4549.14D5B978.IP)
[07:08:52] *** Quits: yichoi (yichoi@5AB4884B.FCC4549.14D5B978.IP) (Ping timeout)
[07:20:03] *** Quits: brson (brson@6A848D32.C1B840DD.76F66111.IP) (Ping timeout)
[07:21:48] *** Quits: dbaupp (Thunderbir@moz-6F08F091.pa.nsw.optusnet.com.au) (Ping timeout)
[07:42:26] *** Joins: Ms2ger (Ms2ger@F98499EB.6D359A20.187A1082.IP)
[07:52:15] *** Quits: vky (chatzilla@moz-4F2E17BF.dsl.dynamic.sonic.net) (Quit: ChatZilla 0.9.90.1 [Firefox 27.0/20131216183647])
[07:53:23] *** Joins: eddyb (eddy@moz-68E0B7D0.residential.rdsnet.ro)
[08:07:40] *** Joins: yichoi (yichoi@5AB4884B.FCC4549.14D5B978.IP)
[08:09:29] *** Quits: yichoi (yichoi@5AB4884B.FCC4549.14D5B978.IP) (Ping timeout)
[08:21:02] *** Joins: dbaupp (Thunderbir@moz-6F08F091.pa.nsw.optusnet.com.au)
[08:40:45] *** Quits: dbaupp (Thunderbir@moz-6F08F091.pa.nsw.optusnet.com.au) (Ping timeout)
[08:56:45] *** Joins: victorporof (victorporo@221F1DFA.9004F55.9B1E38F4.IP)
[09:08:07] *** Joins: yichoi (yichoi@5AB4884B.FCC4549.14D5B978.IP)
[09:09:59] *** Quits: yichoi (yichoi@5AB4884B.FCC4549.14D5B978.IP) (Ping timeout)
[09:34:08] *** Joins: nielsle (nielsle@moz-C46DA772.boa.fiberby.dk)
[09:37:45] *** Quits: nielsle (nielsle@moz-C46DA772.boa.fiberby.dk) (Ping timeout)
[09:54:00] *** Joins: nielsle (nielsle@moz-C46DA772.boa.fiberby.dk)
[10:04:17] *** Quits: nielsle (nielsle@moz-C46DA772.boa.fiberby.dk) (Ping timeout)
[10:05:19] *** Joins: nielsle (nielsle@moz-C46DA772.boa.fiberby.dk)
[10:08:42] *** Joins: yichoi (yichoi@5AB4884B.FCC4549.14D5B978.IP)
[10:10:20] *** Quits: nielsle (nielsle@moz-C46DA772.boa.fiberby.dk) (Ping timeout)
[10:10:29] *** Quits: yichoi (yichoi@5AB4884B.FCC4549.14D5B978.IP) (Ping timeout)
[10:16:01] *** Joins: nielsle (nielsle@moz-C46DA772.boa.fiberby.dk)
[10:19:54] *** Quits: nielsle (nielsle@moz-C46DA772.boa.fiberby.dk) (Ping timeout)
[11:09:15] *** Joins: yichoi (yichoi@5AB4884B.FCC4549.14D5B978.IP)
[11:10:59] *** Quits: yichoi (yichoi@5AB4884B.FCC4549.14D5B978.IP) (Ping timeout)
[11:25:00] *** Joins: jackneill (jackneill@moz-C693862A.pool.digikabel.hu)
[11:27:12] *** Joins: dbaupp (Thunderbir@moz-DCCD5303.pa.nsw.optusnet.com.au)
[11:49:09] *** Quits: dbaupp (Thunderbir@moz-DCCD5303.pa.nsw.optusnet.com.au) (Quit: dbaupp)
[12:09:46] *** Joins: yichoi (yichoi@5AB4884B.FCC4549.14D5B978.IP)
[12:11:39] *** Quits: yichoi (yichoi@5AB4884B.FCC4549.14D5B978.IP) (Ping timeout)
[13:10:21] *** Joins: yichoi (yichoi@5AB4884B.FCC4549.14D5B978.IP)
[13:12:06] *** Quits: yichoi (yichoi@5AB4884B.FCC4549.14D5B978.IP) (Ping timeout)
[13:13:39] *** Joins: maxli (maxli@moz-4D28BA20.student.cs.uwaterloo.ca)
[13:33:09] *** Joins: Kostic (marko@moz-9CE183C0.mbb.telenor.rs)
[13:44:21] *** Joins: six600110 (six600110@moz-C663577C.hsd1.il.comcast.net)
[14:34:25] *** Joins: brendan (brendaneic@moz-569CD944.tor.primus.ca)
[14:38:52] *** Quits: eholk (eholk@moz-58C5EE6F.wavecable.com) (Ping timeout)
[14:39:51] *** Joins: eholk (eholk@moz-58C5EE6F.wavecable.com)
[14:57:42] *** Quits: maxli (maxli@moz-4D28BA20.student.cs.uwaterloo.ca) (Quit: Leaving.)
[15:11:23] *** Joins: yichoi (yichoi@5AB4884B.FCC4549.14D5B978.IP)
[15:13:10] *** Quits: yichoi (yichoi@5AB4884B.FCC4549.14D5B978.IP) (Ping timeout)
[15:27:18] *** Quits: brendan (brendaneic@moz-569CD944.tor.primus.ca) (Quit: brendan)
[15:28:38] *** Joins: brendan (brendaneic@moz-569CD944.tor.primus.ca)
[15:58:48] *** Joins: discomfitor (asdf@moz-975BC507.hsd1.ct.comcast.net)
[16:08:22] *** Joins: maxli (maxli@moz-4D28BA20.student.cs.uwaterloo.ca)
[16:12:02] *** Joins: yichoi (yichoi@5AB4884B.FCC4549.14D5B978.IP)
[16:13:54] *** Quits: yichoi (yichoi@5AB4884B.FCC4549.14D5B978.IP) (Ping timeout)
[16:38:32] *** Joins: hoverbear (hoverbear@moz-86FCBF4B.gv.shawcable.net)
[16:41:49] *** Quits: yury (yury@moz-86474802.ok.ok.cox.net) (Ping timeout)
[16:41:52] *** Joins: yury (yury@moz-86474802.ok.ok.cox.net)
[16:56:00] *** Quits: six600110 (six600110@moz-C663577C.hsd1.il.comcast.net) (Client exited)
[16:57:05] *** Joins: six600110 (six600110@moz-C663577C.hsd1.il.comcast.net)
[17:03:19] *** Joins: bholley (bholley@moz-A2189431.hsd1.ca.comcast.net)
[17:08:58] *** Quits: Kostic (marko@moz-9CE183C0.mbb.telenor.rs) (Ping timeout)
[17:12:33] *** Joins: yichoi (yichoi@5AB4884B.FCC4549.14D5B978.IP)
[17:14:19] *** Quits: yichoi (yichoi@5AB4884B.FCC4549.14D5B978.IP) (Ping timeout)
[17:16:01] *** Quits: eholk (eholk@moz-58C5EE6F.wavecable.com) (Ping timeout)
[17:17:01] *** Joins: eholk (eholk@moz-58C5EE6F.wavecable.com)
[17:25:56] *** Quits: bholley (bholley@moz-A2189431.hsd1.ca.comcast.net) (Quit: bholley)
[17:27:19] *** Joins: bholley (bholley@moz-A2189431.hsd1.ca.comcast.net)
[17:28:43] *** Quits: bholley (bholley@moz-A2189431.hsd1.ca.comcast.net) (Quit: bholley)
[17:54:29] *** Quits: eholk (eholk@moz-58C5EE6F.wavecable.com) (Ping timeout)
[17:55:24] *** Joins: eholk (eholk@moz-58C5EE6F.wavecable.com)
[18:52:23] *** Quits: eholk (eholk@moz-58C5EE6F.wavecable.com) (Ping timeout)
[18:53:15] *** Joins: eholk (eholk@moz-58C5EE6F.wavecable.com)
[18:59:04] *** Quits: hoverbear (hoverbear@moz-86FCBF4B.gv.shawcable.net) (Connection reset by peer)
[19:00:01] *** Joins: hoverbear (hoverbear@moz-86FCBF4B.gv.shawcable.net)
[19:13:35] *** Joins: yichoi (yichoi@5AB4884B.FCC4549.14D5B978.IP)
[19:15:22] *** Quits: yichoi (yichoi@5AB4884B.FCC4549.14D5B978.IP) (Ping timeout)
[19:21:27] *** Quits: robn (robn@moz-76B0302C.static.internode.on.net) (Ping timeout)
[19:22:23] *** Joins: robn (robn@moz-76B0302C.static.internode.on.net)
[19:24:11] *** Quits: brendan (brendaneic@moz-569CD944.tor.primus.ca) (Quit: brendan)
[19:35:35] *** Joins: brendan (brendaneic@moz-569CD944.tor.primus.ca)
[19:43:32] *** Quits: brendan (brendaneic@moz-569CD944.tor.primus.ca) (Quit: brendan)
[20:06:03] *** Joins: brendan (brendaneic@moz-569CD944.tor.primus.ca)
[20:14:08] *** Joins: yichoi (yichoi@5AB4884B.FCC4549.14D5B978.IP)
[20:15:55] *** Quits: yichoi (yichoi@5AB4884B.FCC4549.14D5B978.IP) (Ping timeout)
[20:52:08] *** Quits: eholk (eholk@moz-58C5EE6F.wavecable.com) (Ping timeout)
[20:53:25] *** Joins: eholk (eholk@moz-58C5EE6F.wavecable.com)
[20:58:18] *** Quits: brendan (brendaneic@moz-569CD944.tor.primus.ca) (Quit: brendan)
[20:58:42] *** Joins: brendan (brendaneic@moz-569CD944.tor.primus.ca)
[21:02:17] *** Quits: Ms2ger (Ms2ger@F98499EB.6D359A20.187A1082.IP) (Quit: nn)
[21:09:01] *** Quits: brendan (brendaneic@moz-569CD944.tor.primus.ca) (Quit: brendan)
[21:10:04] *** Joins: bholley (bholley@moz-FCAF9AAB.hsd1.ca.comcast.net)
[21:14:42] *** Joins: yichoi (yichoi@5AB4884B.FCC4549.14D5B978.IP)
[21:16:25] *** Quits: yichoi (yichoi@5AB4884B.FCC4549.14D5B978.IP) (Ping timeout)
[21:22:22] *** Quits: doublec (farv@moz-EC11DA4D.members.linode.com) (Quit: leaving)
[21:23:39] *** Quits: bholley (bholley@moz-FCAF9AAB.hsd1.ca.comcast.net) (Quit: bholley)
[21:23:48] *** Joins: doublec (farv@moz-EC11DA4D.members.linode.com)
[21:37:00] *** Quits: eddyb (eddy@moz-68E0B7D0.residential.rdsnet.ro) (Ping timeout)
[21:46:13] *** Quits: victorporof (victorporo@221F1DFA.9004F55.9B1E38F4.IP) (Quit: victorporof)
[21:55:43] *** Quits: jackneill (jackneill@moz-C693862A.pool.digikabel.hu) (Ping timeout)
[22:17:55] *** Quits: eholk (eholk@moz-58C5EE6F.wavecable.com) (Ping timeout)
[22:18:53] *** Joins: eholk (eholk@moz-58C5EE6F.wavecable.com)
[22:30:51] *** Quits: yury (yury@moz-86474802.ok.ok.cox.net) (Ping timeout)
[22:30:54] *** Joins: yury (yury@moz-86474802.ok.ok.cox.net)
[22:34:18] *** Quits: hoverbear (hoverbear@moz-86FCBF4B.gv.shawcable.net) (Quit: Taking a nap.)
[22:36:23] *** Quits: yury (yury@moz-86474802.ok.ok.cox.net) (Ping timeout)
[22:36:26] *** Joins: yury (yury@moz-86474802.ok.ok.cox.net)
[22:39:53] *** Joins: vodik (simon@moz-26C1A9B8.home.cgocable.net)
[22:51:53] *** Joins: brendan (brendaneic@moz-569CD944.tor.primus.ca)
[23:04:47] *** Quits: robn (robn@moz-76B0302C.static.internode.on.net) (Ping timeout)
[23:11:29] *** Joins: yichoi (yichoi@5AB4884B.FCC4549.14D5B978.IP)
[23:12:24] *** Quits: brendan (brendaneic@moz-569CD944.tor.primus.ca) (Quit: brendan)
[23:16:08] *** Joins: robn (robn@moz-76B0302C.static.internode.on.net)
[23:20:15] *** Joins: hoverbear (hoverbear@moz-86FCBF4B.gv.shawcable.net)
[23:25:44] *** Joins: brendan (brendaneic@moz-569CD944.tor.primus.ca)
[23:27:53] *** Quits: yury (yury@moz-86474802.ok.ok.cox.net) (Ping timeout)
[23:27:56] *** Joins: yury (yury@moz-86474802.ok.ok.cox.net)
[23:42:32] *** Joins: deokjinkim (Mibbit@B4104EBB.3CC170B1.1E14B209.IP)
