[00:16:22] *** Joins: summerlight (summerligh@327FC32B.2C956A45.501EFF44.IP)
[00:18:21] *** Quits: summerlight (summerligh@327FC32B.2C956A45.501EFF44.IP) (Ping timeout)
[00:20:22] *** Joins: ofeldt- (ofeldt@moz-FDBE325.dip0.t-ipconnect.de)
[00:21:18] *** Quits: ofeldt (ofeldt@moz-7F23E0EE.dip0.t-ipconnect.de) (Ping timeout)
[00:27:00] *** Joins: brson (brson@moz-BBE3ABD.mv.mozilla.com)
[00:31:21] *** Quits: canhtak (canhtak@moz-A53E1151.wl.t.ulaval.ca) (Quit: canhtak)
[00:45:20] *** Joins: canhtak (canhtak@moz-A53E1151.wl.t.ulaval.ca)
[00:47:10] *** kimundi is now known as zz_kimundi
[00:49:58] *** Quits: jensnockert (jensnocker@moz-7DC16A5F.afb.bredband2.com) (Input/output error)
[01:01:20] *** Quits: Amaranth (travis@moz-F81BB56A.cpe.cableone.net) (Quit: Linkinus - http://linkinus.com)
[01:13:36] *** Joins: jensnockert (jensnocker@moz-7DC16A5F.afb.bredband2.com)
[01:18:15] *** Joins: samx (sami@moz-D9DA5773.dyn.optonline.net)
[01:34:06] *** Joins: mib_wg41lh (Mibbit@moz-54F1F273.lightspeed.hstntx.sbcglobal.net)
[01:39:07] *** Quits: jlong (jlong@moz-6DFDE846.socal.res.rr.com) (Quit: My MacBook Pro has gone to sleep. ZZZzzz…)
[01:40:45] *** Joins: jlong (jlong@moz-6DFDE846.socal.res.rr.com)
[01:42:23] *** Quits: brson (brson@moz-BBE3ABD.mv.mozilla.com) (Ping timeout)
[01:45:45] *** Quits: jack_ (uid19593@moz-A42E5B7B.irccloud.com) (Ping timeout)
[01:46:44] *** Quits: jensnockert (jensnocker@moz-7DC16A5F.afb.bredband2.com) (Input/output error)
[01:46:48] *** Joins: brson (brson@981AA104.E81F12CD.76F66111.IP)
[01:46:49] *** Quits: mib_wg41lh (Mibbit@moz-54F1F273.lightspeed.hstntx.sbcglobal.net) (Quit: http://www.mibbit.com ajax IRC Client)
[01:47:35] *** Joins: jack_ (uid19593@moz-A42E5B7B.irccloud.com)
[01:51:17] *** Joins: jensnockert (jensnocker@moz-7DC16A5F.afb.bredband2.com)
[01:53:37] *** Quits: jensnockert (jensnocker@moz-7DC16A5F.afb.bredband2.com) (Input/output error)
[01:54:09] *** Joins: jensnockert (jensnocker@moz-7DC16A5F.afb.bredband2.com)
[01:55:53] *** Quits: jensnockert (jensnocker@moz-7DC16A5F.afb.bredband2.com) (Ping timeout)
[02:30:06] *** Quits: ricepuddin (graham@moz-7D68765A.cable.virginm.net) (Connection reset by peer)
[02:53:52] *** Joins: ricepuddin (graham@moz-7D68765A.cable.virginm.net)
[03:03:25] *** Quits: glennsl (textual@moz-5D7B804F.getinternet.no) (Quit: My MacBook Pro has gone to sleep. ZZZzzz…)
[03:03:34] *** Joins: glennsl (textual@moz-5D7B804F.getinternet.no)
[03:08:10] *** Quits: Kingsley (kingsley@9B172CBE.BEA5C56D.DF4B730F.IP) (Ping timeout)
[03:08:54] *** Quits: zz_kimundi (kimundi@moz-F44E1D84.dip0.t-ipconnect.de) (Ping timeout)
[03:09:02] *** Joins: Kingsley (kingsley@9B172CBE.BEA5C56D.DF4B730F.IP)
[03:12:14] *** Joins: zz_kimundi (kimundi@moz-7496AA85.dip0.t-ipconnect.de)
[03:12:15] *** zz_kimundi is now known as kimundi
[03:16:33] *** Quits: Kingsley (kingsley@9B172CBE.BEA5C56D.DF4B730F.IP) (Ping timeout)
[03:18:17] *** Joins: Kingsley (kingsley@9B172CBE.BEA5C56D.DF4B730F.IP)
[03:20:14] *** Quits: Kingsley (kingsley@9B172CBE.BEA5C56D.DF4B730F.IP) (Ping timeout)
[03:21:09] *** Joins: Kingsley (kingsley@9B172CBE.BEA5C56D.DF4B730F.IP)
[03:32:35] *** Quits: ricepuddin (graham@moz-7D68765A.cable.virginm.net) (Ping timeout)
[03:38:16] *** Quits: glennsl (textual@moz-5D7B804F.getinternet.no) (Quit: My MacBook Pro has gone to sleep. ZZZzzz…)
[03:57:02] *** Joins: jdm (jdm@moz-78156D60.dsl.teksavvy.com)
[03:57:20] *** Quits: Axord (xord@moz-C0D5F15A.lsanca.dsl-w.verizon.net) (Quit: I'm sure it's perfectly safe)
[04:28:02] *** Quits: brson (brson@981AA104.E81F12CD.76F66111.IP) (Quit: leaving)
[04:40:27] *** Quits: erickt (etryzelaar@49C4075F.3AC15C18.2321E71E.IP) (Ping timeout)
[04:44:25] *** Joins: erickt (etryzelaar@49C4075F.3AC15C18.2321E71E.IP)
[04:45:33] *** Quits: canhtak (canhtak@moz-A53E1151.wl.t.ulaval.ca) (Quit: canhtak)
[04:51:57] *** Quits: erickt (etryzelaar@49C4075F.3AC15C18.2321E71E.IP) (Quit: leaving)
[04:54:05] *** Joins: erickt_ (etryzelaar@49C4075F.3AC15C18.2321E71E.IP)
[05:07:22] *** Quits: samx (sami@moz-D9DA5773.dyn.optonline.net) (Quit: This computer has gone to sleep)
[05:07:44] *** Joins: vky (chatzilla@moz-4F2E17BF.dsl.dynamic.sonic.net)
[05:08:54] *** Quits: jlong (jlong@moz-6DFDE846.socal.res.rr.com) (Quit: My MacBook Pro has gone to sleep. ZZZzzz…)
[05:10:15] *** Joins: samx (sami@moz-D9DA5773.dyn.optonline.net)
[05:19:44] *** Quits: erickt_ (etryzelaar@49C4075F.3AC15C18.2321E71E.IP) (Ping timeout)
[05:20:43] *** Joins: carter (carter@moz-F3C2A2D8.nycmny.fios.verizon.net)
[05:21:48] *** Quits: Liam` (quassel@6265EFB3.B1CCF5AA.217C7FCC.IP) (Ping timeout)
[05:21:49] *** Joins: Liam` (quassel@6265EFB3.B1CCF5AA.217C7FCC.IP)
[05:22:10] *** Quits: samx (sami@moz-D9DA5773.dyn.optonline.net) (Quit: This computer has gone to sleep)
[05:30:06] *** Joins: erickt (etryzelaar@49C4075F.3AC15C18.2321E71E.IP)
[05:32:37] *** Joins: summerlight (summerligh@327FC32B.2C956A45.501EFF44.IP)
[05:59:30] *** Quits: dbaupp (Thunderbir@1D1B1F7A.D5A1DCF.37681C44.IP) (Ping timeout)
[06:13:58] *** Quits: tiffany (kawaii@moz-FC0DB29D.dhcp.embarqhsd.net) (Input/output error)
[06:32:57] *** Quits: jeaye (Jeaye@moz-34FEF2BB.hsd1.ca.comcast.net) (Quit: zzz)
[06:45:20] *** Quits: carter (carter@moz-F3C2A2D8.nycmny.fios.verizon.net) (Quit: Textual IRC Client: www.textualapp.com)
[06:58:00] *** Quits: jdm (jdm@moz-78156D60.dsl.teksavvy.com) (Quit: Lost terminal)
[07:00:09] *** Quits: SiegeLord (sl@moz-CAF07B4C.hsd1.ma.comcast.net) (Quit: It's a joke, it's all a joke.)
[07:00:20] *** Joins: dbaupp (Thunderbir@moz-EB2EFE6F.lns20.syd6.internode.on.net)
[07:12:12] <rsaarelm> http://lambda-the-ultimate.org/node/4852
[07:15:47] <dbaupp> rsaarelm: there was some discussion on that here http://www.reddit.com/r/rust/comments/1s9y7o/less_is_more_lambda_the_ultimate/
[07:16:29] <rsaarelm> Yeah, reading that now.
[07:19:43] <rsaarelm> I found that Go has a somewhat better "fits in your head" compactness, but still jumped ship to Rust because the lack of type system expressibility in Go.
[07:20:23] <rsaarelm> It's a good point that Rust's development churn has also seen a lot of language features thrown out.
[07:24:04] *** Quits: doomlord_ (servitor@moz-D40D68D6.range86-184.btcentralplus.com) (Ping timeout)
[07:27:48] *** Joins: doomlord_ (servitor@moz-D40D68D6.range86-184.btcentralplus.com)
[07:28:32] <Yurume> I think Go is easy in the same sense that Python is easy.
[07:29:17] <rsaarelm> What's the sense?
[07:29:38] <Yurume> both Go and Python have complex internals compared to, say, C, but those internals are actively discouraged and casual usage do not require them.
[07:29:59] <rsaarelm> Pretty much agree, yeah.
[07:30:19] <rsaarelm> They both also have the feel of being opinionated about what the right way to use them is.
[07:31:13] <rsaarelm> Whatever the corresponding term to Pythonic is... Goetic?
[07:32:52] <Yurume> the opinionated Rust, which I'm trying to write, doesn't seem that bad compared to the opinionated Python at least
[07:33:26] <Yurume> though the lack of libraries and mature packaging system is still an issue
[07:34:51] *** Quits: vky (chatzilla@moz-4F2E17BF.dsl.dynamic.sonic.net) (Client exited)
[08:08:45] *** Joins: jensnockert (jensnocker@moz-7DC16A5F.afb.bredband2.com)
[08:09:02] *** Quits: jensnockert (jensnocker@moz-7DC16A5F.afb.bredband2.com) (Input/output error)
[08:09:35] *** Joins: jensnockert (jensnocker@moz-7DC16A5F.afb.bredband2.com)
[08:10:58] *** Quits: jensnockert (jensnocker@moz-7DC16A5F.afb.bredband2.com) (Input/output error)
[08:11:19] *** Joins: jensnockert (jensnocker@moz-7DC16A5F.afb.bredband2.com)
[08:18:07] *** Quits: rusti (rusti@moz-54F7FD49.cpe.net.cable.rogers.com) (Ping timeout)
[08:21:37] *** Quits: bjz (bjz@moz-C1B1AF2A.lnse2.cha.bigpond.net.au) (Ping timeout)
[08:35:08] *** Joins: rusti (rusti@moz-54F7FD49.cpe.net.cable.rogers.com)
[08:42:03] *** Joins: ricepuddin (graham@moz-7D68765A.cable.virginm.net)
[09:20:38] *** Joins: bjz (bjz@moz-C1B1AF2A.lnse2.cha.bigpond.net.au)
[09:22:27] *** Quits: bjz (bjz@moz-C1B1AF2A.lnse2.cha.bigpond.net.au) (Ping timeout)
[09:25:13] *** Quits: erickt (etryzelaar@49C4075F.3AC15C18.2321E71E.IP) (Ping timeout)
[09:38:13] *** Joins: CarpNet (ac@moz-FD24B77.sohonet.co.uk)
[09:51:06] *** Joins: Ferreus (ferreus@moz-4FD9061F.dip0.t-ipconnect.de)
[09:59:07] *** Joins: bjz (bjz@moz-C1B1AF2A.lnse2.cha.bigpond.net.au)
[10:03:07] *** Quits: photex (photex@399640B9.24E301D6.9510F13D.IP) (Ping timeout)
[10:06:41] *** Joins: photex (photex@399640B9.24E301D6.9510F13D.IP)
[10:21:32] *** Quits: Ferreus (ferreus@moz-4FD9061F.dip0.t-ipconnect.de) (Quit: WeeChat 0.4.2)
[10:25:04] *** Joins: Ferreus (ferreus@moz-4FD9061F.dip0.t-ipconnect.de)
[11:22:38] *** Quits: jensnockert (jensnocker@moz-7DC16A5F.afb.bredband2.com) (Input/output error)
[11:41:40] *** Joins: Hildar (Mibbit@moz-FD6A998D.in-addr.btopenworld.com)
[11:49:34] *** kimundi is now known as zz_kimundi
[11:53:10] *** Joins: pnkfelix (pnkfelix@moz-43495417.fbx.proxad.net)
[11:59:36] *** Joins: bruceleroy (bruceleroy@95968894.3E9CAC96.607941F5.IP)
[12:01:31] *** Parts: bruceleroy (bruceleroy@95968894.3E9CAC96.607941F5.IP) (Leaving...)
[12:17:41] *** Joins: w3lcome (Mibbit@EAD96774.6B9C41FA.6316A47C.IP)
[12:51:53] *** Quits: doomlord_ (servitor@moz-D40D68D6.range86-184.btcentralplus.com) (Ping timeout)
[12:56:21] *** Joins: doomlord_ (servitor@moz-D40D68D6.range86-184.btcentralplus.com)
[13:01:40] *** zz_kimundi is now known as kimundi
[13:07:55] *** Joins: canhtak (canhtak@moz-A53E1151.wl.t.ulaval.ca)
[13:20:01] *** Joins: jensnockert (jensnocker@moz-7DC16A5F.afb.bredband2.com)
[14:14:20] *** Joins: jdm (jdm@CC0122E6.8F96AEA7.2D179A7D.IP)
[14:59:07] *** kimundi is now known as zz_kimundi
[15:13:26] *** Quits: jensnockert (jensnocker@moz-7DC16A5F.afb.bredband2.com) (Input/output error)
[15:14:16] *** Joins: jensnockert (jensnocker@moz-7DC16A5F.afb.bredband2.com)
[15:14:35] *** Quits: bjz (bjz@moz-C1B1AF2A.lnse2.cha.bigpond.net.au) (Ping timeout)
[15:29:34] *** Joins: SiegeLord (sl@moz-CAF07B4C.hsd1.ma.comcast.net)
[15:31:17] *** Quits: canhtak (canhtak@moz-A53E1151.wl.t.ulaval.ca) (Quit: canhtak)
[15:42:54] *** Joins: tiffany (kawaii@moz-FC0DB29D.dhcp.embarqhsd.net)
[15:43:54] *** Joins: bjz (bjz@moz-C1B1AF2A.lnse2.cha.bigpond.net.au)
[15:47:54] *** Quits: bjz (bjz@moz-C1B1AF2A.lnse2.cha.bigpond.net.au) (Ping timeout)
[15:56:33] *** Quits: SiegeLord (sl@moz-CAF07B4C.hsd1.ma.comcast.net) (Quit: It's a joke, it's all a joke.)
[16:00:02] *** Quits: jdm (jdm@CC0122E6.8F96AEA7.2D179A7D.IP) (Quit: Lost terminal)
[16:08:05] *** Joins: jlong (jlong@moz-6DFDE846.socal.res.rr.com)
[16:23:04] *** Joins: jdm (jdm@13F2CEC5.7672369.D8E68FF6.IP)
[16:39:15] *** Quits: jensnockert (jensnocker@moz-7DC16A5F.afb.bredband2.com) (Input/output error)
[16:42:42] *** Joins: doomlord__ (servitor@moz-D40D68D6.range86-184.btcentralplus.com)
[16:42:54] *** Quits: doomlord__ (servitor@moz-D40D68D6.range86-184.btcentralplus.com) (Client exited)
[16:46:56] *** Joins: bjz (bjz@moz-C1B1AF2A.lnse2.cha.bigpond.net.au)
[16:48:32] *** Joins: erickt (etryzelaar@8C9ECD8F.3A598286.F12515B4.IP)
[16:48:56] *** Quits: bjz (bjz@moz-C1B1AF2A.lnse2.cha.bigpond.net.au) (Ping timeout)
[16:53:41] *** Joins: canhtak (canhtak@moz-A53E1151.wl.t.ulaval.ca)
[16:54:38] *** Quits: Hildar (Mibbit@moz-FD6A998D.in-addr.btopenworld.com) (Quit: http://www.mibbit.com ajax IRC Client)
[16:56:21] *** Joins: glennsl (textual@moz-5D7B804F.getinternet.no)
[17:06:01] *** Joins: kzzch (kzzch@moz-991A24E8.hsd1.va.comcast.net)
[17:23:04] *** Joins: squiddy (squiddy@moz-C306D4F8.adsl.alicedsl.de)
[17:26:35] *** Joins: carter (carter@moz-F3C2A2D8.nycmny.fios.verizon.net)
[17:27:46] *** Quits: carter (carter@moz-F3C2A2D8.nycmny.fios.verizon.net) (Quit: Textual IRC Client: www.textualapp.com)
[17:28:21] *** Quits: canhtak (canhtak@moz-A53E1151.wl.t.ulaval.ca) (Quit: canhtak)
[17:29:12] *** Joins: brson (brson@981AA104.E81F12CD.76F66111.IP)
[17:29:39] *** Quits: Ferreus (ferreus@moz-4FD9061F.dip0.t-ipconnect.de) (Ping timeout)
[17:35:35] *** Joins: FrozenCow (FrozenCow@moz-B2DF4929.chello.nl)
[17:39:19] *** Quits: kzzch (kzzch@moz-991A24E8.hsd1.va.comcast.net) (Quit: brb)
[17:40:06] *** zz_kimundi is now known as kimundi
[17:41:41] *** Joins: carter (carter@moz-F3C2A2D8.nycmny.fios.verizon.net)
[17:41:46] *** Quits: carter (carter@moz-F3C2A2D8.nycmny.fios.verizon.net) (Quit: carter)
[17:41:49] *** Quits: squiddy (squiddy@moz-C306D4F8.adsl.alicedsl.de) (Quit: Leaving)
[17:41:53] *** Joins: canhtak (canhtak@moz-A53E1151.wl.t.ulaval.ca)
[17:42:44] *** Joins: carter (carter@moz-F3C2A2D8.nycmny.fios.verizon.net)
[17:47:56] *** Joins: bjz (bjz@moz-C1B1AF2A.lnse2.cha.bigpond.net.au)
[17:49:55] *** Quits: bjz (bjz@moz-C1B1AF2A.lnse2.cha.bigpond.net.au) (Ping timeout)
[17:55:32] *** Quits: summerlight (summerligh@327FC32B.2C956A45.501EFF44.IP) (Ping timeout)
[17:57:31] *** Quits: w3lcome (Mibbit@EAD96774.6B9C41FA.6316A47C.IP) (Quit: http://www.mibbit.com ajax IRC Client)
[17:58:23] *** Quits: madjar (uid18432@moz-A42E5B7B.irccloud.com) (Quit: Connection closed for inactivity)
[18:03:04] *** Quits: canhtak (canhtak@moz-A53E1151.wl.t.ulaval.ca) (Quit: canhtak)
[18:06:23] *** Quits: CarpNet (ac@moz-FD24B77.sohonet.co.uk) (Quit: Leaving)
[18:09:39] *** Joins: Hildar (Mibbit@moz-7F4621B6.cable.virginm.net)
[18:22:11] *** Joins: pcwalton (pcwalton@moz-7B0110AD.mv.mozilla.com)
[18:22:11] *** ChanServ sets mode: +qo pcwalton pcwalton
[18:48:57] *** Joins: bjz (bjz@moz-C1B1AF2A.lnse2.cha.bigpond.net.au)
[18:50:30] *** Joins: TimAbraldes (quassel@125EF623.B2666F0E.66399531.IP)
[18:50:57] *** Quits: bjz (bjz@moz-C1B1AF2A.lnse2.cha.bigpond.net.au) (Ping timeout)
[18:51:19] *** Joins: jmbto (jmbto@moz-FE174E29.fbx.proxad.net)
[18:58:55] *** Quits: jlong (jlong@moz-6DFDE846.socal.res.rr.com) (Quit: My MacBook Pro has gone to sleep. ZZZzzz…)
[19:05:04] *** Quits: erickt (etryzelaar@8C9ECD8F.3A598286.F12515B4.IP) (Ping timeout)
[19:20:08] *** Quits: jmbto (jmbto@moz-FE174E29.fbx.proxad.net) (Client exited)
[19:22:35] *** Quits: fmtq (fmt@moz-5769BD38.static.tpgi.com.au) (Ping timeout)
[19:22:38] *** Joins: fmtq (fmt@moz-5769BD38.static.tpgi.com.au)
[19:25:17] *** Quits: fmtq (fmt@moz-5769BD38.static.tpgi.com.au) (Ping timeout)
[19:27:00] *** Joins: fmtq (fmt@moz-5769BD38.static.tpgi.com.au)
[19:42:50] *** Joins: jlong (jlong@moz-6DFDE846.socal.res.rr.com)
[19:42:51] *** Joins: jmbto (jmbto@moz-FE174E29.fbx.proxad.net)
[19:49:53] *** Joins: bjz (bjz@moz-C1B1AF2A.lnse2.cha.bigpond.net.au)
[19:51:55] *** Quits: bjz (bjz@moz-C1B1AF2A.lnse2.cha.bigpond.net.au) (Ping timeout)
[20:09:03] *** Joins: samx (sami@3EB32A7C.10A53EE3.77834EAA.IP)
[20:11:44] *** Quits: jack (jack@moz-DF5A9AA3.members.linode.com) (Quit: leaving)
[20:13:34] *** Quits: Kingsley (kingsley@9B172CBE.BEA5C56D.DF4B730F.IP) (Ping timeout)
[20:13:38] *** jack_ is now known as jack
[20:16:30] *** Quits: glennsl (textual@moz-5D7B804F.getinternet.no) (Quit: My MacBook Pro has gone to sleep. ZZZzzz…)
[20:20:59] *** Joins: Axord (xord@moz-C0D5F15A.lsanca.dsl-w.verizon.net)
[20:42:04] *** Joins: jeaye (Jeaye@moz-34FEF2BB.hsd1.ca.comcast.net)
[20:46:06] *** Quits: samx (sami@3EB32A7C.10A53EE3.77834EAA.IP) (Quit: This computer has gone to sleep)
[20:48:45] *** Joins: mib_ykeyj8 (Mibbit@7D23FB12.C51ECAA6.1F734B95.IP)
[20:53:35] *** Joins: sam (sam@7711C295.C8C6FF5E.4065847B.IP)
[20:55:12] *** Joins: samx (sami@3EB32A7C.10A53EE3.77834EAA.IP)
[21:02:35] *** Joins: erickt (etryzelaar@8C9ECD8F.3A598286.F12515B4.IP)
[21:04:22] *** Joins: bjz (bjz@moz-C1B1AF2A.lnse2.cha.bigpond.net.au)
[21:12:42] *** Joins: SiegeLord (sl@moz-CAF07B4C.hsd1.ma.comcast.net)
[21:28:07] *** Quits: dbaupp (Thunderbir@moz-EB2EFE6F.lns20.syd6.internode.on.net) (Ping timeout)
[21:31:11] *** Joins: bjustin (bjustin@moz-8FC28563.sierrabravo.net)
[21:33:16] *** Quits: doomlord_ (servitor@moz-D40D68D6.range86-184.btcentralplus.com) (Quit: Leaving)
[21:35:32] *** Quits: Axord (xord@moz-C0D5F15A.lsanca.dsl-w.verizon.net) (Quit: I'm sure it's perfectly safe)
[21:40:03] *** Quits: samx (sami@3EB32A7C.10A53EE3.77834EAA.IP) (Quit: This computer has gone to sleep)
[21:55:47] *** Quits: mib_ykeyj8 (Mibbit@7D23FB12.C51ECAA6.1F734B95.IP) (Quit: http://www.mibbit.com ajax IRC Client)
[21:58:02] *** Joins: canhtak (canhtak@moz-A53E1151.wl.t.ulaval.ca)
[22:15:29] *** Quits: jmbto (jmbto@moz-FE174E29.fbx.proxad.net) (Quit: Leaving)
[22:36:59] *** Joins: dbaupp (Thunderbir@1D1B1F7A.D5A1DCF.37681C44.IP)
[22:51:37] *** Quits: DanielXMoore (DanielX@moz-873CD652.socal.res.rr.com) (Ping timeout)
[22:58:49] *** Quits: SiegeLord (sl@moz-CAF07B4C.hsd1.ma.comcast.net) (Quit: It's a joke, it's all a joke.)
[23:01:53] *** Joins: DanielXMoore (DanielX@moz-873CD652.socal.res.rr.com)
[23:02:31] *** Quits: canhtak (canhtak@moz-A53E1151.wl.t.ulaval.ca) (Quit: canhtak)
[23:02:49] *** Quits: brson (brson@981AA104.E81F12CD.76F66111.IP) (Ping timeout)
[23:04:20] *** Joins: canhtak (canhtak@moz-A53E1151.wl.t.ulaval.ca)
[23:07:43] *** Joins: brson (brson@moz-BBE3ABD.mv.mozilla.com)
[23:13:09] *** Quits: FrozenCow (FrozenCow@moz-B2DF4929.chello.nl) (Quit: Leaving)
[23:20:32] *** Quits: canhtak (canhtak@moz-A53E1151.wl.t.ulaval.ca) (Quit: canhtak)
[23:21:00] *** kimundi is now known as zz_kimundi
[23:42:04] *** Joins: doomlord_ (servitor@moz-D40D68D6.range86-184.btcentralplus.com)
[23:44:05] *** Joins: canhtak (canhtak@moz-A53E1151.wl.t.ulaval.ca)
[23:56:23] *** Quits: Hildar (Mibbit@moz-7F4621B6.cable.virginm.net) (Quit: http://www.mibbit.com ajax IRC Client)
[23:58:41] *** Quits: brson (brson@moz-BBE3ABD.mv.mozilla.com) (Ping timeout)
