[00:56:14] *** Quits: dbaupp (Thunderbir@moz-B3C9E9E8.lns20.syd6.internode.on.net) (Ping timeout)
[00:59:15] *** Joins: dbaupp (Thunderbir@moz-B3C9E9E8.lns20.syd6.internode.on.net)
[01:58:42] *** Quits: dbaupp (Thunderbir@moz-B3C9E9E8.lns20.syd6.internode.on.net) (Ping timeout)
[02:02:39] *** Joins: dbaupp (Thunderbir@moz-7FBF750E.lns20.syd6.internode.on.net)
[05:38:35] *** Quits: dbaupp (Thunderbir@moz-7FBF750E.lns20.syd6.internode.on.net) (Ping timeout)
[05:42:41] *** Joins: dbaupp (Thunderbir@moz-8F906C32.lns20.syd6.internode.on.net)
[05:45:19] *** Quits: dbaupp (Thunderbir@moz-8F906C32.lns20.syd6.internode.on.net) (Ping timeout)
[05:45:21] *** Joins: dbaupp (Thunderbir@moz-89FD7F5F.lns20.syd6.internode.on.net)
[05:47:08] *** Quits: dbaupp (Thunderbir@moz-89FD7F5F.lns20.syd6.internode.on.net) (Ping timeout)
[05:47:50] *** Joins: dbaupp (Thunderbir@moz-96FDCF0F.lns20.syd6.internode.on.net)
[07:11:09] *** Quits: dbaupp (Thunderbir@moz-96FDCF0F.lns20.syd6.internode.on.net) (Ping timeout)
[07:14:41] *** Joins: dbaupp (Thunderbir@moz-4D38AB0E.lns20.syd6.internode.on.net)
[07:33:28] *** Quits: dbaupp (Thunderbir@moz-4D38AB0E.lns20.syd6.internode.on.net) (Ping timeout)
[07:37:23] *** Joins: dbaupp (Thunderbir@moz-EA596755.lns20.syd6.internode.on.net)
[15:37:40] *** Joins: doomlord_ (servitor@moz-4625DF14.range86-184.btcentralplus.com)
[15:39:17] *** Quits: Kxepal (Miranda@moz-B0668C07.pppoe.mtu-net.ru) (Ping timeout)
[15:42:23] *** Joins: Kxepal (Miranda@moz-4C240DE4.pppoe.mtu-net.ru)
[15:48:18] *** Quits: Kxepal (Miranda@moz-4C240DE4.pppoe.mtu-net.ru) (Quit: Kxepal)
[15:48:51] *** Joins: Kxepal (Miranda@moz-4C240DE4.pppoe.mtu-net.ru)
[22:44:11] *** Quits: dbaupp (Thunderbir@moz-EA596755.lns20.syd6.internode.on.net) (Ping timeout)
[22:48:11] *** Joins: dbaupp (Thunderbir@moz-EA596755.lns20.syd6.internode.on.net)
